[2024-09-21T08:08:05.893+0000] {local_task_job_runner.py:123} INFO - ::group::Pre task execution logs
[2024-09-21T08:08:05.918+0000] {taskinstance.py:2612} INFO - Dependencies all met for dep_context=non-requeueable deps ti=<TaskInstance: prediction_dag.make_predictions scheduled__2024-09-21T08:06:00+00:00 [queued]>
[2024-09-21T08:08:05.933+0000] {taskinstance.py:2612} INFO - Dependencies all met for dep_context=requeueable deps ti=<TaskInstance: prediction_dag.make_predictions scheduled__2024-09-21T08:06:00+00:00 [queued]>
[2024-09-21T08:08:05.934+0000] {taskinstance.py:2865} INFO - Starting attempt 1 of 1
[2024-09-21T08:08:05.954+0000] {taskinstance.py:2888} INFO - Executing <Task(PythonOperator): make_predictions> on 2024-09-21 08:06:00+00:00
[2024-09-21T08:08:05.966+0000] {warnings.py:112} WARNING - /home/***/.local/lib/python3.12/site-packages/***/task/task_runner/standard_task_runner.py:70: DeprecationWarning: This process (pid=222) is multi-threaded, use of fork() may lead to deadlocks in the child.
  pid = os.fork()

[2024-09-21T08:08:05.968+0000] {standard_task_runner.py:72} INFO - Started process 224 to run task
[2024-09-21T08:08:05.968+0000] {standard_task_runner.py:104} INFO - Running: ['***', 'tasks', 'run', 'prediction_dag', 'make_predictions', 'scheduled__2024-09-21T08:06:00+00:00', '--job-id', '127', '--raw', '--subdir', 'DAGS_FOLDER/make_prediction.py', '--cfg-path', '/tmp/tmpmr_iw442']
[2024-09-21T08:08:05.970+0000] {standard_task_runner.py:105} INFO - Job 127: Subtask make_predictions
[2024-09-21T08:08:06.049+0000] {task_command.py:467} INFO - Running <TaskInstance: prediction_dag.make_predictions scheduled__2024-09-21T08:06:00+00:00 [running]> on host f1690ee498f7
[2024-09-21T08:08:06.192+0000] {taskinstance.py:3131} INFO - Exporting env vars: AIRFLOW_CTX_DAG_OWNER='***' AIRFLOW_CTX_DAG_ID='prediction_dag' AIRFLOW_CTX_TASK_ID='make_predictions' AIRFLOW_CTX_EXECUTION_DATE='2024-09-21T08:06:00+00:00' AIRFLOW_CTX_TRY_NUMBER='1' AIRFLOW_CTX_DAG_RUN_ID='scheduled__2024-09-21T08:06:00+00:00'
[2024-09-21T08:08:06.194+0000] {logging_mixin.py:190} INFO - Task instance is in running state
[2024-09-21T08:08:06.195+0000] {logging_mixin.py:190} INFO -  Previous state of the Task instance: queued
[2024-09-21T08:08:06.196+0000] {logging_mixin.py:190} INFO - Current task name:make_predictions state:running start_date:2024-09-21 08:08:05.919528+00:00
[2024-09-21T08:08:06.197+0000] {logging_mixin.py:190} INFO - Dag name:prediction_dag and current dag run status:running
[2024-09-21T08:08:06.198+0000] {taskinstance.py:731} INFO - ::endgroup::
[2024-09-21T08:08:06.215+0000] {python.py:240} INFO - Done. Returned value was: None
[2024-09-21T08:08:06.228+0000] {taskinstance.py:340} INFO - ::group::Post task execution logs
[2024-09-21T08:08:06.229+0000] {taskinstance.py:352} INFO - Marking task as SUCCESS. dag_id=prediction_dag, task_id=make_predictions, run_id=scheduled__2024-09-21T08:06:00+00:00, execution_date=20240921T080600, start_date=20240921T080805, end_date=20240921T080806
[2024-09-21T08:08:06.243+0000] {logging_mixin.py:190} INFO - Task instance in success state
[2024-09-21T08:08:06.244+0000] {logging_mixin.py:190} INFO -  Previous state of the Task instance: running
[2024-09-21T08:08:06.245+0000] {logging_mixin.py:190} INFO - Dag name:prediction_dag queued_at:2024-09-21 08:08:00.339015+00:00
[2024-09-21T08:08:06.246+0000] {logging_mixin.py:190} INFO - Task hostname:f1690ee498f7 operator:PythonOperator
[2024-09-21T08:08:06.266+0000] {local_task_job_runner.py:266} INFO - Task exited with return code 0
[2024-09-21T08:08:06.293+0000] {taskinstance.py:3900} INFO - 0 downstream tasks scheduled from follow-on schedule check
[2024-09-21T08:08:06.297+0000] {local_task_job_runner.py:245} INFO - ::endgroup::
