[2024-09-21T08:18:03.778+0000] {local_task_job_runner.py:123} INFO - ::group::Pre task execution logs
[2024-09-21T08:18:03.802+0000] {taskinstance.py:2612} INFO - Dependencies all met for dep_context=non-requeueable deps ti=<TaskInstance: prediction_dag.check_for_new_data scheduled__2024-09-21T08:16:00+00:00 [queued]>
[2024-09-21T08:18:03.815+0000] {taskinstance.py:2612} INFO - Dependencies all met for dep_context=requeueable deps ti=<TaskInstance: prediction_dag.check_for_new_data scheduled__2024-09-21T08:16:00+00:00 [queued]>
[2024-09-21T08:18:03.817+0000] {taskinstance.py:2865} INFO - Starting attempt 1 of 1
[2024-09-21T08:18:03.841+0000] {taskinstance.py:2888} INFO - Executing <Task(PythonOperator): check_for_new_data> on 2024-09-21 08:16:00+00:00
[2024-09-21T08:18:03.853+0000] {warnings.py:112} WARNING - /home/***/.local/lib/python3.12/site-packages/***/task/task_runner/standard_task_runner.py:70: DeprecationWarning: This process (pid=402) is multi-threaded, use of fork() may lead to deadlocks in the child.
  pid = os.fork()

[2024-09-21T08:18:03.855+0000] {standard_task_runner.py:72} INFO - Started process 404 to run task
[2024-09-21T08:18:03.855+0000] {standard_task_runner.py:104} INFO - Running: ['***', 'tasks', 'run', 'prediction_dag', 'check_for_new_data', 'scheduled__2024-09-21T08:16:00+00:00', '--job-id', '144', '--raw', '--subdir', 'DAGS_FOLDER/make_prediction.py', '--cfg-path', '/tmp/tmpk018mho5']
[2024-09-21T08:18:03.857+0000] {standard_task_runner.py:105} INFO - Job 144: Subtask check_for_new_data
[2024-09-21T08:18:03.926+0000] {task_command.py:467} INFO - Running <TaskInstance: prediction_dag.check_for_new_data scheduled__2024-09-21T08:16:00+00:00 [running]> on host f1690ee498f7
[2024-09-21T08:18:04.044+0000] {taskinstance.py:3131} INFO - Exporting env vars: AIRFLOW_CTX_DAG_OWNER='***' AIRFLOW_CTX_DAG_ID='prediction_dag' AIRFLOW_CTX_TASK_ID='check_for_new_data' AIRFLOW_CTX_EXECUTION_DATE='2024-09-21T08:16:00+00:00' AIRFLOW_CTX_TRY_NUMBER='1' AIRFLOW_CTX_DAG_RUN_ID='scheduled__2024-09-21T08:16:00+00:00'
[2024-09-21T08:18:04.046+0000] {logging_mixin.py:190} INFO - Task instance is in running state
[2024-09-21T08:18:04.047+0000] {logging_mixin.py:190} INFO -  Previous state of the Task instance: queued
[2024-09-21T08:18:04.048+0000] {logging_mixin.py:190} INFO - Current task name:check_for_new_data state:running start_date:2024-09-21 08:18:03.803508+00:00
[2024-09-21T08:18:04.048+0000] {logging_mixin.py:190} INFO - Dag name:prediction_dag and current dag run status:running
[2024-09-21T08:18:04.049+0000] {taskinstance.py:731} INFO - ::endgroup::
[2024-09-21T08:18:04.063+0000] {python.py:240} INFO - Done. Returned value was: []
[2024-09-21T08:18:04.096+0000] {taskinstance.py:340} INFO - ::group::Post task execution logs
[2024-09-21T08:18:04.098+0000] {taskinstance.py:352} INFO - Marking task as SUCCESS. dag_id=prediction_dag, task_id=check_for_new_data, run_id=scheduled__2024-09-21T08:16:00+00:00, execution_date=20240921T081600, start_date=20240921T081803, end_date=20240921T081804
[2024-09-21T08:18:04.113+0000] {logging_mixin.py:190} INFO - Task instance in success state
[2024-09-21T08:18:04.114+0000] {logging_mixin.py:190} INFO -  Previous state of the Task instance: running
[2024-09-21T08:18:04.115+0000] {logging_mixin.py:190} INFO - Dag name:prediction_dag queued_at:2024-09-21 08:18:00.653133+00:00
[2024-09-21T08:18:04.116+0000] {logging_mixin.py:190} INFO - Task hostname:f1690ee498f7 operator:PythonOperator
[2024-09-21T08:18:04.153+0000] {local_task_job_runner.py:266} INFO - Task exited with return code 0
[2024-09-21T08:18:04.186+0000] {taskinstance.py:3900} INFO - 1 downstream tasks scheduled from follow-on schedule check
[2024-09-21T08:18:04.189+0000] {local_task_job_runner.py:245} INFO - ::endgroup::
