[2024-09-20T23:16:01.022+0000] {local_task_job_runner.py:123} INFO - ::group::Pre task execution logs
[2024-09-20T23:16:01.083+0000] {taskinstance.py:2612} INFO - Dependencies all met for dep_context=non-requeueable deps ti=<TaskInstance: Read_data_and_move_data.Move_data_to_processed_folder manual__2024-09-20T23:15:50.918707+00:00 [queued]>
[2024-09-20T23:16:01.102+0000] {taskinstance.py:2612} INFO - Dependencies all met for dep_context=requeueable deps ti=<TaskInstance: Read_data_and_move_data.Move_data_to_processed_folder manual__2024-09-20T23:15:50.918707+00:00 [queued]>
[2024-09-20T23:16:01.103+0000] {taskinstance.py:2865} INFO - Starting attempt 1 of 1
[2024-09-20T23:16:01.135+0000] {taskinstance.py:2888} INFO - Executing <Task(PythonOperator): Move_data_to_processed_folder> on 2024-09-20 23:15:50.918707+00:00
[2024-09-20T23:16:01.154+0000] {warnings.py:112} WARNING - /home/***/.local/lib/python3.12/site-packages/***/task/task_runner/standard_task_runner.py:70: DeprecationWarning: This process (pid=79) is multi-threaded, use of fork() may lead to deadlocks in the child.
  pid = os.fork()

[2024-09-20T23:16:01.155+0000] {standard_task_runner.py:104} INFO - Running: ['***', 'tasks', 'run', 'Read_data_and_move_data', 'Move_data_to_processed_folder', 'manual__2024-09-20T23:15:50.918707+00:00', '--job-id', '98', '--raw', '--subdir', 'DAGS_FOLDER/data_ingestion.py', '--cfg-path', '/tmp/tmphwhy27df']
[2024-09-20T23:16:01.158+0000] {standard_task_runner.py:72} INFO - Started process 87 to run task
[2024-09-20T23:16:01.160+0000] {standard_task_runner.py:105} INFO - Job 98: Subtask Move_data_to_processed_folder
[2024-09-20T23:16:01.251+0000] {task_command.py:467} INFO - Running <TaskInstance: Read_data_and_move_data.Move_data_to_processed_folder manual__2024-09-20T23:15:50.918707+00:00 [running]> on host d7fc165549cc
[2024-09-20T23:16:01.432+0000] {taskinstance.py:3131} INFO - Exporting env vars: AIRFLOW_CTX_DAG_OWNER='***' AIRFLOW_CTX_DAG_ID='Read_data_and_move_data' AIRFLOW_CTX_TASK_ID='Move_data_to_processed_folder' AIRFLOW_CTX_EXECUTION_DATE='2024-09-20T23:15:50.918707+00:00' AIRFLOW_CTX_TRY_NUMBER='1' AIRFLOW_CTX_DAG_RUN_ID='manual__2024-09-20T23:15:50.918707+00:00'
[2024-09-20T23:16:01.436+0000] {logging_mixin.py:190} INFO - Task instance is in running state
[2024-09-20T23:16:01.437+0000] {logging_mixin.py:190} INFO -  Previous state of the Task instance: queued
[2024-09-20T23:16:01.438+0000] {logging_mixin.py:190} INFO - Current task name:Move_data_to_processed_folder state:running start_date:2024-09-20 23:16:01.085293+00:00
[2024-09-20T23:16:01.439+0000] {logging_mixin.py:190} INFO - Dag name:Read_data_and_move_data and current dag run status:running
[2024-09-20T23:16:01.440+0000] {taskinstance.py:731} INFO - ::endgroup::
[2024-09-20T23:16:01.520+0000] {python.py:240} INFO - Done. Returned value was: None
[2024-09-20T23:16:01.540+0000] {taskinstance.py:340} INFO - ::group::Post task execution logs
[2024-09-20T23:16:01.541+0000] {taskinstance.py:352} INFO - Marking task as SUCCESS. dag_id=Read_data_and_move_data, task_id=Move_data_to_processed_folder, run_id=manual__2024-09-20T23:15:50.918707+00:00, execution_date=20240920T231550, start_date=20240920T231601, end_date=20240920T231601
[2024-09-20T23:16:01.560+0000] {logging_mixin.py:190} INFO - Task instance in success state
[2024-09-20T23:16:01.561+0000] {logging_mixin.py:190} INFO -  Previous state of the Task instance: running
[2024-09-20T23:16:01.562+0000] {logging_mixin.py:190} INFO - Dag name:Read_data_and_move_data queued_at:2024-09-20 23:15:50.984472+00:00
[2024-09-20T23:16:01.563+0000] {logging_mixin.py:190} INFO - Task hostname:d7fc165549cc operator:PythonOperator
[2024-09-20T23:16:01.598+0000] {local_task_job_runner.py:266} INFO - Task exited with return code 0
[2024-09-20T23:16:01.628+0000] {taskinstance.py:3900} INFO - 0 downstream tasks scheduled from follow-on schedule check
[2024-09-20T23:16:01.630+0000] {local_task_job_runner.py:245} INFO - ::endgroup::
