[2024-09-20T22:13:00.582+0000] {local_task_job_runner.py:123} INFO - ::group::Pre task execution logs
[2024-09-20T22:13:00.617+0000] {taskinstance.py:2612} INFO - Dependencies all met for dep_context=non-requeueable deps ti=<TaskInstance: Read_data_and_move_data.Move_data_to_processed_folder scheduled__2024-09-20T22:00:00+00:00 [queued]>
[2024-09-20T22:13:00.630+0000] {taskinstance.py:2612} INFO - Dependencies all met for dep_context=requeueable deps ti=<TaskInstance: Read_data_and_move_data.Move_data_to_processed_folder scheduled__2024-09-20T22:00:00+00:00 [queued]>
[2024-09-20T22:13:00.632+0000] {taskinstance.py:2865} INFO - Starting attempt 1 of 1
[2024-09-20T22:13:00.654+0000] {taskinstance.py:2888} INFO - Executing <Task(PythonOperator): Move_data_to_processed_folder> on 2024-09-20 22:00:00+00:00
[2024-09-20T22:13:00.670+0000] {warnings.py:112} WARNING - /home/***/.local/lib/python3.12/site-packages/***/task/task_runner/standard_task_runner.py:70: DeprecationWarning: This process (pid=64) is multi-threaded, use of fork() may lead to deadlocks in the child.
  pid = os.fork()

[2024-09-20T22:13:00.672+0000] {standard_task_runner.py:72} INFO - Started process 68 to run task
[2024-09-20T22:13:00.675+0000] {standard_task_runner.py:104} INFO - Running: ['***', 'tasks', 'run', 'Read_data_and_move_data', 'Move_data_to_processed_folder', 'scheduled__2024-09-20T22:00:00+00:00', '--job-id', '54', '--raw', '--subdir', 'DAGS_FOLDER/data_ingestion.py', '--cfg-path', '/tmp/tmpit9c6r2m']
[2024-09-20T22:13:00.677+0000] {standard_task_runner.py:105} INFO - Job 54: Subtask Move_data_to_processed_folder
[2024-09-20T22:13:00.789+0000] {task_command.py:467} INFO - Running <TaskInstance: Read_data_and_move_data.Move_data_to_processed_folder scheduled__2024-09-20T22:00:00+00:00 [running]> on host 34d62e1e9714
[2024-09-20T22:13:00.985+0000] {taskinstance.py:3131} INFO - Exporting env vars: AIRFLOW_CTX_DAG_OWNER='***' AIRFLOW_CTX_DAG_ID='Read_data_and_move_data' AIRFLOW_CTX_TASK_ID='Move_data_to_processed_folder' AIRFLOW_CTX_EXECUTION_DATE='2024-09-20T22:00:00+00:00' AIRFLOW_CTX_TRY_NUMBER='1' AIRFLOW_CTX_DAG_RUN_ID='scheduled__2024-09-20T22:00:00+00:00'
[2024-09-20T22:13:00.998+0000] {logging_mixin.py:190} INFO - Task instance is in running state
[2024-09-20T22:13:01.000+0000] {logging_mixin.py:190} INFO -  Previous state of the Task instance: queued
[2024-09-20T22:13:01.003+0000] {logging_mixin.py:190} INFO - Current task name:Move_data_to_processed_folder state:running start_date:2024-09-20 22:13:00.618480+00:00
[2024-09-20T22:13:01.004+0000] {logging_mixin.py:190} INFO - Dag name:Read_data_and_move_data and current dag run status:running
[2024-09-20T22:13:01.005+0000] {taskinstance.py:731} INFO - ::endgroup::
[2024-09-20T22:13:01.100+0000] {python.py:240} INFO - Done. Returned value was: None
[2024-09-20T22:13:01.112+0000] {taskinstance.py:340} INFO - ::group::Post task execution logs
[2024-09-20T22:13:01.113+0000] {taskinstance.py:352} INFO - Marking task as SUCCESS. dag_id=Read_data_and_move_data, task_id=Move_data_to_processed_folder, run_id=scheduled__2024-09-20T22:00:00+00:00, execution_date=20240920T220000, start_date=20240920T221300, end_date=20240920T221301
[2024-09-20T22:13:01.135+0000] {logging_mixin.py:190} INFO - Task instance in success state
[2024-09-20T22:13:01.136+0000] {logging_mixin.py:190} INFO -  Previous state of the Task instance: running
[2024-09-20T22:13:01.137+0000] {logging_mixin.py:190} INFO - Dag name:Read_data_and_move_data queued_at:2024-09-20 22:12:34.668709+00:00
[2024-09-20T22:13:01.138+0000] {logging_mixin.py:190} INFO - Task hostname:34d62e1e9714 operator:PythonOperator
[2024-09-20T22:13:01.176+0000] {local_task_job_runner.py:266} INFO - Task exited with return code 0
[2024-09-20T22:13:01.196+0000] {taskinstance.py:3900} INFO - 0 downstream tasks scheduled from follow-on schedule check
[2024-09-20T22:13:01.202+0000] {local_task_job_runner.py:245} INFO - ::endgroup::
