[2024-11-06T14:02:06.119+0000] {local_task_job_runner.py:123} INFO - ::group::Pre task execution logs
[2024-11-06T14:02:06.146+0000] {taskinstance.py:2612} INFO - Dependencies all met for dep_context=non-requeueable deps ti=<TaskInstance: prediction_dag.make_predictions scheduled__2024-11-06T14:00:00+00:00 [queued]>
[2024-11-06T14:02:06.161+0000] {taskinstance.py:2612} INFO - Dependencies all met for dep_context=requeueable deps ti=<TaskInstance: prediction_dag.make_predictions scheduled__2024-11-06T14:00:00+00:00 [queued]>
[2024-11-06T14:02:06.163+0000] {taskinstance.py:2865} INFO - Starting attempt 1 of 1
[2024-11-06T14:02:06.184+0000] {taskinstance.py:2888} INFO - Executing <Task(PythonOperator): make_predictions> on 2024-11-06 14:00:00+00:00
[2024-11-06T14:02:06.197+0000] {warnings.py:112} WARNING - /home/***/.local/lib/python3.12/site-packages/***/task/task_runner/standard_task_runner.py:70: DeprecationWarning: This process (pid=297) is multi-threaded, use of fork() may lead to deadlocks in the child.
  pid = os.fork()

[2024-11-06T14:02:06.199+0000] {standard_task_runner.py:104} INFO - Running: ['***', 'tasks', 'run', 'prediction_dag', 'make_predictions', 'scheduled__2024-11-06T14:00:00+00:00', '--job-id', '181', '--raw', '--subdir', 'DAGS_FOLDER/make_prediction.py', '--cfg-path', '/tmp/tmpnkuudff4']
[2024-11-06T14:02:06.200+0000] {standard_task_runner.py:72} INFO - Started process 299 to run task
[2024-11-06T14:02:06.201+0000] {standard_task_runner.py:105} INFO - Job 181: Subtask make_predictions
[2024-11-06T14:02:06.270+0000] {task_command.py:467} INFO - Running <TaskInstance: prediction_dag.make_predictions scheduled__2024-11-06T14:00:00+00:00 [running]> on host c8efb893adcf
[2024-11-06T14:02:06.396+0000] {taskinstance.py:3131} INFO - Exporting env vars: AIRFLOW_CTX_DAG_OWNER='***' AIRFLOW_CTX_DAG_ID='prediction_dag' AIRFLOW_CTX_TASK_ID='make_predictions' AIRFLOW_CTX_EXECUTION_DATE='2024-11-06T14:00:00+00:00' AIRFLOW_CTX_TRY_NUMBER='1' AIRFLOW_CTX_DAG_RUN_ID='scheduled__2024-11-06T14:00:00+00:00'
[2024-11-06T14:02:06.398+0000] {logging_mixin.py:190} INFO - Task instance is in running state
[2024-11-06T14:02:06.399+0000] {logging_mixin.py:190} INFO -  Previous state of the Task instance: queued
[2024-11-06T14:02:06.400+0000] {logging_mixin.py:190} INFO - Current task name:make_predictions state:running start_date:2024-11-06 14:02:06.147599+00:00
[2024-11-06T14:02:06.401+0000] {logging_mixin.py:190} INFO - Dag name:prediction_dag and current dag run status:running
[2024-11-06T14:02:06.402+0000] {taskinstance.py:731} INFO - ::endgroup::
[2024-11-06T14:02:06.417+0000] {python.py:240} INFO - Done. Returned value was: None
[2024-11-06T14:02:06.432+0000] {taskinstance.py:340} INFO - ::group::Post task execution logs
[2024-11-06T14:02:06.434+0000] {taskinstance.py:352} INFO - Marking task as SUCCESS. dag_id=prediction_dag, task_id=make_predictions, run_id=scheduled__2024-11-06T14:00:00+00:00, execution_date=20241106T140000, start_date=20241106T140206, end_date=20241106T140206
[2024-11-06T14:02:06.450+0000] {logging_mixin.py:190} INFO - Task instance in success state
[2024-11-06T14:02:06.451+0000] {logging_mixin.py:190} INFO -  Previous state of the Task instance: running
[2024-11-06T14:02:06.452+0000] {logging_mixin.py:190} INFO - Dag name:prediction_dag queued_at:2024-11-06 14:02:00.427828+00:00
[2024-11-06T14:02:06.453+0000] {logging_mixin.py:190} INFO - Task hostname:c8efb893adcf operator:PythonOperator
[2024-11-06T14:02:06.498+0000] {local_task_job_runner.py:266} INFO - Task exited with return code 0
[2024-11-06T14:02:06.522+0000] {taskinstance.py:3900} INFO - 0 downstream tasks scheduled from follow-on schedule check
[2024-11-06T14:02:06.526+0000] {local_task_job_runner.py:245} INFO - ::endgroup::
