[2024-09-18T13:20:03.545+0000] {local_task_job_runner.py:123} INFO - ::group::Pre task execution logs
[2024-09-18T13:20:03.576+0000] {taskinstance.py:2612} INFO - Dependencies all met for dep_context=non-requeueable deps ti=<TaskInstance: Read_data_and_move_data.Read_dataset_files scheduled__2024-09-18T13:10:00+00:00 [queued]>
[2024-09-18T13:20:03.589+0000] {taskinstance.py:2612} INFO - Dependencies all met for dep_context=requeueable deps ti=<TaskInstance: Read_data_and_move_data.Read_dataset_files scheduled__2024-09-18T13:10:00+00:00 [queued]>
[2024-09-18T13:20:03.591+0000] {taskinstance.py:2865} INFO - Starting attempt 1 of 1
[2024-09-18T13:20:03.609+0000] {taskinstance.py:2888} INFO - Executing <Task(PythonOperator): Read_dataset_files> on 2024-09-18 13:10:00+00:00
[2024-09-18T13:20:03.620+0000] {warnings.py:112} WARNING - /home/***/.local/lib/python3.12/site-packages/***/task/task_runner/standard_task_runner.py:70: DeprecationWarning: This process (pid=88) is multi-threaded, use of fork() may lead to deadlocks in the child.
  pid = os.fork()

[2024-09-18T13:20:03.622+0000] {standard_task_runner.py:72} INFO - Started process 90 to run task
[2024-09-18T13:20:03.622+0000] {standard_task_runner.py:104} INFO - Running: ['***', 'tasks', 'run', 'Read_data_and_move_data', 'Read_dataset_files', 'scheduled__2024-09-18T13:10:00+00:00', '--job-id', '7', '--raw', '--subdir', 'DAGS_FOLDER/data_ingestion.py', '--cfg-path', '/tmp/tmp5pv2hgsn']
[2024-09-18T13:20:03.624+0000] {standard_task_runner.py:105} INFO - Job 7: Subtask Read_dataset_files
[2024-09-18T13:20:03.701+0000] {task_command.py:467} INFO - Running <TaskInstance: Read_data_and_move_data.Read_dataset_files scheduled__2024-09-18T13:10:00+00:00 [running]> on host 9f2c0476a7cb
[2024-09-18T13:20:03.819+0000] {taskinstance.py:3131} INFO - Exporting env vars: AIRFLOW_CTX_DAG_OWNER='***' AIRFLOW_CTX_DAG_ID='Read_data_and_move_data' AIRFLOW_CTX_TASK_ID='Read_dataset_files' AIRFLOW_CTX_EXECUTION_DATE='2024-09-18T13:10:00+00:00' AIRFLOW_CTX_TRY_NUMBER='1' AIRFLOW_CTX_DAG_RUN_ID='scheduled__2024-09-18T13:10:00+00:00'
[2024-09-18T13:20:03.821+0000] {logging_mixin.py:190} INFO - Task instance is in running state
[2024-09-18T13:20:03.822+0000] {logging_mixin.py:190} INFO -  Previous state of the Task instance: queued
[2024-09-18T13:20:03.823+0000] {logging_mixin.py:190} INFO - Current task name:Read_dataset_files state:running start_date:2024-09-18 13:20:03.577158+00:00
[2024-09-18T13:20:03.824+0000] {logging_mixin.py:190} INFO - Dag name:Read_data_and_move_data and current dag run status:running
[2024-09-18T13:20:03.824+0000] {taskinstance.py:731} INFO - ::endgroup::
[2024-09-18T13:20:03.885+0000] {python.py:240} INFO - Done. Returned value was:     Age Sex ChestPainType  ...  Oldpeak  ST_Slope  HeartDisease
0    39   M           ASY  ...      0.0        Up             0
1    52   F           ATA  ...      0.0        Up             0
2    48   M           ASY  ...      1.5      Flat             1
3    39   F           NAP  ...      0.0        Up             0
4    58   M           ASY  ...      2.0      Flat             1
..  ...  ..           ...  ...      ...       ...           ...
86   59   M           ATA  ...      0.0        Up             0
87   37   M           NAP  ...      0.0        Up             0
88   46   F           ASY  ...      0.0        Up             0
89   52   M           ASY  ...      2.0      Flat             1
90   51   M           ATA  ...      0.0        Up             0

[91 rows x 12 columns]
[2024-09-18T13:20:04.041+0000] {taskinstance.py:340} INFO - ::group::Post task execution logs
[2024-09-18T13:20:04.043+0000] {taskinstance.py:352} INFO - Marking task as SUCCESS. dag_id=Read_data_and_move_data, task_id=Read_dataset_files, run_id=scheduled__2024-09-18T13:10:00+00:00, execution_date=20240918T131000, start_date=20240918T132003, end_date=20240918T132004
[2024-09-18T13:20:04.058+0000] {logging_mixin.py:190} INFO - Task instance in success state
[2024-09-18T13:20:04.059+0000] {logging_mixin.py:190} INFO -  Previous state of the Task instance: running
[2024-09-18T13:20:04.060+0000] {logging_mixin.py:190} INFO - Dag name:Read_data_and_move_data queued_at:2024-09-18 13:20:00.135785+00:00
[2024-09-18T13:20:04.061+0000] {logging_mixin.py:190} INFO - Task hostname:9f2c0476a7cb operator:PythonOperator
[2024-09-18T13:20:04.082+0000] {local_task_job_runner.py:266} INFO - Task exited with return code 0
[2024-09-18T13:20:04.111+0000] {taskinstance.py:3900} INFO - 1 downstream tasks scheduled from follow-on schedule check
[2024-09-18T13:20:04.115+0000] {local_task_job_runner.py:245} INFO - ::endgroup::
