[2024-09-20T11:40:35.388+0000] {local_task_job_runner.py:123} INFO - ::group::Pre task execution logs
[2024-09-20T11:40:35.408+0000] {taskinstance.py:2612} INFO - Dependencies all met for dep_context=non-requeueable deps ti=<TaskInstance: Read_data_and_move_data.Read_dataset_files scheduled__2024-09-20T11:30:00+00:00 [queued]>
[2024-09-20T11:40:35.420+0000] {taskinstance.py:2612} INFO - Dependencies all met for dep_context=requeueable deps ti=<TaskInstance: Read_data_and_move_data.Read_dataset_files scheduled__2024-09-20T11:30:00+00:00 [queued]>
[2024-09-20T11:40:35.421+0000] {taskinstance.py:2865} INFO - Starting attempt 1 of 1
[2024-09-20T11:40:35.452+0000] {taskinstance.py:2888} INFO - Executing <Task(PythonOperator): Read_dataset_files> on 2024-09-20 11:30:00+00:00
[2024-09-20T11:40:35.462+0000] {warnings.py:112} WARNING - /home/***/.local/lib/python3.12/site-packages/***/task/task_runner/standard_task_runner.py:70: DeprecationWarning: This process (pid=52) is multi-threaded, use of fork() may lead to deadlocks in the child.
  pid = os.fork()

[2024-09-20T11:40:35.466+0000] {standard_task_runner.py:72} INFO - Started process 57 to run task
[2024-09-20T11:40:35.476+0000] {standard_task_runner.py:104} INFO - Running: ['***', 'tasks', 'run', 'Read_data_and_move_data', 'Read_dataset_files', 'scheduled__2024-09-20T11:30:00+00:00', '--job-id', '11', '--raw', '--subdir', 'DAGS_FOLDER/data_ingestion.py', '--cfg-path', '/tmp/tmp814zmqf5']
[2024-09-20T11:40:35.478+0000] {standard_task_runner.py:105} INFO - Job 11: Subtask Read_dataset_files
[2024-09-20T11:40:35.595+0000] {task_command.py:467} INFO - Running <TaskInstance: Read_data_and_move_data.Read_dataset_files scheduled__2024-09-20T11:30:00+00:00 [running]> on host 5682e36f1676
[2024-09-20T11:40:35.744+0000] {taskinstance.py:3131} INFO - Exporting env vars: AIRFLOW_CTX_DAG_OWNER='***' AIRFLOW_CTX_DAG_ID='Read_data_and_move_data' AIRFLOW_CTX_TASK_ID='Read_dataset_files' AIRFLOW_CTX_EXECUTION_DATE='2024-09-20T11:30:00+00:00' AIRFLOW_CTX_TRY_NUMBER='1' AIRFLOW_CTX_DAG_RUN_ID='scheduled__2024-09-20T11:30:00+00:00'
[2024-09-20T11:40:35.746+0000] {logging_mixin.py:190} INFO - Task instance is in running state
[2024-09-20T11:40:35.747+0000] {logging_mixin.py:190} INFO -  Previous state of the Task instance: queued
[2024-09-20T11:40:35.748+0000] {logging_mixin.py:190} INFO - Current task name:Read_dataset_files state:running start_date:2024-09-20 11:40:35.410208+00:00
[2024-09-20T11:40:35.748+0000] {logging_mixin.py:190} INFO - Dag name:Read_data_and_move_data and current dag run status:running
[2024-09-20T11:40:35.749+0000] {taskinstance.py:731} INFO - ::endgroup::
[2024-09-20T11:40:35.822+0000] {python.py:240} INFO - Done. Returned value was:     Age Sex ChestPainType  ...  Oldpeak  ST_Slope  HeartDisease
0    59   M           ASY  ...      1.5        Up             0
1    61   M           NAP  ...      0.0      Flat             1
2    40   M           ASY  ...      0.0      Flat             1
3    61   M           ASY  ...      1.5      Flat             1
4    41   M           ASY  ...      0.0        Up             0
..  ...  ..           ...  ...      ...       ...           ...
86   76   M           NAP  ...      3.5      Down             1
87   54   F           ASY  ...      1.5      Flat             1
88   70   M           ASY  ...      3.0      Down             1
89   61   F           ATA  ...      0.0        Up             0
90   48   M           ASY  ...      0.2        Up             0

[91 rows x 12 columns]
[2024-09-20T11:40:36.143+0000] {taskinstance.py:340} INFO - ::group::Post task execution logs
[2024-09-20T11:40:36.144+0000] {taskinstance.py:352} INFO - Marking task as SUCCESS. dag_id=Read_data_and_move_data, task_id=Read_dataset_files, run_id=scheduled__2024-09-20T11:30:00+00:00, execution_date=20240920T113000, start_date=20240920T114035, end_date=20240920T114036
[2024-09-20T11:40:36.158+0000] {logging_mixin.py:190} INFO - Task instance in success state
[2024-09-20T11:40:36.159+0000] {logging_mixin.py:190} INFO -  Previous state of the Task instance: running
[2024-09-20T11:40:36.160+0000] {logging_mixin.py:190} INFO - Dag name:Read_data_and_move_data queued_at:2024-09-20 11:40:14.808313+00:00
[2024-09-20T11:40:36.161+0000] {logging_mixin.py:190} INFO - Task hostname:5682e36f1676 operator:PythonOperator
[2024-09-20T11:40:36.205+0000] {local_task_job_runner.py:266} INFO - Task exited with return code 0
[2024-09-20T11:40:36.230+0000] {taskinstance.py:3900} INFO - 1 downstream tasks scheduled from follow-on schedule check
[2024-09-20T11:40:36.233+0000] {local_task_job_runner.py:245} INFO - ::endgroup::
