[2024-09-20T22:22:58.716+0000] {local_task_job_runner.py:123} INFO - ::group::Pre task execution logs
[2024-09-20T22:22:58.736+0000] {taskinstance.py:2612} INFO - Dependencies all met for dep_context=non-requeueable deps ti=<TaskInstance: prediction_dag.check_for_new_data scheduled__2024-09-20T22:20:00+00:00 [queued]>
[2024-09-20T22:22:58.745+0000] {taskinstance.py:2612} INFO - Dependencies all met for dep_context=requeueable deps ti=<TaskInstance: prediction_dag.check_for_new_data scheduled__2024-09-20T22:20:00+00:00 [queued]>
[2024-09-20T22:22:58.747+0000] {taskinstance.py:2865} INFO - Starting attempt 1 of 1
[2024-09-20T22:22:58.760+0000] {taskinstance.py:2888} INFO - Executing <Task(PythonOperator): check_for_new_data> on 2024-09-20 22:20:00+00:00
[2024-09-20T22:22:58.770+0000] {warnings.py:112} WARNING - /home/***/.local/lib/python3.12/site-packages/***/task/task_runner/standard_task_runner.py:70: DeprecationWarning: This process (pid=192) is multi-threaded, use of fork() may lead to deadlocks in the child.
  pid = os.fork()

[2024-09-20T22:22:58.771+0000] {standard_task_runner.py:104} INFO - Running: ['***', 'tasks', 'run', 'prediction_dag', 'check_for_new_data', 'scheduled__2024-09-20T22:20:00+00:00', '--job-id', '57', '--raw', '--subdir', 'DAGS_FOLDER/make_prediction.py', '--cfg-path', '/tmp/tmpz6b3q9r_']
[2024-09-20T22:22:58.772+0000] {standard_task_runner.py:72} INFO - Started process 194 to run task
[2024-09-20T22:22:58.773+0000] {standard_task_runner.py:105} INFO - Job 57: Subtask check_for_new_data
[2024-09-20T22:22:58.825+0000] {task_command.py:467} INFO - Running <TaskInstance: prediction_dag.check_for_new_data scheduled__2024-09-20T22:20:00+00:00 [running]> on host 34d62e1e9714
[2024-09-20T22:22:58.912+0000] {taskinstance.py:3131} INFO - Exporting env vars: AIRFLOW_CTX_DAG_OWNER='***' AIRFLOW_CTX_DAG_ID='prediction_dag' AIRFLOW_CTX_TASK_ID='check_for_new_data' AIRFLOW_CTX_EXECUTION_DATE='2024-09-20T22:20:00+00:00' AIRFLOW_CTX_TRY_NUMBER='1' AIRFLOW_CTX_DAG_RUN_ID='scheduled__2024-09-20T22:20:00+00:00'
[2024-09-20T22:22:58.914+0000] {logging_mixin.py:190} INFO - Task instance is in running state
[2024-09-20T22:22:58.914+0000] {logging_mixin.py:190} INFO -  Previous state of the Task instance: queued
[2024-09-20T22:22:58.915+0000] {logging_mixin.py:190} INFO - Current task name:check_for_new_data state:running start_date:2024-09-20 22:22:58.737205+00:00
[2024-09-20T22:22:58.915+0000] {logging_mixin.py:190} INFO - Dag name:prediction_dag and current dag run status:running
[2024-09-20T22:22:58.916+0000] {taskinstance.py:731} INFO - ::endgroup::
[2024-09-20T22:22:58.928+0000] {python.py:240} INFO - Done. Returned value was: []
[2024-09-20T22:22:58.954+0000] {taskinstance.py:340} INFO - ::group::Post task execution logs
[2024-09-20T22:22:58.956+0000] {taskinstance.py:352} INFO - Marking task as SUCCESS. dag_id=prediction_dag, task_id=check_for_new_data, run_id=scheduled__2024-09-20T22:20:00+00:00, execution_date=20240920T222000, start_date=20240920T222258, end_date=20240920T222258
[2024-09-20T22:22:58.967+0000] {logging_mixin.py:190} INFO - Task instance in success state
[2024-09-20T22:22:58.968+0000] {logging_mixin.py:190} INFO -  Previous state of the Task instance: running
[2024-09-20T22:22:58.969+0000] {logging_mixin.py:190} INFO - Dag name:prediction_dag queued_at:2024-09-20 22:22:56.587707+00:00
[2024-09-20T22:22:58.970+0000] {logging_mixin.py:190} INFO - Task hostname:34d62e1e9714 operator:PythonOperator
[2024-09-20T22:22:58.989+0000] {local_task_job_runner.py:266} INFO - Task exited with return code 0
[2024-09-20T22:22:59.013+0000] {taskinstance.py:3900} INFO - 1 downstream tasks scheduled from follow-on schedule check
[2024-09-20T22:22:59.015+0000] {local_task_job_runner.py:245} INFO - ::endgroup::
