[2024-09-20T23:15:55.153+0000] {local_task_job_runner.py:123} INFO - ::group::Pre task execution logs
[2024-09-20T23:15:55.186+0000] {taskinstance.py:2612} INFO - Dependencies all met for dep_context=non-requeueable deps ti=<TaskInstance: Read_data_and_move_data.Read_dataset_files manual__2024-09-20T23:15:50.918707+00:00 [queued]>
[2024-09-20T23:15:55.204+0000] {taskinstance.py:2612} INFO - Dependencies all met for dep_context=requeueable deps ti=<TaskInstance: Read_data_and_move_data.Read_dataset_files manual__2024-09-20T23:15:50.918707+00:00 [queued]>
[2024-09-20T23:15:55.207+0000] {taskinstance.py:2865} INFO - Starting attempt 1 of 1
[2024-09-20T23:15:55.275+0000] {taskinstance.py:2888} INFO - Executing <Task(PythonOperator): Read_dataset_files> on 2024-09-20 23:15:50.918707+00:00
[2024-09-20T23:15:55.293+0000] {warnings.py:112} WARNING - /home/***/.local/lib/python3.12/site-packages/***/task/task_runner/standard_task_runner.py:70: DeprecationWarning: This process (pid=75) is multi-threaded, use of fork() may lead to deadlocks in the child.
  pid = os.fork()

[2024-09-20T23:15:55.295+0000] {standard_task_runner.py:72} INFO - Started process 77 to run task
[2024-09-20T23:15:55.295+0000] {standard_task_runner.py:104} INFO - Running: ['***', 'tasks', 'run', 'Read_data_and_move_data', 'Read_dataset_files', 'manual__2024-09-20T23:15:50.918707+00:00', '--job-id', '97', '--raw', '--subdir', 'DAGS_FOLDER/data_ingestion.py', '--cfg-path', '/tmp/tmp6ua_9cwk']
[2024-09-20T23:15:55.297+0000] {standard_task_runner.py:105} INFO - Job 97: Subtask Read_dataset_files
[2024-09-20T23:15:55.395+0000] {task_command.py:467} INFO - Running <TaskInstance: Read_data_and_move_data.Read_dataset_files manual__2024-09-20T23:15:50.918707+00:00 [running]> on host d7fc165549cc
[2024-09-20T23:15:55.540+0000] {taskinstance.py:3131} INFO - Exporting env vars: AIRFLOW_CTX_DAG_OWNER='***' AIRFLOW_CTX_DAG_ID='Read_data_and_move_data' AIRFLOW_CTX_TASK_ID='Read_dataset_files' AIRFLOW_CTX_EXECUTION_DATE='2024-09-20T23:15:50.918707+00:00' AIRFLOW_CTX_TRY_NUMBER='1' AIRFLOW_CTX_DAG_RUN_ID='manual__2024-09-20T23:15:50.918707+00:00'
[2024-09-20T23:15:55.542+0000] {logging_mixin.py:190} INFO - Task instance is in running state
[2024-09-20T23:15:55.543+0000] {logging_mixin.py:190} INFO -  Previous state of the Task instance: queued
[2024-09-20T23:15:55.544+0000] {logging_mixin.py:190} INFO - Current task name:Read_dataset_files state:running start_date:2024-09-20 23:15:55.188463+00:00
[2024-09-20T23:15:55.545+0000] {logging_mixin.py:190} INFO - Dag name:Read_data_and_move_data and current dag run status:running
[2024-09-20T23:15:55.546+0000] {taskinstance.py:731} INFO - ::endgroup::
[2024-09-20T23:15:55.633+0000] {python.py:240} INFO - Done. Returned value was:     Age Sex ChestPainType  RestingBP  ...  MaxHR  ExerciseAngina Oldpeak  ST_Slope
0    54   F           NAP        135  ...    170               N     0.0        Up
1    42   M           ATA        120  ...    162               N     0.0        Up
2    49   F           ATA        134  ...    162               N     0.0      Flat
3    46   M           ASY        120  ...    144               N     0.8        Up
4    56   F           ASY        200  ...    133               Y     4.0      Down
..  ...  ..           ...        ...  ...    ...             ...     ...       ...
86   77   M           ASY        125  ...    162               Y     0.0        Up
87   68   M           NAP        118  ...    151               N     1.0        Up
88   58   M           ASY        125  ...    171               N     0.0        Up
89   60   M           ASY        125  ...    141               Y     2.8      Flat
90   51   M           ASY        140  ...    173               Y     1.6        Up

[91 rows x 11 columns]
[2024-09-20T23:15:55.868+0000] {taskinstance.py:340} INFO - ::group::Post task execution logs
[2024-09-20T23:15:55.870+0000] {taskinstance.py:352} INFO - Marking task as SUCCESS. dag_id=Read_data_and_move_data, task_id=Read_dataset_files, run_id=manual__2024-09-20T23:15:50.918707+00:00, execution_date=20240920T231550, start_date=20240920T231555, end_date=20240920T231555
[2024-09-20T23:15:55.890+0000] {logging_mixin.py:190} INFO - Task instance in success state
[2024-09-20T23:15:55.891+0000] {logging_mixin.py:190} INFO -  Previous state of the Task instance: running
[2024-09-20T23:15:55.892+0000] {logging_mixin.py:190} INFO - Dag name:Read_data_and_move_data queued_at:2024-09-20 23:15:50.984472+00:00
[2024-09-20T23:15:55.894+0000] {logging_mixin.py:190} INFO - Task hostname:d7fc165549cc operator:PythonOperator
[2024-09-20T23:15:55.920+0000] {local_task_job_runner.py:266} INFO - Task exited with return code 0
[2024-09-20T23:15:55.956+0000] {taskinstance.py:3900} INFO - 1 downstream tasks scheduled from follow-on schedule check
[2024-09-20T23:15:55.959+0000] {local_task_job_runner.py:245} INFO - ::endgroup::
