[2024-09-21T08:18:06.783+0000] {local_task_job_runner.py:123} INFO - ::group::Pre task execution logs
[2024-09-21T08:18:06.810+0000] {taskinstance.py:2612} INFO - Dependencies all met for dep_context=non-requeueable deps ti=<TaskInstance: prediction_dag.make_predictions scheduled__2024-09-21T08:16:00+00:00 [queued]>
[2024-09-21T08:18:06.824+0000] {taskinstance.py:2612} INFO - Dependencies all met for dep_context=requeueable deps ti=<TaskInstance: prediction_dag.make_predictions scheduled__2024-09-21T08:16:00+00:00 [queued]>
[2024-09-21T08:18:06.825+0000] {taskinstance.py:2865} INFO - Starting attempt 1 of 1
[2024-09-21T08:18:06.849+0000] {taskinstance.py:2888} INFO - Executing <Task(PythonOperator): make_predictions> on 2024-09-21 08:16:00+00:00
[2024-09-21T08:18:06.860+0000] {warnings.py:112} WARNING - /home/***/.local/lib/python3.12/site-packages/***/task/task_runner/standard_task_runner.py:70: DeprecationWarning: This process (pid=406) is multi-threaded, use of fork() may lead to deadlocks in the child.
  pid = os.fork()

[2024-09-21T08:18:06.863+0000] {standard_task_runner.py:72} INFO - Started process 408 to run task
[2024-09-21T08:18:06.864+0000] {standard_task_runner.py:104} INFO - Running: ['***', 'tasks', 'run', 'prediction_dag', 'make_predictions', 'scheduled__2024-09-21T08:16:00+00:00', '--job-id', '145', '--raw', '--subdir', 'DAGS_FOLDER/make_prediction.py', '--cfg-path', '/tmp/tmpa410xdio']
[2024-09-21T08:18:06.865+0000] {standard_task_runner.py:105} INFO - Job 145: Subtask make_predictions
[2024-09-21T08:18:06.936+0000] {task_command.py:467} INFO - Running <TaskInstance: prediction_dag.make_predictions scheduled__2024-09-21T08:16:00+00:00 [running]> on host f1690ee498f7
[2024-09-21T08:18:07.061+0000] {taskinstance.py:3131} INFO - Exporting env vars: AIRFLOW_CTX_DAG_OWNER='***' AIRFLOW_CTX_DAG_ID='prediction_dag' AIRFLOW_CTX_TASK_ID='make_predictions' AIRFLOW_CTX_EXECUTION_DATE='2024-09-21T08:16:00+00:00' AIRFLOW_CTX_TRY_NUMBER='1' AIRFLOW_CTX_DAG_RUN_ID='scheduled__2024-09-21T08:16:00+00:00'
[2024-09-21T08:18:07.063+0000] {logging_mixin.py:190} INFO - Task instance is in running state
[2024-09-21T08:18:07.064+0000] {logging_mixin.py:190} INFO -  Previous state of the Task instance: queued
[2024-09-21T08:18:07.064+0000] {logging_mixin.py:190} INFO - Current task name:make_predictions state:running start_date:2024-09-21 08:18:06.811234+00:00
[2024-09-21T08:18:07.065+0000] {logging_mixin.py:190} INFO - Dag name:prediction_dag and current dag run status:running
[2024-09-21T08:18:07.066+0000] {taskinstance.py:731} INFO - ::endgroup::
[2024-09-21T08:18:07.081+0000] {python.py:240} INFO - Done. Returned value was: None
[2024-09-21T08:18:07.096+0000] {taskinstance.py:340} INFO - ::group::Post task execution logs
[2024-09-21T08:18:07.097+0000] {taskinstance.py:352} INFO - Marking task as SUCCESS. dag_id=prediction_dag, task_id=make_predictions, run_id=scheduled__2024-09-21T08:16:00+00:00, execution_date=20240921T081600, start_date=20240921T081806, end_date=20240921T081807
[2024-09-21T08:18:07.114+0000] {logging_mixin.py:190} INFO - Task instance in success state
[2024-09-21T08:18:07.115+0000] {logging_mixin.py:190} INFO -  Previous state of the Task instance: running
[2024-09-21T08:18:07.116+0000] {logging_mixin.py:190} INFO - Dag name:prediction_dag queued_at:2024-09-21 08:18:00.653133+00:00
[2024-09-21T08:18:07.116+0000] {logging_mixin.py:190} INFO - Task hostname:f1690ee498f7 operator:PythonOperator
[2024-09-21T08:18:07.160+0000] {local_task_job_runner.py:266} INFO - Task exited with return code 0
[2024-09-21T08:18:07.187+0000] {taskinstance.py:3900} INFO - 0 downstream tasks scheduled from follow-on schedule check
[2024-09-21T08:18:07.191+0000] {local_task_job_runner.py:245} INFO - ::endgroup::
