[2024-09-21T08:22:07.533+0000] {local_task_job_runner.py:123} INFO - ::group::Pre task execution logs
[2024-09-21T08:22:07.552+0000] {taskinstance.py:2612} INFO - Dependencies all met for dep_context=non-requeueable deps ti=<TaskInstance: prediction_dag.make_predictions scheduled__2024-09-21T08:20:00+00:00 [queued]>
[2024-09-21T08:22:07.563+0000] {taskinstance.py:2612} INFO - Dependencies all met for dep_context=requeueable deps ti=<TaskInstance: prediction_dag.make_predictions scheduled__2024-09-21T08:20:00+00:00 [queued]>
[2024-09-21T08:22:07.564+0000] {taskinstance.py:2865} INFO - Starting attempt 1 of 1
[2024-09-21T08:22:07.582+0000] {taskinstance.py:2888} INFO - Executing <Task(PythonOperator): make_predictions> on 2024-09-21 08:20:00+00:00
[2024-09-21T08:22:07.593+0000] {warnings.py:112} WARNING - /home/***/.local/lib/python3.12/site-packages/***/task/task_runner/standard_task_runner.py:70: DeprecationWarning: This process (pid=480) is multi-threaded, use of fork() may lead to deadlocks in the child.
  pid = os.fork()

[2024-09-21T08:22:07.595+0000] {standard_task_runner.py:72} INFO - Started process 482 to run task
[2024-09-21T08:22:07.596+0000] {standard_task_runner.py:104} INFO - Running: ['***', 'tasks', 'run', 'prediction_dag', 'make_predictions', 'scheduled__2024-09-21T08:20:00+00:00', '--job-id', '151', '--raw', '--subdir', 'DAGS_FOLDER/make_prediction.py', '--cfg-path', '/tmp/tmpf2fvuebu']
[2024-09-21T08:22:07.597+0000] {standard_task_runner.py:105} INFO - Job 151: Subtask make_predictions
[2024-09-21T08:22:07.660+0000] {task_command.py:467} INFO - Running <TaskInstance: prediction_dag.make_predictions scheduled__2024-09-21T08:20:00+00:00 [running]> on host f1690ee498f7
[2024-09-21T08:22:07.814+0000] {taskinstance.py:3131} INFO - Exporting env vars: AIRFLOW_CTX_DAG_OWNER='***' AIRFLOW_CTX_DAG_ID='prediction_dag' AIRFLOW_CTX_TASK_ID='make_predictions' AIRFLOW_CTX_EXECUTION_DATE='2024-09-21T08:20:00+00:00' AIRFLOW_CTX_TRY_NUMBER='1' AIRFLOW_CTX_DAG_RUN_ID='scheduled__2024-09-21T08:20:00+00:00'
[2024-09-21T08:22:07.816+0000] {logging_mixin.py:190} INFO - Task instance is in running state
[2024-09-21T08:22:07.817+0000] {logging_mixin.py:190} INFO -  Previous state of the Task instance: queued
[2024-09-21T08:22:07.818+0000] {logging_mixin.py:190} INFO - Current task name:make_predictions state:running start_date:2024-09-21 08:22:07.553261+00:00
[2024-09-21T08:22:07.819+0000] {logging_mixin.py:190} INFO - Dag name:prediction_dag and current dag run status:running
[2024-09-21T08:22:07.820+0000] {taskinstance.py:731} INFO - ::endgroup::
[2024-09-21T08:22:07.836+0000] {python.py:240} INFO - Done. Returned value was: None
[2024-09-21T08:22:07.847+0000] {taskinstance.py:340} INFO - ::group::Post task execution logs
[2024-09-21T08:22:07.847+0000] {taskinstance.py:352} INFO - Marking task as SUCCESS. dag_id=prediction_dag, task_id=make_predictions, run_id=scheduled__2024-09-21T08:20:00+00:00, execution_date=20240921T082000, start_date=20240921T082207, end_date=20240921T082207
[2024-09-21T08:22:07.859+0000] {logging_mixin.py:190} INFO - Task instance in success state
[2024-09-21T08:22:07.860+0000] {logging_mixin.py:190} INFO -  Previous state of the Task instance: running
[2024-09-21T08:22:07.861+0000] {logging_mixin.py:190} INFO - Dag name:prediction_dag queued_at:2024-09-21 08:22:01.033258+00:00
[2024-09-21T08:22:07.862+0000] {logging_mixin.py:190} INFO - Task hostname:f1690ee498f7 operator:PythonOperator
[2024-09-21T08:22:07.897+0000] {local_task_job_runner.py:266} INFO - Task exited with return code 0
[2024-09-21T08:22:07.914+0000] {taskinstance.py:3900} INFO - 0 downstream tasks scheduled from follow-on schedule check
[2024-09-21T08:22:07.917+0000] {local_task_job_runner.py:245} INFO - ::endgroup::
