[2024-09-20T22:12:57.638+0000] {local_task_job_runner.py:123} INFO - ::group::Pre task execution logs
[2024-09-20T22:12:57.674+0000] {taskinstance.py:2612} INFO - Dependencies all met for dep_context=non-requeueable deps ti=<TaskInstance: Read_data_and_move_data.Read_dataset_files scheduled__2024-09-20T11:50:00+00:00 [queued]>
[2024-09-20T22:12:57.688+0000] {taskinstance.py:2612} INFO - Dependencies all met for dep_context=requeueable deps ti=<TaskInstance: Read_data_and_move_data.Read_dataset_files scheduled__2024-09-20T11:50:00+00:00 [queued]>
[2024-09-20T22:12:57.689+0000] {taskinstance.py:2865} INFO - Starting attempt 1 of 1
[2024-09-20T22:12:57.721+0000] {taskinstance.py:2888} INFO - Executing <Task(PythonOperator): Read_dataset_files> on 2024-09-20 11:50:00+00:00
[2024-09-20T22:12:57.736+0000] {warnings.py:112} WARNING - /home/***/.local/lib/python3.12/site-packages/***/task/task_runner/standard_task_runner.py:70: DeprecationWarning: This process (pid=54) is multi-threaded, use of fork() may lead to deadlocks in the child.
  pid = os.fork()

[2024-09-20T22:12:57.739+0000] {standard_task_runner.py:72} INFO - Started process 60 to run task
[2024-09-20T22:12:57.739+0000] {standard_task_runner.py:104} INFO - Running: ['***', 'tasks', 'run', 'Read_data_and_move_data', 'Read_dataset_files', 'scheduled__2024-09-20T11:50:00+00:00', '--job-id', '52', '--raw', '--subdir', 'DAGS_FOLDER/data_ingestion.py', '--cfg-path', '/tmp/tmp1oj50w6p']
[2024-09-20T22:12:57.742+0000] {standard_task_runner.py:105} INFO - Job 52: Subtask Read_dataset_files
[2024-09-20T22:12:57.834+0000] {task_command.py:467} INFO - Running <TaskInstance: Read_data_and_move_data.Read_dataset_files scheduled__2024-09-20T11:50:00+00:00 [running]> on host 34d62e1e9714
[2024-09-20T22:12:57.986+0000] {taskinstance.py:3131} INFO - Exporting env vars: AIRFLOW_CTX_DAG_OWNER='***' AIRFLOW_CTX_DAG_ID='Read_data_and_move_data' AIRFLOW_CTX_TASK_ID='Read_dataset_files' AIRFLOW_CTX_EXECUTION_DATE='2024-09-20T11:50:00+00:00' AIRFLOW_CTX_TRY_NUMBER='1' AIRFLOW_CTX_DAG_RUN_ID='scheduled__2024-09-20T11:50:00+00:00'
[2024-09-20T22:12:57.988+0000] {logging_mixin.py:190} INFO - Task instance is in running state
[2024-09-20T22:12:57.989+0000] {logging_mixin.py:190} INFO -  Previous state of the Task instance: queued
[2024-09-20T22:12:57.990+0000] {logging_mixin.py:190} INFO - Current task name:Read_dataset_files state:running start_date:2024-09-20 22:12:57.675456+00:00
[2024-09-20T22:12:57.991+0000] {logging_mixin.py:190} INFO - Dag name:Read_data_and_move_data and current dag run status:running
[2024-09-20T22:12:57.991+0000] {taskinstance.py:731} INFO - ::endgroup::
[2024-09-20T22:12:58.079+0000] {python.py:240} INFO - Done. Returned value was:     Age Sex ChestPainType  ...  Oldpeak  ST_Slope  HeartDisease
0    55   M           NAP  ...      0.0        Up             0
1    45   F           ATA  ...      0.0        Up             0
2    59   M           NAP  ...      0.0        Up             0
3    51   M           NAP  ...      2.0      Flat             1
4    52   M           ASY  ...      1.5      Flat             1
..  ...  ..           ...  ...      ...       ...           ...
86   53   M           NAP  ...      0.0      Flat             1
87   62   M           NAP  ...      0.0      Flat             1
88   47   M           ASY  ...      0.0      Flat             1
89   56   M           NAP  ...      0.0      Flat             1
90   56   M           ASY  ...      0.0      Flat             1

[91 rows x 12 columns]
[2024-09-20T22:12:58.300+0000] {taskinstance.py:340} INFO - ::group::Post task execution logs
[2024-09-20T22:12:58.301+0000] {taskinstance.py:352} INFO - Marking task as SUCCESS. dag_id=Read_data_and_move_data, task_id=Read_dataset_files, run_id=scheduled__2024-09-20T11:50:00+00:00, execution_date=20240920T115000, start_date=20240920T221257, end_date=20240920T221258
[2024-09-20T22:12:58.321+0000] {logging_mixin.py:190} INFO - Task instance in success state
[2024-09-20T22:12:58.322+0000] {logging_mixin.py:190} INFO -  Previous state of the Task instance: running
[2024-09-20T22:12:58.322+0000] {logging_mixin.py:190} INFO - Dag name:Read_data_and_move_data queued_at:2024-09-20 22:12:31.876082+00:00
[2024-09-20T22:12:58.323+0000] {logging_mixin.py:190} INFO - Task hostname:34d62e1e9714 operator:PythonOperator
[2024-09-20T22:12:58.368+0000] {local_task_job_runner.py:266} INFO - Task exited with return code 0
[2024-09-20T22:12:58.384+0000] {local_task_job_runner.py:245} INFO - ::endgroup::
