[2024-11-06T13:56:03.348+0000] {local_task_job_runner.py:123} INFO - ::group::Pre task execution logs
[2024-11-06T13:56:03.373+0000] {taskinstance.py:2612} INFO - Dependencies all met for dep_context=non-requeueable deps ti=<TaskInstance: prediction_dag.check_for_new_data scheduled__2024-11-06T13:54:00+00:00 [queued]>
[2024-11-06T13:56:03.387+0000] {taskinstance.py:2612} INFO - Dependencies all met for dep_context=requeueable deps ti=<TaskInstance: prediction_dag.check_for_new_data scheduled__2024-11-06T13:54:00+00:00 [queued]>
[2024-11-06T13:56:03.388+0000] {taskinstance.py:2865} INFO - Starting attempt 1 of 1
[2024-11-06T13:56:03.410+0000] {taskinstance.py:2888} INFO - Executing <Task(PythonOperator): check_for_new_data> on 2024-11-06 13:54:00+00:00
[2024-11-06T13:56:03.424+0000] {warnings.py:112} WARNING - /home/***/.local/lib/python3.12/site-packages/***/task/task_runner/standard_task_runner.py:70: DeprecationWarning: This process (pid=201) is multi-threaded, use of fork() may lead to deadlocks in the child.
  pid = os.fork()

[2024-11-06T13:56:03.426+0000] {standard_task_runner.py:72} INFO - Started process 203 to run task
[2024-11-06T13:56:03.427+0000] {standard_task_runner.py:104} INFO - Running: ['***', 'tasks', 'run', 'prediction_dag', 'check_for_new_data', 'scheduled__2024-11-06T13:54:00+00:00', '--job-id', '172', '--raw', '--subdir', 'DAGS_FOLDER/make_prediction.py', '--cfg-path', '/tmp/tmpqxhfhfim']
[2024-11-06T13:56:03.429+0000] {standard_task_runner.py:105} INFO - Job 172: Subtask check_for_new_data
[2024-11-06T13:56:03.521+0000] {task_command.py:467} INFO - Running <TaskInstance: prediction_dag.check_for_new_data scheduled__2024-11-06T13:54:00+00:00 [running]> on host c8efb893adcf
[2024-11-06T13:56:03.662+0000] {taskinstance.py:3131} INFO - Exporting env vars: AIRFLOW_CTX_DAG_OWNER='***' AIRFLOW_CTX_DAG_ID='prediction_dag' AIRFLOW_CTX_TASK_ID='check_for_new_data' AIRFLOW_CTX_EXECUTION_DATE='2024-11-06T13:54:00+00:00' AIRFLOW_CTX_TRY_NUMBER='1' AIRFLOW_CTX_DAG_RUN_ID='scheduled__2024-11-06T13:54:00+00:00'
[2024-11-06T13:56:03.664+0000] {logging_mixin.py:190} INFO - Task instance is in running state
[2024-11-06T13:56:03.665+0000] {logging_mixin.py:190} INFO -  Previous state of the Task instance: queued
[2024-11-06T13:56:03.665+0000] {logging_mixin.py:190} INFO - Current task name:check_for_new_data state:running start_date:2024-11-06 13:56:03.374814+00:00
[2024-11-06T13:56:03.666+0000] {logging_mixin.py:190} INFO - Dag name:prediction_dag and current dag run status:running
[2024-11-06T13:56:03.666+0000] {taskinstance.py:731} INFO - ::endgroup::
[2024-11-06T13:56:03.680+0000] {python.py:240} INFO - Done. Returned value was: []
[2024-11-06T13:56:03.711+0000] {taskinstance.py:340} INFO - ::group::Post task execution logs
[2024-11-06T13:56:03.713+0000] {taskinstance.py:352} INFO - Marking task as SUCCESS. dag_id=prediction_dag, task_id=check_for_new_data, run_id=scheduled__2024-11-06T13:54:00+00:00, execution_date=20241106T135400, start_date=20241106T135603, end_date=20241106T135603
[2024-11-06T13:56:03.729+0000] {logging_mixin.py:190} INFO - Task instance in success state
[2024-11-06T13:56:03.730+0000] {logging_mixin.py:190} INFO -  Previous state of the Task instance: running
[2024-11-06T13:56:03.731+0000] {logging_mixin.py:190} INFO - Dag name:prediction_dag queued_at:2024-11-06 13:56:00.087058+00:00
[2024-11-06T13:56:03.732+0000] {logging_mixin.py:190} INFO - Task hostname:c8efb893adcf operator:PythonOperator
[2024-11-06T13:56:03.767+0000] {local_task_job_runner.py:266} INFO - Task exited with return code 0
[2024-11-06T13:56:03.798+0000] {taskinstance.py:3900} INFO - 1 downstream tasks scheduled from follow-on schedule check
[2024-11-06T13:56:03.802+0000] {local_task_job_runner.py:245} INFO - ::endgroup::
