[2024-09-21T07:59:06.371+0000] {processor.py:186} INFO - Started process (PID=83) to work on /home/airflow/.local/lib/python3.12/site-packages/airflow/example_dags/example_nested_branch_dag.py
[2024-09-21T07:59:06.372+0000] {processor.py:914} INFO - Processing file /home/airflow/.local/lib/python3.12/site-packages/airflow/example_dags/example_nested_branch_dag.py for tasks to queue
[2024-09-21T07:59:06.375+0000] {logging_mixin.py:190} INFO - [2024-09-21T07:59:06.374+0000] {dagbag.py:587} INFO - Filling up the DagBag from /home/airflow/.local/lib/python3.12/site-packages/airflow/example_dags/example_nested_branch_dag.py
[2024-09-21T07:59:06.385+0000] {processor.py:925} INFO - DAG(s) 'example_nested_branch_dag' retrieved from /home/airflow/.local/lib/python3.12/site-packages/airflow/example_dags/example_nested_branch_dag.py
[2024-09-21T07:59:06.411+0000] {logging_mixin.py:190} INFO - [2024-09-21T07:59:06.411+0000] {dag.py:3229} INFO - Sync 1 DAGs
[2024-09-21T07:59:06.444+0000] {logging_mixin.py:190} INFO - [2024-09-21T07:59:06.444+0000] {dag.py:4156} INFO - Setting next_dagrun for example_nested_branch_dag to 2024-09-20 00:00:00+00:00, run_after=2024-09-21 00:00:00+00:00
[2024-09-21T07:59:06.474+0000] {processor.py:208} INFO - Processing /home/airflow/.local/lib/python3.12/site-packages/airflow/example_dags/example_nested_branch_dag.py took 0.108 seconds
[2024-09-21T07:59:36.690+0000] {processor.py:186} INFO - Started process (PID=151) to work on /home/airflow/.local/lib/python3.12/site-packages/airflow/example_dags/example_nested_branch_dag.py
[2024-09-21T07:59:36.693+0000] {processor.py:914} INFO - Processing file /home/airflow/.local/lib/python3.12/site-packages/airflow/example_dags/example_nested_branch_dag.py for tasks to queue
[2024-09-21T07:59:36.695+0000] {logging_mixin.py:190} INFO - [2024-09-21T07:59:36.695+0000] {dagbag.py:587} INFO - Filling up the DagBag from /home/airflow/.local/lib/python3.12/site-packages/airflow/example_dags/example_nested_branch_dag.py
[2024-09-21T07:59:36.710+0000] {processor.py:925} INFO - DAG(s) 'example_nested_branch_dag' retrieved from /home/airflow/.local/lib/python3.12/site-packages/airflow/example_dags/example_nested_branch_dag.py
[2024-09-21T07:59:36.732+0000] {logging_mixin.py:190} INFO - [2024-09-21T07:59:36.732+0000] {dag.py:3229} INFO - Sync 1 DAGs
[2024-09-21T07:59:36.760+0000] {logging_mixin.py:190} INFO - [2024-09-21T07:59:36.760+0000] {dag.py:4156} INFO - Setting next_dagrun for example_nested_branch_dag to 2024-09-20 00:00:00+00:00, run_after=2024-09-21 00:00:00+00:00
[2024-09-21T07:59:36.781+0000] {processor.py:208} INFO - Processing /home/airflow/.local/lib/python3.12/site-packages/airflow/example_dags/example_nested_branch_dag.py took 0.096 seconds
[2024-09-21T08:00:08.549+0000] {processor.py:186} INFO - Started process (PID=223) to work on /home/airflow/.local/lib/python3.12/site-packages/airflow/example_dags/example_nested_branch_dag.py
[2024-09-21T08:00:08.550+0000] {processor.py:914} INFO - Processing file /home/airflow/.local/lib/python3.12/site-packages/airflow/example_dags/example_nested_branch_dag.py for tasks to queue
[2024-09-21T08:00:08.554+0000] {logging_mixin.py:190} INFO - [2024-09-21T08:00:08.553+0000] {dagbag.py:587} INFO - Filling up the DagBag from /home/airflow/.local/lib/python3.12/site-packages/airflow/example_dags/example_nested_branch_dag.py
[2024-09-21T08:00:08.571+0000] {processor.py:925} INFO - DAG(s) 'example_nested_branch_dag' retrieved from /home/airflow/.local/lib/python3.12/site-packages/airflow/example_dags/example_nested_branch_dag.py
[2024-09-21T08:00:08.607+0000] {logging_mixin.py:190} INFO - [2024-09-21T08:00:08.607+0000] {dag.py:3229} INFO - Sync 1 DAGs
[2024-09-21T08:00:08.639+0000] {logging_mixin.py:190} INFO - [2024-09-21T08:00:08.638+0000] {dag.py:4156} INFO - Setting next_dagrun for example_nested_branch_dag to 2024-09-20 00:00:00+00:00, run_after=2024-09-21 00:00:00+00:00
[2024-09-21T08:00:08.666+0000] {processor.py:208} INFO - Processing /home/airflow/.local/lib/python3.12/site-packages/airflow/example_dags/example_nested_branch_dag.py took 0.133 seconds
[2024-09-21T08:01:33.666+0000] {processor.py:186} INFO - Started process (PID=61) to work on /home/airflow/.local/lib/python3.12/site-packages/airflow/example_dags/example_nested_branch_dag.py
[2024-09-21T08:01:33.668+0000] {processor.py:914} INFO - Processing file /home/airflow/.local/lib/python3.12/site-packages/airflow/example_dags/example_nested_branch_dag.py for tasks to queue
[2024-09-21T08:01:33.671+0000] {logging_mixin.py:190} INFO - [2024-09-21T08:01:33.671+0000] {dagbag.py:587} INFO - Filling up the DagBag from /home/airflow/.local/lib/python3.12/site-packages/airflow/example_dags/example_nested_branch_dag.py
[2024-09-21T08:01:33.685+0000] {processor.py:925} INFO - DAG(s) 'example_nested_branch_dag' retrieved from /home/airflow/.local/lib/python3.12/site-packages/airflow/example_dags/example_nested_branch_dag.py
[2024-09-21T08:01:33.714+0000] {logging_mixin.py:190} INFO - [2024-09-21T08:01:33.714+0000] {dag.py:3229} INFO - Sync 1 DAGs
[2024-09-21T08:01:33.746+0000] {logging_mixin.py:190} INFO - [2024-09-21T08:01:33.746+0000] {dag.py:4156} INFO - Setting next_dagrun for example_nested_branch_dag to 2024-09-20 00:00:00+00:00, run_after=2024-09-21 00:00:00+00:00
[2024-09-21T08:01:33.772+0000] {processor.py:208} INFO - Processing /home/airflow/.local/lib/python3.12/site-packages/airflow/example_dags/example_nested_branch_dag.py took 0.113 seconds
[2024-09-21T08:02:04.834+0000] {processor.py:186} INFO - Started process (PID=125) to work on /home/airflow/.local/lib/python3.12/site-packages/airflow/example_dags/example_nested_branch_dag.py
[2024-09-21T08:02:04.836+0000] {processor.py:914} INFO - Processing file /home/airflow/.local/lib/python3.12/site-packages/airflow/example_dags/example_nested_branch_dag.py for tasks to queue
[2024-09-21T08:02:04.839+0000] {logging_mixin.py:190} INFO - [2024-09-21T08:02:04.838+0000] {dagbag.py:587} INFO - Filling up the DagBag from /home/airflow/.local/lib/python3.12/site-packages/airflow/example_dags/example_nested_branch_dag.py
[2024-09-21T08:02:04.855+0000] {processor.py:925} INFO - DAG(s) 'example_nested_branch_dag' retrieved from /home/airflow/.local/lib/python3.12/site-packages/airflow/example_dags/example_nested_branch_dag.py
[2024-09-21T08:02:04.888+0000] {logging_mixin.py:190} INFO - [2024-09-21T08:02:04.888+0000] {dag.py:3229} INFO - Sync 1 DAGs
[2024-09-21T08:02:04.924+0000] {logging_mixin.py:190} INFO - [2024-09-21T08:02:04.923+0000] {dag.py:4156} INFO - Setting next_dagrun for example_nested_branch_dag to 2024-09-20 00:00:00+00:00, run_after=2024-09-21 00:00:00+00:00
[2024-09-21T08:02:04.955+0000] {processor.py:208} INFO - Processing /home/airflow/.local/lib/python3.12/site-packages/airflow/example_dags/example_nested_branch_dag.py took 0.129 seconds
[2024-09-21T08:02:35.587+0000] {processor.py:186} INFO - Started process (PID=190) to work on /home/airflow/.local/lib/python3.12/site-packages/airflow/example_dags/example_nested_branch_dag.py
[2024-09-21T08:02:35.589+0000] {processor.py:914} INFO - Processing file /home/airflow/.local/lib/python3.12/site-packages/airflow/example_dags/example_nested_branch_dag.py for tasks to queue
[2024-09-21T08:02:35.593+0000] {logging_mixin.py:190} INFO - [2024-09-21T08:02:35.593+0000] {dagbag.py:587} INFO - Filling up the DagBag from /home/airflow/.local/lib/python3.12/site-packages/airflow/example_dags/example_nested_branch_dag.py
[2024-09-21T08:02:35.610+0000] {processor.py:925} INFO - DAG(s) 'example_nested_branch_dag' retrieved from /home/airflow/.local/lib/python3.12/site-packages/airflow/example_dags/example_nested_branch_dag.py
[2024-09-21T08:02:35.647+0000] {logging_mixin.py:190} INFO - [2024-09-21T08:02:35.647+0000] {dag.py:3229} INFO - Sync 1 DAGs
[2024-09-21T08:02:35.691+0000] {logging_mixin.py:190} INFO - [2024-09-21T08:02:35.690+0000] {dag.py:4156} INFO - Setting next_dagrun for example_nested_branch_dag to 2024-09-20 00:00:00+00:00, run_after=2024-09-21 00:00:00+00:00
[2024-09-21T08:02:35.722+0000] {processor.py:208} INFO - Processing /home/airflow/.local/lib/python3.12/site-packages/airflow/example_dags/example_nested_branch_dag.py took 0.143 seconds
[2024-09-21T08:03:06.576+0000] {processor.py:186} INFO - Started process (PID=254) to work on /home/airflow/.local/lib/python3.12/site-packages/airflow/example_dags/example_nested_branch_dag.py
[2024-09-21T08:03:06.578+0000] {processor.py:914} INFO - Processing file /home/airflow/.local/lib/python3.12/site-packages/airflow/example_dags/example_nested_branch_dag.py for tasks to queue
[2024-09-21T08:03:06.583+0000] {logging_mixin.py:190} INFO - [2024-09-21T08:03:06.582+0000] {dagbag.py:587} INFO - Filling up the DagBag from /home/airflow/.local/lib/python3.12/site-packages/airflow/example_dags/example_nested_branch_dag.py
[2024-09-21T08:03:06.600+0000] {processor.py:925} INFO - DAG(s) 'example_nested_branch_dag' retrieved from /home/airflow/.local/lib/python3.12/site-packages/airflow/example_dags/example_nested_branch_dag.py
[2024-09-21T08:03:06.636+0000] {logging_mixin.py:190} INFO - [2024-09-21T08:03:06.635+0000] {dag.py:3229} INFO - Sync 1 DAGs
[2024-09-21T08:03:06.678+0000] {logging_mixin.py:190} INFO - [2024-09-21T08:03:06.678+0000] {dag.py:4156} INFO - Setting next_dagrun for example_nested_branch_dag to 2024-09-20 00:00:00+00:00, run_after=2024-09-21 00:00:00+00:00
[2024-09-21T08:03:06.713+0000] {processor.py:208} INFO - Processing /home/airflow/.local/lib/python3.12/site-packages/airflow/example_dags/example_nested_branch_dag.py took 0.145 seconds
[2024-09-21T08:03:37.154+0000] {processor.py:186} INFO - Started process (PID=317) to work on /home/airflow/.local/lib/python3.12/site-packages/airflow/example_dags/example_nested_branch_dag.py
[2024-09-21T08:03:37.156+0000] {processor.py:914} INFO - Processing file /home/airflow/.local/lib/python3.12/site-packages/airflow/example_dags/example_nested_branch_dag.py for tasks to queue
[2024-09-21T08:03:37.160+0000] {logging_mixin.py:190} INFO - [2024-09-21T08:03:37.159+0000] {dagbag.py:587} INFO - Filling up the DagBag from /home/airflow/.local/lib/python3.12/site-packages/airflow/example_dags/example_nested_branch_dag.py
[2024-09-21T08:03:37.174+0000] {processor.py:925} INFO - DAG(s) 'example_nested_branch_dag' retrieved from /home/airflow/.local/lib/python3.12/site-packages/airflow/example_dags/example_nested_branch_dag.py
[2024-09-21T08:03:37.211+0000] {logging_mixin.py:190} INFO - [2024-09-21T08:03:37.211+0000] {dag.py:3229} INFO - Sync 1 DAGs
[2024-09-21T08:03:37.252+0000] {logging_mixin.py:190} INFO - [2024-09-21T08:03:37.251+0000] {dag.py:4156} INFO - Setting next_dagrun for example_nested_branch_dag to 2024-09-20 00:00:00+00:00, run_after=2024-09-21 00:00:00+00:00
[2024-09-21T08:03:37.287+0000] {processor.py:208} INFO - Processing /home/airflow/.local/lib/python3.12/site-packages/airflow/example_dags/example_nested_branch_dag.py took 0.140 seconds
[2024-09-21T08:04:07.558+0000] {processor.py:186} INFO - Started process (PID=381) to work on /home/airflow/.local/lib/python3.12/site-packages/airflow/example_dags/example_nested_branch_dag.py
[2024-09-21T08:04:07.560+0000] {processor.py:914} INFO - Processing file /home/airflow/.local/lib/python3.12/site-packages/airflow/example_dags/example_nested_branch_dag.py for tasks to queue
[2024-09-21T08:04:07.563+0000] {logging_mixin.py:190} INFO - [2024-09-21T08:04:07.563+0000] {dagbag.py:587} INFO - Filling up the DagBag from /home/airflow/.local/lib/python3.12/site-packages/airflow/example_dags/example_nested_branch_dag.py
[2024-09-21T08:04:07.577+0000] {processor.py:925} INFO - DAG(s) 'example_nested_branch_dag' retrieved from /home/airflow/.local/lib/python3.12/site-packages/airflow/example_dags/example_nested_branch_dag.py
[2024-09-21T08:04:07.608+0000] {logging_mixin.py:190} INFO - [2024-09-21T08:04:07.608+0000] {dag.py:3229} INFO - Sync 1 DAGs
[2024-09-21T08:04:07.644+0000] {logging_mixin.py:190} INFO - [2024-09-21T08:04:07.643+0000] {dag.py:4156} INFO - Setting next_dagrun for example_nested_branch_dag to 2024-09-20 00:00:00+00:00, run_after=2024-09-21 00:00:00+00:00
[2024-09-21T08:04:07.673+0000] {processor.py:208} INFO - Processing /home/airflow/.local/lib/python3.12/site-packages/airflow/example_dags/example_nested_branch_dag.py took 0.122 seconds
[2024-09-21T08:04:39.505+0000] {processor.py:186} INFO - Started process (PID=452) to work on /home/airflow/.local/lib/python3.12/site-packages/airflow/example_dags/example_nested_branch_dag.py
[2024-09-21T08:04:39.507+0000] {processor.py:914} INFO - Processing file /home/airflow/.local/lib/python3.12/site-packages/airflow/example_dags/example_nested_branch_dag.py for tasks to queue
[2024-09-21T08:04:39.510+0000] {logging_mixin.py:190} INFO - [2024-09-21T08:04:39.509+0000] {dagbag.py:587} INFO - Filling up the DagBag from /home/airflow/.local/lib/python3.12/site-packages/airflow/example_dags/example_nested_branch_dag.py
[2024-09-21T08:04:39.525+0000] {processor.py:925} INFO - DAG(s) 'example_nested_branch_dag' retrieved from /home/airflow/.local/lib/python3.12/site-packages/airflow/example_dags/example_nested_branch_dag.py
[2024-09-21T08:04:39.560+0000] {logging_mixin.py:190} INFO - [2024-09-21T08:04:39.559+0000] {dag.py:3229} INFO - Sync 1 DAGs
[2024-09-21T08:04:39.598+0000] {logging_mixin.py:190} INFO - [2024-09-21T08:04:39.598+0000] {dag.py:4156} INFO - Setting next_dagrun for example_nested_branch_dag to 2024-09-20 00:00:00+00:00, run_after=2024-09-21 00:00:00+00:00
[2024-09-21T08:04:39.632+0000] {processor.py:208} INFO - Processing /home/airflow/.local/lib/python3.12/site-packages/airflow/example_dags/example_nested_branch_dag.py took 0.135 seconds
[2024-09-21T08:05:09.819+0000] {processor.py:186} INFO - Started process (PID=516) to work on /home/airflow/.local/lib/python3.12/site-packages/airflow/example_dags/example_nested_branch_dag.py
[2024-09-21T08:05:09.821+0000] {processor.py:914} INFO - Processing file /home/airflow/.local/lib/python3.12/site-packages/airflow/example_dags/example_nested_branch_dag.py for tasks to queue
[2024-09-21T08:05:09.824+0000] {logging_mixin.py:190} INFO - [2024-09-21T08:05:09.823+0000] {dagbag.py:587} INFO - Filling up the DagBag from /home/airflow/.local/lib/python3.12/site-packages/airflow/example_dags/example_nested_branch_dag.py
[2024-09-21T08:05:09.836+0000] {processor.py:925} INFO - DAG(s) 'example_nested_branch_dag' retrieved from /home/airflow/.local/lib/python3.12/site-packages/airflow/example_dags/example_nested_branch_dag.py
[2024-09-21T08:05:09.859+0000] {logging_mixin.py:190} INFO - [2024-09-21T08:05:09.859+0000] {dag.py:3229} INFO - Sync 1 DAGs
[2024-09-21T08:05:09.892+0000] {logging_mixin.py:190} INFO - [2024-09-21T08:05:09.891+0000] {dag.py:4156} INFO - Setting next_dagrun for example_nested_branch_dag to 2024-09-20 00:00:00+00:00, run_after=2024-09-21 00:00:00+00:00
[2024-09-21T08:05:09.915+0000] {processor.py:208} INFO - Processing /home/airflow/.local/lib/python3.12/site-packages/airflow/example_dags/example_nested_branch_dag.py took 0.102 seconds
[2024-09-21T08:05:40.622+0000] {processor.py:186} INFO - Started process (PID=581) to work on /home/airflow/.local/lib/python3.12/site-packages/airflow/example_dags/example_nested_branch_dag.py
[2024-09-21T08:05:40.624+0000] {processor.py:914} INFO - Processing file /home/airflow/.local/lib/python3.12/site-packages/airflow/example_dags/example_nested_branch_dag.py for tasks to queue
[2024-09-21T08:05:40.626+0000] {logging_mixin.py:190} INFO - [2024-09-21T08:05:40.626+0000] {dagbag.py:587} INFO - Filling up the DagBag from /home/airflow/.local/lib/python3.12/site-packages/airflow/example_dags/example_nested_branch_dag.py
[2024-09-21T08:05:40.638+0000] {processor.py:925} INFO - DAG(s) 'example_nested_branch_dag' retrieved from /home/airflow/.local/lib/python3.12/site-packages/airflow/example_dags/example_nested_branch_dag.py
[2024-09-21T08:05:40.664+0000] {logging_mixin.py:190} INFO - [2024-09-21T08:05:40.664+0000] {dag.py:3229} INFO - Sync 1 DAGs
[2024-09-21T08:05:40.699+0000] {logging_mixin.py:190} INFO - [2024-09-21T08:05:40.698+0000] {dag.py:4156} INFO - Setting next_dagrun for example_nested_branch_dag to 2024-09-20 00:00:00+00:00, run_after=2024-09-21 00:00:00+00:00
[2024-09-21T08:05:40.729+0000] {processor.py:208} INFO - Processing /home/airflow/.local/lib/python3.12/site-packages/airflow/example_dags/example_nested_branch_dag.py took 0.113 seconds
[2024-09-21T08:06:12.332+0000] {processor.py:186} INFO - Started process (PID=645) to work on /home/airflow/.local/lib/python3.12/site-packages/airflow/example_dags/example_nested_branch_dag.py
[2024-09-21T08:06:12.334+0000] {processor.py:914} INFO - Processing file /home/airflow/.local/lib/python3.12/site-packages/airflow/example_dags/example_nested_branch_dag.py for tasks to queue
[2024-09-21T08:06:12.339+0000] {logging_mixin.py:190} INFO - [2024-09-21T08:06:12.338+0000] {dagbag.py:587} INFO - Filling up the DagBag from /home/airflow/.local/lib/python3.12/site-packages/airflow/example_dags/example_nested_branch_dag.py
[2024-09-21T08:06:12.361+0000] {processor.py:925} INFO - DAG(s) 'example_nested_branch_dag' retrieved from /home/airflow/.local/lib/python3.12/site-packages/airflow/example_dags/example_nested_branch_dag.py
[2024-09-21T08:06:12.411+0000] {logging_mixin.py:190} INFO - [2024-09-21T08:06:12.410+0000] {dag.py:3229} INFO - Sync 1 DAGs
[2024-09-21T08:06:12.468+0000] {logging_mixin.py:190} INFO - [2024-09-21T08:06:12.467+0000] {dag.py:4156} INFO - Setting next_dagrun for example_nested_branch_dag to 2024-09-20 00:00:00+00:00, run_after=2024-09-21 00:00:00+00:00
[2024-09-21T08:06:12.508+0000] {processor.py:208} INFO - Processing /home/airflow/.local/lib/python3.12/site-packages/airflow/example_dags/example_nested_branch_dag.py took 0.186 seconds
[2024-09-21T08:06:43.575+0000] {processor.py:186} INFO - Started process (PID=709) to work on /home/airflow/.local/lib/python3.12/site-packages/airflow/example_dags/example_nested_branch_dag.py
[2024-09-21T08:06:43.578+0000] {processor.py:914} INFO - Processing file /home/airflow/.local/lib/python3.12/site-packages/airflow/example_dags/example_nested_branch_dag.py for tasks to queue
[2024-09-21T08:06:43.583+0000] {logging_mixin.py:190} INFO - [2024-09-21T08:06:43.582+0000] {dagbag.py:587} INFO - Filling up the DagBag from /home/airflow/.local/lib/python3.12/site-packages/airflow/example_dags/example_nested_branch_dag.py
[2024-09-21T08:06:43.602+0000] {processor.py:925} INFO - DAG(s) 'example_nested_branch_dag' retrieved from /home/airflow/.local/lib/python3.12/site-packages/airflow/example_dags/example_nested_branch_dag.py
[2024-09-21T08:06:43.639+0000] {logging_mixin.py:190} INFO - [2024-09-21T08:06:43.639+0000] {dag.py:3229} INFO - Sync 1 DAGs
[2024-09-21T08:06:43.692+0000] {logging_mixin.py:190} INFO - [2024-09-21T08:06:43.692+0000] {dag.py:4156} INFO - Setting next_dagrun for example_nested_branch_dag to 2024-09-20 00:00:00+00:00, run_after=2024-09-21 00:00:00+00:00
[2024-09-21T08:06:43.747+0000] {processor.py:208} INFO - Processing /home/airflow/.local/lib/python3.12/site-packages/airflow/example_dags/example_nested_branch_dag.py took 0.181 seconds
[2024-09-21T08:07:14.311+0000] {processor.py:186} INFO - Started process (PID=773) to work on /home/airflow/.local/lib/python3.12/site-packages/airflow/example_dags/example_nested_branch_dag.py
[2024-09-21T08:07:14.312+0000] {processor.py:914} INFO - Processing file /home/airflow/.local/lib/python3.12/site-packages/airflow/example_dags/example_nested_branch_dag.py for tasks to queue
[2024-09-21T08:07:14.317+0000] {logging_mixin.py:190} INFO - [2024-09-21T08:07:14.316+0000] {dagbag.py:587} INFO - Filling up the DagBag from /home/airflow/.local/lib/python3.12/site-packages/airflow/example_dags/example_nested_branch_dag.py
[2024-09-21T08:07:14.336+0000] {processor.py:925} INFO - DAG(s) 'example_nested_branch_dag' retrieved from /home/airflow/.local/lib/python3.12/site-packages/airflow/example_dags/example_nested_branch_dag.py
[2024-09-21T08:07:14.375+0000] {logging_mixin.py:190} INFO - [2024-09-21T08:07:14.374+0000] {dag.py:3229} INFO - Sync 1 DAGs
[2024-09-21T08:07:14.423+0000] {logging_mixin.py:190} INFO - [2024-09-21T08:07:14.423+0000] {dag.py:4156} INFO - Setting next_dagrun for example_nested_branch_dag to 2024-09-20 00:00:00+00:00, run_after=2024-09-21 00:00:00+00:00
[2024-09-21T08:07:14.467+0000] {processor.py:208} INFO - Processing /home/airflow/.local/lib/python3.12/site-packages/airflow/example_dags/example_nested_branch_dag.py took 0.166 seconds
[2024-09-21T08:07:44.630+0000] {processor.py:186} INFO - Started process (PID=836) to work on /home/airflow/.local/lib/python3.12/site-packages/airflow/example_dags/example_nested_branch_dag.py
[2024-09-21T08:07:44.632+0000] {processor.py:914} INFO - Processing file /home/airflow/.local/lib/python3.12/site-packages/airflow/example_dags/example_nested_branch_dag.py for tasks to queue
[2024-09-21T08:07:44.635+0000] {logging_mixin.py:190} INFO - [2024-09-21T08:07:44.635+0000] {dagbag.py:587} INFO - Filling up the DagBag from /home/airflow/.local/lib/python3.12/site-packages/airflow/example_dags/example_nested_branch_dag.py
[2024-09-21T08:07:44.649+0000] {processor.py:925} INFO - DAG(s) 'example_nested_branch_dag' retrieved from /home/airflow/.local/lib/python3.12/site-packages/airflow/example_dags/example_nested_branch_dag.py
[2024-09-21T08:07:44.682+0000] {logging_mixin.py:190} INFO - [2024-09-21T08:07:44.681+0000] {dag.py:3229} INFO - Sync 1 DAGs
[2024-09-21T08:07:44.717+0000] {logging_mixin.py:190} INFO - [2024-09-21T08:07:44.716+0000] {dag.py:4156} INFO - Setting next_dagrun for example_nested_branch_dag to 2024-09-20 00:00:00+00:00, run_after=2024-09-21 00:00:00+00:00
[2024-09-21T08:07:44.750+0000] {processor.py:208} INFO - Processing /home/airflow/.local/lib/python3.12/site-packages/airflow/example_dags/example_nested_branch_dag.py took 0.126 seconds
[2024-09-21T08:08:15.264+0000] {processor.py:186} INFO - Started process (PID=900) to work on /home/airflow/.local/lib/python3.12/site-packages/airflow/example_dags/example_nested_branch_dag.py
[2024-09-21T08:08:15.265+0000] {processor.py:914} INFO - Processing file /home/airflow/.local/lib/python3.12/site-packages/airflow/example_dags/example_nested_branch_dag.py for tasks to queue
[2024-09-21T08:08:15.269+0000] {logging_mixin.py:190} INFO - [2024-09-21T08:08:15.269+0000] {dagbag.py:587} INFO - Filling up the DagBag from /home/airflow/.local/lib/python3.12/site-packages/airflow/example_dags/example_nested_branch_dag.py
[2024-09-21T08:08:15.286+0000] {processor.py:925} INFO - DAG(s) 'example_nested_branch_dag' retrieved from /home/airflow/.local/lib/python3.12/site-packages/airflow/example_dags/example_nested_branch_dag.py
[2024-09-21T08:08:15.323+0000] {logging_mixin.py:190} INFO - [2024-09-21T08:08:15.323+0000] {dag.py:3229} INFO - Sync 1 DAGs
[2024-09-21T08:08:15.362+0000] {logging_mixin.py:190} INFO - [2024-09-21T08:08:15.362+0000] {dag.py:4156} INFO - Setting next_dagrun for example_nested_branch_dag to 2024-09-20 00:00:00+00:00, run_after=2024-09-21 00:00:00+00:00
[2024-09-21T08:08:15.390+0000] {processor.py:208} INFO - Processing /home/airflow/.local/lib/python3.12/site-packages/airflow/example_dags/example_nested_branch_dag.py took 0.134 seconds
[2024-09-21T08:08:45.704+0000] {processor.py:186} INFO - Started process (PID=964) to work on /home/airflow/.local/lib/python3.12/site-packages/airflow/example_dags/example_nested_branch_dag.py
[2024-09-21T08:08:45.706+0000] {processor.py:914} INFO - Processing file /home/airflow/.local/lib/python3.12/site-packages/airflow/example_dags/example_nested_branch_dag.py for tasks to queue
[2024-09-21T08:08:45.710+0000] {logging_mixin.py:190} INFO - [2024-09-21T08:08:45.709+0000] {dagbag.py:587} INFO - Filling up the DagBag from /home/airflow/.local/lib/python3.12/site-packages/airflow/example_dags/example_nested_branch_dag.py
[2024-09-21T08:08:45.726+0000] {processor.py:925} INFO - DAG(s) 'example_nested_branch_dag' retrieved from /home/airflow/.local/lib/python3.12/site-packages/airflow/example_dags/example_nested_branch_dag.py
[2024-09-21T08:08:45.769+0000] {logging_mixin.py:190} INFO - [2024-09-21T08:08:45.769+0000] {dag.py:3229} INFO - Sync 1 DAGs
[2024-09-21T08:08:45.810+0000] {logging_mixin.py:190} INFO - [2024-09-21T08:08:45.810+0000] {dag.py:4156} INFO - Setting next_dagrun for example_nested_branch_dag to 2024-09-20 00:00:00+00:00, run_after=2024-09-21 00:00:00+00:00
[2024-09-21T08:08:45.838+0000] {processor.py:208} INFO - Processing /home/airflow/.local/lib/python3.12/site-packages/airflow/example_dags/example_nested_branch_dag.py took 0.140 seconds
[2024-09-21T08:09:16.972+0000] {processor.py:186} INFO - Started process (PID=1028) to work on /home/airflow/.local/lib/python3.12/site-packages/airflow/example_dags/example_nested_branch_dag.py
[2024-09-21T08:09:16.973+0000] {processor.py:914} INFO - Processing file /home/airflow/.local/lib/python3.12/site-packages/airflow/example_dags/example_nested_branch_dag.py for tasks to queue
[2024-09-21T08:09:16.978+0000] {logging_mixin.py:190} INFO - [2024-09-21T08:09:16.977+0000] {dagbag.py:587} INFO - Filling up the DagBag from /home/airflow/.local/lib/python3.12/site-packages/airflow/example_dags/example_nested_branch_dag.py
[2024-09-21T08:09:16.993+0000] {processor.py:925} INFO - DAG(s) 'example_nested_branch_dag' retrieved from /home/airflow/.local/lib/python3.12/site-packages/airflow/example_dags/example_nested_branch_dag.py
[2024-09-21T08:09:17.024+0000] {logging_mixin.py:190} INFO - [2024-09-21T08:09:17.024+0000] {dag.py:3229} INFO - Sync 1 DAGs
[2024-09-21T08:09:17.063+0000] {logging_mixin.py:190} INFO - [2024-09-21T08:09:17.063+0000] {dag.py:4156} INFO - Setting next_dagrun for example_nested_branch_dag to 2024-09-20 00:00:00+00:00, run_after=2024-09-21 00:00:00+00:00
[2024-09-21T08:09:17.092+0000] {processor.py:208} INFO - Processing /home/airflow/.local/lib/python3.12/site-packages/airflow/example_dags/example_nested_branch_dag.py took 0.128 seconds
[2024-09-21T08:09:48.138+0000] {processor.py:186} INFO - Started process (PID=1093) to work on /home/airflow/.local/lib/python3.12/site-packages/airflow/example_dags/example_nested_branch_dag.py
[2024-09-21T08:09:48.139+0000] {processor.py:914} INFO - Processing file /home/airflow/.local/lib/python3.12/site-packages/airflow/example_dags/example_nested_branch_dag.py for tasks to queue
[2024-09-21T08:09:48.141+0000] {logging_mixin.py:190} INFO - [2024-09-21T08:09:48.141+0000] {dagbag.py:587} INFO - Filling up the DagBag from /home/airflow/.local/lib/python3.12/site-packages/airflow/example_dags/example_nested_branch_dag.py
[2024-09-21T08:09:48.151+0000] {processor.py:925} INFO - DAG(s) 'example_nested_branch_dag' retrieved from /home/airflow/.local/lib/python3.12/site-packages/airflow/example_dags/example_nested_branch_dag.py
[2024-09-21T08:09:48.174+0000] {logging_mixin.py:190} INFO - [2024-09-21T08:09:48.173+0000] {dag.py:3229} INFO - Sync 1 DAGs
[2024-09-21T08:09:48.199+0000] {logging_mixin.py:190} INFO - [2024-09-21T08:09:48.198+0000] {dag.py:4156} INFO - Setting next_dagrun for example_nested_branch_dag to 2024-09-20 00:00:00+00:00, run_after=2024-09-21 00:00:00+00:00
[2024-09-21T08:09:48.222+0000] {processor.py:208} INFO - Processing /home/airflow/.local/lib/python3.12/site-packages/airflow/example_dags/example_nested_branch_dag.py took 0.089 seconds
[2024-09-21T08:10:19.651+0000] {processor.py:186} INFO - Started process (PID=1161) to work on /home/airflow/.local/lib/python3.12/site-packages/airflow/example_dags/example_nested_branch_dag.py
[2024-09-21T08:10:19.653+0000] {processor.py:914} INFO - Processing file /home/airflow/.local/lib/python3.12/site-packages/airflow/example_dags/example_nested_branch_dag.py for tasks to queue
[2024-09-21T08:10:19.657+0000] {logging_mixin.py:190} INFO - [2024-09-21T08:10:19.657+0000] {dagbag.py:587} INFO - Filling up the DagBag from /home/airflow/.local/lib/python3.12/site-packages/airflow/example_dags/example_nested_branch_dag.py
[2024-09-21T08:10:19.672+0000] {processor.py:925} INFO - DAG(s) 'example_nested_branch_dag' retrieved from /home/airflow/.local/lib/python3.12/site-packages/airflow/example_dags/example_nested_branch_dag.py
[2024-09-21T08:10:19.705+0000] {logging_mixin.py:190} INFO - [2024-09-21T08:10:19.705+0000] {dag.py:3229} INFO - Sync 1 DAGs
[2024-09-21T08:10:19.742+0000] {logging_mixin.py:190} INFO - [2024-09-21T08:10:19.741+0000] {dag.py:4156} INFO - Setting next_dagrun for example_nested_branch_dag to 2024-09-20 00:00:00+00:00, run_after=2024-09-21 00:00:00+00:00
[2024-09-21T08:10:19.776+0000] {processor.py:208} INFO - Processing /home/airflow/.local/lib/python3.12/site-packages/airflow/example_dags/example_nested_branch_dag.py took 0.135 seconds
[2024-09-21T08:10:51.336+0000] {processor.py:186} INFO - Started process (PID=1225) to work on /home/airflow/.local/lib/python3.12/site-packages/airflow/example_dags/example_nested_branch_dag.py
[2024-09-21T08:10:51.340+0000] {processor.py:914} INFO - Processing file /home/airflow/.local/lib/python3.12/site-packages/airflow/example_dags/example_nested_branch_dag.py for tasks to queue
[2024-09-21T08:10:51.347+0000] {logging_mixin.py:190} INFO - [2024-09-21T08:10:51.347+0000] {dagbag.py:587} INFO - Filling up the DagBag from /home/airflow/.local/lib/python3.12/site-packages/airflow/example_dags/example_nested_branch_dag.py
[2024-09-21T08:10:51.385+0000] {processor.py:925} INFO - DAG(s) 'example_nested_branch_dag' retrieved from /home/airflow/.local/lib/python3.12/site-packages/airflow/example_dags/example_nested_branch_dag.py
[2024-09-21T08:10:51.498+0000] {logging_mixin.py:190} INFO - [2024-09-21T08:10:51.497+0000] {dag.py:3229} INFO - Sync 1 DAGs
[2024-09-21T08:10:51.573+0000] {logging_mixin.py:190} INFO - [2024-09-21T08:10:51.572+0000] {dag.py:4156} INFO - Setting next_dagrun for example_nested_branch_dag to 2024-09-20 00:00:00+00:00, run_after=2024-09-21 00:00:00+00:00
[2024-09-21T08:10:51.630+0000] {processor.py:208} INFO - Processing /home/airflow/.local/lib/python3.12/site-packages/airflow/example_dags/example_nested_branch_dag.py took 0.311 seconds
[2024-09-21T08:11:22.464+0000] {processor.py:186} INFO - Started process (PID=1290) to work on /home/airflow/.local/lib/python3.12/site-packages/airflow/example_dags/example_nested_branch_dag.py
[2024-09-21T08:11:22.467+0000] {processor.py:914} INFO - Processing file /home/airflow/.local/lib/python3.12/site-packages/airflow/example_dags/example_nested_branch_dag.py for tasks to queue
[2024-09-21T08:11:22.472+0000] {logging_mixin.py:190} INFO - [2024-09-21T08:11:22.471+0000] {dagbag.py:587} INFO - Filling up the DagBag from /home/airflow/.local/lib/python3.12/site-packages/airflow/example_dags/example_nested_branch_dag.py
[2024-09-21T08:11:22.494+0000] {processor.py:925} INFO - DAG(s) 'example_nested_branch_dag' retrieved from /home/airflow/.local/lib/python3.12/site-packages/airflow/example_dags/example_nested_branch_dag.py
[2024-09-21T08:11:22.540+0000] {logging_mixin.py:190} INFO - [2024-09-21T08:11:22.539+0000] {dag.py:3229} INFO - Sync 1 DAGs
[2024-09-21T08:11:22.586+0000] {logging_mixin.py:190} INFO - [2024-09-21T08:11:22.586+0000] {dag.py:4156} INFO - Setting next_dagrun for example_nested_branch_dag to 2024-09-20 00:00:00+00:00, run_after=2024-09-21 00:00:00+00:00
[2024-09-21T08:11:22.622+0000] {processor.py:208} INFO - Processing /home/airflow/.local/lib/python3.12/site-packages/airflow/example_dags/example_nested_branch_dag.py took 0.169 seconds
[2024-09-21T08:11:52.959+0000] {processor.py:186} INFO - Started process (PID=1354) to work on /home/airflow/.local/lib/python3.12/site-packages/airflow/example_dags/example_nested_branch_dag.py
[2024-09-21T08:11:52.961+0000] {processor.py:914} INFO - Processing file /home/airflow/.local/lib/python3.12/site-packages/airflow/example_dags/example_nested_branch_dag.py for tasks to queue
[2024-09-21T08:11:52.966+0000] {logging_mixin.py:190} INFO - [2024-09-21T08:11:52.965+0000] {dagbag.py:587} INFO - Filling up the DagBag from /home/airflow/.local/lib/python3.12/site-packages/airflow/example_dags/example_nested_branch_dag.py
[2024-09-21T08:11:52.985+0000] {processor.py:925} INFO - DAG(s) 'example_nested_branch_dag' retrieved from /home/airflow/.local/lib/python3.12/site-packages/airflow/example_dags/example_nested_branch_dag.py
[2024-09-21T08:11:53.023+0000] {logging_mixin.py:190} INFO - [2024-09-21T08:11:53.023+0000] {dag.py:3229} INFO - Sync 1 DAGs
[2024-09-21T08:11:53.084+0000] {logging_mixin.py:190} INFO - [2024-09-21T08:11:53.084+0000] {dag.py:4156} INFO - Setting next_dagrun for example_nested_branch_dag to 2024-09-20 00:00:00+00:00, run_after=2024-09-21 00:00:00+00:00
[2024-09-21T08:11:53.153+0000] {processor.py:208} INFO - Processing /home/airflow/.local/lib/python3.12/site-packages/airflow/example_dags/example_nested_branch_dag.py took 0.204 seconds
[2024-09-21T08:12:23.235+0000] {processor.py:186} INFO - Started process (PID=1417) to work on /home/airflow/.local/lib/python3.12/site-packages/airflow/example_dags/example_nested_branch_dag.py
[2024-09-21T08:12:23.237+0000] {processor.py:914} INFO - Processing file /home/airflow/.local/lib/python3.12/site-packages/airflow/example_dags/example_nested_branch_dag.py for tasks to queue
[2024-09-21T08:12:23.240+0000] {logging_mixin.py:190} INFO - [2024-09-21T08:12:23.239+0000] {dagbag.py:587} INFO - Filling up the DagBag from /home/airflow/.local/lib/python3.12/site-packages/airflow/example_dags/example_nested_branch_dag.py
[2024-09-21T08:12:23.256+0000] {processor.py:925} INFO - DAG(s) 'example_nested_branch_dag' retrieved from /home/airflow/.local/lib/python3.12/site-packages/airflow/example_dags/example_nested_branch_dag.py
[2024-09-21T08:12:23.287+0000] {logging_mixin.py:190} INFO - [2024-09-21T08:12:23.287+0000] {dag.py:3229} INFO - Sync 1 DAGs
[2024-09-21T08:12:23.325+0000] {logging_mixin.py:190} INFO - [2024-09-21T08:12:23.324+0000] {dag.py:4156} INFO - Setting next_dagrun for example_nested_branch_dag to 2024-09-20 00:00:00+00:00, run_after=2024-09-21 00:00:00+00:00
[2024-09-21T08:12:23.351+0000] {processor.py:208} INFO - Processing /home/airflow/.local/lib/python3.12/site-packages/airflow/example_dags/example_nested_branch_dag.py took 0.124 seconds
[2024-09-21T08:12:53.943+0000] {processor.py:186} INFO - Started process (PID=1482) to work on /home/airflow/.local/lib/python3.12/site-packages/airflow/example_dags/example_nested_branch_dag.py
[2024-09-21T08:12:53.944+0000] {processor.py:914} INFO - Processing file /home/airflow/.local/lib/python3.12/site-packages/airflow/example_dags/example_nested_branch_dag.py for tasks to queue
[2024-09-21T08:12:53.948+0000] {logging_mixin.py:190} INFO - [2024-09-21T08:12:53.948+0000] {dagbag.py:587} INFO - Filling up the DagBag from /home/airflow/.local/lib/python3.12/site-packages/airflow/example_dags/example_nested_branch_dag.py
[2024-09-21T08:12:53.964+0000] {processor.py:925} INFO - DAG(s) 'example_nested_branch_dag' retrieved from /home/airflow/.local/lib/python3.12/site-packages/airflow/example_dags/example_nested_branch_dag.py
[2024-09-21T08:12:53.994+0000] {logging_mixin.py:190} INFO - [2024-09-21T08:12:53.994+0000] {dag.py:3229} INFO - Sync 1 DAGs
[2024-09-21T08:12:54.030+0000] {logging_mixin.py:190} INFO - [2024-09-21T08:12:54.030+0000] {dag.py:4156} INFO - Setting next_dagrun for example_nested_branch_dag to 2024-09-20 00:00:00+00:00, run_after=2024-09-21 00:00:00+00:00
[2024-09-21T08:12:54.060+0000] {processor.py:208} INFO - Processing /home/airflow/.local/lib/python3.12/site-packages/airflow/example_dags/example_nested_branch_dag.py took 0.126 seconds
[2024-09-21T08:13:24.462+0000] {processor.py:186} INFO - Started process (PID=1546) to work on /home/airflow/.local/lib/python3.12/site-packages/airflow/example_dags/example_nested_branch_dag.py
[2024-09-21T08:13:24.464+0000] {processor.py:914} INFO - Processing file /home/airflow/.local/lib/python3.12/site-packages/airflow/example_dags/example_nested_branch_dag.py for tasks to queue
[2024-09-21T08:13:24.467+0000] {logging_mixin.py:190} INFO - [2024-09-21T08:13:24.466+0000] {dagbag.py:587} INFO - Filling up the DagBag from /home/airflow/.local/lib/python3.12/site-packages/airflow/example_dags/example_nested_branch_dag.py
[2024-09-21T08:13:24.478+0000] {processor.py:925} INFO - DAG(s) 'example_nested_branch_dag' retrieved from /home/airflow/.local/lib/python3.12/site-packages/airflow/example_dags/example_nested_branch_dag.py
[2024-09-21T08:13:24.502+0000] {logging_mixin.py:190} INFO - [2024-09-21T08:13:24.502+0000] {dag.py:3229} INFO - Sync 1 DAGs
[2024-09-21T08:13:24.532+0000] {logging_mixin.py:190} INFO - [2024-09-21T08:13:24.532+0000] {dag.py:4156} INFO - Setting next_dagrun for example_nested_branch_dag to 2024-09-20 00:00:00+00:00, run_after=2024-09-21 00:00:00+00:00
[2024-09-21T08:13:24.554+0000] {processor.py:208} INFO - Processing /home/airflow/.local/lib/python3.12/site-packages/airflow/example_dags/example_nested_branch_dag.py took 0.098 seconds
[2024-09-21T08:13:55.577+0000] {processor.py:186} INFO - Started process (PID=1610) to work on /home/airflow/.local/lib/python3.12/site-packages/airflow/example_dags/example_nested_branch_dag.py
[2024-09-21T08:13:55.579+0000] {processor.py:914} INFO - Processing file /home/airflow/.local/lib/python3.12/site-packages/airflow/example_dags/example_nested_branch_dag.py for tasks to queue
[2024-09-21T08:13:55.583+0000] {logging_mixin.py:190} INFO - [2024-09-21T08:13:55.582+0000] {dagbag.py:587} INFO - Filling up the DagBag from /home/airflow/.local/lib/python3.12/site-packages/airflow/example_dags/example_nested_branch_dag.py
[2024-09-21T08:13:55.602+0000] {processor.py:925} INFO - DAG(s) 'example_nested_branch_dag' retrieved from /home/airflow/.local/lib/python3.12/site-packages/airflow/example_dags/example_nested_branch_dag.py
[2024-09-21T08:13:55.638+0000] {logging_mixin.py:190} INFO - [2024-09-21T08:13:55.637+0000] {dag.py:3229} INFO - Sync 1 DAGs
[2024-09-21T08:13:55.677+0000] {logging_mixin.py:190} INFO - [2024-09-21T08:13:55.676+0000] {dag.py:4156} INFO - Setting next_dagrun for example_nested_branch_dag to 2024-09-20 00:00:00+00:00, run_after=2024-09-21 00:00:00+00:00
[2024-09-21T08:13:55.712+0000] {processor.py:208} INFO - Processing /home/airflow/.local/lib/python3.12/site-packages/airflow/example_dags/example_nested_branch_dag.py took 0.143 seconds
[2024-09-21T08:14:26.381+0000] {processor.py:186} INFO - Started process (PID=1674) to work on /home/airflow/.local/lib/python3.12/site-packages/airflow/example_dags/example_nested_branch_dag.py
[2024-09-21T08:14:26.383+0000] {processor.py:914} INFO - Processing file /home/airflow/.local/lib/python3.12/site-packages/airflow/example_dags/example_nested_branch_dag.py for tasks to queue
[2024-09-21T08:14:26.386+0000] {logging_mixin.py:190} INFO - [2024-09-21T08:14:26.386+0000] {dagbag.py:587} INFO - Filling up the DagBag from /home/airflow/.local/lib/python3.12/site-packages/airflow/example_dags/example_nested_branch_dag.py
[2024-09-21T08:14:26.401+0000] {processor.py:925} INFO - DAG(s) 'example_nested_branch_dag' retrieved from /home/airflow/.local/lib/python3.12/site-packages/airflow/example_dags/example_nested_branch_dag.py
[2024-09-21T08:14:26.433+0000] {logging_mixin.py:190} INFO - [2024-09-21T08:14:26.433+0000] {dag.py:3229} INFO - Sync 1 DAGs
[2024-09-21T08:14:26.470+0000] {logging_mixin.py:190} INFO - [2024-09-21T08:14:26.469+0000] {dag.py:4156} INFO - Setting next_dagrun for example_nested_branch_dag to 2024-09-20 00:00:00+00:00, run_after=2024-09-21 00:00:00+00:00
[2024-09-21T08:14:26.498+0000] {processor.py:208} INFO - Processing /home/airflow/.local/lib/python3.12/site-packages/airflow/example_dags/example_nested_branch_dag.py took 0.124 seconds
[2024-09-21T08:14:57.748+0000] {processor.py:186} INFO - Started process (PID=1738) to work on /home/airflow/.local/lib/python3.12/site-packages/airflow/example_dags/example_nested_branch_dag.py
[2024-09-21T08:14:57.749+0000] {processor.py:914} INFO - Processing file /home/airflow/.local/lib/python3.12/site-packages/airflow/example_dags/example_nested_branch_dag.py for tasks to queue
[2024-09-21T08:14:57.754+0000] {logging_mixin.py:190} INFO - [2024-09-21T08:14:57.753+0000] {dagbag.py:587} INFO - Filling up the DagBag from /home/airflow/.local/lib/python3.12/site-packages/airflow/example_dags/example_nested_branch_dag.py
[2024-09-21T08:14:57.769+0000] {processor.py:925} INFO - DAG(s) 'example_nested_branch_dag' retrieved from /home/airflow/.local/lib/python3.12/site-packages/airflow/example_dags/example_nested_branch_dag.py
[2024-09-21T08:14:57.801+0000] {logging_mixin.py:190} INFO - [2024-09-21T08:14:57.800+0000] {dag.py:3229} INFO - Sync 1 DAGs
[2024-09-21T08:14:57.842+0000] {logging_mixin.py:190} INFO - [2024-09-21T08:14:57.842+0000] {dag.py:4156} INFO - Setting next_dagrun for example_nested_branch_dag to 2024-09-20 00:00:00+00:00, run_after=2024-09-21 00:00:00+00:00
[2024-09-21T08:14:57.875+0000] {processor.py:208} INFO - Processing /home/airflow/.local/lib/python3.12/site-packages/airflow/example_dags/example_nested_branch_dag.py took 0.135 seconds
[2024-09-21T08:15:29.605+0000] {processor.py:186} INFO - Started process (PID=1803) to work on /home/airflow/.local/lib/python3.12/site-packages/airflow/example_dags/example_nested_branch_dag.py
[2024-09-21T08:15:29.607+0000] {processor.py:914} INFO - Processing file /home/airflow/.local/lib/python3.12/site-packages/airflow/example_dags/example_nested_branch_dag.py for tasks to queue
[2024-09-21T08:15:29.610+0000] {logging_mixin.py:190} INFO - [2024-09-21T08:15:29.610+0000] {dagbag.py:587} INFO - Filling up the DagBag from /home/airflow/.local/lib/python3.12/site-packages/airflow/example_dags/example_nested_branch_dag.py
[2024-09-21T08:15:29.630+0000] {processor.py:925} INFO - DAG(s) 'example_nested_branch_dag' retrieved from /home/airflow/.local/lib/python3.12/site-packages/airflow/example_dags/example_nested_branch_dag.py
[2024-09-21T08:15:29.666+0000] {logging_mixin.py:190} INFO - [2024-09-21T08:15:29.666+0000] {dag.py:3229} INFO - Sync 1 DAGs
[2024-09-21T08:15:29.708+0000] {logging_mixin.py:190} INFO - [2024-09-21T08:15:29.708+0000] {dag.py:4156} INFO - Setting next_dagrun for example_nested_branch_dag to 2024-09-20 00:00:00+00:00, run_after=2024-09-21 00:00:00+00:00
[2024-09-21T08:15:29.737+0000] {processor.py:208} INFO - Processing /home/airflow/.local/lib/python3.12/site-packages/airflow/example_dags/example_nested_branch_dag.py took 0.140 seconds
[2024-09-21T08:16:01.737+0000] {processor.py:186} INFO - Started process (PID=1869) to work on /home/airflow/.local/lib/python3.12/site-packages/airflow/example_dags/example_nested_branch_dag.py
[2024-09-21T08:16:01.738+0000] {processor.py:914} INFO - Processing file /home/airflow/.local/lib/python3.12/site-packages/airflow/example_dags/example_nested_branch_dag.py for tasks to queue
[2024-09-21T08:16:01.742+0000] {logging_mixin.py:190} INFO - [2024-09-21T08:16:01.741+0000] {dagbag.py:587} INFO - Filling up the DagBag from /home/airflow/.local/lib/python3.12/site-packages/airflow/example_dags/example_nested_branch_dag.py
[2024-09-21T08:16:01.757+0000] {processor.py:925} INFO - DAG(s) 'example_nested_branch_dag' retrieved from /home/airflow/.local/lib/python3.12/site-packages/airflow/example_dags/example_nested_branch_dag.py
[2024-09-21T08:16:01.789+0000] {logging_mixin.py:190} INFO - [2024-09-21T08:16:01.789+0000] {dag.py:3229} INFO - Sync 1 DAGs
[2024-09-21T08:16:01.825+0000] {logging_mixin.py:190} INFO - [2024-09-21T08:16:01.824+0000] {dag.py:4156} INFO - Setting next_dagrun for example_nested_branch_dag to 2024-09-20 00:00:00+00:00, run_after=2024-09-21 00:00:00+00:00
[2024-09-21T08:16:01.854+0000] {processor.py:208} INFO - Processing /home/airflow/.local/lib/python3.12/site-packages/airflow/example_dags/example_nested_branch_dag.py took 0.124 seconds
[2024-09-21T08:16:37.387+0000] {processor.py:186} INFO - Started process (PID=1933) to work on /home/airflow/.local/lib/python3.12/site-packages/airflow/example_dags/example_nested_branch_dag.py
[2024-09-21T08:16:37.388+0000] {processor.py:914} INFO - Processing file /home/airflow/.local/lib/python3.12/site-packages/airflow/example_dags/example_nested_branch_dag.py for tasks to queue
[2024-09-21T08:16:37.391+0000] {logging_mixin.py:190} INFO - [2024-09-21T08:16:37.390+0000] {dagbag.py:587} INFO - Filling up the DagBag from /home/airflow/.local/lib/python3.12/site-packages/airflow/example_dags/example_nested_branch_dag.py
[2024-09-21T08:16:37.405+0000] {processor.py:925} INFO - DAG(s) 'example_nested_branch_dag' retrieved from /home/airflow/.local/lib/python3.12/site-packages/airflow/example_dags/example_nested_branch_dag.py
[2024-09-21T08:16:37.432+0000] {logging_mixin.py:190} INFO - [2024-09-21T08:16:37.432+0000] {dag.py:3229} INFO - Sync 1 DAGs
[2024-09-21T08:16:37.461+0000] {logging_mixin.py:190} INFO - [2024-09-21T08:16:37.461+0000] {dag.py:4156} INFO - Setting next_dagrun for example_nested_branch_dag to 2024-09-20 00:00:00+00:00, run_after=2024-09-21 00:00:00+00:00
[2024-09-21T08:16:37.491+0000] {processor.py:208} INFO - Processing /home/airflow/.local/lib/python3.12/site-packages/airflow/example_dags/example_nested_branch_dag.py took 0.110 seconds
[2024-09-21T08:17:08.014+0000] {processor.py:186} INFO - Started process (PID=1996) to work on /home/airflow/.local/lib/python3.12/site-packages/airflow/example_dags/example_nested_branch_dag.py
[2024-09-21T08:17:08.016+0000] {processor.py:914} INFO - Processing file /home/airflow/.local/lib/python3.12/site-packages/airflow/example_dags/example_nested_branch_dag.py for tasks to queue
[2024-09-21T08:17:08.021+0000] {logging_mixin.py:190} INFO - [2024-09-21T08:17:08.020+0000] {dagbag.py:587} INFO - Filling up the DagBag from /home/airflow/.local/lib/python3.12/site-packages/airflow/example_dags/example_nested_branch_dag.py
[2024-09-21T08:17:08.036+0000] {processor.py:925} INFO - DAG(s) 'example_nested_branch_dag' retrieved from /home/airflow/.local/lib/python3.12/site-packages/airflow/example_dags/example_nested_branch_dag.py
[2024-09-21T08:17:08.071+0000] {logging_mixin.py:190} INFO - [2024-09-21T08:17:08.070+0000] {dag.py:3229} INFO - Sync 1 DAGs
[2024-09-21T08:17:08.112+0000] {logging_mixin.py:190} INFO - [2024-09-21T08:17:08.111+0000] {dag.py:4156} INFO - Setting next_dagrun for example_nested_branch_dag to 2024-09-20 00:00:00+00:00, run_after=2024-09-21 00:00:00+00:00
[2024-09-21T08:17:08.143+0000] {processor.py:208} INFO - Processing /home/airflow/.local/lib/python3.12/site-packages/airflow/example_dags/example_nested_branch_dag.py took 0.136 seconds
[2024-09-21T08:17:39.676+0000] {processor.py:186} INFO - Started process (PID=2061) to work on /home/airflow/.local/lib/python3.12/site-packages/airflow/example_dags/example_nested_branch_dag.py
[2024-09-21T08:17:39.678+0000] {processor.py:914} INFO - Processing file /home/airflow/.local/lib/python3.12/site-packages/airflow/example_dags/example_nested_branch_dag.py for tasks to queue
[2024-09-21T08:17:39.682+0000] {logging_mixin.py:190} INFO - [2024-09-21T08:17:39.681+0000] {dagbag.py:587} INFO - Filling up the DagBag from /home/airflow/.local/lib/python3.12/site-packages/airflow/example_dags/example_nested_branch_dag.py
[2024-09-21T08:17:39.697+0000] {processor.py:925} INFO - DAG(s) 'example_nested_branch_dag' retrieved from /home/airflow/.local/lib/python3.12/site-packages/airflow/example_dags/example_nested_branch_dag.py
[2024-09-21T08:17:39.745+0000] {logging_mixin.py:190} INFO - [2024-09-21T08:17:39.745+0000] {dag.py:3229} INFO - Sync 1 DAGs
[2024-09-21T08:17:39.784+0000] {logging_mixin.py:190} INFO - [2024-09-21T08:17:39.783+0000] {dag.py:4156} INFO - Setting next_dagrun for example_nested_branch_dag to 2024-09-20 00:00:00+00:00, run_after=2024-09-21 00:00:00+00:00
[2024-09-21T08:17:39.813+0000] {processor.py:208} INFO - Processing /home/airflow/.local/lib/python3.12/site-packages/airflow/example_dags/example_nested_branch_dag.py took 0.143 seconds
[2024-09-21T08:18:11.077+0000] {processor.py:186} INFO - Started process (PID=2131) to work on /home/airflow/.local/lib/python3.12/site-packages/airflow/example_dags/example_nested_branch_dag.py
[2024-09-21T08:18:11.079+0000] {processor.py:914} INFO - Processing file /home/airflow/.local/lib/python3.12/site-packages/airflow/example_dags/example_nested_branch_dag.py for tasks to queue
[2024-09-21T08:18:11.082+0000] {logging_mixin.py:190} INFO - [2024-09-21T08:18:11.082+0000] {dagbag.py:587} INFO - Filling up the DagBag from /home/airflow/.local/lib/python3.12/site-packages/airflow/example_dags/example_nested_branch_dag.py
[2024-09-21T08:18:11.098+0000] {processor.py:925} INFO - DAG(s) 'example_nested_branch_dag' retrieved from /home/airflow/.local/lib/python3.12/site-packages/airflow/example_dags/example_nested_branch_dag.py
[2024-09-21T08:18:11.133+0000] {logging_mixin.py:190} INFO - [2024-09-21T08:18:11.133+0000] {dag.py:3229} INFO - Sync 1 DAGs
[2024-09-21T08:18:11.174+0000] {logging_mixin.py:190} INFO - [2024-09-21T08:18:11.173+0000] {dag.py:4156} INFO - Setting next_dagrun for example_nested_branch_dag to 2024-09-20 00:00:00+00:00, run_after=2024-09-21 00:00:00+00:00
[2024-09-21T08:18:11.211+0000] {processor.py:208} INFO - Processing /home/airflow/.local/lib/python3.12/site-packages/airflow/example_dags/example_nested_branch_dag.py took 0.142 seconds
[2024-09-21T08:18:43.252+0000] {processor.py:186} INFO - Started process (PID=2195) to work on /home/airflow/.local/lib/python3.12/site-packages/airflow/example_dags/example_nested_branch_dag.py
[2024-09-21T08:18:43.254+0000] {processor.py:914} INFO - Processing file /home/airflow/.local/lib/python3.12/site-packages/airflow/example_dags/example_nested_branch_dag.py for tasks to queue
[2024-09-21T08:18:43.260+0000] {logging_mixin.py:190} INFO - [2024-09-21T08:18:43.259+0000] {dagbag.py:587} INFO - Filling up the DagBag from /home/airflow/.local/lib/python3.12/site-packages/airflow/example_dags/example_nested_branch_dag.py
[2024-09-21T08:18:43.283+0000] {processor.py:925} INFO - DAG(s) 'example_nested_branch_dag' retrieved from /home/airflow/.local/lib/python3.12/site-packages/airflow/example_dags/example_nested_branch_dag.py
[2024-09-21T08:18:43.324+0000] {logging_mixin.py:190} INFO - [2024-09-21T08:18:43.322+0000] {dag.py:3229} INFO - Sync 1 DAGs
[2024-09-21T08:18:43.377+0000] {logging_mixin.py:190} INFO - [2024-09-21T08:18:43.376+0000] {dag.py:4156} INFO - Setting next_dagrun for example_nested_branch_dag to 2024-09-20 00:00:00+00:00, run_after=2024-09-21 00:00:00+00:00
[2024-09-21T08:18:43.417+0000] {processor.py:208} INFO - Processing /home/airflow/.local/lib/python3.12/site-packages/airflow/example_dags/example_nested_branch_dag.py took 0.172 seconds
[2024-09-21T08:19:14.327+0000] {processor.py:186} INFO - Started process (PID=2259) to work on /home/airflow/.local/lib/python3.12/site-packages/airflow/example_dags/example_nested_branch_dag.py
[2024-09-21T08:19:14.329+0000] {processor.py:914} INFO - Processing file /home/airflow/.local/lib/python3.12/site-packages/airflow/example_dags/example_nested_branch_dag.py for tasks to queue
[2024-09-21T08:19:14.333+0000] {logging_mixin.py:190} INFO - [2024-09-21T08:19:14.333+0000] {dagbag.py:587} INFO - Filling up the DagBag from /home/airflow/.local/lib/python3.12/site-packages/airflow/example_dags/example_nested_branch_dag.py
[2024-09-21T08:19:14.350+0000] {processor.py:925} INFO - DAG(s) 'example_nested_branch_dag' retrieved from /home/airflow/.local/lib/python3.12/site-packages/airflow/example_dags/example_nested_branch_dag.py
[2024-09-21T08:19:14.387+0000] {logging_mixin.py:190} INFO - [2024-09-21T08:19:14.386+0000] {dag.py:3229} INFO - Sync 1 DAGs
[2024-09-21T08:19:14.425+0000] {logging_mixin.py:190} INFO - [2024-09-21T08:19:14.425+0000] {dag.py:4156} INFO - Setting next_dagrun for example_nested_branch_dag to 2024-09-20 00:00:00+00:00, run_after=2024-09-21 00:00:00+00:00
[2024-09-21T08:19:14.462+0000] {processor.py:208} INFO - Processing /home/airflow/.local/lib/python3.12/site-packages/airflow/example_dags/example_nested_branch_dag.py took 0.144 seconds
[2024-09-21T08:19:46.151+0000] {processor.py:186} INFO - Started process (PID=2323) to work on /home/airflow/.local/lib/python3.12/site-packages/airflow/example_dags/example_nested_branch_dag.py
[2024-09-21T08:19:46.152+0000] {processor.py:914} INFO - Processing file /home/airflow/.local/lib/python3.12/site-packages/airflow/example_dags/example_nested_branch_dag.py for tasks to queue
[2024-09-21T08:19:46.156+0000] {logging_mixin.py:190} INFO - [2024-09-21T08:19:46.155+0000] {dagbag.py:587} INFO - Filling up the DagBag from /home/airflow/.local/lib/python3.12/site-packages/airflow/example_dags/example_nested_branch_dag.py
[2024-09-21T08:19:46.171+0000] {processor.py:925} INFO - DAG(s) 'example_nested_branch_dag' retrieved from /home/airflow/.local/lib/python3.12/site-packages/airflow/example_dags/example_nested_branch_dag.py
[2024-09-21T08:19:46.204+0000] {logging_mixin.py:190} INFO - [2024-09-21T08:19:46.204+0000] {dag.py:3229} INFO - Sync 1 DAGs
[2024-09-21T08:19:46.240+0000] {logging_mixin.py:190} INFO - [2024-09-21T08:19:46.240+0000] {dag.py:4156} INFO - Setting next_dagrun for example_nested_branch_dag to 2024-09-20 00:00:00+00:00, run_after=2024-09-21 00:00:00+00:00
[2024-09-21T08:19:46.268+0000] {processor.py:208} INFO - Processing /home/airflow/.local/lib/python3.12/site-packages/airflow/example_dags/example_nested_branch_dag.py took 0.125 seconds
[2024-09-21T08:20:17.821+0000] {processor.py:186} INFO - Started process (PID=2396) to work on /home/airflow/.local/lib/python3.12/site-packages/airflow/example_dags/example_nested_branch_dag.py
[2024-09-21T08:20:17.822+0000] {processor.py:914} INFO - Processing file /home/airflow/.local/lib/python3.12/site-packages/airflow/example_dags/example_nested_branch_dag.py for tasks to queue
[2024-09-21T08:20:17.826+0000] {logging_mixin.py:190} INFO - [2024-09-21T08:20:17.825+0000] {dagbag.py:587} INFO - Filling up the DagBag from /home/airflow/.local/lib/python3.12/site-packages/airflow/example_dags/example_nested_branch_dag.py
[2024-09-21T08:20:17.841+0000] {processor.py:925} INFO - DAG(s) 'example_nested_branch_dag' retrieved from /home/airflow/.local/lib/python3.12/site-packages/airflow/example_dags/example_nested_branch_dag.py
[2024-09-21T08:20:17.870+0000] {logging_mixin.py:190} INFO - [2024-09-21T08:20:17.869+0000] {dag.py:3229} INFO - Sync 1 DAGs
[2024-09-21T08:20:17.905+0000] {logging_mixin.py:190} INFO - [2024-09-21T08:20:17.905+0000] {dag.py:4156} INFO - Setting next_dagrun for example_nested_branch_dag to 2024-09-20 00:00:00+00:00, run_after=2024-09-21 00:00:00+00:00
[2024-09-21T08:20:17.936+0000] {processor.py:208} INFO - Processing /home/airflow/.local/lib/python3.12/site-packages/airflow/example_dags/example_nested_branch_dag.py took 0.124 seconds
[2024-09-21T08:20:49.848+0000] {processor.py:186} INFO - Started process (PID=2459) to work on /home/airflow/.local/lib/python3.12/site-packages/airflow/example_dags/example_nested_branch_dag.py
[2024-09-21T08:20:49.850+0000] {processor.py:914} INFO - Processing file /home/airflow/.local/lib/python3.12/site-packages/airflow/example_dags/example_nested_branch_dag.py for tasks to queue
[2024-09-21T08:20:49.854+0000] {logging_mixin.py:190} INFO - [2024-09-21T08:20:49.853+0000] {dagbag.py:587} INFO - Filling up the DagBag from /home/airflow/.local/lib/python3.12/site-packages/airflow/example_dags/example_nested_branch_dag.py
[2024-09-21T08:20:49.870+0000] {processor.py:925} INFO - DAG(s) 'example_nested_branch_dag' retrieved from /home/airflow/.local/lib/python3.12/site-packages/airflow/example_dags/example_nested_branch_dag.py
[2024-09-21T08:20:49.903+0000] {logging_mixin.py:190} INFO - [2024-09-21T08:20:49.903+0000] {dag.py:3229} INFO - Sync 1 DAGs
[2024-09-21T08:20:49.942+0000] {logging_mixin.py:190} INFO - [2024-09-21T08:20:49.942+0000] {dag.py:4156} INFO - Setting next_dagrun for example_nested_branch_dag to 2024-09-20 00:00:00+00:00, run_after=2024-09-21 00:00:00+00:00
[2024-09-21T08:20:49.995+0000] {processor.py:208} INFO - Processing /home/airflow/.local/lib/python3.12/site-packages/airflow/example_dags/example_nested_branch_dag.py took 0.154 seconds
[2024-09-21T08:21:20.306+0000] {processor.py:186} INFO - Started process (PID=2523) to work on /home/airflow/.local/lib/python3.12/site-packages/airflow/example_dags/example_nested_branch_dag.py
[2024-09-21T08:21:20.308+0000] {processor.py:914} INFO - Processing file /home/airflow/.local/lib/python3.12/site-packages/airflow/example_dags/example_nested_branch_dag.py for tasks to queue
[2024-09-21T08:21:20.312+0000] {logging_mixin.py:190} INFO - [2024-09-21T08:21:20.312+0000] {dagbag.py:587} INFO - Filling up the DagBag from /home/airflow/.local/lib/python3.12/site-packages/airflow/example_dags/example_nested_branch_dag.py
[2024-09-21T08:21:20.327+0000] {processor.py:925} INFO - DAG(s) 'example_nested_branch_dag' retrieved from /home/airflow/.local/lib/python3.12/site-packages/airflow/example_dags/example_nested_branch_dag.py
[2024-09-21T08:21:20.360+0000] {logging_mixin.py:190} INFO - [2024-09-21T08:21:20.359+0000] {dag.py:3229} INFO - Sync 1 DAGs
[2024-09-21T08:21:20.400+0000] {logging_mixin.py:190} INFO - [2024-09-21T08:21:20.400+0000] {dag.py:4156} INFO - Setting next_dagrun for example_nested_branch_dag to 2024-09-20 00:00:00+00:00, run_after=2024-09-21 00:00:00+00:00
[2024-09-21T08:21:20.429+0000] {processor.py:208} INFO - Processing /home/airflow/.local/lib/python3.12/site-packages/airflow/example_dags/example_nested_branch_dag.py took 0.130 seconds
[2024-09-21T08:21:51.213+0000] {processor.py:186} INFO - Started process (PID=2587) to work on /home/airflow/.local/lib/python3.12/site-packages/airflow/example_dags/example_nested_branch_dag.py
[2024-09-21T08:21:51.215+0000] {processor.py:914} INFO - Processing file /home/airflow/.local/lib/python3.12/site-packages/airflow/example_dags/example_nested_branch_dag.py for tasks to queue
[2024-09-21T08:21:51.220+0000] {logging_mixin.py:190} INFO - [2024-09-21T08:21:51.219+0000] {dagbag.py:587} INFO - Filling up the DagBag from /home/airflow/.local/lib/python3.12/site-packages/airflow/example_dags/example_nested_branch_dag.py
[2024-09-21T08:21:51.235+0000] {processor.py:925} INFO - DAG(s) 'example_nested_branch_dag' retrieved from /home/airflow/.local/lib/python3.12/site-packages/airflow/example_dags/example_nested_branch_dag.py
[2024-09-21T08:21:51.267+0000] {logging_mixin.py:190} INFO - [2024-09-21T08:21:51.267+0000] {dag.py:3229} INFO - Sync 1 DAGs
[2024-09-21T08:21:51.306+0000] {logging_mixin.py:190} INFO - [2024-09-21T08:21:51.304+0000] {dag.py:4156} INFO - Setting next_dagrun for example_nested_branch_dag to 2024-09-20 00:00:00+00:00, run_after=2024-09-21 00:00:00+00:00
[2024-09-21T08:21:51.335+0000] {processor.py:208} INFO - Processing /home/airflow/.local/lib/python3.12/site-packages/airflow/example_dags/example_nested_branch_dag.py took 0.130 seconds
[2024-09-21T08:22:23.128+0000] {processor.py:186} INFO - Started process (PID=2652) to work on /home/airflow/.local/lib/python3.12/site-packages/airflow/example_dags/example_nested_branch_dag.py
[2024-09-21T08:22:23.129+0000] {processor.py:914} INFO - Processing file /home/airflow/.local/lib/python3.12/site-packages/airflow/example_dags/example_nested_branch_dag.py for tasks to queue
[2024-09-21T08:22:23.133+0000] {logging_mixin.py:190} INFO - [2024-09-21T08:22:23.132+0000] {dagbag.py:587} INFO - Filling up the DagBag from /home/airflow/.local/lib/python3.12/site-packages/airflow/example_dags/example_nested_branch_dag.py
[2024-09-21T08:22:23.148+0000] {processor.py:925} INFO - DAG(s) 'example_nested_branch_dag' retrieved from /home/airflow/.local/lib/python3.12/site-packages/airflow/example_dags/example_nested_branch_dag.py
[2024-09-21T08:22:23.178+0000] {logging_mixin.py:190} INFO - [2024-09-21T08:22:23.177+0000] {dag.py:3229} INFO - Sync 1 DAGs
[2024-09-21T08:22:23.213+0000] {logging_mixin.py:190} INFO - [2024-09-21T08:22:23.213+0000] {dag.py:4156} INFO - Setting next_dagrun for example_nested_branch_dag to 2024-09-20 00:00:00+00:00, run_after=2024-09-21 00:00:00+00:00
[2024-09-21T08:22:23.246+0000] {processor.py:208} INFO - Processing /home/airflow/.local/lib/python3.12/site-packages/airflow/example_dags/example_nested_branch_dag.py took 0.125 seconds
[2024-09-21T08:22:54.132+0000] {processor.py:186} INFO - Started process (PID=2716) to work on /home/airflow/.local/lib/python3.12/site-packages/airflow/example_dags/example_nested_branch_dag.py
[2024-09-21T08:22:54.134+0000] {processor.py:914} INFO - Processing file /home/airflow/.local/lib/python3.12/site-packages/airflow/example_dags/example_nested_branch_dag.py for tasks to queue
[2024-09-21T08:22:54.137+0000] {logging_mixin.py:190} INFO - [2024-09-21T08:22:54.137+0000] {dagbag.py:587} INFO - Filling up the DagBag from /home/airflow/.local/lib/python3.12/site-packages/airflow/example_dags/example_nested_branch_dag.py
[2024-09-21T08:22:54.153+0000] {processor.py:925} INFO - DAG(s) 'example_nested_branch_dag' retrieved from /home/airflow/.local/lib/python3.12/site-packages/airflow/example_dags/example_nested_branch_dag.py
[2024-09-21T08:22:54.185+0000] {logging_mixin.py:190} INFO - [2024-09-21T08:22:54.184+0000] {dag.py:3229} INFO - Sync 1 DAGs
[2024-09-21T08:22:54.221+0000] {logging_mixin.py:190} INFO - [2024-09-21T08:22:54.221+0000] {dag.py:4156} INFO - Setting next_dagrun for example_nested_branch_dag to 2024-09-20 00:00:00+00:00, run_after=2024-09-21 00:00:00+00:00
[2024-09-21T08:22:54.256+0000] {processor.py:208} INFO - Processing /home/airflow/.local/lib/python3.12/site-packages/airflow/example_dags/example_nested_branch_dag.py took 0.133 seconds
[2024-09-21T08:23:26.359+0000] {processor.py:186} INFO - Started process (PID=2781) to work on /home/airflow/.local/lib/python3.12/site-packages/airflow/example_dags/example_nested_branch_dag.py
[2024-09-21T08:23:26.362+0000] {processor.py:914} INFO - Processing file /home/airflow/.local/lib/python3.12/site-packages/airflow/example_dags/example_nested_branch_dag.py for tasks to queue
[2024-09-21T08:23:26.365+0000] {logging_mixin.py:190} INFO - [2024-09-21T08:23:26.365+0000] {dagbag.py:587} INFO - Filling up the DagBag from /home/airflow/.local/lib/python3.12/site-packages/airflow/example_dags/example_nested_branch_dag.py
[2024-09-21T08:23:26.381+0000] {processor.py:925} INFO - DAG(s) 'example_nested_branch_dag' retrieved from /home/airflow/.local/lib/python3.12/site-packages/airflow/example_dags/example_nested_branch_dag.py
[2024-09-21T08:23:26.415+0000] {logging_mixin.py:190} INFO - [2024-09-21T08:23:26.414+0000] {dag.py:3229} INFO - Sync 1 DAGs
[2024-09-21T08:23:26.455+0000] {logging_mixin.py:190} INFO - [2024-09-21T08:23:26.454+0000] {dag.py:4156} INFO - Setting next_dagrun for example_nested_branch_dag to 2024-09-20 00:00:00+00:00, run_after=2024-09-21 00:00:00+00:00
[2024-09-21T08:23:26.486+0000] {processor.py:208} INFO - Processing /home/airflow/.local/lib/python3.12/site-packages/airflow/example_dags/example_nested_branch_dag.py took 0.136 seconds
[2024-09-21T08:23:57.204+0000] {processor.py:186} INFO - Started process (PID=2844) to work on /home/airflow/.local/lib/python3.12/site-packages/airflow/example_dags/example_nested_branch_dag.py
[2024-09-21T08:23:57.206+0000] {processor.py:914} INFO - Processing file /home/airflow/.local/lib/python3.12/site-packages/airflow/example_dags/example_nested_branch_dag.py for tasks to queue
[2024-09-21T08:23:57.209+0000] {logging_mixin.py:190} INFO - [2024-09-21T08:23:57.208+0000] {dagbag.py:587} INFO - Filling up the DagBag from /home/airflow/.local/lib/python3.12/site-packages/airflow/example_dags/example_nested_branch_dag.py
[2024-09-21T08:23:57.225+0000] {processor.py:925} INFO - DAG(s) 'example_nested_branch_dag' retrieved from /home/airflow/.local/lib/python3.12/site-packages/airflow/example_dags/example_nested_branch_dag.py
[2024-09-21T08:23:57.254+0000] {logging_mixin.py:190} INFO - [2024-09-21T08:23:57.254+0000] {dag.py:3229} INFO - Sync 1 DAGs
[2024-09-21T08:23:57.290+0000] {logging_mixin.py:190} INFO - [2024-09-21T08:23:57.290+0000] {dag.py:4156} INFO - Setting next_dagrun for example_nested_branch_dag to 2024-09-20 00:00:00+00:00, run_after=2024-09-21 00:00:00+00:00
[2024-09-21T08:23:57.318+0000] {processor.py:208} INFO - Processing /home/airflow/.local/lib/python3.12/site-packages/airflow/example_dags/example_nested_branch_dag.py took 0.121 seconds
[2024-09-21T08:24:28.350+0000] {processor.py:186} INFO - Started process (PID=2910) to work on /home/airflow/.local/lib/python3.12/site-packages/airflow/example_dags/example_nested_branch_dag.py
[2024-09-21T08:24:28.352+0000] {processor.py:914} INFO - Processing file /home/airflow/.local/lib/python3.12/site-packages/airflow/example_dags/example_nested_branch_dag.py for tasks to queue
[2024-09-21T08:24:28.354+0000] {logging_mixin.py:190} INFO - [2024-09-21T08:24:28.354+0000] {dagbag.py:587} INFO - Filling up the DagBag from /home/airflow/.local/lib/python3.12/site-packages/airflow/example_dags/example_nested_branch_dag.py
[2024-09-21T08:24:28.366+0000] {processor.py:925} INFO - DAG(s) 'example_nested_branch_dag' retrieved from /home/airflow/.local/lib/python3.12/site-packages/airflow/example_dags/example_nested_branch_dag.py
[2024-09-21T08:24:28.392+0000] {logging_mixin.py:190} INFO - [2024-09-21T08:24:28.392+0000] {dag.py:3229} INFO - Sync 1 DAGs
[2024-09-21T08:24:28.428+0000] {logging_mixin.py:190} INFO - [2024-09-21T08:24:28.427+0000] {dag.py:4156} INFO - Setting next_dagrun for example_nested_branch_dag to 2024-09-20 00:00:00+00:00, run_after=2024-09-21 00:00:00+00:00
[2024-09-21T08:24:28.457+0000] {processor.py:208} INFO - Processing /home/airflow/.local/lib/python3.12/site-packages/airflow/example_dags/example_nested_branch_dag.py took 0.115 seconds
[2024-09-21T08:25:00.056+0000] {processor.py:186} INFO - Started process (PID=2973) to work on /home/airflow/.local/lib/python3.12/site-packages/airflow/example_dags/example_nested_branch_dag.py
[2024-09-21T08:25:00.057+0000] {processor.py:914} INFO - Processing file /home/airflow/.local/lib/python3.12/site-packages/airflow/example_dags/example_nested_branch_dag.py for tasks to queue
[2024-09-21T08:25:00.061+0000] {logging_mixin.py:190} INFO - [2024-09-21T08:25:00.060+0000] {dagbag.py:587} INFO - Filling up the DagBag from /home/airflow/.local/lib/python3.12/site-packages/airflow/example_dags/example_nested_branch_dag.py
[2024-09-21T08:25:00.077+0000] {processor.py:925} INFO - DAG(s) 'example_nested_branch_dag' retrieved from /home/airflow/.local/lib/python3.12/site-packages/airflow/example_dags/example_nested_branch_dag.py
[2024-09-21T08:25:00.117+0000] {logging_mixin.py:190} INFO - [2024-09-21T08:25:00.117+0000] {dag.py:3229} INFO - Sync 1 DAGs
[2024-09-21T08:25:00.155+0000] {logging_mixin.py:190} INFO - [2024-09-21T08:25:00.155+0000] {dag.py:4156} INFO - Setting next_dagrun for example_nested_branch_dag to 2024-09-20 00:00:00+00:00, run_after=2024-09-21 00:00:00+00:00
[2024-09-21T08:25:00.187+0000] {processor.py:208} INFO - Processing /home/airflow/.local/lib/python3.12/site-packages/airflow/example_dags/example_nested_branch_dag.py took 0.139 seconds
