[2024-09-21T07:59:04.466+0000] {processor.py:186} INFO - Started process (PID=70) to work on /home/airflow/.local/lib/python3.12/site-packages/airflow/example_dags/example_sla_dag.py
[2024-09-21T07:59:04.468+0000] {processor.py:914} INFO - Processing file /home/airflow/.local/lib/python3.12/site-packages/airflow/example_dags/example_sla_dag.py for tasks to queue
[2024-09-21T07:59:04.479+0000] {logging_mixin.py:190} INFO - [2024-09-21T07:59:04.477+0000] {dagbag.py:587} INFO - Filling up the DagBag from /home/airflow/.local/lib/python3.12/site-packages/airflow/example_dags/example_sla_dag.py
[2024-09-21T07:59:04.509+0000] {processor.py:925} INFO - DAG(s) 'example_sla_dag' retrieved from /home/airflow/.local/lib/python3.12/site-packages/airflow/example_dags/example_sla_dag.py
[2024-09-21T07:59:04.544+0000] {logging_mixin.py:190} INFO - [2024-09-21T07:59:04.543+0000] {dag.py:3229} INFO - Sync 1 DAGs
[2024-09-21T07:59:04.588+0000] {logging_mixin.py:190} INFO - [2024-09-21T07:59:04.587+0000] {dag.py:4156} INFO - Setting next_dagrun for example_sla_dag to 2024-09-21 07:56:00+00:00, run_after=2024-09-21 07:58:00+00:00
[2024-09-21T07:59:04.637+0000] {processor.py:208} INFO - Processing /home/airflow/.local/lib/python3.12/site-packages/airflow/example_dags/example_sla_dag.py took 0.188 seconds
[2024-09-21T07:59:35.523+0000] {processor.py:186} INFO - Started process (PID=138) to work on /home/airflow/.local/lib/python3.12/site-packages/airflow/example_dags/example_sla_dag.py
[2024-09-21T07:59:35.525+0000] {processor.py:914} INFO - Processing file /home/airflow/.local/lib/python3.12/site-packages/airflow/example_dags/example_sla_dag.py for tasks to queue
[2024-09-21T07:59:35.528+0000] {logging_mixin.py:190} INFO - [2024-09-21T07:59:35.527+0000] {dagbag.py:587} INFO - Filling up the DagBag from /home/airflow/.local/lib/python3.12/site-packages/airflow/example_dags/example_sla_dag.py
[2024-09-21T07:59:35.540+0000] {processor.py:925} INFO - DAG(s) 'example_sla_dag' retrieved from /home/airflow/.local/lib/python3.12/site-packages/airflow/example_dags/example_sla_dag.py
[2024-09-21T07:59:35.564+0000] {logging_mixin.py:190} INFO - [2024-09-21T07:59:35.563+0000] {dag.py:3229} INFO - Sync 1 DAGs
[2024-09-21T07:59:35.597+0000] {logging_mixin.py:190} INFO - [2024-09-21T07:59:35.596+0000] {dag.py:4156} INFO - Setting next_dagrun for example_sla_dag to 2024-09-21 07:56:00+00:00, run_after=2024-09-21 07:58:00+00:00
[2024-09-21T07:59:35.628+0000] {processor.py:208} INFO - Processing /home/airflow/.local/lib/python3.12/site-packages/airflow/example_dags/example_sla_dag.py took 0.111 seconds
[2024-09-21T08:00:06.181+0000] {processor.py:186} INFO - Started process (PID=210) to work on /home/airflow/.local/lib/python3.12/site-packages/airflow/example_dags/example_sla_dag.py
[2024-09-21T08:00:06.188+0000] {processor.py:914} INFO - Processing file /home/airflow/.local/lib/python3.12/site-packages/airflow/example_dags/example_sla_dag.py for tasks to queue
[2024-09-21T08:00:06.194+0000] {logging_mixin.py:190} INFO - [2024-09-21T08:00:06.193+0000] {dagbag.py:587} INFO - Filling up the DagBag from /home/airflow/.local/lib/python3.12/site-packages/airflow/example_dags/example_sla_dag.py
[2024-09-21T08:00:06.220+0000] {processor.py:925} INFO - DAG(s) 'example_sla_dag' retrieved from /home/airflow/.local/lib/python3.12/site-packages/airflow/example_dags/example_sla_dag.py
[2024-09-21T08:00:06.282+0000] {logging_mixin.py:190} INFO - [2024-09-21T08:00:06.281+0000] {dag.py:3229} INFO - Sync 1 DAGs
[2024-09-21T08:00:06.356+0000] {logging_mixin.py:190} INFO - [2024-09-21T08:00:06.356+0000] {dag.py:4156} INFO - Setting next_dagrun for example_sla_dag to 2024-09-21 07:58:00+00:00, run_after=2024-09-21 08:00:00+00:00
[2024-09-21T08:00:06.399+0000] {processor.py:208} INFO - Processing /home/airflow/.local/lib/python3.12/site-packages/airflow/example_dags/example_sla_dag.py took 0.233 seconds
[2024-09-21T08:01:32.028+0000] {processor.py:186} INFO - Started process (PID=48) to work on /home/airflow/.local/lib/python3.12/site-packages/airflow/example_dags/example_sla_dag.py
[2024-09-21T08:01:32.030+0000] {processor.py:914} INFO - Processing file /home/airflow/.local/lib/python3.12/site-packages/airflow/example_dags/example_sla_dag.py for tasks to queue
[2024-09-21T08:01:32.034+0000] {logging_mixin.py:190} INFO - [2024-09-21T08:01:32.033+0000] {dagbag.py:587} INFO - Filling up the DagBag from /home/airflow/.local/lib/python3.12/site-packages/airflow/example_dags/example_sla_dag.py
[2024-09-21T08:01:32.045+0000] {processor.py:925} INFO - DAG(s) 'example_sla_dag' retrieved from /home/airflow/.local/lib/python3.12/site-packages/airflow/example_dags/example_sla_dag.py
[2024-09-21T08:01:32.071+0000] {logging_mixin.py:190} INFO - [2024-09-21T08:01:32.071+0000] {dag.py:3229} INFO - Sync 1 DAGs
[2024-09-21T08:01:32.103+0000] {logging_mixin.py:190} INFO - [2024-09-21T08:01:32.103+0000] {dag.py:4156} INFO - Setting next_dagrun for example_sla_dag to 2024-09-21 07:58:00+00:00, run_after=2024-09-21 08:00:00+00:00
[2024-09-21T08:01:32.160+0000] {processor.py:208} INFO - Processing /home/airflow/.local/lib/python3.12/site-packages/airflow/example_dags/example_sla_dag.py took 0.137 seconds
[2024-09-21T08:02:02.509+0000] {processor.py:186} INFO - Started process (PID=112) to work on /home/airflow/.local/lib/python3.12/site-packages/airflow/example_dags/example_sla_dag.py
[2024-09-21T08:02:02.511+0000] {processor.py:914} INFO - Processing file /home/airflow/.local/lib/python3.12/site-packages/airflow/example_dags/example_sla_dag.py for tasks to queue
[2024-09-21T08:02:02.514+0000] {logging_mixin.py:190} INFO - [2024-09-21T08:02:02.514+0000] {dagbag.py:587} INFO - Filling up the DagBag from /home/airflow/.local/lib/python3.12/site-packages/airflow/example_dags/example_sla_dag.py
[2024-09-21T08:02:02.528+0000] {processor.py:925} INFO - DAG(s) 'example_sla_dag' retrieved from /home/airflow/.local/lib/python3.12/site-packages/airflow/example_dags/example_sla_dag.py
[2024-09-21T08:02:02.568+0000] {logging_mixin.py:190} INFO - [2024-09-21T08:02:02.567+0000] {dag.py:3229} INFO - Sync 1 DAGs
[2024-09-21T08:02:02.606+0000] {logging_mixin.py:190} INFO - [2024-09-21T08:02:02.605+0000] {dag.py:4156} INFO - Setting next_dagrun for example_sla_dag to 2024-09-21 08:00:00+00:00, run_after=2024-09-21 08:02:00+00:00
[2024-09-21T08:02:02.638+0000] {processor.py:208} INFO - Processing /home/airflow/.local/lib/python3.12/site-packages/airflow/example_dags/example_sla_dag.py took 0.136 seconds
[2024-09-21T08:02:33.272+0000] {processor.py:186} INFO - Started process (PID=177) to work on /home/airflow/.local/lib/python3.12/site-packages/airflow/example_dags/example_sla_dag.py
[2024-09-21T08:02:33.274+0000] {processor.py:914} INFO - Processing file /home/airflow/.local/lib/python3.12/site-packages/airflow/example_dags/example_sla_dag.py for tasks to queue
[2024-09-21T08:02:33.277+0000] {logging_mixin.py:190} INFO - [2024-09-21T08:02:33.277+0000] {dagbag.py:587} INFO - Filling up the DagBag from /home/airflow/.local/lib/python3.12/site-packages/airflow/example_dags/example_sla_dag.py
[2024-09-21T08:02:33.291+0000] {processor.py:925} INFO - DAG(s) 'example_sla_dag' retrieved from /home/airflow/.local/lib/python3.12/site-packages/airflow/example_dags/example_sla_dag.py
[2024-09-21T08:02:33.319+0000] {logging_mixin.py:190} INFO - [2024-09-21T08:02:33.319+0000] {dag.py:3229} INFO - Sync 1 DAGs
[2024-09-21T08:02:33.357+0000] {logging_mixin.py:190} INFO - [2024-09-21T08:02:33.356+0000] {dag.py:4156} INFO - Setting next_dagrun for example_sla_dag to 2024-09-21 08:00:00+00:00, run_after=2024-09-21 08:02:00+00:00
[2024-09-21T08:02:33.389+0000] {processor.py:208} INFO - Processing /home/airflow/.local/lib/python3.12/site-packages/airflow/example_dags/example_sla_dag.py took 0.124 seconds
[2024-09-21T08:03:04.181+0000] {processor.py:186} INFO - Started process (PID=241) to work on /home/airflow/.local/lib/python3.12/site-packages/airflow/example_dags/example_sla_dag.py
[2024-09-21T08:03:04.183+0000] {processor.py:914} INFO - Processing file /home/airflow/.local/lib/python3.12/site-packages/airflow/example_dags/example_sla_dag.py for tasks to queue
[2024-09-21T08:03:04.188+0000] {logging_mixin.py:190} INFO - [2024-09-21T08:03:04.187+0000] {dagbag.py:587} INFO - Filling up the DagBag from /home/airflow/.local/lib/python3.12/site-packages/airflow/example_dags/example_sla_dag.py
[2024-09-21T08:03:04.203+0000] {processor.py:925} INFO - DAG(s) 'example_sla_dag' retrieved from /home/airflow/.local/lib/python3.12/site-packages/airflow/example_dags/example_sla_dag.py
[2024-09-21T08:03:04.237+0000] {logging_mixin.py:190} INFO - [2024-09-21T08:03:04.236+0000] {dag.py:3229} INFO - Sync 1 DAGs
[2024-09-21T08:03:04.283+0000] {logging_mixin.py:190} INFO - [2024-09-21T08:03:04.283+0000] {dag.py:4156} INFO - Setting next_dagrun for example_sla_dag to 2024-09-21 08:00:00+00:00, run_after=2024-09-21 08:02:00+00:00
[2024-09-21T08:03:04.319+0000] {processor.py:208} INFO - Processing /home/airflow/.local/lib/python3.12/site-packages/airflow/example_dags/example_sla_dag.py took 0.147 seconds
[2024-09-21T08:03:35.372+0000] {processor.py:186} INFO - Started process (PID=304) to work on /home/airflow/.local/lib/python3.12/site-packages/airflow/example_dags/example_sla_dag.py
[2024-09-21T08:03:35.375+0000] {processor.py:914} INFO - Processing file /home/airflow/.local/lib/python3.12/site-packages/airflow/example_dags/example_sla_dag.py for tasks to queue
[2024-09-21T08:03:35.379+0000] {logging_mixin.py:190} INFO - [2024-09-21T08:03:35.378+0000] {dagbag.py:587} INFO - Filling up the DagBag from /home/airflow/.local/lib/python3.12/site-packages/airflow/example_dags/example_sla_dag.py
[2024-09-21T08:03:35.395+0000] {processor.py:925} INFO - DAG(s) 'example_sla_dag' retrieved from /home/airflow/.local/lib/python3.12/site-packages/airflow/example_dags/example_sla_dag.py
[2024-09-21T08:03:35.429+0000] {logging_mixin.py:190} INFO - [2024-09-21T08:03:35.429+0000] {dag.py:3229} INFO - Sync 1 DAGs
[2024-09-21T08:03:35.474+0000] {logging_mixin.py:190} INFO - [2024-09-21T08:03:35.473+0000] {dag.py:4156} INFO - Setting next_dagrun for example_sla_dag to 2024-09-21 08:00:00+00:00, run_after=2024-09-21 08:02:00+00:00
[2024-09-21T08:03:35.510+0000] {processor.py:208} INFO - Processing /home/airflow/.local/lib/python3.12/site-packages/airflow/example_dags/example_sla_dag.py took 0.145 seconds
[2024-09-21T08:04:06.349+0000] {processor.py:186} INFO - Started process (PID=369) to work on /home/airflow/.local/lib/python3.12/site-packages/airflow/example_dags/example_sla_dag.py
[2024-09-21T08:04:06.351+0000] {processor.py:914} INFO - Processing file /home/airflow/.local/lib/python3.12/site-packages/airflow/example_dags/example_sla_dag.py for tasks to queue
[2024-09-21T08:04:06.355+0000] {logging_mixin.py:190} INFO - [2024-09-21T08:04:06.354+0000] {dagbag.py:587} INFO - Filling up the DagBag from /home/airflow/.local/lib/python3.12/site-packages/airflow/example_dags/example_sla_dag.py
[2024-09-21T08:04:06.370+0000] {processor.py:925} INFO - DAG(s) 'example_sla_dag' retrieved from /home/airflow/.local/lib/python3.12/site-packages/airflow/example_dags/example_sla_dag.py
[2024-09-21T08:04:06.411+0000] {logging_mixin.py:190} INFO - [2024-09-21T08:04:06.411+0000] {dag.py:3229} INFO - Sync 1 DAGs
[2024-09-21T08:04:06.462+0000] {logging_mixin.py:190} INFO - [2024-09-21T08:04:06.462+0000] {dag.py:4156} INFO - Setting next_dagrun for example_sla_dag to 2024-09-21 08:02:00+00:00, run_after=2024-09-21 08:04:00+00:00
[2024-09-21T08:04:06.493+0000] {processor.py:208} INFO - Processing /home/airflow/.local/lib/python3.12/site-packages/airflow/example_dags/example_sla_dag.py took 0.152 seconds
[2024-09-21T08:04:37.808+0000] {processor.py:186} INFO - Started process (PID=433) to work on /home/airflow/.local/lib/python3.12/site-packages/airflow/example_dags/example_sla_dag.py
[2024-09-21T08:04:37.811+0000] {processor.py:914} INFO - Processing file /home/airflow/.local/lib/python3.12/site-packages/airflow/example_dags/example_sla_dag.py for tasks to queue
[2024-09-21T08:04:37.815+0000] {logging_mixin.py:190} INFO - [2024-09-21T08:04:37.815+0000] {dagbag.py:587} INFO - Filling up the DagBag from /home/airflow/.local/lib/python3.12/site-packages/airflow/example_dags/example_sla_dag.py
[2024-09-21T08:04:37.838+0000] {processor.py:925} INFO - DAG(s) 'example_sla_dag' retrieved from /home/airflow/.local/lib/python3.12/site-packages/airflow/example_dags/example_sla_dag.py
[2024-09-21T08:04:37.875+0000] {logging_mixin.py:190} INFO - [2024-09-21T08:04:37.874+0000] {dag.py:3229} INFO - Sync 1 DAGs
[2024-09-21T08:04:37.919+0000] {logging_mixin.py:190} INFO - [2024-09-21T08:04:37.919+0000] {dag.py:4156} INFO - Setting next_dagrun for example_sla_dag to 2024-09-21 08:02:00+00:00, run_after=2024-09-21 08:04:00+00:00
[2024-09-21T08:04:37.954+0000] {processor.py:208} INFO - Processing /home/airflow/.local/lib/python3.12/site-packages/airflow/example_dags/example_sla_dag.py took 0.153 seconds
[2024-09-21T08:05:08.557+0000] {processor.py:186} INFO - Started process (PID=503) to work on /home/airflow/.local/lib/python3.12/site-packages/airflow/example_dags/example_sla_dag.py
[2024-09-21T08:05:08.558+0000] {processor.py:914} INFO - Processing file /home/airflow/.local/lib/python3.12/site-packages/airflow/example_dags/example_sla_dag.py for tasks to queue
[2024-09-21T08:05:08.560+0000] {logging_mixin.py:190} INFO - [2024-09-21T08:05:08.560+0000] {dagbag.py:587} INFO - Filling up the DagBag from /home/airflow/.local/lib/python3.12/site-packages/airflow/example_dags/example_sla_dag.py
[2024-09-21T08:05:08.576+0000] {processor.py:925} INFO - DAG(s) 'example_sla_dag' retrieved from /home/airflow/.local/lib/python3.12/site-packages/airflow/example_dags/example_sla_dag.py
[2024-09-21T08:05:08.599+0000] {logging_mixin.py:190} INFO - [2024-09-21T08:05:08.599+0000] {dag.py:3229} INFO - Sync 1 DAGs
[2024-09-21T08:05:08.630+0000] {logging_mixin.py:190} INFO - [2024-09-21T08:05:08.630+0000] {dag.py:4156} INFO - Setting next_dagrun for example_sla_dag to 2024-09-21 08:02:00+00:00, run_after=2024-09-21 08:04:00+00:00
[2024-09-21T08:05:08.652+0000] {processor.py:208} INFO - Processing /home/airflow/.local/lib/python3.12/site-packages/airflow/example_dags/example_sla_dag.py took 0.101 seconds
[2024-09-21T08:05:39.212+0000] {processor.py:186} INFO - Started process (PID=568) to work on /home/airflow/.local/lib/python3.12/site-packages/airflow/example_dags/example_sla_dag.py
[2024-09-21T08:05:39.214+0000] {processor.py:914} INFO - Processing file /home/airflow/.local/lib/python3.12/site-packages/airflow/example_dags/example_sla_dag.py for tasks to queue
[2024-09-21T08:05:39.217+0000] {logging_mixin.py:190} INFO - [2024-09-21T08:05:39.217+0000] {dagbag.py:587} INFO - Filling up the DagBag from /home/airflow/.local/lib/python3.12/site-packages/airflow/example_dags/example_sla_dag.py
[2024-09-21T08:05:39.231+0000] {processor.py:925} INFO - DAG(s) 'example_sla_dag' retrieved from /home/airflow/.local/lib/python3.12/site-packages/airflow/example_dags/example_sla_dag.py
[2024-09-21T08:05:39.260+0000] {logging_mixin.py:190} INFO - [2024-09-21T08:05:39.260+0000] {dag.py:3229} INFO - Sync 1 DAGs
[2024-09-21T08:05:39.306+0000] {logging_mixin.py:190} INFO - [2024-09-21T08:05:39.306+0000] {dag.py:4156} INFO - Setting next_dagrun for example_sla_dag to 2024-09-21 08:02:00+00:00, run_after=2024-09-21 08:04:00+00:00
[2024-09-21T08:05:39.348+0000] {processor.py:208} INFO - Processing /home/airflow/.local/lib/python3.12/site-packages/airflow/example_dags/example_sla_dag.py took 0.144 seconds
[2024-09-21T08:06:10.635+0000] {processor.py:186} INFO - Started process (PID=632) to work on /home/airflow/.local/lib/python3.12/site-packages/airflow/example_dags/example_sla_dag.py
[2024-09-21T08:06:10.637+0000] {processor.py:914} INFO - Processing file /home/airflow/.local/lib/python3.12/site-packages/airflow/example_dags/example_sla_dag.py for tasks to queue
[2024-09-21T08:06:10.641+0000] {logging_mixin.py:190} INFO - [2024-09-21T08:06:10.641+0000] {dagbag.py:587} INFO - Filling up the DagBag from /home/airflow/.local/lib/python3.12/site-packages/airflow/example_dags/example_sla_dag.py
[2024-09-21T08:06:10.660+0000] {processor.py:925} INFO - DAG(s) 'example_sla_dag' retrieved from /home/airflow/.local/lib/python3.12/site-packages/airflow/example_dags/example_sla_dag.py
[2024-09-21T08:06:10.698+0000] {logging_mixin.py:190} INFO - [2024-09-21T08:06:10.697+0000] {dag.py:3229} INFO - Sync 1 DAGs
[2024-09-21T08:06:10.744+0000] {logging_mixin.py:190} INFO - [2024-09-21T08:06:10.744+0000] {dag.py:4156} INFO - Setting next_dagrun for example_sla_dag to 2024-09-21 08:04:00+00:00, run_after=2024-09-21 08:06:00+00:00
[2024-09-21T08:06:10.798+0000] {processor.py:208} INFO - Processing /home/airflow/.local/lib/python3.12/site-packages/airflow/example_dags/example_sla_dag.py took 0.171 seconds
[2024-09-21T08:06:41.231+0000] {processor.py:186} INFO - Started process (PID=696) to work on /home/airflow/.local/lib/python3.12/site-packages/airflow/example_dags/example_sla_dag.py
[2024-09-21T08:06:41.233+0000] {processor.py:914} INFO - Processing file /home/airflow/.local/lib/python3.12/site-packages/airflow/example_dags/example_sla_dag.py for tasks to queue
[2024-09-21T08:06:41.238+0000] {logging_mixin.py:190} INFO - [2024-09-21T08:06:41.237+0000] {dagbag.py:587} INFO - Filling up the DagBag from /home/airflow/.local/lib/python3.12/site-packages/airflow/example_dags/example_sla_dag.py
[2024-09-21T08:06:41.253+0000] {processor.py:925} INFO - DAG(s) 'example_sla_dag' retrieved from /home/airflow/.local/lib/python3.12/site-packages/airflow/example_dags/example_sla_dag.py
[2024-09-21T08:06:41.286+0000] {logging_mixin.py:190} INFO - [2024-09-21T08:06:41.285+0000] {dag.py:3229} INFO - Sync 1 DAGs
[2024-09-21T08:06:41.328+0000] {logging_mixin.py:190} INFO - [2024-09-21T08:06:41.328+0000] {dag.py:4156} INFO - Setting next_dagrun for example_sla_dag to 2024-09-21 08:04:00+00:00, run_after=2024-09-21 08:06:00+00:00
[2024-09-21T08:06:41.362+0000] {processor.py:208} INFO - Processing /home/airflow/.local/lib/python3.12/site-packages/airflow/example_dags/example_sla_dag.py took 0.141 seconds
[2024-09-21T08:07:12.036+0000] {processor.py:186} INFO - Started process (PID=760) to work on /home/airflow/.local/lib/python3.12/site-packages/airflow/example_dags/example_sla_dag.py
[2024-09-21T08:07:12.038+0000] {processor.py:914} INFO - Processing file /home/airflow/.local/lib/python3.12/site-packages/airflow/example_dags/example_sla_dag.py for tasks to queue
[2024-09-21T08:07:12.043+0000] {logging_mixin.py:190} INFO - [2024-09-21T08:07:12.043+0000] {dagbag.py:587} INFO - Filling up the DagBag from /home/airflow/.local/lib/python3.12/site-packages/airflow/example_dags/example_sla_dag.py
[2024-09-21T08:07:12.059+0000] {processor.py:925} INFO - DAG(s) 'example_sla_dag' retrieved from /home/airflow/.local/lib/python3.12/site-packages/airflow/example_dags/example_sla_dag.py
[2024-09-21T08:07:12.093+0000] {logging_mixin.py:190} INFO - [2024-09-21T08:07:12.092+0000] {dag.py:3229} INFO - Sync 1 DAGs
[2024-09-21T08:07:12.138+0000] {logging_mixin.py:190} INFO - [2024-09-21T08:07:12.137+0000] {dag.py:4156} INFO - Setting next_dagrun for example_sla_dag to 2024-09-21 08:04:00+00:00, run_after=2024-09-21 08:06:00+00:00
[2024-09-21T08:07:12.175+0000] {processor.py:208} INFO - Processing /home/airflow/.local/lib/python3.12/site-packages/airflow/example_dags/example_sla_dag.py took 0.148 seconds
[2024-09-21T08:07:42.965+0000] {processor.py:186} INFO - Started process (PID=824) to work on /home/airflow/.local/lib/python3.12/site-packages/airflow/example_dags/example_sla_dag.py
[2024-09-21T08:07:42.967+0000] {processor.py:914} INFO - Processing file /home/airflow/.local/lib/python3.12/site-packages/airflow/example_dags/example_sla_dag.py for tasks to queue
[2024-09-21T08:07:42.971+0000] {logging_mixin.py:190} INFO - [2024-09-21T08:07:42.971+0000] {dagbag.py:587} INFO - Filling up the DagBag from /home/airflow/.local/lib/python3.12/site-packages/airflow/example_dags/example_sla_dag.py
[2024-09-21T08:07:42.989+0000] {processor.py:925} INFO - DAG(s) 'example_sla_dag' retrieved from /home/airflow/.local/lib/python3.12/site-packages/airflow/example_dags/example_sla_dag.py
[2024-09-21T08:07:43.033+0000] {logging_mixin.py:190} INFO - [2024-09-21T08:07:43.032+0000] {dag.py:3229} INFO - Sync 1 DAGs
[2024-09-21T08:07:43.081+0000] {logging_mixin.py:190} INFO - [2024-09-21T08:07:43.080+0000] {dag.py:4156} INFO - Setting next_dagrun for example_sla_dag to 2024-09-21 08:04:00+00:00, run_after=2024-09-21 08:06:00+00:00
[2024-09-21T08:07:43.118+0000] {processor.py:208} INFO - Processing /home/airflow/.local/lib/python3.12/site-packages/airflow/example_dags/example_sla_dag.py took 0.165 seconds
[2024-09-21T08:08:13.574+0000] {processor.py:186} INFO - Started process (PID=888) to work on /home/airflow/.local/lib/python3.12/site-packages/airflow/example_dags/example_sla_dag.py
[2024-09-21T08:08:13.575+0000] {processor.py:914} INFO - Processing file /home/airflow/.local/lib/python3.12/site-packages/airflow/example_dags/example_sla_dag.py for tasks to queue
[2024-09-21T08:08:13.579+0000] {logging_mixin.py:190} INFO - [2024-09-21T08:08:13.579+0000] {dagbag.py:587} INFO - Filling up the DagBag from /home/airflow/.local/lib/python3.12/site-packages/airflow/example_dags/example_sla_dag.py
[2024-09-21T08:08:13.593+0000] {processor.py:925} INFO - DAG(s) 'example_sla_dag' retrieved from /home/airflow/.local/lib/python3.12/site-packages/airflow/example_dags/example_sla_dag.py
[2024-09-21T08:08:13.622+0000] {logging_mixin.py:190} INFO - [2024-09-21T08:08:13.622+0000] {dag.py:3229} INFO - Sync 1 DAGs
[2024-09-21T08:08:13.666+0000] {logging_mixin.py:190} INFO - [2024-09-21T08:08:13.665+0000] {dag.py:4156} INFO - Setting next_dagrun for example_sla_dag to 2024-09-21 08:06:00+00:00, run_after=2024-09-21 08:08:00+00:00
[2024-09-21T08:08:13.696+0000] {processor.py:208} INFO - Processing /home/airflow/.local/lib/python3.12/site-packages/airflow/example_dags/example_sla_dag.py took 0.129 seconds
[2024-09-21T08:08:44.629+0000] {processor.py:186} INFO - Started process (PID=952) to work on /home/airflow/.local/lib/python3.12/site-packages/airflow/example_dags/example_sla_dag.py
[2024-09-21T08:08:44.631+0000] {processor.py:914} INFO - Processing file /home/airflow/.local/lib/python3.12/site-packages/airflow/example_dags/example_sla_dag.py for tasks to queue
[2024-09-21T08:08:44.635+0000] {logging_mixin.py:190} INFO - [2024-09-21T08:08:44.635+0000] {dagbag.py:587} INFO - Filling up the DagBag from /home/airflow/.local/lib/python3.12/site-packages/airflow/example_dags/example_sla_dag.py
[2024-09-21T08:08:44.650+0000] {processor.py:925} INFO - DAG(s) 'example_sla_dag' retrieved from /home/airflow/.local/lib/python3.12/site-packages/airflow/example_dags/example_sla_dag.py
[2024-09-21T08:08:44.678+0000] {logging_mixin.py:190} INFO - [2024-09-21T08:08:44.677+0000] {dag.py:3229} INFO - Sync 1 DAGs
[2024-09-21T08:08:44.717+0000] {logging_mixin.py:190} INFO - [2024-09-21T08:08:44.717+0000] {dag.py:4156} INFO - Setting next_dagrun for example_sla_dag to 2024-09-21 08:06:00+00:00, run_after=2024-09-21 08:08:00+00:00
[2024-09-21T08:08:44.748+0000] {processor.py:208} INFO - Processing /home/airflow/.local/lib/python3.12/site-packages/airflow/example_dags/example_sla_dag.py took 0.126 seconds
[2024-09-21T08:09:15.873+0000] {processor.py:186} INFO - Started process (PID=1016) to work on /home/airflow/.local/lib/python3.12/site-packages/airflow/example_dags/example_sla_dag.py
[2024-09-21T08:09:15.875+0000] {processor.py:914} INFO - Processing file /home/airflow/.local/lib/python3.12/site-packages/airflow/example_dags/example_sla_dag.py for tasks to queue
[2024-09-21T08:09:15.881+0000] {logging_mixin.py:190} INFO - [2024-09-21T08:09:15.881+0000] {dagbag.py:587} INFO - Filling up the DagBag from /home/airflow/.local/lib/python3.12/site-packages/airflow/example_dags/example_sla_dag.py
[2024-09-21T08:09:15.901+0000] {processor.py:925} INFO - DAG(s) 'example_sla_dag' retrieved from /home/airflow/.local/lib/python3.12/site-packages/airflow/example_dags/example_sla_dag.py
[2024-09-21T08:09:15.939+0000] {logging_mixin.py:190} INFO - [2024-09-21T08:09:15.939+0000] {dag.py:3229} INFO - Sync 1 DAGs
[2024-09-21T08:09:15.979+0000] {logging_mixin.py:190} INFO - [2024-09-21T08:09:15.978+0000] {dag.py:4156} INFO - Setting next_dagrun for example_sla_dag to 2024-09-21 08:06:00+00:00, run_after=2024-09-21 08:08:00+00:00
[2024-09-21T08:09:16.013+0000] {processor.py:208} INFO - Processing /home/airflow/.local/lib/python3.12/site-packages/airflow/example_dags/example_sla_dag.py took 0.149 seconds
[2024-09-21T08:09:47.028+0000] {processor.py:186} INFO - Started process (PID=1080) to work on /home/airflow/.local/lib/python3.12/site-packages/airflow/example_dags/example_sla_dag.py
[2024-09-21T08:09:47.030+0000] {processor.py:914} INFO - Processing file /home/airflow/.local/lib/python3.12/site-packages/airflow/example_dags/example_sla_dag.py for tasks to queue
[2024-09-21T08:09:47.034+0000] {logging_mixin.py:190} INFO - [2024-09-21T08:09:47.033+0000] {dagbag.py:587} INFO - Filling up the DagBag from /home/airflow/.local/lib/python3.12/site-packages/airflow/example_dags/example_sla_dag.py
[2024-09-21T08:09:47.047+0000] {processor.py:925} INFO - DAG(s) 'example_sla_dag' retrieved from /home/airflow/.local/lib/python3.12/site-packages/airflow/example_dags/example_sla_dag.py
[2024-09-21T08:09:47.077+0000] {logging_mixin.py:190} INFO - [2024-09-21T08:09:47.077+0000] {dag.py:3229} INFO - Sync 1 DAGs
[2024-09-21T08:09:47.119+0000] {logging_mixin.py:190} INFO - [2024-09-21T08:09:47.119+0000] {dag.py:4156} INFO - Setting next_dagrun for example_sla_dag to 2024-09-21 08:06:00+00:00, run_after=2024-09-21 08:08:00+00:00
[2024-09-21T08:09:47.149+0000] {processor.py:208} INFO - Processing /home/airflow/.local/lib/python3.12/site-packages/airflow/example_dags/example_sla_dag.py took 0.127 seconds
[2024-09-21T08:10:17.953+0000] {processor.py:186} INFO - Started process (PID=1148) to work on /home/airflow/.local/lib/python3.12/site-packages/airflow/example_dags/example_sla_dag.py
[2024-09-21T08:10:17.954+0000] {processor.py:914} INFO - Processing file /home/airflow/.local/lib/python3.12/site-packages/airflow/example_dags/example_sla_dag.py for tasks to queue
[2024-09-21T08:10:17.958+0000] {logging_mixin.py:190} INFO - [2024-09-21T08:10:17.957+0000] {dagbag.py:587} INFO - Filling up the DagBag from /home/airflow/.local/lib/python3.12/site-packages/airflow/example_dags/example_sla_dag.py
[2024-09-21T08:10:17.972+0000] {processor.py:925} INFO - DAG(s) 'example_sla_dag' retrieved from /home/airflow/.local/lib/python3.12/site-packages/airflow/example_dags/example_sla_dag.py
[2024-09-21T08:10:18.002+0000] {logging_mixin.py:190} INFO - [2024-09-21T08:10:18.002+0000] {dag.py:3229} INFO - Sync 1 DAGs
[2024-09-21T08:10:18.042+0000] {logging_mixin.py:190} INFO - [2024-09-21T08:10:18.042+0000] {dag.py:4156} INFO - Setting next_dagrun for example_sla_dag to 2024-09-21 08:08:00+00:00, run_after=2024-09-21 08:10:00+00:00
[2024-09-21T08:10:18.075+0000] {processor.py:208} INFO - Processing /home/airflow/.local/lib/python3.12/site-packages/airflow/example_dags/example_sla_dag.py took 0.129 seconds
[2024-09-21T08:10:49.454+0000] {processor.py:186} INFO - Started process (PID=1212) to work on /home/airflow/.local/lib/python3.12/site-packages/airflow/example_dags/example_sla_dag.py
[2024-09-21T08:10:49.455+0000] {processor.py:914} INFO - Processing file /home/airflow/.local/lib/python3.12/site-packages/airflow/example_dags/example_sla_dag.py for tasks to queue
[2024-09-21T08:10:49.459+0000] {logging_mixin.py:190} INFO - [2024-09-21T08:10:49.459+0000] {dagbag.py:587} INFO - Filling up the DagBag from /home/airflow/.local/lib/python3.12/site-packages/airflow/example_dags/example_sla_dag.py
[2024-09-21T08:10:49.480+0000] {processor.py:925} INFO - DAG(s) 'example_sla_dag' retrieved from /home/airflow/.local/lib/python3.12/site-packages/airflow/example_dags/example_sla_dag.py
[2024-09-21T08:10:49.517+0000] {logging_mixin.py:190} INFO - [2024-09-21T08:10:49.516+0000] {dag.py:3229} INFO - Sync 1 DAGs
[2024-09-21T08:10:49.560+0000] {logging_mixin.py:190} INFO - [2024-09-21T08:10:49.559+0000] {dag.py:4156} INFO - Setting next_dagrun for example_sla_dag to 2024-09-21 08:08:00+00:00, run_after=2024-09-21 08:10:00+00:00
[2024-09-21T08:10:49.601+0000] {processor.py:208} INFO - Processing /home/airflow/.local/lib/python3.12/site-packages/airflow/example_dags/example_sla_dag.py took 0.155 seconds
[2024-09-21T08:11:20.028+0000] {processor.py:186} INFO - Started process (PID=1277) to work on /home/airflow/.local/lib/python3.12/site-packages/airflow/example_dags/example_sla_dag.py
[2024-09-21T08:11:20.029+0000] {processor.py:914} INFO - Processing file /home/airflow/.local/lib/python3.12/site-packages/airflow/example_dags/example_sla_dag.py for tasks to queue
[2024-09-21T08:11:20.033+0000] {logging_mixin.py:190} INFO - [2024-09-21T08:11:20.032+0000] {dagbag.py:587} INFO - Filling up the DagBag from /home/airflow/.local/lib/python3.12/site-packages/airflow/example_dags/example_sla_dag.py
[2024-09-21T08:11:20.045+0000] {processor.py:925} INFO - DAG(s) 'example_sla_dag' retrieved from /home/airflow/.local/lib/python3.12/site-packages/airflow/example_dags/example_sla_dag.py
[2024-09-21T08:11:20.073+0000] {logging_mixin.py:190} INFO - [2024-09-21T08:11:20.073+0000] {dag.py:3229} INFO - Sync 1 DAGs
[2024-09-21T08:11:20.112+0000] {logging_mixin.py:190} INFO - [2024-09-21T08:11:20.111+0000] {dag.py:4156} INFO - Setting next_dagrun for example_sla_dag to 2024-09-21 08:08:00+00:00, run_after=2024-09-21 08:10:00+00:00
[2024-09-21T08:11:20.141+0000] {processor.py:208} INFO - Processing /home/airflow/.local/lib/python3.12/site-packages/airflow/example_dags/example_sla_dag.py took 0.121 seconds
[2024-09-21T08:11:50.702+0000] {processor.py:186} INFO - Started process (PID=1341) to work on /home/airflow/.local/lib/python3.12/site-packages/airflow/example_dags/example_sla_dag.py
[2024-09-21T08:11:50.704+0000] {processor.py:914} INFO - Processing file /home/airflow/.local/lib/python3.12/site-packages/airflow/example_dags/example_sla_dag.py for tasks to queue
[2024-09-21T08:11:50.708+0000] {logging_mixin.py:190} INFO - [2024-09-21T08:11:50.708+0000] {dagbag.py:587} INFO - Filling up the DagBag from /home/airflow/.local/lib/python3.12/site-packages/airflow/example_dags/example_sla_dag.py
[2024-09-21T08:11:50.724+0000] {processor.py:925} INFO - DAG(s) 'example_sla_dag' retrieved from /home/airflow/.local/lib/python3.12/site-packages/airflow/example_dags/example_sla_dag.py
[2024-09-21T08:11:50.759+0000] {logging_mixin.py:190} INFO - [2024-09-21T08:11:50.758+0000] {dag.py:3229} INFO - Sync 1 DAGs
[2024-09-21T08:11:50.805+0000] {logging_mixin.py:190} INFO - [2024-09-21T08:11:50.805+0000] {dag.py:4156} INFO - Setting next_dagrun for example_sla_dag to 2024-09-21 08:08:00+00:00, run_after=2024-09-21 08:10:00+00:00
[2024-09-21T08:11:50.839+0000] {processor.py:208} INFO - Processing /home/airflow/.local/lib/python3.12/site-packages/airflow/example_dags/example_sla_dag.py took 0.145 seconds
[2024-09-21T08:12:21.961+0000] {processor.py:186} INFO - Started process (PID=1405) to work on /home/airflow/.local/lib/python3.12/site-packages/airflow/example_dags/example_sla_dag.py
[2024-09-21T08:12:21.963+0000] {processor.py:914} INFO - Processing file /home/airflow/.local/lib/python3.12/site-packages/airflow/example_dags/example_sla_dag.py for tasks to queue
[2024-09-21T08:12:21.967+0000] {logging_mixin.py:190} INFO - [2024-09-21T08:12:21.967+0000] {dagbag.py:587} INFO - Filling up the DagBag from /home/airflow/.local/lib/python3.12/site-packages/airflow/example_dags/example_sla_dag.py
[2024-09-21T08:12:21.982+0000] {processor.py:925} INFO - DAG(s) 'example_sla_dag' retrieved from /home/airflow/.local/lib/python3.12/site-packages/airflow/example_dags/example_sla_dag.py
[2024-09-21T08:12:22.014+0000] {logging_mixin.py:190} INFO - [2024-09-21T08:12:22.013+0000] {dag.py:3229} INFO - Sync 1 DAGs
[2024-09-21T08:12:22.057+0000] {logging_mixin.py:190} INFO - [2024-09-21T08:12:22.057+0000] {dag.py:4156} INFO - Setting next_dagrun for example_sla_dag to 2024-09-21 08:10:00+00:00, run_after=2024-09-21 08:12:00+00:00
[2024-09-21T08:12:22.090+0000] {processor.py:208} INFO - Processing /home/airflow/.local/lib/python3.12/site-packages/airflow/example_dags/example_sla_dag.py took 0.136 seconds
[2024-09-21T08:12:52.621+0000] {processor.py:186} INFO - Started process (PID=1470) to work on /home/airflow/.local/lib/python3.12/site-packages/airflow/example_dags/example_sla_dag.py
[2024-09-21T08:12:52.623+0000] {processor.py:914} INFO - Processing file /home/airflow/.local/lib/python3.12/site-packages/airflow/example_dags/example_sla_dag.py for tasks to queue
[2024-09-21T08:12:52.627+0000] {logging_mixin.py:190} INFO - [2024-09-21T08:12:52.626+0000] {dagbag.py:587} INFO - Filling up the DagBag from /home/airflow/.local/lib/python3.12/site-packages/airflow/example_dags/example_sla_dag.py
[2024-09-21T08:12:52.641+0000] {processor.py:925} INFO - DAG(s) 'example_sla_dag' retrieved from /home/airflow/.local/lib/python3.12/site-packages/airflow/example_dags/example_sla_dag.py
[2024-09-21T08:12:52.671+0000] {logging_mixin.py:190} INFO - [2024-09-21T08:12:52.670+0000] {dag.py:3229} INFO - Sync 1 DAGs
[2024-09-21T08:12:52.712+0000] {logging_mixin.py:190} INFO - [2024-09-21T08:12:52.710+0000] {dag.py:4156} INFO - Setting next_dagrun for example_sla_dag to 2024-09-21 08:10:00+00:00, run_after=2024-09-21 08:12:00+00:00
[2024-09-21T08:12:52.745+0000] {processor.py:208} INFO - Processing /home/airflow/.local/lib/python3.12/site-packages/airflow/example_dags/example_sla_dag.py took 0.132 seconds
[2024-09-21T08:13:23.500+0000] {processor.py:186} INFO - Started process (PID=1535) to work on /home/airflow/.local/lib/python3.12/site-packages/airflow/example_dags/example_sla_dag.py
[2024-09-21T08:13:23.501+0000] {processor.py:914} INFO - Processing file /home/airflow/.local/lib/python3.12/site-packages/airflow/example_dags/example_sla_dag.py for tasks to queue
[2024-09-21T08:13:23.505+0000] {logging_mixin.py:190} INFO - [2024-09-21T08:13:23.504+0000] {dagbag.py:587} INFO - Filling up the DagBag from /home/airflow/.local/lib/python3.12/site-packages/airflow/example_dags/example_sla_dag.py
[2024-09-21T08:13:23.521+0000] {processor.py:925} INFO - DAG(s) 'example_sla_dag' retrieved from /home/airflow/.local/lib/python3.12/site-packages/airflow/example_dags/example_sla_dag.py
[2024-09-21T08:13:23.557+0000] {logging_mixin.py:190} INFO - [2024-09-21T08:13:23.557+0000] {dag.py:3229} INFO - Sync 1 DAGs
[2024-09-21T08:13:23.600+0000] {logging_mixin.py:190} INFO - [2024-09-21T08:13:23.600+0000] {dag.py:4156} INFO - Setting next_dagrun for example_sla_dag to 2024-09-21 08:10:00+00:00, run_after=2024-09-21 08:12:00+00:00
[2024-09-21T08:13:23.630+0000] {processor.py:208} INFO - Processing /home/airflow/.local/lib/python3.12/site-packages/airflow/example_dags/example_sla_dag.py took 0.138 seconds
[2024-09-21T08:13:54.075+0000] {processor.py:186} INFO - Started process (PID=1598) to work on /home/airflow/.local/lib/python3.12/site-packages/airflow/example_dags/example_sla_dag.py
[2024-09-21T08:13:54.077+0000] {processor.py:914} INFO - Processing file /home/airflow/.local/lib/python3.12/site-packages/airflow/example_dags/example_sla_dag.py for tasks to queue
[2024-09-21T08:13:54.080+0000] {logging_mixin.py:190} INFO - [2024-09-21T08:13:54.080+0000] {dagbag.py:587} INFO - Filling up the DagBag from /home/airflow/.local/lib/python3.12/site-packages/airflow/example_dags/example_sla_dag.py
[2024-09-21T08:13:54.100+0000] {processor.py:925} INFO - DAG(s) 'example_sla_dag' retrieved from /home/airflow/.local/lib/python3.12/site-packages/airflow/example_dags/example_sla_dag.py
[2024-09-21T08:13:54.159+0000] {logging_mixin.py:190} INFO - [2024-09-21T08:13:54.159+0000] {dag.py:3229} INFO - Sync 1 DAGs
[2024-09-21T08:13:54.243+0000] {logging_mixin.py:190} INFO - [2024-09-21T08:13:54.242+0000] {dag.py:4156} INFO - Setting next_dagrun for example_sla_dag to 2024-09-21 08:10:00+00:00, run_after=2024-09-21 08:12:00+00:00
[2024-09-21T08:13:54.293+0000] {processor.py:208} INFO - Processing /home/airflow/.local/lib/python3.12/site-packages/airflow/example_dags/example_sla_dag.py took 0.237 seconds
[2024-09-21T08:14:25.097+0000] {processor.py:186} INFO - Started process (PID=1662) to work on /home/airflow/.local/lib/python3.12/site-packages/airflow/example_dags/example_sla_dag.py
[2024-09-21T08:14:25.099+0000] {processor.py:914} INFO - Processing file /home/airflow/.local/lib/python3.12/site-packages/airflow/example_dags/example_sla_dag.py for tasks to queue
[2024-09-21T08:14:25.103+0000] {logging_mixin.py:190} INFO - [2024-09-21T08:14:25.103+0000] {dagbag.py:587} INFO - Filling up the DagBag from /home/airflow/.local/lib/python3.12/site-packages/airflow/example_dags/example_sla_dag.py
[2024-09-21T08:14:25.119+0000] {processor.py:925} INFO - DAG(s) 'example_sla_dag' retrieved from /home/airflow/.local/lib/python3.12/site-packages/airflow/example_dags/example_sla_dag.py
[2024-09-21T08:14:25.151+0000] {logging_mixin.py:190} INFO - [2024-09-21T08:14:25.151+0000] {dag.py:3229} INFO - Sync 1 DAGs
[2024-09-21T08:14:25.193+0000] {logging_mixin.py:190} INFO - [2024-09-21T08:14:25.193+0000] {dag.py:4156} INFO - Setting next_dagrun for example_sla_dag to 2024-09-21 08:12:00+00:00, run_after=2024-09-21 08:14:00+00:00
[2024-09-21T08:14:25.231+0000] {processor.py:208} INFO - Processing /home/airflow/.local/lib/python3.12/site-packages/airflow/example_dags/example_sla_dag.py took 0.141 seconds
[2024-09-21T08:14:56.504+0000] {processor.py:186} INFO - Started process (PID=1726) to work on /home/airflow/.local/lib/python3.12/site-packages/airflow/example_dags/example_sla_dag.py
[2024-09-21T08:14:56.506+0000] {processor.py:914} INFO - Processing file /home/airflow/.local/lib/python3.12/site-packages/airflow/example_dags/example_sla_dag.py for tasks to queue
[2024-09-21T08:14:56.510+0000] {logging_mixin.py:190} INFO - [2024-09-21T08:14:56.510+0000] {dagbag.py:587} INFO - Filling up the DagBag from /home/airflow/.local/lib/python3.12/site-packages/airflow/example_dags/example_sla_dag.py
[2024-09-21T08:14:56.527+0000] {processor.py:925} INFO - DAG(s) 'example_sla_dag' retrieved from /home/airflow/.local/lib/python3.12/site-packages/airflow/example_dags/example_sla_dag.py
[2024-09-21T08:14:56.553+0000] {logging_mixin.py:190} INFO - [2024-09-21T08:14:56.553+0000] {dag.py:3229} INFO - Sync 1 DAGs
[2024-09-21T08:14:56.595+0000] {logging_mixin.py:190} INFO - [2024-09-21T08:14:56.594+0000] {dag.py:4156} INFO - Setting next_dagrun for example_sla_dag to 2024-09-21 08:12:00+00:00, run_after=2024-09-21 08:14:00+00:00
[2024-09-21T08:14:56.624+0000] {processor.py:208} INFO - Processing /home/airflow/.local/lib/python3.12/site-packages/airflow/example_dags/example_sla_dag.py took 0.128 seconds
[2024-09-21T08:15:28.111+0000] {processor.py:186} INFO - Started process (PID=1791) to work on /home/airflow/.local/lib/python3.12/site-packages/airflow/example_dags/example_sla_dag.py
[2024-09-21T08:15:28.113+0000] {processor.py:914} INFO - Processing file /home/airflow/.local/lib/python3.12/site-packages/airflow/example_dags/example_sla_dag.py for tasks to queue
[2024-09-21T08:15:28.116+0000] {logging_mixin.py:190} INFO - [2024-09-21T08:15:28.116+0000] {dagbag.py:587} INFO - Filling up the DagBag from /home/airflow/.local/lib/python3.12/site-packages/airflow/example_dags/example_sla_dag.py
[2024-09-21T08:15:28.130+0000] {processor.py:925} INFO - DAG(s) 'example_sla_dag' retrieved from /home/airflow/.local/lib/python3.12/site-packages/airflow/example_dags/example_sla_dag.py
[2024-09-21T08:15:28.160+0000] {logging_mixin.py:190} INFO - [2024-09-21T08:15:28.160+0000] {dag.py:3229} INFO - Sync 1 DAGs
[2024-09-21T08:15:28.197+0000] {logging_mixin.py:190} INFO - [2024-09-21T08:15:28.197+0000] {dag.py:4156} INFO - Setting next_dagrun for example_sla_dag to 2024-09-21 08:12:00+00:00, run_after=2024-09-21 08:14:00+00:00
[2024-09-21T08:15:28.228+0000] {processor.py:208} INFO - Processing /home/airflow/.local/lib/python3.12/site-packages/airflow/example_dags/example_sla_dag.py took 0.124 seconds
[2024-09-21T08:15:59.552+0000] {processor.py:186} INFO - Started process (PID=1856) to work on /home/airflow/.local/lib/python3.12/site-packages/airflow/example_dags/example_sla_dag.py
[2024-09-21T08:15:59.554+0000] {processor.py:914} INFO - Processing file /home/airflow/.local/lib/python3.12/site-packages/airflow/example_dags/example_sla_dag.py for tasks to queue
[2024-09-21T08:15:59.558+0000] {logging_mixin.py:190} INFO - [2024-09-21T08:15:59.557+0000] {dagbag.py:587} INFO - Filling up the DagBag from /home/airflow/.local/lib/python3.12/site-packages/airflow/example_dags/example_sla_dag.py
[2024-09-21T08:15:59.573+0000] {processor.py:925} INFO - DAG(s) 'example_sla_dag' retrieved from /home/airflow/.local/lib/python3.12/site-packages/airflow/example_dags/example_sla_dag.py
[2024-09-21T08:15:59.606+0000] {logging_mixin.py:190} INFO - [2024-09-21T08:15:59.605+0000] {dag.py:3229} INFO - Sync 1 DAGs
[2024-09-21T08:15:59.659+0000] {logging_mixin.py:190} INFO - [2024-09-21T08:15:59.659+0000] {dag.py:4156} INFO - Setting next_dagrun for example_sla_dag to 2024-09-21 08:12:00+00:00, run_after=2024-09-21 08:14:00+00:00
[2024-09-21T08:15:59.688+0000] {processor.py:208} INFO - Processing /home/airflow/.local/lib/python3.12/site-packages/airflow/example_dags/example_sla_dag.py took 0.146 seconds
[2024-09-21T08:16:35.782+0000] {processor.py:186} INFO - Started process (PID=1920) to work on /home/airflow/.local/lib/python3.12/site-packages/airflow/example_dags/example_sla_dag.py
[2024-09-21T08:16:35.784+0000] {processor.py:914} INFO - Processing file /home/airflow/.local/lib/python3.12/site-packages/airflow/example_dags/example_sla_dag.py for tasks to queue
[2024-09-21T08:16:35.792+0000] {logging_mixin.py:190} INFO - [2024-09-21T08:16:35.791+0000] {dagbag.py:587} INFO - Filling up the DagBag from /home/airflow/.local/lib/python3.12/site-packages/airflow/example_dags/example_sla_dag.py
[2024-09-21T08:16:35.823+0000] {processor.py:925} INFO - DAG(s) 'example_sla_dag' retrieved from /home/airflow/.local/lib/python3.12/site-packages/airflow/example_dags/example_sla_dag.py
[2024-09-21T08:16:35.888+0000] {logging_mixin.py:190} INFO - [2024-09-21T08:16:35.888+0000] {dag.py:3229} INFO - Sync 1 DAGs
[2024-09-21T08:16:35.971+0000] {logging_mixin.py:190} INFO - [2024-09-21T08:16:35.970+0000] {dag.py:4156} INFO - Setting next_dagrun for example_sla_dag to 2024-09-21 08:14:00+00:00, run_after=2024-09-21 08:16:00+00:00
[2024-09-21T08:16:36.029+0000] {processor.py:208} INFO - Processing /home/airflow/.local/lib/python3.12/site-packages/airflow/example_dags/example_sla_dag.py took 0.254 seconds
[2024-09-21T08:17:06.767+0000] {processor.py:186} INFO - Started process (PID=1984) to work on /home/airflow/.local/lib/python3.12/site-packages/airflow/example_dags/example_sla_dag.py
[2024-09-21T08:17:06.769+0000] {processor.py:914} INFO - Processing file /home/airflow/.local/lib/python3.12/site-packages/airflow/example_dags/example_sla_dag.py for tasks to queue
[2024-09-21T08:17:06.776+0000] {logging_mixin.py:190} INFO - [2024-09-21T08:17:06.776+0000] {dagbag.py:587} INFO - Filling up the DagBag from /home/airflow/.local/lib/python3.12/site-packages/airflow/example_dags/example_sla_dag.py
[2024-09-21T08:17:06.802+0000] {processor.py:925} INFO - DAG(s) 'example_sla_dag' retrieved from /home/airflow/.local/lib/python3.12/site-packages/airflow/example_dags/example_sla_dag.py
[2024-09-21T08:17:06.844+0000] {logging_mixin.py:190} INFO - [2024-09-21T08:17:06.843+0000] {dag.py:3229} INFO - Sync 1 DAGs
[2024-09-21T08:17:06.890+0000] {logging_mixin.py:190} INFO - [2024-09-21T08:17:06.889+0000] {dag.py:4156} INFO - Setting next_dagrun for example_sla_dag to 2024-09-21 08:14:00+00:00, run_after=2024-09-21 08:16:00+00:00
[2024-09-21T08:17:06.924+0000] {processor.py:208} INFO - Processing /home/airflow/.local/lib/python3.12/site-packages/airflow/example_dags/example_sla_dag.py took 0.165 seconds
[2024-09-21T08:17:37.976+0000] {processor.py:186} INFO - Started process (PID=2048) to work on /home/airflow/.local/lib/python3.12/site-packages/airflow/example_dags/example_sla_dag.py
[2024-09-21T08:17:37.977+0000] {processor.py:914} INFO - Processing file /home/airflow/.local/lib/python3.12/site-packages/airflow/example_dags/example_sla_dag.py for tasks to queue
[2024-09-21T08:17:37.980+0000] {logging_mixin.py:190} INFO - [2024-09-21T08:17:37.980+0000] {dagbag.py:587} INFO - Filling up the DagBag from /home/airflow/.local/lib/python3.12/site-packages/airflow/example_dags/example_sla_dag.py
[2024-09-21T08:17:37.993+0000] {processor.py:925} INFO - DAG(s) 'example_sla_dag' retrieved from /home/airflow/.local/lib/python3.12/site-packages/airflow/example_dags/example_sla_dag.py
[2024-09-21T08:17:38.020+0000] {logging_mixin.py:190} INFO - [2024-09-21T08:17:38.020+0000] {dag.py:3229} INFO - Sync 1 DAGs
[2024-09-21T08:17:38.060+0000] {logging_mixin.py:190} INFO - [2024-09-21T08:17:38.060+0000] {dag.py:4156} INFO - Setting next_dagrun for example_sla_dag to 2024-09-21 08:14:00+00:00, run_after=2024-09-21 08:16:00+00:00
[2024-09-21T08:17:38.091+0000] {processor.py:208} INFO - Processing /home/airflow/.local/lib/python3.12/site-packages/airflow/example_dags/example_sla_dag.py took 0.122 seconds
[2024-09-21T08:18:09.586+0000] {processor.py:186} INFO - Started process (PID=2112) to work on /home/airflow/.local/lib/python3.12/site-packages/airflow/example_dags/example_sla_dag.py
[2024-09-21T08:18:09.588+0000] {processor.py:914} INFO - Processing file /home/airflow/.local/lib/python3.12/site-packages/airflow/example_dags/example_sla_dag.py for tasks to queue
[2024-09-21T08:18:09.594+0000] {logging_mixin.py:190} INFO - [2024-09-21T08:18:09.593+0000] {dagbag.py:587} INFO - Filling up the DagBag from /home/airflow/.local/lib/python3.12/site-packages/airflow/example_dags/example_sla_dag.py
[2024-09-21T08:18:09.618+0000] {processor.py:925} INFO - DAG(s) 'example_sla_dag' retrieved from /home/airflow/.local/lib/python3.12/site-packages/airflow/example_dags/example_sla_dag.py
[2024-09-21T08:18:09.648+0000] {logging_mixin.py:190} INFO - [2024-09-21T08:18:09.647+0000] {dag.py:3229} INFO - Sync 1 DAGs
[2024-09-21T08:18:09.686+0000] {logging_mixin.py:190} INFO - [2024-09-21T08:18:09.686+0000] {dag.py:4156} INFO - Setting next_dagrun for example_sla_dag to 2024-09-21 08:16:00+00:00, run_after=2024-09-21 08:18:00+00:00
[2024-09-21T08:18:09.714+0000] {processor.py:208} INFO - Processing /home/airflow/.local/lib/python3.12/site-packages/airflow/example_dags/example_sla_dag.py took 0.140 seconds
[2024-09-21T08:18:41.538+0000] {processor.py:186} INFO - Started process (PID=2182) to work on /home/airflow/.local/lib/python3.12/site-packages/airflow/example_dags/example_sla_dag.py
[2024-09-21T08:18:41.540+0000] {processor.py:914} INFO - Processing file /home/airflow/.local/lib/python3.12/site-packages/airflow/example_dags/example_sla_dag.py for tasks to queue
[2024-09-21T08:18:41.544+0000] {logging_mixin.py:190} INFO - [2024-09-21T08:18:41.543+0000] {dagbag.py:587} INFO - Filling up the DagBag from /home/airflow/.local/lib/python3.12/site-packages/airflow/example_dags/example_sla_dag.py
[2024-09-21T08:18:41.557+0000] {processor.py:925} INFO - DAG(s) 'example_sla_dag' retrieved from /home/airflow/.local/lib/python3.12/site-packages/airflow/example_dags/example_sla_dag.py
[2024-09-21T08:18:41.584+0000] {logging_mixin.py:190} INFO - [2024-09-21T08:18:41.584+0000] {dag.py:3229} INFO - Sync 1 DAGs
[2024-09-21T08:18:41.620+0000] {logging_mixin.py:190} INFO - [2024-09-21T08:18:41.620+0000] {dag.py:4156} INFO - Setting next_dagrun for example_sla_dag to 2024-09-21 08:16:00+00:00, run_after=2024-09-21 08:18:00+00:00
[2024-09-21T08:18:41.650+0000] {processor.py:208} INFO - Processing /home/airflow/.local/lib/python3.12/site-packages/airflow/example_dags/example_sla_dag.py took 0.119 seconds
[2024-09-21T08:19:12.995+0000] {processor.py:186} INFO - Started process (PID=2246) to work on /home/airflow/.local/lib/python3.12/site-packages/airflow/example_dags/example_sla_dag.py
[2024-09-21T08:19:12.997+0000] {processor.py:914} INFO - Processing file /home/airflow/.local/lib/python3.12/site-packages/airflow/example_dags/example_sla_dag.py for tasks to queue
[2024-09-21T08:19:13.001+0000] {logging_mixin.py:190} INFO - [2024-09-21T08:19:13.001+0000] {dagbag.py:587} INFO - Filling up the DagBag from /home/airflow/.local/lib/python3.12/site-packages/airflow/example_dags/example_sla_dag.py
[2024-09-21T08:19:13.019+0000] {processor.py:925} INFO - DAG(s) 'example_sla_dag' retrieved from /home/airflow/.local/lib/python3.12/site-packages/airflow/example_dags/example_sla_dag.py
[2024-09-21T08:19:13.061+0000] {logging_mixin.py:190} INFO - [2024-09-21T08:19:13.061+0000] {dag.py:3229} INFO - Sync 1 DAGs
[2024-09-21T08:19:13.111+0000] {logging_mixin.py:190} INFO - [2024-09-21T08:19:13.110+0000] {dag.py:4156} INFO - Setting next_dagrun for example_sla_dag to 2024-09-21 08:16:00+00:00, run_after=2024-09-21 08:18:00+00:00
[2024-09-21T08:19:13.151+0000] {processor.py:208} INFO - Processing /home/airflow/.local/lib/python3.12/site-packages/airflow/example_dags/example_sla_dag.py took 0.165 seconds
[2024-09-21T08:19:44.565+0000] {processor.py:186} INFO - Started process (PID=2310) to work on /home/airflow/.local/lib/python3.12/site-packages/airflow/example_dags/example_sla_dag.py
[2024-09-21T08:19:44.567+0000] {processor.py:914} INFO - Processing file /home/airflow/.local/lib/python3.12/site-packages/airflow/example_dags/example_sla_dag.py for tasks to queue
[2024-09-21T08:19:44.572+0000] {logging_mixin.py:190} INFO - [2024-09-21T08:19:44.572+0000] {dagbag.py:587} INFO - Filling up the DagBag from /home/airflow/.local/lib/python3.12/site-packages/airflow/example_dags/example_sla_dag.py
[2024-09-21T08:19:44.591+0000] {processor.py:925} INFO - DAG(s) 'example_sla_dag' retrieved from /home/airflow/.local/lib/python3.12/site-packages/airflow/example_dags/example_sla_dag.py
[2024-09-21T08:19:44.631+0000] {logging_mixin.py:190} INFO - [2024-09-21T08:19:44.630+0000] {dag.py:3229} INFO - Sync 1 DAGs
[2024-09-21T08:19:44.677+0000] {logging_mixin.py:190} INFO - [2024-09-21T08:19:44.677+0000] {dag.py:4156} INFO - Setting next_dagrun for example_sla_dag to 2024-09-21 08:16:00+00:00, run_after=2024-09-21 08:18:00+00:00
[2024-09-21T08:19:44.723+0000] {processor.py:208} INFO - Processing /home/airflow/.local/lib/python3.12/site-packages/airflow/example_dags/example_sla_dag.py took 0.166 seconds
[2024-09-21T08:20:16.051+0000] {processor.py:186} INFO - Started process (PID=2382) to work on /home/airflow/.local/lib/python3.12/site-packages/airflow/example_dags/example_sla_dag.py
[2024-09-21T08:20:16.053+0000] {processor.py:914} INFO - Processing file /home/airflow/.local/lib/python3.12/site-packages/airflow/example_dags/example_sla_dag.py for tasks to queue
[2024-09-21T08:20:16.057+0000] {logging_mixin.py:190} INFO - [2024-09-21T08:20:16.056+0000] {dagbag.py:587} INFO - Filling up the DagBag from /home/airflow/.local/lib/python3.12/site-packages/airflow/example_dags/example_sla_dag.py
[2024-09-21T08:20:16.072+0000] {processor.py:925} INFO - DAG(s) 'example_sla_dag' retrieved from /home/airflow/.local/lib/python3.12/site-packages/airflow/example_dags/example_sla_dag.py
[2024-09-21T08:20:16.106+0000] {logging_mixin.py:190} INFO - [2024-09-21T08:20:16.106+0000] {dag.py:3229} INFO - Sync 1 DAGs
[2024-09-21T08:20:16.150+0000] {logging_mixin.py:190} INFO - [2024-09-21T08:20:16.149+0000] {dag.py:4156} INFO - Setting next_dagrun for example_sla_dag to 2024-09-21 08:18:00+00:00, run_after=2024-09-21 08:20:00+00:00
[2024-09-21T08:20:16.184+0000] {processor.py:208} INFO - Processing /home/airflow/.local/lib/python3.12/site-packages/airflow/example_dags/example_sla_dag.py took 0.141 seconds
[2024-09-21T08:20:48.018+0000] {processor.py:186} INFO - Started process (PID=2446) to work on /home/airflow/.local/lib/python3.12/site-packages/airflow/example_dags/example_sla_dag.py
[2024-09-21T08:20:48.020+0000] {processor.py:914} INFO - Processing file /home/airflow/.local/lib/python3.12/site-packages/airflow/example_dags/example_sla_dag.py for tasks to queue
[2024-09-21T08:20:48.025+0000] {logging_mixin.py:190} INFO - [2024-09-21T08:20:48.024+0000] {dagbag.py:587} INFO - Filling up the DagBag from /home/airflow/.local/lib/python3.12/site-packages/airflow/example_dags/example_sla_dag.py
[2024-09-21T08:20:48.050+0000] {processor.py:925} INFO - DAG(s) 'example_sla_dag' retrieved from /home/airflow/.local/lib/python3.12/site-packages/airflow/example_dags/example_sla_dag.py
[2024-09-21T08:20:48.098+0000] {logging_mixin.py:190} INFO - [2024-09-21T08:20:48.097+0000] {dag.py:3229} INFO - Sync 1 DAGs
[2024-09-21T08:20:48.166+0000] {logging_mixin.py:190} INFO - [2024-09-21T08:20:48.166+0000] {dag.py:4156} INFO - Setting next_dagrun for example_sla_dag to 2024-09-21 08:18:00+00:00, run_after=2024-09-21 08:20:00+00:00
[2024-09-21T08:20:48.208+0000] {processor.py:208} INFO - Processing /home/airflow/.local/lib/python3.12/site-packages/airflow/example_dags/example_sla_dag.py took 0.205 seconds
[2024-09-21T08:21:19.081+0000] {processor.py:186} INFO - Started process (PID=2511) to work on /home/airflow/.local/lib/python3.12/site-packages/airflow/example_dags/example_sla_dag.py
[2024-09-21T08:21:19.083+0000] {processor.py:914} INFO - Processing file /home/airflow/.local/lib/python3.12/site-packages/airflow/example_dags/example_sla_dag.py for tasks to queue
[2024-09-21T08:21:19.088+0000] {logging_mixin.py:190} INFO - [2024-09-21T08:21:19.087+0000] {dagbag.py:587} INFO - Filling up the DagBag from /home/airflow/.local/lib/python3.12/site-packages/airflow/example_dags/example_sla_dag.py
[2024-09-21T08:21:19.103+0000] {processor.py:925} INFO - DAG(s) 'example_sla_dag' retrieved from /home/airflow/.local/lib/python3.12/site-packages/airflow/example_dags/example_sla_dag.py
[2024-09-21T08:21:19.136+0000] {logging_mixin.py:190} INFO - [2024-09-21T08:21:19.135+0000] {dag.py:3229} INFO - Sync 1 DAGs
[2024-09-21T08:21:19.177+0000] {logging_mixin.py:190} INFO - [2024-09-21T08:21:19.177+0000] {dag.py:4156} INFO - Setting next_dagrun for example_sla_dag to 2024-09-21 08:18:00+00:00, run_after=2024-09-21 08:20:00+00:00
[2024-09-21T08:21:19.213+0000] {processor.py:208} INFO - Processing /home/airflow/.local/lib/python3.12/site-packages/airflow/example_dags/example_sla_dag.py took 0.140 seconds
[2024-09-21T08:21:49.965+0000] {processor.py:186} INFO - Started process (PID=2575) to work on /home/airflow/.local/lib/python3.12/site-packages/airflow/example_dags/example_sla_dag.py
[2024-09-21T08:21:49.967+0000] {processor.py:914} INFO - Processing file /home/airflow/.local/lib/python3.12/site-packages/airflow/example_dags/example_sla_dag.py for tasks to queue
[2024-09-21T08:21:49.972+0000] {logging_mixin.py:190} INFO - [2024-09-21T08:21:49.971+0000] {dagbag.py:587} INFO - Filling up the DagBag from /home/airflow/.local/lib/python3.12/site-packages/airflow/example_dags/example_sla_dag.py
[2024-09-21T08:21:49.987+0000] {processor.py:925} INFO - DAG(s) 'example_sla_dag' retrieved from /home/airflow/.local/lib/python3.12/site-packages/airflow/example_dags/example_sla_dag.py
[2024-09-21T08:21:50.021+0000] {logging_mixin.py:190} INFO - [2024-09-21T08:21:50.020+0000] {dag.py:3229} INFO - Sync 1 DAGs
[2024-09-21T08:21:50.063+0000] {logging_mixin.py:190} INFO - [2024-09-21T08:21:50.062+0000] {dag.py:4156} INFO - Setting next_dagrun for example_sla_dag to 2024-09-21 08:18:00+00:00, run_after=2024-09-21 08:20:00+00:00
[2024-09-21T08:21:50.098+0000] {processor.py:208} INFO - Processing /home/airflow/.local/lib/python3.12/site-packages/airflow/example_dags/example_sla_dag.py took 0.142 seconds
[2024-09-21T08:22:21.785+0000] {processor.py:186} INFO - Started process (PID=2640) to work on /home/airflow/.local/lib/python3.12/site-packages/airflow/example_dags/example_sla_dag.py
[2024-09-21T08:22:21.787+0000] {processor.py:914} INFO - Processing file /home/airflow/.local/lib/python3.12/site-packages/airflow/example_dags/example_sla_dag.py for tasks to queue
[2024-09-21T08:22:21.792+0000] {logging_mixin.py:190} INFO - [2024-09-21T08:22:21.791+0000] {dagbag.py:587} INFO - Filling up the DagBag from /home/airflow/.local/lib/python3.12/site-packages/airflow/example_dags/example_sla_dag.py
[2024-09-21T08:22:21.808+0000] {processor.py:925} INFO - DAG(s) 'example_sla_dag' retrieved from /home/airflow/.local/lib/python3.12/site-packages/airflow/example_dags/example_sla_dag.py
[2024-09-21T08:22:21.843+0000] {logging_mixin.py:190} INFO - [2024-09-21T08:22:21.842+0000] {dag.py:3229} INFO - Sync 1 DAGs
[2024-09-21T08:22:21.889+0000] {logging_mixin.py:190} INFO - [2024-09-21T08:22:21.889+0000] {dag.py:4156} INFO - Setting next_dagrun for example_sla_dag to 2024-09-21 08:20:00+00:00, run_after=2024-09-21 08:22:00+00:00
[2024-09-21T08:22:21.925+0000] {processor.py:208} INFO - Processing /home/airflow/.local/lib/python3.12/site-packages/airflow/example_dags/example_sla_dag.py took 0.148 seconds
[2024-09-21T08:22:52.810+0000] {processor.py:186} INFO - Started process (PID=2704) to work on /home/airflow/.local/lib/python3.12/site-packages/airflow/example_dags/example_sla_dag.py
[2024-09-21T08:22:52.812+0000] {processor.py:914} INFO - Processing file /home/airflow/.local/lib/python3.12/site-packages/airflow/example_dags/example_sla_dag.py for tasks to queue
[2024-09-21T08:22:52.817+0000] {logging_mixin.py:190} INFO - [2024-09-21T08:22:52.816+0000] {dagbag.py:587} INFO - Filling up the DagBag from /home/airflow/.local/lib/python3.12/site-packages/airflow/example_dags/example_sla_dag.py
[2024-09-21T08:22:52.834+0000] {processor.py:925} INFO - DAG(s) 'example_sla_dag' retrieved from /home/airflow/.local/lib/python3.12/site-packages/airflow/example_dags/example_sla_dag.py
[2024-09-21T08:22:52.866+0000] {logging_mixin.py:190} INFO - [2024-09-21T08:22:52.866+0000] {dag.py:3229} INFO - Sync 1 DAGs
[2024-09-21T08:22:52.903+0000] {logging_mixin.py:190} INFO - [2024-09-21T08:22:52.902+0000] {dag.py:4156} INFO - Setting next_dagrun for example_sla_dag to 2024-09-21 08:20:00+00:00, run_after=2024-09-21 08:22:00+00:00
[2024-09-21T08:22:52.931+0000] {processor.py:208} INFO - Processing /home/airflow/.local/lib/python3.12/site-packages/airflow/example_dags/example_sla_dag.py took 0.130 seconds
[2024-09-21T08:23:24.446+0000] {processor.py:186} INFO - Started process (PID=2768) to work on /home/airflow/.local/lib/python3.12/site-packages/airflow/example_dags/example_sla_dag.py
[2024-09-21T08:23:24.449+0000] {processor.py:914} INFO - Processing file /home/airflow/.local/lib/python3.12/site-packages/airflow/example_dags/example_sla_dag.py for tasks to queue
[2024-09-21T08:23:24.454+0000] {logging_mixin.py:190} INFO - [2024-09-21T08:23:24.453+0000] {dagbag.py:587} INFO - Filling up the DagBag from /home/airflow/.local/lib/python3.12/site-packages/airflow/example_dags/example_sla_dag.py
[2024-09-21T08:23:24.470+0000] {processor.py:925} INFO - DAG(s) 'example_sla_dag' retrieved from /home/airflow/.local/lib/python3.12/site-packages/airflow/example_dags/example_sla_dag.py
[2024-09-21T08:23:24.503+0000] {logging_mixin.py:190} INFO - [2024-09-21T08:23:24.503+0000] {dag.py:3229} INFO - Sync 1 DAGs
[2024-09-21T08:23:24.548+0000] {logging_mixin.py:190} INFO - [2024-09-21T08:23:24.548+0000] {dag.py:4156} INFO - Setting next_dagrun for example_sla_dag to 2024-09-21 08:20:00+00:00, run_after=2024-09-21 08:22:00+00:00
[2024-09-21T08:23:24.583+0000] {processor.py:208} INFO - Processing /home/airflow/.local/lib/python3.12/site-packages/airflow/example_dags/example_sla_dag.py took 0.145 seconds
[2024-09-21T08:23:55.585+0000] {processor.py:186} INFO - Started process (PID=2832) to work on /home/airflow/.local/lib/python3.12/site-packages/airflow/example_dags/example_sla_dag.py
[2024-09-21T08:23:55.587+0000] {processor.py:914} INFO - Processing file /home/airflow/.local/lib/python3.12/site-packages/airflow/example_dags/example_sla_dag.py for tasks to queue
[2024-09-21T08:23:55.591+0000] {logging_mixin.py:190} INFO - [2024-09-21T08:23:55.590+0000] {dagbag.py:587} INFO - Filling up the DagBag from /home/airflow/.local/lib/python3.12/site-packages/airflow/example_dags/example_sla_dag.py
[2024-09-21T08:23:55.604+0000] {processor.py:925} INFO - DAG(s) 'example_sla_dag' retrieved from /home/airflow/.local/lib/python3.12/site-packages/airflow/example_dags/example_sla_dag.py
[2024-09-21T08:23:55.632+0000] {logging_mixin.py:190} INFO - [2024-09-21T08:23:55.631+0000] {dag.py:3229} INFO - Sync 1 DAGs
[2024-09-21T08:23:55.668+0000] {logging_mixin.py:190} INFO - [2024-09-21T08:23:55.668+0000] {dag.py:4156} INFO - Setting next_dagrun for example_sla_dag to 2024-09-21 08:20:00+00:00, run_after=2024-09-21 08:22:00+00:00
[2024-09-21T08:23:55.698+0000] {processor.py:208} INFO - Processing /home/airflow/.local/lib/python3.12/site-packages/airflow/example_dags/example_sla_dag.py took 0.120 seconds
[2024-09-21T08:24:27.046+0000] {processor.py:186} INFO - Started process (PID=2897) to work on /home/airflow/.local/lib/python3.12/site-packages/airflow/example_dags/example_sla_dag.py
[2024-09-21T08:24:27.048+0000] {processor.py:914} INFO - Processing file /home/airflow/.local/lib/python3.12/site-packages/airflow/example_dags/example_sla_dag.py for tasks to queue
[2024-09-21T08:24:27.052+0000] {logging_mixin.py:190} INFO - [2024-09-21T08:24:27.052+0000] {dagbag.py:587} INFO - Filling up the DagBag from /home/airflow/.local/lib/python3.12/site-packages/airflow/example_dags/example_sla_dag.py
[2024-09-21T08:24:27.067+0000] {processor.py:925} INFO - DAG(s) 'example_sla_dag' retrieved from /home/airflow/.local/lib/python3.12/site-packages/airflow/example_dags/example_sla_dag.py
[2024-09-21T08:24:27.106+0000] {logging_mixin.py:190} INFO - [2024-09-21T08:24:27.106+0000] {dag.py:3229} INFO - Sync 1 DAGs
[2024-09-21T08:24:27.164+0000] {logging_mixin.py:190} INFO - [2024-09-21T08:24:27.164+0000] {dag.py:4156} INFO - Setting next_dagrun for example_sla_dag to 2024-09-21 08:22:00+00:00, run_after=2024-09-21 08:24:00+00:00
[2024-09-21T08:24:27.207+0000] {processor.py:208} INFO - Processing /home/airflow/.local/lib/python3.12/site-packages/airflow/example_dags/example_sla_dag.py took 0.173 seconds
[2024-09-21T08:24:58.766+0000] {processor.py:186} INFO - Started process (PID=2961) to work on /home/airflow/.local/lib/python3.12/site-packages/airflow/example_dags/example_sla_dag.py
[2024-09-21T08:24:58.767+0000] {processor.py:914} INFO - Processing file /home/airflow/.local/lib/python3.12/site-packages/airflow/example_dags/example_sla_dag.py for tasks to queue
[2024-09-21T08:24:58.771+0000] {logging_mixin.py:190} INFO - [2024-09-21T08:24:58.770+0000] {dagbag.py:587} INFO - Filling up the DagBag from /home/airflow/.local/lib/python3.12/site-packages/airflow/example_dags/example_sla_dag.py
[2024-09-21T08:24:58.785+0000] {processor.py:925} INFO - DAG(s) 'example_sla_dag' retrieved from /home/airflow/.local/lib/python3.12/site-packages/airflow/example_dags/example_sla_dag.py
[2024-09-21T08:24:58.815+0000] {logging_mixin.py:190} INFO - [2024-09-21T08:24:58.815+0000] {dag.py:3229} INFO - Sync 1 DAGs
[2024-09-21T08:24:58.858+0000] {logging_mixin.py:190} INFO - [2024-09-21T08:24:58.858+0000] {dag.py:4156} INFO - Setting next_dagrun for example_sla_dag to 2024-09-21 08:22:00+00:00, run_after=2024-09-21 08:24:00+00:00
[2024-09-21T08:24:58.891+0000] {processor.py:208} INFO - Processing /home/airflow/.local/lib/python3.12/site-packages/airflow/example_dags/example_sla_dag.py took 0.132 seconds
