[2024-09-21T07:58:53.950+0000] {processor.py:186} INFO - Started process (PID=41) to work on /home/airflow/.local/lib/python3.12/site-packages/airflow/example_dags/example_task_group.py
[2024-09-21T07:58:53.952+0000] {processor.py:914} INFO - Processing file /home/airflow/.local/lib/python3.12/site-packages/airflow/example_dags/example_task_group.py for tasks to queue
[2024-09-21T07:58:53.958+0000] {logging_mixin.py:190} INFO - [2024-09-21T07:58:53.955+0000] {dagbag.py:587} INFO - Filling up the DagBag from /home/airflow/.local/lib/python3.12/site-packages/airflow/example_dags/example_task_group.py
[2024-09-21T07:58:53.984+0000] {processor.py:925} INFO - DAG(s) 'example_task_group' retrieved from /home/airflow/.local/lib/python3.12/site-packages/airflow/example_dags/example_task_group.py
[2024-09-21T07:58:54.280+0000] {logging_mixin.py:190} INFO - [2024-09-21T07:58:54.279+0000] {dag.py:3229} INFO - Sync 1 DAGs
[2024-09-21T07:58:54.503+0000] {logging_mixin.py:190} INFO - [2024-09-21T07:58:54.502+0000] {dag.py:4156} INFO - Setting next_dagrun for example_task_group to None, run_after=None
[2024-09-21T07:58:54.634+0000] {processor.py:208} INFO - Processing /home/airflow/.local/lib/python3.12/site-packages/airflow/example_dags/example_task_group.py took 0.698 seconds
[2024-09-21T07:59:25.645+0000] {processor.py:186} INFO - Started process (PID=121) to work on /home/airflow/.local/lib/python3.12/site-packages/airflow/example_dags/example_task_group.py
[2024-09-21T07:59:25.648+0000] {processor.py:914} INFO - Processing file /home/airflow/.local/lib/python3.12/site-packages/airflow/example_dags/example_task_group.py for tasks to queue
[2024-09-21T07:59:25.655+0000] {logging_mixin.py:190} INFO - [2024-09-21T07:59:25.654+0000] {dagbag.py:587} INFO - Filling up the DagBag from /home/airflow/.local/lib/python3.12/site-packages/airflow/example_dags/example_task_group.py
[2024-09-21T07:59:25.677+0000] {processor.py:925} INFO - DAG(s) 'example_task_group' retrieved from /home/airflow/.local/lib/python3.12/site-packages/airflow/example_dags/example_task_group.py
[2024-09-21T07:59:25.731+0000] {logging_mixin.py:190} INFO - [2024-09-21T07:59:25.730+0000] {dag.py:3229} INFO - Sync 1 DAGs
[2024-09-21T07:59:25.772+0000] {logging_mixin.py:190} INFO - [2024-09-21T07:59:25.772+0000] {dag.py:4156} INFO - Setting next_dagrun for example_task_group to None, run_after=None
[2024-09-21T07:59:25.827+0000] {processor.py:208} INFO - Processing /home/airflow/.local/lib/python3.12/site-packages/airflow/example_dags/example_task_group.py took 0.194 seconds
[2024-09-21T07:59:56.136+0000] {processor.py:186} INFO - Started process (PID=185) to work on /home/airflow/.local/lib/python3.12/site-packages/airflow/example_dags/example_task_group.py
[2024-09-21T07:59:56.138+0000] {processor.py:914} INFO - Processing file /home/airflow/.local/lib/python3.12/site-packages/airflow/example_dags/example_task_group.py for tasks to queue
[2024-09-21T07:59:56.143+0000] {logging_mixin.py:190} INFO - [2024-09-21T07:59:56.142+0000] {dagbag.py:587} INFO - Filling up the DagBag from /home/airflow/.local/lib/python3.12/site-packages/airflow/example_dags/example_task_group.py
[2024-09-21T07:59:56.172+0000] {processor.py:925} INFO - DAG(s) 'example_task_group' retrieved from /home/airflow/.local/lib/python3.12/site-packages/airflow/example_dags/example_task_group.py
[2024-09-21T07:59:56.226+0000] {logging_mixin.py:190} INFO - [2024-09-21T07:59:56.226+0000] {dag.py:3229} INFO - Sync 1 DAGs
[2024-09-21T07:59:56.276+0000] {logging_mixin.py:190} INFO - [2024-09-21T07:59:56.275+0000] {dag.py:4156} INFO - Setting next_dagrun for example_task_group to None, run_after=None
[2024-09-21T07:59:56.327+0000] {processor.py:208} INFO - Processing /home/airflow/.local/lib/python3.12/site-packages/airflow/example_dags/example_task_group.py took 0.201 seconds
[2024-09-21T08:01:28.404+0000] {processor.py:186} INFO - Started process (PID=31) to work on /home/airflow/.local/lib/python3.12/site-packages/airflow/example_dags/example_task_group.py
[2024-09-21T08:01:28.406+0000] {processor.py:914} INFO - Processing file /home/airflow/.local/lib/python3.12/site-packages/airflow/example_dags/example_task_group.py for tasks to queue
[2024-09-21T08:01:28.409+0000] {logging_mixin.py:190} INFO - [2024-09-21T08:01:28.408+0000] {dagbag.py:587} INFO - Filling up the DagBag from /home/airflow/.local/lib/python3.12/site-packages/airflow/example_dags/example_task_group.py
[2024-09-21T08:01:28.421+0000] {processor.py:925} INFO - DAG(s) 'example_task_group' retrieved from /home/airflow/.local/lib/python3.12/site-packages/airflow/example_dags/example_task_group.py
[2024-09-21T08:01:28.459+0000] {logging_mixin.py:190} INFO - [2024-09-21T08:01:28.458+0000] {dag.py:3229} INFO - Sync 1 DAGs
[2024-09-21T08:01:28.480+0000] {logging_mixin.py:190} INFO - [2024-09-21T08:01:28.480+0000] {dag.py:4156} INFO - Setting next_dagrun for example_task_group to None, run_after=None
[2024-09-21T08:01:28.509+0000] {processor.py:208} INFO - Processing /home/airflow/.local/lib/python3.12/site-packages/airflow/example_dags/example_task_group.py took 0.115 seconds
[2024-09-21T08:01:59.530+0000] {processor.py:186} INFO - Started process (PID=95) to work on /home/airflow/.local/lib/python3.12/site-packages/airflow/example_dags/example_task_group.py
[2024-09-21T08:01:59.531+0000] {processor.py:914} INFO - Processing file /home/airflow/.local/lib/python3.12/site-packages/airflow/example_dags/example_task_group.py for tasks to queue
[2024-09-21T08:01:59.535+0000] {logging_mixin.py:190} INFO - [2024-09-21T08:01:59.534+0000] {dagbag.py:587} INFO - Filling up the DagBag from /home/airflow/.local/lib/python3.12/site-packages/airflow/example_dags/example_task_group.py
[2024-09-21T08:01:59.546+0000] {processor.py:925} INFO - DAG(s) 'example_task_group' retrieved from /home/airflow/.local/lib/python3.12/site-packages/airflow/example_dags/example_task_group.py
[2024-09-21T08:01:59.581+0000] {logging_mixin.py:190} INFO - [2024-09-21T08:01:59.580+0000] {dag.py:3229} INFO - Sync 1 DAGs
[2024-09-21T08:01:59.602+0000] {logging_mixin.py:190} INFO - [2024-09-21T08:01:59.601+0000] {dag.py:4156} INFO - Setting next_dagrun for example_task_group to None, run_after=None
[2024-09-21T08:01:59.630+0000] {processor.py:208} INFO - Processing /home/airflow/.local/lib/python3.12/site-packages/airflow/example_dags/example_task_group.py took 0.108 seconds
[2024-09-21T08:02:30.228+0000] {processor.py:186} INFO - Started process (PID=160) to work on /home/airflow/.local/lib/python3.12/site-packages/airflow/example_dags/example_task_group.py
[2024-09-21T08:02:30.230+0000] {processor.py:914} INFO - Processing file /home/airflow/.local/lib/python3.12/site-packages/airflow/example_dags/example_task_group.py for tasks to queue
[2024-09-21T08:02:30.233+0000] {logging_mixin.py:190} INFO - [2024-09-21T08:02:30.232+0000] {dagbag.py:587} INFO - Filling up the DagBag from /home/airflow/.local/lib/python3.12/site-packages/airflow/example_dags/example_task_group.py
[2024-09-21T08:02:30.243+0000] {processor.py:925} INFO - DAG(s) 'example_task_group' retrieved from /home/airflow/.local/lib/python3.12/site-packages/airflow/example_dags/example_task_group.py
[2024-09-21T08:02:30.278+0000] {logging_mixin.py:190} INFO - [2024-09-21T08:02:30.278+0000] {dag.py:3229} INFO - Sync 1 DAGs
[2024-09-21T08:02:30.301+0000] {logging_mixin.py:190} INFO - [2024-09-21T08:02:30.301+0000] {dag.py:4156} INFO - Setting next_dagrun for example_task_group to None, run_after=None
[2024-09-21T08:02:30.332+0000] {processor.py:208} INFO - Processing /home/airflow/.local/lib/python3.12/site-packages/airflow/example_dags/example_task_group.py took 0.110 seconds
[2024-09-21T08:03:00.887+0000] {processor.py:186} INFO - Started process (PID=224) to work on /home/airflow/.local/lib/python3.12/site-packages/airflow/example_dags/example_task_group.py
[2024-09-21T08:03:00.890+0000] {processor.py:914} INFO - Processing file /home/airflow/.local/lib/python3.12/site-packages/airflow/example_dags/example_task_group.py for tasks to queue
[2024-09-21T08:03:00.893+0000] {logging_mixin.py:190} INFO - [2024-09-21T08:03:00.893+0000] {dagbag.py:587} INFO - Filling up the DagBag from /home/airflow/.local/lib/python3.12/site-packages/airflow/example_dags/example_task_group.py
[2024-09-21T08:03:00.905+0000] {processor.py:925} INFO - DAG(s) 'example_task_group' retrieved from /home/airflow/.local/lib/python3.12/site-packages/airflow/example_dags/example_task_group.py
[2024-09-21T08:03:00.946+0000] {logging_mixin.py:190} INFO - [2024-09-21T08:03:00.945+0000] {dag.py:3229} INFO - Sync 1 DAGs
[2024-09-21T08:03:00.969+0000] {logging_mixin.py:190} INFO - [2024-09-21T08:03:00.969+0000] {dag.py:4156} INFO - Setting next_dagrun for example_task_group to None, run_after=None
[2024-09-21T08:03:01.022+0000] {processor.py:208} INFO - Processing /home/airflow/.local/lib/python3.12/site-packages/airflow/example_dags/example_task_group.py took 0.142 seconds
[2024-09-21T08:03:31.890+0000] {processor.py:186} INFO - Started process (PID=287) to work on /home/airflow/.local/lib/python3.12/site-packages/airflow/example_dags/example_task_group.py
[2024-09-21T08:03:31.892+0000] {processor.py:914} INFO - Processing file /home/airflow/.local/lib/python3.12/site-packages/airflow/example_dags/example_task_group.py for tasks to queue
[2024-09-21T08:03:31.897+0000] {logging_mixin.py:190} INFO - [2024-09-21T08:03:31.896+0000] {dagbag.py:587} INFO - Filling up the DagBag from /home/airflow/.local/lib/python3.12/site-packages/airflow/example_dags/example_task_group.py
[2024-09-21T08:03:31.913+0000] {processor.py:925} INFO - DAG(s) 'example_task_group' retrieved from /home/airflow/.local/lib/python3.12/site-packages/airflow/example_dags/example_task_group.py
[2024-09-21T08:03:31.954+0000] {logging_mixin.py:190} INFO - [2024-09-21T08:03:31.953+0000] {dag.py:3229} INFO - Sync 1 DAGs
[2024-09-21T08:03:31.977+0000] {logging_mixin.py:190} INFO - [2024-09-21T08:03:31.977+0000] {dag.py:4156} INFO - Setting next_dagrun for example_task_group to None, run_after=None
[2024-09-21T08:03:32.014+0000] {processor.py:208} INFO - Processing /home/airflow/.local/lib/python3.12/site-packages/airflow/example_dags/example_task_group.py took 0.133 seconds
[2024-09-21T08:04:02.297+0000] {processor.py:186} INFO - Started process (PID=352) to work on /home/airflow/.local/lib/python3.12/site-packages/airflow/example_dags/example_task_group.py
[2024-09-21T08:04:02.299+0000] {processor.py:914} INFO - Processing file /home/airflow/.local/lib/python3.12/site-packages/airflow/example_dags/example_task_group.py for tasks to queue
[2024-09-21T08:04:02.304+0000] {logging_mixin.py:190} INFO - [2024-09-21T08:04:02.303+0000] {dagbag.py:587} INFO - Filling up the DagBag from /home/airflow/.local/lib/python3.12/site-packages/airflow/example_dags/example_task_group.py
[2024-09-21T08:04:02.316+0000] {processor.py:925} INFO - DAG(s) 'example_task_group' retrieved from /home/airflow/.local/lib/python3.12/site-packages/airflow/example_dags/example_task_group.py
[2024-09-21T08:04:02.352+0000] {logging_mixin.py:190} INFO - [2024-09-21T08:04:02.351+0000] {dag.py:3229} INFO - Sync 1 DAGs
[2024-09-21T08:04:02.373+0000] {logging_mixin.py:190} INFO - [2024-09-21T08:04:02.373+0000] {dag.py:4156} INFO - Setting next_dagrun for example_task_group to None, run_after=None
[2024-09-21T08:04:02.405+0000] {processor.py:208} INFO - Processing /home/airflow/.local/lib/python3.12/site-packages/airflow/example_dags/example_task_group.py took 0.116 seconds
[2024-09-21T08:04:32.613+0000] {processor.py:186} INFO - Started process (PID=416) to work on /home/airflow/.local/lib/python3.12/site-packages/airflow/example_dags/example_task_group.py
[2024-09-21T08:04:32.615+0000] {processor.py:914} INFO - Processing file /home/airflow/.local/lib/python3.12/site-packages/airflow/example_dags/example_task_group.py for tasks to queue
[2024-09-21T08:04:32.619+0000] {logging_mixin.py:190} INFO - [2024-09-21T08:04:32.618+0000] {dagbag.py:587} INFO - Filling up the DagBag from /home/airflow/.local/lib/python3.12/site-packages/airflow/example_dags/example_task_group.py
[2024-09-21T08:04:32.629+0000] {processor.py:925} INFO - DAG(s) 'example_task_group' retrieved from /home/airflow/.local/lib/python3.12/site-packages/airflow/example_dags/example_task_group.py
[2024-09-21T08:04:32.661+0000] {logging_mixin.py:190} INFO - [2024-09-21T08:04:32.660+0000] {dag.py:3229} INFO - Sync 1 DAGs
[2024-09-21T08:04:32.681+0000] {logging_mixin.py:190} INFO - [2024-09-21T08:04:32.681+0000] {dag.py:4156} INFO - Setting next_dagrun for example_task_group to None, run_after=None
[2024-09-21T08:04:32.712+0000] {processor.py:208} INFO - Processing /home/airflow/.local/lib/python3.12/site-packages/airflow/example_dags/example_task_group.py took 0.106 seconds
[2024-09-21T08:05:02.868+0000] {processor.py:186} INFO - Started process (PID=480) to work on /home/airflow/.local/lib/python3.12/site-packages/airflow/example_dags/example_task_group.py
[2024-09-21T08:05:02.869+0000] {processor.py:914} INFO - Processing file /home/airflow/.local/lib/python3.12/site-packages/airflow/example_dags/example_task_group.py for tasks to queue
[2024-09-21T08:05:02.873+0000] {logging_mixin.py:190} INFO - [2024-09-21T08:05:02.872+0000] {dagbag.py:587} INFO - Filling up the DagBag from /home/airflow/.local/lib/python3.12/site-packages/airflow/example_dags/example_task_group.py
[2024-09-21T08:05:02.889+0000] {processor.py:925} INFO - DAG(s) 'example_task_group' retrieved from /home/airflow/.local/lib/python3.12/site-packages/airflow/example_dags/example_task_group.py
[2024-09-21T08:05:02.928+0000] {logging_mixin.py:190} INFO - [2024-09-21T08:05:02.928+0000] {dag.py:3229} INFO - Sync 1 DAGs
[2024-09-21T08:05:02.953+0000] {logging_mixin.py:190} INFO - [2024-09-21T08:05:02.952+0000] {dag.py:4156} INFO - Setting next_dagrun for example_task_group to None, run_after=None
[2024-09-21T08:05:02.988+0000] {processor.py:208} INFO - Processing /home/airflow/.local/lib/python3.12/site-packages/airflow/example_dags/example_task_group.py took 0.129 seconds
[2024-09-21T08:05:34.032+0000] {processor.py:186} INFO - Started process (PID=544) to work on /home/airflow/.local/lib/python3.12/site-packages/airflow/example_dags/example_task_group.py
[2024-09-21T08:05:34.034+0000] {processor.py:914} INFO - Processing file /home/airflow/.local/lib/python3.12/site-packages/airflow/example_dags/example_task_group.py for tasks to queue
[2024-09-21T08:05:34.038+0000] {logging_mixin.py:190} INFO - [2024-09-21T08:05:34.037+0000] {dagbag.py:587} INFO - Filling up the DagBag from /home/airflow/.local/lib/python3.12/site-packages/airflow/example_dags/example_task_group.py
[2024-09-21T08:05:34.049+0000] {processor.py:925} INFO - DAG(s) 'example_task_group' retrieved from /home/airflow/.local/lib/python3.12/site-packages/airflow/example_dags/example_task_group.py
[2024-09-21T08:05:34.082+0000] {logging_mixin.py:190} INFO - [2024-09-21T08:05:34.082+0000] {dag.py:3229} INFO - Sync 1 DAGs
[2024-09-21T08:05:34.104+0000] {logging_mixin.py:190} INFO - [2024-09-21T08:05:34.103+0000] {dag.py:4156} INFO - Setting next_dagrun for example_task_group to None, run_after=None
[2024-09-21T08:05:34.136+0000] {processor.py:208} INFO - Processing /home/airflow/.local/lib/python3.12/site-packages/airflow/example_dags/example_task_group.py took 0.110 seconds
[2024-09-21T08:06:05.174+0000] {processor.py:186} INFO - Started process (PID=609) to work on /home/airflow/.local/lib/python3.12/site-packages/airflow/example_dags/example_task_group.py
[2024-09-21T08:06:05.176+0000] {processor.py:914} INFO - Processing file /home/airflow/.local/lib/python3.12/site-packages/airflow/example_dags/example_task_group.py for tasks to queue
[2024-09-21T08:06:05.179+0000] {logging_mixin.py:190} INFO - [2024-09-21T08:06:05.178+0000] {dagbag.py:587} INFO - Filling up the DagBag from /home/airflow/.local/lib/python3.12/site-packages/airflow/example_dags/example_task_group.py
[2024-09-21T08:06:05.191+0000] {processor.py:925} INFO - DAG(s) 'example_task_group' retrieved from /home/airflow/.local/lib/python3.12/site-packages/airflow/example_dags/example_task_group.py
[2024-09-21T08:06:05.223+0000] {logging_mixin.py:190} INFO - [2024-09-21T08:06:05.223+0000] {dag.py:3229} INFO - Sync 1 DAGs
[2024-09-21T08:06:05.244+0000] {logging_mixin.py:190} INFO - [2024-09-21T08:06:05.243+0000] {dag.py:4156} INFO - Setting next_dagrun for example_task_group to None, run_after=None
[2024-09-21T08:06:05.274+0000] {processor.py:208} INFO - Processing /home/airflow/.local/lib/python3.12/site-packages/airflow/example_dags/example_task_group.py took 0.107 seconds
[2024-09-21T08:06:35.949+0000] {processor.py:186} INFO - Started process (PID=673) to work on /home/airflow/.local/lib/python3.12/site-packages/airflow/example_dags/example_task_group.py
[2024-09-21T08:06:35.951+0000] {processor.py:914} INFO - Processing file /home/airflow/.local/lib/python3.12/site-packages/airflow/example_dags/example_task_group.py for tasks to queue
[2024-09-21T08:06:35.955+0000] {logging_mixin.py:190} INFO - [2024-09-21T08:06:35.954+0000] {dagbag.py:587} INFO - Filling up the DagBag from /home/airflow/.local/lib/python3.12/site-packages/airflow/example_dags/example_task_group.py
[2024-09-21T08:06:35.967+0000] {processor.py:925} INFO - DAG(s) 'example_task_group' retrieved from /home/airflow/.local/lib/python3.12/site-packages/airflow/example_dags/example_task_group.py
[2024-09-21T08:06:36.002+0000] {logging_mixin.py:190} INFO - [2024-09-21T08:06:36.001+0000] {dag.py:3229} INFO - Sync 1 DAGs
[2024-09-21T08:06:36.023+0000] {logging_mixin.py:190} INFO - [2024-09-21T08:06:36.023+0000] {dag.py:4156} INFO - Setting next_dagrun for example_task_group to None, run_after=None
[2024-09-21T08:06:36.055+0000] {processor.py:208} INFO - Processing /home/airflow/.local/lib/python3.12/site-packages/airflow/example_dags/example_task_group.py took 0.113 seconds
[2024-09-21T08:07:06.508+0000] {processor.py:186} INFO - Started process (PID=737) to work on /home/airflow/.local/lib/python3.12/site-packages/airflow/example_dags/example_task_group.py
[2024-09-21T08:07:06.510+0000] {processor.py:914} INFO - Processing file /home/airflow/.local/lib/python3.12/site-packages/airflow/example_dags/example_task_group.py for tasks to queue
[2024-09-21T08:07:06.515+0000] {logging_mixin.py:190} INFO - [2024-09-21T08:07:06.514+0000] {dagbag.py:587} INFO - Filling up the DagBag from /home/airflow/.local/lib/python3.12/site-packages/airflow/example_dags/example_task_group.py
[2024-09-21T08:07:06.527+0000] {processor.py:925} INFO - DAG(s) 'example_task_group' retrieved from /home/airflow/.local/lib/python3.12/site-packages/airflow/example_dags/example_task_group.py
[2024-09-21T08:07:06.565+0000] {logging_mixin.py:190} INFO - [2024-09-21T08:07:06.564+0000] {dag.py:3229} INFO - Sync 1 DAGs
[2024-09-21T08:07:06.588+0000] {logging_mixin.py:190} INFO - [2024-09-21T08:07:06.587+0000] {dag.py:4156} INFO - Setting next_dagrun for example_task_group to None, run_after=None
[2024-09-21T08:07:06.625+0000] {processor.py:208} INFO - Processing /home/airflow/.local/lib/python3.12/site-packages/airflow/example_dags/example_task_group.py took 0.126 seconds
[2024-09-21T08:07:37.300+0000] {processor.py:186} INFO - Started process (PID=801) to work on /home/airflow/.local/lib/python3.12/site-packages/airflow/example_dags/example_task_group.py
[2024-09-21T08:07:37.302+0000] {processor.py:914} INFO - Processing file /home/airflow/.local/lib/python3.12/site-packages/airflow/example_dags/example_task_group.py for tasks to queue
[2024-09-21T08:07:37.306+0000] {logging_mixin.py:190} INFO - [2024-09-21T08:07:37.305+0000] {dagbag.py:587} INFO - Filling up the DagBag from /home/airflow/.local/lib/python3.12/site-packages/airflow/example_dags/example_task_group.py
[2024-09-21T08:07:37.327+0000] {processor.py:925} INFO - DAG(s) 'example_task_group' retrieved from /home/airflow/.local/lib/python3.12/site-packages/airflow/example_dags/example_task_group.py
[2024-09-21T08:07:37.372+0000] {logging_mixin.py:190} INFO - [2024-09-21T08:07:37.371+0000] {dag.py:3229} INFO - Sync 1 DAGs
[2024-09-21T08:07:37.400+0000] {logging_mixin.py:190} INFO - [2024-09-21T08:07:37.399+0000] {dag.py:4156} INFO - Setting next_dagrun for example_task_group to None, run_after=None
[2024-09-21T08:07:37.450+0000] {processor.py:208} INFO - Processing /home/airflow/.local/lib/python3.12/site-packages/airflow/example_dags/example_task_group.py took 0.158 seconds
[2024-09-21T08:08:07.946+0000] {processor.py:186} INFO - Started process (PID=865) to work on /home/airflow/.local/lib/python3.12/site-packages/airflow/example_dags/example_task_group.py
[2024-09-21T08:08:07.949+0000] {processor.py:914} INFO - Processing file /home/airflow/.local/lib/python3.12/site-packages/airflow/example_dags/example_task_group.py for tasks to queue
[2024-09-21T08:08:07.955+0000] {logging_mixin.py:190} INFO - [2024-09-21T08:08:07.954+0000] {dagbag.py:587} INFO - Filling up the DagBag from /home/airflow/.local/lib/python3.12/site-packages/airflow/example_dags/example_task_group.py
[2024-09-21T08:08:07.975+0000] {processor.py:925} INFO - DAG(s) 'example_task_group' retrieved from /home/airflow/.local/lib/python3.12/site-packages/airflow/example_dags/example_task_group.py
[2024-09-21T08:08:08.028+0000] {logging_mixin.py:190} INFO - [2024-09-21T08:08:08.027+0000] {dag.py:3229} INFO - Sync 1 DAGs
[2024-09-21T08:08:08.066+0000] {logging_mixin.py:190} INFO - [2024-09-21T08:08:08.065+0000] {dag.py:4156} INFO - Setting next_dagrun for example_task_group to None, run_after=None
[2024-09-21T08:08:08.120+0000] {processor.py:208} INFO - Processing /home/airflow/.local/lib/python3.12/site-packages/airflow/example_dags/example_task_group.py took 0.185 seconds
[2024-09-21T08:08:38.406+0000] {processor.py:186} INFO - Started process (PID=929) to work on /home/airflow/.local/lib/python3.12/site-packages/airflow/example_dags/example_task_group.py
[2024-09-21T08:08:38.407+0000] {processor.py:914} INFO - Processing file /home/airflow/.local/lib/python3.12/site-packages/airflow/example_dags/example_task_group.py for tasks to queue
[2024-09-21T08:08:38.411+0000] {logging_mixin.py:190} INFO - [2024-09-21T08:08:38.410+0000] {dagbag.py:587} INFO - Filling up the DagBag from /home/airflow/.local/lib/python3.12/site-packages/airflow/example_dags/example_task_group.py
[2024-09-21T08:08:38.421+0000] {processor.py:925} INFO - DAG(s) 'example_task_group' retrieved from /home/airflow/.local/lib/python3.12/site-packages/airflow/example_dags/example_task_group.py
[2024-09-21T08:08:38.452+0000] {logging_mixin.py:190} INFO - [2024-09-21T08:08:38.451+0000] {dag.py:3229} INFO - Sync 1 DAGs
[2024-09-21T08:08:38.471+0000] {logging_mixin.py:190} INFO - [2024-09-21T08:08:38.471+0000] {dag.py:4156} INFO - Setting next_dagrun for example_task_group to None, run_after=None
[2024-09-21T08:08:38.504+0000] {processor.py:208} INFO - Processing /home/airflow/.local/lib/python3.12/site-packages/airflow/example_dags/example_task_group.py took 0.105 seconds
[2024-09-21T08:09:08.810+0000] {processor.py:186} INFO - Started process (PID=999) to work on /home/airflow/.local/lib/python3.12/site-packages/airflow/example_dags/example_task_group.py
[2024-09-21T08:09:08.811+0000] {processor.py:914} INFO - Processing file /home/airflow/.local/lib/python3.12/site-packages/airflow/example_dags/example_task_group.py for tasks to queue
[2024-09-21T08:09:08.814+0000] {logging_mixin.py:190} INFO - [2024-09-21T08:09:08.813+0000] {dagbag.py:587} INFO - Filling up the DagBag from /home/airflow/.local/lib/python3.12/site-packages/airflow/example_dags/example_task_group.py
[2024-09-21T08:09:08.823+0000] {processor.py:925} INFO - DAG(s) 'example_task_group' retrieved from /home/airflow/.local/lib/python3.12/site-packages/airflow/example_dags/example_task_group.py
[2024-09-21T08:09:08.849+0000] {logging_mixin.py:190} INFO - [2024-09-21T08:09:08.849+0000] {dag.py:3229} INFO - Sync 1 DAGs
[2024-09-21T08:09:08.867+0000] {logging_mixin.py:190} INFO - [2024-09-21T08:09:08.867+0000] {dag.py:4156} INFO - Setting next_dagrun for example_task_group to None, run_after=None
[2024-09-21T08:09:08.889+0000] {processor.py:208} INFO - Processing /home/airflow/.local/lib/python3.12/site-packages/airflow/example_dags/example_task_group.py took 0.085 seconds
[2024-09-21T08:09:39.873+0000] {processor.py:186} INFO - Started process (PID=1063) to work on /home/airflow/.local/lib/python3.12/site-packages/airflow/example_dags/example_task_group.py
[2024-09-21T08:09:39.875+0000] {processor.py:914} INFO - Processing file /home/airflow/.local/lib/python3.12/site-packages/airflow/example_dags/example_task_group.py for tasks to queue
[2024-09-21T08:09:39.878+0000] {logging_mixin.py:190} INFO - [2024-09-21T08:09:39.878+0000] {dagbag.py:587} INFO - Filling up the DagBag from /home/airflow/.local/lib/python3.12/site-packages/airflow/example_dags/example_task_group.py
[2024-09-21T08:09:39.892+0000] {processor.py:925} INFO - DAG(s) 'example_task_group' retrieved from /home/airflow/.local/lib/python3.12/site-packages/airflow/example_dags/example_task_group.py
[2024-09-21T08:09:39.928+0000] {logging_mixin.py:190} INFO - [2024-09-21T08:09:39.927+0000] {dag.py:3229} INFO - Sync 1 DAGs
[2024-09-21T08:09:39.951+0000] {logging_mixin.py:190} INFO - [2024-09-21T08:09:39.951+0000] {dag.py:4156} INFO - Setting next_dagrun for example_task_group to None, run_after=None
[2024-09-21T08:09:39.991+0000] {processor.py:208} INFO - Processing /home/airflow/.local/lib/python3.12/site-packages/airflow/example_dags/example_task_group.py took 0.126 seconds
[2024-09-21T08:10:10.565+0000] {processor.py:186} INFO - Started process (PID=1131) to work on /home/airflow/.local/lib/python3.12/site-packages/airflow/example_dags/example_task_group.py
[2024-09-21T08:10:10.566+0000] {processor.py:914} INFO - Processing file /home/airflow/.local/lib/python3.12/site-packages/airflow/example_dags/example_task_group.py for tasks to queue
[2024-09-21T08:10:10.570+0000] {logging_mixin.py:190} INFO - [2024-09-21T08:10:10.569+0000] {dagbag.py:587} INFO - Filling up the DagBag from /home/airflow/.local/lib/python3.12/site-packages/airflow/example_dags/example_task_group.py
[2024-09-21T08:10:10.580+0000] {processor.py:925} INFO - DAG(s) 'example_task_group' retrieved from /home/airflow/.local/lib/python3.12/site-packages/airflow/example_dags/example_task_group.py
[2024-09-21T08:10:10.613+0000] {logging_mixin.py:190} INFO - [2024-09-21T08:10:10.612+0000] {dag.py:3229} INFO - Sync 1 DAGs
[2024-09-21T08:10:10.634+0000] {logging_mixin.py:190} INFO - [2024-09-21T08:10:10.633+0000] {dag.py:4156} INFO - Setting next_dagrun for example_task_group to None, run_after=None
[2024-09-21T08:10:10.662+0000] {processor.py:208} INFO - Processing /home/airflow/.local/lib/python3.12/site-packages/airflow/example_dags/example_task_group.py took 0.104 seconds
[2024-09-21T08:10:41.780+0000] {processor.py:186} INFO - Started process (PID=1195) to work on /home/airflow/.local/lib/python3.12/site-packages/airflow/example_dags/example_task_group.py
[2024-09-21T08:10:41.783+0000] {processor.py:914} INFO - Processing file /home/airflow/.local/lib/python3.12/site-packages/airflow/example_dags/example_task_group.py for tasks to queue
[2024-09-21T08:10:41.787+0000] {logging_mixin.py:190} INFO - [2024-09-21T08:10:41.787+0000] {dagbag.py:587} INFO - Filling up the DagBag from /home/airflow/.local/lib/python3.12/site-packages/airflow/example_dags/example_task_group.py
[2024-09-21T08:10:41.803+0000] {processor.py:925} INFO - DAG(s) 'example_task_group' retrieved from /home/airflow/.local/lib/python3.12/site-packages/airflow/example_dags/example_task_group.py
[2024-09-21T08:10:41.844+0000] {logging_mixin.py:190} INFO - [2024-09-21T08:10:41.844+0000] {dag.py:3229} INFO - Sync 1 DAGs
[2024-09-21T08:10:41.869+0000] {logging_mixin.py:190} INFO - [2024-09-21T08:10:41.869+0000] {dag.py:4156} INFO - Setting next_dagrun for example_task_group to None, run_after=None
[2024-09-21T08:10:41.907+0000] {processor.py:208} INFO - Processing /home/airflow/.local/lib/python3.12/site-packages/airflow/example_dags/example_task_group.py took 0.135 seconds
[2024-09-21T08:11:12.384+0000] {processor.py:186} INFO - Started process (PID=1260) to work on /home/airflow/.local/lib/python3.12/site-packages/airflow/example_dags/example_task_group.py
[2024-09-21T08:11:12.386+0000] {processor.py:914} INFO - Processing file /home/airflow/.local/lib/python3.12/site-packages/airflow/example_dags/example_task_group.py for tasks to queue
[2024-09-21T08:11:12.391+0000] {logging_mixin.py:190} INFO - [2024-09-21T08:11:12.391+0000] {dagbag.py:587} INFO - Filling up the DagBag from /home/airflow/.local/lib/python3.12/site-packages/airflow/example_dags/example_task_group.py
[2024-09-21T08:11:12.406+0000] {processor.py:925} INFO - DAG(s) 'example_task_group' retrieved from /home/airflow/.local/lib/python3.12/site-packages/airflow/example_dags/example_task_group.py
[2024-09-21T08:11:12.451+0000] {logging_mixin.py:190} INFO - [2024-09-21T08:11:12.450+0000] {dag.py:3229} INFO - Sync 1 DAGs
[2024-09-21T08:11:12.473+0000] {logging_mixin.py:190} INFO - [2024-09-21T08:11:12.472+0000] {dag.py:4156} INFO - Setting next_dagrun for example_task_group to None, run_after=None
[2024-09-21T08:11:12.511+0000] {processor.py:208} INFO - Processing /home/airflow/.local/lib/python3.12/site-packages/airflow/example_dags/example_task_group.py took 0.135 seconds
[2024-09-21T08:11:43.327+0000] {processor.py:186} INFO - Started process (PID=1324) to work on /home/airflow/.local/lib/python3.12/site-packages/airflow/example_dags/example_task_group.py
[2024-09-21T08:11:43.329+0000] {processor.py:914} INFO - Processing file /home/airflow/.local/lib/python3.12/site-packages/airflow/example_dags/example_task_group.py for tasks to queue
[2024-09-21T08:11:43.334+0000] {logging_mixin.py:190} INFO - [2024-09-21T08:11:43.334+0000] {dagbag.py:587} INFO - Filling up the DagBag from /home/airflow/.local/lib/python3.12/site-packages/airflow/example_dags/example_task_group.py
[2024-09-21T08:11:43.349+0000] {processor.py:925} INFO - DAG(s) 'example_task_group' retrieved from /home/airflow/.local/lib/python3.12/site-packages/airflow/example_dags/example_task_group.py
[2024-09-21T08:11:43.391+0000] {logging_mixin.py:190} INFO - [2024-09-21T08:11:43.390+0000] {dag.py:3229} INFO - Sync 1 DAGs
[2024-09-21T08:11:43.419+0000] {logging_mixin.py:190} INFO - [2024-09-21T08:11:43.418+0000] {dag.py:4156} INFO - Setting next_dagrun for example_task_group to None, run_after=None
[2024-09-21T08:11:43.459+0000] {processor.py:208} INFO - Processing /home/airflow/.local/lib/python3.12/site-packages/airflow/example_dags/example_task_group.py took 0.142 seconds
[2024-09-21T08:12:13.747+0000] {processor.py:186} INFO - Started process (PID=1388) to work on /home/airflow/.local/lib/python3.12/site-packages/airflow/example_dags/example_task_group.py
[2024-09-21T08:12:13.750+0000] {processor.py:914} INFO - Processing file /home/airflow/.local/lib/python3.12/site-packages/airflow/example_dags/example_task_group.py for tasks to queue
[2024-09-21T08:12:13.754+0000] {logging_mixin.py:190} INFO - [2024-09-21T08:12:13.753+0000] {dagbag.py:587} INFO - Filling up the DagBag from /home/airflow/.local/lib/python3.12/site-packages/airflow/example_dags/example_task_group.py
[2024-09-21T08:12:13.768+0000] {processor.py:925} INFO - DAG(s) 'example_task_group' retrieved from /home/airflow/.local/lib/python3.12/site-packages/airflow/example_dags/example_task_group.py
[2024-09-21T08:12:13.809+0000] {logging_mixin.py:190} INFO - [2024-09-21T08:12:13.808+0000] {dag.py:3229} INFO - Sync 1 DAGs
[2024-09-21T08:12:13.833+0000] {logging_mixin.py:190} INFO - [2024-09-21T08:12:13.832+0000] {dag.py:4156} INFO - Setting next_dagrun for example_task_group to None, run_after=None
[2024-09-21T08:12:13.878+0000] {processor.py:208} INFO - Processing /home/airflow/.local/lib/python3.12/site-packages/airflow/example_dags/example_task_group.py took 0.139 seconds
[2024-09-21T08:12:44.639+0000] {processor.py:186} INFO - Started process (PID=1453) to work on /home/airflow/.local/lib/python3.12/site-packages/airflow/example_dags/example_task_group.py
[2024-09-21T08:12:44.640+0000] {processor.py:914} INFO - Processing file /home/airflow/.local/lib/python3.12/site-packages/airflow/example_dags/example_task_group.py for tasks to queue
[2024-09-21T08:12:44.644+0000] {logging_mixin.py:190} INFO - [2024-09-21T08:12:44.643+0000] {dagbag.py:587} INFO - Filling up the DagBag from /home/airflow/.local/lib/python3.12/site-packages/airflow/example_dags/example_task_group.py
[2024-09-21T08:12:44.657+0000] {processor.py:925} INFO - DAG(s) 'example_task_group' retrieved from /home/airflow/.local/lib/python3.12/site-packages/airflow/example_dags/example_task_group.py
[2024-09-21T08:12:44.694+0000] {logging_mixin.py:190} INFO - [2024-09-21T08:12:44.693+0000] {dag.py:3229} INFO - Sync 1 DAGs
[2024-09-21T08:12:44.714+0000] {logging_mixin.py:190} INFO - [2024-09-21T08:12:44.714+0000] {dag.py:4156} INFO - Setting next_dagrun for example_task_group to None, run_after=None
[2024-09-21T08:12:44.750+0000] {processor.py:208} INFO - Processing /home/airflow/.local/lib/python3.12/site-packages/airflow/example_dags/example_task_group.py took 0.118 seconds
[2024-09-21T08:13:15.191+0000] {processor.py:186} INFO - Started process (PID=1517) to work on /home/airflow/.local/lib/python3.12/site-packages/airflow/example_dags/example_task_group.py
[2024-09-21T08:13:15.193+0000] {processor.py:914} INFO - Processing file /home/airflow/.local/lib/python3.12/site-packages/airflow/example_dags/example_task_group.py for tasks to queue
[2024-09-21T08:13:15.199+0000] {logging_mixin.py:190} INFO - [2024-09-21T08:13:15.198+0000] {dagbag.py:587} INFO - Filling up the DagBag from /home/airflow/.local/lib/python3.12/site-packages/airflow/example_dags/example_task_group.py
[2024-09-21T08:13:15.218+0000] {processor.py:925} INFO - DAG(s) 'example_task_group' retrieved from /home/airflow/.local/lib/python3.12/site-packages/airflow/example_dags/example_task_group.py
[2024-09-21T08:13:15.264+0000] {logging_mixin.py:190} INFO - [2024-09-21T08:13:15.263+0000] {dag.py:3229} INFO - Sync 1 DAGs
[2024-09-21T08:13:15.292+0000] {logging_mixin.py:190} INFO - [2024-09-21T08:13:15.291+0000] {dag.py:4156} INFO - Setting next_dagrun for example_task_group to None, run_after=None
[2024-09-21T08:13:15.333+0000] {processor.py:208} INFO - Processing /home/airflow/.local/lib/python3.12/site-packages/airflow/example_dags/example_task_group.py took 0.157 seconds
[2024-09-21T08:13:45.686+0000] {processor.py:186} INFO - Started process (PID=1581) to work on /home/airflow/.local/lib/python3.12/site-packages/airflow/example_dags/example_task_group.py
[2024-09-21T08:13:45.689+0000] {processor.py:914} INFO - Processing file /home/airflow/.local/lib/python3.12/site-packages/airflow/example_dags/example_task_group.py for tasks to queue
[2024-09-21T08:13:45.693+0000] {logging_mixin.py:190} INFO - [2024-09-21T08:13:45.693+0000] {dagbag.py:587} INFO - Filling up the DagBag from /home/airflow/.local/lib/python3.12/site-packages/airflow/example_dags/example_task_group.py
[2024-09-21T08:13:45.708+0000] {processor.py:925} INFO - DAG(s) 'example_task_group' retrieved from /home/airflow/.local/lib/python3.12/site-packages/airflow/example_dags/example_task_group.py
[2024-09-21T08:13:45.747+0000] {logging_mixin.py:190} INFO - [2024-09-21T08:13:45.746+0000] {dag.py:3229} INFO - Sync 1 DAGs
[2024-09-21T08:13:45.775+0000] {logging_mixin.py:190} INFO - [2024-09-21T08:13:45.774+0000] {dag.py:4156} INFO - Setting next_dagrun for example_task_group to None, run_after=None
[2024-09-21T08:13:45.813+0000] {processor.py:208} INFO - Processing /home/airflow/.local/lib/python3.12/site-packages/airflow/example_dags/example_task_group.py took 0.137 seconds
[2024-09-21T08:14:16.908+0000] {processor.py:186} INFO - Started process (PID=1645) to work on /home/airflow/.local/lib/python3.12/site-packages/airflow/example_dags/example_task_group.py
[2024-09-21T08:14:16.911+0000] {processor.py:914} INFO - Processing file /home/airflow/.local/lib/python3.12/site-packages/airflow/example_dags/example_task_group.py for tasks to queue
[2024-09-21T08:14:16.915+0000] {logging_mixin.py:190} INFO - [2024-09-21T08:14:16.915+0000] {dagbag.py:587} INFO - Filling up the DagBag from /home/airflow/.local/lib/python3.12/site-packages/airflow/example_dags/example_task_group.py
[2024-09-21T08:14:16.929+0000] {processor.py:925} INFO - DAG(s) 'example_task_group' retrieved from /home/airflow/.local/lib/python3.12/site-packages/airflow/example_dags/example_task_group.py
[2024-09-21T08:14:16.971+0000] {logging_mixin.py:190} INFO - [2024-09-21T08:14:16.970+0000] {dag.py:3229} INFO - Sync 1 DAGs
[2024-09-21T08:14:16.995+0000] {logging_mixin.py:190} INFO - [2024-09-21T08:14:16.994+0000] {dag.py:4156} INFO - Setting next_dagrun for example_task_group to None, run_after=None
[2024-09-21T08:14:17.031+0000] {processor.py:208} INFO - Processing /home/airflow/.local/lib/python3.12/site-packages/airflow/example_dags/example_task_group.py took 0.131 seconds
[2024-09-21T08:14:47.697+0000] {processor.py:186} INFO - Started process (PID=1709) to work on /home/airflow/.local/lib/python3.12/site-packages/airflow/example_dags/example_task_group.py
[2024-09-21T08:14:47.699+0000] {processor.py:914} INFO - Processing file /home/airflow/.local/lib/python3.12/site-packages/airflow/example_dags/example_task_group.py for tasks to queue
[2024-09-21T08:14:47.704+0000] {logging_mixin.py:190} INFO - [2024-09-21T08:14:47.703+0000] {dagbag.py:587} INFO - Filling up the DagBag from /home/airflow/.local/lib/python3.12/site-packages/airflow/example_dags/example_task_group.py
[2024-09-21T08:14:47.719+0000] {processor.py:925} INFO - DAG(s) 'example_task_group' retrieved from /home/airflow/.local/lib/python3.12/site-packages/airflow/example_dags/example_task_group.py
[2024-09-21T08:14:47.760+0000] {logging_mixin.py:190} INFO - [2024-09-21T08:14:47.759+0000] {dag.py:3229} INFO - Sync 1 DAGs
[2024-09-21T08:14:47.784+0000] {logging_mixin.py:190} INFO - [2024-09-21T08:14:47.784+0000] {dag.py:4156} INFO - Setting next_dagrun for example_task_group to None, run_after=None
[2024-09-21T08:14:47.816+0000] {processor.py:208} INFO - Processing /home/airflow/.local/lib/python3.12/site-packages/airflow/example_dags/example_task_group.py took 0.128 seconds
[2024-09-21T08:15:18.526+0000] {processor.py:186} INFO - Started process (PID=1774) to work on /home/airflow/.local/lib/python3.12/site-packages/airflow/example_dags/example_task_group.py
[2024-09-21T08:15:18.527+0000] {processor.py:914} INFO - Processing file /home/airflow/.local/lib/python3.12/site-packages/airflow/example_dags/example_task_group.py for tasks to queue
[2024-09-21T08:15:18.529+0000] {logging_mixin.py:190} INFO - [2024-09-21T08:15:18.529+0000] {dagbag.py:587} INFO - Filling up the DagBag from /home/airflow/.local/lib/python3.12/site-packages/airflow/example_dags/example_task_group.py
[2024-09-21T08:15:18.546+0000] {processor.py:925} INFO - DAG(s) 'example_task_group' retrieved from /home/airflow/.local/lib/python3.12/site-packages/airflow/example_dags/example_task_group.py
[2024-09-21T08:15:18.577+0000] {logging_mixin.py:190} INFO - [2024-09-21T08:15:18.576+0000] {dag.py:3229} INFO - Sync 1 DAGs
[2024-09-21T08:15:18.594+0000] {logging_mixin.py:190} INFO - [2024-09-21T08:15:18.594+0000] {dag.py:4156} INFO - Setting next_dagrun for example_task_group to None, run_after=None
[2024-09-21T08:15:18.624+0000] {processor.py:208} INFO - Processing /home/airflow/.local/lib/python3.12/site-packages/airflow/example_dags/example_task_group.py took 0.103 seconds
[2024-09-21T08:15:49.464+0000] {processor.py:186} INFO - Started process (PID=1839) to work on /home/airflow/.local/lib/python3.12/site-packages/airflow/example_dags/example_task_group.py
[2024-09-21T08:15:49.467+0000] {processor.py:914} INFO - Processing file /home/airflow/.local/lib/python3.12/site-packages/airflow/example_dags/example_task_group.py for tasks to queue
[2024-09-21T08:15:49.472+0000] {logging_mixin.py:190} INFO - [2024-09-21T08:15:49.472+0000] {dagbag.py:587} INFO - Filling up the DagBag from /home/airflow/.local/lib/python3.12/site-packages/airflow/example_dags/example_task_group.py
[2024-09-21T08:15:49.489+0000] {processor.py:925} INFO - DAG(s) 'example_task_group' retrieved from /home/airflow/.local/lib/python3.12/site-packages/airflow/example_dags/example_task_group.py
[2024-09-21T08:15:49.527+0000] {logging_mixin.py:190} INFO - [2024-09-21T08:15:49.527+0000] {dag.py:3229} INFO - Sync 1 DAGs
[2024-09-21T08:15:49.558+0000] {logging_mixin.py:190} INFO - [2024-09-21T08:15:49.557+0000] {dag.py:4156} INFO - Setting next_dagrun for example_task_group to None, run_after=None
[2024-09-21T08:15:49.627+0000] {processor.py:208} INFO - Processing /home/airflow/.local/lib/python3.12/site-packages/airflow/example_dags/example_task_group.py took 0.171 seconds
[2024-09-21T08:16:20.208+0000] {processor.py:186} INFO - Started process (PID=1903) to work on /home/airflow/.local/lib/python3.12/site-packages/airflow/example_dags/example_task_group.py
[2024-09-21T08:16:20.210+0000] {processor.py:914} INFO - Processing file /home/airflow/.local/lib/python3.12/site-packages/airflow/example_dags/example_task_group.py for tasks to queue
[2024-09-21T08:16:20.213+0000] {logging_mixin.py:190} INFO - [2024-09-21T08:16:20.212+0000] {dagbag.py:587} INFO - Filling up the DagBag from /home/airflow/.local/lib/python3.12/site-packages/airflow/example_dags/example_task_group.py
[2024-09-21T08:16:20.229+0000] {processor.py:925} INFO - DAG(s) 'example_task_group' retrieved from /home/airflow/.local/lib/python3.12/site-packages/airflow/example_dags/example_task_group.py
[2024-09-21T08:16:20.267+0000] {logging_mixin.py:190} INFO - [2024-09-21T08:16:20.266+0000] {dag.py:3229} INFO - Sync 1 DAGs
[2024-09-21T08:16:20.292+0000] {logging_mixin.py:190} INFO - [2024-09-21T08:16:20.291+0000] {dag.py:4156} INFO - Setting next_dagrun for example_task_group to None, run_after=None
[2024-09-21T08:16:20.330+0000] {processor.py:208} INFO - Processing /home/airflow/.local/lib/python3.12/site-packages/airflow/example_dags/example_task_group.py took 0.131 seconds
[2024-09-21T08:16:51.099+0000] {processor.py:186} INFO - Started process (PID=1967) to work on /home/airflow/.local/lib/python3.12/site-packages/airflow/example_dags/example_task_group.py
[2024-09-21T08:16:51.101+0000] {processor.py:914} INFO - Processing file /home/airflow/.local/lib/python3.12/site-packages/airflow/example_dags/example_task_group.py for tasks to queue
[2024-09-21T08:16:51.106+0000] {logging_mixin.py:190} INFO - [2024-09-21T08:16:51.105+0000] {dagbag.py:587} INFO - Filling up the DagBag from /home/airflow/.local/lib/python3.12/site-packages/airflow/example_dags/example_task_group.py
[2024-09-21T08:16:51.120+0000] {processor.py:925} INFO - DAG(s) 'example_task_group' retrieved from /home/airflow/.local/lib/python3.12/site-packages/airflow/example_dags/example_task_group.py
[2024-09-21T08:16:51.159+0000] {logging_mixin.py:190} INFO - [2024-09-21T08:16:51.159+0000] {dag.py:3229} INFO - Sync 1 DAGs
[2024-09-21T08:16:51.183+0000] {logging_mixin.py:190} INFO - [2024-09-21T08:16:51.182+0000] {dag.py:4156} INFO - Setting next_dagrun for example_task_group to None, run_after=None
[2024-09-21T08:16:51.221+0000] {processor.py:208} INFO - Processing /home/airflow/.local/lib/python3.12/site-packages/airflow/example_dags/example_task_group.py took 0.129 seconds
[2024-09-21T08:17:22.254+0000] {processor.py:186} INFO - Started process (PID=2031) to work on /home/airflow/.local/lib/python3.12/site-packages/airflow/example_dags/example_task_group.py
[2024-09-21T08:17:22.255+0000] {processor.py:914} INFO - Processing file /home/airflow/.local/lib/python3.12/site-packages/airflow/example_dags/example_task_group.py for tasks to queue
[2024-09-21T08:17:22.260+0000] {logging_mixin.py:190} INFO - [2024-09-21T08:17:22.259+0000] {dagbag.py:587} INFO - Filling up the DagBag from /home/airflow/.local/lib/python3.12/site-packages/airflow/example_dags/example_task_group.py
[2024-09-21T08:17:22.277+0000] {processor.py:925} INFO - DAG(s) 'example_task_group' retrieved from /home/airflow/.local/lib/python3.12/site-packages/airflow/example_dags/example_task_group.py
[2024-09-21T08:17:22.313+0000] {logging_mixin.py:190} INFO - [2024-09-21T08:17:22.312+0000] {dag.py:3229} INFO - Sync 1 DAGs
[2024-09-21T08:17:22.335+0000] {logging_mixin.py:190} INFO - [2024-09-21T08:17:22.335+0000] {dag.py:4156} INFO - Setting next_dagrun for example_task_group to None, run_after=None
[2024-09-21T08:17:22.371+0000] {processor.py:208} INFO - Processing /home/airflow/.local/lib/python3.12/site-packages/airflow/example_dags/example_task_group.py took 0.126 seconds
[2024-09-21T08:17:52.759+0000] {processor.py:186} INFO - Started process (PID=2095) to work on /home/airflow/.local/lib/python3.12/site-packages/airflow/example_dags/example_task_group.py
[2024-09-21T08:17:52.762+0000] {processor.py:914} INFO - Processing file /home/airflow/.local/lib/python3.12/site-packages/airflow/example_dags/example_task_group.py for tasks to queue
[2024-09-21T08:17:52.767+0000] {logging_mixin.py:190} INFO - [2024-09-21T08:17:52.766+0000] {dagbag.py:587} INFO - Filling up the DagBag from /home/airflow/.local/lib/python3.12/site-packages/airflow/example_dags/example_task_group.py
[2024-09-21T08:17:52.782+0000] {processor.py:925} INFO - DAG(s) 'example_task_group' retrieved from /home/airflow/.local/lib/python3.12/site-packages/airflow/example_dags/example_task_group.py
[2024-09-21T08:17:52.831+0000] {logging_mixin.py:190} INFO - [2024-09-21T08:17:52.830+0000] {dag.py:3229} INFO - Sync 1 DAGs
[2024-09-21T08:17:52.859+0000] {logging_mixin.py:190} INFO - [2024-09-21T08:17:52.858+0000] {dag.py:4156} INFO - Setting next_dagrun for example_task_group to None, run_after=None
[2024-09-21T08:17:52.908+0000] {processor.py:208} INFO - Processing /home/airflow/.local/lib/python3.12/site-packages/airflow/example_dags/example_task_group.py took 0.165 seconds
[2024-09-21T08:18:23.487+0000] {processor.py:186} INFO - Started process (PID=2159) to work on /home/airflow/.local/lib/python3.12/site-packages/airflow/example_dags/example_task_group.py
[2024-09-21T08:18:23.489+0000] {processor.py:914} INFO - Processing file /home/airflow/.local/lib/python3.12/site-packages/airflow/example_dags/example_task_group.py for tasks to queue
[2024-09-21T08:18:23.494+0000] {logging_mixin.py:190} INFO - [2024-09-21T08:18:23.493+0000] {dagbag.py:587} INFO - Filling up the DagBag from /home/airflow/.local/lib/python3.12/site-packages/airflow/example_dags/example_task_group.py
[2024-09-21T08:18:23.508+0000] {processor.py:925} INFO - DAG(s) 'example_task_group' retrieved from /home/airflow/.local/lib/python3.12/site-packages/airflow/example_dags/example_task_group.py
[2024-09-21T08:18:23.548+0000] {logging_mixin.py:190} INFO - [2024-09-21T08:18:23.547+0000] {dag.py:3229} INFO - Sync 1 DAGs
[2024-09-21T08:18:23.570+0000] {logging_mixin.py:190} INFO - [2024-09-21T08:18:23.570+0000] {dag.py:4156} INFO - Setting next_dagrun for example_task_group to None, run_after=None
[2024-09-21T08:18:23.600+0000] {processor.py:208} INFO - Processing /home/airflow/.local/lib/python3.12/site-packages/airflow/example_dags/example_task_group.py took 0.124 seconds
[2024-09-21T08:18:54.128+0000] {processor.py:186} INFO - Started process (PID=2223) to work on /home/airflow/.local/lib/python3.12/site-packages/airflow/example_dags/example_task_group.py
[2024-09-21T08:18:54.130+0000] {processor.py:914} INFO - Processing file /home/airflow/.local/lib/python3.12/site-packages/airflow/example_dags/example_task_group.py for tasks to queue
[2024-09-21T08:18:54.134+0000] {logging_mixin.py:190} INFO - [2024-09-21T08:18:54.133+0000] {dagbag.py:587} INFO - Filling up the DagBag from /home/airflow/.local/lib/python3.12/site-packages/airflow/example_dags/example_task_group.py
[2024-09-21T08:18:54.148+0000] {processor.py:925} INFO - DAG(s) 'example_task_group' retrieved from /home/airflow/.local/lib/python3.12/site-packages/airflow/example_dags/example_task_group.py
[2024-09-21T08:18:54.185+0000] {logging_mixin.py:190} INFO - [2024-09-21T08:18:54.184+0000] {dag.py:3229} INFO - Sync 1 DAGs
[2024-09-21T08:18:54.208+0000] {logging_mixin.py:190} INFO - [2024-09-21T08:18:54.207+0000] {dag.py:4156} INFO - Setting next_dagrun for example_task_group to None, run_after=None
[2024-09-21T08:18:54.247+0000] {processor.py:208} INFO - Processing /home/airflow/.local/lib/python3.12/site-packages/airflow/example_dags/example_task_group.py took 0.128 seconds
[2024-09-21T08:19:24.446+0000] {processor.py:186} INFO - Started process (PID=2287) to work on /home/airflow/.local/lib/python3.12/site-packages/airflow/example_dags/example_task_group.py
[2024-09-21T08:19:24.448+0000] {processor.py:914} INFO - Processing file /home/airflow/.local/lib/python3.12/site-packages/airflow/example_dags/example_task_group.py for tasks to queue
[2024-09-21T08:19:24.452+0000] {logging_mixin.py:190} INFO - [2024-09-21T08:19:24.451+0000] {dagbag.py:587} INFO - Filling up the DagBag from /home/airflow/.local/lib/python3.12/site-packages/airflow/example_dags/example_task_group.py
[2024-09-21T08:19:24.466+0000] {processor.py:925} INFO - DAG(s) 'example_task_group' retrieved from /home/airflow/.local/lib/python3.12/site-packages/airflow/example_dags/example_task_group.py
[2024-09-21T08:19:24.527+0000] {logging_mixin.py:190} INFO - [2024-09-21T08:19:24.526+0000] {dag.py:3229} INFO - Sync 1 DAGs
[2024-09-21T08:19:24.551+0000] {logging_mixin.py:190} INFO - [2024-09-21T08:19:24.551+0000] {dag.py:4156} INFO - Setting next_dagrun for example_task_group to None, run_after=None
[2024-09-21T08:19:24.628+0000] {processor.py:208} INFO - Processing /home/airflow/.local/lib/python3.12/site-packages/airflow/example_dags/example_task_group.py took 0.193 seconds
[2024-09-21T08:19:55.604+0000] {processor.py:186} INFO - Started process (PID=2351) to work on /home/airflow/.local/lib/python3.12/site-packages/airflow/example_dags/example_task_group.py
[2024-09-21T08:19:55.607+0000] {processor.py:914} INFO - Processing file /home/airflow/.local/lib/python3.12/site-packages/airflow/example_dags/example_task_group.py for tasks to queue
[2024-09-21T08:19:55.612+0000] {logging_mixin.py:190} INFO - [2024-09-21T08:19:55.611+0000] {dagbag.py:587} INFO - Filling up the DagBag from /home/airflow/.local/lib/python3.12/site-packages/airflow/example_dags/example_task_group.py
[2024-09-21T08:19:55.625+0000] {processor.py:925} INFO - DAG(s) 'example_task_group' retrieved from /home/airflow/.local/lib/python3.12/site-packages/airflow/example_dags/example_task_group.py
[2024-09-21T08:19:55.671+0000] {logging_mixin.py:190} INFO - [2024-09-21T08:19:55.671+0000] {dag.py:3229} INFO - Sync 1 DAGs
[2024-09-21T08:19:55.693+0000] {logging_mixin.py:190} INFO - [2024-09-21T08:19:55.692+0000] {dag.py:4156} INFO - Setting next_dagrun for example_task_group to None, run_after=None
[2024-09-21T08:19:55.731+0000] {processor.py:208} INFO - Processing /home/airflow/.local/lib/python3.12/site-packages/airflow/example_dags/example_task_group.py took 0.135 seconds
[2024-09-21T08:20:26.548+0000] {processor.py:186} INFO - Started process (PID=2423) to work on /home/airflow/.local/lib/python3.12/site-packages/airflow/example_dags/example_task_group.py
[2024-09-21T08:20:26.551+0000] {processor.py:914} INFO - Processing file /home/airflow/.local/lib/python3.12/site-packages/airflow/example_dags/example_task_group.py for tasks to queue
[2024-09-21T08:20:26.555+0000] {logging_mixin.py:190} INFO - [2024-09-21T08:20:26.555+0000] {dagbag.py:587} INFO - Filling up the DagBag from /home/airflow/.local/lib/python3.12/site-packages/airflow/example_dags/example_task_group.py
[2024-09-21T08:20:26.570+0000] {processor.py:925} INFO - DAG(s) 'example_task_group' retrieved from /home/airflow/.local/lib/python3.12/site-packages/airflow/example_dags/example_task_group.py
[2024-09-21T08:20:26.606+0000] {logging_mixin.py:190} INFO - [2024-09-21T08:20:26.606+0000] {dag.py:3229} INFO - Sync 1 DAGs
[2024-09-21T08:20:26.630+0000] {logging_mixin.py:190} INFO - [2024-09-21T08:20:26.629+0000] {dag.py:4156} INFO - Setting next_dagrun for example_task_group to None, run_after=None
[2024-09-21T08:20:26.666+0000] {processor.py:208} INFO - Processing /home/airflow/.local/lib/python3.12/site-packages/airflow/example_dags/example_task_group.py took 0.127 seconds
[2024-09-21T08:20:57.735+0000] {processor.py:186} INFO - Started process (PID=2487) to work on /home/airflow/.local/lib/python3.12/site-packages/airflow/example_dags/example_task_group.py
[2024-09-21T08:20:57.738+0000] {processor.py:914} INFO - Processing file /home/airflow/.local/lib/python3.12/site-packages/airflow/example_dags/example_task_group.py for tasks to queue
[2024-09-21T08:20:57.743+0000] {logging_mixin.py:190} INFO - [2024-09-21T08:20:57.742+0000] {dagbag.py:587} INFO - Filling up the DagBag from /home/airflow/.local/lib/python3.12/site-packages/airflow/example_dags/example_task_group.py
[2024-09-21T08:20:57.767+0000] {processor.py:925} INFO - DAG(s) 'example_task_group' retrieved from /home/airflow/.local/lib/python3.12/site-packages/airflow/example_dags/example_task_group.py
[2024-09-21T08:20:57.840+0000] {logging_mixin.py:190} INFO - [2024-09-21T08:20:57.839+0000] {dag.py:3229} INFO - Sync 1 DAGs
[2024-09-21T08:20:57.872+0000] {logging_mixin.py:190} INFO - [2024-09-21T08:20:57.871+0000] {dag.py:4156} INFO - Setting next_dagrun for example_task_group to None, run_after=None
[2024-09-21T08:20:57.917+0000] {processor.py:208} INFO - Processing /home/airflow/.local/lib/python3.12/site-packages/airflow/example_dags/example_task_group.py took 0.192 seconds
[2024-09-21T08:21:28.788+0000] {processor.py:186} INFO - Started process (PID=2551) to work on /home/airflow/.local/lib/python3.12/site-packages/airflow/example_dags/example_task_group.py
[2024-09-21T08:21:28.790+0000] {processor.py:914} INFO - Processing file /home/airflow/.local/lib/python3.12/site-packages/airflow/example_dags/example_task_group.py for tasks to queue
[2024-09-21T08:21:28.793+0000] {logging_mixin.py:190} INFO - [2024-09-21T08:21:28.793+0000] {dagbag.py:587} INFO - Filling up the DagBag from /home/airflow/.local/lib/python3.12/site-packages/airflow/example_dags/example_task_group.py
[2024-09-21T08:21:28.804+0000] {processor.py:925} INFO - DAG(s) 'example_task_group' retrieved from /home/airflow/.local/lib/python3.12/site-packages/airflow/example_dags/example_task_group.py
[2024-09-21T08:21:28.838+0000] {logging_mixin.py:190} INFO - [2024-09-21T08:21:28.837+0000] {dag.py:3229} INFO - Sync 1 DAGs
[2024-09-21T08:21:28.861+0000] {logging_mixin.py:190} INFO - [2024-09-21T08:21:28.861+0000] {dag.py:4156} INFO - Setting next_dagrun for example_task_group to None, run_after=None
[2024-09-21T08:21:28.897+0000] {processor.py:208} INFO - Processing /home/airflow/.local/lib/python3.12/site-packages/airflow/example_dags/example_task_group.py took 0.116 seconds
[2024-09-21T08:21:59.681+0000] {processor.py:186} INFO - Started process (PID=2615) to work on /home/airflow/.local/lib/python3.12/site-packages/airflow/example_dags/example_task_group.py
[2024-09-21T08:21:59.683+0000] {processor.py:914} INFO - Processing file /home/airflow/.local/lib/python3.12/site-packages/airflow/example_dags/example_task_group.py for tasks to queue
[2024-09-21T08:21:59.687+0000] {logging_mixin.py:190} INFO - [2024-09-21T08:21:59.687+0000] {dagbag.py:587} INFO - Filling up the DagBag from /home/airflow/.local/lib/python3.12/site-packages/airflow/example_dags/example_task_group.py
[2024-09-21T08:21:59.703+0000] {processor.py:925} INFO - DAG(s) 'example_task_group' retrieved from /home/airflow/.local/lib/python3.12/site-packages/airflow/example_dags/example_task_group.py
[2024-09-21T08:21:59.742+0000] {logging_mixin.py:190} INFO - [2024-09-21T08:21:59.742+0000] {dag.py:3229} INFO - Sync 1 DAGs
[2024-09-21T08:21:59.766+0000] {logging_mixin.py:190} INFO - [2024-09-21T08:21:59.765+0000] {dag.py:4156} INFO - Setting next_dagrun for example_task_group to None, run_after=None
[2024-09-21T08:21:59.804+0000] {processor.py:208} INFO - Processing /home/airflow/.local/lib/python3.12/site-packages/airflow/example_dags/example_task_group.py took 0.132 seconds
[2024-09-21T08:22:30.641+0000] {processor.py:186} INFO - Started process (PID=2680) to work on /home/airflow/.local/lib/python3.12/site-packages/airflow/example_dags/example_task_group.py
[2024-09-21T08:22:30.643+0000] {processor.py:914} INFO - Processing file /home/airflow/.local/lib/python3.12/site-packages/airflow/example_dags/example_task_group.py for tasks to queue
[2024-09-21T08:22:30.646+0000] {logging_mixin.py:190} INFO - [2024-09-21T08:22:30.646+0000] {dagbag.py:587} INFO - Filling up the DagBag from /home/airflow/.local/lib/python3.12/site-packages/airflow/example_dags/example_task_group.py
[2024-09-21T08:22:30.664+0000] {processor.py:925} INFO - DAG(s) 'example_task_group' retrieved from /home/airflow/.local/lib/python3.12/site-packages/airflow/example_dags/example_task_group.py
[2024-09-21T08:22:30.702+0000] {logging_mixin.py:190} INFO - [2024-09-21T08:22:30.701+0000] {dag.py:3229} INFO - Sync 1 DAGs
[2024-09-21T08:22:30.726+0000] {logging_mixin.py:190} INFO - [2024-09-21T08:22:30.726+0000] {dag.py:4156} INFO - Setting next_dagrun for example_task_group to None, run_after=None
[2024-09-21T08:22:30.765+0000] {processor.py:208} INFO - Processing /home/airflow/.local/lib/python3.12/site-packages/airflow/example_dags/example_task_group.py took 0.132 seconds
[2024-09-21T08:23:01.055+0000] {processor.py:186} INFO - Started process (PID=2744) to work on /home/airflow/.local/lib/python3.12/site-packages/airflow/example_dags/example_task_group.py
[2024-09-21T08:23:01.057+0000] {processor.py:914} INFO - Processing file /home/airflow/.local/lib/python3.12/site-packages/airflow/example_dags/example_task_group.py for tasks to queue
[2024-09-21T08:23:01.062+0000] {logging_mixin.py:190} INFO - [2024-09-21T08:23:01.061+0000] {dagbag.py:587} INFO - Filling up the DagBag from /home/airflow/.local/lib/python3.12/site-packages/airflow/example_dags/example_task_group.py
[2024-09-21T08:23:01.079+0000] {processor.py:925} INFO - DAG(s) 'example_task_group' retrieved from /home/airflow/.local/lib/python3.12/site-packages/airflow/example_dags/example_task_group.py
[2024-09-21T08:23:01.118+0000] {logging_mixin.py:190} INFO - [2024-09-21T08:23:01.117+0000] {dag.py:3229} INFO - Sync 1 DAGs
[2024-09-21T08:23:01.139+0000] {logging_mixin.py:190} INFO - [2024-09-21T08:23:01.139+0000] {dag.py:4156} INFO - Setting next_dagrun for example_task_group to None, run_after=None
[2024-09-21T08:23:01.179+0000] {processor.py:208} INFO - Processing /home/airflow/.local/lib/python3.12/site-packages/airflow/example_dags/example_task_group.py took 0.132 seconds
[2024-09-21T08:23:31.351+0000] {processor.py:186} INFO - Started process (PID=2808) to work on /home/airflow/.local/lib/python3.12/site-packages/airflow/example_dags/example_task_group.py
[2024-09-21T08:23:31.355+0000] {processor.py:914} INFO - Processing file /home/airflow/.local/lib/python3.12/site-packages/airflow/example_dags/example_task_group.py for tasks to queue
[2024-09-21T08:23:31.361+0000] {logging_mixin.py:190} INFO - [2024-09-21T08:23:31.360+0000] {dagbag.py:587} INFO - Filling up the DagBag from /home/airflow/.local/lib/python3.12/site-packages/airflow/example_dags/example_task_group.py
[2024-09-21T08:23:31.383+0000] {processor.py:925} INFO - DAG(s) 'example_task_group' retrieved from /home/airflow/.local/lib/python3.12/site-packages/airflow/example_dags/example_task_group.py
[2024-09-21T08:23:31.438+0000] {logging_mixin.py:190} INFO - [2024-09-21T08:23:31.437+0000] {dag.py:3229} INFO - Sync 1 DAGs
[2024-09-21T08:23:31.474+0000] {logging_mixin.py:190} INFO - [2024-09-21T08:23:31.473+0000] {dag.py:4156} INFO - Setting next_dagrun for example_task_group to None, run_after=None
[2024-09-21T08:23:31.526+0000] {processor.py:208} INFO - Processing /home/airflow/.local/lib/python3.12/site-packages/airflow/example_dags/example_task_group.py took 0.187 seconds
[2024-09-21T08:24:02.454+0000] {processor.py:186} INFO - Started process (PID=2872) to work on /home/airflow/.local/lib/python3.12/site-packages/airflow/example_dags/example_task_group.py
[2024-09-21T08:24:02.456+0000] {processor.py:914} INFO - Processing file /home/airflow/.local/lib/python3.12/site-packages/airflow/example_dags/example_task_group.py for tasks to queue
[2024-09-21T08:24:02.459+0000] {logging_mixin.py:190} INFO - [2024-09-21T08:24:02.458+0000] {dagbag.py:587} INFO - Filling up the DagBag from /home/airflow/.local/lib/python3.12/site-packages/airflow/example_dags/example_task_group.py
[2024-09-21T08:24:02.468+0000] {processor.py:925} INFO - DAG(s) 'example_task_group' retrieved from /home/airflow/.local/lib/python3.12/site-packages/airflow/example_dags/example_task_group.py
[2024-09-21T08:24:02.493+0000] {logging_mixin.py:190} INFO - [2024-09-21T08:24:02.493+0000] {dag.py:3229} INFO - Sync 1 DAGs
[2024-09-21T08:24:02.510+0000] {logging_mixin.py:190} INFO - [2024-09-21T08:24:02.509+0000] {dag.py:4156} INFO - Setting next_dagrun for example_task_group to None, run_after=None
[2024-09-21T08:24:02.534+0000] {processor.py:208} INFO - Processing /home/airflow/.local/lib/python3.12/site-packages/airflow/example_dags/example_task_group.py took 0.089 seconds
[2024-09-21T08:24:35.256+0000] {processor.py:186} INFO - Started process (PID=2934) to work on /home/airflow/.local/lib/python3.12/site-packages/airflow/example_dags/example_task_group.py
[2024-09-21T08:24:35.258+0000] {processor.py:914} INFO - Processing file /home/airflow/.local/lib/python3.12/site-packages/airflow/example_dags/example_task_group.py for tasks to queue
[2024-09-21T08:24:35.262+0000] {logging_mixin.py:190} INFO - [2024-09-21T08:24:35.261+0000] {dagbag.py:587} INFO - Filling up the DagBag from /home/airflow/.local/lib/python3.12/site-packages/airflow/example_dags/example_task_group.py
[2024-09-21T08:24:35.291+0000] {processor.py:925} INFO - DAG(s) 'example_task_group' retrieved from /home/airflow/.local/lib/python3.12/site-packages/airflow/example_dags/example_task_group.py
[2024-09-21T08:24:35.334+0000] {logging_mixin.py:190} INFO - [2024-09-21T08:24:35.333+0000] {dag.py:3229} INFO - Sync 1 DAGs
[2024-09-21T08:24:35.588+0000] {logging_mixin.py:190} INFO - [2024-09-21T08:24:35.588+0000] {dag.py:4156} INFO - Setting next_dagrun for example_task_group to None, run_after=None
[2024-09-21T08:24:35.610+0000] {processor.py:208} INFO - Processing /home/airflow/.local/lib/python3.12/site-packages/airflow/example_dags/example_task_group.py took 0.362 seconds
[2024-09-21T08:25:06.188+0000] {processor.py:186} INFO - Started process (PID=2998) to work on /home/airflow/.local/lib/python3.12/site-packages/airflow/example_dags/example_task_group.py
[2024-09-21T08:25:06.189+0000] {processor.py:914} INFO - Processing file /home/airflow/.local/lib/python3.12/site-packages/airflow/example_dags/example_task_group.py for tasks to queue
[2024-09-21T08:25:06.193+0000] {logging_mixin.py:190} INFO - [2024-09-21T08:25:06.192+0000] {dagbag.py:587} INFO - Filling up the DagBag from /home/airflow/.local/lib/python3.12/site-packages/airflow/example_dags/example_task_group.py
[2024-09-21T08:25:06.205+0000] {processor.py:925} INFO - DAG(s) 'example_task_group' retrieved from /home/airflow/.local/lib/python3.12/site-packages/airflow/example_dags/example_task_group.py
[2024-09-21T08:25:06.238+0000] {logging_mixin.py:190} INFO - [2024-09-21T08:25:06.237+0000] {dag.py:3229} INFO - Sync 1 DAGs
[2024-09-21T08:25:06.459+0000] {logging_mixin.py:190} INFO - [2024-09-21T08:25:06.459+0000] {dag.py:4156} INFO - Setting next_dagrun for example_task_group to None, run_after=None
[2024-09-21T08:25:06.489+0000] {processor.py:208} INFO - Processing /home/airflow/.local/lib/python3.12/site-packages/airflow/example_dags/example_task_group.py took 0.308 seconds
