[2024-09-21T07:58:56.913+0000] {processor.py:186} INFO - Started process (PID=56) to work on /home/airflow/.local/lib/python3.12/site-packages/airflow/example_dags/example_python_decorator.py
[2024-09-21T07:58:56.915+0000] {processor.py:914} INFO - Processing file /home/airflow/.local/lib/python3.12/site-packages/airflow/example_dags/example_python_decorator.py for tasks to queue
[2024-09-21T07:58:56.927+0000] {logging_mixin.py:190} INFO - [2024-09-21T07:58:56.926+0000] {dagbag.py:587} INFO - Filling up the DagBag from /home/airflow/.local/lib/python3.12/site-packages/airflow/example_dags/example_python_decorator.py
[2024-09-21T07:58:56.962+0000] {processor.py:925} INFO - DAG(s) 'example_python_decorator' retrieved from /home/airflow/.local/lib/python3.12/site-packages/airflow/example_dags/example_python_decorator.py
[2024-09-21T07:58:57.191+0000] {logging_mixin.py:190} INFO - [2024-09-21T07:58:57.190+0000] {dag.py:3229} INFO - Sync 1 DAGs
[2024-09-21T07:58:57.223+0000] {logging_mixin.py:190} INFO - [2024-09-21T07:58:57.223+0000] {dag.py:4156} INFO - Setting next_dagrun for example_python_decorator to None, run_after=None
[2024-09-21T07:58:57.291+0000] {processor.py:208} INFO - Processing /home/airflow/.local/lib/python3.12/site-packages/airflow/example_dags/example_python_decorator.py took 0.384 seconds
[2024-09-21T07:59:28.061+0000] {processor.py:186} INFO - Started process (PID=124) to work on /home/airflow/.local/lib/python3.12/site-packages/airflow/example_dags/example_python_decorator.py
[2024-09-21T07:59:28.072+0000] {processor.py:914} INFO - Processing file /home/airflow/.local/lib/python3.12/site-packages/airflow/example_dags/example_python_decorator.py for tasks to queue
[2024-09-21T07:59:28.076+0000] {logging_mixin.py:190} INFO - [2024-09-21T07:59:28.076+0000] {dagbag.py:587} INFO - Filling up the DagBag from /home/airflow/.local/lib/python3.12/site-packages/airflow/example_dags/example_python_decorator.py
[2024-09-21T07:59:28.112+0000] {processor.py:925} INFO - DAG(s) 'example_python_decorator' retrieved from /home/airflow/.local/lib/python3.12/site-packages/airflow/example_dags/example_python_decorator.py
[2024-09-21T07:59:28.146+0000] {logging_mixin.py:190} INFO - [2024-09-21T07:59:28.145+0000] {dag.py:3229} INFO - Sync 1 DAGs
[2024-09-21T07:59:28.167+0000] {logging_mixin.py:190} INFO - [2024-09-21T07:59:28.167+0000] {dag.py:4156} INFO - Setting next_dagrun for example_python_decorator to None, run_after=None
[2024-09-21T07:59:28.195+0000] {processor.py:208} INFO - Processing /home/airflow/.local/lib/python3.12/site-packages/airflow/example_dags/example_python_decorator.py took 0.141 seconds
[2024-09-21T07:59:58.601+0000] {processor.py:186} INFO - Started process (PID=188) to work on /home/airflow/.local/lib/python3.12/site-packages/airflow/example_dags/example_python_decorator.py
[2024-09-21T07:59:58.606+0000] {processor.py:914} INFO - Processing file /home/airflow/.local/lib/python3.12/site-packages/airflow/example_dags/example_python_decorator.py for tasks to queue
[2024-09-21T07:59:58.610+0000] {logging_mixin.py:190} INFO - [2024-09-21T07:59:58.610+0000] {dagbag.py:587} INFO - Filling up the DagBag from /home/airflow/.local/lib/python3.12/site-packages/airflow/example_dags/example_python_decorator.py
[2024-09-21T07:59:58.632+0000] {processor.py:925} INFO - DAG(s) 'example_python_decorator' retrieved from /home/airflow/.local/lib/python3.12/site-packages/airflow/example_dags/example_python_decorator.py
[2024-09-21T07:59:58.683+0000] {logging_mixin.py:190} INFO - [2024-09-21T07:59:58.683+0000] {dag.py:3229} INFO - Sync 1 DAGs
[2024-09-21T07:59:58.718+0000] {logging_mixin.py:190} INFO - [2024-09-21T07:59:58.718+0000] {dag.py:4156} INFO - Setting next_dagrun for example_python_decorator to None, run_after=None
[2024-09-21T07:59:58.765+0000] {processor.py:208} INFO - Processing /home/airflow/.local/lib/python3.12/site-packages/airflow/example_dags/example_python_decorator.py took 0.172 seconds
[2024-09-21T08:01:28.977+0000] {processor.py:186} INFO - Started process (PID=34) to work on /home/airflow/.local/lib/python3.12/site-packages/airflow/example_dags/example_python_decorator.py
[2024-09-21T08:01:28.979+0000] {processor.py:914} INFO - Processing file /home/airflow/.local/lib/python3.12/site-packages/airflow/example_dags/example_python_decorator.py for tasks to queue
[2024-09-21T08:01:28.985+0000] {logging_mixin.py:190} INFO - [2024-09-21T08:01:28.984+0000] {dagbag.py:587} INFO - Filling up the DagBag from /home/airflow/.local/lib/python3.12/site-packages/airflow/example_dags/example_python_decorator.py
[2024-09-21T08:01:29.021+0000] {processor.py:925} INFO - DAG(s) 'example_python_decorator' retrieved from /home/airflow/.local/lib/python3.12/site-packages/airflow/example_dags/example_python_decorator.py
[2024-09-21T08:01:29.363+0000] {logging_mixin.py:190} INFO - [2024-09-21T08:01:29.362+0000] {dag.py:3229} INFO - Sync 1 DAGs
[2024-09-21T08:01:29.403+0000] {logging_mixin.py:190} INFO - [2024-09-21T08:01:29.403+0000] {dag.py:4156} INFO - Setting next_dagrun for example_python_decorator to None, run_after=None
[2024-09-21T08:01:29.452+0000] {processor.py:208} INFO - Processing /home/airflow/.local/lib/python3.12/site-packages/airflow/example_dags/example_python_decorator.py took 0.491 seconds
[2024-09-21T08:01:59.707+0000] {processor.py:186} INFO - Started process (PID=98) to work on /home/airflow/.local/lib/python3.12/site-packages/airflow/example_dags/example_python_decorator.py
[2024-09-21T08:01:59.709+0000] {processor.py:914} INFO - Processing file /home/airflow/.local/lib/python3.12/site-packages/airflow/example_dags/example_python_decorator.py for tasks to queue
[2024-09-21T08:01:59.713+0000] {logging_mixin.py:190} INFO - [2024-09-21T08:01:59.713+0000] {dagbag.py:587} INFO - Filling up the DagBag from /home/airflow/.local/lib/python3.12/site-packages/airflow/example_dags/example_python_decorator.py
[2024-09-21T08:01:59.732+0000] {processor.py:925} INFO - DAG(s) 'example_python_decorator' retrieved from /home/airflow/.local/lib/python3.12/site-packages/airflow/example_dags/example_python_decorator.py
[2024-09-21T08:01:59.765+0000] {logging_mixin.py:190} INFO - [2024-09-21T08:01:59.765+0000] {dag.py:3229} INFO - Sync 1 DAGs
[2024-09-21T08:01:59.785+0000] {logging_mixin.py:190} INFO - [2024-09-21T08:01:59.785+0000] {dag.py:4156} INFO - Setting next_dagrun for example_python_decorator to None, run_after=None
[2024-09-21T08:01:59.815+0000] {processor.py:208} INFO - Processing /home/airflow/.local/lib/python3.12/site-packages/airflow/example_dags/example_python_decorator.py took 0.115 seconds
[2024-09-21T08:02:30.560+0000] {processor.py:186} INFO - Started process (PID=163) to work on /home/airflow/.local/lib/python3.12/site-packages/airflow/example_dags/example_python_decorator.py
[2024-09-21T08:02:30.562+0000] {processor.py:914} INFO - Processing file /home/airflow/.local/lib/python3.12/site-packages/airflow/example_dags/example_python_decorator.py for tasks to queue
[2024-09-21T08:02:30.565+0000] {logging_mixin.py:190} INFO - [2024-09-21T08:02:30.564+0000] {dagbag.py:587} INFO - Filling up the DagBag from /home/airflow/.local/lib/python3.12/site-packages/airflow/example_dags/example_python_decorator.py
[2024-09-21T08:02:30.585+0000] {processor.py:925} INFO - DAG(s) 'example_python_decorator' retrieved from /home/airflow/.local/lib/python3.12/site-packages/airflow/example_dags/example_python_decorator.py
[2024-09-21T08:02:30.621+0000] {logging_mixin.py:190} INFO - [2024-09-21T08:02:30.620+0000] {dag.py:3229} INFO - Sync 1 DAGs
[2024-09-21T08:02:30.643+0000] {logging_mixin.py:190} INFO - [2024-09-21T08:02:30.643+0000] {dag.py:4156} INFO - Setting next_dagrun for example_python_decorator to None, run_after=None
[2024-09-21T08:02:30.675+0000] {processor.py:208} INFO - Processing /home/airflow/.local/lib/python3.12/site-packages/airflow/example_dags/example_python_decorator.py took 0.122 seconds
[2024-09-21T08:03:01.289+0000] {processor.py:186} INFO - Started process (PID=227) to work on /home/airflow/.local/lib/python3.12/site-packages/airflow/example_dags/example_python_decorator.py
[2024-09-21T08:03:01.292+0000] {processor.py:914} INFO - Processing file /home/airflow/.local/lib/python3.12/site-packages/airflow/example_dags/example_python_decorator.py for tasks to queue
[2024-09-21T08:03:01.297+0000] {logging_mixin.py:190} INFO - [2024-09-21T08:03:01.296+0000] {dagbag.py:587} INFO - Filling up the DagBag from /home/airflow/.local/lib/python3.12/site-packages/airflow/example_dags/example_python_decorator.py
[2024-09-21T08:03:01.318+0000] {processor.py:925} INFO - DAG(s) 'example_python_decorator' retrieved from /home/airflow/.local/lib/python3.12/site-packages/airflow/example_dags/example_python_decorator.py
[2024-09-21T08:03:01.356+0000] {logging_mixin.py:190} INFO - [2024-09-21T08:03:01.355+0000] {dag.py:3229} INFO - Sync 1 DAGs
[2024-09-21T08:03:01.380+0000] {logging_mixin.py:190} INFO - [2024-09-21T08:03:01.380+0000] {dag.py:4156} INFO - Setting next_dagrun for example_python_decorator to None, run_after=None
[2024-09-21T08:03:01.417+0000] {processor.py:208} INFO - Processing /home/airflow/.local/lib/python3.12/site-packages/airflow/example_dags/example_python_decorator.py took 0.135 seconds
[2024-09-21T08:03:32.300+0000] {processor.py:186} INFO - Started process (PID=290) to work on /home/airflow/.local/lib/python3.12/site-packages/airflow/example_dags/example_python_decorator.py
[2024-09-21T08:03:32.304+0000] {processor.py:914} INFO - Processing file /home/airflow/.local/lib/python3.12/site-packages/airflow/example_dags/example_python_decorator.py for tasks to queue
[2024-09-21T08:03:32.308+0000] {logging_mixin.py:190} INFO - [2024-09-21T08:03:32.307+0000] {dagbag.py:587} INFO - Filling up the DagBag from /home/airflow/.local/lib/python3.12/site-packages/airflow/example_dags/example_python_decorator.py
[2024-09-21T08:03:32.329+0000] {processor.py:925} INFO - DAG(s) 'example_python_decorator' retrieved from /home/airflow/.local/lib/python3.12/site-packages/airflow/example_dags/example_python_decorator.py
[2024-09-21T08:03:32.367+0000] {logging_mixin.py:190} INFO - [2024-09-21T08:03:32.367+0000] {dag.py:3229} INFO - Sync 1 DAGs
[2024-09-21T08:03:32.393+0000] {logging_mixin.py:190} INFO - [2024-09-21T08:03:32.392+0000] {dag.py:4156} INFO - Setting next_dagrun for example_python_decorator to None, run_after=None
[2024-09-21T08:03:32.431+0000] {processor.py:208} INFO - Processing /home/airflow/.local/lib/python3.12/site-packages/airflow/example_dags/example_python_decorator.py took 0.140 seconds
[2024-09-21T08:04:02.661+0000] {processor.py:186} INFO - Started process (PID=355) to work on /home/airflow/.local/lib/python3.12/site-packages/airflow/example_dags/example_python_decorator.py
[2024-09-21T08:04:02.662+0000] {processor.py:914} INFO - Processing file /home/airflow/.local/lib/python3.12/site-packages/airflow/example_dags/example_python_decorator.py for tasks to queue
[2024-09-21T08:04:02.666+0000] {logging_mixin.py:190} INFO - [2024-09-21T08:04:02.666+0000] {dagbag.py:587} INFO - Filling up the DagBag from /home/airflow/.local/lib/python3.12/site-packages/airflow/example_dags/example_python_decorator.py
[2024-09-21T08:04:02.685+0000] {processor.py:925} INFO - DAG(s) 'example_python_decorator' retrieved from /home/airflow/.local/lib/python3.12/site-packages/airflow/example_dags/example_python_decorator.py
[2024-09-21T08:04:02.719+0000] {logging_mixin.py:190} INFO - [2024-09-21T08:04:02.718+0000] {dag.py:3229} INFO - Sync 1 DAGs
[2024-09-21T08:04:02.741+0000] {logging_mixin.py:190} INFO - [2024-09-21T08:04:02.740+0000] {dag.py:4156} INFO - Setting next_dagrun for example_python_decorator to None, run_after=None
[2024-09-21T08:04:02.772+0000] {processor.py:208} INFO - Processing /home/airflow/.local/lib/python3.12/site-packages/airflow/example_dags/example_python_decorator.py took 0.119 seconds
[2024-09-21T08:04:32.955+0000] {processor.py:186} INFO - Started process (PID=419) to work on /home/airflow/.local/lib/python3.12/site-packages/airflow/example_dags/example_python_decorator.py
[2024-09-21T08:04:32.957+0000] {processor.py:914} INFO - Processing file /home/airflow/.local/lib/python3.12/site-packages/airflow/example_dags/example_python_decorator.py for tasks to queue
[2024-09-21T08:04:32.960+0000] {logging_mixin.py:190} INFO - [2024-09-21T08:04:32.960+0000] {dagbag.py:587} INFO - Filling up the DagBag from /home/airflow/.local/lib/python3.12/site-packages/airflow/example_dags/example_python_decorator.py
[2024-09-21T08:04:32.979+0000] {processor.py:925} INFO - DAG(s) 'example_python_decorator' retrieved from /home/airflow/.local/lib/python3.12/site-packages/airflow/example_dags/example_python_decorator.py
[2024-09-21T08:04:33.012+0000] {logging_mixin.py:190} INFO - [2024-09-21T08:04:33.012+0000] {dag.py:3229} INFO - Sync 1 DAGs
[2024-09-21T08:04:33.036+0000] {logging_mixin.py:190} INFO - [2024-09-21T08:04:33.036+0000] {dag.py:4156} INFO - Setting next_dagrun for example_python_decorator to None, run_after=None
[2024-09-21T08:04:33.070+0000] {processor.py:208} INFO - Processing /home/airflow/.local/lib/python3.12/site-packages/airflow/example_dags/example_python_decorator.py took 0.123 seconds
[2024-09-21T08:05:04.166+0000] {processor.py:186} INFO - Started process (PID=483) to work on /home/airflow/.local/lib/python3.12/site-packages/airflow/example_dags/example_python_decorator.py
[2024-09-21T08:05:04.248+0000] {processor.py:914} INFO - Processing file /home/airflow/.local/lib/python3.12/site-packages/airflow/example_dags/example_python_decorator.py for tasks to queue
[2024-09-21T08:05:04.259+0000] {logging_mixin.py:190} INFO - [2024-09-21T08:05:04.258+0000] {dagbag.py:587} INFO - Filling up the DagBag from /home/airflow/.local/lib/python3.12/site-packages/airflow/example_dags/example_python_decorator.py
[2024-09-21T08:05:04.548+0000] {processor.py:925} INFO - DAG(s) 'example_python_decorator' retrieved from /home/airflow/.local/lib/python3.12/site-packages/airflow/example_dags/example_python_decorator.py
[2024-09-21T08:05:04.706+0000] {logging_mixin.py:190} INFO - [2024-09-21T08:05:04.706+0000] {dag.py:3229} INFO - Sync 1 DAGs
[2024-09-21T08:05:04.811+0000] {logging_mixin.py:190} INFO - [2024-09-21T08:05:04.811+0000] {dag.py:4156} INFO - Setting next_dagrun for example_python_decorator to None, run_after=None
[2024-09-21T08:05:04.937+0000] {processor.py:208} INFO - Processing /home/airflow/.local/lib/python3.12/site-packages/airflow/example_dags/example_python_decorator.py took 0.789 seconds
[2024-09-21T08:05:35.232+0000] {processor.py:186} INFO - Started process (PID=547) to work on /home/airflow/.local/lib/python3.12/site-packages/airflow/example_dags/example_python_decorator.py
[2024-09-21T08:05:35.234+0000] {processor.py:914} INFO - Processing file /home/airflow/.local/lib/python3.12/site-packages/airflow/example_dags/example_python_decorator.py for tasks to queue
[2024-09-21T08:05:35.237+0000] {logging_mixin.py:190} INFO - [2024-09-21T08:05:35.237+0000] {dagbag.py:587} INFO - Filling up the DagBag from /home/airflow/.local/lib/python3.12/site-packages/airflow/example_dags/example_python_decorator.py
[2024-09-21T08:05:35.257+0000] {processor.py:925} INFO - DAG(s) 'example_python_decorator' retrieved from /home/airflow/.local/lib/python3.12/site-packages/airflow/example_dags/example_python_decorator.py
[2024-09-21T08:05:35.288+0000] {logging_mixin.py:190} INFO - [2024-09-21T08:05:35.288+0000] {dag.py:3229} INFO - Sync 1 DAGs
[2024-09-21T08:05:35.308+0000] {logging_mixin.py:190} INFO - [2024-09-21T08:05:35.308+0000] {dag.py:4156} INFO - Setting next_dagrun for example_python_decorator to None, run_after=None
[2024-09-21T08:05:35.337+0000] {processor.py:208} INFO - Processing /home/airflow/.local/lib/python3.12/site-packages/airflow/example_dags/example_python_decorator.py took 0.112 seconds
[2024-09-21T08:06:05.506+0000] {processor.py:186} INFO - Started process (PID=612) to work on /home/airflow/.local/lib/python3.12/site-packages/airflow/example_dags/example_python_decorator.py
[2024-09-21T08:06:05.507+0000] {processor.py:914} INFO - Processing file /home/airflow/.local/lib/python3.12/site-packages/airflow/example_dags/example_python_decorator.py for tasks to queue
[2024-09-21T08:06:05.511+0000] {logging_mixin.py:190} INFO - [2024-09-21T08:06:05.510+0000] {dagbag.py:587} INFO - Filling up the DagBag from /home/airflow/.local/lib/python3.12/site-packages/airflow/example_dags/example_python_decorator.py
[2024-09-21T08:06:05.530+0000] {processor.py:925} INFO - DAG(s) 'example_python_decorator' retrieved from /home/airflow/.local/lib/python3.12/site-packages/airflow/example_dags/example_python_decorator.py
[2024-09-21T08:06:05.562+0000] {logging_mixin.py:190} INFO - [2024-09-21T08:06:05.561+0000] {dag.py:3229} INFO - Sync 1 DAGs
[2024-09-21T08:06:05.582+0000] {logging_mixin.py:190} INFO - [2024-09-21T08:06:05.581+0000] {dag.py:4156} INFO - Setting next_dagrun for example_python_decorator to None, run_after=None
[2024-09-21T08:06:05.616+0000] {processor.py:208} INFO - Processing /home/airflow/.local/lib/python3.12/site-packages/airflow/example_dags/example_python_decorator.py took 0.116 seconds
[2024-09-21T08:06:36.137+0000] {processor.py:186} INFO - Started process (PID=676) to work on /home/airflow/.local/lib/python3.12/site-packages/airflow/example_dags/example_python_decorator.py
[2024-09-21T08:06:36.138+0000] {processor.py:914} INFO - Processing file /home/airflow/.local/lib/python3.12/site-packages/airflow/example_dags/example_python_decorator.py for tasks to queue
[2024-09-21T08:06:36.142+0000] {logging_mixin.py:190} INFO - [2024-09-21T08:06:36.141+0000] {dagbag.py:587} INFO - Filling up the DagBag from /home/airflow/.local/lib/python3.12/site-packages/airflow/example_dags/example_python_decorator.py
[2024-09-21T08:06:36.162+0000] {processor.py:925} INFO - DAG(s) 'example_python_decorator' retrieved from /home/airflow/.local/lib/python3.12/site-packages/airflow/example_dags/example_python_decorator.py
[2024-09-21T08:06:36.194+0000] {logging_mixin.py:190} INFO - [2024-09-21T08:06:36.194+0000] {dag.py:3229} INFO - Sync 1 DAGs
[2024-09-21T08:06:36.215+0000] {logging_mixin.py:190} INFO - [2024-09-21T08:06:36.215+0000] {dag.py:4156} INFO - Setting next_dagrun for example_python_decorator to None, run_after=None
[2024-09-21T08:06:36.247+0000] {processor.py:208} INFO - Processing /home/airflow/.local/lib/python3.12/site-packages/airflow/example_dags/example_python_decorator.py took 0.117 seconds
[2024-09-21T08:07:06.903+0000] {processor.py:186} INFO - Started process (PID=740) to work on /home/airflow/.local/lib/python3.12/site-packages/airflow/example_dags/example_python_decorator.py
[2024-09-21T08:07:06.905+0000] {processor.py:914} INFO - Processing file /home/airflow/.local/lib/python3.12/site-packages/airflow/example_dags/example_python_decorator.py for tasks to queue
[2024-09-21T08:07:06.909+0000] {logging_mixin.py:190} INFO - [2024-09-21T08:07:06.909+0000] {dagbag.py:587} INFO - Filling up the DagBag from /home/airflow/.local/lib/python3.12/site-packages/airflow/example_dags/example_python_decorator.py
[2024-09-21T08:07:06.928+0000] {processor.py:925} INFO - DAG(s) 'example_python_decorator' retrieved from /home/airflow/.local/lib/python3.12/site-packages/airflow/example_dags/example_python_decorator.py
[2024-09-21T08:07:06.966+0000] {logging_mixin.py:190} INFO - [2024-09-21T08:07:06.965+0000] {dag.py:3229} INFO - Sync 1 DAGs
[2024-09-21T08:07:06.990+0000] {logging_mixin.py:190} INFO - [2024-09-21T08:07:06.990+0000] {dag.py:4156} INFO - Setting next_dagrun for example_python_decorator to None, run_after=None
[2024-09-21T08:07:07.030+0000] {processor.py:208} INFO - Processing /home/airflow/.local/lib/python3.12/site-packages/airflow/example_dags/example_python_decorator.py took 0.135 seconds
[2024-09-21T08:07:37.751+0000] {processor.py:186} INFO - Started process (PID=804) to work on /home/airflow/.local/lib/python3.12/site-packages/airflow/example_dags/example_python_decorator.py
[2024-09-21T08:07:37.753+0000] {processor.py:914} INFO - Processing file /home/airflow/.local/lib/python3.12/site-packages/airflow/example_dags/example_python_decorator.py for tasks to queue
[2024-09-21T08:07:37.757+0000] {logging_mixin.py:190} INFO - [2024-09-21T08:07:37.756+0000] {dagbag.py:587} INFO - Filling up the DagBag from /home/airflow/.local/lib/python3.12/site-packages/airflow/example_dags/example_python_decorator.py
[2024-09-21T08:07:37.779+0000] {processor.py:925} INFO - DAG(s) 'example_python_decorator' retrieved from /home/airflow/.local/lib/python3.12/site-packages/airflow/example_dags/example_python_decorator.py
[2024-09-21T08:07:37.816+0000] {logging_mixin.py:190} INFO - [2024-09-21T08:07:37.815+0000] {dag.py:3229} INFO - Sync 1 DAGs
[2024-09-21T08:07:37.839+0000] {logging_mixin.py:190} INFO - [2024-09-21T08:07:37.839+0000] {dag.py:4156} INFO - Setting next_dagrun for example_python_decorator to None, run_after=None
[2024-09-21T08:07:37.875+0000] {processor.py:208} INFO - Processing /home/airflow/.local/lib/python3.12/site-packages/airflow/example_dags/example_python_decorator.py took 0.133 seconds
[2024-09-21T08:08:08.399+0000] {processor.py:186} INFO - Started process (PID=868) to work on /home/airflow/.local/lib/python3.12/site-packages/airflow/example_dags/example_python_decorator.py
[2024-09-21T08:08:08.401+0000] {processor.py:914} INFO - Processing file /home/airflow/.local/lib/python3.12/site-packages/airflow/example_dags/example_python_decorator.py for tasks to queue
[2024-09-21T08:08:08.404+0000] {logging_mixin.py:190} INFO - [2024-09-21T08:08:08.404+0000] {dagbag.py:587} INFO - Filling up the DagBag from /home/airflow/.local/lib/python3.12/site-packages/airflow/example_dags/example_python_decorator.py
[2024-09-21T08:08:08.429+0000] {processor.py:925} INFO - DAG(s) 'example_python_decorator' retrieved from /home/airflow/.local/lib/python3.12/site-packages/airflow/example_dags/example_python_decorator.py
[2024-09-21T08:08:08.464+0000] {logging_mixin.py:190} INFO - [2024-09-21T08:08:08.463+0000] {dag.py:3229} INFO - Sync 1 DAGs
[2024-09-21T08:08:08.489+0000] {logging_mixin.py:190} INFO - [2024-09-21T08:08:08.488+0000] {dag.py:4156} INFO - Setting next_dagrun for example_python_decorator to None, run_after=None
[2024-09-21T08:08:08.519+0000] {processor.py:208} INFO - Processing /home/airflow/.local/lib/python3.12/site-packages/airflow/example_dags/example_python_decorator.py took 0.127 seconds
[2024-09-21T08:08:38.742+0000] {processor.py:186} INFO - Started process (PID=938) to work on /home/airflow/.local/lib/python3.12/site-packages/airflow/example_dags/example_python_decorator.py
[2024-09-21T08:08:38.743+0000] {processor.py:914} INFO - Processing file /home/airflow/.local/lib/python3.12/site-packages/airflow/example_dags/example_python_decorator.py for tasks to queue
[2024-09-21T08:08:38.746+0000] {logging_mixin.py:190} INFO - [2024-09-21T08:08:38.746+0000] {dagbag.py:587} INFO - Filling up the DagBag from /home/airflow/.local/lib/python3.12/site-packages/airflow/example_dags/example_python_decorator.py
[2024-09-21T08:08:38.764+0000] {processor.py:925} INFO - DAG(s) 'example_python_decorator' retrieved from /home/airflow/.local/lib/python3.12/site-packages/airflow/example_dags/example_python_decorator.py
[2024-09-21T08:08:38.795+0000] {logging_mixin.py:190} INFO - [2024-09-21T08:08:38.795+0000] {dag.py:3229} INFO - Sync 1 DAGs
[2024-09-21T08:08:38.816+0000] {logging_mixin.py:190} INFO - [2024-09-21T08:08:38.816+0000] {dag.py:4156} INFO - Setting next_dagrun for example_python_decorator to None, run_after=None
[2024-09-21T08:08:38.843+0000] {processor.py:208} INFO - Processing /home/airflow/.local/lib/python3.12/site-packages/airflow/example_dags/example_python_decorator.py took 0.109 seconds
[2024-09-21T08:09:09.209+0000] {processor.py:186} INFO - Started process (PID=1002) to work on /home/airflow/.local/lib/python3.12/site-packages/airflow/example_dags/example_python_decorator.py
[2024-09-21T08:09:09.211+0000] {processor.py:914} INFO - Processing file /home/airflow/.local/lib/python3.12/site-packages/airflow/example_dags/example_python_decorator.py for tasks to queue
[2024-09-21T08:09:09.216+0000] {logging_mixin.py:190} INFO - [2024-09-21T08:09:09.215+0000] {dagbag.py:587} INFO - Filling up the DagBag from /home/airflow/.local/lib/python3.12/site-packages/airflow/example_dags/example_python_decorator.py
[2024-09-21T08:09:09.255+0000] {processor.py:925} INFO - DAG(s) 'example_python_decorator' retrieved from /home/airflow/.local/lib/python3.12/site-packages/airflow/example_dags/example_python_decorator.py
[2024-09-21T08:09:09.299+0000] {logging_mixin.py:190} INFO - [2024-09-21T08:09:09.299+0000] {dag.py:3229} INFO - Sync 1 DAGs
[2024-09-21T08:09:09.320+0000] {logging_mixin.py:190} INFO - [2024-09-21T08:09:09.319+0000] {dag.py:4156} INFO - Setting next_dagrun for example_python_decorator to None, run_after=None
[2024-09-21T08:09:09.355+0000] {processor.py:208} INFO - Processing /home/airflow/.local/lib/python3.12/site-packages/airflow/example_dags/example_python_decorator.py took 0.154 seconds
[2024-09-21T08:09:40.292+0000] {processor.py:186} INFO - Started process (PID=1066) to work on /home/airflow/.local/lib/python3.12/site-packages/airflow/example_dags/example_python_decorator.py
[2024-09-21T08:09:40.295+0000] {processor.py:914} INFO - Processing file /home/airflow/.local/lib/python3.12/site-packages/airflow/example_dags/example_python_decorator.py for tasks to queue
[2024-09-21T08:09:40.300+0000] {logging_mixin.py:190} INFO - [2024-09-21T08:09:40.299+0000] {dagbag.py:587} INFO - Filling up the DagBag from /home/airflow/.local/lib/python3.12/site-packages/airflow/example_dags/example_python_decorator.py
[2024-09-21T08:09:40.323+0000] {processor.py:925} INFO - DAG(s) 'example_python_decorator' retrieved from /home/airflow/.local/lib/python3.12/site-packages/airflow/example_dags/example_python_decorator.py
[2024-09-21T08:09:40.356+0000] {logging_mixin.py:190} INFO - [2024-09-21T08:09:40.355+0000] {dag.py:3229} INFO - Sync 1 DAGs
[2024-09-21T08:09:40.377+0000] {logging_mixin.py:190} INFO - [2024-09-21T08:09:40.377+0000] {dag.py:4156} INFO - Setting next_dagrun for example_python_decorator to None, run_after=None
[2024-09-21T08:09:40.407+0000] {processor.py:208} INFO - Processing /home/airflow/.local/lib/python3.12/site-packages/airflow/example_dags/example_python_decorator.py took 0.125 seconds
[2024-09-21T08:10:10.910+0000] {processor.py:186} INFO - Started process (PID=1134) to work on /home/airflow/.local/lib/python3.12/site-packages/airflow/example_dags/example_python_decorator.py
[2024-09-21T08:10:10.912+0000] {processor.py:914} INFO - Processing file /home/airflow/.local/lib/python3.12/site-packages/airflow/example_dags/example_python_decorator.py for tasks to queue
[2024-09-21T08:10:10.916+0000] {logging_mixin.py:190} INFO - [2024-09-21T08:10:10.915+0000] {dagbag.py:587} INFO - Filling up the DagBag from /home/airflow/.local/lib/python3.12/site-packages/airflow/example_dags/example_python_decorator.py
[2024-09-21T08:10:10.934+0000] {processor.py:925} INFO - DAG(s) 'example_python_decorator' retrieved from /home/airflow/.local/lib/python3.12/site-packages/airflow/example_dags/example_python_decorator.py
[2024-09-21T08:10:10.963+0000] {logging_mixin.py:190} INFO - [2024-09-21T08:10:10.963+0000] {dag.py:3229} INFO - Sync 1 DAGs
[2024-09-21T08:10:10.984+0000] {logging_mixin.py:190} INFO - [2024-09-21T08:10:10.983+0000] {dag.py:4156} INFO - Setting next_dagrun for example_python_decorator to None, run_after=None
[2024-09-21T08:10:11.010+0000] {processor.py:208} INFO - Processing /home/airflow/.local/lib/python3.12/site-packages/airflow/example_dags/example_python_decorator.py took 0.108 seconds
[2024-09-21T08:10:42.331+0000] {processor.py:186} INFO - Started process (PID=1198) to work on /home/airflow/.local/lib/python3.12/site-packages/airflow/example_dags/example_python_decorator.py
[2024-09-21T08:10:42.336+0000] {processor.py:914} INFO - Processing file /home/airflow/.local/lib/python3.12/site-packages/airflow/example_dags/example_python_decorator.py for tasks to queue
[2024-09-21T08:10:42.343+0000] {logging_mixin.py:190} INFO - [2024-09-21T08:10:42.342+0000] {dagbag.py:587} INFO - Filling up the DagBag from /home/airflow/.local/lib/python3.12/site-packages/airflow/example_dags/example_python_decorator.py
[2024-09-21T08:10:42.404+0000] {processor.py:925} INFO - DAG(s) 'example_python_decorator' retrieved from /home/airflow/.local/lib/python3.12/site-packages/airflow/example_dags/example_python_decorator.py
[2024-09-21T08:10:42.449+0000] {logging_mixin.py:190} INFO - [2024-09-21T08:10:42.449+0000] {dag.py:3229} INFO - Sync 1 DAGs
[2024-09-21T08:10:42.489+0000] {logging_mixin.py:190} INFO - [2024-09-21T08:10:42.488+0000] {dag.py:4156} INFO - Setting next_dagrun for example_python_decorator to None, run_after=None
[2024-09-21T08:10:42.545+0000] {processor.py:208} INFO - Processing /home/airflow/.local/lib/python3.12/site-packages/airflow/example_dags/example_python_decorator.py took 0.226 seconds
[2024-09-21T08:11:12.794+0000] {processor.py:186} INFO - Started process (PID=1263) to work on /home/airflow/.local/lib/python3.12/site-packages/airflow/example_dags/example_python_decorator.py
[2024-09-21T08:11:12.796+0000] {processor.py:914} INFO - Processing file /home/airflow/.local/lib/python3.12/site-packages/airflow/example_dags/example_python_decorator.py for tasks to queue
[2024-09-21T08:11:12.801+0000] {logging_mixin.py:190} INFO - [2024-09-21T08:11:12.801+0000] {dagbag.py:587} INFO - Filling up the DagBag from /home/airflow/.local/lib/python3.12/site-packages/airflow/example_dags/example_python_decorator.py
[2024-09-21T08:11:12.827+0000] {processor.py:925} INFO - DAG(s) 'example_python_decorator' retrieved from /home/airflow/.local/lib/python3.12/site-packages/airflow/example_dags/example_python_decorator.py
[2024-09-21T08:11:12.861+0000] {logging_mixin.py:190} INFO - [2024-09-21T08:11:12.860+0000] {dag.py:3229} INFO - Sync 1 DAGs
[2024-09-21T08:11:12.883+0000] {logging_mixin.py:190} INFO - [2024-09-21T08:11:12.883+0000] {dag.py:4156} INFO - Setting next_dagrun for example_python_decorator to None, run_after=None
[2024-09-21T08:11:12.914+0000] {processor.py:208} INFO - Processing /home/airflow/.local/lib/python3.12/site-packages/airflow/example_dags/example_python_decorator.py took 0.127 seconds
[2024-09-21T08:11:43.765+0000] {processor.py:186} INFO - Started process (PID=1327) to work on /home/airflow/.local/lib/python3.12/site-packages/airflow/example_dags/example_python_decorator.py
[2024-09-21T08:11:43.767+0000] {processor.py:914} INFO - Processing file /home/airflow/.local/lib/python3.12/site-packages/airflow/example_dags/example_python_decorator.py for tasks to queue
[2024-09-21T08:11:43.772+0000] {logging_mixin.py:190} INFO - [2024-09-21T08:11:43.771+0000] {dagbag.py:587} INFO - Filling up the DagBag from /home/airflow/.local/lib/python3.12/site-packages/airflow/example_dags/example_python_decorator.py
[2024-09-21T08:11:43.792+0000] {processor.py:925} INFO - DAG(s) 'example_python_decorator' retrieved from /home/airflow/.local/lib/python3.12/site-packages/airflow/example_dags/example_python_decorator.py
[2024-09-21T08:11:43.829+0000] {logging_mixin.py:190} INFO - [2024-09-21T08:11:43.829+0000] {dag.py:3229} INFO - Sync 1 DAGs
[2024-09-21T08:11:43.855+0000] {logging_mixin.py:190} INFO - [2024-09-21T08:11:43.854+0000] {dag.py:4156} INFO - Setting next_dagrun for example_python_decorator to None, run_after=None
[2024-09-21T08:11:43.890+0000] {processor.py:208} INFO - Processing /home/airflow/.local/lib/python3.12/site-packages/airflow/example_dags/example_python_decorator.py took 0.135 seconds
[2024-09-21T08:12:14.211+0000] {processor.py:186} INFO - Started process (PID=1391) to work on /home/airflow/.local/lib/python3.12/site-packages/airflow/example_dags/example_python_decorator.py
[2024-09-21T08:12:14.213+0000] {processor.py:914} INFO - Processing file /home/airflow/.local/lib/python3.12/site-packages/airflow/example_dags/example_python_decorator.py for tasks to queue
[2024-09-21T08:12:14.218+0000] {logging_mixin.py:190} INFO - [2024-09-21T08:12:14.217+0000] {dagbag.py:587} INFO - Filling up the DagBag from /home/airflow/.local/lib/python3.12/site-packages/airflow/example_dags/example_python_decorator.py
[2024-09-21T08:12:14.253+0000] {processor.py:925} INFO - DAG(s) 'example_python_decorator' retrieved from /home/airflow/.local/lib/python3.12/site-packages/airflow/example_dags/example_python_decorator.py
[2024-09-21T08:12:14.308+0000] {logging_mixin.py:190} INFO - [2024-09-21T08:12:14.308+0000] {dag.py:3229} INFO - Sync 1 DAGs
[2024-09-21T08:12:14.345+0000] {logging_mixin.py:190} INFO - [2024-09-21T08:12:14.344+0000] {dag.py:4156} INFO - Setting next_dagrun for example_python_decorator to None, run_after=None
[2024-09-21T08:12:14.418+0000] {processor.py:208} INFO - Processing /home/airflow/.local/lib/python3.12/site-packages/airflow/example_dags/example_python_decorator.py took 0.216 seconds
[2024-09-21T08:12:45.015+0000] {processor.py:186} INFO - Started process (PID=1456) to work on /home/airflow/.local/lib/python3.12/site-packages/airflow/example_dags/example_python_decorator.py
[2024-09-21T08:12:45.016+0000] {processor.py:914} INFO - Processing file /home/airflow/.local/lib/python3.12/site-packages/airflow/example_dags/example_python_decorator.py for tasks to queue
[2024-09-21T08:12:45.020+0000] {logging_mixin.py:190} INFO - [2024-09-21T08:12:45.020+0000] {dagbag.py:587} INFO - Filling up the DagBag from /home/airflow/.local/lib/python3.12/site-packages/airflow/example_dags/example_python_decorator.py
[2024-09-21T08:12:45.043+0000] {processor.py:925} INFO - DAG(s) 'example_python_decorator' retrieved from /home/airflow/.local/lib/python3.12/site-packages/airflow/example_dags/example_python_decorator.py
[2024-09-21T08:12:45.089+0000] {logging_mixin.py:190} INFO - [2024-09-21T08:12:45.089+0000] {dag.py:3229} INFO - Sync 1 DAGs
[2024-09-21T08:12:45.117+0000] {logging_mixin.py:190} INFO - [2024-09-21T08:12:45.117+0000] {dag.py:4156} INFO - Setting next_dagrun for example_python_decorator to None, run_after=None
[2024-09-21T08:12:45.156+0000] {processor.py:208} INFO - Processing /home/airflow/.local/lib/python3.12/site-packages/airflow/example_dags/example_python_decorator.py took 0.149 seconds
[2024-09-21T08:13:15.624+0000] {processor.py:186} INFO - Started process (PID=1520) to work on /home/airflow/.local/lib/python3.12/site-packages/airflow/example_dags/example_python_decorator.py
[2024-09-21T08:13:15.626+0000] {processor.py:914} INFO - Processing file /home/airflow/.local/lib/python3.12/site-packages/airflow/example_dags/example_python_decorator.py for tasks to queue
[2024-09-21T08:13:15.630+0000] {logging_mixin.py:190} INFO - [2024-09-21T08:13:15.630+0000] {dagbag.py:587} INFO - Filling up the DagBag from /home/airflow/.local/lib/python3.12/site-packages/airflow/example_dags/example_python_decorator.py
[2024-09-21T08:13:15.653+0000] {processor.py:925} INFO - DAG(s) 'example_python_decorator' retrieved from /home/airflow/.local/lib/python3.12/site-packages/airflow/example_dags/example_python_decorator.py
[2024-09-21T08:13:15.692+0000] {logging_mixin.py:190} INFO - [2024-09-21T08:13:15.691+0000] {dag.py:3229} INFO - Sync 1 DAGs
[2024-09-21T08:13:15.717+0000] {logging_mixin.py:190} INFO - [2024-09-21T08:13:15.717+0000] {dag.py:4156} INFO - Setting next_dagrun for example_python_decorator to None, run_after=None
[2024-09-21T08:13:15.754+0000] {processor.py:208} INFO - Processing /home/airflow/.local/lib/python3.12/site-packages/airflow/example_dags/example_python_decorator.py took 0.138 seconds
[2024-09-21T08:13:46.004+0000] {processor.py:186} INFO - Started process (PID=1584) to work on /home/airflow/.local/lib/python3.12/site-packages/airflow/example_dags/example_python_decorator.py
[2024-09-21T08:13:46.007+0000] {processor.py:914} INFO - Processing file /home/airflow/.local/lib/python3.12/site-packages/airflow/example_dags/example_python_decorator.py for tasks to queue
[2024-09-21T08:13:46.011+0000] {logging_mixin.py:190} INFO - [2024-09-21T08:13:46.010+0000] {dagbag.py:587} INFO - Filling up the DagBag from /home/airflow/.local/lib/python3.12/site-packages/airflow/example_dags/example_python_decorator.py
[2024-09-21T08:13:46.040+0000] {processor.py:925} INFO - DAG(s) 'example_python_decorator' retrieved from /home/airflow/.local/lib/python3.12/site-packages/airflow/example_dags/example_python_decorator.py
[2024-09-21T08:13:46.081+0000] {logging_mixin.py:190} INFO - [2024-09-21T08:13:46.081+0000] {dag.py:3229} INFO - Sync 1 DAGs
[2024-09-21T08:13:46.108+0000] {logging_mixin.py:190} INFO - [2024-09-21T08:13:46.108+0000] {dag.py:4156} INFO - Setting next_dagrun for example_python_decorator to None, run_after=None
[2024-09-21T08:13:46.152+0000] {processor.py:208} INFO - Processing /home/airflow/.local/lib/python3.12/site-packages/airflow/example_dags/example_python_decorator.py took 0.160 seconds
[2024-09-21T08:14:17.307+0000] {processor.py:186} INFO - Started process (PID=1648) to work on /home/airflow/.local/lib/python3.12/site-packages/airflow/example_dags/example_python_decorator.py
[2024-09-21T08:14:17.309+0000] {processor.py:914} INFO - Processing file /home/airflow/.local/lib/python3.12/site-packages/airflow/example_dags/example_python_decorator.py for tasks to queue
[2024-09-21T08:14:17.313+0000] {logging_mixin.py:190} INFO - [2024-09-21T08:14:17.313+0000] {dagbag.py:587} INFO - Filling up the DagBag from /home/airflow/.local/lib/python3.12/site-packages/airflow/example_dags/example_python_decorator.py
[2024-09-21T08:14:17.338+0000] {processor.py:925} INFO - DAG(s) 'example_python_decorator' retrieved from /home/airflow/.local/lib/python3.12/site-packages/airflow/example_dags/example_python_decorator.py
[2024-09-21T08:14:17.374+0000] {logging_mixin.py:190} INFO - [2024-09-21T08:14:17.374+0000] {dag.py:3229} INFO - Sync 1 DAGs
[2024-09-21T08:14:17.396+0000] {logging_mixin.py:190} INFO - [2024-09-21T08:14:17.396+0000] {dag.py:4156} INFO - Setting next_dagrun for example_python_decorator to None, run_after=None
[2024-09-21T08:14:17.432+0000] {processor.py:208} INFO - Processing /home/airflow/.local/lib/python3.12/site-packages/airflow/example_dags/example_python_decorator.py took 0.135 seconds
[2024-09-21T08:14:48.107+0000] {processor.py:186} INFO - Started process (PID=1712) to work on /home/airflow/.local/lib/python3.12/site-packages/airflow/example_dags/example_python_decorator.py
[2024-09-21T08:14:48.109+0000] {processor.py:914} INFO - Processing file /home/airflow/.local/lib/python3.12/site-packages/airflow/example_dags/example_python_decorator.py for tasks to queue
[2024-09-21T08:14:48.114+0000] {logging_mixin.py:190} INFO - [2024-09-21T08:14:48.113+0000] {dagbag.py:587} INFO - Filling up the DagBag from /home/airflow/.local/lib/python3.12/site-packages/airflow/example_dags/example_python_decorator.py
[2024-09-21T08:14:48.141+0000] {processor.py:925} INFO - DAG(s) 'example_python_decorator' retrieved from /home/airflow/.local/lib/python3.12/site-packages/airflow/example_dags/example_python_decorator.py
[2024-09-21T08:14:48.182+0000] {logging_mixin.py:190} INFO - [2024-09-21T08:14:48.182+0000] {dag.py:3229} INFO - Sync 1 DAGs
[2024-09-21T08:14:48.205+0000] {logging_mixin.py:190} INFO - [2024-09-21T08:14:48.205+0000] {dag.py:4156} INFO - Setting next_dagrun for example_python_decorator to None, run_after=None
[2024-09-21T08:14:48.244+0000] {processor.py:208} INFO - Processing /home/airflow/.local/lib/python3.12/site-packages/airflow/example_dags/example_python_decorator.py took 0.145 seconds
[2024-09-21T08:15:18.868+0000] {processor.py:186} INFO - Started process (PID=1777) to work on /home/airflow/.local/lib/python3.12/site-packages/airflow/example_dags/example_python_decorator.py
[2024-09-21T08:15:18.870+0000] {processor.py:914} INFO - Processing file /home/airflow/.local/lib/python3.12/site-packages/airflow/example_dags/example_python_decorator.py for tasks to queue
[2024-09-21T08:15:18.879+0000] {logging_mixin.py:190} INFO - [2024-09-21T08:15:18.879+0000] {dagbag.py:587} INFO - Filling up the DagBag from /home/airflow/.local/lib/python3.12/site-packages/airflow/example_dags/example_python_decorator.py
[2024-09-21T08:15:18.902+0000] {processor.py:925} INFO - DAG(s) 'example_python_decorator' retrieved from /home/airflow/.local/lib/python3.12/site-packages/airflow/example_dags/example_python_decorator.py
[2024-09-21T08:15:18.933+0000] {logging_mixin.py:190} INFO - [2024-09-21T08:15:18.932+0000] {dag.py:3229} INFO - Sync 1 DAGs
[2024-09-21T08:15:18.955+0000] {logging_mixin.py:190} INFO - [2024-09-21T08:15:18.955+0000] {dag.py:4156} INFO - Setting next_dagrun for example_python_decorator to None, run_after=None
[2024-09-21T08:15:18.980+0000] {processor.py:208} INFO - Processing /home/airflow/.local/lib/python3.12/site-packages/airflow/example_dags/example_python_decorator.py took 0.118 seconds
[2024-09-21T08:15:49.889+0000] {processor.py:186} INFO - Started process (PID=1842) to work on /home/airflow/.local/lib/python3.12/site-packages/airflow/example_dags/example_python_decorator.py
[2024-09-21T08:15:49.891+0000] {processor.py:914} INFO - Processing file /home/airflow/.local/lib/python3.12/site-packages/airflow/example_dags/example_python_decorator.py for tasks to queue
[2024-09-21T08:15:49.894+0000] {logging_mixin.py:190} INFO - [2024-09-21T08:15:49.894+0000] {dagbag.py:587} INFO - Filling up the DagBag from /home/airflow/.local/lib/python3.12/site-packages/airflow/example_dags/example_python_decorator.py
[2024-09-21T08:15:49.915+0000] {processor.py:925} INFO - DAG(s) 'example_python_decorator' retrieved from /home/airflow/.local/lib/python3.12/site-packages/airflow/example_dags/example_python_decorator.py
[2024-09-21T08:15:49.952+0000] {logging_mixin.py:190} INFO - [2024-09-21T08:15:49.952+0000] {dag.py:3229} INFO - Sync 1 DAGs
[2024-09-21T08:15:49.973+0000] {logging_mixin.py:190} INFO - [2024-09-21T08:15:49.972+0000] {dag.py:4156} INFO - Setting next_dagrun for example_python_decorator to None, run_after=None
[2024-09-21T08:15:50.002+0000] {processor.py:208} INFO - Processing /home/airflow/.local/lib/python3.12/site-packages/airflow/example_dags/example_python_decorator.py took 0.120 seconds
[2024-09-21T08:16:20.599+0000] {processor.py:186} INFO - Started process (PID=1906) to work on /home/airflow/.local/lib/python3.12/site-packages/airflow/example_dags/example_python_decorator.py
[2024-09-21T08:16:20.601+0000] {processor.py:914} INFO - Processing file /home/airflow/.local/lib/python3.12/site-packages/airflow/example_dags/example_python_decorator.py for tasks to queue
[2024-09-21T08:16:20.606+0000] {logging_mixin.py:190} INFO - [2024-09-21T08:16:20.605+0000] {dagbag.py:587} INFO - Filling up the DagBag from /home/airflow/.local/lib/python3.12/site-packages/airflow/example_dags/example_python_decorator.py
[2024-09-21T08:16:20.639+0000] {processor.py:925} INFO - DAG(s) 'example_python_decorator' retrieved from /home/airflow/.local/lib/python3.12/site-packages/airflow/example_dags/example_python_decorator.py
[2024-09-21T08:16:20.676+0000] {logging_mixin.py:190} INFO - [2024-09-21T08:16:20.676+0000] {dag.py:3229} INFO - Sync 1 DAGs
[2024-09-21T08:16:20.704+0000] {logging_mixin.py:190} INFO - [2024-09-21T08:16:20.704+0000] {dag.py:4156} INFO - Setting next_dagrun for example_python_decorator to None, run_after=None
[2024-09-21T08:16:20.748+0000] {processor.py:208} INFO - Processing /home/airflow/.local/lib/python3.12/site-packages/airflow/example_dags/example_python_decorator.py took 0.159 seconds
[2024-09-21T08:16:51.487+0000] {processor.py:186} INFO - Started process (PID=1970) to work on /home/airflow/.local/lib/python3.12/site-packages/airflow/example_dags/example_python_decorator.py
[2024-09-21T08:16:51.489+0000] {processor.py:914} INFO - Processing file /home/airflow/.local/lib/python3.12/site-packages/airflow/example_dags/example_python_decorator.py for tasks to queue
[2024-09-21T08:16:51.493+0000] {logging_mixin.py:190} INFO - [2024-09-21T08:16:51.492+0000] {dagbag.py:587} INFO - Filling up the DagBag from /home/airflow/.local/lib/python3.12/site-packages/airflow/example_dags/example_python_decorator.py
[2024-09-21T08:16:51.517+0000] {processor.py:925} INFO - DAG(s) 'example_python_decorator' retrieved from /home/airflow/.local/lib/python3.12/site-packages/airflow/example_dags/example_python_decorator.py
[2024-09-21T08:16:51.554+0000] {logging_mixin.py:190} INFO - [2024-09-21T08:16:51.553+0000] {dag.py:3229} INFO - Sync 1 DAGs
[2024-09-21T08:16:51.579+0000] {logging_mixin.py:190} INFO - [2024-09-21T08:16:51.578+0000] {dag.py:4156} INFO - Setting next_dagrun for example_python_decorator to None, run_after=None
[2024-09-21T08:16:51.614+0000] {processor.py:208} INFO - Processing /home/airflow/.local/lib/python3.12/site-packages/airflow/example_dags/example_python_decorator.py took 0.135 seconds
[2024-09-21T08:17:22.639+0000] {processor.py:186} INFO - Started process (PID=2034) to work on /home/airflow/.local/lib/python3.12/site-packages/airflow/example_dags/example_python_decorator.py
[2024-09-21T08:17:22.641+0000] {processor.py:914} INFO - Processing file /home/airflow/.local/lib/python3.12/site-packages/airflow/example_dags/example_python_decorator.py for tasks to queue
[2024-09-21T08:17:22.645+0000] {logging_mixin.py:190} INFO - [2024-09-21T08:17:22.644+0000] {dagbag.py:587} INFO - Filling up the DagBag from /home/airflow/.local/lib/python3.12/site-packages/airflow/example_dags/example_python_decorator.py
[2024-09-21T08:17:22.667+0000] {processor.py:925} INFO - DAG(s) 'example_python_decorator' retrieved from /home/airflow/.local/lib/python3.12/site-packages/airflow/example_dags/example_python_decorator.py
[2024-09-21T08:17:22.704+0000] {logging_mixin.py:190} INFO - [2024-09-21T08:17:22.703+0000] {dag.py:3229} INFO - Sync 1 DAGs
[2024-09-21T08:17:22.728+0000] {logging_mixin.py:190} INFO - [2024-09-21T08:17:22.727+0000] {dag.py:4156} INFO - Setting next_dagrun for example_python_decorator to None, run_after=None
[2024-09-21T08:17:22.765+0000] {processor.py:208} INFO - Processing /home/airflow/.local/lib/python3.12/site-packages/airflow/example_dags/example_python_decorator.py took 0.135 seconds
[2024-09-21T08:17:53.398+0000] {processor.py:186} INFO - Started process (PID=2098) to work on /home/airflow/.local/lib/python3.12/site-packages/airflow/example_dags/example_python_decorator.py
[2024-09-21T08:17:53.401+0000] {processor.py:914} INFO - Processing file /home/airflow/.local/lib/python3.12/site-packages/airflow/example_dags/example_python_decorator.py for tasks to queue
[2024-09-21T08:17:53.406+0000] {logging_mixin.py:190} INFO - [2024-09-21T08:17:53.405+0000] {dagbag.py:587} INFO - Filling up the DagBag from /home/airflow/.local/lib/python3.12/site-packages/airflow/example_dags/example_python_decorator.py
[2024-09-21T08:17:53.428+0000] {processor.py:925} INFO - DAG(s) 'example_python_decorator' retrieved from /home/airflow/.local/lib/python3.12/site-packages/airflow/example_dags/example_python_decorator.py
[2024-09-21T08:17:53.468+0000] {logging_mixin.py:190} INFO - [2024-09-21T08:17:53.467+0000] {dag.py:3229} INFO - Sync 1 DAGs
[2024-09-21T08:17:53.492+0000] {logging_mixin.py:190} INFO - [2024-09-21T08:17:53.491+0000] {dag.py:4156} INFO - Setting next_dagrun for example_python_decorator to None, run_after=None
[2024-09-21T08:17:53.525+0000] {processor.py:208} INFO - Processing /home/airflow/.local/lib/python3.12/site-packages/airflow/example_dags/example_python_decorator.py took 0.137 seconds
[2024-09-21T08:18:24.012+0000] {processor.py:186} INFO - Started process (PID=2162) to work on /home/airflow/.local/lib/python3.12/site-packages/airflow/example_dags/example_python_decorator.py
[2024-09-21T08:18:24.014+0000] {processor.py:914} INFO - Processing file /home/airflow/.local/lib/python3.12/site-packages/airflow/example_dags/example_python_decorator.py for tasks to queue
[2024-09-21T08:18:24.017+0000] {logging_mixin.py:190} INFO - [2024-09-21T08:18:24.017+0000] {dagbag.py:587} INFO - Filling up the DagBag from /home/airflow/.local/lib/python3.12/site-packages/airflow/example_dags/example_python_decorator.py
[2024-09-21T08:18:24.037+0000] {processor.py:925} INFO - DAG(s) 'example_python_decorator' retrieved from /home/airflow/.local/lib/python3.12/site-packages/airflow/example_dags/example_python_decorator.py
[2024-09-21T08:18:24.073+0000] {logging_mixin.py:190} INFO - [2024-09-21T08:18:24.073+0000] {dag.py:3229} INFO - Sync 1 DAGs
[2024-09-21T08:18:24.097+0000] {logging_mixin.py:190} INFO - [2024-09-21T08:18:24.097+0000] {dag.py:4156} INFO - Setting next_dagrun for example_python_decorator to None, run_after=None
[2024-09-21T08:18:24.130+0000] {processor.py:208} INFO - Processing /home/airflow/.local/lib/python3.12/site-packages/airflow/example_dags/example_python_decorator.py took 0.125 seconds
[2024-09-21T08:18:54.529+0000] {processor.py:186} INFO - Started process (PID=2226) to work on /home/airflow/.local/lib/python3.12/site-packages/airflow/example_dags/example_python_decorator.py
[2024-09-21T08:18:54.531+0000] {processor.py:914} INFO - Processing file /home/airflow/.local/lib/python3.12/site-packages/airflow/example_dags/example_python_decorator.py for tasks to queue
[2024-09-21T08:18:54.536+0000] {logging_mixin.py:190} INFO - [2024-09-21T08:18:54.535+0000] {dagbag.py:587} INFO - Filling up the DagBag from /home/airflow/.local/lib/python3.12/site-packages/airflow/example_dags/example_python_decorator.py
[2024-09-21T08:18:54.561+0000] {processor.py:925} INFO - DAG(s) 'example_python_decorator' retrieved from /home/airflow/.local/lib/python3.12/site-packages/airflow/example_dags/example_python_decorator.py
[2024-09-21T08:18:54.606+0000] {logging_mixin.py:190} INFO - [2024-09-21T08:18:54.605+0000] {dag.py:3229} INFO - Sync 1 DAGs
[2024-09-21T08:18:54.635+0000] {logging_mixin.py:190} INFO - [2024-09-21T08:18:54.634+0000] {dag.py:4156} INFO - Setting next_dagrun for example_python_decorator to None, run_after=None
[2024-09-21T08:18:54.683+0000] {processor.py:208} INFO - Processing /home/airflow/.local/lib/python3.12/site-packages/airflow/example_dags/example_python_decorator.py took 0.163 seconds
[2024-09-21T08:19:25.144+0000] {processor.py:186} INFO - Started process (PID=2290) to work on /home/airflow/.local/lib/python3.12/site-packages/airflow/example_dags/example_python_decorator.py
[2024-09-21T08:19:25.146+0000] {processor.py:914} INFO - Processing file /home/airflow/.local/lib/python3.12/site-packages/airflow/example_dags/example_python_decorator.py for tasks to queue
[2024-09-21T08:19:25.150+0000] {logging_mixin.py:190} INFO - [2024-09-21T08:19:25.149+0000] {dagbag.py:587} INFO - Filling up the DagBag from /home/airflow/.local/lib/python3.12/site-packages/airflow/example_dags/example_python_decorator.py
[2024-09-21T08:19:25.174+0000] {processor.py:925} INFO - DAG(s) 'example_python_decorator' retrieved from /home/airflow/.local/lib/python3.12/site-packages/airflow/example_dags/example_python_decorator.py
[2024-09-21T08:19:25.216+0000] {logging_mixin.py:190} INFO - [2024-09-21T08:19:25.215+0000] {dag.py:3229} INFO - Sync 1 DAGs
[2024-09-21T08:19:25.242+0000] {logging_mixin.py:190} INFO - [2024-09-21T08:19:25.242+0000] {dag.py:4156} INFO - Setting next_dagrun for example_python_decorator to None, run_after=None
[2024-09-21T08:19:25.282+0000] {processor.py:208} INFO - Processing /home/airflow/.local/lib/python3.12/site-packages/airflow/example_dags/example_python_decorator.py took 0.148 seconds
[2024-09-21T08:19:56.002+0000] {processor.py:186} INFO - Started process (PID=2354) to work on /home/airflow/.local/lib/python3.12/site-packages/airflow/example_dags/example_python_decorator.py
[2024-09-21T08:19:56.005+0000] {processor.py:914} INFO - Processing file /home/airflow/.local/lib/python3.12/site-packages/airflow/example_dags/example_python_decorator.py for tasks to queue
[2024-09-21T08:19:56.009+0000] {logging_mixin.py:190} INFO - [2024-09-21T08:19:56.008+0000] {dagbag.py:587} INFO - Filling up the DagBag from /home/airflow/.local/lib/python3.12/site-packages/airflow/example_dags/example_python_decorator.py
[2024-09-21T08:19:56.030+0000] {processor.py:925} INFO - DAG(s) 'example_python_decorator' retrieved from /home/airflow/.local/lib/python3.12/site-packages/airflow/example_dags/example_python_decorator.py
[2024-09-21T08:19:56.066+0000] {logging_mixin.py:190} INFO - [2024-09-21T08:19:56.065+0000] {dag.py:3229} INFO - Sync 1 DAGs
[2024-09-21T08:19:56.088+0000] {logging_mixin.py:190} INFO - [2024-09-21T08:19:56.087+0000] {dag.py:4156} INFO - Setting next_dagrun for example_python_decorator to None, run_after=None
[2024-09-21T08:19:56.123+0000] {processor.py:208} INFO - Processing /home/airflow/.local/lib/python3.12/site-packages/airflow/example_dags/example_python_decorator.py took 0.129 seconds
[2024-09-21T08:20:26.965+0000] {processor.py:186} INFO - Started process (PID=2426) to work on /home/airflow/.local/lib/python3.12/site-packages/airflow/example_dags/example_python_decorator.py
[2024-09-21T08:20:26.967+0000] {processor.py:914} INFO - Processing file /home/airflow/.local/lib/python3.12/site-packages/airflow/example_dags/example_python_decorator.py for tasks to queue
[2024-09-21T08:20:26.972+0000] {logging_mixin.py:190} INFO - [2024-09-21T08:20:26.971+0000] {dagbag.py:587} INFO - Filling up the DagBag from /home/airflow/.local/lib/python3.12/site-packages/airflow/example_dags/example_python_decorator.py
[2024-09-21T08:20:26.995+0000] {processor.py:925} INFO - DAG(s) 'example_python_decorator' retrieved from /home/airflow/.local/lib/python3.12/site-packages/airflow/example_dags/example_python_decorator.py
[2024-09-21T08:20:27.035+0000] {logging_mixin.py:190} INFO - [2024-09-21T08:20:27.034+0000] {dag.py:3229} INFO - Sync 1 DAGs
[2024-09-21T08:20:27.058+0000] {logging_mixin.py:190} INFO - [2024-09-21T08:20:27.057+0000] {dag.py:4156} INFO - Setting next_dagrun for example_python_decorator to None, run_after=None
[2024-09-21T08:20:27.094+0000] {processor.py:208} INFO - Processing /home/airflow/.local/lib/python3.12/site-packages/airflow/example_dags/example_python_decorator.py took 0.142 seconds
[2024-09-21T08:20:58.150+0000] {processor.py:186} INFO - Started process (PID=2490) to work on /home/airflow/.local/lib/python3.12/site-packages/airflow/example_dags/example_python_decorator.py
[2024-09-21T08:20:58.152+0000] {processor.py:914} INFO - Processing file /home/airflow/.local/lib/python3.12/site-packages/airflow/example_dags/example_python_decorator.py for tasks to queue
[2024-09-21T08:20:58.155+0000] {logging_mixin.py:190} INFO - [2024-09-21T08:20:58.155+0000] {dagbag.py:587} INFO - Filling up the DagBag from /home/airflow/.local/lib/python3.12/site-packages/airflow/example_dags/example_python_decorator.py
[2024-09-21T08:20:58.176+0000] {processor.py:925} INFO - DAG(s) 'example_python_decorator' retrieved from /home/airflow/.local/lib/python3.12/site-packages/airflow/example_dags/example_python_decorator.py
[2024-09-21T08:20:58.208+0000] {logging_mixin.py:190} INFO - [2024-09-21T08:20:58.207+0000] {dag.py:3229} INFO - Sync 1 DAGs
[2024-09-21T08:20:58.228+0000] {logging_mixin.py:190} INFO - [2024-09-21T08:20:58.227+0000] {dag.py:4156} INFO - Setting next_dagrun for example_python_decorator to None, run_after=None
[2024-09-21T08:20:58.256+0000] {processor.py:208} INFO - Processing /home/airflow/.local/lib/python3.12/site-packages/airflow/example_dags/example_python_decorator.py took 0.114 seconds
[2024-09-21T08:21:29.302+0000] {processor.py:186} INFO - Started process (PID=2554) to work on /home/airflow/.local/lib/python3.12/site-packages/airflow/example_dags/example_python_decorator.py
[2024-09-21T08:21:29.304+0000] {processor.py:914} INFO - Processing file /home/airflow/.local/lib/python3.12/site-packages/airflow/example_dags/example_python_decorator.py for tasks to queue
[2024-09-21T08:21:29.308+0000] {logging_mixin.py:190} INFO - [2024-09-21T08:21:29.307+0000] {dagbag.py:587} INFO - Filling up the DagBag from /home/airflow/.local/lib/python3.12/site-packages/airflow/example_dags/example_python_decorator.py
[2024-09-21T08:21:29.329+0000] {processor.py:925} INFO - DAG(s) 'example_python_decorator' retrieved from /home/airflow/.local/lib/python3.12/site-packages/airflow/example_dags/example_python_decorator.py
[2024-09-21T08:21:29.361+0000] {logging_mixin.py:190} INFO - [2024-09-21T08:21:29.361+0000] {dag.py:3229} INFO - Sync 1 DAGs
[2024-09-21T08:21:29.382+0000] {logging_mixin.py:190} INFO - [2024-09-21T08:21:29.382+0000] {dag.py:4156} INFO - Setting next_dagrun for example_python_decorator to None, run_after=None
[2024-09-21T08:21:29.410+0000] {processor.py:208} INFO - Processing /home/airflow/.local/lib/python3.12/site-packages/airflow/example_dags/example_python_decorator.py took 0.117 seconds
[2024-09-21T08:22:00.037+0000] {processor.py:186} INFO - Started process (PID=2618) to work on /home/airflow/.local/lib/python3.12/site-packages/airflow/example_dags/example_python_decorator.py
[2024-09-21T08:22:00.039+0000] {processor.py:914} INFO - Processing file /home/airflow/.local/lib/python3.12/site-packages/airflow/example_dags/example_python_decorator.py for tasks to queue
[2024-09-21T08:22:00.042+0000] {logging_mixin.py:190} INFO - [2024-09-21T08:22:00.042+0000] {dagbag.py:587} INFO - Filling up the DagBag from /home/airflow/.local/lib/python3.12/site-packages/airflow/example_dags/example_python_decorator.py
[2024-09-21T08:22:00.064+0000] {processor.py:925} INFO - DAG(s) 'example_python_decorator' retrieved from /home/airflow/.local/lib/python3.12/site-packages/airflow/example_dags/example_python_decorator.py
[2024-09-21T08:22:00.096+0000] {logging_mixin.py:190} INFO - [2024-09-21T08:22:00.096+0000] {dag.py:3229} INFO - Sync 1 DAGs
[2024-09-21T08:22:00.116+0000] {logging_mixin.py:190} INFO - [2024-09-21T08:22:00.116+0000] {dag.py:4156} INFO - Setting next_dagrun for example_python_decorator to None, run_after=None
[2024-09-21T08:22:00.149+0000] {processor.py:208} INFO - Processing /home/airflow/.local/lib/python3.12/site-packages/airflow/example_dags/example_python_decorator.py took 0.118 seconds
[2024-09-21T08:22:31.049+0000] {processor.py:186} INFO - Started process (PID=2683) to work on /home/airflow/.local/lib/python3.12/site-packages/airflow/example_dags/example_python_decorator.py
[2024-09-21T08:22:31.051+0000] {processor.py:914} INFO - Processing file /home/airflow/.local/lib/python3.12/site-packages/airflow/example_dags/example_python_decorator.py for tasks to queue
[2024-09-21T08:22:31.056+0000] {logging_mixin.py:190} INFO - [2024-09-21T08:22:31.055+0000] {dagbag.py:587} INFO - Filling up the DagBag from /home/airflow/.local/lib/python3.12/site-packages/airflow/example_dags/example_python_decorator.py
[2024-09-21T08:22:31.081+0000] {processor.py:925} INFO - DAG(s) 'example_python_decorator' retrieved from /home/airflow/.local/lib/python3.12/site-packages/airflow/example_dags/example_python_decorator.py
[2024-09-21T08:22:31.121+0000] {logging_mixin.py:190} INFO - [2024-09-21T08:22:31.120+0000] {dag.py:3229} INFO - Sync 1 DAGs
[2024-09-21T08:22:31.146+0000] {logging_mixin.py:190} INFO - [2024-09-21T08:22:31.145+0000] {dag.py:4156} INFO - Setting next_dagrun for example_python_decorator to None, run_after=None
[2024-09-21T08:22:31.178+0000] {processor.py:208} INFO - Processing /home/airflow/.local/lib/python3.12/site-packages/airflow/example_dags/example_python_decorator.py took 0.139 seconds
[2024-09-21T08:23:01.428+0000] {processor.py:186} INFO - Started process (PID=2747) to work on /home/airflow/.local/lib/python3.12/site-packages/airflow/example_dags/example_python_decorator.py
[2024-09-21T08:23:01.430+0000] {processor.py:914} INFO - Processing file /home/airflow/.local/lib/python3.12/site-packages/airflow/example_dags/example_python_decorator.py for tasks to queue
[2024-09-21T08:23:01.434+0000] {logging_mixin.py:190} INFO - [2024-09-21T08:23:01.433+0000] {dagbag.py:587} INFO - Filling up the DagBag from /home/airflow/.local/lib/python3.12/site-packages/airflow/example_dags/example_python_decorator.py
[2024-09-21T08:23:01.457+0000] {processor.py:925} INFO - DAG(s) 'example_python_decorator' retrieved from /home/airflow/.local/lib/python3.12/site-packages/airflow/example_dags/example_python_decorator.py
[2024-09-21T08:23:01.494+0000] {logging_mixin.py:190} INFO - [2024-09-21T08:23:01.493+0000] {dag.py:3229} INFO - Sync 1 DAGs
[2024-09-21T08:23:01.517+0000] {logging_mixin.py:190} INFO - [2024-09-21T08:23:01.517+0000] {dag.py:4156} INFO - Setting next_dagrun for example_python_decorator to None, run_after=None
[2024-09-21T08:23:01.553+0000] {processor.py:208} INFO - Processing /home/airflow/.local/lib/python3.12/site-packages/airflow/example_dags/example_python_decorator.py took 0.134 seconds
[2024-09-21T08:23:32.222+0000] {processor.py:186} INFO - Started process (PID=2811) to work on /home/airflow/.local/lib/python3.12/site-packages/airflow/example_dags/example_python_decorator.py
[2024-09-21T08:23:32.225+0000] {processor.py:914} INFO - Processing file /home/airflow/.local/lib/python3.12/site-packages/airflow/example_dags/example_python_decorator.py for tasks to queue
[2024-09-21T08:23:32.231+0000] {logging_mixin.py:190} INFO - [2024-09-21T08:23:32.230+0000] {dagbag.py:587} INFO - Filling up the DagBag from /home/airflow/.local/lib/python3.12/site-packages/airflow/example_dags/example_python_decorator.py
[2024-09-21T08:23:32.266+0000] {processor.py:925} INFO - DAG(s) 'example_python_decorator' retrieved from /home/airflow/.local/lib/python3.12/site-packages/airflow/example_dags/example_python_decorator.py
[2024-09-21T08:23:32.321+0000] {logging_mixin.py:190} INFO - [2024-09-21T08:23:32.320+0000] {dag.py:3229} INFO - Sync 1 DAGs
[2024-09-21T08:23:32.356+0000] {logging_mixin.py:190} INFO - [2024-09-21T08:23:32.355+0000] {dag.py:4156} INFO - Setting next_dagrun for example_python_decorator to None, run_after=None
[2024-09-21T08:23:32.400+0000] {processor.py:208} INFO - Processing /home/airflow/.local/lib/python3.12/site-packages/airflow/example_dags/example_python_decorator.py took 0.191 seconds
[2024-09-21T08:24:02.705+0000] {processor.py:186} INFO - Started process (PID=2875) to work on /home/airflow/.local/lib/python3.12/site-packages/airflow/example_dags/example_python_decorator.py
[2024-09-21T08:24:02.707+0000] {processor.py:914} INFO - Processing file /home/airflow/.local/lib/python3.12/site-packages/airflow/example_dags/example_python_decorator.py for tasks to queue
[2024-09-21T08:24:02.709+0000] {logging_mixin.py:190} INFO - [2024-09-21T08:24:02.709+0000] {dagbag.py:587} INFO - Filling up the DagBag from /home/airflow/.local/lib/python3.12/site-packages/airflow/example_dags/example_python_decorator.py
[2024-09-21T08:24:02.726+0000] {processor.py:925} INFO - DAG(s) 'example_python_decorator' retrieved from /home/airflow/.local/lib/python3.12/site-packages/airflow/example_dags/example_python_decorator.py
[2024-09-21T08:24:02.752+0000] {logging_mixin.py:190} INFO - [2024-09-21T08:24:02.751+0000] {dag.py:3229} INFO - Sync 1 DAGs
[2024-09-21T08:24:02.769+0000] {logging_mixin.py:190} INFO - [2024-09-21T08:24:02.768+0000] {dag.py:4156} INFO - Setting next_dagrun for example_python_decorator to None, run_after=None
[2024-09-21T08:24:02.795+0000] {processor.py:208} INFO - Processing /home/airflow/.local/lib/python3.12/site-packages/airflow/example_dags/example_python_decorator.py took 0.095 seconds
[2024-09-21T08:24:35.946+0000] {processor.py:186} INFO - Started process (PID=2937) to work on /home/airflow/.local/lib/python3.12/site-packages/airflow/example_dags/example_python_decorator.py
[2024-09-21T08:24:35.948+0000] {processor.py:914} INFO - Processing file /home/airflow/.local/lib/python3.12/site-packages/airflow/example_dags/example_python_decorator.py for tasks to queue
[2024-09-21T08:24:35.952+0000] {logging_mixin.py:190} INFO - [2024-09-21T08:24:35.951+0000] {dagbag.py:587} INFO - Filling up the DagBag from /home/airflow/.local/lib/python3.12/site-packages/airflow/example_dags/example_python_decorator.py
[2024-09-21T08:24:35.967+0000] {processor.py:925} INFO - DAG(s) 'example_python_decorator' retrieved from /home/airflow/.local/lib/python3.12/site-packages/airflow/example_dags/example_python_decorator.py
[2024-09-21T08:24:35.990+0000] {logging_mixin.py:190} INFO - [2024-09-21T08:24:35.990+0000] {dag.py:3229} INFO - Sync 1 DAGs
[2024-09-21T08:24:36.234+0000] {logging_mixin.py:190} INFO - [2024-09-21T08:24:36.233+0000] {dag.py:4156} INFO - Setting next_dagrun for example_python_decorator to None, run_after=None
[2024-09-21T08:24:36.297+0000] {processor.py:208} INFO - Processing /home/airflow/.local/lib/python3.12/site-packages/airflow/example_dags/example_python_decorator.py took 0.356 seconds
[2024-09-21T08:25:06.972+0000] {processor.py:186} INFO - Started process (PID=3001) to work on /home/airflow/.local/lib/python3.12/site-packages/airflow/example_dags/example_python_decorator.py
[2024-09-21T08:25:06.974+0000] {processor.py:914} INFO - Processing file /home/airflow/.local/lib/python3.12/site-packages/airflow/example_dags/example_python_decorator.py for tasks to queue
[2024-09-21T08:25:06.978+0000] {logging_mixin.py:190} INFO - [2024-09-21T08:25:06.977+0000] {dagbag.py:587} INFO - Filling up the DagBag from /home/airflow/.local/lib/python3.12/site-packages/airflow/example_dags/example_python_decorator.py
[2024-09-21T08:25:07.000+0000] {processor.py:925} INFO - DAG(s) 'example_python_decorator' retrieved from /home/airflow/.local/lib/python3.12/site-packages/airflow/example_dags/example_python_decorator.py
[2024-09-21T08:25:07.072+0000] {logging_mixin.py:190} INFO - [2024-09-21T08:25:07.072+0000] {dag.py:3229} INFO - Sync 1 DAGs
[2024-09-21T08:25:07.290+0000] {logging_mixin.py:190} INFO - [2024-09-21T08:25:07.289+0000] {dag.py:4156} INFO - Setting next_dagrun for example_python_decorator to None, run_after=None
[2024-09-21T08:25:07.322+0000] {processor.py:208} INFO - Processing /home/airflow/.local/lib/python3.12/site-packages/airflow/example_dags/example_python_decorator.py took 0.360 seconds
