[2024-09-21T07:59:07.093+0000] {processor.py:186} INFO - Started process (PID=88) to work on /home/airflow/.local/lib/python3.12/site-packages/airflow/example_dags/example_external_task_marker_dag.py
[2024-09-21T07:59:07.095+0000] {processor.py:914} INFO - Processing file /home/airflow/.local/lib/python3.12/site-packages/airflow/example_dags/example_external_task_marker_dag.py for tasks to queue
[2024-09-21T07:59:07.103+0000] {logging_mixin.py:190} INFO - [2024-09-21T07:59:07.102+0000] {dagbag.py:587} INFO - Filling up the DagBag from /home/airflow/.local/lib/python3.12/site-packages/airflow/example_dags/example_external_task_marker_dag.py
[2024-09-21T07:59:07.116+0000] {processor.py:925} INFO - DAG(s) 'example_external_task_marker_child', 'example_external_task_marker_parent' retrieved from /home/airflow/.local/lib/python3.12/site-packages/airflow/example_dags/example_external_task_marker_dag.py
[2024-09-21T07:59:07.194+0000] {logging_mixin.py:190} INFO - [2024-09-21T07:59:07.193+0000] {dag.py:3229} INFO - Sync 2 DAGs
[2024-09-21T07:59:07.252+0000] {logging_mixin.py:190} INFO - [2024-09-21T07:59:07.251+0000] {dag.py:4156} INFO - Setting next_dagrun for example_external_task_marker_child to None, run_after=None
[2024-09-21T07:59:07.260+0000] {logging_mixin.py:190} INFO - [2024-09-21T07:59:07.260+0000] {dag.py:4156} INFO - Setting next_dagrun for example_external_task_marker_parent to None, run_after=None
[2024-09-21T07:59:07.320+0000] {processor.py:208} INFO - Processing /home/airflow/.local/lib/python3.12/site-packages/airflow/example_dags/example_external_task_marker_dag.py took 0.232 seconds
[2024-09-21T07:59:38.137+0000] {processor.py:186} INFO - Started process (PID=156) to work on /home/airflow/.local/lib/python3.12/site-packages/airflow/example_dags/example_external_task_marker_dag.py
[2024-09-21T07:59:38.140+0000] {processor.py:914} INFO - Processing file /home/airflow/.local/lib/python3.12/site-packages/airflow/example_dags/example_external_task_marker_dag.py for tasks to queue
[2024-09-21T07:59:38.145+0000] {logging_mixin.py:190} INFO - [2024-09-21T07:59:38.145+0000] {dagbag.py:587} INFO - Filling up the DagBag from /home/airflow/.local/lib/python3.12/site-packages/airflow/example_dags/example_external_task_marker_dag.py
[2024-09-21T07:59:38.166+0000] {processor.py:925} INFO - DAG(s) 'example_external_task_marker_parent', 'example_external_task_marker_child' retrieved from /home/airflow/.local/lib/python3.12/site-packages/airflow/example_dags/example_external_task_marker_dag.py
[2024-09-21T07:59:38.210+0000] {logging_mixin.py:190} INFO - [2024-09-21T07:59:38.210+0000] {dag.py:3229} INFO - Sync 2 DAGs
[2024-09-21T07:59:38.238+0000] {logging_mixin.py:190} INFO - [2024-09-21T07:59:38.237+0000] {dag.py:4156} INFO - Setting next_dagrun for example_external_task_marker_child to None, run_after=None
[2024-09-21T07:59:38.247+0000] {logging_mixin.py:190} INFO - [2024-09-21T07:59:38.246+0000] {dag.py:4156} INFO - Setting next_dagrun for example_external_task_marker_parent to None, run_after=None
[2024-09-21T07:59:38.280+0000] {processor.py:208} INFO - Processing /home/airflow/.local/lib/python3.12/site-packages/airflow/example_dags/example_external_task_marker_dag.py took 0.154 seconds
[2024-09-21T08:00:09.026+0000] {processor.py:186} INFO - Started process (PID=228) to work on /home/airflow/.local/lib/python3.12/site-packages/airflow/example_dags/example_external_task_marker_dag.py
[2024-09-21T08:00:09.028+0000] {processor.py:914} INFO - Processing file /home/airflow/.local/lib/python3.12/site-packages/airflow/example_dags/example_external_task_marker_dag.py for tasks to queue
[2024-09-21T08:00:09.031+0000] {logging_mixin.py:190} INFO - [2024-09-21T08:00:09.030+0000] {dagbag.py:587} INFO - Filling up the DagBag from /home/airflow/.local/lib/python3.12/site-packages/airflow/example_dags/example_external_task_marker_dag.py
[2024-09-21T08:00:09.044+0000] {processor.py:925} INFO - DAG(s) 'example_external_task_marker_child', 'example_external_task_marker_parent' retrieved from /home/airflow/.local/lib/python3.12/site-packages/airflow/example_dags/example_external_task_marker_dag.py
[2024-09-21T08:00:09.084+0000] {logging_mixin.py:190} INFO - [2024-09-21T08:00:09.077+0000] {dag.py:3229} INFO - Sync 2 DAGs
[2024-09-21T08:00:09.106+0000] {logging_mixin.py:190} INFO - [2024-09-21T08:00:09.106+0000] {dag.py:4156} INFO - Setting next_dagrun for example_external_task_marker_child to None, run_after=None
[2024-09-21T08:00:09.114+0000] {logging_mixin.py:190} INFO - [2024-09-21T08:00:09.114+0000] {dag.py:4156} INFO - Setting next_dagrun for example_external_task_marker_parent to None, run_after=None
[2024-09-21T08:00:09.148+0000] {processor.py:208} INFO - Processing /home/airflow/.local/lib/python3.12/site-packages/airflow/example_dags/example_external_task_marker_dag.py took 0.129 seconds
[2024-09-21T08:01:34.124+0000] {processor.py:186} INFO - Started process (PID=66) to work on /home/airflow/.local/lib/python3.12/site-packages/airflow/example_dags/example_external_task_marker_dag.py
[2024-09-21T08:01:34.125+0000] {processor.py:914} INFO - Processing file /home/airflow/.local/lib/python3.12/site-packages/airflow/example_dags/example_external_task_marker_dag.py for tasks to queue
[2024-09-21T08:01:34.128+0000] {logging_mixin.py:190} INFO - [2024-09-21T08:01:34.128+0000] {dagbag.py:587} INFO - Filling up the DagBag from /home/airflow/.local/lib/python3.12/site-packages/airflow/example_dags/example_external_task_marker_dag.py
[2024-09-21T08:01:34.137+0000] {processor.py:925} INFO - DAG(s) 'example_external_task_marker_parent', 'example_external_task_marker_child' retrieved from /home/airflow/.local/lib/python3.12/site-packages/airflow/example_dags/example_external_task_marker_dag.py
[2024-09-21T08:01:34.167+0000] {logging_mixin.py:190} INFO - [2024-09-21T08:01:34.166+0000] {dag.py:3229} INFO - Sync 2 DAGs
[2024-09-21T08:01:34.185+0000] {logging_mixin.py:190} INFO - [2024-09-21T08:01:34.185+0000] {dag.py:4156} INFO - Setting next_dagrun for example_external_task_marker_child to None, run_after=None
[2024-09-21T08:01:34.192+0000] {logging_mixin.py:190} INFO - [2024-09-21T08:01:34.191+0000] {dag.py:4156} INFO - Setting next_dagrun for example_external_task_marker_parent to None, run_after=None
[2024-09-21T08:01:34.215+0000] {processor.py:208} INFO - Processing /home/airflow/.local/lib/python3.12/site-packages/airflow/example_dags/example_external_task_marker_dag.py took 0.097 seconds
[2024-09-21T08:02:05.260+0000] {processor.py:186} INFO - Started process (PID=130) to work on /home/airflow/.local/lib/python3.12/site-packages/airflow/example_dags/example_external_task_marker_dag.py
[2024-09-21T08:02:05.262+0000] {processor.py:914} INFO - Processing file /home/airflow/.local/lib/python3.12/site-packages/airflow/example_dags/example_external_task_marker_dag.py for tasks to queue
[2024-09-21T08:02:05.265+0000] {logging_mixin.py:190} INFO - [2024-09-21T08:02:05.265+0000] {dagbag.py:587} INFO - Filling up the DagBag from /home/airflow/.local/lib/python3.12/site-packages/airflow/example_dags/example_external_task_marker_dag.py
[2024-09-21T08:02:05.276+0000] {processor.py:925} INFO - DAG(s) 'example_external_task_marker_parent', 'example_external_task_marker_child' retrieved from /home/airflow/.local/lib/python3.12/site-packages/airflow/example_dags/example_external_task_marker_dag.py
[2024-09-21T08:02:05.313+0000] {logging_mixin.py:190} INFO - [2024-09-21T08:02:05.312+0000] {dag.py:3229} INFO - Sync 2 DAGs
[2024-09-21T08:02:05.336+0000] {logging_mixin.py:190} INFO - [2024-09-21T08:02:05.336+0000] {dag.py:4156} INFO - Setting next_dagrun for example_external_task_marker_child to None, run_after=None
[2024-09-21T08:02:05.343+0000] {logging_mixin.py:190} INFO - [2024-09-21T08:02:05.343+0000] {dag.py:4156} INFO - Setting next_dagrun for example_external_task_marker_parent to None, run_after=None
[2024-09-21T08:02:05.376+0000] {processor.py:208} INFO - Processing /home/airflow/.local/lib/python3.12/site-packages/airflow/example_dags/example_external_task_marker_dag.py took 0.123 seconds
[2024-09-21T08:02:36.076+0000] {processor.py:186} INFO - Started process (PID=195) to work on /home/airflow/.local/lib/python3.12/site-packages/airflow/example_dags/example_external_task_marker_dag.py
[2024-09-21T08:02:36.078+0000] {processor.py:914} INFO - Processing file /home/airflow/.local/lib/python3.12/site-packages/airflow/example_dags/example_external_task_marker_dag.py for tasks to queue
[2024-09-21T08:02:36.083+0000] {logging_mixin.py:190} INFO - [2024-09-21T08:02:36.082+0000] {dagbag.py:587} INFO - Filling up the DagBag from /home/airflow/.local/lib/python3.12/site-packages/airflow/example_dags/example_external_task_marker_dag.py
[2024-09-21T08:02:36.096+0000] {processor.py:925} INFO - DAG(s) 'example_external_task_marker_parent', 'example_external_task_marker_child' retrieved from /home/airflow/.local/lib/python3.12/site-packages/airflow/example_dags/example_external_task_marker_dag.py
[2024-09-21T08:02:36.133+0000] {logging_mixin.py:190} INFO - [2024-09-21T08:02:36.133+0000] {dag.py:3229} INFO - Sync 2 DAGs
[2024-09-21T08:02:36.155+0000] {logging_mixin.py:190} INFO - [2024-09-21T08:02:36.154+0000] {dag.py:4156} INFO - Setting next_dagrun for example_external_task_marker_child to None, run_after=None
[2024-09-21T08:02:36.161+0000] {logging_mixin.py:190} INFO - [2024-09-21T08:02:36.161+0000] {dag.py:4156} INFO - Setting next_dagrun for example_external_task_marker_parent to None, run_after=None
[2024-09-21T08:02:36.191+0000] {processor.py:208} INFO - Processing /home/airflow/.local/lib/python3.12/site-packages/airflow/example_dags/example_external_task_marker_dag.py took 0.123 seconds
[2024-09-21T08:03:07.045+0000] {processor.py:186} INFO - Started process (PID=259) to work on /home/airflow/.local/lib/python3.12/site-packages/airflow/example_dags/example_external_task_marker_dag.py
[2024-09-21T08:03:07.048+0000] {processor.py:914} INFO - Processing file /home/airflow/.local/lib/python3.12/site-packages/airflow/example_dags/example_external_task_marker_dag.py for tasks to queue
[2024-09-21T08:03:07.052+0000] {logging_mixin.py:190} INFO - [2024-09-21T08:03:07.052+0000] {dagbag.py:587} INFO - Filling up the DagBag from /home/airflow/.local/lib/python3.12/site-packages/airflow/example_dags/example_external_task_marker_dag.py
[2024-09-21T08:03:07.065+0000] {processor.py:925} INFO - DAG(s) 'example_external_task_marker_child', 'example_external_task_marker_parent' retrieved from /home/airflow/.local/lib/python3.12/site-packages/airflow/example_dags/example_external_task_marker_dag.py
[2024-09-21T08:03:07.106+0000] {logging_mixin.py:190} INFO - [2024-09-21T08:03:07.105+0000] {dag.py:3229} INFO - Sync 2 DAGs
[2024-09-21T08:03:07.129+0000] {logging_mixin.py:190} INFO - [2024-09-21T08:03:07.129+0000] {dag.py:4156} INFO - Setting next_dagrun for example_external_task_marker_child to None, run_after=None
[2024-09-21T08:03:07.136+0000] {logging_mixin.py:190} INFO - [2024-09-21T08:03:07.136+0000] {dag.py:4156} INFO - Setting next_dagrun for example_external_task_marker_parent to None, run_after=None
[2024-09-21T08:03:07.169+0000] {processor.py:208} INFO - Processing /home/airflow/.local/lib/python3.12/site-packages/airflow/example_dags/example_external_task_marker_dag.py took 0.132 seconds
[2024-09-21T08:03:37.685+0000] {processor.py:186} INFO - Started process (PID=322) to work on /home/airflow/.local/lib/python3.12/site-packages/airflow/example_dags/example_external_task_marker_dag.py
[2024-09-21T08:03:37.687+0000] {processor.py:914} INFO - Processing file /home/airflow/.local/lib/python3.12/site-packages/airflow/example_dags/example_external_task_marker_dag.py for tasks to queue
[2024-09-21T08:03:37.691+0000] {logging_mixin.py:190} INFO - [2024-09-21T08:03:37.691+0000] {dagbag.py:587} INFO - Filling up the DagBag from /home/airflow/.local/lib/python3.12/site-packages/airflow/example_dags/example_external_task_marker_dag.py
[2024-09-21T08:03:37.703+0000] {processor.py:925} INFO - DAG(s) 'example_external_task_marker_parent', 'example_external_task_marker_child' retrieved from /home/airflow/.local/lib/python3.12/site-packages/airflow/example_dags/example_external_task_marker_dag.py
[2024-09-21T08:03:37.743+0000] {logging_mixin.py:190} INFO - [2024-09-21T08:03:37.743+0000] {dag.py:3229} INFO - Sync 2 DAGs
[2024-09-21T08:03:37.767+0000] {logging_mixin.py:190} INFO - [2024-09-21T08:03:37.767+0000] {dag.py:4156} INFO - Setting next_dagrun for example_external_task_marker_child to None, run_after=None
[2024-09-21T08:03:37.773+0000] {logging_mixin.py:190} INFO - [2024-09-21T08:03:37.773+0000] {dag.py:4156} INFO - Setting next_dagrun for example_external_task_marker_parent to None, run_after=None
[2024-09-21T08:03:37.801+0000] {processor.py:208} INFO - Processing /home/airflow/.local/lib/python3.12/site-packages/airflow/example_dags/example_external_task_marker_dag.py took 0.122 seconds
[2024-09-21T08:04:08.501+0000] {processor.py:186} INFO - Started process (PID=393) to work on /home/airflow/.local/lib/python3.12/site-packages/airflow/example_dags/example_external_task_marker_dag.py
[2024-09-21T08:04:08.503+0000] {processor.py:914} INFO - Processing file /home/airflow/.local/lib/python3.12/site-packages/airflow/example_dags/example_external_task_marker_dag.py for tasks to queue
[2024-09-21T08:04:08.507+0000] {logging_mixin.py:190} INFO - [2024-09-21T08:04:08.506+0000] {dagbag.py:587} INFO - Filling up the DagBag from /home/airflow/.local/lib/python3.12/site-packages/airflow/example_dags/example_external_task_marker_dag.py
[2024-09-21T08:04:08.516+0000] {processor.py:925} INFO - DAG(s) 'example_external_task_marker_child', 'example_external_task_marker_parent' retrieved from /home/airflow/.local/lib/python3.12/site-packages/airflow/example_dags/example_external_task_marker_dag.py
[2024-09-21T08:04:08.548+0000] {logging_mixin.py:190} INFO - [2024-09-21T08:04:08.548+0000] {dag.py:3229} INFO - Sync 2 DAGs
[2024-09-21T08:04:08.572+0000] {logging_mixin.py:190} INFO - [2024-09-21T08:04:08.572+0000] {dag.py:4156} INFO - Setting next_dagrun for example_external_task_marker_child to None, run_after=None
[2024-09-21T08:04:08.579+0000] {logging_mixin.py:190} INFO - [2024-09-21T08:04:08.578+0000] {dag.py:4156} INFO - Setting next_dagrun for example_external_task_marker_parent to None, run_after=None
[2024-09-21T08:04:08.605+0000] {processor.py:208} INFO - Processing /home/airflow/.local/lib/python3.12/site-packages/airflow/example_dags/example_external_task_marker_dag.py took 0.111 seconds
[2024-09-21T08:04:40.101+0000] {processor.py:186} INFO - Started process (PID=457) to work on /home/airflow/.local/lib/python3.12/site-packages/airflow/example_dags/example_external_task_marker_dag.py
[2024-09-21T08:04:40.103+0000] {processor.py:914} INFO - Processing file /home/airflow/.local/lib/python3.12/site-packages/airflow/example_dags/example_external_task_marker_dag.py for tasks to queue
[2024-09-21T08:04:40.107+0000] {logging_mixin.py:190} INFO - [2024-09-21T08:04:40.106+0000] {dagbag.py:587} INFO - Filling up the DagBag from /home/airflow/.local/lib/python3.12/site-packages/airflow/example_dags/example_external_task_marker_dag.py
[2024-09-21T08:04:40.116+0000] {processor.py:925} INFO - DAG(s) 'example_external_task_marker_parent', 'example_external_task_marker_child' retrieved from /home/airflow/.local/lib/python3.12/site-packages/airflow/example_dags/example_external_task_marker_dag.py
[2024-09-21T08:04:40.153+0000] {logging_mixin.py:190} INFO - [2024-09-21T08:04:40.152+0000] {dag.py:3229} INFO - Sync 2 DAGs
[2024-09-21T08:04:40.177+0000] {logging_mixin.py:190} INFO - [2024-09-21T08:04:40.177+0000] {dag.py:4156} INFO - Setting next_dagrun for example_external_task_marker_child to None, run_after=None
[2024-09-21T08:04:40.184+0000] {logging_mixin.py:190} INFO - [2024-09-21T08:04:40.184+0000] {dag.py:4156} INFO - Setting next_dagrun for example_external_task_marker_parent to None, run_after=None
[2024-09-21T08:04:40.216+0000] {processor.py:208} INFO - Processing /home/airflow/.local/lib/python3.12/site-packages/airflow/example_dags/example_external_task_marker_dag.py took 0.122 seconds
[2024-09-21T08:05:10.287+0000] {processor.py:186} INFO - Started process (PID=520) to work on /home/airflow/.local/lib/python3.12/site-packages/airflow/example_dags/example_external_task_marker_dag.py
[2024-09-21T08:05:10.288+0000] {processor.py:914} INFO - Processing file /home/airflow/.local/lib/python3.12/site-packages/airflow/example_dags/example_external_task_marker_dag.py for tasks to queue
[2024-09-21T08:05:10.291+0000] {logging_mixin.py:190} INFO - [2024-09-21T08:05:10.291+0000] {dagbag.py:587} INFO - Filling up the DagBag from /home/airflow/.local/lib/python3.12/site-packages/airflow/example_dags/example_external_task_marker_dag.py
[2024-09-21T08:05:10.300+0000] {processor.py:925} INFO - DAG(s) 'example_external_task_marker_parent', 'example_external_task_marker_child' retrieved from /home/airflow/.local/lib/python3.12/site-packages/airflow/example_dags/example_external_task_marker_dag.py
[2024-09-21T08:05:10.333+0000] {logging_mixin.py:190} INFO - [2024-09-21T08:05:10.332+0000] {dag.py:3229} INFO - Sync 2 DAGs
[2024-09-21T08:05:10.351+0000] {logging_mixin.py:190} INFO - [2024-09-21T08:05:10.350+0000] {dag.py:4156} INFO - Setting next_dagrun for example_external_task_marker_child to None, run_after=None
[2024-09-21T08:05:10.358+0000] {logging_mixin.py:190} INFO - [2024-09-21T08:05:10.358+0000] {dag.py:4156} INFO - Setting next_dagrun for example_external_task_marker_parent to None, run_after=None
[2024-09-21T08:05:10.381+0000] {processor.py:208} INFO - Processing /home/airflow/.local/lib/python3.12/site-packages/airflow/example_dags/example_external_task_marker_dag.py took 0.100 seconds
[2024-09-21T08:05:41.075+0000] {processor.py:186} INFO - Started process (PID=585) to work on /home/airflow/.local/lib/python3.12/site-packages/airflow/example_dags/example_external_task_marker_dag.py
[2024-09-21T08:05:41.077+0000] {processor.py:914} INFO - Processing file /home/airflow/.local/lib/python3.12/site-packages/airflow/example_dags/example_external_task_marker_dag.py for tasks to queue
[2024-09-21T08:05:41.079+0000] {logging_mixin.py:190} INFO - [2024-09-21T08:05:41.079+0000] {dagbag.py:587} INFO - Filling up the DagBag from /home/airflow/.local/lib/python3.12/site-packages/airflow/example_dags/example_external_task_marker_dag.py
[2024-09-21T08:05:41.088+0000] {processor.py:925} INFO - DAG(s) 'example_external_task_marker_parent', 'example_external_task_marker_child' retrieved from /home/airflow/.local/lib/python3.12/site-packages/airflow/example_dags/example_external_task_marker_dag.py
[2024-09-21T08:05:41.116+0000] {logging_mixin.py:190} INFO - [2024-09-21T08:05:41.116+0000] {dag.py:3229} INFO - Sync 2 DAGs
[2024-09-21T08:05:41.134+0000] {logging_mixin.py:190} INFO - [2024-09-21T08:05:41.134+0000] {dag.py:4156} INFO - Setting next_dagrun for example_external_task_marker_child to None, run_after=None
[2024-09-21T08:05:41.140+0000] {logging_mixin.py:190} INFO - [2024-09-21T08:05:41.139+0000] {dag.py:4156} INFO - Setting next_dagrun for example_external_task_marker_parent to None, run_after=None
[2024-09-21T08:05:41.171+0000] {processor.py:208} INFO - Processing /home/airflow/.local/lib/python3.12/site-packages/airflow/example_dags/example_external_task_marker_dag.py took 0.101 seconds
[2024-09-21T08:06:14.265+0000] {processor.py:186} INFO - Started process (PID=649) to work on /home/airflow/.local/lib/python3.12/site-packages/airflow/example_dags/example_external_task_marker_dag.py
[2024-09-21T08:06:14.267+0000] {processor.py:914} INFO - Processing file /home/airflow/.local/lib/python3.12/site-packages/airflow/example_dags/example_external_task_marker_dag.py for tasks to queue
[2024-09-21T08:06:14.274+0000] {logging_mixin.py:190} INFO - [2024-09-21T08:06:14.274+0000] {dagbag.py:587} INFO - Filling up the DagBag from /home/airflow/.local/lib/python3.12/site-packages/airflow/example_dags/example_external_task_marker_dag.py
[2024-09-21T08:06:14.289+0000] {processor.py:925} INFO - DAG(s) 'example_external_task_marker_child', 'example_external_task_marker_parent' retrieved from /home/airflow/.local/lib/python3.12/site-packages/airflow/example_dags/example_external_task_marker_dag.py
[2024-09-21T08:06:14.371+0000] {logging_mixin.py:190} INFO - [2024-09-21T08:06:14.371+0000] {dag.py:3229} INFO - Sync 2 DAGs
[2024-09-21T08:06:14.432+0000] {logging_mixin.py:190} INFO - [2024-09-21T08:06:14.431+0000] {dag.py:4156} INFO - Setting next_dagrun for example_external_task_marker_child to None, run_after=None
[2024-09-21T08:06:14.448+0000] {logging_mixin.py:190} INFO - [2024-09-21T08:06:14.448+0000] {dag.py:4156} INFO - Setting next_dagrun for example_external_task_marker_parent to None, run_after=None
[2024-09-21T08:06:14.497+0000] {processor.py:208} INFO - Processing /home/airflow/.local/lib/python3.12/site-packages/airflow/example_dags/example_external_task_marker_dag.py took 0.242 seconds
[2024-09-21T08:06:45.298+0000] {processor.py:186} INFO - Started process (PID=713) to work on /home/airflow/.local/lib/python3.12/site-packages/airflow/example_dags/example_external_task_marker_dag.py
[2024-09-21T08:06:45.300+0000] {processor.py:914} INFO - Processing file /home/airflow/.local/lib/python3.12/site-packages/airflow/example_dags/example_external_task_marker_dag.py for tasks to queue
[2024-09-21T08:06:45.304+0000] {logging_mixin.py:190} INFO - [2024-09-21T08:06:45.304+0000] {dagbag.py:587} INFO - Filling up the DagBag from /home/airflow/.local/lib/python3.12/site-packages/airflow/example_dags/example_external_task_marker_dag.py
[2024-09-21T08:06:45.317+0000] {processor.py:925} INFO - DAG(s) 'example_external_task_marker_child', 'example_external_task_marker_parent' retrieved from /home/airflow/.local/lib/python3.12/site-packages/airflow/example_dags/example_external_task_marker_dag.py
[2024-09-21T08:06:45.362+0000] {logging_mixin.py:190} INFO - [2024-09-21T08:06:45.362+0000] {dag.py:3229} INFO - Sync 2 DAGs
[2024-09-21T08:06:45.390+0000] {logging_mixin.py:190} INFO - [2024-09-21T08:06:45.390+0000] {dag.py:4156} INFO - Setting next_dagrun for example_external_task_marker_child to None, run_after=None
[2024-09-21T08:06:45.398+0000] {logging_mixin.py:190} INFO - [2024-09-21T08:06:45.398+0000] {dag.py:4156} INFO - Setting next_dagrun for example_external_task_marker_parent to None, run_after=None
[2024-09-21T08:06:45.433+0000] {processor.py:208} INFO - Processing /home/airflow/.local/lib/python3.12/site-packages/airflow/example_dags/example_external_task_marker_dag.py took 0.142 seconds
[2024-09-21T08:07:16.026+0000] {processor.py:186} INFO - Started process (PID=777) to work on /home/airflow/.local/lib/python3.12/site-packages/airflow/example_dags/example_external_task_marker_dag.py
[2024-09-21T08:07:16.028+0000] {processor.py:914} INFO - Processing file /home/airflow/.local/lib/python3.12/site-packages/airflow/example_dags/example_external_task_marker_dag.py for tasks to queue
[2024-09-21T08:07:16.032+0000] {logging_mixin.py:190} INFO - [2024-09-21T08:07:16.031+0000] {dagbag.py:587} INFO - Filling up the DagBag from /home/airflow/.local/lib/python3.12/site-packages/airflow/example_dags/example_external_task_marker_dag.py
[2024-09-21T08:07:16.046+0000] {processor.py:925} INFO - DAG(s) 'example_external_task_marker_parent', 'example_external_task_marker_child' retrieved from /home/airflow/.local/lib/python3.12/site-packages/airflow/example_dags/example_external_task_marker_dag.py
[2024-09-21T08:07:16.089+0000] {logging_mixin.py:190} INFO - [2024-09-21T08:07:16.089+0000] {dag.py:3229} INFO - Sync 2 DAGs
[2024-09-21T08:07:16.113+0000] {logging_mixin.py:190} INFO - [2024-09-21T08:07:16.112+0000] {dag.py:4156} INFO - Setting next_dagrun for example_external_task_marker_child to None, run_after=None
[2024-09-21T08:07:16.120+0000] {logging_mixin.py:190} INFO - [2024-09-21T08:07:16.119+0000] {dag.py:4156} INFO - Setting next_dagrun for example_external_task_marker_parent to None, run_after=None
[2024-09-21T08:07:16.156+0000] {processor.py:208} INFO - Processing /home/airflow/.local/lib/python3.12/site-packages/airflow/example_dags/example_external_task_marker_dag.py took 0.138 seconds
[2024-09-21T08:07:46.395+0000] {processor.py:186} INFO - Started process (PID=841) to work on /home/airflow/.local/lib/python3.12/site-packages/airflow/example_dags/example_external_task_marker_dag.py
[2024-09-21T08:07:46.398+0000] {processor.py:914} INFO - Processing file /home/airflow/.local/lib/python3.12/site-packages/airflow/example_dags/example_external_task_marker_dag.py for tasks to queue
[2024-09-21T08:07:46.403+0000] {logging_mixin.py:190} INFO - [2024-09-21T08:07:46.402+0000] {dagbag.py:587} INFO - Filling up the DagBag from /home/airflow/.local/lib/python3.12/site-packages/airflow/example_dags/example_external_task_marker_dag.py
[2024-09-21T08:07:46.420+0000] {processor.py:925} INFO - DAG(s) 'example_external_task_marker_parent', 'example_external_task_marker_child' retrieved from /home/airflow/.local/lib/python3.12/site-packages/airflow/example_dags/example_external_task_marker_dag.py
[2024-09-21T08:07:46.468+0000] {logging_mixin.py:190} INFO - [2024-09-21T08:07:46.468+0000] {dag.py:3229} INFO - Sync 2 DAGs
[2024-09-21T08:07:46.501+0000] {logging_mixin.py:190} INFO - [2024-09-21T08:07:46.500+0000] {dag.py:4156} INFO - Setting next_dagrun for example_external_task_marker_child to None, run_after=None
[2024-09-21T08:07:46.513+0000] {logging_mixin.py:190} INFO - [2024-09-21T08:07:46.511+0000] {dag.py:4156} INFO - Setting next_dagrun for example_external_task_marker_parent to None, run_after=None
[2024-09-21T08:07:46.551+0000] {processor.py:208} INFO - Processing /home/airflow/.local/lib/python3.12/site-packages/airflow/example_dags/example_external_task_marker_dag.py took 0.165 seconds
[2024-09-21T08:08:16.766+0000] {processor.py:186} INFO - Started process (PID=905) to work on /home/airflow/.local/lib/python3.12/site-packages/airflow/example_dags/example_external_task_marker_dag.py
[2024-09-21T08:08:16.767+0000] {processor.py:914} INFO - Processing file /home/airflow/.local/lib/python3.12/site-packages/airflow/example_dags/example_external_task_marker_dag.py for tasks to queue
[2024-09-21T08:08:16.771+0000] {logging_mixin.py:190} INFO - [2024-09-21T08:08:16.770+0000] {dagbag.py:587} INFO - Filling up the DagBag from /home/airflow/.local/lib/python3.12/site-packages/airflow/example_dags/example_external_task_marker_dag.py
[2024-09-21T08:08:16.780+0000] {processor.py:925} INFO - DAG(s) 'example_external_task_marker_parent', 'example_external_task_marker_child' retrieved from /home/airflow/.local/lib/python3.12/site-packages/airflow/example_dags/example_external_task_marker_dag.py
[2024-09-21T08:08:16.813+0000] {logging_mixin.py:190} INFO - [2024-09-21T08:08:16.812+0000] {dag.py:3229} INFO - Sync 2 DAGs
[2024-09-21T08:08:16.833+0000] {logging_mixin.py:190} INFO - [2024-09-21T08:08:16.833+0000] {dag.py:4156} INFO - Setting next_dagrun for example_external_task_marker_child to None, run_after=None
[2024-09-21T08:08:16.839+0000] {logging_mixin.py:190} INFO - [2024-09-21T08:08:16.839+0000] {dag.py:4156} INFO - Setting next_dagrun for example_external_task_marker_parent to None, run_after=None
[2024-09-21T08:08:16.866+0000] {processor.py:208} INFO - Processing /home/airflow/.local/lib/python3.12/site-packages/airflow/example_dags/example_external_task_marker_dag.py took 0.107 seconds
[2024-09-21T08:08:47.447+0000] {processor.py:186} INFO - Started process (PID=969) to work on /home/airflow/.local/lib/python3.12/site-packages/airflow/example_dags/example_external_task_marker_dag.py
[2024-09-21T08:08:47.449+0000] {processor.py:914} INFO - Processing file /home/airflow/.local/lib/python3.12/site-packages/airflow/example_dags/example_external_task_marker_dag.py for tasks to queue
[2024-09-21T08:08:47.458+0000] {logging_mixin.py:190} INFO - [2024-09-21T08:08:47.455+0000] {dagbag.py:587} INFO - Filling up the DagBag from /home/airflow/.local/lib/python3.12/site-packages/airflow/example_dags/example_external_task_marker_dag.py
[2024-09-21T08:08:47.491+0000] {processor.py:925} INFO - DAG(s) 'example_external_task_marker_parent', 'example_external_task_marker_child' retrieved from /home/airflow/.local/lib/python3.12/site-packages/airflow/example_dags/example_external_task_marker_dag.py
[2024-09-21T08:08:47.549+0000] {logging_mixin.py:190} INFO - [2024-09-21T08:08:47.548+0000] {dag.py:3229} INFO - Sync 2 DAGs
[2024-09-21T08:08:47.574+0000] {logging_mixin.py:190} INFO - [2024-09-21T08:08:47.573+0000] {dag.py:4156} INFO - Setting next_dagrun for example_external_task_marker_child to None, run_after=None
[2024-09-21T08:08:47.581+0000] {logging_mixin.py:190} INFO - [2024-09-21T08:08:47.581+0000] {dag.py:4156} INFO - Setting next_dagrun for example_external_task_marker_parent to None, run_after=None
[2024-09-21T08:08:47.623+0000] {processor.py:208} INFO - Processing /home/airflow/.local/lib/python3.12/site-packages/airflow/example_dags/example_external_task_marker_dag.py took 0.188 seconds
[2024-09-21T08:09:17.720+0000] {processor.py:186} INFO - Started process (PID=1033) to work on /home/airflow/.local/lib/python3.12/site-packages/airflow/example_dags/example_external_task_marker_dag.py
[2024-09-21T08:09:17.721+0000] {processor.py:914} INFO - Processing file /home/airflow/.local/lib/python3.12/site-packages/airflow/example_dags/example_external_task_marker_dag.py for tasks to queue
[2024-09-21T08:09:17.725+0000] {logging_mixin.py:190} INFO - [2024-09-21T08:09:17.724+0000] {dagbag.py:587} INFO - Filling up the DagBag from /home/airflow/.local/lib/python3.12/site-packages/airflow/example_dags/example_external_task_marker_dag.py
[2024-09-21T08:09:17.737+0000] {processor.py:925} INFO - DAG(s) 'example_external_task_marker_parent', 'example_external_task_marker_child' retrieved from /home/airflow/.local/lib/python3.12/site-packages/airflow/example_dags/example_external_task_marker_dag.py
[2024-09-21T08:09:17.774+0000] {logging_mixin.py:190} INFO - [2024-09-21T08:09:17.774+0000] {dag.py:3229} INFO - Sync 2 DAGs
[2024-09-21T08:09:17.799+0000] {logging_mixin.py:190} INFO - [2024-09-21T08:09:17.798+0000] {dag.py:4156} INFO - Setting next_dagrun for example_external_task_marker_child to None, run_after=None
[2024-09-21T08:09:17.804+0000] {logging_mixin.py:190} INFO - [2024-09-21T08:09:17.804+0000] {dag.py:4156} INFO - Setting next_dagrun for example_external_task_marker_parent to None, run_after=None
[2024-09-21T08:09:17.834+0000] {processor.py:208} INFO - Processing /home/airflow/.local/lib/python3.12/site-packages/airflow/example_dags/example_external_task_marker_dag.py took 0.122 seconds
[2024-09-21T08:09:48.532+0000] {processor.py:186} INFO - Started process (PID=1097) to work on /home/airflow/.local/lib/python3.12/site-packages/airflow/example_dags/example_external_task_marker_dag.py
[2024-09-21T08:09:48.533+0000] {processor.py:914} INFO - Processing file /home/airflow/.local/lib/python3.12/site-packages/airflow/example_dags/example_external_task_marker_dag.py for tasks to queue
[2024-09-21T08:09:48.536+0000] {logging_mixin.py:190} INFO - [2024-09-21T08:09:48.535+0000] {dagbag.py:587} INFO - Filling up the DagBag from /home/airflow/.local/lib/python3.12/site-packages/airflow/example_dags/example_external_task_marker_dag.py
[2024-09-21T08:09:48.542+0000] {processor.py:925} INFO - DAG(s) 'example_external_task_marker_parent', 'example_external_task_marker_child' retrieved from /home/airflow/.local/lib/python3.12/site-packages/airflow/example_dags/example_external_task_marker_dag.py
[2024-09-21T08:09:48.566+0000] {logging_mixin.py:190} INFO - [2024-09-21T08:09:48.566+0000] {dag.py:3229} INFO - Sync 2 DAGs
[2024-09-21T08:09:48.582+0000] {logging_mixin.py:190} INFO - [2024-09-21T08:09:48.582+0000] {dag.py:4156} INFO - Setting next_dagrun for example_external_task_marker_child to None, run_after=None
[2024-09-21T08:09:48.588+0000] {logging_mixin.py:190} INFO - [2024-09-21T08:09:48.587+0000] {dag.py:4156} INFO - Setting next_dagrun for example_external_task_marker_parent to None, run_after=None
[2024-09-21T08:09:48.607+0000] {processor.py:208} INFO - Processing /home/airflow/.local/lib/python3.12/site-packages/airflow/example_dags/example_external_task_marker_dag.py took 0.080 seconds
[2024-09-21T08:10:20.097+0000] {processor.py:186} INFO - Started process (PID=1165) to work on /home/airflow/.local/lib/python3.12/site-packages/airflow/example_dags/example_external_task_marker_dag.py
[2024-09-21T08:10:20.098+0000] {processor.py:914} INFO - Processing file /home/airflow/.local/lib/python3.12/site-packages/airflow/example_dags/example_external_task_marker_dag.py for tasks to queue
[2024-09-21T08:10:20.102+0000] {logging_mixin.py:190} INFO - [2024-09-21T08:10:20.101+0000] {dagbag.py:587} INFO - Filling up the DagBag from /home/airflow/.local/lib/python3.12/site-packages/airflow/example_dags/example_external_task_marker_dag.py
[2024-09-21T08:10:20.112+0000] {processor.py:925} INFO - DAG(s) 'example_external_task_marker_parent', 'example_external_task_marker_child' retrieved from /home/airflow/.local/lib/python3.12/site-packages/airflow/example_dags/example_external_task_marker_dag.py
[2024-09-21T08:10:20.149+0000] {logging_mixin.py:190} INFO - [2024-09-21T08:10:20.149+0000] {dag.py:3229} INFO - Sync 2 DAGs
[2024-09-21T08:10:20.175+0000] {logging_mixin.py:190} INFO - [2024-09-21T08:10:20.174+0000] {dag.py:4156} INFO - Setting next_dagrun for example_external_task_marker_child to None, run_after=None
[2024-09-21T08:10:20.181+0000] {logging_mixin.py:190} INFO - [2024-09-21T08:10:20.181+0000] {dag.py:4156} INFO - Setting next_dagrun for example_external_task_marker_parent to None, run_after=None
[2024-09-21T08:10:20.208+0000] {processor.py:208} INFO - Processing /home/airflow/.local/lib/python3.12/site-packages/airflow/example_dags/example_external_task_marker_dag.py took 0.119 seconds
[2024-09-21T08:10:52.359+0000] {processor.py:186} INFO - Started process (PID=1229) to work on /home/airflow/.local/lib/python3.12/site-packages/airflow/example_dags/example_external_task_marker_dag.py
[2024-09-21T08:10:52.361+0000] {processor.py:914} INFO - Processing file /home/airflow/.local/lib/python3.12/site-packages/airflow/example_dags/example_external_task_marker_dag.py for tasks to queue
[2024-09-21T08:10:52.369+0000] {logging_mixin.py:190} INFO - [2024-09-21T08:10:52.369+0000] {dagbag.py:587} INFO - Filling up the DagBag from /home/airflow/.local/lib/python3.12/site-packages/airflow/example_dags/example_external_task_marker_dag.py
[2024-09-21T08:10:52.380+0000] {processor.py:925} INFO - DAG(s) 'example_external_task_marker_child', 'example_external_task_marker_parent' retrieved from /home/airflow/.local/lib/python3.12/site-packages/airflow/example_dags/example_external_task_marker_dag.py
[2024-09-21T08:10:52.421+0000] {logging_mixin.py:190} INFO - [2024-09-21T08:10:52.420+0000] {dag.py:3229} INFO - Sync 2 DAGs
[2024-09-21T08:10:52.454+0000] {logging_mixin.py:190} INFO - [2024-09-21T08:10:52.454+0000] {dag.py:4156} INFO - Setting next_dagrun for example_external_task_marker_child to None, run_after=None
[2024-09-21T08:10:52.461+0000] {logging_mixin.py:190} INFO - [2024-09-21T08:10:52.461+0000] {dag.py:4156} INFO - Setting next_dagrun for example_external_task_marker_parent to None, run_after=None
[2024-09-21T08:10:52.488+0000] {processor.py:208} INFO - Processing /home/airflow/.local/lib/python3.12/site-packages/airflow/example_dags/example_external_task_marker_dag.py took 0.136 seconds
[2024-09-21T08:11:23.298+0000] {processor.py:186} INFO - Started process (PID=1294) to work on /home/airflow/.local/lib/python3.12/site-packages/airflow/example_dags/example_external_task_marker_dag.py
[2024-09-21T08:11:23.300+0000] {processor.py:914} INFO - Processing file /home/airflow/.local/lib/python3.12/site-packages/airflow/example_dags/example_external_task_marker_dag.py for tasks to queue
[2024-09-21T08:11:23.303+0000] {logging_mixin.py:190} INFO - [2024-09-21T08:11:23.303+0000] {dagbag.py:587} INFO - Filling up the DagBag from /home/airflow/.local/lib/python3.12/site-packages/airflow/example_dags/example_external_task_marker_dag.py
[2024-09-21T08:11:23.314+0000] {processor.py:925} INFO - DAG(s) 'example_external_task_marker_parent', 'example_external_task_marker_child' retrieved from /home/airflow/.local/lib/python3.12/site-packages/airflow/example_dags/example_external_task_marker_dag.py
[2024-09-21T08:11:23.349+0000] {logging_mixin.py:190} INFO - [2024-09-21T08:11:23.348+0000] {dag.py:3229} INFO - Sync 2 DAGs
[2024-09-21T08:11:23.371+0000] {logging_mixin.py:190} INFO - [2024-09-21T08:11:23.371+0000] {dag.py:4156} INFO - Setting next_dagrun for example_external_task_marker_child to None, run_after=None
[2024-09-21T08:11:23.379+0000] {logging_mixin.py:190} INFO - [2024-09-21T08:11:23.379+0000] {dag.py:4156} INFO - Setting next_dagrun for example_external_task_marker_parent to None, run_after=None
[2024-09-21T08:11:23.406+0000] {processor.py:208} INFO - Processing /home/airflow/.local/lib/python3.12/site-packages/airflow/example_dags/example_external_task_marker_dag.py took 0.115 seconds
[2024-09-21T08:11:53.690+0000] {processor.py:186} INFO - Started process (PID=1358) to work on /home/airflow/.local/lib/python3.12/site-packages/airflow/example_dags/example_external_task_marker_dag.py
[2024-09-21T08:11:53.692+0000] {processor.py:914} INFO - Processing file /home/airflow/.local/lib/python3.12/site-packages/airflow/example_dags/example_external_task_marker_dag.py for tasks to queue
[2024-09-21T08:11:53.696+0000] {logging_mixin.py:190} INFO - [2024-09-21T08:11:53.695+0000] {dagbag.py:587} INFO - Filling up the DagBag from /home/airflow/.local/lib/python3.12/site-packages/airflow/example_dags/example_external_task_marker_dag.py
[2024-09-21T08:11:53.707+0000] {processor.py:925} INFO - DAG(s) 'example_external_task_marker_child', 'example_external_task_marker_parent' retrieved from /home/airflow/.local/lib/python3.12/site-packages/airflow/example_dags/example_external_task_marker_dag.py
[2024-09-21T08:11:53.747+0000] {logging_mixin.py:190} INFO - [2024-09-21T08:11:53.746+0000] {dag.py:3229} INFO - Sync 2 DAGs
[2024-09-21T08:11:53.771+0000] {logging_mixin.py:190} INFO - [2024-09-21T08:11:53.771+0000] {dag.py:4156} INFO - Setting next_dagrun for example_external_task_marker_child to None, run_after=None
[2024-09-21T08:11:53.779+0000] {logging_mixin.py:190} INFO - [2024-09-21T08:11:53.779+0000] {dag.py:4156} INFO - Setting next_dagrun for example_external_task_marker_parent to None, run_after=None
[2024-09-21T08:11:53.813+0000] {processor.py:208} INFO - Processing /home/airflow/.local/lib/python3.12/site-packages/airflow/example_dags/example_external_task_marker_dag.py took 0.131 seconds
[2024-09-21T08:12:24.983+0000] {processor.py:186} INFO - Started process (PID=1422) to work on /home/airflow/.local/lib/python3.12/site-packages/airflow/example_dags/example_external_task_marker_dag.py
[2024-09-21T08:12:24.984+0000] {processor.py:914} INFO - Processing file /home/airflow/.local/lib/python3.12/site-packages/airflow/example_dags/example_external_task_marker_dag.py for tasks to queue
[2024-09-21T08:12:24.990+0000] {logging_mixin.py:190} INFO - [2024-09-21T08:12:24.989+0000] {dagbag.py:587} INFO - Filling up the DagBag from /home/airflow/.local/lib/python3.12/site-packages/airflow/example_dags/example_external_task_marker_dag.py
[2024-09-21T08:12:25.006+0000] {processor.py:925} INFO - DAG(s) 'example_external_task_marker_child', 'example_external_task_marker_parent' retrieved from /home/airflow/.local/lib/python3.12/site-packages/airflow/example_dags/example_external_task_marker_dag.py
[2024-09-21T08:12:25.048+0000] {logging_mixin.py:190} INFO - [2024-09-21T08:12:25.048+0000] {dag.py:3229} INFO - Sync 2 DAGs
[2024-09-21T08:12:25.075+0000] {logging_mixin.py:190} INFO - [2024-09-21T08:12:25.074+0000] {dag.py:4156} INFO - Setting next_dagrun for example_external_task_marker_child to None, run_after=None
[2024-09-21T08:12:25.083+0000] {logging_mixin.py:190} INFO - [2024-09-21T08:12:25.083+0000] {dag.py:4156} INFO - Setting next_dagrun for example_external_task_marker_parent to None, run_after=None
[2024-09-21T08:12:25.120+0000] {processor.py:208} INFO - Processing /home/airflow/.local/lib/python3.12/site-packages/airflow/example_dags/example_external_task_marker_dag.py took 0.147 seconds
[2024-09-21T08:12:55.424+0000] {processor.py:186} INFO - Started process (PID=1487) to work on /home/airflow/.local/lib/python3.12/site-packages/airflow/example_dags/example_external_task_marker_dag.py
[2024-09-21T08:12:55.426+0000] {processor.py:914} INFO - Processing file /home/airflow/.local/lib/python3.12/site-packages/airflow/example_dags/example_external_task_marker_dag.py for tasks to queue
[2024-09-21T08:12:55.429+0000] {logging_mixin.py:190} INFO - [2024-09-21T08:12:55.429+0000] {dagbag.py:587} INFO - Filling up the DagBag from /home/airflow/.local/lib/python3.12/site-packages/airflow/example_dags/example_external_task_marker_dag.py
[2024-09-21T08:12:55.440+0000] {processor.py:925} INFO - DAG(s) 'example_external_task_marker_parent', 'example_external_task_marker_child' retrieved from /home/airflow/.local/lib/python3.12/site-packages/airflow/example_dags/example_external_task_marker_dag.py
[2024-09-21T08:12:55.475+0000] {logging_mixin.py:190} INFO - [2024-09-21T08:12:55.475+0000] {dag.py:3229} INFO - Sync 2 DAGs
[2024-09-21T08:12:55.498+0000] {logging_mixin.py:190} INFO - [2024-09-21T08:12:55.497+0000] {dag.py:4156} INFO - Setting next_dagrun for example_external_task_marker_child to None, run_after=None
[2024-09-21T08:12:55.504+0000] {logging_mixin.py:190} INFO - [2024-09-21T08:12:55.504+0000] {dag.py:4156} INFO - Setting next_dagrun for example_external_task_marker_parent to None, run_after=None
[2024-09-21T08:12:55.531+0000] {processor.py:208} INFO - Processing /home/airflow/.local/lib/python3.12/site-packages/airflow/example_dags/example_external_task_marker_dag.py took 0.114 seconds
[2024-09-21T08:13:26.071+0000] {processor.py:186} INFO - Started process (PID=1551) to work on /home/airflow/.local/lib/python3.12/site-packages/airflow/example_dags/example_external_task_marker_dag.py
[2024-09-21T08:13:26.073+0000] {processor.py:914} INFO - Processing file /home/airflow/.local/lib/python3.12/site-packages/airflow/example_dags/example_external_task_marker_dag.py for tasks to queue
[2024-09-21T08:13:26.077+0000] {logging_mixin.py:190} INFO - [2024-09-21T08:13:26.077+0000] {dagbag.py:587} INFO - Filling up the DagBag from /home/airflow/.local/lib/python3.12/site-packages/airflow/example_dags/example_external_task_marker_dag.py
[2024-09-21T08:13:26.090+0000] {processor.py:925} INFO - DAG(s) 'example_external_task_marker_parent', 'example_external_task_marker_child' retrieved from /home/airflow/.local/lib/python3.12/site-packages/airflow/example_dags/example_external_task_marker_dag.py
[2024-09-21T08:13:26.134+0000] {logging_mixin.py:190} INFO - [2024-09-21T08:13:26.133+0000] {dag.py:3229} INFO - Sync 2 DAGs
[2024-09-21T08:13:26.163+0000] {logging_mixin.py:190} INFO - [2024-09-21T08:13:26.162+0000] {dag.py:4156} INFO - Setting next_dagrun for example_external_task_marker_child to None, run_after=None
[2024-09-21T08:13:26.171+0000] {logging_mixin.py:190} INFO - [2024-09-21T08:13:26.170+0000] {dag.py:4156} INFO - Setting next_dagrun for example_external_task_marker_parent to None, run_after=None
[2024-09-21T08:13:26.203+0000] {processor.py:208} INFO - Processing /home/airflow/.local/lib/python3.12/site-packages/airflow/example_dags/example_external_task_marker_dag.py took 0.140 seconds
[2024-09-21T08:13:57.378+0000] {processor.py:186} INFO - Started process (PID=1615) to work on /home/airflow/.local/lib/python3.12/site-packages/airflow/example_dags/example_external_task_marker_dag.py
[2024-09-21T08:13:57.379+0000] {processor.py:914} INFO - Processing file /home/airflow/.local/lib/python3.12/site-packages/airflow/example_dags/example_external_task_marker_dag.py for tasks to queue
[2024-09-21T08:13:57.384+0000] {logging_mixin.py:190} INFO - [2024-09-21T08:13:57.383+0000] {dagbag.py:587} INFO - Filling up the DagBag from /home/airflow/.local/lib/python3.12/site-packages/airflow/example_dags/example_external_task_marker_dag.py
[2024-09-21T08:13:57.395+0000] {processor.py:925} INFO - DAG(s) 'example_external_task_marker_parent', 'example_external_task_marker_child' retrieved from /home/airflow/.local/lib/python3.12/site-packages/airflow/example_dags/example_external_task_marker_dag.py
[2024-09-21T08:13:57.434+0000] {logging_mixin.py:190} INFO - [2024-09-21T08:13:57.434+0000] {dag.py:3229} INFO - Sync 2 DAGs
[2024-09-21T08:13:57.458+0000] {logging_mixin.py:190} INFO - [2024-09-21T08:13:57.457+0000] {dag.py:4156} INFO - Setting next_dagrun for example_external_task_marker_child to None, run_after=None
[2024-09-21T08:13:57.464+0000] {logging_mixin.py:190} INFO - [2024-09-21T08:13:57.464+0000] {dag.py:4156} INFO - Setting next_dagrun for example_external_task_marker_parent to None, run_after=None
[2024-09-21T08:13:57.493+0000] {processor.py:208} INFO - Processing /home/airflow/.local/lib/python3.12/site-packages/airflow/example_dags/example_external_task_marker_dag.py took 0.123 seconds
[2024-09-21T08:14:28.043+0000] {processor.py:186} INFO - Started process (PID=1679) to work on /home/airflow/.local/lib/python3.12/site-packages/airflow/example_dags/example_external_task_marker_dag.py
[2024-09-21T08:14:28.045+0000] {processor.py:914} INFO - Processing file /home/airflow/.local/lib/python3.12/site-packages/airflow/example_dags/example_external_task_marker_dag.py for tasks to queue
[2024-09-21T08:14:28.050+0000] {logging_mixin.py:190} INFO - [2024-09-21T08:14:28.049+0000] {dagbag.py:587} INFO - Filling up the DagBag from /home/airflow/.local/lib/python3.12/site-packages/airflow/example_dags/example_external_task_marker_dag.py
[2024-09-21T08:14:28.064+0000] {processor.py:925} INFO - DAG(s) 'example_external_task_marker_child', 'example_external_task_marker_parent' retrieved from /home/airflow/.local/lib/python3.12/site-packages/airflow/example_dags/example_external_task_marker_dag.py
[2024-09-21T08:14:28.102+0000] {logging_mixin.py:190} INFO - [2024-09-21T08:14:28.101+0000] {dag.py:3229} INFO - Sync 2 DAGs
[2024-09-21T08:14:28.124+0000] {logging_mixin.py:190} INFO - [2024-09-21T08:14:28.124+0000] {dag.py:4156} INFO - Setting next_dagrun for example_external_task_marker_child to None, run_after=None
[2024-09-21T08:14:28.132+0000] {logging_mixin.py:190} INFO - [2024-09-21T08:14:28.131+0000] {dag.py:4156} INFO - Setting next_dagrun for example_external_task_marker_parent to None, run_after=None
[2024-09-21T08:14:28.165+0000] {processor.py:208} INFO - Processing /home/airflow/.local/lib/python3.12/site-packages/airflow/example_dags/example_external_task_marker_dag.py took 0.130 seconds
[2024-09-21T08:14:58.482+0000] {processor.py:186} INFO - Started process (PID=1743) to work on /home/airflow/.local/lib/python3.12/site-packages/airflow/example_dags/example_external_task_marker_dag.py
[2024-09-21T08:14:58.484+0000] {processor.py:914} INFO - Processing file /home/airflow/.local/lib/python3.12/site-packages/airflow/example_dags/example_external_task_marker_dag.py for tasks to queue
[2024-09-21T08:14:58.488+0000] {logging_mixin.py:190} INFO - [2024-09-21T08:14:58.487+0000] {dagbag.py:587} INFO - Filling up the DagBag from /home/airflow/.local/lib/python3.12/site-packages/airflow/example_dags/example_external_task_marker_dag.py
[2024-09-21T08:14:58.499+0000] {processor.py:925} INFO - DAG(s) 'example_external_task_marker_parent', 'example_external_task_marker_child' retrieved from /home/airflow/.local/lib/python3.12/site-packages/airflow/example_dags/example_external_task_marker_dag.py
[2024-09-21T08:14:58.534+0000] {logging_mixin.py:190} INFO - [2024-09-21T08:14:58.533+0000] {dag.py:3229} INFO - Sync 2 DAGs
[2024-09-21T08:14:58.561+0000] {logging_mixin.py:190} INFO - [2024-09-21T08:14:58.560+0000] {dag.py:4156} INFO - Setting next_dagrun for example_external_task_marker_child to None, run_after=None
[2024-09-21T08:14:58.567+0000] {logging_mixin.py:190} INFO - [2024-09-21T08:14:58.566+0000] {dag.py:4156} INFO - Setting next_dagrun for example_external_task_marker_parent to None, run_after=None
[2024-09-21T08:14:58.593+0000] {processor.py:208} INFO - Processing /home/airflow/.local/lib/python3.12/site-packages/airflow/example_dags/example_external_task_marker_dag.py took 0.118 seconds
[2024-09-21T08:15:30.425+0000] {processor.py:186} INFO - Started process (PID=1808) to work on /home/airflow/.local/lib/python3.12/site-packages/airflow/example_dags/example_external_task_marker_dag.py
[2024-09-21T08:15:30.427+0000] {processor.py:914} INFO - Processing file /home/airflow/.local/lib/python3.12/site-packages/airflow/example_dags/example_external_task_marker_dag.py for tasks to queue
[2024-09-21T08:15:30.430+0000] {logging_mixin.py:190} INFO - [2024-09-21T08:15:30.429+0000] {dagbag.py:587} INFO - Filling up the DagBag from /home/airflow/.local/lib/python3.12/site-packages/airflow/example_dags/example_external_task_marker_dag.py
[2024-09-21T08:15:30.441+0000] {processor.py:925} INFO - DAG(s) 'example_external_task_marker_parent', 'example_external_task_marker_child' retrieved from /home/airflow/.local/lib/python3.12/site-packages/airflow/example_dags/example_external_task_marker_dag.py
[2024-09-21T08:15:30.475+0000] {logging_mixin.py:190} INFO - [2024-09-21T08:15:30.475+0000] {dag.py:3229} INFO - Sync 2 DAGs
[2024-09-21T08:15:30.495+0000] {logging_mixin.py:190} INFO - [2024-09-21T08:15:30.495+0000] {dag.py:4156} INFO - Setting next_dagrun for example_external_task_marker_child to None, run_after=None
[2024-09-21T08:15:30.501+0000] {logging_mixin.py:190} INFO - [2024-09-21T08:15:30.500+0000] {dag.py:4156} INFO - Setting next_dagrun for example_external_task_marker_parent to None, run_after=None
[2024-09-21T08:15:30.532+0000] {processor.py:208} INFO - Processing /home/airflow/.local/lib/python3.12/site-packages/airflow/example_dags/example_external_task_marker_dag.py took 0.115 seconds
[2024-09-21T08:16:02.303+0000] {processor.py:186} INFO - Started process (PID=1873) to work on /home/airflow/.local/lib/python3.12/site-packages/airflow/example_dags/example_external_task_marker_dag.py
[2024-09-21T08:16:02.305+0000] {processor.py:914} INFO - Processing file /home/airflow/.local/lib/python3.12/site-packages/airflow/example_dags/example_external_task_marker_dag.py for tasks to queue
[2024-09-21T08:16:02.309+0000] {logging_mixin.py:190} INFO - [2024-09-21T08:16:02.308+0000] {dagbag.py:587} INFO - Filling up the DagBag from /home/airflow/.local/lib/python3.12/site-packages/airflow/example_dags/example_external_task_marker_dag.py
[2024-09-21T08:16:02.319+0000] {processor.py:925} INFO - DAG(s) 'example_external_task_marker_child', 'example_external_task_marker_parent' retrieved from /home/airflow/.local/lib/python3.12/site-packages/airflow/example_dags/example_external_task_marker_dag.py
[2024-09-21T08:16:02.367+0000] {logging_mixin.py:190} INFO - [2024-09-21T08:16:02.366+0000] {dag.py:3229} INFO - Sync 2 DAGs
[2024-09-21T08:16:02.396+0000] {logging_mixin.py:190} INFO - [2024-09-21T08:16:02.396+0000] {dag.py:4156} INFO - Setting next_dagrun for example_external_task_marker_child to None, run_after=None
[2024-09-21T08:16:02.403+0000] {logging_mixin.py:190} INFO - [2024-09-21T08:16:02.402+0000] {dag.py:4156} INFO - Setting next_dagrun for example_external_task_marker_parent to None, run_after=None
[2024-09-21T08:16:02.428+0000] {processor.py:208} INFO - Processing /home/airflow/.local/lib/python3.12/site-packages/airflow/example_dags/example_external_task_marker_dag.py took 0.132 seconds
[2024-09-21T08:16:37.989+0000] {processor.py:186} INFO - Started process (PID=1938) to work on /home/airflow/.local/lib/python3.12/site-packages/airflow/example_dags/example_external_task_marker_dag.py
[2024-09-21T08:16:37.991+0000] {processor.py:914} INFO - Processing file /home/airflow/.local/lib/python3.12/site-packages/airflow/example_dags/example_external_task_marker_dag.py for tasks to queue
[2024-09-21T08:16:37.995+0000] {logging_mixin.py:190} INFO - [2024-09-21T08:16:37.995+0000] {dagbag.py:587} INFO - Filling up the DagBag from /home/airflow/.local/lib/python3.12/site-packages/airflow/example_dags/example_external_task_marker_dag.py
[2024-09-21T08:16:38.004+0000] {processor.py:925} INFO - DAG(s) 'example_external_task_marker_child', 'example_external_task_marker_parent' retrieved from /home/airflow/.local/lib/python3.12/site-packages/airflow/example_dags/example_external_task_marker_dag.py
[2024-09-21T08:16:38.028+0000] {logging_mixin.py:190} INFO - [2024-09-21T08:16:38.028+0000] {dag.py:3229} INFO - Sync 2 DAGs
[2024-09-21T08:16:38.045+0000] {logging_mixin.py:190} INFO - [2024-09-21T08:16:38.044+0000] {dag.py:4156} INFO - Setting next_dagrun for example_external_task_marker_child to None, run_after=None
[2024-09-21T08:16:38.049+0000] {logging_mixin.py:190} INFO - [2024-09-21T08:16:38.049+0000] {dag.py:4156} INFO - Setting next_dagrun for example_external_task_marker_parent to None, run_after=None
[2024-09-21T08:16:38.071+0000] {processor.py:208} INFO - Processing /home/airflow/.local/lib/python3.12/site-packages/airflow/example_dags/example_external_task_marker_dag.py took 0.087 seconds
[2024-09-21T08:17:08.678+0000] {processor.py:186} INFO - Started process (PID=2001) to work on /home/airflow/.local/lib/python3.12/site-packages/airflow/example_dags/example_external_task_marker_dag.py
[2024-09-21T08:17:08.680+0000] {processor.py:914} INFO - Processing file /home/airflow/.local/lib/python3.12/site-packages/airflow/example_dags/example_external_task_marker_dag.py for tasks to queue
[2024-09-21T08:17:08.683+0000] {logging_mixin.py:190} INFO - [2024-09-21T08:17:08.683+0000] {dagbag.py:587} INFO - Filling up the DagBag from /home/airflow/.local/lib/python3.12/site-packages/airflow/example_dags/example_external_task_marker_dag.py
[2024-09-21T08:17:08.696+0000] {processor.py:925} INFO - DAG(s) 'example_external_task_marker_child', 'example_external_task_marker_parent' retrieved from /home/airflow/.local/lib/python3.12/site-packages/airflow/example_dags/example_external_task_marker_dag.py
[2024-09-21T08:17:08.734+0000] {logging_mixin.py:190} INFO - [2024-09-21T08:17:08.734+0000] {dag.py:3229} INFO - Sync 2 DAGs
[2024-09-21T08:17:08.757+0000] {logging_mixin.py:190} INFO - [2024-09-21T08:17:08.756+0000] {dag.py:4156} INFO - Setting next_dagrun for example_external_task_marker_child to None, run_after=None
[2024-09-21T08:17:08.764+0000] {logging_mixin.py:190} INFO - [2024-09-21T08:17:08.763+0000] {dag.py:4156} INFO - Setting next_dagrun for example_external_task_marker_parent to None, run_after=None
[2024-09-21T08:17:08.791+0000] {processor.py:208} INFO - Processing /home/airflow/.local/lib/python3.12/site-packages/airflow/example_dags/example_external_task_marker_dag.py took 0.120 seconds
[2024-09-21T08:17:40.121+0000] {processor.py:186} INFO - Started process (PID=2065) to work on /home/airflow/.local/lib/python3.12/site-packages/airflow/example_dags/example_external_task_marker_dag.py
[2024-09-21T08:17:40.122+0000] {processor.py:914} INFO - Processing file /home/airflow/.local/lib/python3.12/site-packages/airflow/example_dags/example_external_task_marker_dag.py for tasks to queue
[2024-09-21T08:17:40.126+0000] {logging_mixin.py:190} INFO - [2024-09-21T08:17:40.125+0000] {dagbag.py:587} INFO - Filling up the DagBag from /home/airflow/.local/lib/python3.12/site-packages/airflow/example_dags/example_external_task_marker_dag.py
[2024-09-21T08:17:40.136+0000] {processor.py:925} INFO - DAG(s) 'example_external_task_marker_child', 'example_external_task_marker_parent' retrieved from /home/airflow/.local/lib/python3.12/site-packages/airflow/example_dags/example_external_task_marker_dag.py
[2024-09-21T08:17:40.171+0000] {logging_mixin.py:190} INFO - [2024-09-21T08:17:40.171+0000] {dag.py:3229} INFO - Sync 2 DAGs
[2024-09-21T08:17:40.191+0000] {logging_mixin.py:190} INFO - [2024-09-21T08:17:40.190+0000] {dag.py:4156} INFO - Setting next_dagrun for example_external_task_marker_child to None, run_after=None
[2024-09-21T08:17:40.196+0000] {logging_mixin.py:190} INFO - [2024-09-21T08:17:40.196+0000] {dag.py:4156} INFO - Setting next_dagrun for example_external_task_marker_parent to None, run_after=None
[2024-09-21T08:17:40.220+0000] {processor.py:208} INFO - Processing /home/airflow/.local/lib/python3.12/site-packages/airflow/example_dags/example_external_task_marker_dag.py took 0.106 seconds
[2024-09-21T08:18:11.875+0000] {processor.py:186} INFO - Started process (PID=2136) to work on /home/airflow/.local/lib/python3.12/site-packages/airflow/example_dags/example_external_task_marker_dag.py
[2024-09-21T08:18:11.877+0000] {processor.py:914} INFO - Processing file /home/airflow/.local/lib/python3.12/site-packages/airflow/example_dags/example_external_task_marker_dag.py for tasks to queue
[2024-09-21T08:18:11.880+0000] {logging_mixin.py:190} INFO - [2024-09-21T08:18:11.880+0000] {dagbag.py:587} INFO - Filling up the DagBag from /home/airflow/.local/lib/python3.12/site-packages/airflow/example_dags/example_external_task_marker_dag.py
[2024-09-21T08:18:11.892+0000] {processor.py:925} INFO - DAG(s) 'example_external_task_marker_parent', 'example_external_task_marker_child' retrieved from /home/airflow/.local/lib/python3.12/site-packages/airflow/example_dags/example_external_task_marker_dag.py
[2024-09-21T08:18:11.926+0000] {logging_mixin.py:190} INFO - [2024-09-21T08:18:11.926+0000] {dag.py:3229} INFO - Sync 2 DAGs
[2024-09-21T08:18:11.948+0000] {logging_mixin.py:190} INFO - [2024-09-21T08:18:11.947+0000] {dag.py:4156} INFO - Setting next_dagrun for example_external_task_marker_child to None, run_after=None
[2024-09-21T08:18:11.954+0000] {logging_mixin.py:190} INFO - [2024-09-21T08:18:11.953+0000] {dag.py:4156} INFO - Setting next_dagrun for example_external_task_marker_parent to None, run_after=None
[2024-09-21T08:18:11.978+0000] {processor.py:208} INFO - Processing /home/airflow/.local/lib/python3.12/site-packages/airflow/example_dags/example_external_task_marker_dag.py took 0.114 seconds
[2024-09-21T08:18:43.822+0000] {processor.py:186} INFO - Started process (PID=2200) to work on /home/airflow/.local/lib/python3.12/site-packages/airflow/example_dags/example_external_task_marker_dag.py
[2024-09-21T08:18:43.823+0000] {processor.py:914} INFO - Processing file /home/airflow/.local/lib/python3.12/site-packages/airflow/example_dags/example_external_task_marker_dag.py for tasks to queue
[2024-09-21T08:18:43.827+0000] {logging_mixin.py:190} INFO - [2024-09-21T08:18:43.826+0000] {dagbag.py:587} INFO - Filling up the DagBag from /home/airflow/.local/lib/python3.12/site-packages/airflow/example_dags/example_external_task_marker_dag.py
[2024-09-21T08:18:43.838+0000] {processor.py:925} INFO - DAG(s) 'example_external_task_marker_child', 'example_external_task_marker_parent' retrieved from /home/airflow/.local/lib/python3.12/site-packages/airflow/example_dags/example_external_task_marker_dag.py
[2024-09-21T08:18:43.872+0000] {logging_mixin.py:190} INFO - [2024-09-21T08:18:43.872+0000] {dag.py:3229} INFO - Sync 2 DAGs
[2024-09-21T08:18:43.896+0000] {logging_mixin.py:190} INFO - [2024-09-21T08:18:43.895+0000] {dag.py:4156} INFO - Setting next_dagrun for example_external_task_marker_child to None, run_after=None
[2024-09-21T08:18:43.903+0000] {logging_mixin.py:190} INFO - [2024-09-21T08:18:43.903+0000] {dag.py:4156} INFO - Setting next_dagrun for example_external_task_marker_parent to None, run_after=None
[2024-09-21T08:18:43.933+0000] {processor.py:208} INFO - Processing /home/airflow/.local/lib/python3.12/site-packages/airflow/example_dags/example_external_task_marker_dag.py took 0.119 seconds
[2024-09-21T08:19:14.923+0000] {processor.py:186} INFO - Started process (PID=2263) to work on /home/airflow/.local/lib/python3.12/site-packages/airflow/example_dags/example_external_task_marker_dag.py
[2024-09-21T08:19:14.924+0000] {processor.py:914} INFO - Processing file /home/airflow/.local/lib/python3.12/site-packages/airflow/example_dags/example_external_task_marker_dag.py for tasks to queue
[2024-09-21T08:19:14.927+0000] {logging_mixin.py:190} INFO - [2024-09-21T08:19:14.927+0000] {dagbag.py:587} INFO - Filling up the DagBag from /home/airflow/.local/lib/python3.12/site-packages/airflow/example_dags/example_external_task_marker_dag.py
[2024-09-21T08:19:14.937+0000] {processor.py:925} INFO - DAG(s) 'example_external_task_marker_parent', 'example_external_task_marker_child' retrieved from /home/airflow/.local/lib/python3.12/site-packages/airflow/example_dags/example_external_task_marker_dag.py
[2024-09-21T08:19:14.974+0000] {logging_mixin.py:190} INFO - [2024-09-21T08:19:14.974+0000] {dag.py:3229} INFO - Sync 2 DAGs
[2024-09-21T08:19:14.997+0000] {logging_mixin.py:190} INFO - [2024-09-21T08:19:14.996+0000] {dag.py:4156} INFO - Setting next_dagrun for example_external_task_marker_child to None, run_after=None
[2024-09-21T08:19:15.004+0000] {logging_mixin.py:190} INFO - [2024-09-21T08:19:15.004+0000] {dag.py:4156} INFO - Setting next_dagrun for example_external_task_marker_parent to None, run_after=None
[2024-09-21T08:19:15.031+0000] {processor.py:208} INFO - Processing /home/airflow/.local/lib/python3.12/site-packages/airflow/example_dags/example_external_task_marker_dag.py took 0.116 seconds
[2024-09-21T08:19:46.900+0000] {processor.py:186} INFO - Started process (PID=2329) to work on /home/airflow/.local/lib/python3.12/site-packages/airflow/example_dags/example_external_task_marker_dag.py
[2024-09-21T08:19:46.902+0000] {processor.py:914} INFO - Processing file /home/airflow/.local/lib/python3.12/site-packages/airflow/example_dags/example_external_task_marker_dag.py for tasks to queue
[2024-09-21T08:19:46.905+0000] {logging_mixin.py:190} INFO - [2024-09-21T08:19:46.905+0000] {dagbag.py:587} INFO - Filling up the DagBag from /home/airflow/.local/lib/python3.12/site-packages/airflow/example_dags/example_external_task_marker_dag.py
[2024-09-21T08:19:46.915+0000] {processor.py:925} INFO - DAG(s) 'example_external_task_marker_parent', 'example_external_task_marker_child' retrieved from /home/airflow/.local/lib/python3.12/site-packages/airflow/example_dags/example_external_task_marker_dag.py
[2024-09-21T08:19:46.951+0000] {logging_mixin.py:190} INFO - [2024-09-21T08:19:46.950+0000] {dag.py:3229} INFO - Sync 2 DAGs
[2024-09-21T08:19:46.974+0000] {logging_mixin.py:190} INFO - [2024-09-21T08:19:46.973+0000] {dag.py:4156} INFO - Setting next_dagrun for example_external_task_marker_child to None, run_after=None
[2024-09-21T08:19:46.981+0000] {logging_mixin.py:190} INFO - [2024-09-21T08:19:46.980+0000] {dag.py:4156} INFO - Setting next_dagrun for example_external_task_marker_parent to None, run_after=None
[2024-09-21T08:19:47.012+0000] {processor.py:208} INFO - Processing /home/airflow/.local/lib/python3.12/site-packages/airflow/example_dags/example_external_task_marker_dag.py took 0.118 seconds
[2024-09-21T08:20:18.332+0000] {processor.py:186} INFO - Started process (PID=2401) to work on /home/airflow/.local/lib/python3.12/site-packages/airflow/example_dags/example_external_task_marker_dag.py
[2024-09-21T08:20:18.335+0000] {processor.py:914} INFO - Processing file /home/airflow/.local/lib/python3.12/site-packages/airflow/example_dags/example_external_task_marker_dag.py for tasks to queue
[2024-09-21T08:20:18.339+0000] {logging_mixin.py:190} INFO - [2024-09-21T08:20:18.338+0000] {dagbag.py:587} INFO - Filling up the DagBag from /home/airflow/.local/lib/python3.12/site-packages/airflow/example_dags/example_external_task_marker_dag.py
[2024-09-21T08:20:18.352+0000] {processor.py:925} INFO - DAG(s) 'example_external_task_marker_child', 'example_external_task_marker_parent' retrieved from /home/airflow/.local/lib/python3.12/site-packages/airflow/example_dags/example_external_task_marker_dag.py
[2024-09-21T08:20:18.388+0000] {logging_mixin.py:190} INFO - [2024-09-21T08:20:18.387+0000] {dag.py:3229} INFO - Sync 2 DAGs
[2024-09-21T08:20:18.410+0000] {logging_mixin.py:190} INFO - [2024-09-21T08:20:18.410+0000] {dag.py:4156} INFO - Setting next_dagrun for example_external_task_marker_child to None, run_after=None
[2024-09-21T08:20:18.417+0000] {logging_mixin.py:190} INFO - [2024-09-21T08:20:18.417+0000] {dag.py:4156} INFO - Setting next_dagrun for example_external_task_marker_parent to None, run_after=None
[2024-09-21T08:20:18.450+0000] {processor.py:208} INFO - Processing /home/airflow/.local/lib/python3.12/site-packages/airflow/example_dags/example_external_task_marker_dag.py took 0.127 seconds
[2024-09-21T08:20:50.884+0000] {processor.py:186} INFO - Started process (PID=2465) to work on /home/airflow/.local/lib/python3.12/site-packages/airflow/example_dags/example_external_task_marker_dag.py
[2024-09-21T08:20:50.886+0000] {processor.py:914} INFO - Processing file /home/airflow/.local/lib/python3.12/site-packages/airflow/example_dags/example_external_task_marker_dag.py for tasks to queue
[2024-09-21T08:20:50.890+0000] {logging_mixin.py:190} INFO - [2024-09-21T08:20:50.890+0000] {dagbag.py:587} INFO - Filling up the DagBag from /home/airflow/.local/lib/python3.12/site-packages/airflow/example_dags/example_external_task_marker_dag.py
[2024-09-21T08:20:50.912+0000] {processor.py:925} INFO - DAG(s) 'example_external_task_marker_child', 'example_external_task_marker_parent' retrieved from /home/airflow/.local/lib/python3.12/site-packages/airflow/example_dags/example_external_task_marker_dag.py
[2024-09-21T08:20:50.952+0000] {logging_mixin.py:190} INFO - [2024-09-21T08:20:50.952+0000] {dag.py:3229} INFO - Sync 2 DAGs
[2024-09-21T08:20:50.978+0000] {logging_mixin.py:190} INFO - [2024-09-21T08:20:50.977+0000] {dag.py:4156} INFO - Setting next_dagrun for example_external_task_marker_child to None, run_after=None
[2024-09-21T08:20:50.985+0000] {logging_mixin.py:190} INFO - [2024-09-21T08:20:50.984+0000] {dag.py:4156} INFO - Setting next_dagrun for example_external_task_marker_parent to None, run_after=None
[2024-09-21T08:20:51.018+0000] {processor.py:208} INFO - Processing /home/airflow/.local/lib/python3.12/site-packages/airflow/example_dags/example_external_task_marker_dag.py took 0.142 seconds
[2024-09-21T08:21:22.394+0000] {processor.py:186} INFO - Started process (PID=2529) to work on /home/airflow/.local/lib/python3.12/site-packages/airflow/example_dags/example_external_task_marker_dag.py
[2024-09-21T08:21:22.396+0000] {processor.py:914} INFO - Processing file /home/airflow/.local/lib/python3.12/site-packages/airflow/example_dags/example_external_task_marker_dag.py for tasks to queue
[2024-09-21T08:21:22.399+0000] {logging_mixin.py:190} INFO - [2024-09-21T08:21:22.399+0000] {dagbag.py:587} INFO - Filling up the DagBag from /home/airflow/.local/lib/python3.12/site-packages/airflow/example_dags/example_external_task_marker_dag.py
[2024-09-21T08:21:22.411+0000] {processor.py:925} INFO - DAG(s) 'example_external_task_marker_parent', 'example_external_task_marker_child' retrieved from /home/airflow/.local/lib/python3.12/site-packages/airflow/example_dags/example_external_task_marker_dag.py
[2024-09-21T08:21:22.446+0000] {logging_mixin.py:190} INFO - [2024-09-21T08:21:22.446+0000] {dag.py:3229} INFO - Sync 2 DAGs
[2024-09-21T08:21:22.470+0000] {logging_mixin.py:190} INFO - [2024-09-21T08:21:22.470+0000] {dag.py:4156} INFO - Setting next_dagrun for example_external_task_marker_child to None, run_after=None
[2024-09-21T08:21:22.476+0000] {logging_mixin.py:190} INFO - [2024-09-21T08:21:22.476+0000] {dag.py:4156} INFO - Setting next_dagrun for example_external_task_marker_parent to None, run_after=None
[2024-09-21T08:21:22.503+0000] {processor.py:208} INFO - Processing /home/airflow/.local/lib/python3.12/site-packages/airflow/example_dags/example_external_task_marker_dag.py took 0.116 seconds
[2024-09-21T08:21:53.384+0000] {processor.py:186} INFO - Started process (PID=2593) to work on /home/airflow/.local/lib/python3.12/site-packages/airflow/example_dags/example_external_task_marker_dag.py
[2024-09-21T08:21:53.386+0000] {processor.py:914} INFO - Processing file /home/airflow/.local/lib/python3.12/site-packages/airflow/example_dags/example_external_task_marker_dag.py for tasks to queue
[2024-09-21T08:21:53.391+0000] {logging_mixin.py:190} INFO - [2024-09-21T08:21:53.390+0000] {dagbag.py:587} INFO - Filling up the DagBag from /home/airflow/.local/lib/python3.12/site-packages/airflow/example_dags/example_external_task_marker_dag.py
[2024-09-21T08:21:53.402+0000] {processor.py:925} INFO - DAG(s) 'example_external_task_marker_child', 'example_external_task_marker_parent' retrieved from /home/airflow/.local/lib/python3.12/site-packages/airflow/example_dags/example_external_task_marker_dag.py
[2024-09-21T08:21:53.441+0000] {logging_mixin.py:190} INFO - [2024-09-21T08:21:53.441+0000] {dag.py:3229} INFO - Sync 2 DAGs
[2024-09-21T08:21:53.467+0000] {logging_mixin.py:190} INFO - [2024-09-21T08:21:53.467+0000] {dag.py:4156} INFO - Setting next_dagrun for example_external_task_marker_child to None, run_after=None
[2024-09-21T08:21:53.474+0000] {logging_mixin.py:190} INFO - [2024-09-21T08:21:53.474+0000] {dag.py:4156} INFO - Setting next_dagrun for example_external_task_marker_parent to None, run_after=None
[2024-09-21T08:21:53.507+0000] {processor.py:208} INFO - Processing /home/airflow/.local/lib/python3.12/site-packages/airflow/example_dags/example_external_task_marker_dag.py took 0.131 seconds
[2024-09-21T08:22:24.495+0000] {processor.py:186} INFO - Started process (PID=2658) to work on /home/airflow/.local/lib/python3.12/site-packages/airflow/example_dags/example_external_task_marker_dag.py
[2024-09-21T08:22:24.496+0000] {processor.py:914} INFO - Processing file /home/airflow/.local/lib/python3.12/site-packages/airflow/example_dags/example_external_task_marker_dag.py for tasks to queue
[2024-09-21T08:22:24.500+0000] {logging_mixin.py:190} INFO - [2024-09-21T08:22:24.499+0000] {dagbag.py:587} INFO - Filling up the DagBag from /home/airflow/.local/lib/python3.12/site-packages/airflow/example_dags/example_external_task_marker_dag.py
[2024-09-21T08:22:24.515+0000] {processor.py:925} INFO - DAG(s) 'example_external_task_marker_child', 'example_external_task_marker_parent' retrieved from /home/airflow/.local/lib/python3.12/site-packages/airflow/example_dags/example_external_task_marker_dag.py
[2024-09-21T08:22:24.550+0000] {logging_mixin.py:190} INFO - [2024-09-21T08:22:24.549+0000] {dag.py:3229} INFO - Sync 2 DAGs
[2024-09-21T08:22:24.571+0000] {logging_mixin.py:190} INFO - [2024-09-21T08:22:24.571+0000] {dag.py:4156} INFO - Setting next_dagrun for example_external_task_marker_child to None, run_after=None
[2024-09-21T08:22:24.577+0000] {logging_mixin.py:190} INFO - [2024-09-21T08:22:24.577+0000] {dag.py:4156} INFO - Setting next_dagrun for example_external_task_marker_parent to None, run_after=None
[2024-09-21T08:22:24.605+0000] {processor.py:208} INFO - Processing /home/airflow/.local/lib/python3.12/site-packages/airflow/example_dags/example_external_task_marker_dag.py took 0.117 seconds
[2024-09-21T08:22:54.698+0000] {processor.py:186} INFO - Started process (PID=2721) to work on /home/airflow/.local/lib/python3.12/site-packages/airflow/example_dags/example_external_task_marker_dag.py
[2024-09-21T08:22:54.700+0000] {processor.py:914} INFO - Processing file /home/airflow/.local/lib/python3.12/site-packages/airflow/example_dags/example_external_task_marker_dag.py for tasks to queue
[2024-09-21T08:22:54.705+0000] {logging_mixin.py:190} INFO - [2024-09-21T08:22:54.705+0000] {dagbag.py:587} INFO - Filling up the DagBag from /home/airflow/.local/lib/python3.12/site-packages/airflow/example_dags/example_external_task_marker_dag.py
[2024-09-21T08:22:54.726+0000] {processor.py:925} INFO - DAG(s) 'example_external_task_marker_child', 'example_external_task_marker_parent' retrieved from /home/airflow/.local/lib/python3.12/site-packages/airflow/example_dags/example_external_task_marker_dag.py
[2024-09-21T08:22:54.794+0000] {logging_mixin.py:190} INFO - [2024-09-21T08:22:54.793+0000] {dag.py:3229} INFO - Sync 2 DAGs
[2024-09-21T08:22:54.821+0000] {logging_mixin.py:190} INFO - [2024-09-21T08:22:54.820+0000] {dag.py:4156} INFO - Setting next_dagrun for example_external_task_marker_child to None, run_after=None
[2024-09-21T08:22:54.829+0000] {logging_mixin.py:190} INFO - [2024-09-21T08:22:54.828+0000] {dag.py:4156} INFO - Setting next_dagrun for example_external_task_marker_parent to None, run_after=None
[2024-09-21T08:22:54.868+0000] {processor.py:208} INFO - Processing /home/airflow/.local/lib/python3.12/site-packages/airflow/example_dags/example_external_task_marker_dag.py took 0.185 seconds
[2024-09-21T08:23:27.055+0000] {processor.py:186} INFO - Started process (PID=2786) to work on /home/airflow/.local/lib/python3.12/site-packages/airflow/example_dags/example_external_task_marker_dag.py
[2024-09-21T08:23:27.057+0000] {processor.py:914} INFO - Processing file /home/airflow/.local/lib/python3.12/site-packages/airflow/example_dags/example_external_task_marker_dag.py for tasks to queue
[2024-09-21T08:23:27.060+0000] {logging_mixin.py:190} INFO - [2024-09-21T08:23:27.060+0000] {dagbag.py:587} INFO - Filling up the DagBag from /home/airflow/.local/lib/python3.12/site-packages/airflow/example_dags/example_external_task_marker_dag.py
[2024-09-21T08:23:27.071+0000] {processor.py:925} INFO - DAG(s) 'example_external_task_marker_parent', 'example_external_task_marker_child' retrieved from /home/airflow/.local/lib/python3.12/site-packages/airflow/example_dags/example_external_task_marker_dag.py
[2024-09-21T08:23:27.105+0000] {logging_mixin.py:190} INFO - [2024-09-21T08:23:27.104+0000] {dag.py:3229} INFO - Sync 2 DAGs
[2024-09-21T08:23:27.127+0000] {logging_mixin.py:190} INFO - [2024-09-21T08:23:27.127+0000] {dag.py:4156} INFO - Setting next_dagrun for example_external_task_marker_child to None, run_after=None
[2024-09-21T08:23:27.134+0000] {logging_mixin.py:190} INFO - [2024-09-21T08:23:27.134+0000] {dag.py:4156} INFO - Setting next_dagrun for example_external_task_marker_parent to None, run_after=None
[2024-09-21T08:23:27.163+0000] {processor.py:208} INFO - Processing /home/airflow/.local/lib/python3.12/site-packages/airflow/example_dags/example_external_task_marker_dag.py took 0.115 seconds
[2024-09-21T08:23:57.940+0000] {processor.py:186} INFO - Started process (PID=2849) to work on /home/airflow/.local/lib/python3.12/site-packages/airflow/example_dags/example_external_task_marker_dag.py
[2024-09-21T08:23:57.942+0000] {processor.py:914} INFO - Processing file /home/airflow/.local/lib/python3.12/site-packages/airflow/example_dags/example_external_task_marker_dag.py for tasks to queue
[2024-09-21T08:23:57.946+0000] {logging_mixin.py:190} INFO - [2024-09-21T08:23:57.946+0000] {dagbag.py:587} INFO - Filling up the DagBag from /home/airflow/.local/lib/python3.12/site-packages/airflow/example_dags/example_external_task_marker_dag.py
[2024-09-21T08:23:57.955+0000] {processor.py:925} INFO - DAG(s) 'example_external_task_marker_child', 'example_external_task_marker_parent' retrieved from /home/airflow/.local/lib/python3.12/site-packages/airflow/example_dags/example_external_task_marker_dag.py
[2024-09-21T08:23:57.985+0000] {logging_mixin.py:190} INFO - [2024-09-21T08:23:57.985+0000] {dag.py:3229} INFO - Sync 2 DAGs
[2024-09-21T08:23:58.006+0000] {logging_mixin.py:190} INFO - [2024-09-21T08:23:58.006+0000] {dag.py:4156} INFO - Setting next_dagrun for example_external_task_marker_child to None, run_after=None
[2024-09-21T08:23:58.013+0000] {logging_mixin.py:190} INFO - [2024-09-21T08:23:58.012+0000] {dag.py:4156} INFO - Setting next_dagrun for example_external_task_marker_parent to None, run_after=None
[2024-09-21T08:23:58.043+0000] {processor.py:208} INFO - Processing /home/airflow/.local/lib/python3.12/site-packages/airflow/example_dags/example_external_task_marker_dag.py took 0.109 seconds
[2024-09-21T08:24:29.048+0000] {processor.py:186} INFO - Started process (PID=2914) to work on /home/airflow/.local/lib/python3.12/site-packages/airflow/example_dags/example_external_task_marker_dag.py
[2024-09-21T08:24:29.049+0000] {processor.py:914} INFO - Processing file /home/airflow/.local/lib/python3.12/site-packages/airflow/example_dags/example_external_task_marker_dag.py for tasks to queue
[2024-09-21T08:24:29.052+0000] {logging_mixin.py:190} INFO - [2024-09-21T08:24:29.052+0000] {dagbag.py:587} INFO - Filling up the DagBag from /home/airflow/.local/lib/python3.12/site-packages/airflow/example_dags/example_external_task_marker_dag.py
[2024-09-21T08:24:29.064+0000] {processor.py:925} INFO - DAG(s) 'example_external_task_marker_parent', 'example_external_task_marker_child' retrieved from /home/airflow/.local/lib/python3.12/site-packages/airflow/example_dags/example_external_task_marker_dag.py
[2024-09-21T08:24:29.095+0000] {logging_mixin.py:190} INFO - [2024-09-21T08:24:29.095+0000] {dag.py:3229} INFO - Sync 2 DAGs
[2024-09-21T08:24:29.113+0000] {logging_mixin.py:190} INFO - [2024-09-21T08:24:29.113+0000] {dag.py:4156} INFO - Setting next_dagrun for example_external_task_marker_child to None, run_after=None
[2024-09-21T08:24:29.119+0000] {logging_mixin.py:190} INFO - [2024-09-21T08:24:29.118+0000] {dag.py:4156} INFO - Setting next_dagrun for example_external_task_marker_parent to None, run_after=None
[2024-09-21T08:24:29.142+0000] {processor.py:208} INFO - Processing /home/airflow/.local/lib/python3.12/site-packages/airflow/example_dags/example_external_task_marker_dag.py took 0.100 seconds
[2024-09-21T08:25:00.841+0000] {processor.py:186} INFO - Started process (PID=2979) to work on /home/airflow/.local/lib/python3.12/site-packages/airflow/example_dags/example_external_task_marker_dag.py
[2024-09-21T08:25:00.843+0000] {processor.py:914} INFO - Processing file /home/airflow/.local/lib/python3.12/site-packages/airflow/example_dags/example_external_task_marker_dag.py for tasks to queue
[2024-09-21T08:25:00.847+0000] {logging_mixin.py:190} INFO - [2024-09-21T08:25:00.846+0000] {dagbag.py:587} INFO - Filling up the DagBag from /home/airflow/.local/lib/python3.12/site-packages/airflow/example_dags/example_external_task_marker_dag.py
[2024-09-21T08:25:00.857+0000] {processor.py:925} INFO - DAG(s) 'example_external_task_marker_child', 'example_external_task_marker_parent' retrieved from /home/airflow/.local/lib/python3.12/site-packages/airflow/example_dags/example_external_task_marker_dag.py
[2024-09-21T08:25:00.891+0000] {logging_mixin.py:190} INFO - [2024-09-21T08:25:00.891+0000] {dag.py:3229} INFO - Sync 2 DAGs
[2024-09-21T08:25:00.913+0000] {logging_mixin.py:190} INFO - [2024-09-21T08:25:00.913+0000] {dag.py:4156} INFO - Setting next_dagrun for example_external_task_marker_child to None, run_after=None
[2024-09-21T08:25:00.920+0000] {logging_mixin.py:190} INFO - [2024-09-21T08:25:00.920+0000] {dag.py:4156} INFO - Setting next_dagrun for example_external_task_marker_parent to None, run_after=None
[2024-09-21T08:25:00.953+0000] {processor.py:208} INFO - Processing /home/airflow/.local/lib/python3.12/site-packages/airflow/example_dags/example_external_task_marker_dag.py took 0.119 seconds
