[2024-09-21T07:59:10.021+0000] {processor.py:186} INFO - Started process (PID=99) to work on /home/airflow/.local/lib/python3.12/site-packages/airflow/example_dags/example_branch_labels.py
[2024-09-21T07:59:10.023+0000] {processor.py:914} INFO - Processing file /home/airflow/.local/lib/python3.12/site-packages/airflow/example_dags/example_branch_labels.py for tasks to queue
[2024-09-21T07:59:10.026+0000] {logging_mixin.py:190} INFO - [2024-09-21T07:59:10.025+0000] {dagbag.py:587} INFO - Filling up the DagBag from /home/airflow/.local/lib/python3.12/site-packages/airflow/example_dags/example_branch_labels.py
[2024-09-21T07:59:10.044+0000] {processor.py:925} INFO - DAG(s) 'example_branch_labels' retrieved from /home/airflow/.local/lib/python3.12/site-packages/airflow/example_dags/example_branch_labels.py
[2024-09-21T07:59:10.081+0000] {logging_mixin.py:190} INFO - [2024-09-21T07:59:10.080+0000] {dag.py:3229} INFO - Sync 1 DAGs
[2024-09-21T07:59:10.131+0000] {logging_mixin.py:190} INFO - [2024-09-21T07:59:10.131+0000] {dag.py:4156} INFO - Setting next_dagrun for example_branch_labels to 2024-09-20 00:00:00+00:00, run_after=2024-09-21 00:00:00+00:00
[2024-09-21T07:59:10.163+0000] {processor.py:208} INFO - Processing /home/airflow/.local/lib/python3.12/site-packages/airflow/example_dags/example_branch_labels.py took 0.151 seconds
[2024-09-21T07:59:40.598+0000] {processor.py:186} INFO - Started process (PID=167) to work on /home/airflow/.local/lib/python3.12/site-packages/airflow/example_dags/example_branch_labels.py
[2024-09-21T07:59:40.600+0000] {processor.py:914} INFO - Processing file /home/airflow/.local/lib/python3.12/site-packages/airflow/example_dags/example_branch_labels.py for tasks to queue
[2024-09-21T07:59:40.604+0000] {logging_mixin.py:190} INFO - [2024-09-21T07:59:40.604+0000] {dagbag.py:587} INFO - Filling up the DagBag from /home/airflow/.local/lib/python3.12/site-packages/airflow/example_dags/example_branch_labels.py
[2024-09-21T07:59:40.621+0000] {processor.py:925} INFO - DAG(s) 'example_branch_labels' retrieved from /home/airflow/.local/lib/python3.12/site-packages/airflow/example_dags/example_branch_labels.py
[2024-09-21T07:59:40.659+0000] {logging_mixin.py:190} INFO - [2024-09-21T07:59:40.658+0000] {dag.py:3229} INFO - Sync 1 DAGs
[2024-09-21T07:59:40.704+0000] {logging_mixin.py:190} INFO - [2024-09-21T07:59:40.703+0000] {dag.py:4156} INFO - Setting next_dagrun for example_branch_labels to 2024-09-20 00:00:00+00:00, run_after=2024-09-21 00:00:00+00:00
[2024-09-21T07:59:40.740+0000] {processor.py:208} INFO - Processing /home/airflow/.local/lib/python3.12/site-packages/airflow/example_dags/example_branch_labels.py took 0.150 seconds
[2024-09-21T08:01:35.317+0000] {processor.py:186} INFO - Started process (PID=77) to work on /home/airflow/.local/lib/python3.12/site-packages/airflow/example_dags/example_branch_labels.py
[2024-09-21T08:01:35.319+0000] {processor.py:914} INFO - Processing file /home/airflow/.local/lib/python3.12/site-packages/airflow/example_dags/example_branch_labels.py for tasks to queue
[2024-09-21T08:01:35.323+0000] {logging_mixin.py:190} INFO - [2024-09-21T08:01:35.323+0000] {dagbag.py:587} INFO - Filling up the DagBag from /home/airflow/.local/lib/python3.12/site-packages/airflow/example_dags/example_branch_labels.py
[2024-09-21T08:01:35.333+0000] {processor.py:925} INFO - DAG(s) 'example_branch_labels' retrieved from /home/airflow/.local/lib/python3.12/site-packages/airflow/example_dags/example_branch_labels.py
[2024-09-21T08:01:35.355+0000] {logging_mixin.py:190} INFO - [2024-09-21T08:01:35.354+0000] {dag.py:3229} INFO - Sync 1 DAGs
[2024-09-21T08:01:35.382+0000] {logging_mixin.py:190} INFO - [2024-09-21T08:01:35.382+0000] {dag.py:4156} INFO - Setting next_dagrun for example_branch_labels to 2024-09-20 00:00:00+00:00, run_after=2024-09-21 00:00:00+00:00
[2024-09-21T08:01:35.407+0000] {processor.py:208} INFO - Processing /home/airflow/.local/lib/python3.12/site-packages/airflow/example_dags/example_branch_labels.py took 0.095 seconds
[2024-09-21T08:02:06.959+0000] {processor.py:186} INFO - Started process (PID=141) to work on /home/airflow/.local/lib/python3.12/site-packages/airflow/example_dags/example_branch_labels.py
[2024-09-21T08:02:06.961+0000] {processor.py:914} INFO - Processing file /home/airflow/.local/lib/python3.12/site-packages/airflow/example_dags/example_branch_labels.py for tasks to queue
[2024-09-21T08:02:06.964+0000] {logging_mixin.py:190} INFO - [2024-09-21T08:02:06.964+0000] {dagbag.py:587} INFO - Filling up the DagBag from /home/airflow/.local/lib/python3.12/site-packages/airflow/example_dags/example_branch_labels.py
[2024-09-21T08:02:06.980+0000] {processor.py:925} INFO - DAG(s) 'example_branch_labels' retrieved from /home/airflow/.local/lib/python3.12/site-packages/airflow/example_dags/example_branch_labels.py
[2024-09-21T08:02:07.012+0000] {logging_mixin.py:190} INFO - [2024-09-21T08:02:07.012+0000] {dag.py:3229} INFO - Sync 1 DAGs
[2024-09-21T08:02:07.052+0000] {logging_mixin.py:190} INFO - [2024-09-21T08:02:07.052+0000] {dag.py:4156} INFO - Setting next_dagrun for example_branch_labels to 2024-09-20 00:00:00+00:00, run_after=2024-09-21 00:00:00+00:00
[2024-09-21T08:02:07.082+0000] {processor.py:208} INFO - Processing /home/airflow/.local/lib/python3.12/site-packages/airflow/example_dags/example_branch_labels.py took 0.131 seconds
[2024-09-21T08:02:37.439+0000] {processor.py:186} INFO - Started process (PID=206) to work on /home/airflow/.local/lib/python3.12/site-packages/airflow/example_dags/example_branch_labels.py
[2024-09-21T08:02:37.440+0000] {processor.py:914} INFO - Processing file /home/airflow/.local/lib/python3.12/site-packages/airflow/example_dags/example_branch_labels.py for tasks to queue
[2024-09-21T08:02:37.444+0000] {logging_mixin.py:190} INFO - [2024-09-21T08:02:37.443+0000] {dagbag.py:587} INFO - Filling up the DagBag from /home/airflow/.local/lib/python3.12/site-packages/airflow/example_dags/example_branch_labels.py
[2024-09-21T08:02:37.460+0000] {processor.py:925} INFO - DAG(s) 'example_branch_labels' retrieved from /home/airflow/.local/lib/python3.12/site-packages/airflow/example_dags/example_branch_labels.py
[2024-09-21T08:02:37.490+0000] {logging_mixin.py:190} INFO - [2024-09-21T08:02:37.490+0000] {dag.py:3229} INFO - Sync 1 DAGs
[2024-09-21T08:02:37.527+0000] {logging_mixin.py:190} INFO - [2024-09-21T08:02:37.527+0000] {dag.py:4156} INFO - Setting next_dagrun for example_branch_labels to 2024-09-20 00:00:00+00:00, run_after=2024-09-21 00:00:00+00:00
[2024-09-21T08:02:37.559+0000] {processor.py:208} INFO - Processing /home/airflow/.local/lib/python3.12/site-packages/airflow/example_dags/example_branch_labels.py took 0.129 seconds
[2024-09-21T08:03:08.352+0000] {processor.py:186} INFO - Started process (PID=275) to work on /home/airflow/.local/lib/python3.12/site-packages/airflow/example_dags/example_branch_labels.py
[2024-09-21T08:03:08.353+0000] {processor.py:914} INFO - Processing file /home/airflow/.local/lib/python3.12/site-packages/airflow/example_dags/example_branch_labels.py for tasks to queue
[2024-09-21T08:03:08.357+0000] {logging_mixin.py:190} INFO - [2024-09-21T08:03:08.356+0000] {dagbag.py:587} INFO - Filling up the DagBag from /home/airflow/.local/lib/python3.12/site-packages/airflow/example_dags/example_branch_labels.py
[2024-09-21T08:03:08.370+0000] {processor.py:925} INFO - DAG(s) 'example_branch_labels' retrieved from /home/airflow/.local/lib/python3.12/site-packages/airflow/example_dags/example_branch_labels.py
[2024-09-21T08:03:08.401+0000] {logging_mixin.py:190} INFO - [2024-09-21T08:03:08.400+0000] {dag.py:3229} INFO - Sync 1 DAGs
[2024-09-21T08:03:08.438+0000] {logging_mixin.py:190} INFO - [2024-09-21T08:03:08.438+0000] {dag.py:4156} INFO - Setting next_dagrun for example_branch_labels to 2024-09-20 00:00:00+00:00, run_after=2024-09-21 00:00:00+00:00
[2024-09-21T08:03:08.466+0000] {processor.py:208} INFO - Processing /home/airflow/.local/lib/python3.12/site-packages/airflow/example_dags/example_branch_labels.py took 0.121 seconds
[2024-09-21T08:03:38.935+0000] {processor.py:186} INFO - Started process (PID=340) to work on /home/airflow/.local/lib/python3.12/site-packages/airflow/example_dags/example_branch_labels.py
[2024-09-21T08:03:38.938+0000] {processor.py:914} INFO - Processing file /home/airflow/.local/lib/python3.12/site-packages/airflow/example_dags/example_branch_labels.py for tasks to queue
[2024-09-21T08:03:38.941+0000] {logging_mixin.py:190} INFO - [2024-09-21T08:03:38.941+0000] {dagbag.py:587} INFO - Filling up the DagBag from /home/airflow/.local/lib/python3.12/site-packages/airflow/example_dags/example_branch_labels.py
[2024-09-21T08:03:38.956+0000] {processor.py:925} INFO - DAG(s) 'example_branch_labels' retrieved from /home/airflow/.local/lib/python3.12/site-packages/airflow/example_dags/example_branch_labels.py
[2024-09-21T08:03:38.985+0000] {logging_mixin.py:190} INFO - [2024-09-21T08:03:38.984+0000] {dag.py:3229} INFO - Sync 1 DAGs
[2024-09-21T08:03:39.020+0000] {logging_mixin.py:190} INFO - [2024-09-21T08:03:39.020+0000] {dag.py:4156} INFO - Setting next_dagrun for example_branch_labels to 2024-09-20 00:00:00+00:00, run_after=2024-09-21 00:00:00+00:00
[2024-09-21T08:03:39.049+0000] {processor.py:208} INFO - Processing /home/airflow/.local/lib/python3.12/site-packages/airflow/example_dags/example_branch_labels.py took 0.120 seconds
[2024-09-21T08:04:10.121+0000] {processor.py:186} INFO - Started process (PID=404) to work on /home/airflow/.local/lib/python3.12/site-packages/airflow/example_dags/example_branch_labels.py
[2024-09-21T08:04:10.123+0000] {processor.py:914} INFO - Processing file /home/airflow/.local/lib/python3.12/site-packages/airflow/example_dags/example_branch_labels.py for tasks to queue
[2024-09-21T08:04:10.127+0000] {logging_mixin.py:190} INFO - [2024-09-21T08:04:10.126+0000] {dagbag.py:587} INFO - Filling up the DagBag from /home/airflow/.local/lib/python3.12/site-packages/airflow/example_dags/example_branch_labels.py
[2024-09-21T08:04:10.144+0000] {processor.py:925} INFO - DAG(s) 'example_branch_labels' retrieved from /home/airflow/.local/lib/python3.12/site-packages/airflow/example_dags/example_branch_labels.py
[2024-09-21T08:04:10.194+0000] {logging_mixin.py:190} INFO - [2024-09-21T08:04:10.194+0000] {dag.py:3229} INFO - Sync 1 DAGs
[2024-09-21T08:04:10.248+0000] {logging_mixin.py:190} INFO - [2024-09-21T08:04:10.247+0000] {dag.py:4156} INFO - Setting next_dagrun for example_branch_labels to 2024-09-20 00:00:00+00:00, run_after=2024-09-21 00:00:00+00:00
[2024-09-21T08:04:10.285+0000] {processor.py:208} INFO - Processing /home/airflow/.local/lib/python3.12/site-packages/airflow/example_dags/example_branch_labels.py took 0.172 seconds
[2024-09-21T08:04:41.397+0000] {processor.py:186} INFO - Started process (PID=468) to work on /home/airflow/.local/lib/python3.12/site-packages/airflow/example_dags/example_branch_labels.py
[2024-09-21T08:04:41.399+0000] {processor.py:914} INFO - Processing file /home/airflow/.local/lib/python3.12/site-packages/airflow/example_dags/example_branch_labels.py for tasks to queue
[2024-09-21T08:04:41.402+0000] {logging_mixin.py:190} INFO - [2024-09-21T08:04:41.402+0000] {dagbag.py:587} INFO - Filling up the DagBag from /home/airflow/.local/lib/python3.12/site-packages/airflow/example_dags/example_branch_labels.py
[2024-09-21T08:04:41.419+0000] {processor.py:925} INFO - DAG(s) 'example_branch_labels' retrieved from /home/airflow/.local/lib/python3.12/site-packages/airflow/example_dags/example_branch_labels.py
[2024-09-21T08:04:41.451+0000] {logging_mixin.py:190} INFO - [2024-09-21T08:04:41.450+0000] {dag.py:3229} INFO - Sync 1 DAGs
[2024-09-21T08:04:41.493+0000] {logging_mixin.py:190} INFO - [2024-09-21T08:04:41.492+0000] {dag.py:4156} INFO - Setting next_dagrun for example_branch_labels to 2024-09-20 00:00:00+00:00, run_after=2024-09-21 00:00:00+00:00
[2024-09-21T08:04:41.523+0000] {processor.py:208} INFO - Processing /home/airflow/.local/lib/python3.12/site-packages/airflow/example_dags/example_branch_labels.py took 0.133 seconds
[2024-09-21T08:05:12.590+0000] {processor.py:186} INFO - Started process (PID=532) to work on /home/airflow/.local/lib/python3.12/site-packages/airflow/example_dags/example_branch_labels.py
[2024-09-21T08:05:12.592+0000] {processor.py:914} INFO - Processing file /home/airflow/.local/lib/python3.12/site-packages/airflow/example_dags/example_branch_labels.py for tasks to queue
[2024-09-21T08:05:12.596+0000] {logging_mixin.py:190} INFO - [2024-09-21T08:05:12.595+0000] {dagbag.py:587} INFO - Filling up the DagBag from /home/airflow/.local/lib/python3.12/site-packages/airflow/example_dags/example_branch_labels.py
[2024-09-21T08:05:12.609+0000] {processor.py:925} INFO - DAG(s) 'example_branch_labels' retrieved from /home/airflow/.local/lib/python3.12/site-packages/airflow/example_dags/example_branch_labels.py
[2024-09-21T08:05:12.641+0000] {logging_mixin.py:190} INFO - [2024-09-21T08:05:12.641+0000] {dag.py:3229} INFO - Sync 1 DAGs
[2024-09-21T08:05:12.678+0000] {logging_mixin.py:190} INFO - [2024-09-21T08:05:12.678+0000] {dag.py:4156} INFO - Setting next_dagrun for example_branch_labels to 2024-09-20 00:00:00+00:00, run_after=2024-09-21 00:00:00+00:00
[2024-09-21T08:05:12.707+0000] {processor.py:208} INFO - Processing /home/airflow/.local/lib/python3.12/site-packages/airflow/example_dags/example_branch_labels.py took 0.124 seconds
[2024-09-21T08:05:43.059+0000] {processor.py:186} INFO - Started process (PID=597) to work on /home/airflow/.local/lib/python3.12/site-packages/airflow/example_dags/example_branch_labels.py
[2024-09-21T08:05:43.060+0000] {processor.py:914} INFO - Processing file /home/airflow/.local/lib/python3.12/site-packages/airflow/example_dags/example_branch_labels.py for tasks to queue
[2024-09-21T08:05:43.062+0000] {logging_mixin.py:190} INFO - [2024-09-21T08:05:43.062+0000] {dagbag.py:587} INFO - Filling up the DagBag from /home/airflow/.local/lib/python3.12/site-packages/airflow/example_dags/example_branch_labels.py
[2024-09-21T08:05:43.071+0000] {processor.py:925} INFO - DAG(s) 'example_branch_labels' retrieved from /home/airflow/.local/lib/python3.12/site-packages/airflow/example_dags/example_branch_labels.py
[2024-09-21T08:05:43.092+0000] {logging_mixin.py:190} INFO - [2024-09-21T08:05:43.092+0000] {dag.py:3229} INFO - Sync 1 DAGs
[2024-09-21T08:05:43.117+0000] {logging_mixin.py:190} INFO - [2024-09-21T08:05:43.117+0000] {dag.py:4156} INFO - Setting next_dagrun for example_branch_labels to 2024-09-20 00:00:00+00:00, run_after=2024-09-21 00:00:00+00:00
[2024-09-21T08:05:43.138+0000] {processor.py:208} INFO - Processing /home/airflow/.local/lib/python3.12/site-packages/airflow/example_dags/example_branch_labels.py took 0.085 seconds
[2024-09-21T08:06:16.540+0000] {processor.py:186} INFO - Started process (PID=661) to work on /home/airflow/.local/lib/python3.12/site-packages/airflow/example_dags/example_branch_labels.py
[2024-09-21T08:06:16.542+0000] {processor.py:914} INFO - Processing file /home/airflow/.local/lib/python3.12/site-packages/airflow/example_dags/example_branch_labels.py for tasks to queue
[2024-09-21T08:06:16.544+0000] {logging_mixin.py:190} INFO - [2024-09-21T08:06:16.544+0000] {dagbag.py:587} INFO - Filling up the DagBag from /home/airflow/.local/lib/python3.12/site-packages/airflow/example_dags/example_branch_labels.py
[2024-09-21T08:06:16.556+0000] {processor.py:925} INFO - DAG(s) 'example_branch_labels' retrieved from /home/airflow/.local/lib/python3.12/site-packages/airflow/example_dags/example_branch_labels.py
[2024-09-21T08:06:16.583+0000] {logging_mixin.py:190} INFO - [2024-09-21T08:06:16.582+0000] {dag.py:3229} INFO - Sync 1 DAGs
[2024-09-21T08:06:16.613+0000] {logging_mixin.py:190} INFO - [2024-09-21T08:06:16.613+0000] {dag.py:4156} INFO - Setting next_dagrun for example_branch_labels to 2024-09-20 00:00:00+00:00, run_after=2024-09-21 00:00:00+00:00
[2024-09-21T08:06:16.641+0000] {processor.py:208} INFO - Processing /home/airflow/.local/lib/python3.12/site-packages/airflow/example_dags/example_branch_labels.py took 0.107 seconds
[2024-09-21T08:06:47.061+0000] {processor.py:186} INFO - Started process (PID=725) to work on /home/airflow/.local/lib/python3.12/site-packages/airflow/example_dags/example_branch_labels.py
[2024-09-21T08:06:47.063+0000] {processor.py:914} INFO - Processing file /home/airflow/.local/lib/python3.12/site-packages/airflow/example_dags/example_branch_labels.py for tasks to queue
[2024-09-21T08:06:47.066+0000] {logging_mixin.py:190} INFO - [2024-09-21T08:06:47.065+0000] {dagbag.py:587} INFO - Filling up the DagBag from /home/airflow/.local/lib/python3.12/site-packages/airflow/example_dags/example_branch_labels.py
[2024-09-21T08:06:47.078+0000] {processor.py:925} INFO - DAG(s) 'example_branch_labels' retrieved from /home/airflow/.local/lib/python3.12/site-packages/airflow/example_dags/example_branch_labels.py
[2024-09-21T08:06:47.106+0000] {logging_mixin.py:190} INFO - [2024-09-21T08:06:47.105+0000] {dag.py:3229} INFO - Sync 1 DAGs
[2024-09-21T08:06:47.142+0000] {logging_mixin.py:190} INFO - [2024-09-21T08:06:47.142+0000] {dag.py:4156} INFO - Setting next_dagrun for example_branch_labels to 2024-09-20 00:00:00+00:00, run_after=2024-09-21 00:00:00+00:00
[2024-09-21T08:06:47.176+0000] {processor.py:208} INFO - Processing /home/airflow/.local/lib/python3.12/site-packages/airflow/example_dags/example_branch_labels.py took 0.121 seconds
[2024-09-21T08:07:17.921+0000] {processor.py:186} INFO - Started process (PID=789) to work on /home/airflow/.local/lib/python3.12/site-packages/airflow/example_dags/example_branch_labels.py
[2024-09-21T08:07:17.923+0000] {processor.py:914} INFO - Processing file /home/airflow/.local/lib/python3.12/site-packages/airflow/example_dags/example_branch_labels.py for tasks to queue
[2024-09-21T08:07:17.927+0000] {logging_mixin.py:190} INFO - [2024-09-21T08:07:17.926+0000] {dagbag.py:587} INFO - Filling up the DagBag from /home/airflow/.local/lib/python3.12/site-packages/airflow/example_dags/example_branch_labels.py
[2024-09-21T08:07:17.939+0000] {processor.py:925} INFO - DAG(s) 'example_branch_labels' retrieved from /home/airflow/.local/lib/python3.12/site-packages/airflow/example_dags/example_branch_labels.py
[2024-09-21T08:07:17.969+0000] {logging_mixin.py:190} INFO - [2024-09-21T08:07:17.969+0000] {dag.py:3229} INFO - Sync 1 DAGs
[2024-09-21T08:07:18.005+0000] {logging_mixin.py:190} INFO - [2024-09-21T08:07:18.004+0000] {dag.py:4156} INFO - Setting next_dagrun for example_branch_labels to 2024-09-20 00:00:00+00:00, run_after=2024-09-21 00:00:00+00:00
[2024-09-21T08:07:18.034+0000] {processor.py:208} INFO - Processing /home/airflow/.local/lib/python3.12/site-packages/airflow/example_dags/example_branch_labels.py took 0.119 seconds
[2024-09-21T08:07:49.280+0000] {processor.py:186} INFO - Started process (PID=853) to work on /home/airflow/.local/lib/python3.12/site-packages/airflow/example_dags/example_branch_labels.py
[2024-09-21T08:07:49.282+0000] {processor.py:914} INFO - Processing file /home/airflow/.local/lib/python3.12/site-packages/airflow/example_dags/example_branch_labels.py for tasks to queue
[2024-09-21T08:07:49.286+0000] {logging_mixin.py:190} INFO - [2024-09-21T08:07:49.286+0000] {dagbag.py:587} INFO - Filling up the DagBag from /home/airflow/.local/lib/python3.12/site-packages/airflow/example_dags/example_branch_labels.py
[2024-09-21T08:07:49.303+0000] {processor.py:925} INFO - DAG(s) 'example_branch_labels' retrieved from /home/airflow/.local/lib/python3.12/site-packages/airflow/example_dags/example_branch_labels.py
[2024-09-21T08:07:49.347+0000] {logging_mixin.py:190} INFO - [2024-09-21T08:07:49.347+0000] {dag.py:3229} INFO - Sync 1 DAGs
[2024-09-21T08:07:49.398+0000] {logging_mixin.py:190} INFO - [2024-09-21T08:07:49.398+0000] {dag.py:4156} INFO - Setting next_dagrun for example_branch_labels to 2024-09-20 00:00:00+00:00, run_after=2024-09-21 00:00:00+00:00
[2024-09-21T08:07:49.447+0000] {processor.py:208} INFO - Processing /home/airflow/.local/lib/python3.12/site-packages/airflow/example_dags/example_branch_labels.py took 0.176 seconds
[2024-09-21T08:08:19.964+0000] {processor.py:186} INFO - Started process (PID=917) to work on /home/airflow/.local/lib/python3.12/site-packages/airflow/example_dags/example_branch_labels.py
[2024-09-21T08:08:19.966+0000] {processor.py:914} INFO - Processing file /home/airflow/.local/lib/python3.12/site-packages/airflow/example_dags/example_branch_labels.py for tasks to queue
[2024-09-21T08:08:19.971+0000] {logging_mixin.py:190} INFO - [2024-09-21T08:08:19.971+0000] {dagbag.py:587} INFO - Filling up the DagBag from /home/airflow/.local/lib/python3.12/site-packages/airflow/example_dags/example_branch_labels.py
[2024-09-21T08:08:19.985+0000] {processor.py:925} INFO - DAG(s) 'example_branch_labels' retrieved from /home/airflow/.local/lib/python3.12/site-packages/airflow/example_dags/example_branch_labels.py
[2024-09-21T08:08:20.016+0000] {logging_mixin.py:190} INFO - [2024-09-21T08:08:20.015+0000] {dag.py:3229} INFO - Sync 1 DAGs
[2024-09-21T08:08:20.051+0000] {logging_mixin.py:190} INFO - [2024-09-21T08:08:20.050+0000] {dag.py:4156} INFO - Setting next_dagrun for example_branch_labels to 2024-09-20 00:00:00+00:00, run_after=2024-09-21 00:00:00+00:00
[2024-09-21T08:08:20.079+0000] {processor.py:208} INFO - Processing /home/airflow/.local/lib/python3.12/site-packages/airflow/example_dags/example_branch_labels.py took 0.122 seconds
[2024-09-21T08:08:50.545+0000] {processor.py:186} INFO - Started process (PID=981) to work on /home/airflow/.local/lib/python3.12/site-packages/airflow/example_dags/example_branch_labels.py
[2024-09-21T08:08:50.547+0000] {processor.py:914} INFO - Processing file /home/airflow/.local/lib/python3.12/site-packages/airflow/example_dags/example_branch_labels.py for tasks to queue
[2024-09-21T08:08:50.550+0000] {logging_mixin.py:190} INFO - [2024-09-21T08:08:50.550+0000] {dagbag.py:587} INFO - Filling up the DagBag from /home/airflow/.local/lib/python3.12/site-packages/airflow/example_dags/example_branch_labels.py
[2024-09-21T08:08:50.563+0000] {processor.py:925} INFO - DAG(s) 'example_branch_labels' retrieved from /home/airflow/.local/lib/python3.12/site-packages/airflow/example_dags/example_branch_labels.py
[2024-09-21T08:08:50.592+0000] {logging_mixin.py:190} INFO - [2024-09-21T08:08:50.592+0000] {dag.py:3229} INFO - Sync 1 DAGs
[2024-09-21T08:08:50.627+0000] {logging_mixin.py:190} INFO - [2024-09-21T08:08:50.626+0000] {dag.py:4156} INFO - Setting next_dagrun for example_branch_labels to 2024-09-20 00:00:00+00:00, run_after=2024-09-21 00:00:00+00:00
[2024-09-21T08:08:50.654+0000] {processor.py:208} INFO - Processing /home/airflow/.local/lib/python3.12/site-packages/airflow/example_dags/example_branch_labels.py took 0.117 seconds
[2024-09-21T08:09:21.311+0000] {processor.py:186} INFO - Started process (PID=1045) to work on /home/airflow/.local/lib/python3.12/site-packages/airflow/example_dags/example_branch_labels.py
[2024-09-21T08:09:21.312+0000] {processor.py:914} INFO - Processing file /home/airflow/.local/lib/python3.12/site-packages/airflow/example_dags/example_branch_labels.py for tasks to queue
[2024-09-21T08:09:21.315+0000] {logging_mixin.py:190} INFO - [2024-09-21T08:09:21.315+0000] {dagbag.py:587} INFO - Filling up the DagBag from /home/airflow/.local/lib/python3.12/site-packages/airflow/example_dags/example_branch_labels.py
[2024-09-21T08:09:21.327+0000] {processor.py:925} INFO - DAG(s) 'example_branch_labels' retrieved from /home/airflow/.local/lib/python3.12/site-packages/airflow/example_dags/example_branch_labels.py
[2024-09-21T08:09:21.357+0000] {logging_mixin.py:190} INFO - [2024-09-21T08:09:21.356+0000] {dag.py:3229} INFO - Sync 1 DAGs
[2024-09-21T08:09:21.392+0000] {logging_mixin.py:190} INFO - [2024-09-21T08:09:21.392+0000] {dag.py:4156} INFO - Setting next_dagrun for example_branch_labels to 2024-09-20 00:00:00+00:00, run_after=2024-09-21 00:00:00+00:00
[2024-09-21T08:09:21.422+0000] {processor.py:208} INFO - Processing /home/airflow/.local/lib/python3.12/site-packages/airflow/example_dags/example_branch_labels.py took 0.121 seconds
[2024-09-21T08:09:52.085+0000] {processor.py:186} INFO - Started process (PID=1109) to work on /home/airflow/.local/lib/python3.12/site-packages/airflow/example_dags/example_branch_labels.py
[2024-09-21T08:09:52.086+0000] {processor.py:914} INFO - Processing file /home/airflow/.local/lib/python3.12/site-packages/airflow/example_dags/example_branch_labels.py for tasks to queue
[2024-09-21T08:09:52.090+0000] {logging_mixin.py:190} INFO - [2024-09-21T08:09:52.089+0000] {dagbag.py:587} INFO - Filling up the DagBag from /home/airflow/.local/lib/python3.12/site-packages/airflow/example_dags/example_branch_labels.py
[2024-09-21T08:09:52.104+0000] {processor.py:925} INFO - DAG(s) 'example_branch_labels' retrieved from /home/airflow/.local/lib/python3.12/site-packages/airflow/example_dags/example_branch_labels.py
[2024-09-21T08:09:52.152+0000] {logging_mixin.py:190} INFO - [2024-09-21T08:09:52.151+0000] {dag.py:3229} INFO - Sync 1 DAGs
[2024-09-21T08:09:52.202+0000] {logging_mixin.py:190} INFO - [2024-09-21T08:09:52.202+0000] {dag.py:4156} INFO - Setting next_dagrun for example_branch_labels to 2024-09-20 00:00:00+00:00, run_after=2024-09-21 00:00:00+00:00
[2024-09-21T08:09:52.239+0000] {processor.py:208} INFO - Processing /home/airflow/.local/lib/python3.12/site-packages/airflow/example_dags/example_branch_labels.py took 0.161 seconds
[2024-09-21T08:10:22.500+0000] {processor.py:186} INFO - Started process (PID=1177) to work on /home/airflow/.local/lib/python3.12/site-packages/airflow/example_dags/example_branch_labels.py
[2024-09-21T08:10:22.502+0000] {processor.py:914} INFO - Processing file /home/airflow/.local/lib/python3.12/site-packages/airflow/example_dags/example_branch_labels.py for tasks to queue
[2024-09-21T08:10:22.505+0000] {logging_mixin.py:190} INFO - [2024-09-21T08:10:22.504+0000] {dagbag.py:587} INFO - Filling up the DagBag from /home/airflow/.local/lib/python3.12/site-packages/airflow/example_dags/example_branch_labels.py
[2024-09-21T08:10:22.514+0000] {processor.py:925} INFO - DAG(s) 'example_branch_labels' retrieved from /home/airflow/.local/lib/python3.12/site-packages/airflow/example_dags/example_branch_labels.py
[2024-09-21T08:10:22.537+0000] {logging_mixin.py:190} INFO - [2024-09-21T08:10:22.537+0000] {dag.py:3229} INFO - Sync 1 DAGs
[2024-09-21T08:10:22.567+0000] {logging_mixin.py:190} INFO - [2024-09-21T08:10:22.566+0000] {dag.py:4156} INFO - Setting next_dagrun for example_branch_labels to 2024-09-20 00:00:00+00:00, run_after=2024-09-21 00:00:00+00:00
[2024-09-21T08:10:22.590+0000] {processor.py:208} INFO - Processing /home/airflow/.local/lib/python3.12/site-packages/airflow/example_dags/example_branch_labels.py took 0.094 seconds
[2024-09-21T08:10:53.947+0000] {processor.py:186} INFO - Started process (PID=1241) to work on /home/airflow/.local/lib/python3.12/site-packages/airflow/example_dags/example_branch_labels.py
[2024-09-21T08:10:53.948+0000] {processor.py:914} INFO - Processing file /home/airflow/.local/lib/python3.12/site-packages/airflow/example_dags/example_branch_labels.py for tasks to queue
[2024-09-21T08:10:53.951+0000] {logging_mixin.py:190} INFO - [2024-09-21T08:10:53.951+0000] {dagbag.py:587} INFO - Filling up the DagBag from /home/airflow/.local/lib/python3.12/site-packages/airflow/example_dags/example_branch_labels.py
[2024-09-21T08:10:53.964+0000] {processor.py:925} INFO - DAG(s) 'example_branch_labels' retrieved from /home/airflow/.local/lib/python3.12/site-packages/airflow/example_dags/example_branch_labels.py
[2024-09-21T08:10:53.996+0000] {logging_mixin.py:190} INFO - [2024-09-21T08:10:53.995+0000] {dag.py:3229} INFO - Sync 1 DAGs
[2024-09-21T08:10:54.032+0000] {logging_mixin.py:190} INFO - [2024-09-21T08:10:54.031+0000] {dag.py:4156} INFO - Setting next_dagrun for example_branch_labels to 2024-09-20 00:00:00+00:00, run_after=2024-09-21 00:00:00+00:00
[2024-09-21T08:10:54.068+0000] {processor.py:208} INFO - Processing /home/airflow/.local/lib/python3.12/site-packages/airflow/example_dags/example_branch_labels.py took 0.131 seconds
[2024-09-21T08:11:24.793+0000] {processor.py:186} INFO - Started process (PID=1306) to work on /home/airflow/.local/lib/python3.12/site-packages/airflow/example_dags/example_branch_labels.py
[2024-09-21T08:11:24.795+0000] {processor.py:914} INFO - Processing file /home/airflow/.local/lib/python3.12/site-packages/airflow/example_dags/example_branch_labels.py for tasks to queue
[2024-09-21T08:11:24.799+0000] {logging_mixin.py:190} INFO - [2024-09-21T08:11:24.799+0000] {dagbag.py:587} INFO - Filling up the DagBag from /home/airflow/.local/lib/python3.12/site-packages/airflow/example_dags/example_branch_labels.py
[2024-09-21T08:11:24.812+0000] {processor.py:925} INFO - DAG(s) 'example_branch_labels' retrieved from /home/airflow/.local/lib/python3.12/site-packages/airflow/example_dags/example_branch_labels.py
[2024-09-21T08:11:24.841+0000] {logging_mixin.py:190} INFO - [2024-09-21T08:11:24.841+0000] {dag.py:3229} INFO - Sync 1 DAGs
[2024-09-21T08:11:24.880+0000] {logging_mixin.py:190} INFO - [2024-09-21T08:11:24.879+0000] {dag.py:4156} INFO - Setting next_dagrun for example_branch_labels to 2024-09-20 00:00:00+00:00, run_after=2024-09-21 00:00:00+00:00
[2024-09-21T08:11:24.908+0000] {processor.py:208} INFO - Processing /home/airflow/.local/lib/python3.12/site-packages/airflow/example_dags/example_branch_labels.py took 0.122 seconds
[2024-09-21T08:11:55.457+0000] {processor.py:186} INFO - Started process (PID=1370) to work on /home/airflow/.local/lib/python3.12/site-packages/airflow/example_dags/example_branch_labels.py
[2024-09-21T08:11:55.459+0000] {processor.py:914} INFO - Processing file /home/airflow/.local/lib/python3.12/site-packages/airflow/example_dags/example_branch_labels.py for tasks to queue
[2024-09-21T08:11:55.462+0000] {logging_mixin.py:190} INFO - [2024-09-21T08:11:55.461+0000] {dagbag.py:587} INFO - Filling up the DagBag from /home/airflow/.local/lib/python3.12/site-packages/airflow/example_dags/example_branch_labels.py
[2024-09-21T08:11:55.476+0000] {processor.py:925} INFO - DAG(s) 'example_branch_labels' retrieved from /home/airflow/.local/lib/python3.12/site-packages/airflow/example_dags/example_branch_labels.py
[2024-09-21T08:11:55.504+0000] {logging_mixin.py:190} INFO - [2024-09-21T08:11:55.504+0000] {dag.py:3229} INFO - Sync 1 DAGs
[2024-09-21T08:11:55.538+0000] {logging_mixin.py:190} INFO - [2024-09-21T08:11:55.538+0000] {dag.py:4156} INFO - Setting next_dagrun for example_branch_labels to 2024-09-20 00:00:00+00:00, run_after=2024-09-21 00:00:00+00:00
[2024-09-21T08:11:55.572+0000] {processor.py:208} INFO - Processing /home/airflow/.local/lib/python3.12/site-packages/airflow/example_dags/example_branch_labels.py took 0.122 seconds
[2024-09-21T08:12:26.320+0000] {processor.py:186} INFO - Started process (PID=1434) to work on /home/airflow/.local/lib/python3.12/site-packages/airflow/example_dags/example_branch_labels.py
[2024-09-21T08:12:26.322+0000] {processor.py:914} INFO - Processing file /home/airflow/.local/lib/python3.12/site-packages/airflow/example_dags/example_branch_labels.py for tasks to queue
[2024-09-21T08:12:26.325+0000] {logging_mixin.py:190} INFO - [2024-09-21T08:12:26.324+0000] {dagbag.py:587} INFO - Filling up the DagBag from /home/airflow/.local/lib/python3.12/site-packages/airflow/example_dags/example_branch_labels.py
[2024-09-21T08:12:26.338+0000] {processor.py:925} INFO - DAG(s) 'example_branch_labels' retrieved from /home/airflow/.local/lib/python3.12/site-packages/airflow/example_dags/example_branch_labels.py
[2024-09-21T08:12:26.369+0000] {logging_mixin.py:190} INFO - [2024-09-21T08:12:26.368+0000] {dag.py:3229} INFO - Sync 1 DAGs
[2024-09-21T08:12:26.405+0000] {logging_mixin.py:190} INFO - [2024-09-21T08:12:26.405+0000] {dag.py:4156} INFO - Setting next_dagrun for example_branch_labels to 2024-09-20 00:00:00+00:00, run_after=2024-09-21 00:00:00+00:00
[2024-09-21T08:12:26.432+0000] {processor.py:208} INFO - Processing /home/airflow/.local/lib/python3.12/site-packages/airflow/example_dags/example_branch_labels.py took 0.119 seconds
[2024-09-21T08:12:56.807+0000] {processor.py:186} INFO - Started process (PID=1499) to work on /home/airflow/.local/lib/python3.12/site-packages/airflow/example_dags/example_branch_labels.py
[2024-09-21T08:12:56.809+0000] {processor.py:914} INFO - Processing file /home/airflow/.local/lib/python3.12/site-packages/airflow/example_dags/example_branch_labels.py for tasks to queue
[2024-09-21T08:12:56.813+0000] {logging_mixin.py:190} INFO - [2024-09-21T08:12:56.812+0000] {dagbag.py:587} INFO - Filling up the DagBag from /home/airflow/.local/lib/python3.12/site-packages/airflow/example_dags/example_branch_labels.py
[2024-09-21T08:12:56.827+0000] {processor.py:925} INFO - DAG(s) 'example_branch_labels' retrieved from /home/airflow/.local/lib/python3.12/site-packages/airflow/example_dags/example_branch_labels.py
[2024-09-21T08:12:56.858+0000] {logging_mixin.py:190} INFO - [2024-09-21T08:12:56.858+0000] {dag.py:3229} INFO - Sync 1 DAGs
[2024-09-21T08:12:56.907+0000] {logging_mixin.py:190} INFO - [2024-09-21T08:12:56.907+0000] {dag.py:4156} INFO - Setting next_dagrun for example_branch_labels to 2024-09-20 00:00:00+00:00, run_after=2024-09-21 00:00:00+00:00
[2024-09-21T08:12:56.937+0000] {processor.py:208} INFO - Processing /home/airflow/.local/lib/python3.12/site-packages/airflow/example_dags/example_branch_labels.py took 0.140 seconds
[2024-09-21T08:13:27.421+0000] {processor.py:186} INFO - Started process (PID=1563) to work on /home/airflow/.local/lib/python3.12/site-packages/airflow/example_dags/example_branch_labels.py
[2024-09-21T08:13:27.422+0000] {processor.py:914} INFO - Processing file /home/airflow/.local/lib/python3.12/site-packages/airflow/example_dags/example_branch_labels.py for tasks to queue
[2024-09-21T08:13:27.425+0000] {logging_mixin.py:190} INFO - [2024-09-21T08:13:27.425+0000] {dagbag.py:587} INFO - Filling up the DagBag from /home/airflow/.local/lib/python3.12/site-packages/airflow/example_dags/example_branch_labels.py
[2024-09-21T08:13:27.438+0000] {processor.py:925} INFO - DAG(s) 'example_branch_labels' retrieved from /home/airflow/.local/lib/python3.12/site-packages/airflow/example_dags/example_branch_labels.py
[2024-09-21T08:13:27.468+0000] {logging_mixin.py:190} INFO - [2024-09-21T08:13:27.468+0000] {dag.py:3229} INFO - Sync 1 DAGs
[2024-09-21T08:13:27.505+0000] {logging_mixin.py:190} INFO - [2024-09-21T08:13:27.505+0000] {dag.py:4156} INFO - Setting next_dagrun for example_branch_labels to 2024-09-20 00:00:00+00:00, run_after=2024-09-21 00:00:00+00:00
[2024-09-21T08:13:27.536+0000] {processor.py:208} INFO - Processing /home/airflow/.local/lib/python3.12/site-packages/airflow/example_dags/example_branch_labels.py took 0.123 seconds
[2024-09-21T08:13:59.675+0000] {processor.py:186} INFO - Started process (PID=1627) to work on /home/airflow/.local/lib/python3.12/site-packages/airflow/example_dags/example_branch_labels.py
[2024-09-21T08:13:59.677+0000] {processor.py:914} INFO - Processing file /home/airflow/.local/lib/python3.12/site-packages/airflow/example_dags/example_branch_labels.py for tasks to queue
[2024-09-21T08:13:59.681+0000] {logging_mixin.py:190} INFO - [2024-09-21T08:13:59.681+0000] {dagbag.py:587} INFO - Filling up the DagBag from /home/airflow/.local/lib/python3.12/site-packages/airflow/example_dags/example_branch_labels.py
[2024-09-21T08:13:59.693+0000] {processor.py:925} INFO - DAG(s) 'example_branch_labels' retrieved from /home/airflow/.local/lib/python3.12/site-packages/airflow/example_dags/example_branch_labels.py
[2024-09-21T08:13:59.722+0000] {logging_mixin.py:190} INFO - [2024-09-21T08:13:59.722+0000] {dag.py:3229} INFO - Sync 1 DAGs
[2024-09-21T08:13:59.755+0000] {logging_mixin.py:190} INFO - [2024-09-21T08:13:59.755+0000] {dag.py:4156} INFO - Setting next_dagrun for example_branch_labels to 2024-09-20 00:00:00+00:00, run_after=2024-09-21 00:00:00+00:00
[2024-09-21T08:13:59.784+0000] {processor.py:208} INFO - Processing /home/airflow/.local/lib/python3.12/site-packages/airflow/example_dags/example_branch_labels.py took 0.117 seconds
[2024-09-21T08:14:30.225+0000] {processor.py:186} INFO - Started process (PID=1691) to work on /home/airflow/.local/lib/python3.12/site-packages/airflow/example_dags/example_branch_labels.py
[2024-09-21T08:14:30.227+0000] {processor.py:914} INFO - Processing file /home/airflow/.local/lib/python3.12/site-packages/airflow/example_dags/example_branch_labels.py for tasks to queue
[2024-09-21T08:14:30.230+0000] {logging_mixin.py:190} INFO - [2024-09-21T08:14:30.230+0000] {dagbag.py:587} INFO - Filling up the DagBag from /home/airflow/.local/lib/python3.12/site-packages/airflow/example_dags/example_branch_labels.py
[2024-09-21T08:14:30.244+0000] {processor.py:925} INFO - DAG(s) 'example_branch_labels' retrieved from /home/airflow/.local/lib/python3.12/site-packages/airflow/example_dags/example_branch_labels.py
[2024-09-21T08:14:30.272+0000] {logging_mixin.py:190} INFO - [2024-09-21T08:14:30.272+0000] {dag.py:3229} INFO - Sync 1 DAGs
[2024-09-21T08:14:30.306+0000] {logging_mixin.py:190} INFO - [2024-09-21T08:14:30.306+0000] {dag.py:4156} INFO - Setting next_dagrun for example_branch_labels to 2024-09-20 00:00:00+00:00, run_after=2024-09-21 00:00:00+00:00
[2024-09-21T08:14:30.336+0000] {processor.py:208} INFO - Processing /home/airflow/.local/lib/python3.12/site-packages/airflow/example_dags/example_branch_labels.py took 0.117 seconds
[2024-09-21T08:15:01.325+0000] {processor.py:186} INFO - Started process (PID=1755) to work on /home/airflow/.local/lib/python3.12/site-packages/airflow/example_dags/example_branch_labels.py
[2024-09-21T08:15:01.327+0000] {processor.py:914} INFO - Processing file /home/airflow/.local/lib/python3.12/site-packages/airflow/example_dags/example_branch_labels.py for tasks to queue
[2024-09-21T08:15:01.330+0000] {logging_mixin.py:190} INFO - [2024-09-21T08:15:01.330+0000] {dagbag.py:587} INFO - Filling up the DagBag from /home/airflow/.local/lib/python3.12/site-packages/airflow/example_dags/example_branch_labels.py
[2024-09-21T08:15:01.345+0000] {processor.py:925} INFO - DAG(s) 'example_branch_labels' retrieved from /home/airflow/.local/lib/python3.12/site-packages/airflow/example_dags/example_branch_labels.py
[2024-09-21T08:15:01.377+0000] {logging_mixin.py:190} INFO - [2024-09-21T08:15:01.377+0000] {dag.py:3229} INFO - Sync 1 DAGs
[2024-09-21T08:15:01.414+0000] {logging_mixin.py:190} INFO - [2024-09-21T08:15:01.414+0000] {dag.py:4156} INFO - Setting next_dagrun for example_branch_labels to 2024-09-20 00:00:00+00:00, run_after=2024-09-21 00:00:00+00:00
[2024-09-21T08:15:01.445+0000] {processor.py:208} INFO - Processing /home/airflow/.local/lib/python3.12/site-packages/airflow/example_dags/example_branch_labels.py took 0.127 seconds
[2024-09-21T08:15:32.305+0000] {processor.py:186} INFO - Started process (PID=1820) to work on /home/airflow/.local/lib/python3.12/site-packages/airflow/example_dags/example_branch_labels.py
[2024-09-21T08:15:32.306+0000] {processor.py:914} INFO - Processing file /home/airflow/.local/lib/python3.12/site-packages/airflow/example_dags/example_branch_labels.py for tasks to queue
[2024-09-21T08:15:32.310+0000] {logging_mixin.py:190} INFO - [2024-09-21T08:15:32.309+0000] {dagbag.py:587} INFO - Filling up the DagBag from /home/airflow/.local/lib/python3.12/site-packages/airflow/example_dags/example_branch_labels.py
[2024-09-21T08:15:32.325+0000] {processor.py:925} INFO - DAG(s) 'example_branch_labels' retrieved from /home/airflow/.local/lib/python3.12/site-packages/airflow/example_dags/example_branch_labels.py
[2024-09-21T08:15:32.370+0000] {logging_mixin.py:190} INFO - [2024-09-21T08:15:32.369+0000] {dag.py:3229} INFO - Sync 1 DAGs
[2024-09-21T08:15:32.409+0000] {logging_mixin.py:190} INFO - [2024-09-21T08:15:32.409+0000] {dag.py:4156} INFO - Setting next_dagrun for example_branch_labels to 2024-09-20 00:00:00+00:00, run_after=2024-09-21 00:00:00+00:00
[2024-09-21T08:15:32.439+0000] {processor.py:208} INFO - Processing /home/airflow/.local/lib/python3.12/site-packages/airflow/example_dags/example_branch_labels.py took 0.141 seconds
[2024-09-21T08:16:04.053+0000] {processor.py:186} INFO - Started process (PID=1885) to work on /home/airflow/.local/lib/python3.12/site-packages/airflow/example_dags/example_branch_labels.py
[2024-09-21T08:16:04.055+0000] {processor.py:914} INFO - Processing file /home/airflow/.local/lib/python3.12/site-packages/airflow/example_dags/example_branch_labels.py for tasks to queue
[2024-09-21T08:16:04.058+0000] {logging_mixin.py:190} INFO - [2024-09-21T08:16:04.058+0000] {dagbag.py:587} INFO - Filling up the DagBag from /home/airflow/.local/lib/python3.12/site-packages/airflow/example_dags/example_branch_labels.py
[2024-09-21T08:16:04.073+0000] {processor.py:925} INFO - DAG(s) 'example_branch_labels' retrieved from /home/airflow/.local/lib/python3.12/site-packages/airflow/example_dags/example_branch_labels.py
[2024-09-21T08:16:04.104+0000] {logging_mixin.py:190} INFO - [2024-09-21T08:16:04.103+0000] {dag.py:3229} INFO - Sync 1 DAGs
[2024-09-21T08:16:04.141+0000] {logging_mixin.py:190} INFO - [2024-09-21T08:16:04.140+0000] {dag.py:4156} INFO - Setting next_dagrun for example_branch_labels to 2024-09-20 00:00:00+00:00, run_after=2024-09-21 00:00:00+00:00
[2024-09-21T08:16:04.171+0000] {processor.py:208} INFO - Processing /home/airflow/.local/lib/python3.12/site-packages/airflow/example_dags/example_branch_labels.py took 0.126 seconds
[2024-09-21T08:16:39.224+0000] {processor.py:186} INFO - Started process (PID=1949) to work on /home/airflow/.local/lib/python3.12/site-packages/airflow/example_dags/example_branch_labels.py
[2024-09-21T08:16:39.226+0000] {processor.py:914} INFO - Processing file /home/airflow/.local/lib/python3.12/site-packages/airflow/example_dags/example_branch_labels.py for tasks to queue
[2024-09-21T08:16:39.229+0000] {logging_mixin.py:190} INFO - [2024-09-21T08:16:39.228+0000] {dagbag.py:587} INFO - Filling up the DagBag from /home/airflow/.local/lib/python3.12/site-packages/airflow/example_dags/example_branch_labels.py
[2024-09-21T08:16:39.240+0000] {processor.py:925} INFO - DAG(s) 'example_branch_labels' retrieved from /home/airflow/.local/lib/python3.12/site-packages/airflow/example_dags/example_branch_labels.py
[2024-09-21T08:16:39.262+0000] {logging_mixin.py:190} INFO - [2024-09-21T08:16:39.261+0000] {dag.py:3229} INFO - Sync 1 DAGs
[2024-09-21T08:16:39.288+0000] {logging_mixin.py:190} INFO - [2024-09-21T08:16:39.287+0000] {dag.py:4156} INFO - Setting next_dagrun for example_branch_labels to 2024-09-20 00:00:00+00:00, run_after=2024-09-21 00:00:00+00:00
[2024-09-21T08:16:39.311+0000] {processor.py:208} INFO - Processing /home/airflow/.local/lib/python3.12/site-packages/airflow/example_dags/example_branch_labels.py took 0.093 seconds
[2024-09-21T08:17:10.286+0000] {processor.py:186} INFO - Started process (PID=2013) to work on /home/airflow/.local/lib/python3.12/site-packages/airflow/example_dags/example_branch_labels.py
[2024-09-21T08:17:10.287+0000] {processor.py:914} INFO - Processing file /home/airflow/.local/lib/python3.12/site-packages/airflow/example_dags/example_branch_labels.py for tasks to queue
[2024-09-21T08:17:10.291+0000] {logging_mixin.py:190} INFO - [2024-09-21T08:17:10.290+0000] {dagbag.py:587} INFO - Filling up the DagBag from /home/airflow/.local/lib/python3.12/site-packages/airflow/example_dags/example_branch_labels.py
[2024-09-21T08:17:10.307+0000] {processor.py:925} INFO - DAG(s) 'example_branch_labels' retrieved from /home/airflow/.local/lib/python3.12/site-packages/airflow/example_dags/example_branch_labels.py
[2024-09-21T08:17:10.355+0000] {logging_mixin.py:190} INFO - [2024-09-21T08:17:10.355+0000] {dag.py:3229} INFO - Sync 1 DAGs
[2024-09-21T08:17:10.393+0000] {logging_mixin.py:190} INFO - [2024-09-21T08:17:10.392+0000] {dag.py:4156} INFO - Setting next_dagrun for example_branch_labels to 2024-09-20 00:00:00+00:00, run_after=2024-09-21 00:00:00+00:00
[2024-09-21T08:17:10.421+0000] {processor.py:208} INFO - Processing /home/airflow/.local/lib/python3.12/site-packages/airflow/example_dags/example_branch_labels.py took 0.145 seconds
[2024-09-21T08:17:41.719+0000] {processor.py:186} INFO - Started process (PID=2084) to work on /home/airflow/.local/lib/python3.12/site-packages/airflow/example_dags/example_branch_labels.py
[2024-09-21T08:17:41.720+0000] {processor.py:914} INFO - Processing file /home/airflow/.local/lib/python3.12/site-packages/airflow/example_dags/example_branch_labels.py for tasks to queue
[2024-09-21T08:17:41.724+0000] {logging_mixin.py:190} INFO - [2024-09-21T08:17:41.723+0000] {dagbag.py:587} INFO - Filling up the DagBag from /home/airflow/.local/lib/python3.12/site-packages/airflow/example_dags/example_branch_labels.py
[2024-09-21T08:17:41.736+0000] {processor.py:925} INFO - DAG(s) 'example_branch_labels' retrieved from /home/airflow/.local/lib/python3.12/site-packages/airflow/example_dags/example_branch_labels.py
[2024-09-21T08:17:41.769+0000] {logging_mixin.py:190} INFO - [2024-09-21T08:17:41.769+0000] {dag.py:3229} INFO - Sync 1 DAGs
[2024-09-21T08:17:41.805+0000] {logging_mixin.py:190} INFO - [2024-09-21T08:17:41.805+0000] {dag.py:4156} INFO - Setting next_dagrun for example_branch_labels to 2024-09-20 00:00:00+00:00, run_after=2024-09-21 00:00:00+00:00
[2024-09-21T08:17:41.834+0000] {processor.py:208} INFO - Processing /home/airflow/.local/lib/python3.12/site-packages/airflow/example_dags/example_branch_labels.py took 0.123 seconds
[2024-09-21T08:18:13.494+0000] {processor.py:186} INFO - Started process (PID=2148) to work on /home/airflow/.local/lib/python3.12/site-packages/airflow/example_dags/example_branch_labels.py
[2024-09-21T08:18:13.495+0000] {processor.py:914} INFO - Processing file /home/airflow/.local/lib/python3.12/site-packages/airflow/example_dags/example_branch_labels.py for tasks to queue
[2024-09-21T08:18:13.499+0000] {logging_mixin.py:190} INFO - [2024-09-21T08:18:13.498+0000] {dagbag.py:587} INFO - Filling up the DagBag from /home/airflow/.local/lib/python3.12/site-packages/airflow/example_dags/example_branch_labels.py
[2024-09-21T08:18:13.511+0000] {processor.py:925} INFO - DAG(s) 'example_branch_labels' retrieved from /home/airflow/.local/lib/python3.12/site-packages/airflow/example_dags/example_branch_labels.py
[2024-09-21T08:18:13.540+0000] {logging_mixin.py:190} INFO - [2024-09-21T08:18:13.539+0000] {dag.py:3229} INFO - Sync 1 DAGs
[2024-09-21T08:18:13.578+0000] {logging_mixin.py:190} INFO - [2024-09-21T08:18:13.577+0000] {dag.py:4156} INFO - Setting next_dagrun for example_branch_labels to 2024-09-20 00:00:00+00:00, run_after=2024-09-21 00:00:00+00:00
[2024-09-21T08:18:13.606+0000] {processor.py:208} INFO - Processing /home/airflow/.local/lib/python3.12/site-packages/airflow/example_dags/example_branch_labels.py took 0.121 seconds
[2024-09-21T08:18:45.285+0000] {processor.py:186} INFO - Started process (PID=2212) to work on /home/airflow/.local/lib/python3.12/site-packages/airflow/example_dags/example_branch_labels.py
[2024-09-21T08:18:45.287+0000] {processor.py:914} INFO - Processing file /home/airflow/.local/lib/python3.12/site-packages/airflow/example_dags/example_branch_labels.py for tasks to queue
[2024-09-21T08:18:45.292+0000] {logging_mixin.py:190} INFO - [2024-09-21T08:18:45.291+0000] {dagbag.py:587} INFO - Filling up the DagBag from /home/airflow/.local/lib/python3.12/site-packages/airflow/example_dags/example_branch_labels.py
[2024-09-21T08:18:45.305+0000] {processor.py:925} INFO - DAG(s) 'example_branch_labels' retrieved from /home/airflow/.local/lib/python3.12/site-packages/airflow/example_dags/example_branch_labels.py
[2024-09-21T08:18:45.335+0000] {logging_mixin.py:190} INFO - [2024-09-21T08:18:45.335+0000] {dag.py:3229} INFO - Sync 1 DAGs
[2024-09-21T08:18:45.369+0000] {logging_mixin.py:190} INFO - [2024-09-21T08:18:45.369+0000] {dag.py:4156} INFO - Setting next_dagrun for example_branch_labels to 2024-09-20 00:00:00+00:00, run_after=2024-09-21 00:00:00+00:00
[2024-09-21T08:18:45.396+0000] {processor.py:208} INFO - Processing /home/airflow/.local/lib/python3.12/site-packages/airflow/example_dags/example_branch_labels.py took 0.118 seconds
[2024-09-21T08:19:16.531+0000] {processor.py:186} INFO - Started process (PID=2276) to work on /home/airflow/.local/lib/python3.12/site-packages/airflow/example_dags/example_branch_labels.py
[2024-09-21T08:19:16.533+0000] {processor.py:914} INFO - Processing file /home/airflow/.local/lib/python3.12/site-packages/airflow/example_dags/example_branch_labels.py for tasks to queue
[2024-09-21T08:19:16.537+0000] {logging_mixin.py:190} INFO - [2024-09-21T08:19:16.536+0000] {dagbag.py:587} INFO - Filling up the DagBag from /home/airflow/.local/lib/python3.12/site-packages/airflow/example_dags/example_branch_labels.py
[2024-09-21T08:19:16.550+0000] {processor.py:925} INFO - DAG(s) 'example_branch_labels' retrieved from /home/airflow/.local/lib/python3.12/site-packages/airflow/example_dags/example_branch_labels.py
[2024-09-21T08:19:16.581+0000] {logging_mixin.py:190} INFO - [2024-09-21T08:19:16.580+0000] {dag.py:3229} INFO - Sync 1 DAGs
[2024-09-21T08:19:16.617+0000] {logging_mixin.py:190} INFO - [2024-09-21T08:19:16.617+0000] {dag.py:4156} INFO - Setting next_dagrun for example_branch_labels to 2024-09-20 00:00:00+00:00, run_after=2024-09-21 00:00:00+00:00
[2024-09-21T08:19:16.645+0000] {processor.py:208} INFO - Processing /home/airflow/.local/lib/python3.12/site-packages/airflow/example_dags/example_branch_labels.py took 0.121 seconds
[2024-09-21T08:19:48.646+0000] {processor.py:186} INFO - Started process (PID=2340) to work on /home/airflow/.local/lib/python3.12/site-packages/airflow/example_dags/example_branch_labels.py
[2024-09-21T08:19:48.648+0000] {processor.py:914} INFO - Processing file /home/airflow/.local/lib/python3.12/site-packages/airflow/example_dags/example_branch_labels.py for tasks to queue
[2024-09-21T08:19:48.651+0000] {logging_mixin.py:190} INFO - [2024-09-21T08:19:48.650+0000] {dagbag.py:587} INFO - Filling up the DagBag from /home/airflow/.local/lib/python3.12/site-packages/airflow/example_dags/example_branch_labels.py
[2024-09-21T08:19:48.664+0000] {processor.py:925} INFO - DAG(s) 'example_branch_labels' retrieved from /home/airflow/.local/lib/python3.12/site-packages/airflow/example_dags/example_branch_labels.py
[2024-09-21T08:19:48.694+0000] {logging_mixin.py:190} INFO - [2024-09-21T08:19:48.694+0000] {dag.py:3229} INFO - Sync 1 DAGs
[2024-09-21T08:19:48.728+0000] {logging_mixin.py:190} INFO - [2024-09-21T08:19:48.728+0000] {dag.py:4156} INFO - Setting next_dagrun for example_branch_labels to 2024-09-20 00:00:00+00:00, run_after=2024-09-21 00:00:00+00:00
[2024-09-21T08:19:48.756+0000] {processor.py:208} INFO - Processing /home/airflow/.local/lib/python3.12/site-packages/airflow/example_dags/example_branch_labels.py took 0.117 seconds
[2024-09-21T08:20:19.815+0000] {processor.py:186} INFO - Started process (PID=2412) to work on /home/airflow/.local/lib/python3.12/site-packages/airflow/example_dags/example_branch_labels.py
[2024-09-21T08:20:19.816+0000] {processor.py:914} INFO - Processing file /home/airflow/.local/lib/python3.12/site-packages/airflow/example_dags/example_branch_labels.py for tasks to queue
[2024-09-21T08:20:19.819+0000] {logging_mixin.py:190} INFO - [2024-09-21T08:20:19.819+0000] {dagbag.py:587} INFO - Filling up the DagBag from /home/airflow/.local/lib/python3.12/site-packages/airflow/example_dags/example_branch_labels.py
[2024-09-21T08:20:19.831+0000] {processor.py:925} INFO - DAG(s) 'example_branch_labels' retrieved from /home/airflow/.local/lib/python3.12/site-packages/airflow/example_dags/example_branch_labels.py
[2024-09-21T08:20:19.858+0000] {logging_mixin.py:190} INFO - [2024-09-21T08:20:19.858+0000] {dag.py:3229} INFO - Sync 1 DAGs
[2024-09-21T08:20:19.892+0000] {logging_mixin.py:190} INFO - [2024-09-21T08:20:19.892+0000] {dag.py:4156} INFO - Setting next_dagrun for example_branch_labels to 2024-09-20 00:00:00+00:00, run_after=2024-09-21 00:00:00+00:00
[2024-09-21T08:20:19.918+0000] {processor.py:208} INFO - Processing /home/airflow/.local/lib/python3.12/site-packages/airflow/example_dags/example_branch_labels.py took 0.110 seconds
[2024-09-21T08:20:52.090+0000] {processor.py:186} INFO - Started process (PID=2476) to work on /home/airflow/.local/lib/python3.12/site-packages/airflow/example_dags/example_branch_labels.py
[2024-09-21T08:20:52.091+0000] {processor.py:914} INFO - Processing file /home/airflow/.local/lib/python3.12/site-packages/airflow/example_dags/example_branch_labels.py for tasks to queue
[2024-09-21T08:20:52.094+0000] {logging_mixin.py:190} INFO - [2024-09-21T08:20:52.094+0000] {dagbag.py:587} INFO - Filling up the DagBag from /home/airflow/.local/lib/python3.12/site-packages/airflow/example_dags/example_branch_labels.py
[2024-09-21T08:20:52.104+0000] {processor.py:925} INFO - DAG(s) 'example_branch_labels' retrieved from /home/airflow/.local/lib/python3.12/site-packages/airflow/example_dags/example_branch_labels.py
[2024-09-21T08:20:52.125+0000] {logging_mixin.py:190} INFO - [2024-09-21T08:20:52.125+0000] {dag.py:3229} INFO - Sync 1 DAGs
[2024-09-21T08:20:52.152+0000] {logging_mixin.py:190} INFO - [2024-09-21T08:20:52.152+0000] {dag.py:4156} INFO - Setting next_dagrun for example_branch_labels to 2024-09-20 00:00:00+00:00, run_after=2024-09-21 00:00:00+00:00
[2024-09-21T08:20:52.174+0000] {processor.py:208} INFO - Processing /home/airflow/.local/lib/python3.12/site-packages/airflow/example_dags/example_branch_labels.py took 0.089 seconds
[2024-09-21T08:21:23.855+0000] {processor.py:186} INFO - Started process (PID=2540) to work on /home/airflow/.local/lib/python3.12/site-packages/airflow/example_dags/example_branch_labels.py
[2024-09-21T08:21:23.857+0000] {processor.py:914} INFO - Processing file /home/airflow/.local/lib/python3.12/site-packages/airflow/example_dags/example_branch_labels.py for tasks to queue
[2024-09-21T08:21:23.860+0000] {logging_mixin.py:190} INFO - [2024-09-21T08:21:23.860+0000] {dagbag.py:587} INFO - Filling up the DagBag from /home/airflow/.local/lib/python3.12/site-packages/airflow/example_dags/example_branch_labels.py
[2024-09-21T08:21:23.873+0000] {processor.py:925} INFO - DAG(s) 'example_branch_labels' retrieved from /home/airflow/.local/lib/python3.12/site-packages/airflow/example_dags/example_branch_labels.py
[2024-09-21T08:21:23.903+0000] {logging_mixin.py:190} INFO - [2024-09-21T08:21:23.902+0000] {dag.py:3229} INFO - Sync 1 DAGs
[2024-09-21T08:21:23.944+0000] {logging_mixin.py:190} INFO - [2024-09-21T08:21:23.944+0000] {dag.py:4156} INFO - Setting next_dagrun for example_branch_labels to 2024-09-20 00:00:00+00:00, run_after=2024-09-21 00:00:00+00:00
[2024-09-21T08:21:23.975+0000] {processor.py:208} INFO - Processing /home/airflow/.local/lib/python3.12/site-packages/airflow/example_dags/example_branch_labels.py took 0.127 seconds
[2024-09-21T08:21:54.933+0000] {processor.py:186} INFO - Started process (PID=2604) to work on /home/airflow/.local/lib/python3.12/site-packages/airflow/example_dags/example_branch_labels.py
[2024-09-21T08:21:54.934+0000] {processor.py:914} INFO - Processing file /home/airflow/.local/lib/python3.12/site-packages/airflow/example_dags/example_branch_labels.py for tasks to queue
[2024-09-21T08:21:54.938+0000] {logging_mixin.py:190} INFO - [2024-09-21T08:21:54.937+0000] {dagbag.py:587} INFO - Filling up the DagBag from /home/airflow/.local/lib/python3.12/site-packages/airflow/example_dags/example_branch_labels.py
[2024-09-21T08:21:54.953+0000] {processor.py:925} INFO - DAG(s) 'example_branch_labels' retrieved from /home/airflow/.local/lib/python3.12/site-packages/airflow/example_dags/example_branch_labels.py
[2024-09-21T08:21:54.986+0000] {logging_mixin.py:190} INFO - [2024-09-21T08:21:54.985+0000] {dag.py:3229} INFO - Sync 1 DAGs
[2024-09-21T08:21:55.021+0000] {logging_mixin.py:190} INFO - [2024-09-21T08:21:55.021+0000] {dag.py:4156} INFO - Setting next_dagrun for example_branch_labels to 2024-09-20 00:00:00+00:00, run_after=2024-09-21 00:00:00+00:00
[2024-09-21T08:21:55.051+0000] {processor.py:208} INFO - Processing /home/airflow/.local/lib/python3.12/site-packages/airflow/example_dags/example_branch_labels.py took 0.127 seconds
[2024-09-21T08:22:25.840+0000] {processor.py:186} INFO - Started process (PID=2669) to work on /home/airflow/.local/lib/python3.12/site-packages/airflow/example_dags/example_branch_labels.py
[2024-09-21T08:22:25.841+0000] {processor.py:914} INFO - Processing file /home/airflow/.local/lib/python3.12/site-packages/airflow/example_dags/example_branch_labels.py for tasks to queue
[2024-09-21T08:22:25.846+0000] {logging_mixin.py:190} INFO - [2024-09-21T08:22:25.845+0000] {dagbag.py:587} INFO - Filling up the DagBag from /home/airflow/.local/lib/python3.12/site-packages/airflow/example_dags/example_branch_labels.py
[2024-09-21T08:22:25.862+0000] {processor.py:925} INFO - DAG(s) 'example_branch_labels' retrieved from /home/airflow/.local/lib/python3.12/site-packages/airflow/example_dags/example_branch_labels.py
[2024-09-21T08:22:25.910+0000] {logging_mixin.py:190} INFO - [2024-09-21T08:22:25.909+0000] {dag.py:3229} INFO - Sync 1 DAGs
[2024-09-21T08:22:25.957+0000] {logging_mixin.py:190} INFO - [2024-09-21T08:22:25.956+0000] {dag.py:4156} INFO - Setting next_dagrun for example_branch_labels to 2024-09-20 00:00:00+00:00, run_after=2024-09-21 00:00:00+00:00
[2024-09-21T08:22:25.986+0000] {processor.py:208} INFO - Processing /home/airflow/.local/lib/python3.12/site-packages/airflow/example_dags/example_branch_labels.py took 0.155 seconds
[2024-09-21T08:22:56.875+0000] {processor.py:186} INFO - Started process (PID=2733) to work on /home/airflow/.local/lib/python3.12/site-packages/airflow/example_dags/example_branch_labels.py
[2024-09-21T08:22:56.877+0000] {processor.py:914} INFO - Processing file /home/airflow/.local/lib/python3.12/site-packages/airflow/example_dags/example_branch_labels.py for tasks to queue
[2024-09-21T08:22:56.882+0000] {logging_mixin.py:190} INFO - [2024-09-21T08:22:56.881+0000] {dagbag.py:587} INFO - Filling up the DagBag from /home/airflow/.local/lib/python3.12/site-packages/airflow/example_dags/example_branch_labels.py
[2024-09-21T08:22:56.897+0000] {processor.py:925} INFO - DAG(s) 'example_branch_labels' retrieved from /home/airflow/.local/lib/python3.12/site-packages/airflow/example_dags/example_branch_labels.py
[2024-09-21T08:22:56.941+0000] {logging_mixin.py:190} INFO - [2024-09-21T08:22:56.941+0000] {dag.py:3229} INFO - Sync 1 DAGs
[2024-09-21T08:22:56.984+0000] {logging_mixin.py:190} INFO - [2024-09-21T08:22:56.984+0000] {dag.py:4156} INFO - Setting next_dagrun for example_branch_labels to 2024-09-20 00:00:00+00:00, run_after=2024-09-21 00:00:00+00:00
[2024-09-21T08:22:57.014+0000] {processor.py:208} INFO - Processing /home/airflow/.local/lib/python3.12/site-packages/airflow/example_dags/example_branch_labels.py took 0.146 seconds
[2024-09-21T08:23:28.435+0000] {processor.py:186} INFO - Started process (PID=2797) to work on /home/airflow/.local/lib/python3.12/site-packages/airflow/example_dags/example_branch_labels.py
[2024-09-21T08:23:28.437+0000] {processor.py:914} INFO - Processing file /home/airflow/.local/lib/python3.12/site-packages/airflow/example_dags/example_branch_labels.py for tasks to queue
[2024-09-21T08:23:28.440+0000] {logging_mixin.py:190} INFO - [2024-09-21T08:23:28.439+0000] {dagbag.py:587} INFO - Filling up the DagBag from /home/airflow/.local/lib/python3.12/site-packages/airflow/example_dags/example_branch_labels.py
[2024-09-21T08:23:28.452+0000] {processor.py:925} INFO - DAG(s) 'example_branch_labels' retrieved from /home/airflow/.local/lib/python3.12/site-packages/airflow/example_dags/example_branch_labels.py
[2024-09-21T08:23:28.481+0000] {logging_mixin.py:190} INFO - [2024-09-21T08:23:28.481+0000] {dag.py:3229} INFO - Sync 1 DAGs
[2024-09-21T08:23:28.518+0000] {logging_mixin.py:190} INFO - [2024-09-21T08:23:28.518+0000] {dag.py:4156} INFO - Setting next_dagrun for example_branch_labels to 2024-09-20 00:00:00+00:00, run_after=2024-09-21 00:00:00+00:00
[2024-09-21T08:23:28.549+0000] {processor.py:208} INFO - Processing /home/airflow/.local/lib/python3.12/site-packages/airflow/example_dags/example_branch_labels.py took 0.122 seconds
[2024-09-21T08:23:59.912+0000] {processor.py:186} INFO - Started process (PID=2861) to work on /home/airflow/.local/lib/python3.12/site-packages/airflow/example_dags/example_branch_labels.py
[2024-09-21T08:23:59.913+0000] {processor.py:914} INFO - Processing file /home/airflow/.local/lib/python3.12/site-packages/airflow/example_dags/example_branch_labels.py for tasks to queue
[2024-09-21T08:23:59.916+0000] {logging_mixin.py:190} INFO - [2024-09-21T08:23:59.915+0000] {dagbag.py:587} INFO - Filling up the DagBag from /home/airflow/.local/lib/python3.12/site-packages/airflow/example_dags/example_branch_labels.py
[2024-09-21T08:23:59.924+0000] {processor.py:925} INFO - DAG(s) 'example_branch_labels' retrieved from /home/airflow/.local/lib/python3.12/site-packages/airflow/example_dags/example_branch_labels.py
[2024-09-21T08:23:59.944+0000] {logging_mixin.py:190} INFO - [2024-09-21T08:23:59.944+0000] {dag.py:3229} INFO - Sync 1 DAGs
[2024-09-21T08:23:59.968+0000] {logging_mixin.py:190} INFO - [2024-09-21T08:23:59.968+0000] {dag.py:4156} INFO - Setting next_dagrun for example_branch_labels to 2024-09-20 00:00:00+00:00, run_after=2024-09-21 00:00:00+00:00
[2024-09-21T08:23:59.988+0000] {processor.py:208} INFO - Processing /home/airflow/.local/lib/python3.12/site-packages/airflow/example_dags/example_branch_labels.py took 0.084 seconds
[2024-09-21T08:24:33.648+0000] {processor.py:186} INFO - Started process (PID=2926) to work on /home/airflow/.local/lib/python3.12/site-packages/airflow/example_dags/example_branch_labels.py
[2024-09-21T08:24:33.649+0000] {processor.py:914} INFO - Processing file /home/airflow/.local/lib/python3.12/site-packages/airflow/example_dags/example_branch_labels.py for tasks to queue
[2024-09-21T08:24:33.652+0000] {logging_mixin.py:190} INFO - [2024-09-21T08:24:33.652+0000] {dagbag.py:587} INFO - Filling up the DagBag from /home/airflow/.local/lib/python3.12/site-packages/airflow/example_dags/example_branch_labels.py
[2024-09-21T08:24:33.664+0000] {processor.py:925} INFO - DAG(s) 'example_branch_labels' retrieved from /home/airflow/.local/lib/python3.12/site-packages/airflow/example_dags/example_branch_labels.py
[2024-09-21T08:24:33.693+0000] {logging_mixin.py:190} INFO - [2024-09-21T08:24:33.692+0000] {dag.py:3229} INFO - Sync 1 DAGs
[2024-09-21T08:24:34.094+0000] {logging_mixin.py:190} INFO - [2024-09-21T08:24:34.093+0000] {dag.py:4156} INFO - Setting next_dagrun for example_branch_labels to 2024-09-20 00:00:00+00:00, run_after=2024-09-21 00:00:00+00:00
[2024-09-21T08:24:34.145+0000] {processor.py:208} INFO - Processing /home/airflow/.local/lib/python3.12/site-packages/airflow/example_dags/example_branch_labels.py took 0.504 seconds
[2024-09-21T08:25:04.239+0000] {processor.py:186} INFO - Started process (PID=2990) to work on /home/airflow/.local/lib/python3.12/site-packages/airflow/example_dags/example_branch_labels.py
[2024-09-21T08:25:04.241+0000] {processor.py:914} INFO - Processing file /home/airflow/.local/lib/python3.12/site-packages/airflow/example_dags/example_branch_labels.py for tasks to queue
[2024-09-21T08:25:04.245+0000] {logging_mixin.py:190} INFO - [2024-09-21T08:25:04.244+0000] {dagbag.py:587} INFO - Filling up the DagBag from /home/airflow/.local/lib/python3.12/site-packages/airflow/example_dags/example_branch_labels.py
[2024-09-21T08:25:04.257+0000] {processor.py:925} INFO - DAG(s) 'example_branch_labels' retrieved from /home/airflow/.local/lib/python3.12/site-packages/airflow/example_dags/example_branch_labels.py
[2024-09-21T08:25:04.287+0000] {logging_mixin.py:190} INFO - [2024-09-21T08:25:04.287+0000] {dag.py:3229} INFO - Sync 1 DAGs
[2024-09-21T08:25:04.511+0000] {logging_mixin.py:190} INFO - [2024-09-21T08:25:04.510+0000] {dag.py:4156} INFO - Setting next_dagrun for example_branch_labels to 2024-09-20 00:00:00+00:00, run_after=2024-09-21 00:00:00+00:00
[2024-09-21T08:25:04.538+0000] {processor.py:208} INFO - Processing /home/airflow/.local/lib/python3.12/site-packages/airflow/example_dags/example_branch_labels.py took 0.306 seconds
