[2024-09-21T07:59:10.249+0000] {processor.py:186} INFO - Started process (PID=101) to work on /home/airflow/.local/lib/python3.12/site-packages/airflow/example_dags/example_skip_dag.py
[2024-09-21T07:59:10.251+0000] {processor.py:914} INFO - Processing file /home/airflow/.local/lib/python3.12/site-packages/airflow/example_dags/example_skip_dag.py for tasks to queue
[2024-09-21T07:59:10.255+0000] {logging_mixin.py:190} INFO - [2024-09-21T07:59:10.254+0000] {dagbag.py:587} INFO - Filling up the DagBag from /home/airflow/.local/lib/python3.12/site-packages/airflow/example_dags/example_skip_dag.py
[2024-09-21T07:59:10.271+0000] {processor.py:925} INFO - DAG(s) 'example_skip_dag' retrieved from /home/airflow/.local/lib/python3.12/site-packages/airflow/example_dags/example_skip_dag.py
[2024-09-21T07:59:10.370+0000] {logging_mixin.py:190} INFO - [2024-09-21T07:59:10.369+0000] {dag.py:3229} INFO - Sync 1 DAGs
[2024-09-21T07:59:10.468+0000] {logging_mixin.py:190} INFO - [2024-09-21T07:59:10.468+0000] {dag.py:4156} INFO - Setting next_dagrun for example_skip_dag to 2024-09-20 00:00:00+00:00, run_after=2024-09-21 00:00:00+00:00
[2024-09-21T07:59:10.563+0000] {processor.py:208} INFO - Processing /home/airflow/.local/lib/python3.12/site-packages/airflow/example_dags/example_skip_dag.py took 0.329 seconds
[2024-09-21T07:59:40.807+0000] {processor.py:186} INFO - Started process (PID=169) to work on /home/airflow/.local/lib/python3.12/site-packages/airflow/example_dags/example_skip_dag.py
[2024-09-21T07:59:40.809+0000] {processor.py:914} INFO - Processing file /home/airflow/.local/lib/python3.12/site-packages/airflow/example_dags/example_skip_dag.py for tasks to queue
[2024-09-21T07:59:40.814+0000] {logging_mixin.py:190} INFO - [2024-09-21T07:59:40.813+0000] {dagbag.py:587} INFO - Filling up the DagBag from /home/airflow/.local/lib/python3.12/site-packages/airflow/example_dags/example_skip_dag.py
[2024-09-21T07:59:40.828+0000] {processor.py:925} INFO - DAG(s) 'example_skip_dag' retrieved from /home/airflow/.local/lib/python3.12/site-packages/airflow/example_dags/example_skip_dag.py
[2024-09-21T07:59:40.864+0000] {logging_mixin.py:190} INFO - [2024-09-21T07:59:40.863+0000] {dag.py:3229} INFO - Sync 1 DAGs
[2024-09-21T07:59:40.903+0000] {logging_mixin.py:190} INFO - [2024-09-21T07:59:40.903+0000] {dag.py:4156} INFO - Setting next_dagrun for example_skip_dag to 2024-09-20 00:00:00+00:00, run_after=2024-09-21 00:00:00+00:00
[2024-09-21T07:59:40.954+0000] {processor.py:208} INFO - Processing /home/airflow/.local/lib/python3.12/site-packages/airflow/example_dags/example_skip_dag.py took 0.155 seconds
[2024-09-21T08:01:35.449+0000] {processor.py:186} INFO - Started process (PID=79) to work on /home/airflow/.local/lib/python3.12/site-packages/airflow/example_dags/example_skip_dag.py
[2024-09-21T08:01:35.451+0000] {processor.py:914} INFO - Processing file /home/airflow/.local/lib/python3.12/site-packages/airflow/example_dags/example_skip_dag.py for tasks to queue
[2024-09-21T08:01:35.455+0000] {logging_mixin.py:190} INFO - [2024-09-21T08:01:35.454+0000] {dagbag.py:587} INFO - Filling up the DagBag from /home/airflow/.local/lib/python3.12/site-packages/airflow/example_dags/example_skip_dag.py
[2024-09-21T08:01:35.464+0000] {processor.py:925} INFO - DAG(s) 'example_skip_dag' retrieved from /home/airflow/.local/lib/python3.12/site-packages/airflow/example_dags/example_skip_dag.py
[2024-09-21T08:01:35.494+0000] {logging_mixin.py:190} INFO - [2024-09-21T08:01:35.494+0000] {dag.py:3229} INFO - Sync 1 DAGs
[2024-09-21T08:01:35.522+0000] {logging_mixin.py:190} INFO - [2024-09-21T08:01:35.522+0000] {dag.py:4156} INFO - Setting next_dagrun for example_skip_dag to 2024-09-20 00:00:00+00:00, run_after=2024-09-21 00:00:00+00:00
[2024-09-21T08:01:35.547+0000] {processor.py:208} INFO - Processing /home/airflow/.local/lib/python3.12/site-packages/airflow/example_dags/example_skip_dag.py took 0.103 seconds
[2024-09-21T08:02:07.135+0000] {processor.py:186} INFO - Started process (PID=143) to work on /home/airflow/.local/lib/python3.12/site-packages/airflow/example_dags/example_skip_dag.py
[2024-09-21T08:02:07.137+0000] {processor.py:914} INFO - Processing file /home/airflow/.local/lib/python3.12/site-packages/airflow/example_dags/example_skip_dag.py for tasks to queue
[2024-09-21T08:02:07.140+0000] {logging_mixin.py:190} INFO - [2024-09-21T08:02:07.139+0000] {dagbag.py:587} INFO - Filling up the DagBag from /home/airflow/.local/lib/python3.12/site-packages/airflow/example_dags/example_skip_dag.py
[2024-09-21T08:02:07.152+0000] {processor.py:925} INFO - DAG(s) 'example_skip_dag' retrieved from /home/airflow/.local/lib/python3.12/site-packages/airflow/example_dags/example_skip_dag.py
[2024-09-21T08:02:07.183+0000] {logging_mixin.py:190} INFO - [2024-09-21T08:02:07.183+0000] {dag.py:3229} INFO - Sync 1 DAGs
[2024-09-21T08:02:07.219+0000] {logging_mixin.py:190} INFO - [2024-09-21T08:02:07.218+0000] {dag.py:4156} INFO - Setting next_dagrun for example_skip_dag to 2024-09-20 00:00:00+00:00, run_after=2024-09-21 00:00:00+00:00
[2024-09-21T08:02:07.249+0000] {processor.py:208} INFO - Processing /home/airflow/.local/lib/python3.12/site-packages/airflow/example_dags/example_skip_dag.py took 0.122 seconds
[2024-09-21T08:02:37.627+0000] {processor.py:186} INFO - Started process (PID=208) to work on /home/airflow/.local/lib/python3.12/site-packages/airflow/example_dags/example_skip_dag.py
[2024-09-21T08:02:37.629+0000] {processor.py:914} INFO - Processing file /home/airflow/.local/lib/python3.12/site-packages/airflow/example_dags/example_skip_dag.py for tasks to queue
[2024-09-21T08:02:37.633+0000] {logging_mixin.py:190} INFO - [2024-09-21T08:02:37.632+0000] {dagbag.py:587} INFO - Filling up the DagBag from /home/airflow/.local/lib/python3.12/site-packages/airflow/example_dags/example_skip_dag.py
[2024-09-21T08:02:37.645+0000] {processor.py:925} INFO - DAG(s) 'example_skip_dag' retrieved from /home/airflow/.local/lib/python3.12/site-packages/airflow/example_dags/example_skip_dag.py
[2024-09-21T08:02:37.681+0000] {logging_mixin.py:190} INFO - [2024-09-21T08:02:37.681+0000] {dag.py:3229} INFO - Sync 1 DAGs
[2024-09-21T08:02:37.716+0000] {logging_mixin.py:190} INFO - [2024-09-21T08:02:37.716+0000] {dag.py:4156} INFO - Setting next_dagrun for example_skip_dag to 2024-09-20 00:00:00+00:00, run_after=2024-09-21 00:00:00+00:00
[2024-09-21T08:02:37.745+0000] {processor.py:208} INFO - Processing /home/airflow/.local/lib/python3.12/site-packages/airflow/example_dags/example_skip_dag.py took 0.128 seconds
[2024-09-21T08:03:08.516+0000] {processor.py:186} INFO - Started process (PID=277) to work on /home/airflow/.local/lib/python3.12/site-packages/airflow/example_dags/example_skip_dag.py
[2024-09-21T08:03:08.518+0000] {processor.py:914} INFO - Processing file /home/airflow/.local/lib/python3.12/site-packages/airflow/example_dags/example_skip_dag.py for tasks to queue
[2024-09-21T08:03:08.521+0000] {logging_mixin.py:190} INFO - [2024-09-21T08:03:08.521+0000] {dagbag.py:587} INFO - Filling up the DagBag from /home/airflow/.local/lib/python3.12/site-packages/airflow/example_dags/example_skip_dag.py
[2024-09-21T08:03:08.531+0000] {processor.py:925} INFO - DAG(s) 'example_skip_dag' retrieved from /home/airflow/.local/lib/python3.12/site-packages/airflow/example_dags/example_skip_dag.py
[2024-09-21T08:03:08.561+0000] {logging_mixin.py:190} INFO - [2024-09-21T08:03:08.561+0000] {dag.py:3229} INFO - Sync 1 DAGs
[2024-09-21T08:03:08.595+0000] {logging_mixin.py:190} INFO - [2024-09-21T08:03:08.595+0000] {dag.py:4156} INFO - Setting next_dagrun for example_skip_dag to 2024-09-20 00:00:00+00:00, run_after=2024-09-21 00:00:00+00:00
[2024-09-21T08:03:08.631+0000] {processor.py:208} INFO - Processing /home/airflow/.local/lib/python3.12/site-packages/airflow/example_dags/example_skip_dag.py took 0.122 seconds
[2024-09-21T08:03:39.106+0000] {processor.py:186} INFO - Started process (PID=342) to work on /home/airflow/.local/lib/python3.12/site-packages/airflow/example_dags/example_skip_dag.py
[2024-09-21T08:03:39.108+0000] {processor.py:914} INFO - Processing file /home/airflow/.local/lib/python3.12/site-packages/airflow/example_dags/example_skip_dag.py for tasks to queue
[2024-09-21T08:03:39.112+0000] {logging_mixin.py:190} INFO - [2024-09-21T08:03:39.112+0000] {dagbag.py:587} INFO - Filling up the DagBag from /home/airflow/.local/lib/python3.12/site-packages/airflow/example_dags/example_skip_dag.py
[2024-09-21T08:03:39.122+0000] {processor.py:925} INFO - DAG(s) 'example_skip_dag' retrieved from /home/airflow/.local/lib/python3.12/site-packages/airflow/example_dags/example_skip_dag.py
[2024-09-21T08:03:39.153+0000] {logging_mixin.py:190} INFO - [2024-09-21T08:03:39.152+0000] {dag.py:3229} INFO - Sync 1 DAGs
[2024-09-21T08:03:39.187+0000] {logging_mixin.py:190} INFO - [2024-09-21T08:03:39.187+0000] {dag.py:4156} INFO - Setting next_dagrun for example_skip_dag to 2024-09-20 00:00:00+00:00, run_after=2024-09-21 00:00:00+00:00
[2024-09-21T08:03:39.218+0000] {processor.py:208} INFO - Processing /home/airflow/.local/lib/python3.12/site-packages/airflow/example_dags/example_skip_dag.py took 0.118 seconds
[2024-09-21T08:04:10.488+0000] {processor.py:186} INFO - Started process (PID=406) to work on /home/airflow/.local/lib/python3.12/site-packages/airflow/example_dags/example_skip_dag.py
[2024-09-21T08:04:10.490+0000] {processor.py:914} INFO - Processing file /home/airflow/.local/lib/python3.12/site-packages/airflow/example_dags/example_skip_dag.py for tasks to queue
[2024-09-21T08:04:10.493+0000] {logging_mixin.py:190} INFO - [2024-09-21T08:04:10.492+0000] {dagbag.py:587} INFO - Filling up the DagBag from /home/airflow/.local/lib/python3.12/site-packages/airflow/example_dags/example_skip_dag.py
[2024-09-21T08:04:10.503+0000] {processor.py:925} INFO - DAG(s) 'example_skip_dag' retrieved from /home/airflow/.local/lib/python3.12/site-packages/airflow/example_dags/example_skip_dag.py
[2024-09-21T08:04:10.532+0000] {logging_mixin.py:190} INFO - [2024-09-21T08:04:10.531+0000] {dag.py:3229} INFO - Sync 1 DAGs
[2024-09-21T08:04:10.564+0000] {logging_mixin.py:190} INFO - [2024-09-21T08:04:10.564+0000] {dag.py:4156} INFO - Setting next_dagrun for example_skip_dag to 2024-09-20 00:00:00+00:00, run_after=2024-09-21 00:00:00+00:00
[2024-09-21T08:04:10.596+0000] {processor.py:208} INFO - Processing /home/airflow/.local/lib/python3.12/site-packages/airflow/example_dags/example_skip_dag.py took 0.115 seconds
[2024-09-21T08:04:41.586+0000] {processor.py:186} INFO - Started process (PID=470) to work on /home/airflow/.local/lib/python3.12/site-packages/airflow/example_dags/example_skip_dag.py
[2024-09-21T08:04:41.588+0000] {processor.py:914} INFO - Processing file /home/airflow/.local/lib/python3.12/site-packages/airflow/example_dags/example_skip_dag.py for tasks to queue
[2024-09-21T08:04:41.593+0000] {logging_mixin.py:190} INFO - [2024-09-21T08:04:41.592+0000] {dagbag.py:587} INFO - Filling up the DagBag from /home/airflow/.local/lib/python3.12/site-packages/airflow/example_dags/example_skip_dag.py
[2024-09-21T08:04:41.607+0000] {processor.py:925} INFO - DAG(s) 'example_skip_dag' retrieved from /home/airflow/.local/lib/python3.12/site-packages/airflow/example_dags/example_skip_dag.py
[2024-09-21T08:04:41.650+0000] {logging_mixin.py:190} INFO - [2024-09-21T08:04:41.650+0000] {dag.py:3229} INFO - Sync 1 DAGs
[2024-09-21T08:04:41.712+0000] {logging_mixin.py:190} INFO - [2024-09-21T08:04:41.712+0000] {dag.py:4156} INFO - Setting next_dagrun for example_skip_dag to 2024-09-20 00:00:00+00:00, run_after=2024-09-21 00:00:00+00:00
[2024-09-21T08:04:41.751+0000] {processor.py:208} INFO - Processing /home/airflow/.local/lib/python3.12/site-packages/airflow/example_dags/example_skip_dag.py took 0.175 seconds
[2024-09-21T08:05:12.771+0000] {processor.py:186} INFO - Started process (PID=534) to work on /home/airflow/.local/lib/python3.12/site-packages/airflow/example_dags/example_skip_dag.py
[2024-09-21T08:05:12.773+0000] {processor.py:914} INFO - Processing file /home/airflow/.local/lib/python3.12/site-packages/airflow/example_dags/example_skip_dag.py for tasks to queue
[2024-09-21T08:05:12.776+0000] {logging_mixin.py:190} INFO - [2024-09-21T08:05:12.776+0000] {dagbag.py:587} INFO - Filling up the DagBag from /home/airflow/.local/lib/python3.12/site-packages/airflow/example_dags/example_skip_dag.py
[2024-09-21T08:05:12.788+0000] {processor.py:925} INFO - DAG(s) 'example_skip_dag' retrieved from /home/airflow/.local/lib/python3.12/site-packages/airflow/example_dags/example_skip_dag.py
[2024-09-21T08:05:12.819+0000] {logging_mixin.py:190} INFO - [2024-09-21T08:05:12.819+0000] {dag.py:3229} INFO - Sync 1 DAGs
[2024-09-21T08:05:12.855+0000] {logging_mixin.py:190} INFO - [2024-09-21T08:05:12.855+0000] {dag.py:4156} INFO - Setting next_dagrun for example_skip_dag to 2024-09-20 00:00:00+00:00, run_after=2024-09-21 00:00:00+00:00
[2024-09-21T08:05:12.890+0000] {processor.py:208} INFO - Processing /home/airflow/.local/lib/python3.12/site-packages/airflow/example_dags/example_skip_dag.py took 0.127 seconds
[2024-09-21T08:05:43.177+0000] {processor.py:186} INFO - Started process (PID=599) to work on /home/airflow/.local/lib/python3.12/site-packages/airflow/example_dags/example_skip_dag.py
[2024-09-21T08:05:43.179+0000] {processor.py:914} INFO - Processing file /home/airflow/.local/lib/python3.12/site-packages/airflow/example_dags/example_skip_dag.py for tasks to queue
[2024-09-21T08:05:43.182+0000] {logging_mixin.py:190} INFO - [2024-09-21T08:05:43.182+0000] {dagbag.py:587} INFO - Filling up the DagBag from /home/airflow/.local/lib/python3.12/site-packages/airflow/example_dags/example_skip_dag.py
[2024-09-21T08:05:43.190+0000] {processor.py:925} INFO - DAG(s) 'example_skip_dag' retrieved from /home/airflow/.local/lib/python3.12/site-packages/airflow/example_dags/example_skip_dag.py
[2024-09-21T08:05:43.215+0000] {logging_mixin.py:190} INFO - [2024-09-21T08:05:43.215+0000] {dag.py:3229} INFO - Sync 1 DAGs
[2024-09-21T08:05:43.239+0000] {logging_mixin.py:190} INFO - [2024-09-21T08:05:43.238+0000] {dag.py:4156} INFO - Setting next_dagrun for example_skip_dag to 2024-09-20 00:00:00+00:00, run_after=2024-09-21 00:00:00+00:00
[2024-09-21T08:05:43.263+0000] {processor.py:208} INFO - Processing /home/airflow/.local/lib/python3.12/site-packages/airflow/example_dags/example_skip_dag.py took 0.090 seconds
[2024-09-21T08:06:16.687+0000] {processor.py:186} INFO - Started process (PID=663) to work on /home/airflow/.local/lib/python3.12/site-packages/airflow/example_dags/example_skip_dag.py
[2024-09-21T08:06:16.688+0000] {processor.py:914} INFO - Processing file /home/airflow/.local/lib/python3.12/site-packages/airflow/example_dags/example_skip_dag.py for tasks to queue
[2024-09-21T08:06:16.691+0000] {logging_mixin.py:190} INFO - [2024-09-21T08:06:16.691+0000] {dagbag.py:587} INFO - Filling up the DagBag from /home/airflow/.local/lib/python3.12/site-packages/airflow/example_dags/example_skip_dag.py
[2024-09-21T08:06:16.700+0000] {processor.py:925} INFO - DAG(s) 'example_skip_dag' retrieved from /home/airflow/.local/lib/python3.12/site-packages/airflow/example_dags/example_skip_dag.py
[2024-09-21T08:06:16.726+0000] {logging_mixin.py:190} INFO - [2024-09-21T08:06:16.726+0000] {dag.py:3229} INFO - Sync 1 DAGs
[2024-09-21T08:06:16.754+0000] {logging_mixin.py:190} INFO - [2024-09-21T08:06:16.754+0000] {dag.py:4156} INFO - Setting next_dagrun for example_skip_dag to 2024-09-20 00:00:00+00:00, run_after=2024-09-21 00:00:00+00:00
[2024-09-21T08:06:16.780+0000] {processor.py:208} INFO - Processing /home/airflow/.local/lib/python3.12/site-packages/airflow/example_dags/example_skip_dag.py took 0.099 seconds
[2024-09-21T08:06:47.238+0000] {processor.py:186} INFO - Started process (PID=727) to work on /home/airflow/.local/lib/python3.12/site-packages/airflow/example_dags/example_skip_dag.py
[2024-09-21T08:06:47.240+0000] {processor.py:914} INFO - Processing file /home/airflow/.local/lib/python3.12/site-packages/airflow/example_dags/example_skip_dag.py for tasks to queue
[2024-09-21T08:06:47.244+0000] {logging_mixin.py:190} INFO - [2024-09-21T08:06:47.243+0000] {dagbag.py:587} INFO - Filling up the DagBag from /home/airflow/.local/lib/python3.12/site-packages/airflow/example_dags/example_skip_dag.py
[2024-09-21T08:06:47.254+0000] {processor.py:925} INFO - DAG(s) 'example_skip_dag' retrieved from /home/airflow/.local/lib/python3.12/site-packages/airflow/example_dags/example_skip_dag.py
[2024-09-21T08:06:47.288+0000] {logging_mixin.py:190} INFO - [2024-09-21T08:06:47.287+0000] {dag.py:3229} INFO - Sync 1 DAGs
[2024-09-21T08:06:47.329+0000] {logging_mixin.py:190} INFO - [2024-09-21T08:06:47.328+0000] {dag.py:4156} INFO - Setting next_dagrun for example_skip_dag to 2024-09-20 00:00:00+00:00, run_after=2024-09-21 00:00:00+00:00
[2024-09-21T08:06:47.367+0000] {processor.py:208} INFO - Processing /home/airflow/.local/lib/python3.12/site-packages/airflow/example_dags/example_skip_dag.py took 0.136 seconds
[2024-09-21T08:07:18.102+0000] {processor.py:186} INFO - Started process (PID=791) to work on /home/airflow/.local/lib/python3.12/site-packages/airflow/example_dags/example_skip_dag.py
[2024-09-21T08:07:18.103+0000] {processor.py:914} INFO - Processing file /home/airflow/.local/lib/python3.12/site-packages/airflow/example_dags/example_skip_dag.py for tasks to queue
[2024-09-21T08:07:18.107+0000] {logging_mixin.py:190} INFO - [2024-09-21T08:07:18.107+0000] {dagbag.py:587} INFO - Filling up the DagBag from /home/airflow/.local/lib/python3.12/site-packages/airflow/example_dags/example_skip_dag.py
[2024-09-21T08:07:18.116+0000] {processor.py:925} INFO - DAG(s) 'example_skip_dag' retrieved from /home/airflow/.local/lib/python3.12/site-packages/airflow/example_dags/example_skip_dag.py
[2024-09-21T08:07:18.146+0000] {logging_mixin.py:190} INFO - [2024-09-21T08:07:18.145+0000] {dag.py:3229} INFO - Sync 1 DAGs
[2024-09-21T08:07:18.180+0000] {logging_mixin.py:190} INFO - [2024-09-21T08:07:18.180+0000] {dag.py:4156} INFO - Setting next_dagrun for example_skip_dag to 2024-09-20 00:00:00+00:00, run_after=2024-09-21 00:00:00+00:00
[2024-09-21T08:07:18.217+0000] {processor.py:208} INFO - Processing /home/airflow/.local/lib/python3.12/site-packages/airflow/example_dags/example_skip_dag.py took 0.122 seconds
[2024-09-21T08:07:49.553+0000] {processor.py:186} INFO - Started process (PID=855) to work on /home/airflow/.local/lib/python3.12/site-packages/airflow/example_dags/example_skip_dag.py
[2024-09-21T08:07:49.555+0000] {processor.py:914} INFO - Processing file /home/airflow/.local/lib/python3.12/site-packages/airflow/example_dags/example_skip_dag.py for tasks to queue
[2024-09-21T08:07:49.558+0000] {logging_mixin.py:190} INFO - [2024-09-21T08:07:49.558+0000] {dagbag.py:587} INFO - Filling up the DagBag from /home/airflow/.local/lib/python3.12/site-packages/airflow/example_dags/example_skip_dag.py
[2024-09-21T08:07:49.569+0000] {processor.py:925} INFO - DAG(s) 'example_skip_dag' retrieved from /home/airflow/.local/lib/python3.12/site-packages/airflow/example_dags/example_skip_dag.py
[2024-09-21T08:07:49.605+0000] {logging_mixin.py:190} INFO - [2024-09-21T08:07:49.604+0000] {dag.py:3229} INFO - Sync 1 DAGs
[2024-09-21T08:07:49.644+0000] {logging_mixin.py:190} INFO - [2024-09-21T08:07:49.643+0000] {dag.py:4156} INFO - Setting next_dagrun for example_skip_dag to 2024-09-20 00:00:00+00:00, run_after=2024-09-21 00:00:00+00:00
[2024-09-21T08:07:49.675+0000] {processor.py:208} INFO - Processing /home/airflow/.local/lib/python3.12/site-packages/airflow/example_dags/example_skip_dag.py took 0.134 seconds
[2024-09-21T08:08:20.311+0000] {processor.py:186} INFO - Started process (PID=919) to work on /home/airflow/.local/lib/python3.12/site-packages/airflow/example_dags/example_skip_dag.py
[2024-09-21T08:08:20.315+0000] {processor.py:914} INFO - Processing file /home/airflow/.local/lib/python3.12/site-packages/airflow/example_dags/example_skip_dag.py for tasks to queue
[2024-09-21T08:08:20.318+0000] {logging_mixin.py:190} INFO - [2024-09-21T08:08:20.318+0000] {dagbag.py:587} INFO - Filling up the DagBag from /home/airflow/.local/lib/python3.12/site-packages/airflow/example_dags/example_skip_dag.py
[2024-09-21T08:08:20.330+0000] {processor.py:925} INFO - DAG(s) 'example_skip_dag' retrieved from /home/airflow/.local/lib/python3.12/site-packages/airflow/example_dags/example_skip_dag.py
[2024-09-21T08:08:20.365+0000] {logging_mixin.py:190} INFO - [2024-09-21T08:08:20.365+0000] {dag.py:3229} INFO - Sync 1 DAGs
[2024-09-21T08:08:20.404+0000] {logging_mixin.py:190} INFO - [2024-09-21T08:08:20.403+0000] {dag.py:4156} INFO - Setting next_dagrun for example_skip_dag to 2024-09-20 00:00:00+00:00, run_after=2024-09-21 00:00:00+00:00
[2024-09-21T08:08:20.438+0000] {processor.py:208} INFO - Processing /home/airflow/.local/lib/python3.12/site-packages/airflow/example_dags/example_skip_dag.py took 0.138 seconds
[2024-09-21T08:08:50.715+0000] {processor.py:186} INFO - Started process (PID=983) to work on /home/airflow/.local/lib/python3.12/site-packages/airflow/example_dags/example_skip_dag.py
[2024-09-21T08:08:50.716+0000] {processor.py:914} INFO - Processing file /home/airflow/.local/lib/python3.12/site-packages/airflow/example_dags/example_skip_dag.py for tasks to queue
[2024-09-21T08:08:50.720+0000] {logging_mixin.py:190} INFO - [2024-09-21T08:08:50.719+0000] {dagbag.py:587} INFO - Filling up the DagBag from /home/airflow/.local/lib/python3.12/site-packages/airflow/example_dags/example_skip_dag.py
[2024-09-21T08:08:50.730+0000] {processor.py:925} INFO - DAG(s) 'example_skip_dag' retrieved from /home/airflow/.local/lib/python3.12/site-packages/airflow/example_dags/example_skip_dag.py
[2024-09-21T08:08:50.762+0000] {logging_mixin.py:190} INFO - [2024-09-21T08:08:50.762+0000] {dag.py:3229} INFO - Sync 1 DAGs
[2024-09-21T08:08:50.801+0000] {logging_mixin.py:190} INFO - [2024-09-21T08:08:50.800+0000] {dag.py:4156} INFO - Setting next_dagrun for example_skip_dag to 2024-09-20 00:00:00+00:00, run_after=2024-09-21 00:00:00+00:00
[2024-09-21T08:08:50.831+0000] {processor.py:208} INFO - Processing /home/airflow/.local/lib/python3.12/site-packages/airflow/example_dags/example_skip_dag.py took 0.124 seconds
[2024-09-21T08:09:21.482+0000] {processor.py:186} INFO - Started process (PID=1047) to work on /home/airflow/.local/lib/python3.12/site-packages/airflow/example_dags/example_skip_dag.py
[2024-09-21T08:09:21.484+0000] {processor.py:914} INFO - Processing file /home/airflow/.local/lib/python3.12/site-packages/airflow/example_dags/example_skip_dag.py for tasks to queue
[2024-09-21T08:09:21.488+0000] {logging_mixin.py:190} INFO - [2024-09-21T08:09:21.487+0000] {dagbag.py:587} INFO - Filling up the DagBag from /home/airflow/.local/lib/python3.12/site-packages/airflow/example_dags/example_skip_dag.py
[2024-09-21T08:09:21.498+0000] {processor.py:925} INFO - DAG(s) 'example_skip_dag' retrieved from /home/airflow/.local/lib/python3.12/site-packages/airflow/example_dags/example_skip_dag.py
[2024-09-21T08:09:21.531+0000] {logging_mixin.py:190} INFO - [2024-09-21T08:09:21.531+0000] {dag.py:3229} INFO - Sync 1 DAGs
[2024-09-21T08:09:21.566+0000] {logging_mixin.py:190} INFO - [2024-09-21T08:09:21.565+0000] {dag.py:4156} INFO - Setting next_dagrun for example_skip_dag to 2024-09-20 00:00:00+00:00, run_after=2024-09-21 00:00:00+00:00
[2024-09-21T08:09:21.599+0000] {processor.py:208} INFO - Processing /home/airflow/.local/lib/python3.12/site-packages/airflow/example_dags/example_skip_dag.py took 0.124 seconds
[2024-09-21T08:09:52.310+0000] {processor.py:186} INFO - Started process (PID=1111) to work on /home/airflow/.local/lib/python3.12/site-packages/airflow/example_dags/example_skip_dag.py
[2024-09-21T08:09:52.312+0000] {processor.py:914} INFO - Processing file /home/airflow/.local/lib/python3.12/site-packages/airflow/example_dags/example_skip_dag.py for tasks to queue
[2024-09-21T08:09:52.317+0000] {logging_mixin.py:190} INFO - [2024-09-21T08:09:52.317+0000] {dagbag.py:587} INFO - Filling up the DagBag from /home/airflow/.local/lib/python3.12/site-packages/airflow/example_dags/example_skip_dag.py
[2024-09-21T08:09:52.331+0000] {processor.py:925} INFO - DAG(s) 'example_skip_dag' retrieved from /home/airflow/.local/lib/python3.12/site-packages/airflow/example_dags/example_skip_dag.py
[2024-09-21T08:09:52.379+0000] {logging_mixin.py:190} INFO - [2024-09-21T08:09:52.378+0000] {dag.py:3229} INFO - Sync 1 DAGs
[2024-09-21T08:09:52.428+0000] {logging_mixin.py:190} INFO - [2024-09-21T08:09:52.427+0000] {dag.py:4156} INFO - Setting next_dagrun for example_skip_dag to 2024-09-20 00:00:00+00:00, run_after=2024-09-21 00:00:00+00:00
[2024-09-21T08:09:52.463+0000] {processor.py:208} INFO - Processing /home/airflow/.local/lib/python3.12/site-packages/airflow/example_dags/example_skip_dag.py took 0.162 seconds
[2024-09-21T08:10:22.777+0000] {processor.py:186} INFO - Started process (PID=1179) to work on /home/airflow/.local/lib/python3.12/site-packages/airflow/example_dags/example_skip_dag.py
[2024-09-21T08:10:22.779+0000] {processor.py:914} INFO - Processing file /home/airflow/.local/lib/python3.12/site-packages/airflow/example_dags/example_skip_dag.py for tasks to queue
[2024-09-21T08:10:22.781+0000] {logging_mixin.py:190} INFO - [2024-09-21T08:10:22.781+0000] {dagbag.py:587} INFO - Filling up the DagBag from /home/airflow/.local/lib/python3.12/site-packages/airflow/example_dags/example_skip_dag.py
[2024-09-21T08:10:22.789+0000] {processor.py:925} INFO - DAG(s) 'example_skip_dag' retrieved from /home/airflow/.local/lib/python3.12/site-packages/airflow/example_dags/example_skip_dag.py
[2024-09-21T08:10:22.813+0000] {logging_mixin.py:190} INFO - [2024-09-21T08:10:22.813+0000] {dag.py:3229} INFO - Sync 1 DAGs
[2024-09-21T08:10:22.837+0000] {logging_mixin.py:190} INFO - [2024-09-21T08:10:22.837+0000] {dag.py:4156} INFO - Setting next_dagrun for example_skip_dag to 2024-09-20 00:00:00+00:00, run_after=2024-09-21 00:00:00+00:00
[2024-09-21T08:10:22.860+0000] {processor.py:208} INFO - Processing /home/airflow/.local/lib/python3.12/site-packages/airflow/example_dags/example_skip_dag.py took 0.087 seconds
[2024-09-21T08:10:54.121+0000] {processor.py:186} INFO - Started process (PID=1243) to work on /home/airflow/.local/lib/python3.12/site-packages/airflow/example_dags/example_skip_dag.py
[2024-09-21T08:10:54.124+0000] {processor.py:914} INFO - Processing file /home/airflow/.local/lib/python3.12/site-packages/airflow/example_dags/example_skip_dag.py for tasks to queue
[2024-09-21T08:10:54.127+0000] {logging_mixin.py:190} INFO - [2024-09-21T08:10:54.127+0000] {dagbag.py:587} INFO - Filling up the DagBag from /home/airflow/.local/lib/python3.12/site-packages/airflow/example_dags/example_skip_dag.py
[2024-09-21T08:10:54.137+0000] {processor.py:925} INFO - DAG(s) 'example_skip_dag' retrieved from /home/airflow/.local/lib/python3.12/site-packages/airflow/example_dags/example_skip_dag.py
[2024-09-21T08:10:54.166+0000] {logging_mixin.py:190} INFO - [2024-09-21T08:10:54.165+0000] {dag.py:3229} INFO - Sync 1 DAGs
[2024-09-21T08:10:54.199+0000] {logging_mixin.py:190} INFO - [2024-09-21T08:10:54.199+0000] {dag.py:4156} INFO - Setting next_dagrun for example_skip_dag to 2024-09-20 00:00:00+00:00, run_after=2024-09-21 00:00:00+00:00
[2024-09-21T08:10:54.232+0000] {processor.py:208} INFO - Processing /home/airflow/.local/lib/python3.12/site-packages/airflow/example_dags/example_skip_dag.py took 0.117 seconds
[2024-09-21T08:11:24.972+0000] {processor.py:186} INFO - Started process (PID=1308) to work on /home/airflow/.local/lib/python3.12/site-packages/airflow/example_dags/example_skip_dag.py
[2024-09-21T08:11:24.973+0000] {processor.py:914} INFO - Processing file /home/airflow/.local/lib/python3.12/site-packages/airflow/example_dags/example_skip_dag.py for tasks to queue
[2024-09-21T08:11:24.977+0000] {logging_mixin.py:190} INFO - [2024-09-21T08:11:24.976+0000] {dagbag.py:587} INFO - Filling up the DagBag from /home/airflow/.local/lib/python3.12/site-packages/airflow/example_dags/example_skip_dag.py
[2024-09-21T08:11:24.988+0000] {processor.py:925} INFO - DAG(s) 'example_skip_dag' retrieved from /home/airflow/.local/lib/python3.12/site-packages/airflow/example_dags/example_skip_dag.py
[2024-09-21T08:11:25.020+0000] {logging_mixin.py:190} INFO - [2024-09-21T08:11:25.019+0000] {dag.py:3229} INFO - Sync 1 DAGs
[2024-09-21T08:11:25.056+0000] {logging_mixin.py:190} INFO - [2024-09-21T08:11:25.056+0000] {dag.py:4156} INFO - Setting next_dagrun for example_skip_dag to 2024-09-20 00:00:00+00:00, run_after=2024-09-21 00:00:00+00:00
[2024-09-21T08:11:25.088+0000] {processor.py:208} INFO - Processing /home/airflow/.local/lib/python3.12/site-packages/airflow/example_dags/example_skip_dag.py took 0.123 seconds
[2024-09-21T08:11:55.633+0000] {processor.py:186} INFO - Started process (PID=1372) to work on /home/airflow/.local/lib/python3.12/site-packages/airflow/example_dags/example_skip_dag.py
[2024-09-21T08:11:55.636+0000] {processor.py:914} INFO - Processing file /home/airflow/.local/lib/python3.12/site-packages/airflow/example_dags/example_skip_dag.py for tasks to queue
[2024-09-21T08:11:55.640+0000] {logging_mixin.py:190} INFO - [2024-09-21T08:11:55.639+0000] {dagbag.py:587} INFO - Filling up the DagBag from /home/airflow/.local/lib/python3.12/site-packages/airflow/example_dags/example_skip_dag.py
[2024-09-21T08:11:55.649+0000] {processor.py:925} INFO - DAG(s) 'example_skip_dag' retrieved from /home/airflow/.local/lib/python3.12/site-packages/airflow/example_dags/example_skip_dag.py
[2024-09-21T08:11:55.679+0000] {logging_mixin.py:190} INFO - [2024-09-21T08:11:55.679+0000] {dag.py:3229} INFO - Sync 1 DAGs
[2024-09-21T08:11:55.712+0000] {logging_mixin.py:190} INFO - [2024-09-21T08:11:55.711+0000] {dag.py:4156} INFO - Setting next_dagrun for example_skip_dag to 2024-09-20 00:00:00+00:00, run_after=2024-09-21 00:00:00+00:00
[2024-09-21T08:11:55.747+0000] {processor.py:208} INFO - Processing /home/airflow/.local/lib/python3.12/site-packages/airflow/example_dags/example_skip_dag.py took 0.121 seconds
[2024-09-21T08:12:26.485+0000] {processor.py:186} INFO - Started process (PID=1436) to work on /home/airflow/.local/lib/python3.12/site-packages/airflow/example_dags/example_skip_dag.py
[2024-09-21T08:12:26.487+0000] {processor.py:914} INFO - Processing file /home/airflow/.local/lib/python3.12/site-packages/airflow/example_dags/example_skip_dag.py for tasks to queue
[2024-09-21T08:12:26.491+0000] {logging_mixin.py:190} INFO - [2024-09-21T08:12:26.490+0000] {dagbag.py:587} INFO - Filling up the DagBag from /home/airflow/.local/lib/python3.12/site-packages/airflow/example_dags/example_skip_dag.py
[2024-09-21T08:12:26.503+0000] {processor.py:925} INFO - DAG(s) 'example_skip_dag' retrieved from /home/airflow/.local/lib/python3.12/site-packages/airflow/example_dags/example_skip_dag.py
[2024-09-21T08:12:26.535+0000] {logging_mixin.py:190} INFO - [2024-09-21T08:12:26.535+0000] {dag.py:3229} INFO - Sync 1 DAGs
[2024-09-21T08:12:26.572+0000] {logging_mixin.py:190} INFO - [2024-09-21T08:12:26.572+0000] {dag.py:4156} INFO - Setting next_dagrun for example_skip_dag to 2024-09-20 00:00:00+00:00, run_after=2024-09-21 00:00:00+00:00
[2024-09-21T08:12:26.601+0000] {processor.py:208} INFO - Processing /home/airflow/.local/lib/python3.12/site-packages/airflow/example_dags/example_skip_dag.py took 0.123 seconds
[2024-09-21T08:12:56.992+0000] {processor.py:186} INFO - Started process (PID=1501) to work on /home/airflow/.local/lib/python3.12/site-packages/airflow/example_dags/example_skip_dag.py
[2024-09-21T08:12:56.993+0000] {processor.py:914} INFO - Processing file /home/airflow/.local/lib/python3.12/site-packages/airflow/example_dags/example_skip_dag.py for tasks to queue
[2024-09-21T08:12:56.996+0000] {logging_mixin.py:190} INFO - [2024-09-21T08:12:56.995+0000] {dagbag.py:587} INFO - Filling up the DagBag from /home/airflow/.local/lib/python3.12/site-packages/airflow/example_dags/example_skip_dag.py
[2024-09-21T08:12:57.006+0000] {processor.py:925} INFO - DAG(s) 'example_skip_dag' retrieved from /home/airflow/.local/lib/python3.12/site-packages/airflow/example_dags/example_skip_dag.py
[2024-09-21T08:12:57.036+0000] {logging_mixin.py:190} INFO - [2024-09-21T08:12:57.036+0000] {dag.py:3229} INFO - Sync 1 DAGs
[2024-09-21T08:12:57.072+0000] {logging_mixin.py:190} INFO - [2024-09-21T08:12:57.071+0000] {dag.py:4156} INFO - Setting next_dagrun for example_skip_dag to 2024-09-20 00:00:00+00:00, run_after=2024-09-21 00:00:00+00:00
[2024-09-21T08:12:57.101+0000] {processor.py:208} INFO - Processing /home/airflow/.local/lib/python3.12/site-packages/airflow/example_dags/example_skip_dag.py took 0.116 seconds
[2024-09-21T08:13:27.590+0000] {processor.py:186} INFO - Started process (PID=1565) to work on /home/airflow/.local/lib/python3.12/site-packages/airflow/example_dags/example_skip_dag.py
[2024-09-21T08:13:27.591+0000] {processor.py:914} INFO - Processing file /home/airflow/.local/lib/python3.12/site-packages/airflow/example_dags/example_skip_dag.py for tasks to queue
[2024-09-21T08:13:27.595+0000] {logging_mixin.py:190} INFO - [2024-09-21T08:13:27.594+0000] {dagbag.py:587} INFO - Filling up the DagBag from /home/airflow/.local/lib/python3.12/site-packages/airflow/example_dags/example_skip_dag.py
[2024-09-21T08:13:27.605+0000] {processor.py:925} INFO - DAG(s) 'example_skip_dag' retrieved from /home/airflow/.local/lib/python3.12/site-packages/airflow/example_dags/example_skip_dag.py
[2024-09-21T08:13:27.635+0000] {logging_mixin.py:190} INFO - [2024-09-21T08:13:27.635+0000] {dag.py:3229} INFO - Sync 1 DAGs
[2024-09-21T08:13:27.673+0000] {logging_mixin.py:190} INFO - [2024-09-21T08:13:27.672+0000] {dag.py:4156} INFO - Setting next_dagrun for example_skip_dag to 2024-09-20 00:00:00+00:00, run_after=2024-09-21 00:00:00+00:00
[2024-09-21T08:13:27.705+0000] {processor.py:208} INFO - Processing /home/airflow/.local/lib/python3.12/site-packages/airflow/example_dags/example_skip_dag.py took 0.122 seconds
[2024-09-21T08:13:59.836+0000] {processor.py:186} INFO - Started process (PID=1629) to work on /home/airflow/.local/lib/python3.12/site-packages/airflow/example_dags/example_skip_dag.py
[2024-09-21T08:13:59.839+0000] {processor.py:914} INFO - Processing file /home/airflow/.local/lib/python3.12/site-packages/airflow/example_dags/example_skip_dag.py for tasks to queue
[2024-09-21T08:13:59.842+0000] {logging_mixin.py:190} INFO - [2024-09-21T08:13:59.841+0000] {dagbag.py:587} INFO - Filling up the DagBag from /home/airflow/.local/lib/python3.12/site-packages/airflow/example_dags/example_skip_dag.py
[2024-09-21T08:13:59.851+0000] {processor.py:925} INFO - DAG(s) 'example_skip_dag' retrieved from /home/airflow/.local/lib/python3.12/site-packages/airflow/example_dags/example_skip_dag.py
[2024-09-21T08:13:59.885+0000] {logging_mixin.py:190} INFO - [2024-09-21T08:13:59.885+0000] {dag.py:3229} INFO - Sync 1 DAGs
[2024-09-21T08:13:59.918+0000] {logging_mixin.py:190} INFO - [2024-09-21T08:13:59.918+0000] {dag.py:4156} INFO - Setting next_dagrun for example_skip_dag to 2024-09-20 00:00:00+00:00, run_after=2024-09-21 00:00:00+00:00
[2024-09-21T08:13:59.947+0000] {processor.py:208} INFO - Processing /home/airflow/.local/lib/python3.12/site-packages/airflow/example_dags/example_skip_dag.py took 0.119 seconds
[2024-09-21T08:14:30.565+0000] {processor.py:186} INFO - Started process (PID=1693) to work on /home/airflow/.local/lib/python3.12/site-packages/airflow/example_dags/example_skip_dag.py
[2024-09-21T08:14:30.567+0000] {processor.py:914} INFO - Processing file /home/airflow/.local/lib/python3.12/site-packages/airflow/example_dags/example_skip_dag.py for tasks to queue
[2024-09-21T08:14:30.570+0000] {logging_mixin.py:190} INFO - [2024-09-21T08:14:30.570+0000] {dagbag.py:587} INFO - Filling up the DagBag from /home/airflow/.local/lib/python3.12/site-packages/airflow/example_dags/example_skip_dag.py
[2024-09-21T08:14:30.581+0000] {processor.py:925} INFO - DAG(s) 'example_skip_dag' retrieved from /home/airflow/.local/lib/python3.12/site-packages/airflow/example_dags/example_skip_dag.py
[2024-09-21T08:14:30.612+0000] {logging_mixin.py:190} INFO - [2024-09-21T08:14:30.612+0000] {dag.py:3229} INFO - Sync 1 DAGs
[2024-09-21T08:14:30.648+0000] {logging_mixin.py:190} INFO - [2024-09-21T08:14:30.647+0000] {dag.py:4156} INFO - Setting next_dagrun for example_skip_dag to 2024-09-20 00:00:00+00:00, run_after=2024-09-21 00:00:00+00:00
[2024-09-21T08:14:30.678+0000] {processor.py:208} INFO - Processing /home/airflow/.local/lib/python3.12/site-packages/airflow/example_dags/example_skip_dag.py took 0.121 seconds
[2024-09-21T08:15:01.501+0000] {processor.py:186} INFO - Started process (PID=1757) to work on /home/airflow/.local/lib/python3.12/site-packages/airflow/example_dags/example_skip_dag.py
[2024-09-21T08:15:01.502+0000] {processor.py:914} INFO - Processing file /home/airflow/.local/lib/python3.12/site-packages/airflow/example_dags/example_skip_dag.py for tasks to queue
[2024-09-21T08:15:01.506+0000] {logging_mixin.py:190} INFO - [2024-09-21T08:15:01.505+0000] {dagbag.py:587} INFO - Filling up the DagBag from /home/airflow/.local/lib/python3.12/site-packages/airflow/example_dags/example_skip_dag.py
[2024-09-21T08:15:01.516+0000] {processor.py:925} INFO - DAG(s) 'example_skip_dag' retrieved from /home/airflow/.local/lib/python3.12/site-packages/airflow/example_dags/example_skip_dag.py
[2024-09-21T08:15:01.570+0000] {logging_mixin.py:190} INFO - [2024-09-21T08:15:01.570+0000] {dag.py:3229} INFO - Sync 1 DAGs
[2024-09-21T08:15:01.605+0000] {logging_mixin.py:190} INFO - [2024-09-21T08:15:01.604+0000] {dag.py:4156} INFO - Setting next_dagrun for example_skip_dag to 2024-09-20 00:00:00+00:00, run_after=2024-09-21 00:00:00+00:00
[2024-09-21T08:15:01.634+0000] {processor.py:208} INFO - Processing /home/airflow/.local/lib/python3.12/site-packages/airflow/example_dags/example_skip_dag.py took 0.140 seconds
[2024-09-21T08:15:32.492+0000] {processor.py:186} INFO - Started process (PID=1822) to work on /home/airflow/.local/lib/python3.12/site-packages/airflow/example_dags/example_skip_dag.py
[2024-09-21T08:15:32.494+0000] {processor.py:914} INFO - Processing file /home/airflow/.local/lib/python3.12/site-packages/airflow/example_dags/example_skip_dag.py for tasks to queue
[2024-09-21T08:15:32.498+0000] {logging_mixin.py:190} INFO - [2024-09-21T08:15:32.497+0000] {dagbag.py:587} INFO - Filling up the DagBag from /home/airflow/.local/lib/python3.12/site-packages/airflow/example_dags/example_skip_dag.py
[2024-09-21T08:15:32.508+0000] {processor.py:925} INFO - DAG(s) 'example_skip_dag' retrieved from /home/airflow/.local/lib/python3.12/site-packages/airflow/example_dags/example_skip_dag.py
[2024-09-21T08:15:32.539+0000] {logging_mixin.py:190} INFO - [2024-09-21T08:15:32.539+0000] {dag.py:3229} INFO - Sync 1 DAGs
[2024-09-21T08:15:32.574+0000] {logging_mixin.py:190} INFO - [2024-09-21T08:15:32.574+0000] {dag.py:4156} INFO - Setting next_dagrun for example_skip_dag to 2024-09-20 00:00:00+00:00, run_after=2024-09-21 00:00:00+00:00
[2024-09-21T08:15:32.607+0000] {processor.py:208} INFO - Processing /home/airflow/.local/lib/python3.12/site-packages/airflow/example_dags/example_skip_dag.py took 0.122 seconds
[2024-09-21T08:16:04.235+0000] {processor.py:186} INFO - Started process (PID=1887) to work on /home/airflow/.local/lib/python3.12/site-packages/airflow/example_dags/example_skip_dag.py
[2024-09-21T08:16:04.237+0000] {processor.py:914} INFO - Processing file /home/airflow/.local/lib/python3.12/site-packages/airflow/example_dags/example_skip_dag.py for tasks to queue
[2024-09-21T08:16:04.240+0000] {logging_mixin.py:190} INFO - [2024-09-21T08:16:04.240+0000] {dagbag.py:587} INFO - Filling up the DagBag from /home/airflow/.local/lib/python3.12/site-packages/airflow/example_dags/example_skip_dag.py
[2024-09-21T08:16:04.251+0000] {processor.py:925} INFO - DAG(s) 'example_skip_dag' retrieved from /home/airflow/.local/lib/python3.12/site-packages/airflow/example_dags/example_skip_dag.py
[2024-09-21T08:16:04.281+0000] {logging_mixin.py:190} INFO - [2024-09-21T08:16:04.281+0000] {dag.py:3229} INFO - Sync 1 DAGs
[2024-09-21T08:16:04.316+0000] {logging_mixin.py:190} INFO - [2024-09-21T08:16:04.316+0000] {dag.py:4156} INFO - Setting next_dagrun for example_skip_dag to 2024-09-20 00:00:00+00:00, run_after=2024-09-21 00:00:00+00:00
[2024-09-21T08:16:04.346+0000] {processor.py:208} INFO - Processing /home/airflow/.local/lib/python3.12/site-packages/airflow/example_dags/example_skip_dag.py took 0.118 seconds
[2024-09-21T08:16:39.354+0000] {processor.py:186} INFO - Started process (PID=1951) to work on /home/airflow/.local/lib/python3.12/site-packages/airflow/example_dags/example_skip_dag.py
[2024-09-21T08:16:39.355+0000] {processor.py:914} INFO - Processing file /home/airflow/.local/lib/python3.12/site-packages/airflow/example_dags/example_skip_dag.py for tasks to queue
[2024-09-21T08:16:39.358+0000] {logging_mixin.py:190} INFO - [2024-09-21T08:16:39.357+0000] {dagbag.py:587} INFO - Filling up the DagBag from /home/airflow/.local/lib/python3.12/site-packages/airflow/example_dags/example_skip_dag.py
[2024-09-21T08:16:39.366+0000] {processor.py:925} INFO - DAG(s) 'example_skip_dag' retrieved from /home/airflow/.local/lib/python3.12/site-packages/airflow/example_dags/example_skip_dag.py
[2024-09-21T08:16:39.389+0000] {logging_mixin.py:190} INFO - [2024-09-21T08:16:39.389+0000] {dag.py:3229} INFO - Sync 1 DAGs
[2024-09-21T08:16:39.412+0000] {logging_mixin.py:190} INFO - [2024-09-21T08:16:39.412+0000] {dag.py:4156} INFO - Setting next_dagrun for example_skip_dag to 2024-09-20 00:00:00+00:00, run_after=2024-09-21 00:00:00+00:00
[2024-09-21T08:16:39.434+0000] {processor.py:208} INFO - Processing /home/airflow/.local/lib/python3.12/site-packages/airflow/example_dags/example_skip_dag.py took 0.085 seconds
[2024-09-21T08:17:10.471+0000] {processor.py:186} INFO - Started process (PID=2021) to work on /home/airflow/.local/lib/python3.12/site-packages/airflow/example_dags/example_skip_dag.py
[2024-09-21T08:17:10.473+0000] {processor.py:914} INFO - Processing file /home/airflow/.local/lib/python3.12/site-packages/airflow/example_dags/example_skip_dag.py for tasks to queue
[2024-09-21T08:17:10.476+0000] {logging_mixin.py:190} INFO - [2024-09-21T08:17:10.476+0000] {dagbag.py:587} INFO - Filling up the DagBag from /home/airflow/.local/lib/python3.12/site-packages/airflow/example_dags/example_skip_dag.py
[2024-09-21T08:17:10.488+0000] {processor.py:925} INFO - DAG(s) 'example_skip_dag' retrieved from /home/airflow/.local/lib/python3.12/site-packages/airflow/example_dags/example_skip_dag.py
[2024-09-21T08:17:10.519+0000] {logging_mixin.py:190} INFO - [2024-09-21T08:17:10.519+0000] {dag.py:3229} INFO - Sync 1 DAGs
[2024-09-21T08:17:10.555+0000] {logging_mixin.py:190} INFO - [2024-09-21T08:17:10.554+0000] {dag.py:4156} INFO - Setting next_dagrun for example_skip_dag to 2024-09-20 00:00:00+00:00, run_after=2024-09-21 00:00:00+00:00
[2024-09-21T08:17:10.584+0000] {processor.py:208} INFO - Processing /home/airflow/.local/lib/python3.12/site-packages/airflow/example_dags/example_skip_dag.py took 0.121 seconds
[2024-09-21T08:17:42.041+0000] {processor.py:186} INFO - Started process (PID=2086) to work on /home/airflow/.local/lib/python3.12/site-packages/airflow/example_dags/example_skip_dag.py
[2024-09-21T08:17:42.043+0000] {processor.py:914} INFO - Processing file /home/airflow/.local/lib/python3.12/site-packages/airflow/example_dags/example_skip_dag.py for tasks to queue
[2024-09-21T08:17:42.046+0000] {logging_mixin.py:190} INFO - [2024-09-21T08:17:42.046+0000] {dagbag.py:587} INFO - Filling up the DagBag from /home/airflow/.local/lib/python3.12/site-packages/airflow/example_dags/example_skip_dag.py
[2024-09-21T08:17:42.057+0000] {processor.py:925} INFO - DAG(s) 'example_skip_dag' retrieved from /home/airflow/.local/lib/python3.12/site-packages/airflow/example_dags/example_skip_dag.py
[2024-09-21T08:17:42.089+0000] {logging_mixin.py:190} INFO - [2024-09-21T08:17:42.089+0000] {dag.py:3229} INFO - Sync 1 DAGs
[2024-09-21T08:17:42.122+0000] {logging_mixin.py:190} INFO - [2024-09-21T08:17:42.121+0000] {dag.py:4156} INFO - Setting next_dagrun for example_skip_dag to 2024-09-20 00:00:00+00:00, run_after=2024-09-21 00:00:00+00:00
[2024-09-21T08:17:42.148+0000] {processor.py:208} INFO - Processing /home/airflow/.local/lib/python3.12/site-packages/airflow/example_dags/example_skip_dag.py took 0.115 seconds
[2024-09-21T08:18:13.668+0000] {processor.py:186} INFO - Started process (PID=2150) to work on /home/airflow/.local/lib/python3.12/site-packages/airflow/example_dags/example_skip_dag.py
[2024-09-21T08:18:13.669+0000] {processor.py:914} INFO - Processing file /home/airflow/.local/lib/python3.12/site-packages/airflow/example_dags/example_skip_dag.py for tasks to queue
[2024-09-21T08:18:13.672+0000] {logging_mixin.py:190} INFO - [2024-09-21T08:18:13.672+0000] {dagbag.py:587} INFO - Filling up the DagBag from /home/airflow/.local/lib/python3.12/site-packages/airflow/example_dags/example_skip_dag.py
[2024-09-21T08:18:13.683+0000] {processor.py:925} INFO - DAG(s) 'example_skip_dag' retrieved from /home/airflow/.local/lib/python3.12/site-packages/airflow/example_dags/example_skip_dag.py
[2024-09-21T08:18:13.712+0000] {logging_mixin.py:190} INFO - [2024-09-21T08:18:13.712+0000] {dag.py:3229} INFO - Sync 1 DAGs
[2024-09-21T08:18:13.744+0000] {logging_mixin.py:190} INFO - [2024-09-21T08:18:13.744+0000] {dag.py:4156} INFO - Setting next_dagrun for example_skip_dag to 2024-09-20 00:00:00+00:00, run_after=2024-09-21 00:00:00+00:00
[2024-09-21T08:18:13.774+0000] {processor.py:208} INFO - Processing /home/airflow/.local/lib/python3.12/site-packages/airflow/example_dags/example_skip_dag.py took 0.113 seconds
[2024-09-21T08:18:45.446+0000] {processor.py:186} INFO - Started process (PID=2214) to work on /home/airflow/.local/lib/python3.12/site-packages/airflow/example_dags/example_skip_dag.py
[2024-09-21T08:18:45.447+0000] {processor.py:914} INFO - Processing file /home/airflow/.local/lib/python3.12/site-packages/airflow/example_dags/example_skip_dag.py for tasks to queue
[2024-09-21T08:18:45.452+0000] {logging_mixin.py:190} INFO - [2024-09-21T08:18:45.451+0000] {dagbag.py:587} INFO - Filling up the DagBag from /home/airflow/.local/lib/python3.12/site-packages/airflow/example_dags/example_skip_dag.py
[2024-09-21T08:18:45.463+0000] {processor.py:925} INFO - DAG(s) 'example_skip_dag' retrieved from /home/airflow/.local/lib/python3.12/site-packages/airflow/example_dags/example_skip_dag.py
[2024-09-21T08:18:45.493+0000] {logging_mixin.py:190} INFO - [2024-09-21T08:18:45.493+0000] {dag.py:3229} INFO - Sync 1 DAGs
[2024-09-21T08:18:45.527+0000] {logging_mixin.py:190} INFO - [2024-09-21T08:18:45.526+0000] {dag.py:4156} INFO - Setting next_dagrun for example_skip_dag to 2024-09-20 00:00:00+00:00, run_after=2024-09-21 00:00:00+00:00
[2024-09-21T08:18:45.558+0000] {processor.py:208} INFO - Processing /home/airflow/.local/lib/python3.12/site-packages/airflow/example_dags/example_skip_dag.py took 0.119 seconds
[2024-09-21T08:19:16.697+0000] {processor.py:186} INFO - Started process (PID=2278) to work on /home/airflow/.local/lib/python3.12/site-packages/airflow/example_dags/example_skip_dag.py
[2024-09-21T08:19:16.698+0000] {processor.py:914} INFO - Processing file /home/airflow/.local/lib/python3.12/site-packages/airflow/example_dags/example_skip_dag.py for tasks to queue
[2024-09-21T08:19:16.702+0000] {logging_mixin.py:190} INFO - [2024-09-21T08:19:16.702+0000] {dagbag.py:587} INFO - Filling up the DagBag from /home/airflow/.local/lib/python3.12/site-packages/airflow/example_dags/example_skip_dag.py
[2024-09-21T08:19:16.713+0000] {processor.py:925} INFO - DAG(s) 'example_skip_dag' retrieved from /home/airflow/.local/lib/python3.12/site-packages/airflow/example_dags/example_skip_dag.py
[2024-09-21T08:19:16.748+0000] {logging_mixin.py:190} INFO - [2024-09-21T08:19:16.747+0000] {dag.py:3229} INFO - Sync 1 DAGs
[2024-09-21T08:19:16.794+0000] {logging_mixin.py:190} INFO - [2024-09-21T08:19:16.794+0000] {dag.py:4156} INFO - Setting next_dagrun for example_skip_dag to 2024-09-20 00:00:00+00:00, run_after=2024-09-21 00:00:00+00:00
[2024-09-21T08:19:16.823+0000] {processor.py:208} INFO - Processing /home/airflow/.local/lib/python3.12/site-packages/airflow/example_dags/example_skip_dag.py took 0.134 seconds
[2024-09-21T08:19:48.982+0000] {processor.py:186} INFO - Started process (PID=2342) to work on /home/airflow/.local/lib/python3.12/site-packages/airflow/example_dags/example_skip_dag.py
[2024-09-21T08:19:48.983+0000] {processor.py:914} INFO - Processing file /home/airflow/.local/lib/python3.12/site-packages/airflow/example_dags/example_skip_dag.py for tasks to queue
[2024-09-21T08:19:48.987+0000] {logging_mixin.py:190} INFO - [2024-09-21T08:19:48.987+0000] {dagbag.py:587} INFO - Filling up the DagBag from /home/airflow/.local/lib/python3.12/site-packages/airflow/example_dags/example_skip_dag.py
[2024-09-21T08:19:48.998+0000] {processor.py:925} INFO - DAG(s) 'example_skip_dag' retrieved from /home/airflow/.local/lib/python3.12/site-packages/airflow/example_dags/example_skip_dag.py
[2024-09-21T08:19:49.028+0000] {logging_mixin.py:190} INFO - [2024-09-21T08:19:49.027+0000] {dag.py:3229} INFO - Sync 1 DAGs
[2024-09-21T08:19:49.064+0000] {logging_mixin.py:190} INFO - [2024-09-21T08:19:49.064+0000] {dag.py:4156} INFO - Setting next_dagrun for example_skip_dag to 2024-09-20 00:00:00+00:00, run_after=2024-09-21 00:00:00+00:00
[2024-09-21T08:19:49.098+0000] {processor.py:208} INFO - Processing /home/airflow/.local/lib/python3.12/site-packages/airflow/example_dags/example_skip_dag.py took 0.123 seconds
[2024-09-21T08:20:19.967+0000] {processor.py:186} INFO - Started process (PID=2414) to work on /home/airflow/.local/lib/python3.12/site-packages/airflow/example_dags/example_skip_dag.py
[2024-09-21T08:20:19.969+0000] {processor.py:914} INFO - Processing file /home/airflow/.local/lib/python3.12/site-packages/airflow/example_dags/example_skip_dag.py for tasks to queue
[2024-09-21T08:20:19.972+0000] {logging_mixin.py:190} INFO - [2024-09-21T08:20:19.972+0000] {dagbag.py:587} INFO - Filling up the DagBag from /home/airflow/.local/lib/python3.12/site-packages/airflow/example_dags/example_skip_dag.py
[2024-09-21T08:20:19.983+0000] {processor.py:925} INFO - DAG(s) 'example_skip_dag' retrieved from /home/airflow/.local/lib/python3.12/site-packages/airflow/example_dags/example_skip_dag.py
[2024-09-21T08:20:20.011+0000] {logging_mixin.py:190} INFO - [2024-09-21T08:20:20.010+0000] {dag.py:3229} INFO - Sync 1 DAGs
[2024-09-21T08:20:20.041+0000] {logging_mixin.py:190} INFO - [2024-09-21T08:20:20.041+0000] {dag.py:4156} INFO - Setting next_dagrun for example_skip_dag to 2024-09-20 00:00:00+00:00, run_after=2024-09-21 00:00:00+00:00
[2024-09-21T08:20:20.070+0000] {processor.py:208} INFO - Processing /home/airflow/.local/lib/python3.12/site-packages/airflow/example_dags/example_skip_dag.py took 0.109 seconds
[2024-09-21T08:20:52.212+0000] {processor.py:186} INFO - Started process (PID=2478) to work on /home/airflow/.local/lib/python3.12/site-packages/airflow/example_dags/example_skip_dag.py
[2024-09-21T08:20:52.213+0000] {processor.py:914} INFO - Processing file /home/airflow/.local/lib/python3.12/site-packages/airflow/example_dags/example_skip_dag.py for tasks to queue
[2024-09-21T08:20:52.216+0000] {logging_mixin.py:190} INFO - [2024-09-21T08:20:52.216+0000] {dagbag.py:587} INFO - Filling up the DagBag from /home/airflow/.local/lib/python3.12/site-packages/airflow/example_dags/example_skip_dag.py
[2024-09-21T08:20:52.224+0000] {processor.py:925} INFO - DAG(s) 'example_skip_dag' retrieved from /home/airflow/.local/lib/python3.12/site-packages/airflow/example_dags/example_skip_dag.py
[2024-09-21T08:20:52.248+0000] {logging_mixin.py:190} INFO - [2024-09-21T08:20:52.248+0000] {dag.py:3229} INFO - Sync 1 DAGs
[2024-09-21T08:20:52.276+0000] {logging_mixin.py:190} INFO - [2024-09-21T08:20:52.276+0000] {dag.py:4156} INFO - Setting next_dagrun for example_skip_dag to 2024-09-20 00:00:00+00:00, run_after=2024-09-21 00:00:00+00:00
[2024-09-21T08:20:52.299+0000] {processor.py:208} INFO - Processing /home/airflow/.local/lib/python3.12/site-packages/airflow/example_dags/example_skip_dag.py took 0.092 seconds
[2024-09-21T08:21:24.036+0000] {processor.py:186} INFO - Started process (PID=2542) to work on /home/airflow/.local/lib/python3.12/site-packages/airflow/example_dags/example_skip_dag.py
[2024-09-21T08:21:24.038+0000] {processor.py:914} INFO - Processing file /home/airflow/.local/lib/python3.12/site-packages/airflow/example_dags/example_skip_dag.py for tasks to queue
[2024-09-21T08:21:24.041+0000] {logging_mixin.py:190} INFO - [2024-09-21T08:21:24.040+0000] {dagbag.py:587} INFO - Filling up the DagBag from /home/airflow/.local/lib/python3.12/site-packages/airflow/example_dags/example_skip_dag.py
[2024-09-21T08:21:24.053+0000] {processor.py:925} INFO - DAG(s) 'example_skip_dag' retrieved from /home/airflow/.local/lib/python3.12/site-packages/airflow/example_dags/example_skip_dag.py
[2024-09-21T08:21:24.083+0000] {logging_mixin.py:190} INFO - [2024-09-21T08:21:24.083+0000] {dag.py:3229} INFO - Sync 1 DAGs
[2024-09-21T08:21:24.117+0000] {logging_mixin.py:190} INFO - [2024-09-21T08:21:24.117+0000] {dag.py:4156} INFO - Setting next_dagrun for example_skip_dag to 2024-09-20 00:00:00+00:00, run_after=2024-09-21 00:00:00+00:00
[2024-09-21T08:21:24.150+0000] {processor.py:208} INFO - Processing /home/airflow/.local/lib/python3.12/site-packages/airflow/example_dags/example_skip_dag.py took 0.122 seconds
[2024-09-21T08:21:55.102+0000] {processor.py:186} INFO - Started process (PID=2606) to work on /home/airflow/.local/lib/python3.12/site-packages/airflow/example_dags/example_skip_dag.py
[2024-09-21T08:21:55.103+0000] {processor.py:914} INFO - Processing file /home/airflow/.local/lib/python3.12/site-packages/airflow/example_dags/example_skip_dag.py for tasks to queue
[2024-09-21T08:21:55.107+0000] {logging_mixin.py:190} INFO - [2024-09-21T08:21:55.107+0000] {dagbag.py:587} INFO - Filling up the DagBag from /home/airflow/.local/lib/python3.12/site-packages/airflow/example_dags/example_skip_dag.py
[2024-09-21T08:21:55.118+0000] {processor.py:925} INFO - DAG(s) 'example_skip_dag' retrieved from /home/airflow/.local/lib/python3.12/site-packages/airflow/example_dags/example_skip_dag.py
[2024-09-21T08:21:55.150+0000] {logging_mixin.py:190} INFO - [2024-09-21T08:21:55.149+0000] {dag.py:3229} INFO - Sync 1 DAGs
[2024-09-21T08:21:55.184+0000] {logging_mixin.py:190} INFO - [2024-09-21T08:21:55.183+0000] {dag.py:4156} INFO - Setting next_dagrun for example_skip_dag to 2024-09-20 00:00:00+00:00, run_after=2024-09-21 00:00:00+00:00
[2024-09-21T08:21:55.216+0000] {processor.py:208} INFO - Processing /home/airflow/.local/lib/python3.12/site-packages/airflow/example_dags/example_skip_dag.py took 0.121 seconds
[2024-09-21T08:22:26.046+0000] {processor.py:186} INFO - Started process (PID=2671) to work on /home/airflow/.local/lib/python3.12/site-packages/airflow/example_dags/example_skip_dag.py
[2024-09-21T08:22:26.048+0000] {processor.py:914} INFO - Processing file /home/airflow/.local/lib/python3.12/site-packages/airflow/example_dags/example_skip_dag.py for tasks to queue
[2024-09-21T08:22:26.052+0000] {logging_mixin.py:190} INFO - [2024-09-21T08:22:26.051+0000] {dagbag.py:587} INFO - Filling up the DagBag from /home/airflow/.local/lib/python3.12/site-packages/airflow/example_dags/example_skip_dag.py
[2024-09-21T08:22:26.065+0000] {processor.py:925} INFO - DAG(s) 'example_skip_dag' retrieved from /home/airflow/.local/lib/python3.12/site-packages/airflow/example_dags/example_skip_dag.py
[2024-09-21T08:22:26.096+0000] {logging_mixin.py:190} INFO - [2024-09-21T08:22:26.095+0000] {dag.py:3229} INFO - Sync 1 DAGs
[2024-09-21T08:22:26.129+0000] {logging_mixin.py:190} INFO - [2024-09-21T08:22:26.128+0000] {dag.py:4156} INFO - Setting next_dagrun for example_skip_dag to 2024-09-20 00:00:00+00:00, run_after=2024-09-21 00:00:00+00:00
[2024-09-21T08:22:26.158+0000] {processor.py:208} INFO - Processing /home/airflow/.local/lib/python3.12/site-packages/airflow/example_dags/example_skip_dag.py took 0.120 seconds
[2024-09-21T08:22:57.271+0000] {processor.py:186} INFO - Started process (PID=2735) to work on /home/airflow/.local/lib/python3.12/site-packages/airflow/example_dags/example_skip_dag.py
[2024-09-21T08:22:57.274+0000] {processor.py:914} INFO - Processing file /home/airflow/.local/lib/python3.12/site-packages/airflow/example_dags/example_skip_dag.py for tasks to queue
[2024-09-21T08:22:57.277+0000] {logging_mixin.py:190} INFO - [2024-09-21T08:22:57.277+0000] {dagbag.py:587} INFO - Filling up the DagBag from /home/airflow/.local/lib/python3.12/site-packages/airflow/example_dags/example_skip_dag.py
[2024-09-21T08:22:57.289+0000] {processor.py:925} INFO - DAG(s) 'example_skip_dag' retrieved from /home/airflow/.local/lib/python3.12/site-packages/airflow/example_dags/example_skip_dag.py
[2024-09-21T08:22:57.322+0000] {logging_mixin.py:190} INFO - [2024-09-21T08:22:57.322+0000] {dag.py:3229} INFO - Sync 1 DAGs
[2024-09-21T08:22:57.361+0000] {logging_mixin.py:190} INFO - [2024-09-21T08:22:57.361+0000] {dag.py:4156} INFO - Setting next_dagrun for example_skip_dag to 2024-09-20 00:00:00+00:00, run_after=2024-09-21 00:00:00+00:00
[2024-09-21T08:22:57.391+0000] {processor.py:208} INFO - Processing /home/airflow/.local/lib/python3.12/site-packages/airflow/example_dags/example_skip_dag.py took 0.127 seconds
[2024-09-21T08:23:28.605+0000] {processor.py:186} INFO - Started process (PID=2799) to work on /home/airflow/.local/lib/python3.12/site-packages/airflow/example_dags/example_skip_dag.py
[2024-09-21T08:23:28.606+0000] {processor.py:914} INFO - Processing file /home/airflow/.local/lib/python3.12/site-packages/airflow/example_dags/example_skip_dag.py for tasks to queue
[2024-09-21T08:23:28.610+0000] {logging_mixin.py:190} INFO - [2024-09-21T08:23:28.610+0000] {dagbag.py:587} INFO - Filling up the DagBag from /home/airflow/.local/lib/python3.12/site-packages/airflow/example_dags/example_skip_dag.py
[2024-09-21T08:23:28.620+0000] {processor.py:925} INFO - DAG(s) 'example_skip_dag' retrieved from /home/airflow/.local/lib/python3.12/site-packages/airflow/example_dags/example_skip_dag.py
[2024-09-21T08:23:28.653+0000] {logging_mixin.py:190} INFO - [2024-09-21T08:23:28.653+0000] {dag.py:3229} INFO - Sync 1 DAGs
[2024-09-21T08:23:28.688+0000] {logging_mixin.py:190} INFO - [2024-09-21T08:23:28.687+0000] {dag.py:4156} INFO - Setting next_dagrun for example_skip_dag to 2024-09-20 00:00:00+00:00, run_after=2024-09-21 00:00:00+00:00
[2024-09-21T08:23:28.716+0000] {processor.py:208} INFO - Processing /home/airflow/.local/lib/python3.12/site-packages/airflow/example_dags/example_skip_dag.py took 0.119 seconds
[2024-09-21T08:24:00.027+0000] {processor.py:186} INFO - Started process (PID=2863) to work on /home/airflow/.local/lib/python3.12/site-packages/airflow/example_dags/example_skip_dag.py
[2024-09-21T08:24:00.028+0000] {processor.py:914} INFO - Processing file /home/airflow/.local/lib/python3.12/site-packages/airflow/example_dags/example_skip_dag.py for tasks to queue
[2024-09-21T08:24:00.030+0000] {logging_mixin.py:190} INFO - [2024-09-21T08:24:00.030+0000] {dagbag.py:587} INFO - Filling up the DagBag from /home/airflow/.local/lib/python3.12/site-packages/airflow/example_dags/example_skip_dag.py
[2024-09-21T08:24:00.037+0000] {processor.py:925} INFO - DAG(s) 'example_skip_dag' retrieved from /home/airflow/.local/lib/python3.12/site-packages/airflow/example_dags/example_skip_dag.py
[2024-09-21T08:24:00.059+0000] {logging_mixin.py:190} INFO - [2024-09-21T08:24:00.059+0000] {dag.py:3229} INFO - Sync 1 DAGs
[2024-09-21T08:24:00.085+0000] {logging_mixin.py:190} INFO - [2024-09-21T08:24:00.085+0000] {dag.py:4156} INFO - Setting next_dagrun for example_skip_dag to 2024-09-20 00:00:00+00:00, run_after=2024-09-21 00:00:00+00:00
[2024-09-21T08:24:00.107+0000] {processor.py:208} INFO - Processing /home/airflow/.local/lib/python3.12/site-packages/airflow/example_dags/example_skip_dag.py took 0.085 seconds
[2024-09-21T08:24:34.210+0000] {processor.py:186} INFO - Started process (PID=2928) to work on /home/airflow/.local/lib/python3.12/site-packages/airflow/example_dags/example_skip_dag.py
[2024-09-21T08:24:34.212+0000] {processor.py:914} INFO - Processing file /home/airflow/.local/lib/python3.12/site-packages/airflow/example_dags/example_skip_dag.py for tasks to queue
[2024-09-21T08:24:34.217+0000] {logging_mixin.py:190} INFO - [2024-09-21T08:24:34.217+0000] {dagbag.py:587} INFO - Filling up the DagBag from /home/airflow/.local/lib/python3.12/site-packages/airflow/example_dags/example_skip_dag.py
[2024-09-21T08:24:34.232+0000] {processor.py:925} INFO - DAG(s) 'example_skip_dag' retrieved from /home/airflow/.local/lib/python3.12/site-packages/airflow/example_dags/example_skip_dag.py
[2024-09-21T08:24:34.276+0000] {logging_mixin.py:190} INFO - [2024-09-21T08:24:34.276+0000] {dag.py:3229} INFO - Sync 1 DAGs
[2024-09-21T08:24:34.611+0000] {logging_mixin.py:190} INFO - [2024-09-21T08:24:34.610+0000] {dag.py:4156} INFO - Setting next_dagrun for example_skip_dag to 2024-09-20 00:00:00+00:00, run_after=2024-09-21 00:00:00+00:00
[2024-09-21T08:24:34.661+0000] {processor.py:208} INFO - Processing /home/airflow/.local/lib/python3.12/site-packages/airflow/example_dags/example_skip_dag.py took 0.466 seconds
[2024-09-21T08:25:04.879+0000] {processor.py:186} INFO - Started process (PID=2992) to work on /home/airflow/.local/lib/python3.12/site-packages/airflow/example_dags/example_skip_dag.py
[2024-09-21T08:25:04.881+0000] {processor.py:914} INFO - Processing file /home/airflow/.local/lib/python3.12/site-packages/airflow/example_dags/example_skip_dag.py for tasks to queue
[2024-09-21T08:25:04.884+0000] {logging_mixin.py:190} INFO - [2024-09-21T08:25:04.884+0000] {dagbag.py:587} INFO - Filling up the DagBag from /home/airflow/.local/lib/python3.12/site-packages/airflow/example_dags/example_skip_dag.py
[2024-09-21T08:25:04.896+0000] {processor.py:925} INFO - DAG(s) 'example_skip_dag' retrieved from /home/airflow/.local/lib/python3.12/site-packages/airflow/example_dags/example_skip_dag.py
[2024-09-21T08:25:04.932+0000] {logging_mixin.py:190} INFO - [2024-09-21T08:25:04.931+0000] {dag.py:3229} INFO - Sync 1 DAGs
[2024-09-21T08:25:05.200+0000] {logging_mixin.py:190} INFO - [2024-09-21T08:25:05.200+0000] {dag.py:4156} INFO - Setting next_dagrun for example_skip_dag to 2024-09-20 00:00:00+00:00, run_after=2024-09-21 00:00:00+00:00
[2024-09-21T08:25:05.232+0000] {processor.py:208} INFO - Processing /home/airflow/.local/lib/python3.12/site-packages/airflow/example_dags/example_skip_dag.py took 0.363 seconds
