[2024-09-20T23:00:48.736+0000] {local_task_job_runner.py:123} INFO - ::group::Pre task execution logs
[2024-09-20T23:00:48.754+0000] {taskinstance.py:2612} INFO - Dependencies all met for dep_context=non-requeueable deps ti=<TaskInstance: prediction_dag.check_for_new_data scheduled__2024-09-20T22:58:00+00:00 [queued]>
[2024-09-20T23:00:48.763+0000] {taskinstance.py:2612} INFO - Dependencies all met for dep_context=requeueable deps ti=<TaskInstance: prediction_dag.check_for_new_data scheduled__2024-09-20T22:58:00+00:00 [queued]>
[2024-09-20T23:00:48.764+0000] {taskinstance.py:2865} INFO - Starting attempt 1 of 1
[2024-09-20T23:00:48.781+0000] {taskinstance.py:2888} INFO - Executing <Task(PythonOperator): check_for_new_data> on 2024-09-20 22:58:00+00:00
[2024-09-20T23:00:48.792+0000] {warnings.py:112} WARNING - /home/***/.local/lib/python3.12/site-packages/***/task/task_runner/standard_task_runner.py:70: DeprecationWarning: This process (pid=59) is multi-threaded, use of fork() may lead to deadlocks in the child.
  pid = os.fork()

[2024-09-20T23:00:48.794+0000] {standard_task_runner.py:72} INFO - Started process 68 to run task
[2024-09-20T23:00:48.794+0000] {standard_task_runner.py:104} INFO - Running: ['***', 'tasks', 'run', 'prediction_dag', 'check_for_new_data', 'scheduled__2024-09-20T22:58:00+00:00', '--job-id', '78', '--raw', '--subdir', 'DAGS_FOLDER/make_prediction.py', '--cfg-path', '/tmp/tmpnaaw68wr']
[2024-09-20T23:00:48.795+0000] {standard_task_runner.py:105} INFO - Job 78: Subtask check_for_new_data
[2024-09-20T23:00:48.850+0000] {task_command.py:467} INFO - Running <TaskInstance: prediction_dag.check_for_new_data scheduled__2024-09-20T22:58:00+00:00 [running]> on host 31cbd40558b4
[2024-09-20T23:00:48.943+0000] {taskinstance.py:3131} INFO - Exporting env vars: AIRFLOW_CTX_DAG_OWNER='***' AIRFLOW_CTX_DAG_ID='prediction_dag' AIRFLOW_CTX_TASK_ID='check_for_new_data' AIRFLOW_CTX_EXECUTION_DATE='2024-09-20T22:58:00+00:00' AIRFLOW_CTX_TRY_NUMBER='1' AIRFLOW_CTX_DAG_RUN_ID='scheduled__2024-09-20T22:58:00+00:00'
[2024-09-20T23:00:48.944+0000] {logging_mixin.py:190} INFO - Task instance is in running state
[2024-09-20T23:00:48.945+0000] {logging_mixin.py:190} INFO -  Previous state of the Task instance: queued
[2024-09-20T23:00:48.946+0000] {logging_mixin.py:190} INFO - Current task name:check_for_new_data state:running start_date:2024-09-20 23:00:48.755385+00:00
[2024-09-20T23:00:48.946+0000] {logging_mixin.py:190} INFO - Dag name:prediction_dag and current dag run status:running
[2024-09-20T23:00:48.947+0000] {taskinstance.py:731} INFO - ::endgroup::
[2024-09-20T23:00:48.959+0000] {python.py:240} INFO - Done. Returned value was: []
[2024-09-20T23:00:48.984+0000] {taskinstance.py:340} INFO - ::group::Post task execution logs
[2024-09-20T23:00:48.985+0000] {taskinstance.py:352} INFO - Marking task as SUCCESS. dag_id=prediction_dag, task_id=check_for_new_data, run_id=scheduled__2024-09-20T22:58:00+00:00, execution_date=20240920T225800, start_date=20240920T230048, end_date=20240920T230048
[2024-09-20T23:00:48.996+0000] {logging_mixin.py:190} INFO - Task instance in success state
[2024-09-20T23:00:48.997+0000] {logging_mixin.py:190} INFO -  Previous state of the Task instance: running
[2024-09-20T23:00:48.998+0000] {logging_mixin.py:190} INFO - Dag name:prediction_dag queued_at:2024-09-20 23:00:27.032750+00:00
[2024-09-20T23:00:48.998+0000] {logging_mixin.py:190} INFO - Task hostname:31cbd40558b4 operator:PythonOperator
[2024-09-20T23:00:49.050+0000] {local_task_job_runner.py:266} INFO - Task exited with return code 0
[2024-09-20T23:00:49.071+0000] {taskinstance.py:3900} INFO - 1 downstream tasks scheduled from follow-on schedule check
[2024-09-20T23:00:49.073+0000] {local_task_job_runner.py:245} INFO - ::endgroup::
