[2024-09-20T22:26:40.647+0000] {local_task_job_runner.py:123} INFO - ::group::Pre task execution logs
[2024-09-20T22:26:40.675+0000] {taskinstance.py:2612} INFO - Dependencies all met for dep_context=non-requeueable deps ti=<TaskInstance: prediction_dag.make_predictions scheduled__2024-09-20T22:24:00+00:00 [queued]>
[2024-09-20T22:26:40.698+0000] {taskinstance.py:2612} INFO - Dependencies all met for dep_context=requeueable deps ti=<TaskInstance: prediction_dag.make_predictions scheduled__2024-09-20T22:24:00+00:00 [queued]>
[2024-09-20T22:26:40.700+0000] {taskinstance.py:2865} INFO - Starting attempt 1 of 1
[2024-09-20T22:26:40.729+0000] {taskinstance.py:2888} INFO - Executing <Task(PythonOperator): make_predictions> on 2024-09-20 22:24:00+00:00
[2024-09-20T22:26:40.750+0000] {warnings.py:112} WARNING - /home/***/.local/lib/python3.12/site-packages/***/task/task_runner/standard_task_runner.py:70: DeprecationWarning: This process (pid=239) is multi-threaded, use of fork() may lead to deadlocks in the child.
  pid = os.fork()

[2024-09-20T22:26:40.752+0000] {standard_task_runner.py:72} INFO - Started process 241 to run task
[2024-09-20T22:26:40.752+0000] {standard_task_runner.py:104} INFO - Running: ['***', 'tasks', 'run', 'prediction_dag', 'make_predictions', 'scheduled__2024-09-20T22:24:00+00:00', '--job-id', '62', '--raw', '--subdir', 'DAGS_FOLDER/make_prediction.py', '--cfg-path', '/tmp/tmpiy9w70o6']
[2024-09-20T22:26:40.757+0000] {standard_task_runner.py:105} INFO - Job 62: Subtask make_predictions
[2024-09-20T22:26:40.867+0000] {task_command.py:467} INFO - Running <TaskInstance: prediction_dag.make_predictions scheduled__2024-09-20T22:24:00+00:00 [running]> on host 34d62e1e9714
[2024-09-20T22:26:41.141+0000] {taskinstance.py:3131} INFO - Exporting env vars: AIRFLOW_CTX_DAG_OWNER='***' AIRFLOW_CTX_DAG_ID='prediction_dag' AIRFLOW_CTX_TASK_ID='make_predictions' AIRFLOW_CTX_EXECUTION_DATE='2024-09-20T22:24:00+00:00' AIRFLOW_CTX_TRY_NUMBER='1' AIRFLOW_CTX_DAG_RUN_ID='scheduled__2024-09-20T22:24:00+00:00'
[2024-09-20T22:26:41.147+0000] {logging_mixin.py:190} INFO - Task instance is in running state
[2024-09-20T22:26:41.157+0000] {logging_mixin.py:190} INFO -  Previous state of the Task instance: queued
[2024-09-20T22:26:41.160+0000] {logging_mixin.py:190} INFO - Current task name:make_predictions state:running start_date:2024-09-20 22:26:40.683661+00:00
[2024-09-20T22:26:41.164+0000] {logging_mixin.py:190} INFO - Dag name:prediction_dag and current dag run status:running
[2024-09-20T22:26:41.170+0000] {taskinstance.py:731} INFO - ::endgroup::
[2024-09-20T22:26:41.194+0000] {python.py:240} INFO - Done. Returned value was: None
[2024-09-20T22:26:41.217+0000] {taskinstance.py:340} INFO - ::group::Post task execution logs
[2024-09-20T22:26:41.220+0000] {taskinstance.py:352} INFO - Marking task as SUCCESS. dag_id=prediction_dag, task_id=make_predictions, run_id=scheduled__2024-09-20T22:24:00+00:00, execution_date=20240920T222400, start_date=20240920T222640, end_date=20240920T222641
[2024-09-20T22:26:41.245+0000] {logging_mixin.py:190} INFO - Task instance in success state
[2024-09-20T22:26:41.247+0000] {logging_mixin.py:190} INFO -  Previous state of the Task instance: running
[2024-09-20T22:26:41.251+0000] {logging_mixin.py:190} INFO - Dag name:prediction_dag queued_at:2024-09-20 22:26:00.903216+00:00
[2024-09-20T22:26:41.252+0000] {logging_mixin.py:190} INFO - Task hostname:34d62e1e9714 operator:PythonOperator
[2024-09-20T22:26:41.276+0000] {local_task_job_runner.py:266} INFO - Task exited with return code 0
[2024-09-20T22:26:41.307+0000] {taskinstance.py:3900} INFO - 0 downstream tasks scheduled from follow-on schedule check
[2024-09-20T22:26:41.312+0000] {local_task_job_runner.py:245} INFO - ::endgroup::
