[2024-11-06T14:04:04.605+0000] {local_task_job_runner.py:123} INFO - ::group::Pre task execution logs
[2024-11-06T14:04:04.636+0000] {taskinstance.py:2612} INFO - Dependencies all met for dep_context=non-requeueable deps ti=<TaskInstance: prediction_dag.check_for_new_data scheduled__2024-11-06T14:02:00+00:00 [queued]>
[2024-11-06T14:04:04.651+0000] {taskinstance.py:2612} INFO - Dependencies all met for dep_context=requeueable deps ti=<TaskInstance: prediction_dag.check_for_new_data scheduled__2024-11-06T14:02:00+00:00 [queued]>
[2024-11-06T14:04:04.652+0000] {taskinstance.py:2865} INFO - Starting attempt 1 of 1
[2024-11-06T14:04:04.676+0000] {taskinstance.py:2888} INFO - Executing <Task(PythonOperator): check_for_new_data> on 2024-11-06 14:02:00+00:00
[2024-11-06T14:04:04.689+0000] {warnings.py:112} WARNING - /home/***/.local/lib/python3.12/site-packages/***/task/task_runner/standard_task_runner.py:70: DeprecationWarning: This process (pid=323) is multi-threaded, use of fork() may lead to deadlocks in the child.
  pid = os.fork()

[2024-11-06T14:04:04.693+0000] {standard_task_runner.py:72} INFO - Started process 325 to run task
[2024-11-06T14:04:04.693+0000] {standard_task_runner.py:104} INFO - Running: ['***', 'tasks', 'run', 'prediction_dag', 'check_for_new_data', 'scheduled__2024-11-06T14:02:00+00:00', '--job-id', '182', '--raw', '--subdir', 'DAGS_FOLDER/make_prediction.py', '--cfg-path', '/tmp/tmp0uff9ml2']
[2024-11-06T14:04:04.694+0000] {standard_task_runner.py:105} INFO - Job 182: Subtask check_for_new_data
[2024-11-06T14:04:04.766+0000] {task_command.py:467} INFO - Running <TaskInstance: prediction_dag.check_for_new_data scheduled__2024-11-06T14:02:00+00:00 [running]> on host c8efb893adcf
[2024-11-06T14:04:04.903+0000] {taskinstance.py:3131} INFO - Exporting env vars: AIRFLOW_CTX_DAG_OWNER='***' AIRFLOW_CTX_DAG_ID='prediction_dag' AIRFLOW_CTX_TASK_ID='check_for_new_data' AIRFLOW_CTX_EXECUTION_DATE='2024-11-06T14:02:00+00:00' AIRFLOW_CTX_TRY_NUMBER='1' AIRFLOW_CTX_DAG_RUN_ID='scheduled__2024-11-06T14:02:00+00:00'
[2024-11-06T14:04:04.905+0000] {logging_mixin.py:190} INFO - Task instance is in running state
[2024-11-06T14:04:04.906+0000] {logging_mixin.py:190} INFO -  Previous state of the Task instance: queued
[2024-11-06T14:04:04.907+0000] {logging_mixin.py:190} INFO - Current task name:check_for_new_data state:running start_date:2024-11-06 14:04:04.638125+00:00
[2024-11-06T14:04:04.907+0000] {logging_mixin.py:190} INFO - Dag name:prediction_dag and current dag run status:running
[2024-11-06T14:04:04.908+0000] {taskinstance.py:731} INFO - ::endgroup::
[2024-11-06T14:04:04.922+0000] {python.py:240} INFO - Done. Returned value was: []
[2024-11-06T14:04:04.957+0000] {taskinstance.py:340} INFO - ::group::Post task execution logs
[2024-11-06T14:04:04.958+0000] {taskinstance.py:352} INFO - Marking task as SUCCESS. dag_id=prediction_dag, task_id=check_for_new_data, run_id=scheduled__2024-11-06T14:02:00+00:00, execution_date=20241106T140200, start_date=20241106T140404, end_date=20241106T140404
[2024-11-06T14:04:04.973+0000] {logging_mixin.py:190} INFO - Task instance in success state
[2024-11-06T14:04:04.974+0000] {logging_mixin.py:190} INFO -  Previous state of the Task instance: running
[2024-11-06T14:04:04.975+0000] {logging_mixin.py:190} INFO - Dag name:prediction_dag queued_at:2024-11-06 14:04:00.676340+00:00
[2024-11-06T14:04:04.976+0000] {logging_mixin.py:190} INFO - Task hostname:c8efb893adcf operator:PythonOperator
[2024-11-06T14:04:05.031+0000] {local_task_job_runner.py:266} INFO - Task exited with return code 0
[2024-11-06T14:04:05.058+0000] {taskinstance.py:3900} INFO - 1 downstream tasks scheduled from follow-on schedule check
[2024-11-06T14:04:05.062+0000] {local_task_job_runner.py:245} INFO - ::endgroup::
