[2024-09-21T08:00:03.793+0000] {local_task_job_runner.py:123} INFO - ::group::Pre task execution logs
[2024-09-21T08:00:03.825+0000] {taskinstance.py:2612} INFO - Dependencies all met for dep_context=non-requeueable deps ti=<TaskInstance: Read_data_and_move_data.Read_dataset_files scheduled__2024-09-21T07:50:00+00:00 [queued]>
[2024-09-21T08:00:03.841+0000] {taskinstance.py:2612} INFO - Dependencies all met for dep_context=requeueable deps ti=<TaskInstance: Read_data_and_move_data.Read_dataset_files scheduled__2024-09-21T07:50:00+00:00 [queued]>
[2024-09-21T08:00:03.843+0000] {taskinstance.py:2865} INFO - Starting attempt 1 of 1
[2024-09-21T08:00:03.879+0000] {taskinstance.py:2888} INFO - Executing <Task(PythonOperator): Read_dataset_files> on 2024-09-21 07:50:00+00:00
[2024-09-21T08:00:03.896+0000] {warnings.py:112} WARNING - /home/***/.local/lib/python3.12/site-packages/***/task/task_runner/standard_task_runner.py:70: DeprecationWarning: This process (pid=92) is multi-threaded, use of fork() may lead to deadlocks in the child.
  pid = os.fork()

[2024-09-21T08:00:03.898+0000] {standard_task_runner.py:72} INFO - Started process 97 to run task
[2024-09-21T08:00:03.899+0000] {standard_task_runner.py:104} INFO - Running: ['***', 'tasks', 'run', 'Read_data_and_move_data', 'Read_dataset_files', 'scheduled__2024-09-21T07:50:00+00:00', '--job-id', '116', '--raw', '--subdir', 'DAGS_FOLDER/data_ingestion.py', '--cfg-path', '/tmp/tmpwbgqv9qu']
[2024-09-21T08:00:03.903+0000] {standard_task_runner.py:105} INFO - Job 116: Subtask Read_dataset_files
[2024-09-21T08:00:04.005+0000] {task_command.py:467} INFO - Running <TaskInstance: Read_data_and_move_data.Read_dataset_files scheduled__2024-09-21T07:50:00+00:00 [running]> on host f1690ee498f7
[2024-09-21T08:00:04.141+0000] {taskinstance.py:3131} INFO - Exporting env vars: AIRFLOW_CTX_DAG_OWNER='***' AIRFLOW_CTX_DAG_ID='Read_data_and_move_data' AIRFLOW_CTX_TASK_ID='Read_dataset_files' AIRFLOW_CTX_EXECUTION_DATE='2024-09-21T07:50:00+00:00' AIRFLOW_CTX_TRY_NUMBER='1' AIRFLOW_CTX_DAG_RUN_ID='scheduled__2024-09-21T07:50:00+00:00'
[2024-09-21T08:00:04.143+0000] {logging_mixin.py:190} INFO - Task instance is in running state
[2024-09-21T08:00:04.144+0000] {logging_mixin.py:190} INFO -  Previous state of the Task instance: queued
[2024-09-21T08:00:04.146+0000] {logging_mixin.py:190} INFO - Current task name:Read_dataset_files state:running start_date:2024-09-21 08:00:03.826899+00:00
[2024-09-21T08:00:04.147+0000] {logging_mixin.py:190} INFO - Dag name:Read_data_and_move_data and current dag run status:running
[2024-09-21T08:00:04.148+0000] {taskinstance.py:731} INFO - ::endgroup::
[2024-09-21T08:00:04.239+0000] {python.py:240} INFO - Done. Returned value was:     Age Sex ChestPainType  RestingBP  ...  MaxHR  ExerciseAngina Oldpeak  ST_Slope
0    48   M           NAP        132  ...    162               N     0.0      Flat
1    61   M            TA        142  ...    100               N     1.5      Down
2    66   M           ASY        112  ...    140               N     1.5        Up
3    68   M            TA        139  ...    135               N     0.2        Up
4    55   M           ASY        172  ...     73               N     2.0      Flat
..  ...  ..           ...        ...  ...    ...             ...     ...       ...
86   53   M           ASY        140  ...    155               Y     3.1      Down
87   64   M            TA        110  ...    144               Y     1.8      Flat
88   40   M            TA        140  ...    178               Y     1.4        Up
89   67   M           ASY        120  ...    129               Y     2.6      Flat
90   48   M           ATA        130  ...    180               N     0.2      Flat

[91 rows x 11 columns]
[2024-09-21T08:00:04.512+0000] {taskinstance.py:340} INFO - ::group::Post task execution logs
[2024-09-21T08:00:04.513+0000] {taskinstance.py:352} INFO - Marking task as SUCCESS. dag_id=Read_data_and_move_data, task_id=Read_dataset_files, run_id=scheduled__2024-09-21T07:50:00+00:00, execution_date=20240921T075000, start_date=20240921T080003, end_date=20240921T080004
[2024-09-21T08:00:04.531+0000] {logging_mixin.py:190} INFO - Task instance in success state
[2024-09-21T08:00:04.535+0000] {logging_mixin.py:190} INFO -  Previous state of the Task instance: running
[2024-09-21T08:00:04.536+0000] {logging_mixin.py:190} INFO - Dag name:Read_data_and_move_data queued_at:2024-09-21 08:00:00.632534+00:00
[2024-09-21T08:00:04.537+0000] {logging_mixin.py:190} INFO - Task hostname:f1690ee498f7 operator:PythonOperator
[2024-09-21T08:00:04.562+0000] {local_task_job_runner.py:266} INFO - Task exited with return code 0
[2024-09-21T08:00:04.595+0000] {taskinstance.py:3900} INFO - 1 downstream tasks scheduled from follow-on schedule check
[2024-09-21T08:00:04.599+0000] {local_task_job_runner.py:245} INFO - ::endgroup::
