[2024-09-21T08:15:16.331+0000] {local_task_job_runner.py:123} INFO - ::group::Pre task execution logs
[2024-09-21T08:15:16.356+0000] {taskinstance.py:2612} INFO - Dependencies all met for dep_context=non-requeueable deps ti=<TaskInstance: Read_data_and_move_data.Read_dataset_files manual__2024-09-21T08:15:12.076070+00:00 [queued]>
[2024-09-21T08:15:16.369+0000] {taskinstance.py:2612} INFO - Dependencies all met for dep_context=requeueable deps ti=<TaskInstance: Read_data_and_move_data.Read_dataset_files manual__2024-09-21T08:15:12.076070+00:00 [queued]>
[2024-09-21T08:15:16.370+0000] {taskinstance.py:2865} INFO - Starting attempt 1 of 1
[2024-09-21T08:15:16.393+0000] {taskinstance.py:2888} INFO - Executing <Task(PythonOperator): Read_dataset_files> on 2024-09-21 08:15:12.076070+00:00
[2024-09-21T08:15:16.412+0000] {warnings.py:112} WARNING - /home/***/.local/lib/python3.12/site-packages/***/task/task_runner/standard_task_runner.py:70: DeprecationWarning: This process (pid=350) is multi-threaded, use of fork() may lead to deadlocks in the child.
  pid = os.fork()

[2024-09-21T08:15:16.415+0000] {standard_task_runner.py:72} INFO - Started process 352 to run task
[2024-09-21T08:15:16.416+0000] {standard_task_runner.py:104} INFO - Running: ['***', 'tasks', 'run', 'Read_data_and_move_data', 'Read_dataset_files', 'manual__2024-09-21T08:15:12.076070+00:00', '--job-id', '138', '--raw', '--subdir', 'DAGS_FOLDER/data_ingestion.py', '--cfg-path', '/tmp/tmpmnq8vn1e']
[2024-09-21T08:15:16.418+0000] {standard_task_runner.py:105} INFO - Job 138: Subtask Read_dataset_files
[2024-09-21T08:15:16.518+0000] {task_command.py:467} INFO - Running <TaskInstance: Read_data_and_move_data.Read_dataset_files manual__2024-09-21T08:15:12.076070+00:00 [running]> on host f1690ee498f7
[2024-09-21T08:15:17.335+0000] {taskinstance.py:3131} INFO - Exporting env vars: AIRFLOW_CTX_DAG_OWNER='***' AIRFLOW_CTX_DAG_ID='Read_data_and_move_data' AIRFLOW_CTX_TASK_ID='Read_dataset_files' AIRFLOW_CTX_EXECUTION_DATE='2024-09-21T08:15:12.076070+00:00' AIRFLOW_CTX_TRY_NUMBER='1' AIRFLOW_CTX_DAG_RUN_ID='manual__2024-09-21T08:15:12.076070+00:00'
[2024-09-21T08:15:17.346+0000] {logging_mixin.py:190} INFO - Task instance is in running state
[2024-09-21T08:15:17.349+0000] {logging_mixin.py:190} INFO -  Previous state of the Task instance: queued
[2024-09-21T08:15:17.350+0000] {logging_mixin.py:190} INFO - Current task name:Read_dataset_files state:running start_date:2024-09-21 08:15:16.357172+00:00
[2024-09-21T08:15:17.351+0000] {logging_mixin.py:190} INFO - Dag name:Read_data_and_move_data and current dag run status:running
[2024-09-21T08:15:17.352+0000] {taskinstance.py:731} INFO - ::endgroup::
[2024-09-21T08:15:17.681+0000] {python.py:240} INFO - Done. Returned value was:     Age Sex ChestPainType  RestingBP  ...  MaxHR  ExerciseAngina Oldpeak  ST_Slope
0    62   M           NAP        160  ...     72               Y     0.0      Flat
1    47   M           ASY        160  ...    124               Y     0.0      Flat
2    56   M           NAP        155  ...     99               N     0.0      Flat
3    56   M           ASY        120  ...    148               N     0.0      Flat
4    56   M           NAP        120  ...     97               N     0.0      Flat
5    64   F           ASY        200  ...    140               Y     1.0      Flat
6    61   M           ASY        150  ...    117               Y     2.0      Flat
7    68   M           ASY        135  ...    120               Y     0.0        Up
8    57   M           ASY        140  ...    120               Y     2.0      Flat
9    63   M           ASY        150  ...     86               Y     2.0      Flat
10   60   M           ASY        135  ...     63               Y     0.5        Up
11   66   M           ASY        150  ...    108               Y     2.0      Flat
12   63   M           ASY        185  ...     98               Y     0.0        Up
13   59   M           ASY        135  ...    115               Y     1.0      Flat
14   61   M           ASY        125  ...    105               Y     0.0      Down
15   73   F           NAP        160  ...    121               N     0.0        Up
16   47   M           NAP        155  ...    118               Y     1.0      Flat
17   65   M           ASY        160  ...    122               N     1.2      Flat

[18 rows x 11 columns]
[2024-09-21T08:15:17.923+0000] {taskinstance.py:340} INFO - ::group::Post task execution logs
[2024-09-21T08:15:17.924+0000] {taskinstance.py:352} INFO - Marking task as SUCCESS. dag_id=Read_data_and_move_data, task_id=Read_dataset_files, run_id=manual__2024-09-21T08:15:12.076070+00:00, execution_date=20240921T081512, start_date=20240921T081516, end_date=20240921T081517
[2024-09-21T08:15:17.938+0000] {logging_mixin.py:190} INFO - Task instance in success state
[2024-09-21T08:15:17.939+0000] {logging_mixin.py:190} INFO -  Previous state of the Task instance: running
[2024-09-21T08:15:17.940+0000] {logging_mixin.py:190} INFO - Dag name:Read_data_and_move_data queued_at:2024-09-21 08:15:12.144801+00:00
[2024-09-21T08:15:17.941+0000] {logging_mixin.py:190} INFO - Task hostname:f1690ee498f7 operator:PythonOperator
[2024-09-21T08:15:17.967+0000] {local_task_job_runner.py:266} INFO - Task exited with return code 0
[2024-09-21T08:15:17.992+0000] {taskinstance.py:3900} INFO - 1 downstream tasks scheduled from follow-on schedule check
[2024-09-21T08:15:17.995+0000] {local_task_job_runner.py:245} INFO - ::endgroup::
