[2024-09-20T23:08:14.519+0000] {local_task_job_runner.py:123} INFO - ::group::Pre task execution logs
[2024-09-20T23:08:14.555+0000] {taskinstance.py:2612} INFO - Dependencies all met for dep_context=non-requeueable deps ti=<TaskInstance: prediction_dag.check_for_new_data scheduled__2024-09-20T23:06:00+00:00 [queued]>
[2024-09-20T23:08:14.575+0000] {taskinstance.py:2612} INFO - Dependencies all met for dep_context=requeueable deps ti=<TaskInstance: prediction_dag.check_for_new_data scheduled__2024-09-20T23:06:00+00:00 [queued]>
[2024-09-20T23:08:14.577+0000] {taskinstance.py:2865} INFO - Starting attempt 1 of 1
[2024-09-20T23:08:14.603+0000] {taskinstance.py:2888} INFO - Executing <Task(PythonOperator): check_for_new_data> on 2024-09-20 23:06:00+00:00
[2024-09-20T23:08:14.621+0000] {warnings.py:112} WARNING - /home/***/.local/lib/python3.12/site-packages/***/task/task_runner/standard_task_runner.py:70: DeprecationWarning: This process (pid=164) is multi-threaded, use of fork() may lead to deadlocks in the child.
  pid = os.fork()

[2024-09-20T23:08:14.624+0000] {standard_task_runner.py:72} INFO - Started process 166 to run task
[2024-09-20T23:08:14.623+0000] {standard_task_runner.py:104} INFO - Running: ['***', 'tasks', 'run', 'prediction_dag', 'check_for_new_data', 'scheduled__2024-09-20T23:06:00+00:00', '--job-id', '86', '--raw', '--subdir', 'DAGS_FOLDER/make_prediction.py', '--cfg-path', '/tmp/tmpwsz7ltp7']
[2024-09-20T23:08:14.631+0000] {standard_task_runner.py:105} INFO - Job 86: Subtask check_for_new_data
[2024-09-20T23:08:14.891+0000] {task_command.py:467} INFO - Running <TaskInstance: prediction_dag.check_for_new_data scheduled__2024-09-20T23:06:00+00:00 [running]> on host 31cbd40558b4
[2024-09-20T23:08:15.723+0000] {taskinstance.py:3131} INFO - Exporting env vars: AIRFLOW_CTX_DAG_OWNER='***' AIRFLOW_CTX_DAG_ID='prediction_dag' AIRFLOW_CTX_TASK_ID='check_for_new_data' AIRFLOW_CTX_EXECUTION_DATE='2024-09-20T23:06:00+00:00' AIRFLOW_CTX_TRY_NUMBER='1' AIRFLOW_CTX_DAG_RUN_ID='scheduled__2024-09-20T23:06:00+00:00'
[2024-09-20T23:08:15.725+0000] {logging_mixin.py:190} INFO - Task instance is in running state
[2024-09-20T23:08:15.726+0000] {logging_mixin.py:190} INFO -  Previous state of the Task instance: queued
[2024-09-20T23:08:15.727+0000] {logging_mixin.py:190} INFO - Current task name:check_for_new_data state:running start_date:2024-09-20 23:08:14.556573+00:00
[2024-09-20T23:08:15.729+0000] {logging_mixin.py:190} INFO - Dag name:prediction_dag and current dag run status:running
[2024-09-20T23:08:15.730+0000] {taskinstance.py:731} INFO - ::endgroup::
[2024-09-20T23:08:15.748+0000] {python.py:240} INFO - Done. Returned value was: []
[2024-09-20T23:08:15.779+0000] {taskinstance.py:340} INFO - ::group::Post task execution logs
[2024-09-20T23:08:15.780+0000] {taskinstance.py:352} INFO - Marking task as SUCCESS. dag_id=prediction_dag, task_id=check_for_new_data, run_id=scheduled__2024-09-20T23:06:00+00:00, execution_date=20240920T230600, start_date=20240920T230814, end_date=20240920T230815
[2024-09-20T23:08:15.794+0000] {logging_mixin.py:190} INFO - Task instance in success state
[2024-09-20T23:08:15.794+0000] {logging_mixin.py:190} INFO -  Previous state of the Task instance: running
[2024-09-20T23:08:15.795+0000] {logging_mixin.py:190} INFO - Dag name:prediction_dag queued_at:2024-09-20 23:08:11.170840+00:00
[2024-09-20T23:08:15.796+0000] {logging_mixin.py:190} INFO - Task hostname:31cbd40558b4 operator:PythonOperator
[2024-09-20T23:08:15.839+0000] {local_task_job_runner.py:266} INFO - Task exited with return code 0
[2024-09-20T23:08:15.871+0000] {taskinstance.py:3900} INFO - 1 downstream tasks scheduled from follow-on schedule check
[2024-09-20T23:08:15.874+0000] {local_task_job_runner.py:245} INFO - ::endgroup::
