[2024-11-06T13:48:50.253+0000] {processor.py:186} INFO - Started process (PID=69) to work on /home/airflow/.local/lib/python3.12/site-packages/airflow/example_dags/example_branch_python_dop_operator_3.py
[2024-11-06T13:48:50.263+0000] {processor.py:914} INFO - Processing file /home/airflow/.local/lib/python3.12/site-packages/airflow/example_dags/example_branch_python_dop_operator_3.py for tasks to queue
[2024-11-06T13:48:50.269+0000] {logging_mixin.py:190} INFO - [2024-11-06T13:48:50.268+0000] {dagbag.py:587} INFO - Filling up the DagBag from /home/airflow/.local/lib/python3.12/site-packages/airflow/example_dags/example_branch_python_dop_operator_3.py
[2024-11-06T13:48:50.360+0000] {processor.py:925} INFO - DAG(s) 'example_branch_dop_operator_v3' retrieved from /home/airflow/.local/lib/python3.12/site-packages/airflow/example_dags/example_branch_python_dop_operator_3.py
[2024-11-06T13:48:50.501+0000] {logging_mixin.py:190} INFO - [2024-11-06T13:48:50.501+0000] {dag.py:3229} INFO - Sync 1 DAGs
[2024-11-06T13:48:50.707+0000] {logging_mixin.py:190} INFO - [2024-11-06T13:48:50.704+0000] {dag.py:4156} INFO - Setting next_dagrun for example_branch_dop_operator_v3 to 2024-11-06 13:47:00+00:00, run_after=2024-11-06 13:48:00+00:00
[2024-11-06T13:48:50.867+0000] {processor.py:208} INFO - Processing /home/airflow/.local/lib/python3.12/site-packages/airflow/example_dags/example_branch_python_dop_operator_3.py took 0.634 seconds
[2024-11-06T13:49:21.578+0000] {processor.py:186} INFO - Started process (PID=137) to work on /home/airflow/.local/lib/python3.12/site-packages/airflow/example_dags/example_branch_python_dop_operator_3.py
[2024-11-06T13:49:21.581+0000] {processor.py:914} INFO - Processing file /home/airflow/.local/lib/python3.12/site-packages/airflow/example_dags/example_branch_python_dop_operator_3.py for tasks to queue
[2024-11-06T13:49:21.584+0000] {logging_mixin.py:190} INFO - [2024-11-06T13:49:21.584+0000] {dagbag.py:587} INFO - Filling up the DagBag from /home/airflow/.local/lib/python3.12/site-packages/airflow/example_dags/example_branch_python_dop_operator_3.py
[2024-11-06T13:49:21.597+0000] {processor.py:925} INFO - DAG(s) 'example_branch_dop_operator_v3' retrieved from /home/airflow/.local/lib/python3.12/site-packages/airflow/example_dags/example_branch_python_dop_operator_3.py
[2024-11-06T13:49:21.625+0000] {logging_mixin.py:190} INFO - [2024-11-06T13:49:21.625+0000] {dag.py:3229} INFO - Sync 1 DAGs
[2024-11-06T13:49:21.660+0000] {logging_mixin.py:190} INFO - [2024-11-06T13:49:21.660+0000] {dag.py:4156} INFO - Setting next_dagrun for example_branch_dop_operator_v3 to 2024-11-06 13:48:00+00:00, run_after=2024-11-06 13:49:00+00:00
[2024-11-06T13:49:21.693+0000] {processor.py:208} INFO - Processing /home/airflow/.local/lib/python3.12/site-packages/airflow/example_dags/example_branch_python_dop_operator_3.py took 0.121 seconds
[2024-11-06T13:49:52.014+0000] {processor.py:186} INFO - Started process (PID=201) to work on /home/airflow/.local/lib/python3.12/site-packages/airflow/example_dags/example_branch_python_dop_operator_3.py
[2024-11-06T13:49:52.016+0000] {processor.py:914} INFO - Processing file /home/airflow/.local/lib/python3.12/site-packages/airflow/example_dags/example_branch_python_dop_operator_3.py for tasks to queue
[2024-11-06T13:49:52.019+0000] {logging_mixin.py:190} INFO - [2024-11-06T13:49:52.019+0000] {dagbag.py:587} INFO - Filling up the DagBag from /home/airflow/.local/lib/python3.12/site-packages/airflow/example_dags/example_branch_python_dop_operator_3.py
[2024-11-06T13:49:52.035+0000] {processor.py:925} INFO - DAG(s) 'example_branch_dop_operator_v3' retrieved from /home/airflow/.local/lib/python3.12/site-packages/airflow/example_dags/example_branch_python_dop_operator_3.py
[2024-11-06T13:49:52.065+0000] {logging_mixin.py:190} INFO - [2024-11-06T13:49:52.064+0000] {dag.py:3229} INFO - Sync 1 DAGs
[2024-11-06T13:49:52.108+0000] {logging_mixin.py:190} INFO - [2024-11-06T13:49:52.107+0000] {dag.py:4156} INFO - Setting next_dagrun for example_branch_dop_operator_v3 to 2024-11-06 13:48:00+00:00, run_after=2024-11-06 13:49:00+00:00
[2024-11-06T13:49:52.143+0000] {processor.py:208} INFO - Processing /home/airflow/.local/lib/python3.12/site-packages/airflow/example_dags/example_branch_python_dop_operator_3.py took 0.135 seconds
[2024-11-06T13:50:23.023+0000] {processor.py:186} INFO - Started process (PID=273) to work on /home/airflow/.local/lib/python3.12/site-packages/airflow/example_dags/example_branch_python_dop_operator_3.py
[2024-11-06T13:50:23.025+0000] {processor.py:914} INFO - Processing file /home/airflow/.local/lib/python3.12/site-packages/airflow/example_dags/example_branch_python_dop_operator_3.py for tasks to queue
[2024-11-06T13:50:23.030+0000] {logging_mixin.py:190} INFO - [2024-11-06T13:50:23.029+0000] {dagbag.py:587} INFO - Filling up the DagBag from /home/airflow/.local/lib/python3.12/site-packages/airflow/example_dags/example_branch_python_dop_operator_3.py
[2024-11-06T13:50:23.049+0000] {processor.py:925} INFO - DAG(s) 'example_branch_dop_operator_v3' retrieved from /home/airflow/.local/lib/python3.12/site-packages/airflow/example_dags/example_branch_python_dop_operator_3.py
[2024-11-06T13:50:23.086+0000] {logging_mixin.py:190} INFO - [2024-11-06T13:50:23.086+0000] {dag.py:3229} INFO - Sync 1 DAGs
[2024-11-06T13:50:23.151+0000] {logging_mixin.py:190} INFO - [2024-11-06T13:50:23.150+0000] {dag.py:4156} INFO - Setting next_dagrun for example_branch_dop_operator_v3 to 2024-11-06 13:49:00+00:00, run_after=2024-11-06 13:50:00+00:00
[2024-11-06T13:50:23.206+0000] {processor.py:208} INFO - Processing /home/airflow/.local/lib/python3.12/site-packages/airflow/example_dags/example_branch_python_dop_operator_3.py took 0.193 seconds
[2024-11-06T13:50:53.769+0000] {processor.py:186} INFO - Started process (PID=337) to work on /home/airflow/.local/lib/python3.12/site-packages/airflow/example_dags/example_branch_python_dop_operator_3.py
[2024-11-06T13:50:53.770+0000] {processor.py:914} INFO - Processing file /home/airflow/.local/lib/python3.12/site-packages/airflow/example_dags/example_branch_python_dop_operator_3.py for tasks to queue
[2024-11-06T13:50:53.774+0000] {logging_mixin.py:190} INFO - [2024-11-06T13:50:53.773+0000] {dagbag.py:587} INFO - Filling up the DagBag from /home/airflow/.local/lib/python3.12/site-packages/airflow/example_dags/example_branch_python_dop_operator_3.py
[2024-11-06T13:50:53.791+0000] {processor.py:925} INFO - DAG(s) 'example_branch_dop_operator_v3' retrieved from /home/airflow/.local/lib/python3.12/site-packages/airflow/example_dags/example_branch_python_dop_operator_3.py
[2024-11-06T13:50:53.824+0000] {logging_mixin.py:190} INFO - [2024-11-06T13:50:53.824+0000] {dag.py:3229} INFO - Sync 1 DAGs
[2024-11-06T13:50:53.873+0000] {logging_mixin.py:190} INFO - [2024-11-06T13:50:53.873+0000] {dag.py:4156} INFO - Setting next_dagrun for example_branch_dop_operator_v3 to 2024-11-06 13:49:00+00:00, run_after=2024-11-06 13:50:00+00:00
[2024-11-06T13:50:53.909+0000] {processor.py:208} INFO - Processing /home/airflow/.local/lib/python3.12/site-packages/airflow/example_dags/example_branch_python_dop_operator_3.py took 0.150 seconds
[2024-11-06T13:51:25.175+0000] {processor.py:186} INFO - Started process (PID=401) to work on /home/airflow/.local/lib/python3.12/site-packages/airflow/example_dags/example_branch_python_dop_operator_3.py
[2024-11-06T13:51:25.177+0000] {processor.py:914} INFO - Processing file /home/airflow/.local/lib/python3.12/site-packages/airflow/example_dags/example_branch_python_dop_operator_3.py for tasks to queue
[2024-11-06T13:51:25.182+0000] {logging_mixin.py:190} INFO - [2024-11-06T13:51:25.181+0000] {dagbag.py:587} INFO - Filling up the DagBag from /home/airflow/.local/lib/python3.12/site-packages/airflow/example_dags/example_branch_python_dop_operator_3.py
[2024-11-06T13:51:25.204+0000] {processor.py:925} INFO - DAG(s) 'example_branch_dop_operator_v3' retrieved from /home/airflow/.local/lib/python3.12/site-packages/airflow/example_dags/example_branch_python_dop_operator_3.py
[2024-11-06T13:51:25.244+0000] {logging_mixin.py:190} INFO - [2024-11-06T13:51:25.243+0000] {dag.py:3229} INFO - Sync 1 DAGs
[2024-11-06T13:51:25.290+0000] {logging_mixin.py:190} INFO - [2024-11-06T13:51:25.289+0000] {dag.py:4156} INFO - Setting next_dagrun for example_branch_dop_operator_v3 to 2024-11-06 13:50:00+00:00, run_after=2024-11-06 13:51:00+00:00
[2024-11-06T13:51:25.334+0000] {processor.py:208} INFO - Processing /home/airflow/.local/lib/python3.12/site-packages/airflow/example_dags/example_branch_python_dop_operator_3.py took 0.167 seconds
[2024-11-06T13:51:56.632+0000] {processor.py:186} INFO - Started process (PID=465) to work on /home/airflow/.local/lib/python3.12/site-packages/airflow/example_dags/example_branch_python_dop_operator_3.py
[2024-11-06T13:51:56.634+0000] {processor.py:914} INFO - Processing file /home/airflow/.local/lib/python3.12/site-packages/airflow/example_dags/example_branch_python_dop_operator_3.py for tasks to queue
[2024-11-06T13:51:56.637+0000] {logging_mixin.py:190} INFO - [2024-11-06T13:51:56.637+0000] {dagbag.py:587} INFO - Filling up the DagBag from /home/airflow/.local/lib/python3.12/site-packages/airflow/example_dags/example_branch_python_dop_operator_3.py
[2024-11-06T13:51:56.654+0000] {processor.py:925} INFO - DAG(s) 'example_branch_dop_operator_v3' retrieved from /home/airflow/.local/lib/python3.12/site-packages/airflow/example_dags/example_branch_python_dop_operator_3.py
[2024-11-06T13:51:56.688+0000] {logging_mixin.py:190} INFO - [2024-11-06T13:51:56.688+0000] {dag.py:3229} INFO - Sync 1 DAGs
[2024-11-06T13:51:56.735+0000] {logging_mixin.py:190} INFO - [2024-11-06T13:51:56.735+0000] {dag.py:4156} INFO - Setting next_dagrun for example_branch_dop_operator_v3 to 2024-11-06 13:50:00+00:00, run_after=2024-11-06 13:51:00+00:00
[2024-11-06T13:51:56.768+0000] {processor.py:208} INFO - Processing /home/airflow/.local/lib/python3.12/site-packages/airflow/example_dags/example_branch_python_dop_operator_3.py took 0.143 seconds
[2024-11-06T13:52:27.159+0000] {processor.py:186} INFO - Started process (PID=529) to work on /home/airflow/.local/lib/python3.12/site-packages/airflow/example_dags/example_branch_python_dop_operator_3.py
[2024-11-06T13:52:27.162+0000] {processor.py:914} INFO - Processing file /home/airflow/.local/lib/python3.12/site-packages/airflow/example_dags/example_branch_python_dop_operator_3.py for tasks to queue
[2024-11-06T13:52:27.167+0000] {logging_mixin.py:190} INFO - [2024-11-06T13:52:27.166+0000] {dagbag.py:587} INFO - Filling up the DagBag from /home/airflow/.local/lib/python3.12/site-packages/airflow/example_dags/example_branch_python_dop_operator_3.py
[2024-11-06T13:52:27.183+0000] {processor.py:925} INFO - DAG(s) 'example_branch_dop_operator_v3' retrieved from /home/airflow/.local/lib/python3.12/site-packages/airflow/example_dags/example_branch_python_dop_operator_3.py
[2024-11-06T13:52:27.217+0000] {logging_mixin.py:190} INFO - [2024-11-06T13:52:27.217+0000] {dag.py:3229} INFO - Sync 1 DAGs
[2024-11-06T13:52:27.263+0000] {logging_mixin.py:190} INFO - [2024-11-06T13:52:27.263+0000] {dag.py:4156} INFO - Setting next_dagrun for example_branch_dop_operator_v3 to 2024-11-06 13:51:00+00:00, run_after=2024-11-06 13:52:00+00:00
[2024-11-06T13:52:27.303+0000] {processor.py:208} INFO - Processing /home/airflow/.local/lib/python3.12/site-packages/airflow/example_dags/example_branch_python_dop_operator_3.py took 0.152 seconds
[2024-11-06T13:52:57.861+0000] {processor.py:186} INFO - Started process (PID=593) to work on /home/airflow/.local/lib/python3.12/site-packages/airflow/example_dags/example_branch_python_dop_operator_3.py
[2024-11-06T13:52:57.863+0000] {processor.py:914} INFO - Processing file /home/airflow/.local/lib/python3.12/site-packages/airflow/example_dags/example_branch_python_dop_operator_3.py for tasks to queue
[2024-11-06T13:52:57.866+0000] {logging_mixin.py:190} INFO - [2024-11-06T13:52:57.865+0000] {dagbag.py:587} INFO - Filling up the DagBag from /home/airflow/.local/lib/python3.12/site-packages/airflow/example_dags/example_branch_python_dop_operator_3.py
[2024-11-06T13:52:57.880+0000] {processor.py:925} INFO - DAG(s) 'example_branch_dop_operator_v3' retrieved from /home/airflow/.local/lib/python3.12/site-packages/airflow/example_dags/example_branch_python_dop_operator_3.py
[2024-11-06T13:52:57.909+0000] {logging_mixin.py:190} INFO - [2024-11-06T13:52:57.909+0000] {dag.py:3229} INFO - Sync 1 DAGs
[2024-11-06T13:52:57.948+0000] {logging_mixin.py:190} INFO - [2024-11-06T13:52:57.948+0000] {dag.py:4156} INFO - Setting next_dagrun for example_branch_dop_operator_v3 to 2024-11-06 13:51:00+00:00, run_after=2024-11-06 13:52:00+00:00
[2024-11-06T13:52:57.979+0000] {processor.py:208} INFO - Processing /home/airflow/.local/lib/python3.12/site-packages/airflow/example_dags/example_branch_python_dop_operator_3.py took 0.125 seconds
[2024-11-06T13:53:28.839+0000] {processor.py:186} INFO - Started process (PID=657) to work on /home/airflow/.local/lib/python3.12/site-packages/airflow/example_dags/example_branch_python_dop_operator_3.py
[2024-11-06T13:53:28.840+0000] {processor.py:914} INFO - Processing file /home/airflow/.local/lib/python3.12/site-packages/airflow/example_dags/example_branch_python_dop_operator_3.py for tasks to queue
[2024-11-06T13:53:28.846+0000] {logging_mixin.py:190} INFO - [2024-11-06T13:53:28.845+0000] {dagbag.py:587} INFO - Filling up the DagBag from /home/airflow/.local/lib/python3.12/site-packages/airflow/example_dags/example_branch_python_dop_operator_3.py
[2024-11-06T13:53:28.865+0000] {processor.py:925} INFO - DAG(s) 'example_branch_dop_operator_v3' retrieved from /home/airflow/.local/lib/python3.12/site-packages/airflow/example_dags/example_branch_python_dop_operator_3.py
[2024-11-06T13:53:28.899+0000] {logging_mixin.py:190} INFO - [2024-11-06T13:53:28.899+0000] {dag.py:3229} INFO - Sync 1 DAGs
[2024-11-06T13:53:28.966+0000] {logging_mixin.py:190} INFO - [2024-11-06T13:53:28.966+0000] {dag.py:4156} INFO - Setting next_dagrun for example_branch_dop_operator_v3 to 2024-11-06 13:52:00+00:00, run_after=2024-11-06 13:53:00+00:00
[2024-11-06T13:53:29.028+0000] {processor.py:208} INFO - Processing /home/airflow/.local/lib/python3.12/site-packages/airflow/example_dags/example_branch_python_dop_operator_3.py took 0.198 seconds
[2024-11-06T13:53:59.398+0000] {processor.py:186} INFO - Started process (PID=721) to work on /home/airflow/.local/lib/python3.12/site-packages/airflow/example_dags/example_branch_python_dop_operator_3.py
[2024-11-06T13:53:59.400+0000] {processor.py:914} INFO - Processing file /home/airflow/.local/lib/python3.12/site-packages/airflow/example_dags/example_branch_python_dop_operator_3.py for tasks to queue
[2024-11-06T13:53:59.403+0000] {logging_mixin.py:190} INFO - [2024-11-06T13:53:59.403+0000] {dagbag.py:587} INFO - Filling up the DagBag from /home/airflow/.local/lib/python3.12/site-packages/airflow/example_dags/example_branch_python_dop_operator_3.py
[2024-11-06T13:53:59.419+0000] {processor.py:925} INFO - DAG(s) 'example_branch_dop_operator_v3' retrieved from /home/airflow/.local/lib/python3.12/site-packages/airflow/example_dags/example_branch_python_dop_operator_3.py
[2024-11-06T13:53:59.447+0000] {logging_mixin.py:190} INFO - [2024-11-06T13:53:59.447+0000] {dag.py:3229} INFO - Sync 1 DAGs
[2024-11-06T13:53:59.489+0000] {logging_mixin.py:190} INFO - [2024-11-06T13:53:59.488+0000] {dag.py:4156} INFO - Setting next_dagrun for example_branch_dop_operator_v3 to 2024-11-06 13:52:00+00:00, run_after=2024-11-06 13:53:00+00:00
[2024-11-06T13:53:59.520+0000] {processor.py:208} INFO - Processing /home/airflow/.local/lib/python3.12/site-packages/airflow/example_dags/example_branch_python_dop_operator_3.py took 0.129 seconds
[2024-11-06T13:54:30.055+0000] {processor.py:186} INFO - Started process (PID=785) to work on /home/airflow/.local/lib/python3.12/site-packages/airflow/example_dags/example_branch_python_dop_operator_3.py
[2024-11-06T13:54:30.057+0000] {processor.py:914} INFO - Processing file /home/airflow/.local/lib/python3.12/site-packages/airflow/example_dags/example_branch_python_dop_operator_3.py for tasks to queue
[2024-11-06T13:54:30.061+0000] {logging_mixin.py:190} INFO - [2024-11-06T13:54:30.060+0000] {dagbag.py:587} INFO - Filling up the DagBag from /home/airflow/.local/lib/python3.12/site-packages/airflow/example_dags/example_branch_python_dop_operator_3.py
[2024-11-06T13:54:30.075+0000] {processor.py:925} INFO - DAG(s) 'example_branch_dop_operator_v3' retrieved from /home/airflow/.local/lib/python3.12/site-packages/airflow/example_dags/example_branch_python_dop_operator_3.py
[2024-11-06T13:54:30.103+0000] {logging_mixin.py:190} INFO - [2024-11-06T13:54:30.103+0000] {dag.py:3229} INFO - Sync 1 DAGs
[2024-11-06T13:54:30.143+0000] {logging_mixin.py:190} INFO - [2024-11-06T13:54:30.142+0000] {dag.py:4156} INFO - Setting next_dagrun for example_branch_dop_operator_v3 to 2024-11-06 13:53:00+00:00, run_after=2024-11-06 13:54:00+00:00
[2024-11-06T13:54:30.172+0000] {processor.py:208} INFO - Processing /home/airflow/.local/lib/python3.12/site-packages/airflow/example_dags/example_branch_python_dop_operator_3.py took 0.124 seconds
[2024-11-06T13:55:01.428+0000] {processor.py:186} INFO - Started process (PID=849) to work on /home/airflow/.local/lib/python3.12/site-packages/airflow/example_dags/example_branch_python_dop_operator_3.py
[2024-11-06T13:55:01.430+0000] {processor.py:914} INFO - Processing file /home/airflow/.local/lib/python3.12/site-packages/airflow/example_dags/example_branch_python_dop_operator_3.py for tasks to queue
[2024-11-06T13:55:01.433+0000] {logging_mixin.py:190} INFO - [2024-11-06T13:55:01.433+0000] {dagbag.py:587} INFO - Filling up the DagBag from /home/airflow/.local/lib/python3.12/site-packages/airflow/example_dags/example_branch_python_dop_operator_3.py
[2024-11-06T13:55:01.449+0000] {processor.py:925} INFO - DAG(s) 'example_branch_dop_operator_v3' retrieved from /home/airflow/.local/lib/python3.12/site-packages/airflow/example_dags/example_branch_python_dop_operator_3.py
[2024-11-06T13:55:01.485+0000] {logging_mixin.py:190} INFO - [2024-11-06T13:55:01.484+0000] {dag.py:3229} INFO - Sync 1 DAGs
[2024-11-06T13:55:01.531+0000] {logging_mixin.py:190} INFO - [2024-11-06T13:55:01.530+0000] {dag.py:4156} INFO - Setting next_dagrun for example_branch_dop_operator_v3 to 2024-11-06 13:54:00+00:00, run_after=2024-11-06 13:55:00+00:00
[2024-11-06T13:55:01.566+0000] {processor.py:208} INFO - Processing /home/airflow/.local/lib/python3.12/site-packages/airflow/example_dags/example_branch_python_dop_operator_3.py took 0.145 seconds
[2024-11-06T13:55:32.706+0000] {processor.py:186} INFO - Started process (PID=914) to work on /home/airflow/.local/lib/python3.12/site-packages/airflow/example_dags/example_branch_python_dop_operator_3.py
[2024-11-06T13:55:32.708+0000] {processor.py:914} INFO - Processing file /home/airflow/.local/lib/python3.12/site-packages/airflow/example_dags/example_branch_python_dop_operator_3.py for tasks to queue
[2024-11-06T13:55:32.712+0000] {logging_mixin.py:190} INFO - [2024-11-06T13:55:32.711+0000] {dagbag.py:587} INFO - Filling up the DagBag from /home/airflow/.local/lib/python3.12/site-packages/airflow/example_dags/example_branch_python_dop_operator_3.py
[2024-11-06T13:55:32.727+0000] {processor.py:925} INFO - DAG(s) 'example_branch_dop_operator_v3' retrieved from /home/airflow/.local/lib/python3.12/site-packages/airflow/example_dags/example_branch_python_dop_operator_3.py
[2024-11-06T13:55:32.757+0000] {logging_mixin.py:190} INFO - [2024-11-06T13:55:32.757+0000] {dag.py:3229} INFO - Sync 1 DAGs
[2024-11-06T13:55:32.798+0000] {logging_mixin.py:190} INFO - [2024-11-06T13:55:32.797+0000] {dag.py:4156} INFO - Setting next_dagrun for example_branch_dop_operator_v3 to 2024-11-06 13:54:00+00:00, run_after=2024-11-06 13:55:00+00:00
[2024-11-06T13:55:32.829+0000] {processor.py:208} INFO - Processing /home/airflow/.local/lib/python3.12/site-packages/airflow/example_dags/example_branch_python_dop_operator_3.py took 0.130 seconds
[2024-11-06T13:56:03.279+0000] {processor.py:186} INFO - Started process (PID=978) to work on /home/airflow/.local/lib/python3.12/site-packages/airflow/example_dags/example_branch_python_dop_operator_3.py
[2024-11-06T13:56:03.280+0000] {processor.py:914} INFO - Processing file /home/airflow/.local/lib/python3.12/site-packages/airflow/example_dags/example_branch_python_dop_operator_3.py for tasks to queue
[2024-11-06T13:56:03.284+0000] {logging_mixin.py:190} INFO - [2024-11-06T13:56:03.283+0000] {dagbag.py:587} INFO - Filling up the DagBag from /home/airflow/.local/lib/python3.12/site-packages/airflow/example_dags/example_branch_python_dop_operator_3.py
[2024-11-06T13:56:03.301+0000] {processor.py:925} INFO - DAG(s) 'example_branch_dop_operator_v3' retrieved from /home/airflow/.local/lib/python3.12/site-packages/airflow/example_dags/example_branch_python_dop_operator_3.py
[2024-11-06T13:56:03.329+0000] {logging_mixin.py:190} INFO - [2024-11-06T13:56:03.329+0000] {dag.py:3229} INFO - Sync 1 DAGs
[2024-11-06T13:56:03.371+0000] {logging_mixin.py:190} INFO - [2024-11-06T13:56:03.370+0000] {dag.py:4156} INFO - Setting next_dagrun for example_branch_dop_operator_v3 to 2024-11-06 13:55:00+00:00, run_after=2024-11-06 13:56:00+00:00
[2024-11-06T13:56:03.404+0000] {processor.py:208} INFO - Processing /home/airflow/.local/lib/python3.12/site-packages/airflow/example_dags/example_branch_python_dop_operator_3.py took 0.138 seconds
[2024-11-06T13:56:34.567+0000] {processor.py:186} INFO - Started process (PID=1048) to work on /home/airflow/.local/lib/python3.12/site-packages/airflow/example_dags/example_branch_python_dop_operator_3.py
[2024-11-06T13:56:34.569+0000] {processor.py:914} INFO - Processing file /home/airflow/.local/lib/python3.12/site-packages/airflow/example_dags/example_branch_python_dop_operator_3.py for tasks to queue
[2024-11-06T13:56:34.573+0000] {logging_mixin.py:190} INFO - [2024-11-06T13:56:34.572+0000] {dagbag.py:587} INFO - Filling up the DagBag from /home/airflow/.local/lib/python3.12/site-packages/airflow/example_dags/example_branch_python_dop_operator_3.py
[2024-11-06T13:56:34.589+0000] {processor.py:925} INFO - DAG(s) 'example_branch_dop_operator_v3' retrieved from /home/airflow/.local/lib/python3.12/site-packages/airflow/example_dags/example_branch_python_dop_operator_3.py
[2024-11-06T13:56:34.620+0000] {logging_mixin.py:190} INFO - [2024-11-06T13:56:34.619+0000] {dag.py:3229} INFO - Sync 1 DAGs
[2024-11-06T13:56:34.660+0000] {logging_mixin.py:190} INFO - [2024-11-06T13:56:34.659+0000] {dag.py:4156} INFO - Setting next_dagrun for example_branch_dop_operator_v3 to 2024-11-06 13:55:00+00:00, run_after=2024-11-06 13:56:00+00:00
[2024-11-06T13:56:34.690+0000] {processor.py:208} INFO - Processing /home/airflow/.local/lib/python3.12/site-packages/airflow/example_dags/example_branch_python_dop_operator_3.py took 0.131 seconds
[2024-11-06T13:57:05.114+0000] {processor.py:186} INFO - Started process (PID=1112) to work on /home/airflow/.local/lib/python3.12/site-packages/airflow/example_dags/example_branch_python_dop_operator_3.py
[2024-11-06T13:57:05.116+0000] {processor.py:914} INFO - Processing file /home/airflow/.local/lib/python3.12/site-packages/airflow/example_dags/example_branch_python_dop_operator_3.py for tasks to queue
[2024-11-06T13:57:05.119+0000] {logging_mixin.py:190} INFO - [2024-11-06T13:57:05.118+0000] {dagbag.py:587} INFO - Filling up the DagBag from /home/airflow/.local/lib/python3.12/site-packages/airflow/example_dags/example_branch_python_dop_operator_3.py
[2024-11-06T13:57:05.129+0000] {processor.py:925} INFO - DAG(s) 'example_branch_dop_operator_v3' retrieved from /home/airflow/.local/lib/python3.12/site-packages/airflow/example_dags/example_branch_python_dop_operator_3.py
[2024-11-06T13:57:05.154+0000] {logging_mixin.py:190} INFO - [2024-11-06T13:57:05.153+0000] {dag.py:3229} INFO - Sync 1 DAGs
[2024-11-06T13:57:05.186+0000] {logging_mixin.py:190} INFO - [2024-11-06T13:57:05.185+0000] {dag.py:4156} INFO - Setting next_dagrun for example_branch_dop_operator_v3 to 2024-11-06 13:56:00+00:00, run_after=2024-11-06 13:57:00+00:00
[2024-11-06T13:57:05.211+0000] {processor.py:208} INFO - Processing /home/airflow/.local/lib/python3.12/site-packages/airflow/example_dags/example_branch_python_dop_operator_3.py took 0.103 seconds
[2024-11-06T13:57:37.122+0000] {processor.py:186} INFO - Started process (PID=1177) to work on /home/airflow/.local/lib/python3.12/site-packages/airflow/example_dags/example_branch_python_dop_operator_3.py
[2024-11-06T13:57:37.124+0000] {processor.py:914} INFO - Processing file /home/airflow/.local/lib/python3.12/site-packages/airflow/example_dags/example_branch_python_dop_operator_3.py for tasks to queue
[2024-11-06T13:57:37.128+0000] {logging_mixin.py:190} INFO - [2024-11-06T13:57:37.127+0000] {dagbag.py:587} INFO - Filling up the DagBag from /home/airflow/.local/lib/python3.12/site-packages/airflow/example_dags/example_branch_python_dop_operator_3.py
[2024-11-06T13:57:37.145+0000] {processor.py:925} INFO - DAG(s) 'example_branch_dop_operator_v3' retrieved from /home/airflow/.local/lib/python3.12/site-packages/airflow/example_dags/example_branch_python_dop_operator_3.py
[2024-11-06T13:57:37.181+0000] {logging_mixin.py:190} INFO - [2024-11-06T13:57:37.180+0000] {dag.py:3229} INFO - Sync 1 DAGs
[2024-11-06T13:57:37.223+0000] {logging_mixin.py:190} INFO - [2024-11-06T13:57:37.222+0000] {dag.py:4156} INFO - Setting next_dagrun for example_branch_dop_operator_v3 to 2024-11-06 13:56:00+00:00, run_after=2024-11-06 13:57:00+00:00
[2024-11-06T13:57:37.254+0000] {processor.py:208} INFO - Processing /home/airflow/.local/lib/python3.12/site-packages/airflow/example_dags/example_branch_python_dop_operator_3.py took 0.142 seconds
[2024-11-06T13:58:07.657+0000] {processor.py:186} INFO - Started process (PID=1241) to work on /home/airflow/.local/lib/python3.12/site-packages/airflow/example_dags/example_branch_python_dop_operator_3.py
[2024-11-06T13:58:07.658+0000] {processor.py:914} INFO - Processing file /home/airflow/.local/lib/python3.12/site-packages/airflow/example_dags/example_branch_python_dop_operator_3.py for tasks to queue
[2024-11-06T13:58:07.661+0000] {logging_mixin.py:190} INFO - [2024-11-06T13:58:07.661+0000] {dagbag.py:587} INFO - Filling up the DagBag from /home/airflow/.local/lib/python3.12/site-packages/airflow/example_dags/example_branch_python_dop_operator_3.py
[2024-11-06T13:58:07.675+0000] {processor.py:925} INFO - DAG(s) 'example_branch_dop_operator_v3' retrieved from /home/airflow/.local/lib/python3.12/site-packages/airflow/example_dags/example_branch_python_dop_operator_3.py
[2024-11-06T13:58:07.703+0000] {logging_mixin.py:190} INFO - [2024-11-06T13:58:07.703+0000] {dag.py:3229} INFO - Sync 1 DAGs
[2024-11-06T13:58:07.742+0000] {logging_mixin.py:190} INFO - [2024-11-06T13:58:07.742+0000] {dag.py:4156} INFO - Setting next_dagrun for example_branch_dop_operator_v3 to 2024-11-06 13:57:00+00:00, run_after=2024-11-06 13:58:00+00:00
[2024-11-06T13:58:07.771+0000] {processor.py:208} INFO - Processing /home/airflow/.local/lib/python3.12/site-packages/airflow/example_dags/example_branch_python_dop_operator_3.py took 0.121 seconds
[2024-11-06T13:58:38.237+0000] {processor.py:186} INFO - Started process (PID=1305) to work on /home/airflow/.local/lib/python3.12/site-packages/airflow/example_dags/example_branch_python_dop_operator_3.py
[2024-11-06T13:58:38.239+0000] {processor.py:914} INFO - Processing file /home/airflow/.local/lib/python3.12/site-packages/airflow/example_dags/example_branch_python_dop_operator_3.py for tasks to queue
[2024-11-06T13:58:38.243+0000] {logging_mixin.py:190} INFO - [2024-11-06T13:58:38.242+0000] {dagbag.py:587} INFO - Filling up the DagBag from /home/airflow/.local/lib/python3.12/site-packages/airflow/example_dags/example_branch_python_dop_operator_3.py
[2024-11-06T13:58:38.255+0000] {processor.py:925} INFO - DAG(s) 'example_branch_dop_operator_v3' retrieved from /home/airflow/.local/lib/python3.12/site-packages/airflow/example_dags/example_branch_python_dop_operator_3.py
[2024-11-06T13:58:38.284+0000] {logging_mixin.py:190} INFO - [2024-11-06T13:58:38.284+0000] {dag.py:3229} INFO - Sync 1 DAGs
[2024-11-06T13:58:38.325+0000] {logging_mixin.py:190} INFO - [2024-11-06T13:58:38.324+0000] {dag.py:4156} INFO - Setting next_dagrun for example_branch_dop_operator_v3 to 2024-11-06 13:57:00+00:00, run_after=2024-11-06 13:58:00+00:00
[2024-11-06T13:58:38.360+0000] {processor.py:208} INFO - Processing /home/airflow/.local/lib/python3.12/site-packages/airflow/example_dags/example_branch_python_dop_operator_3.py took 0.131 seconds
[2024-11-06T13:59:09.323+0000] {processor.py:186} INFO - Started process (PID=1369) to work on /home/airflow/.local/lib/python3.12/site-packages/airflow/example_dags/example_branch_python_dop_operator_3.py
[2024-11-06T13:59:09.325+0000] {processor.py:914} INFO - Processing file /home/airflow/.local/lib/python3.12/site-packages/airflow/example_dags/example_branch_python_dop_operator_3.py for tasks to queue
[2024-11-06T13:59:09.330+0000] {logging_mixin.py:190} INFO - [2024-11-06T13:59:09.329+0000] {dagbag.py:587} INFO - Filling up the DagBag from /home/airflow/.local/lib/python3.12/site-packages/airflow/example_dags/example_branch_python_dop_operator_3.py
[2024-11-06T13:59:09.350+0000] {processor.py:925} INFO - DAG(s) 'example_branch_dop_operator_v3' retrieved from /home/airflow/.local/lib/python3.12/site-packages/airflow/example_dags/example_branch_python_dop_operator_3.py
[2024-11-06T13:59:09.386+0000] {logging_mixin.py:190} INFO - [2024-11-06T13:59:09.385+0000] {dag.py:3229} INFO - Sync 1 DAGs
[2024-11-06T13:59:09.435+0000] {logging_mixin.py:190} INFO - [2024-11-06T13:59:09.435+0000] {dag.py:4156} INFO - Setting next_dagrun for example_branch_dop_operator_v3 to 2024-11-06 13:58:00+00:00, run_after=2024-11-06 13:59:00+00:00
[2024-11-06T13:59:09.485+0000] {processor.py:208} INFO - Processing /home/airflow/.local/lib/python3.12/site-packages/airflow/example_dags/example_branch_python_dop_operator_3.py took 0.172 seconds
[2024-11-06T13:59:40.246+0000] {processor.py:186} INFO - Started process (PID=1432) to work on /home/airflow/.local/lib/python3.12/site-packages/airflow/example_dags/example_branch_python_dop_operator_3.py
[2024-11-06T13:59:40.248+0000] {processor.py:914} INFO - Processing file /home/airflow/.local/lib/python3.12/site-packages/airflow/example_dags/example_branch_python_dop_operator_3.py for tasks to queue
[2024-11-06T13:59:40.252+0000] {logging_mixin.py:190} INFO - [2024-11-06T13:59:40.252+0000] {dagbag.py:587} INFO - Filling up the DagBag from /home/airflow/.local/lib/python3.12/site-packages/airflow/example_dags/example_branch_python_dop_operator_3.py
[2024-11-06T13:59:40.266+0000] {processor.py:925} INFO - DAG(s) 'example_branch_dop_operator_v3' retrieved from /home/airflow/.local/lib/python3.12/site-packages/airflow/example_dags/example_branch_python_dop_operator_3.py
[2024-11-06T13:59:40.300+0000] {logging_mixin.py:190} INFO - [2024-11-06T13:59:40.299+0000] {dag.py:3229} INFO - Sync 1 DAGs
[2024-11-06T13:59:40.345+0000] {logging_mixin.py:190} INFO - [2024-11-06T13:59:40.345+0000] {dag.py:4156} INFO - Setting next_dagrun for example_branch_dop_operator_v3 to 2024-11-06 13:58:00+00:00, run_after=2024-11-06 13:59:00+00:00
[2024-11-06T13:59:40.384+0000] {processor.py:208} INFO - Processing /home/airflow/.local/lib/python3.12/site-packages/airflow/example_dags/example_branch_python_dop_operator_3.py took 0.147 seconds
[2024-11-06T14:01:12.775+0000] {processor.py:186} INFO - Started process (PID=47) to work on /home/airflow/.local/lib/python3.12/site-packages/airflow/example_dags/example_branch_python_dop_operator_3.py
[2024-11-06T14:01:12.777+0000] {processor.py:914} INFO - Processing file /home/airflow/.local/lib/python3.12/site-packages/airflow/example_dags/example_branch_python_dop_operator_3.py for tasks to queue
[2024-11-06T14:01:12.781+0000] {logging_mixin.py:190} INFO - [2024-11-06T14:01:12.780+0000] {dagbag.py:587} INFO - Filling up the DagBag from /home/airflow/.local/lib/python3.12/site-packages/airflow/example_dags/example_branch_python_dop_operator_3.py
[2024-11-06T14:01:12.796+0000] {processor.py:925} INFO - DAG(s) 'example_branch_dop_operator_v3' retrieved from /home/airflow/.local/lib/python3.12/site-packages/airflow/example_dags/example_branch_python_dop_operator_3.py
[2024-11-06T14:01:12.829+0000] {logging_mixin.py:190} INFO - [2024-11-06T14:01:12.829+0000] {dag.py:3229} INFO - Sync 1 DAGs
[2024-11-06T14:01:12.868+0000] {logging_mixin.py:190} INFO - [2024-11-06T14:01:12.867+0000] {dag.py:4156} INFO - Setting next_dagrun for example_branch_dop_operator_v3 to 2024-11-06 14:00:00+00:00, run_after=2024-11-06 14:01:00+00:00
[2024-11-06T14:01:12.901+0000] {processor.py:208} INFO - Processing /home/airflow/.local/lib/python3.12/site-packages/airflow/example_dags/example_branch_python_dop_operator_3.py took 0.132 seconds
[2024-11-06T14:01:43.951+0000] {processor.py:186} INFO - Started process (PID=111) to work on /home/airflow/.local/lib/python3.12/site-packages/airflow/example_dags/example_branch_python_dop_operator_3.py
[2024-11-06T14:01:43.953+0000] {processor.py:914} INFO - Processing file /home/airflow/.local/lib/python3.12/site-packages/airflow/example_dags/example_branch_python_dop_operator_3.py for tasks to queue
[2024-11-06T14:01:43.957+0000] {logging_mixin.py:190} INFO - [2024-11-06T14:01:43.956+0000] {dagbag.py:587} INFO - Filling up the DagBag from /home/airflow/.local/lib/python3.12/site-packages/airflow/example_dags/example_branch_python_dop_operator_3.py
[2024-11-06T14:01:43.972+0000] {processor.py:925} INFO - DAG(s) 'example_branch_dop_operator_v3' retrieved from /home/airflow/.local/lib/python3.12/site-packages/airflow/example_dags/example_branch_python_dop_operator_3.py
[2024-11-06T14:01:44.003+0000] {logging_mixin.py:190} INFO - [2024-11-06T14:01:44.003+0000] {dag.py:3229} INFO - Sync 1 DAGs
[2024-11-06T14:01:44.046+0000] {logging_mixin.py:190} INFO - [2024-11-06T14:01:44.046+0000] {dag.py:4156} INFO - Setting next_dagrun for example_branch_dop_operator_v3 to 2024-11-06 14:00:00+00:00, run_after=2024-11-06 14:01:00+00:00
[2024-11-06T14:01:44.080+0000] {processor.py:208} INFO - Processing /home/airflow/.local/lib/python3.12/site-packages/airflow/example_dags/example_branch_python_dop_operator_3.py took 0.136 seconds
[2024-11-06T14:02:14.367+0000] {processor.py:186} INFO - Started process (PID=175) to work on /home/airflow/.local/lib/python3.12/site-packages/airflow/example_dags/example_branch_python_dop_operator_3.py
[2024-11-06T14:02:14.369+0000] {processor.py:914} INFO - Processing file /home/airflow/.local/lib/python3.12/site-packages/airflow/example_dags/example_branch_python_dop_operator_3.py for tasks to queue
[2024-11-06T14:02:14.374+0000] {logging_mixin.py:190} INFO - [2024-11-06T14:02:14.373+0000] {dagbag.py:587} INFO - Filling up the DagBag from /home/airflow/.local/lib/python3.12/site-packages/airflow/example_dags/example_branch_python_dop_operator_3.py
[2024-11-06T14:02:14.391+0000] {processor.py:925} INFO - DAG(s) 'example_branch_dop_operator_v3' retrieved from /home/airflow/.local/lib/python3.12/site-packages/airflow/example_dags/example_branch_python_dop_operator_3.py
[2024-11-06T14:02:14.424+0000] {logging_mixin.py:190} INFO - [2024-11-06T14:02:14.424+0000] {dag.py:3229} INFO - Sync 1 DAGs
[2024-11-06T14:02:14.474+0000] {logging_mixin.py:190} INFO - [2024-11-06T14:02:14.474+0000] {dag.py:4156} INFO - Setting next_dagrun for example_branch_dop_operator_v3 to 2024-11-06 14:01:00+00:00, run_after=2024-11-06 14:02:00+00:00
[2024-11-06T14:02:14.514+0000] {processor.py:208} INFO - Processing /home/airflow/.local/lib/python3.12/site-packages/airflow/example_dags/example_branch_python_dop_operator_3.py took 0.158 seconds
[2024-11-06T14:02:45.254+0000] {processor.py:186} INFO - Started process (PID=238) to work on /home/airflow/.local/lib/python3.12/site-packages/airflow/example_dags/example_branch_python_dop_operator_3.py
[2024-11-06T14:02:45.255+0000] {processor.py:914} INFO - Processing file /home/airflow/.local/lib/python3.12/site-packages/airflow/example_dags/example_branch_python_dop_operator_3.py for tasks to queue
[2024-11-06T14:02:45.258+0000] {logging_mixin.py:190} INFO - [2024-11-06T14:02:45.258+0000] {dagbag.py:587} INFO - Filling up the DagBag from /home/airflow/.local/lib/python3.12/site-packages/airflow/example_dags/example_branch_python_dop_operator_3.py
[2024-11-06T14:02:45.268+0000] {processor.py:925} INFO - DAG(s) 'example_branch_dop_operator_v3' retrieved from /home/airflow/.local/lib/python3.12/site-packages/airflow/example_dags/example_branch_python_dop_operator_3.py
[2024-11-06T14:02:45.288+0000] {logging_mixin.py:190} INFO - [2024-11-06T14:02:45.288+0000] {dag.py:3229} INFO - Sync 1 DAGs
[2024-11-06T14:02:45.315+0000] {logging_mixin.py:190} INFO - [2024-11-06T14:02:45.315+0000] {dag.py:4156} INFO - Setting next_dagrun for example_branch_dop_operator_v3 to 2024-11-06 14:01:00+00:00, run_after=2024-11-06 14:02:00+00:00
[2024-11-06T14:02:45.335+0000] {processor.py:208} INFO - Processing /home/airflow/.local/lib/python3.12/site-packages/airflow/example_dags/example_branch_python_dop_operator_3.py took 0.086 seconds
[2024-11-06T14:03:16.423+0000] {processor.py:186} INFO - Started process (PID=302) to work on /home/airflow/.local/lib/python3.12/site-packages/airflow/example_dags/example_branch_python_dop_operator_3.py
[2024-11-06T14:03:16.425+0000] {processor.py:914} INFO - Processing file /home/airflow/.local/lib/python3.12/site-packages/airflow/example_dags/example_branch_python_dop_operator_3.py for tasks to queue
[2024-11-06T14:03:16.429+0000] {logging_mixin.py:190} INFO - [2024-11-06T14:03:16.429+0000] {dagbag.py:587} INFO - Filling up the DagBag from /home/airflow/.local/lib/python3.12/site-packages/airflow/example_dags/example_branch_python_dop_operator_3.py
[2024-11-06T14:03:16.446+0000] {processor.py:925} INFO - DAG(s) 'example_branch_dop_operator_v3' retrieved from /home/airflow/.local/lib/python3.12/site-packages/airflow/example_dags/example_branch_python_dop_operator_3.py
[2024-11-06T14:03:16.480+0000] {logging_mixin.py:190} INFO - [2024-11-06T14:03:16.480+0000] {dag.py:3229} INFO - Sync 1 DAGs
[2024-11-06T14:03:16.524+0000] {logging_mixin.py:190} INFO - [2024-11-06T14:03:16.523+0000] {dag.py:4156} INFO - Setting next_dagrun for example_branch_dop_operator_v3 to 2024-11-06 14:02:00+00:00, run_after=2024-11-06 14:03:00+00:00
[2024-11-06T14:03:16.558+0000] {processor.py:208} INFO - Processing /home/airflow/.local/lib/python3.12/site-packages/airflow/example_dags/example_branch_python_dop_operator_3.py took 0.143 seconds
[2024-11-06T14:03:47.836+0000] {processor.py:186} INFO - Started process (PID=366) to work on /home/airflow/.local/lib/python3.12/site-packages/airflow/example_dags/example_branch_python_dop_operator_3.py
[2024-11-06T14:03:47.838+0000] {processor.py:914} INFO - Processing file /home/airflow/.local/lib/python3.12/site-packages/airflow/example_dags/example_branch_python_dop_operator_3.py for tasks to queue
[2024-11-06T14:03:47.842+0000] {logging_mixin.py:190} INFO - [2024-11-06T14:03:47.841+0000] {dagbag.py:587} INFO - Filling up the DagBag from /home/airflow/.local/lib/python3.12/site-packages/airflow/example_dags/example_branch_python_dop_operator_3.py
[2024-11-06T14:03:47.858+0000] {processor.py:925} INFO - DAG(s) 'example_branch_dop_operator_v3' retrieved from /home/airflow/.local/lib/python3.12/site-packages/airflow/example_dags/example_branch_python_dop_operator_3.py
[2024-11-06T14:03:47.903+0000] {logging_mixin.py:190} INFO - [2024-11-06T14:03:47.902+0000] {dag.py:3229} INFO - Sync 1 DAGs
[2024-11-06T14:03:47.951+0000] {logging_mixin.py:190} INFO - [2024-11-06T14:03:47.950+0000] {dag.py:4156} INFO - Setting next_dagrun for example_branch_dop_operator_v3 to 2024-11-06 14:02:00+00:00, run_after=2024-11-06 14:03:00+00:00
[2024-11-06T14:03:47.988+0000] {processor.py:208} INFO - Processing /home/airflow/.local/lib/python3.12/site-packages/airflow/example_dags/example_branch_python_dop_operator_3.py took 0.161 seconds
