[2024-11-06T13:48:44.458+0000] {processor.py:186} INFO - Started process (PID=64) to work on /home/airflow/.local/lib/python3.12/site-packages/airflow/example_dags/example_dataset_alias.py
[2024-11-06T13:48:44.486+0000] {processor.py:914} INFO - Processing file /home/airflow/.local/lib/python3.12/site-packages/airflow/example_dags/example_dataset_alias.py for tasks to queue
[2024-11-06T13:48:44.496+0000] {logging_mixin.py:190} INFO - [2024-11-06T13:48:44.492+0000] {dagbag.py:587} INFO - Filling up the DagBag from /home/airflow/.local/lib/python3.12/site-packages/airflow/example_dags/example_dataset_alias.py
[2024-11-06T13:48:46.853+0000] {processor.py:925} INFO - DAG(s) 'dataset_s3_bucket_producer', 'dataset_alias_example_alias_producer', 'dataset_alias_example_alias_consumer', 'dataset_s3_bucket_consumer' retrieved from /home/airflow/.local/lib/python3.12/site-packages/airflow/example_dags/example_dataset_alias.py
[2024-11-06T13:48:47.350+0000] {logging_mixin.py:190} INFO - [2024-11-06T13:48:47.348+0000] {dag.py:3229} INFO - Sync 4 DAGs
[2024-11-06T13:48:47.925+0000] {logging_mixin.py:190} INFO - [2024-11-06T13:48:47.925+0000] {dag.py:4156} INFO - Setting next_dagrun for dataset_alias_example_alias_consumer to None, run_after=None
[2024-11-06T13:48:47.940+0000] {logging_mixin.py:190} INFO - [2024-11-06T13:48:47.939+0000] {dag.py:4156} INFO - Setting next_dagrun for dataset_alias_example_alias_producer to None, run_after=None
[2024-11-06T13:48:47.943+0000] {logging_mixin.py:190} INFO - [2024-11-06T13:48:47.943+0000] {dag.py:4156} INFO - Setting next_dagrun for dataset_s3_bucket_consumer to None, run_after=None
[2024-11-06T13:48:47.950+0000] {logging_mixin.py:190} INFO - [2024-11-06T13:48:47.949+0000] {dag.py:4156} INFO - Setting next_dagrun for dataset_s3_bucket_producer to None, run_after=None
[2024-11-06T13:48:48.232+0000] {processor.py:208} INFO - Processing /home/airflow/.local/lib/python3.12/site-packages/airflow/example_dags/example_dataset_alias.py took 3.780 seconds
[2024-11-06T13:49:19.104+0000] {processor.py:186} INFO - Started process (PID=132) to work on /home/airflow/.local/lib/python3.12/site-packages/airflow/example_dags/example_dataset_alias.py
[2024-11-06T13:49:19.107+0000] {processor.py:914} INFO - Processing file /home/airflow/.local/lib/python3.12/site-packages/airflow/example_dags/example_dataset_alias.py for tasks to queue
[2024-11-06T13:49:19.116+0000] {logging_mixin.py:190} INFO - [2024-11-06T13:49:19.115+0000] {dagbag.py:587} INFO - Filling up the DagBag from /home/airflow/.local/lib/python3.12/site-packages/airflow/example_dags/example_dataset_alias.py
[2024-11-06T13:49:19.742+0000] {processor.py:925} INFO - DAG(s) 'dataset_s3_bucket_consumer', 'dataset_alias_example_alias_consumer', 'dataset_s3_bucket_producer', 'dataset_alias_example_alias_producer' retrieved from /home/airflow/.local/lib/python3.12/site-packages/airflow/example_dags/example_dataset_alias.py
[2024-11-06T13:49:19.797+0000] {logging_mixin.py:190} INFO - [2024-11-06T13:49:19.797+0000] {dag.py:3229} INFO - Sync 4 DAGs
[2024-11-06T13:49:19.847+0000] {logging_mixin.py:190} INFO - [2024-11-06T13:49:19.847+0000] {dag.py:4156} INFO - Setting next_dagrun for dataset_alias_example_alias_consumer to None, run_after=None
[2024-11-06T13:49:19.857+0000] {logging_mixin.py:190} INFO - [2024-11-06T13:49:19.857+0000] {dag.py:4156} INFO - Setting next_dagrun for dataset_alias_example_alias_producer to None, run_after=None
[2024-11-06T13:49:19.860+0000] {logging_mixin.py:190} INFO - [2024-11-06T13:49:19.859+0000] {dag.py:4156} INFO - Setting next_dagrun for dataset_s3_bucket_consumer to None, run_after=None
[2024-11-06T13:49:19.862+0000] {logging_mixin.py:190} INFO - [2024-11-06T13:49:19.862+0000] {dag.py:4156} INFO - Setting next_dagrun for dataset_s3_bucket_producer to None, run_after=None
[2024-11-06T13:49:19.907+0000] {processor.py:208} INFO - Processing /home/airflow/.local/lib/python3.12/site-packages/airflow/example_dags/example_dataset_alias.py took 0.824 seconds
[2024-11-06T13:49:50.136+0000] {processor.py:186} INFO - Started process (PID=196) to work on /home/airflow/.local/lib/python3.12/site-packages/airflow/example_dags/example_dataset_alias.py
[2024-11-06T13:49:50.138+0000] {processor.py:914} INFO - Processing file /home/airflow/.local/lib/python3.12/site-packages/airflow/example_dags/example_dataset_alias.py for tasks to queue
[2024-11-06T13:49:50.142+0000] {logging_mixin.py:190} INFO - [2024-11-06T13:49:50.142+0000] {dagbag.py:587} INFO - Filling up the DagBag from /home/airflow/.local/lib/python3.12/site-packages/airflow/example_dags/example_dataset_alias.py
[2024-11-06T13:49:50.417+0000] {processor.py:925} INFO - DAG(s) 'dataset_alias_example_alias_producer', 'dataset_s3_bucket_consumer', 'dataset_s3_bucket_producer', 'dataset_alias_example_alias_consumer' retrieved from /home/airflow/.local/lib/python3.12/site-packages/airflow/example_dags/example_dataset_alias.py
[2024-11-06T13:49:50.454+0000] {logging_mixin.py:190} INFO - [2024-11-06T13:49:50.454+0000] {dag.py:3229} INFO - Sync 4 DAGs
[2024-11-06T13:49:50.490+0000] {logging_mixin.py:190} INFO - [2024-11-06T13:49:50.489+0000] {dag.py:4156} INFO - Setting next_dagrun for dataset_alias_example_alias_consumer to None, run_after=None
[2024-11-06T13:49:50.495+0000] {logging_mixin.py:190} INFO - [2024-11-06T13:49:50.494+0000] {dag.py:4156} INFO - Setting next_dagrun for dataset_alias_example_alias_producer to None, run_after=None
[2024-11-06T13:49:50.498+0000] {logging_mixin.py:190} INFO - [2024-11-06T13:49:50.497+0000] {dag.py:4156} INFO - Setting next_dagrun for dataset_s3_bucket_consumer to None, run_after=None
[2024-11-06T13:49:50.500+0000] {logging_mixin.py:190} INFO - [2024-11-06T13:49:50.500+0000] {dag.py:4156} INFO - Setting next_dagrun for dataset_s3_bucket_producer to None, run_after=None
[2024-11-06T13:49:50.535+0000] {processor.py:208} INFO - Processing /home/airflow/.local/lib/python3.12/site-packages/airflow/example_dags/example_dataset_alias.py took 0.408 seconds
[2024-11-06T13:50:21.157+0000] {processor.py:186} INFO - Started process (PID=268) to work on /home/airflow/.local/lib/python3.12/site-packages/airflow/example_dags/example_dataset_alias.py
[2024-11-06T13:50:21.159+0000] {processor.py:914} INFO - Processing file /home/airflow/.local/lib/python3.12/site-packages/airflow/example_dags/example_dataset_alias.py for tasks to queue
[2024-11-06T13:50:21.163+0000] {logging_mixin.py:190} INFO - [2024-11-06T13:50:21.162+0000] {dagbag.py:587} INFO - Filling up the DagBag from /home/airflow/.local/lib/python3.12/site-packages/airflow/example_dags/example_dataset_alias.py
[2024-11-06T13:50:21.409+0000] {processor.py:925} INFO - DAG(s) 'dataset_alias_example_alias_consumer', 'dataset_s3_bucket_consumer', 'dataset_alias_example_alias_producer', 'dataset_s3_bucket_producer' retrieved from /home/airflow/.local/lib/python3.12/site-packages/airflow/example_dags/example_dataset_alias.py
[2024-11-06T13:50:21.446+0000] {logging_mixin.py:190} INFO - [2024-11-06T13:50:21.445+0000] {dag.py:3229} INFO - Sync 4 DAGs
[2024-11-06T13:50:21.482+0000] {logging_mixin.py:190} INFO - [2024-11-06T13:50:21.481+0000] {dag.py:4156} INFO - Setting next_dagrun for dataset_alias_example_alias_consumer to None, run_after=None
[2024-11-06T13:50:21.487+0000] {logging_mixin.py:190} INFO - [2024-11-06T13:50:21.486+0000] {dag.py:4156} INFO - Setting next_dagrun for dataset_alias_example_alias_producer to None, run_after=None
[2024-11-06T13:50:21.490+0000] {logging_mixin.py:190} INFO - [2024-11-06T13:50:21.490+0000] {dag.py:4156} INFO - Setting next_dagrun for dataset_s3_bucket_consumer to None, run_after=None
[2024-11-06T13:50:21.493+0000] {logging_mixin.py:190} INFO - [2024-11-06T13:50:21.492+0000] {dag.py:4156} INFO - Setting next_dagrun for dataset_s3_bucket_producer to None, run_after=None
[2024-11-06T13:50:21.530+0000] {processor.py:208} INFO - Processing /home/airflow/.local/lib/python3.12/site-packages/airflow/example_dags/example_dataset_alias.py took 0.380 seconds
[2024-11-06T13:50:52.403+0000] {processor.py:186} INFO - Started process (PID=332) to work on /home/airflow/.local/lib/python3.12/site-packages/airflow/example_dags/example_dataset_alias.py
[2024-11-06T13:50:52.406+0000] {processor.py:914} INFO - Processing file /home/airflow/.local/lib/python3.12/site-packages/airflow/example_dags/example_dataset_alias.py for tasks to queue
[2024-11-06T13:50:52.412+0000] {logging_mixin.py:190} INFO - [2024-11-06T13:50:52.411+0000] {dagbag.py:587} INFO - Filling up the DagBag from /home/airflow/.local/lib/python3.12/site-packages/airflow/example_dags/example_dataset_alias.py
[2024-11-06T13:50:53.080+0000] {processor.py:925} INFO - DAG(s) 'dataset_alias_example_alias_producer', 'dataset_alias_example_alias_consumer', 'dataset_s3_bucket_consumer', 'dataset_s3_bucket_producer' retrieved from /home/airflow/.local/lib/python3.12/site-packages/airflow/example_dags/example_dataset_alias.py
[2024-11-06T13:50:53.138+0000] {logging_mixin.py:190} INFO - [2024-11-06T13:50:53.137+0000] {dag.py:3229} INFO - Sync 4 DAGs
[2024-11-06T13:50:53.194+0000] {logging_mixin.py:190} INFO - [2024-11-06T13:50:53.193+0000] {dag.py:4156} INFO - Setting next_dagrun for dataset_alias_example_alias_consumer to None, run_after=None
[2024-11-06T13:50:53.201+0000] {logging_mixin.py:190} INFO - [2024-11-06T13:50:53.200+0000] {dag.py:4156} INFO - Setting next_dagrun for dataset_alias_example_alias_producer to None, run_after=None
[2024-11-06T13:50:53.205+0000] {logging_mixin.py:190} INFO - [2024-11-06T13:50:53.205+0000] {dag.py:4156} INFO - Setting next_dagrun for dataset_s3_bucket_consumer to None, run_after=None
[2024-11-06T13:50:53.209+0000] {logging_mixin.py:190} INFO - [2024-11-06T13:50:53.208+0000] {dag.py:4156} INFO - Setting next_dagrun for dataset_s3_bucket_producer to None, run_after=None
[2024-11-06T13:50:53.269+0000] {processor.py:208} INFO - Processing /home/airflow/.local/lib/python3.12/site-packages/airflow/example_dags/example_dataset_alias.py took 0.879 seconds
[2024-11-06T13:51:24.025+0000] {processor.py:186} INFO - Started process (PID=396) to work on /home/airflow/.local/lib/python3.12/site-packages/airflow/example_dags/example_dataset_alias.py
[2024-11-06T13:51:24.027+0000] {processor.py:914} INFO - Processing file /home/airflow/.local/lib/python3.12/site-packages/airflow/example_dags/example_dataset_alias.py for tasks to queue
[2024-11-06T13:51:24.031+0000] {logging_mixin.py:190} INFO - [2024-11-06T13:51:24.030+0000] {dagbag.py:587} INFO - Filling up the DagBag from /home/airflow/.local/lib/python3.12/site-packages/airflow/example_dags/example_dataset_alias.py
[2024-11-06T13:51:24.330+0000] {processor.py:925} INFO - DAG(s) 'dataset_alias_example_alias_consumer', 'dataset_s3_bucket_consumer', 'dataset_s3_bucket_producer', 'dataset_alias_example_alias_producer' retrieved from /home/airflow/.local/lib/python3.12/site-packages/airflow/example_dags/example_dataset_alias.py
[2024-11-06T13:51:24.390+0000] {logging_mixin.py:190} INFO - [2024-11-06T13:51:24.389+0000] {dag.py:3229} INFO - Sync 4 DAGs
[2024-11-06T13:51:24.442+0000] {logging_mixin.py:190} INFO - [2024-11-06T13:51:24.442+0000] {dag.py:4156} INFO - Setting next_dagrun for dataset_alias_example_alias_consumer to None, run_after=None
[2024-11-06T13:51:24.451+0000] {logging_mixin.py:190} INFO - [2024-11-06T13:51:24.450+0000] {dag.py:4156} INFO - Setting next_dagrun for dataset_alias_example_alias_producer to None, run_after=None
[2024-11-06T13:51:24.454+0000] {logging_mixin.py:190} INFO - [2024-11-06T13:51:24.454+0000] {dag.py:4156} INFO - Setting next_dagrun for dataset_s3_bucket_consumer to None, run_after=None
[2024-11-06T13:51:24.475+0000] {logging_mixin.py:190} INFO - [2024-11-06T13:51:24.474+0000] {dag.py:4156} INFO - Setting next_dagrun for dataset_s3_bucket_producer to None, run_after=None
[2024-11-06T13:51:24.537+0000] {processor.py:208} INFO - Processing /home/airflow/.local/lib/python3.12/site-packages/airflow/example_dags/example_dataset_alias.py took 0.522 seconds
[2024-11-06T13:51:55.372+0000] {processor.py:186} INFO - Started process (PID=460) to work on /home/airflow/.local/lib/python3.12/site-packages/airflow/example_dags/example_dataset_alias.py
[2024-11-06T13:51:55.374+0000] {processor.py:914} INFO - Processing file /home/airflow/.local/lib/python3.12/site-packages/airflow/example_dags/example_dataset_alias.py for tasks to queue
[2024-11-06T13:51:55.380+0000] {logging_mixin.py:190} INFO - [2024-11-06T13:51:55.379+0000] {dagbag.py:587} INFO - Filling up the DagBag from /home/airflow/.local/lib/python3.12/site-packages/airflow/example_dags/example_dataset_alias.py
[2024-11-06T13:51:55.697+0000] {processor.py:925} INFO - DAG(s) 'dataset_alias_example_alias_consumer', 'dataset_s3_bucket_producer', 'dataset_alias_example_alias_producer', 'dataset_s3_bucket_consumer' retrieved from /home/airflow/.local/lib/python3.12/site-packages/airflow/example_dags/example_dataset_alias.py
[2024-11-06T13:51:55.754+0000] {logging_mixin.py:190} INFO - [2024-11-06T13:51:55.753+0000] {dag.py:3229} INFO - Sync 4 DAGs
[2024-11-06T13:51:55.799+0000] {logging_mixin.py:190} INFO - [2024-11-06T13:51:55.798+0000] {dag.py:4156} INFO - Setting next_dagrun for dataset_alias_example_alias_consumer to None, run_after=None
[2024-11-06T13:51:55.805+0000] {logging_mixin.py:190} INFO - [2024-11-06T13:51:55.804+0000] {dag.py:4156} INFO - Setting next_dagrun for dataset_alias_example_alias_producer to None, run_after=None
[2024-11-06T13:51:55.808+0000] {logging_mixin.py:190} INFO - [2024-11-06T13:51:55.808+0000] {dag.py:4156} INFO - Setting next_dagrun for dataset_s3_bucket_consumer to None, run_after=None
[2024-11-06T13:51:55.813+0000] {logging_mixin.py:190} INFO - [2024-11-06T13:51:55.812+0000] {dag.py:4156} INFO - Setting next_dagrun for dataset_s3_bucket_producer to None, run_after=None
[2024-11-06T13:51:55.860+0000] {processor.py:208} INFO - Processing /home/airflow/.local/lib/python3.12/site-packages/airflow/example_dags/example_dataset_alias.py took 0.498 seconds
[2024-11-06T13:52:26.022+0000] {processor.py:186} INFO - Started process (PID=524) to work on /home/airflow/.local/lib/python3.12/site-packages/airflow/example_dags/example_dataset_alias.py
[2024-11-06T13:52:26.024+0000] {processor.py:914} INFO - Processing file /home/airflow/.local/lib/python3.12/site-packages/airflow/example_dags/example_dataset_alias.py for tasks to queue
[2024-11-06T13:52:26.029+0000] {logging_mixin.py:190} INFO - [2024-11-06T13:52:26.028+0000] {dagbag.py:587} INFO - Filling up the DagBag from /home/airflow/.local/lib/python3.12/site-packages/airflow/example_dags/example_dataset_alias.py
[2024-11-06T13:52:26.458+0000] {processor.py:925} INFO - DAG(s) 'dataset_alias_example_alias_consumer', 'dataset_alias_example_alias_producer', 'dataset_s3_bucket_consumer', 'dataset_s3_bucket_producer' retrieved from /home/airflow/.local/lib/python3.12/site-packages/airflow/example_dags/example_dataset_alias.py
[2024-11-06T13:52:26.511+0000] {logging_mixin.py:190} INFO - [2024-11-06T13:52:26.510+0000] {dag.py:3229} INFO - Sync 4 DAGs
[2024-11-06T13:52:26.555+0000] {logging_mixin.py:190} INFO - [2024-11-06T13:52:26.554+0000] {dag.py:4156} INFO - Setting next_dagrun for dataset_alias_example_alias_consumer to None, run_after=None
[2024-11-06T13:52:26.561+0000] {logging_mixin.py:190} INFO - [2024-11-06T13:52:26.560+0000] {dag.py:4156} INFO - Setting next_dagrun for dataset_alias_example_alias_producer to None, run_after=None
[2024-11-06T13:52:26.565+0000] {logging_mixin.py:190} INFO - [2024-11-06T13:52:26.564+0000] {dag.py:4156} INFO - Setting next_dagrun for dataset_s3_bucket_consumer to None, run_after=None
[2024-11-06T13:52:26.568+0000] {logging_mixin.py:190} INFO - [2024-11-06T13:52:26.568+0000] {dag.py:4156} INFO - Setting next_dagrun for dataset_s3_bucket_producer to None, run_after=None
[2024-11-06T13:52:26.613+0000] {processor.py:208} INFO - Processing /home/airflow/.local/lib/python3.12/site-packages/airflow/example_dags/example_dataset_alias.py took 0.600 seconds
[2024-11-06T13:52:56.953+0000] {processor.py:186} INFO - Started process (PID=588) to work on /home/airflow/.local/lib/python3.12/site-packages/airflow/example_dags/example_dataset_alias.py
[2024-11-06T13:52:56.955+0000] {processor.py:914} INFO - Processing file /home/airflow/.local/lib/python3.12/site-packages/airflow/example_dags/example_dataset_alias.py for tasks to queue
[2024-11-06T13:52:56.958+0000] {logging_mixin.py:190} INFO - [2024-11-06T13:52:56.958+0000] {dagbag.py:587} INFO - Filling up the DagBag from /home/airflow/.local/lib/python3.12/site-packages/airflow/example_dags/example_dataset_alias.py
[2024-11-06T13:52:57.227+0000] {processor.py:925} INFO - DAG(s) 'dataset_s3_bucket_producer', 'dataset_s3_bucket_consumer', 'dataset_alias_example_alias_consumer', 'dataset_alias_example_alias_producer' retrieved from /home/airflow/.local/lib/python3.12/site-packages/airflow/example_dags/example_dataset_alias.py
[2024-11-06T13:52:57.268+0000] {logging_mixin.py:190} INFO - [2024-11-06T13:52:57.267+0000] {dag.py:3229} INFO - Sync 4 DAGs
[2024-11-06T13:52:57.308+0000] {logging_mixin.py:190} INFO - [2024-11-06T13:52:57.308+0000] {dag.py:4156} INFO - Setting next_dagrun for dataset_alias_example_alias_consumer to None, run_after=None
[2024-11-06T13:52:57.314+0000] {logging_mixin.py:190} INFO - [2024-11-06T13:52:57.314+0000] {dag.py:4156} INFO - Setting next_dagrun for dataset_alias_example_alias_producer to None, run_after=None
[2024-11-06T13:52:57.317+0000] {logging_mixin.py:190} INFO - [2024-11-06T13:52:57.317+0000] {dag.py:4156} INFO - Setting next_dagrun for dataset_s3_bucket_consumer to None, run_after=None
[2024-11-06T13:52:57.321+0000] {logging_mixin.py:190} INFO - [2024-11-06T13:52:57.320+0000] {dag.py:4156} INFO - Setting next_dagrun for dataset_s3_bucket_producer to None, run_after=None
[2024-11-06T13:52:57.363+0000] {processor.py:208} INFO - Processing /home/airflow/.local/lib/python3.12/site-packages/airflow/example_dags/example_dataset_alias.py took 0.419 seconds
[2024-11-06T13:53:27.822+0000] {processor.py:186} INFO - Started process (PID=652) to work on /home/airflow/.local/lib/python3.12/site-packages/airflow/example_dags/example_dataset_alias.py
[2024-11-06T13:53:27.824+0000] {processor.py:914} INFO - Processing file /home/airflow/.local/lib/python3.12/site-packages/airflow/example_dags/example_dataset_alias.py for tasks to queue
[2024-11-06T13:53:27.828+0000] {logging_mixin.py:190} INFO - [2024-11-06T13:53:27.828+0000] {dagbag.py:587} INFO - Filling up the DagBag from /home/airflow/.local/lib/python3.12/site-packages/airflow/example_dags/example_dataset_alias.py
[2024-11-06T13:53:28.101+0000] {processor.py:925} INFO - DAG(s) 'dataset_s3_bucket_producer', 'dataset_alias_example_alias_producer', 'dataset_s3_bucket_consumer', 'dataset_alias_example_alias_consumer' retrieved from /home/airflow/.local/lib/python3.12/site-packages/airflow/example_dags/example_dataset_alias.py
[2024-11-06T13:53:28.180+0000] {logging_mixin.py:190} INFO - [2024-11-06T13:53:28.179+0000] {dag.py:3229} INFO - Sync 4 DAGs
[2024-11-06T13:53:28.223+0000] {logging_mixin.py:190} INFO - [2024-11-06T13:53:28.222+0000] {dag.py:4156} INFO - Setting next_dagrun for dataset_alias_example_alias_consumer to None, run_after=None
[2024-11-06T13:53:28.234+0000] {logging_mixin.py:190} INFO - [2024-11-06T13:53:28.233+0000] {dag.py:4156} INFO - Setting next_dagrun for dataset_alias_example_alias_producer to None, run_after=None
[2024-11-06T13:53:28.237+0000] {logging_mixin.py:190} INFO - [2024-11-06T13:53:28.237+0000] {dag.py:4156} INFO - Setting next_dagrun for dataset_s3_bucket_consumer to None, run_after=None
[2024-11-06T13:53:28.241+0000] {logging_mixin.py:190} INFO - [2024-11-06T13:53:28.240+0000] {dag.py:4156} INFO - Setting next_dagrun for dataset_s3_bucket_producer to None, run_after=None
[2024-11-06T13:53:28.283+0000] {processor.py:208} INFO - Processing /home/airflow/.local/lib/python3.12/site-packages/airflow/example_dags/example_dataset_alias.py took 0.472 seconds
[2024-11-06T13:53:58.355+0000] {processor.py:186} INFO - Started process (PID=715) to work on /home/airflow/.local/lib/python3.12/site-packages/airflow/example_dags/example_dataset_alias.py
[2024-11-06T13:53:58.357+0000] {processor.py:914} INFO - Processing file /home/airflow/.local/lib/python3.12/site-packages/airflow/example_dags/example_dataset_alias.py for tasks to queue
[2024-11-06T13:53:58.361+0000] {logging_mixin.py:190} INFO - [2024-11-06T13:53:58.360+0000] {dagbag.py:587} INFO - Filling up the DagBag from /home/airflow/.local/lib/python3.12/site-packages/airflow/example_dags/example_dataset_alias.py
[2024-11-06T13:53:58.619+0000] {processor.py:925} INFO - DAG(s) 'dataset_s3_bucket_consumer', 'dataset_alias_example_alias_producer', 'dataset_alias_example_alias_consumer', 'dataset_s3_bucket_producer' retrieved from /home/airflow/.local/lib/python3.12/site-packages/airflow/example_dags/example_dataset_alias.py
[2024-11-06T13:53:58.656+0000] {logging_mixin.py:190} INFO - [2024-11-06T13:53:58.656+0000] {dag.py:3229} INFO - Sync 4 DAGs
[2024-11-06T13:53:58.692+0000] {logging_mixin.py:190} INFO - [2024-11-06T13:53:58.692+0000] {dag.py:4156} INFO - Setting next_dagrun for dataset_alias_example_alias_consumer to None, run_after=None
[2024-11-06T13:53:58.702+0000] {logging_mixin.py:190} INFO - [2024-11-06T13:53:58.701+0000] {dag.py:4156} INFO - Setting next_dagrun for dataset_alias_example_alias_producer to None, run_after=None
[2024-11-06T13:53:58.705+0000] {logging_mixin.py:190} INFO - [2024-11-06T13:53:58.704+0000] {dag.py:4156} INFO - Setting next_dagrun for dataset_s3_bucket_consumer to None, run_after=None
[2024-11-06T13:53:58.709+0000] {logging_mixin.py:190} INFO - [2024-11-06T13:53:58.708+0000] {dag.py:4156} INFO - Setting next_dagrun for dataset_s3_bucket_producer to None, run_after=None
[2024-11-06T13:53:58.757+0000] {processor.py:208} INFO - Processing /home/airflow/.local/lib/python3.12/site-packages/airflow/example_dags/example_dataset_alias.py took 0.409 seconds
[2024-11-06T13:54:29.038+0000] {processor.py:186} INFO - Started process (PID=779) to work on /home/airflow/.local/lib/python3.12/site-packages/airflow/example_dags/example_dataset_alias.py
[2024-11-06T13:54:29.040+0000] {processor.py:914} INFO - Processing file /home/airflow/.local/lib/python3.12/site-packages/airflow/example_dags/example_dataset_alias.py for tasks to queue
[2024-11-06T13:54:29.045+0000] {logging_mixin.py:190} INFO - [2024-11-06T13:54:29.045+0000] {dagbag.py:587} INFO - Filling up the DagBag from /home/airflow/.local/lib/python3.12/site-packages/airflow/example_dags/example_dataset_alias.py
[2024-11-06T13:54:29.408+0000] {processor.py:925} INFO - DAG(s) 'dataset_s3_bucket_consumer', 'dataset_alias_example_alias_consumer', 'dataset_s3_bucket_producer', 'dataset_alias_example_alias_producer' retrieved from /home/airflow/.local/lib/python3.12/site-packages/airflow/example_dags/example_dataset_alias.py
[2024-11-06T13:54:29.455+0000] {logging_mixin.py:190} INFO - [2024-11-06T13:54:29.454+0000] {dag.py:3229} INFO - Sync 4 DAGs
[2024-11-06T13:54:29.494+0000] {logging_mixin.py:190} INFO - [2024-11-06T13:54:29.494+0000] {dag.py:4156} INFO - Setting next_dagrun for dataset_alias_example_alias_consumer to None, run_after=None
[2024-11-06T13:54:29.501+0000] {logging_mixin.py:190} INFO - [2024-11-06T13:54:29.500+0000] {dag.py:4156} INFO - Setting next_dagrun for dataset_alias_example_alias_producer to None, run_after=None
[2024-11-06T13:54:29.504+0000] {logging_mixin.py:190} INFO - [2024-11-06T13:54:29.504+0000] {dag.py:4156} INFO - Setting next_dagrun for dataset_s3_bucket_consumer to None, run_after=None
[2024-11-06T13:54:29.507+0000] {logging_mixin.py:190} INFO - [2024-11-06T13:54:29.507+0000] {dag.py:4156} INFO - Setting next_dagrun for dataset_s3_bucket_producer to None, run_after=None
[2024-11-06T13:54:29.560+0000] {processor.py:208} INFO - Processing /home/airflow/.local/lib/python3.12/site-packages/airflow/example_dags/example_dataset_alias.py took 0.530 seconds
[2024-11-06T13:55:00.394+0000] {processor.py:186} INFO - Started process (PID=845) to work on /home/airflow/.local/lib/python3.12/site-packages/airflow/example_dags/example_dataset_alias.py
[2024-11-06T13:55:00.396+0000] {processor.py:914} INFO - Processing file /home/airflow/.local/lib/python3.12/site-packages/airflow/example_dags/example_dataset_alias.py for tasks to queue
[2024-11-06T13:55:00.405+0000] {logging_mixin.py:190} INFO - [2024-11-06T13:55:00.400+0000] {dagbag.py:587} INFO - Filling up the DagBag from /home/airflow/.local/lib/python3.12/site-packages/airflow/example_dags/example_dataset_alias.py
[2024-11-06T13:55:00.719+0000] {processor.py:925} INFO - DAG(s) 'dataset_s3_bucket_consumer', 'dataset_alias_example_alias_producer', 'dataset_s3_bucket_producer', 'dataset_alias_example_alias_consumer' retrieved from /home/airflow/.local/lib/python3.12/site-packages/airflow/example_dags/example_dataset_alias.py
[2024-11-06T13:55:00.762+0000] {logging_mixin.py:190} INFO - [2024-11-06T13:55:00.762+0000] {dag.py:3229} INFO - Sync 4 DAGs
[2024-11-06T13:55:00.807+0000] {logging_mixin.py:190} INFO - [2024-11-06T13:55:00.806+0000] {dag.py:4156} INFO - Setting next_dagrun for dataset_alias_example_alias_consumer to None, run_after=None
[2024-11-06T13:55:00.814+0000] {logging_mixin.py:190} INFO - [2024-11-06T13:55:00.814+0000] {dag.py:4156} INFO - Setting next_dagrun for dataset_alias_example_alias_producer to None, run_after=None
[2024-11-06T13:55:00.819+0000] {logging_mixin.py:190} INFO - [2024-11-06T13:55:00.818+0000] {dag.py:4156} INFO - Setting next_dagrun for dataset_s3_bucket_consumer to None, run_after=None
[2024-11-06T13:55:00.823+0000] {logging_mixin.py:190} INFO - [2024-11-06T13:55:00.822+0000] {dag.py:4156} INFO - Setting next_dagrun for dataset_s3_bucket_producer to None, run_after=None
[2024-11-06T13:55:00.896+0000] {processor.py:208} INFO - Processing /home/airflow/.local/lib/python3.12/site-packages/airflow/example_dags/example_dataset_alias.py took 0.516 seconds
[2024-11-06T13:55:31.801+0000] {processor.py:186} INFO - Started process (PID=910) to work on /home/airflow/.local/lib/python3.12/site-packages/airflow/example_dags/example_dataset_alias.py
[2024-11-06T13:55:31.804+0000] {processor.py:914} INFO - Processing file /home/airflow/.local/lib/python3.12/site-packages/airflow/example_dags/example_dataset_alias.py for tasks to queue
[2024-11-06T13:55:31.810+0000] {logging_mixin.py:190} INFO - [2024-11-06T13:55:31.809+0000] {dagbag.py:587} INFO - Filling up the DagBag from /home/airflow/.local/lib/python3.12/site-packages/airflow/example_dags/example_dataset_alias.py
[2024-11-06T13:55:32.079+0000] {processor.py:925} INFO - DAG(s) 'dataset_s3_bucket_consumer', 'dataset_alias_example_alias_consumer', 'dataset_alias_example_alias_producer', 'dataset_s3_bucket_producer' retrieved from /home/airflow/.local/lib/python3.12/site-packages/airflow/example_dags/example_dataset_alias.py
[2024-11-06T13:55:32.121+0000] {logging_mixin.py:190} INFO - [2024-11-06T13:55:32.120+0000] {dag.py:3229} INFO - Sync 4 DAGs
[2024-11-06T13:55:32.163+0000] {logging_mixin.py:190} INFO - [2024-11-06T13:55:32.162+0000] {dag.py:4156} INFO - Setting next_dagrun for dataset_alias_example_alias_consumer to None, run_after=None
[2024-11-06T13:55:32.168+0000] {logging_mixin.py:190} INFO - [2024-11-06T13:55:32.168+0000] {dag.py:4156} INFO - Setting next_dagrun for dataset_alias_example_alias_producer to None, run_after=None
[2024-11-06T13:55:32.172+0000] {logging_mixin.py:190} INFO - [2024-11-06T13:55:32.171+0000] {dag.py:4156} INFO - Setting next_dagrun for dataset_s3_bucket_consumer to None, run_after=None
[2024-11-06T13:55:32.176+0000] {logging_mixin.py:190} INFO - [2024-11-06T13:55:32.175+0000] {dag.py:4156} INFO - Setting next_dagrun for dataset_s3_bucket_producer to None, run_after=None
[2024-11-06T13:55:32.223+0000] {processor.py:208} INFO - Processing /home/airflow/.local/lib/python3.12/site-packages/airflow/example_dags/example_dataset_alias.py took 0.436 seconds
[2024-11-06T13:56:02.371+0000] {processor.py:186} INFO - Started process (PID=974) to work on /home/airflow/.local/lib/python3.12/site-packages/airflow/example_dags/example_dataset_alias.py
[2024-11-06T13:56:02.373+0000] {processor.py:914} INFO - Processing file /home/airflow/.local/lib/python3.12/site-packages/airflow/example_dags/example_dataset_alias.py for tasks to queue
[2024-11-06T13:56:02.377+0000] {logging_mixin.py:190} INFO - [2024-11-06T13:56:02.376+0000] {dagbag.py:587} INFO - Filling up the DagBag from /home/airflow/.local/lib/python3.12/site-packages/airflow/example_dags/example_dataset_alias.py
[2024-11-06T13:56:02.723+0000] {processor.py:925} INFO - DAG(s) 'dataset_s3_bucket_producer', 'dataset_s3_bucket_consumer', 'dataset_alias_example_alias_producer', 'dataset_alias_example_alias_consumer' retrieved from /home/airflow/.local/lib/python3.12/site-packages/airflow/example_dags/example_dataset_alias.py
[2024-11-06T13:56:02.767+0000] {logging_mixin.py:190} INFO - [2024-11-06T13:56:02.766+0000] {dag.py:3229} INFO - Sync 4 DAGs
[2024-11-06T13:56:02.802+0000] {logging_mixin.py:190} INFO - [2024-11-06T13:56:02.802+0000] {dag.py:4156} INFO - Setting next_dagrun for dataset_alias_example_alias_consumer to None, run_after=None
[2024-11-06T13:56:02.808+0000] {logging_mixin.py:190} INFO - [2024-11-06T13:56:02.807+0000] {dag.py:4156} INFO - Setting next_dagrun for dataset_alias_example_alias_producer to None, run_after=None
[2024-11-06T13:56:02.810+0000] {logging_mixin.py:190} INFO - [2024-11-06T13:56:02.810+0000] {dag.py:4156} INFO - Setting next_dagrun for dataset_s3_bucket_consumer to None, run_after=None
[2024-11-06T13:56:02.814+0000] {logging_mixin.py:190} INFO - [2024-11-06T13:56:02.814+0000] {dag.py:4156} INFO - Setting next_dagrun for dataset_s3_bucket_producer to None, run_after=None
[2024-11-06T13:56:02.854+0000] {processor.py:208} INFO - Processing /home/airflow/.local/lib/python3.12/site-packages/airflow/example_dags/example_dataset_alias.py took 0.493 seconds
[2024-11-06T13:56:33.572+0000] {processor.py:186} INFO - Started process (PID=1038) to work on /home/airflow/.local/lib/python3.12/site-packages/airflow/example_dags/example_dataset_alias.py
[2024-11-06T13:56:33.573+0000] {processor.py:914} INFO - Processing file /home/airflow/.local/lib/python3.12/site-packages/airflow/example_dags/example_dataset_alias.py for tasks to queue
[2024-11-06T13:56:33.578+0000] {logging_mixin.py:190} INFO - [2024-11-06T13:56:33.577+0000] {dagbag.py:587} INFO - Filling up the DagBag from /home/airflow/.local/lib/python3.12/site-packages/airflow/example_dags/example_dataset_alias.py
[2024-11-06T13:56:33.945+0000] {processor.py:925} INFO - DAG(s) 'dataset_alias_example_alias_consumer', 'dataset_s3_bucket_producer', 'dataset_alias_example_alias_producer', 'dataset_s3_bucket_consumer' retrieved from /home/airflow/.local/lib/python3.12/site-packages/airflow/example_dags/example_dataset_alias.py
[2024-11-06T13:56:33.998+0000] {logging_mixin.py:190} INFO - [2024-11-06T13:56:33.998+0000] {dag.py:3229} INFO - Sync 4 DAGs
[2024-11-06T13:56:34.040+0000] {logging_mixin.py:190} INFO - [2024-11-06T13:56:34.040+0000] {dag.py:4156} INFO - Setting next_dagrun for dataset_alias_example_alias_consumer to None, run_after=None
[2024-11-06T13:56:34.047+0000] {logging_mixin.py:190} INFO - [2024-11-06T13:56:34.046+0000] {dag.py:4156} INFO - Setting next_dagrun for dataset_alias_example_alias_producer to None, run_after=None
[2024-11-06T13:56:34.050+0000] {logging_mixin.py:190} INFO - [2024-11-06T13:56:34.050+0000] {dag.py:4156} INFO - Setting next_dagrun for dataset_s3_bucket_consumer to None, run_after=None
[2024-11-06T13:56:34.054+0000] {logging_mixin.py:190} INFO - [2024-11-06T13:56:34.053+0000] {dag.py:4156} INFO - Setting next_dagrun for dataset_s3_bucket_producer to None, run_after=None
[2024-11-06T13:56:34.102+0000] {processor.py:208} INFO - Processing /home/airflow/.local/lib/python3.12/site-packages/airflow/example_dags/example_dataset_alias.py took 0.544 seconds
[2024-11-06T13:57:04.248+0000] {processor.py:186} INFO - Started process (PID=1107) to work on /home/airflow/.local/lib/python3.12/site-packages/airflow/example_dags/example_dataset_alias.py
[2024-11-06T13:57:04.250+0000] {processor.py:914} INFO - Processing file /home/airflow/.local/lib/python3.12/site-packages/airflow/example_dags/example_dataset_alias.py for tasks to queue
[2024-11-06T13:57:04.254+0000] {logging_mixin.py:190} INFO - [2024-11-06T13:57:04.253+0000] {dagbag.py:587} INFO - Filling up the DagBag from /home/airflow/.local/lib/python3.12/site-packages/airflow/example_dags/example_dataset_alias.py
[2024-11-06T13:57:04.625+0000] {processor.py:925} INFO - DAG(s) 'dataset_s3_bucket_producer', 'dataset_alias_example_alias_consumer', 'dataset_s3_bucket_consumer', 'dataset_alias_example_alias_producer' retrieved from /home/airflow/.local/lib/python3.12/site-packages/airflow/example_dags/example_dataset_alias.py
[2024-11-06T13:57:04.663+0000] {logging_mixin.py:190} INFO - [2024-11-06T13:57:04.663+0000] {dag.py:3229} INFO - Sync 4 DAGs
[2024-11-06T13:57:04.703+0000] {logging_mixin.py:190} INFO - [2024-11-06T13:57:04.703+0000] {dag.py:4156} INFO - Setting next_dagrun for dataset_alias_example_alias_consumer to None, run_after=None
[2024-11-06T13:57:04.708+0000] {logging_mixin.py:190} INFO - [2024-11-06T13:57:04.708+0000] {dag.py:4156} INFO - Setting next_dagrun for dataset_alias_example_alias_producer to None, run_after=None
[2024-11-06T13:57:04.710+0000] {logging_mixin.py:190} INFO - [2024-11-06T13:57:04.710+0000] {dag.py:4156} INFO - Setting next_dagrun for dataset_s3_bucket_consumer to None, run_after=None
[2024-11-06T13:57:04.713+0000] {logging_mixin.py:190} INFO - [2024-11-06T13:57:04.713+0000] {dag.py:4156} INFO - Setting next_dagrun for dataset_s3_bucket_producer to None, run_after=None
[2024-11-06T13:57:04.749+0000] {processor.py:208} INFO - Processing /home/airflow/.local/lib/python3.12/site-packages/airflow/example_dags/example_dataset_alias.py took 0.508 seconds
[2024-11-06T13:57:34.852+0000] {processor.py:186} INFO - Started process (PID=1172) to work on /home/airflow/.local/lib/python3.12/site-packages/airflow/example_dags/example_dataset_alias.py
[2024-11-06T13:57:34.855+0000] {processor.py:914} INFO - Processing file /home/airflow/.local/lib/python3.12/site-packages/airflow/example_dags/example_dataset_alias.py for tasks to queue
[2024-11-06T13:57:34.859+0000] {logging_mixin.py:190} INFO - [2024-11-06T13:57:34.858+0000] {dagbag.py:587} INFO - Filling up the DagBag from /home/airflow/.local/lib/python3.12/site-packages/airflow/example_dags/example_dataset_alias.py
[2024-11-06T13:57:35.115+0000] {processor.py:925} INFO - DAG(s) 'dataset_alias_example_alias_producer', 'dataset_s3_bucket_producer', 'dataset_alias_example_alias_consumer', 'dataset_s3_bucket_consumer' retrieved from /home/airflow/.local/lib/python3.12/site-packages/airflow/example_dags/example_dataset_alias.py
[2024-11-06T13:57:35.164+0000] {logging_mixin.py:190} INFO - [2024-11-06T13:57:35.164+0000] {dag.py:3229} INFO - Sync 4 DAGs
[2024-11-06T13:57:36.110+0000] {logging_mixin.py:190} INFO - [2024-11-06T13:57:36.110+0000] {dag.py:4156} INFO - Setting next_dagrun for dataset_alias_example_alias_consumer to None, run_after=None
[2024-11-06T13:57:36.116+0000] {logging_mixin.py:190} INFO - [2024-11-06T13:57:36.115+0000] {dag.py:4156} INFO - Setting next_dagrun for dataset_alias_example_alias_producer to None, run_after=None
[2024-11-06T13:57:36.119+0000] {logging_mixin.py:190} INFO - [2024-11-06T13:57:36.119+0000] {dag.py:4156} INFO - Setting next_dagrun for dataset_s3_bucket_consumer to None, run_after=None
[2024-11-06T13:57:36.122+0000] {logging_mixin.py:190} INFO - [2024-11-06T13:57:36.122+0000] {dag.py:4156} INFO - Setting next_dagrun for dataset_s3_bucket_producer to None, run_after=None
[2024-11-06T13:57:36.163+0000] {processor.py:208} INFO - Processing /home/airflow/.local/lib/python3.12/site-packages/airflow/example_dags/example_dataset_alias.py took 1.319 seconds
[2024-11-06T13:58:06.296+0000] {processor.py:186} INFO - Started process (PID=1236) to work on /home/airflow/.local/lib/python3.12/site-packages/airflow/example_dags/example_dataset_alias.py
[2024-11-06T13:58:06.297+0000] {processor.py:914} INFO - Processing file /home/airflow/.local/lib/python3.12/site-packages/airflow/example_dags/example_dataset_alias.py for tasks to queue
[2024-11-06T13:58:06.301+0000] {logging_mixin.py:190} INFO - [2024-11-06T13:58:06.300+0000] {dagbag.py:587} INFO - Filling up the DagBag from /home/airflow/.local/lib/python3.12/site-packages/airflow/example_dags/example_dataset_alias.py
[2024-11-06T13:58:06.593+0000] {processor.py:925} INFO - DAG(s) 'dataset_s3_bucket_producer', 'dataset_alias_example_alias_consumer', 'dataset_s3_bucket_consumer', 'dataset_alias_example_alias_producer' retrieved from /home/airflow/.local/lib/python3.12/site-packages/airflow/example_dags/example_dataset_alias.py
[2024-11-06T13:58:06.633+0000] {logging_mixin.py:190} INFO - [2024-11-06T13:58:06.632+0000] {dag.py:3229} INFO - Sync 4 DAGs
[2024-11-06T13:58:06.936+0000] {logging_mixin.py:190} INFO - [2024-11-06T13:58:06.935+0000] {dag.py:4156} INFO - Setting next_dagrun for dataset_alias_example_alias_consumer to None, run_after=None
[2024-11-06T13:58:06.941+0000] {logging_mixin.py:190} INFO - [2024-11-06T13:58:06.941+0000] {dag.py:4156} INFO - Setting next_dagrun for dataset_alias_example_alias_producer to None, run_after=None
[2024-11-06T13:58:06.945+0000] {logging_mixin.py:190} INFO - [2024-11-06T13:58:06.944+0000] {dag.py:4156} INFO - Setting next_dagrun for dataset_s3_bucket_consumer to None, run_after=None
[2024-11-06T13:58:06.948+0000] {logging_mixin.py:190} INFO - [2024-11-06T13:58:06.947+0000] {dag.py:4156} INFO - Setting next_dagrun for dataset_s3_bucket_producer to None, run_after=None
[2024-11-06T13:58:06.984+0000] {processor.py:208} INFO - Processing /home/airflow/.local/lib/python3.12/site-packages/airflow/example_dags/example_dataset_alias.py took 0.696 seconds
[2024-11-06T13:58:37.124+0000] {processor.py:186} INFO - Started process (PID=1300) to work on /home/airflow/.local/lib/python3.12/site-packages/airflow/example_dags/example_dataset_alias.py
[2024-11-06T13:58:37.127+0000] {processor.py:914} INFO - Processing file /home/airflow/.local/lib/python3.12/site-packages/airflow/example_dags/example_dataset_alias.py for tasks to queue
[2024-11-06T13:58:37.133+0000] {logging_mixin.py:190} INFO - [2024-11-06T13:58:37.132+0000] {dagbag.py:587} INFO - Filling up the DagBag from /home/airflow/.local/lib/python3.12/site-packages/airflow/example_dags/example_dataset_alias.py
[2024-11-06T13:58:37.487+0000] {processor.py:925} INFO - DAG(s) 'dataset_alias_example_alias_producer', 'dataset_s3_bucket_consumer', 'dataset_alias_example_alias_consumer', 'dataset_s3_bucket_producer' retrieved from /home/airflow/.local/lib/python3.12/site-packages/airflow/example_dags/example_dataset_alias.py
[2024-11-06T13:58:37.532+0000] {logging_mixin.py:190} INFO - [2024-11-06T13:58:37.532+0000] {dag.py:3229} INFO - Sync 4 DAGs
[2024-11-06T13:58:37.869+0000] {logging_mixin.py:190} INFO - [2024-11-06T13:58:37.869+0000] {dag.py:4156} INFO - Setting next_dagrun for dataset_alias_example_alias_consumer to None, run_after=None
[2024-11-06T13:58:37.875+0000] {logging_mixin.py:190} INFO - [2024-11-06T13:58:37.874+0000] {dag.py:4156} INFO - Setting next_dagrun for dataset_alias_example_alias_producer to None, run_after=None
[2024-11-06T13:58:37.877+0000] {logging_mixin.py:190} INFO - [2024-11-06T13:58:37.877+0000] {dag.py:4156} INFO - Setting next_dagrun for dataset_s3_bucket_consumer to None, run_after=None
[2024-11-06T13:58:37.880+0000] {logging_mixin.py:190} INFO - [2024-11-06T13:58:37.880+0000] {dag.py:4156} INFO - Setting next_dagrun for dataset_s3_bucket_producer to None, run_after=None
[2024-11-06T13:58:37.915+0000] {processor.py:208} INFO - Processing /home/airflow/.local/lib/python3.12/site-packages/airflow/example_dags/example_dataset_alias.py took 0.808 seconds
[2024-11-06T13:59:08.289+0000] {processor.py:186} INFO - Started process (PID=1364) to work on /home/airflow/.local/lib/python3.12/site-packages/airflow/example_dags/example_dataset_alias.py
[2024-11-06T13:59:08.292+0000] {processor.py:914} INFO - Processing file /home/airflow/.local/lib/python3.12/site-packages/airflow/example_dags/example_dataset_alias.py for tasks to queue
[2024-11-06T13:59:08.296+0000] {logging_mixin.py:190} INFO - [2024-11-06T13:59:08.296+0000] {dagbag.py:587} INFO - Filling up the DagBag from /home/airflow/.local/lib/python3.12/site-packages/airflow/example_dags/example_dataset_alias.py
[2024-11-06T13:59:08.748+0000] {processor.py:925} INFO - DAG(s) 'dataset_s3_bucket_producer', 'dataset_alias_example_alias_consumer', 'dataset_s3_bucket_consumer', 'dataset_alias_example_alias_producer' retrieved from /home/airflow/.local/lib/python3.12/site-packages/airflow/example_dags/example_dataset_alias.py
[2024-11-06T13:59:08.792+0000] {logging_mixin.py:190} INFO - [2024-11-06T13:59:08.792+0000] {dag.py:3229} INFO - Sync 4 DAGs
[2024-11-06T13:59:09.169+0000] {logging_mixin.py:190} INFO - [2024-11-06T13:59:09.169+0000] {dag.py:4156} INFO - Setting next_dagrun for dataset_alias_example_alias_consumer to None, run_after=None
[2024-11-06T13:59:09.175+0000] {logging_mixin.py:190} INFO - [2024-11-06T13:59:09.174+0000] {dag.py:4156} INFO - Setting next_dagrun for dataset_alias_example_alias_producer to None, run_after=None
[2024-11-06T13:59:09.179+0000] {logging_mixin.py:190} INFO - [2024-11-06T13:59:09.178+0000] {dag.py:4156} INFO - Setting next_dagrun for dataset_s3_bucket_consumer to None, run_after=None
[2024-11-06T13:59:09.183+0000] {logging_mixin.py:190} INFO - [2024-11-06T13:59:09.182+0000] {dag.py:4156} INFO - Setting next_dagrun for dataset_s3_bucket_producer to None, run_after=None
[2024-11-06T13:59:09.229+0000] {processor.py:208} INFO - Processing /home/airflow/.local/lib/python3.12/site-packages/airflow/example_dags/example_dataset_alias.py took 0.948 seconds
[2024-11-06T13:59:39.351+0000] {processor.py:186} INFO - Started process (PID=1430) to work on /home/airflow/.local/lib/python3.12/site-packages/airflow/example_dags/example_dataset_alias.py
[2024-11-06T13:59:39.353+0000] {processor.py:914} INFO - Processing file /home/airflow/.local/lib/python3.12/site-packages/airflow/example_dags/example_dataset_alias.py for tasks to queue
[2024-11-06T13:59:39.358+0000] {logging_mixin.py:190} INFO - [2024-11-06T13:59:39.357+0000] {dagbag.py:587} INFO - Filling up the DagBag from /home/airflow/.local/lib/python3.12/site-packages/airflow/example_dags/example_dataset_alias.py
[2024-11-06T13:59:39.704+0000] {processor.py:925} INFO - DAG(s) 'dataset_s3_bucket_producer', 'dataset_alias_example_alias_producer', 'dataset_s3_bucket_consumer', 'dataset_alias_example_alias_consumer' retrieved from /home/airflow/.local/lib/python3.12/site-packages/airflow/example_dags/example_dataset_alias.py
[2024-11-06T13:59:39.746+0000] {logging_mixin.py:190} INFO - [2024-11-06T13:59:39.745+0000] {dag.py:3229} INFO - Sync 4 DAGs
[2024-11-06T13:59:40.105+0000] {logging_mixin.py:190} INFO - [2024-11-06T13:59:40.105+0000] {dag.py:4156} INFO - Setting next_dagrun for dataset_alias_example_alias_consumer to None, run_after=None
[2024-11-06T13:59:40.111+0000] {logging_mixin.py:190} INFO - [2024-11-06T13:59:40.111+0000] {dag.py:4156} INFO - Setting next_dagrun for dataset_alias_example_alias_producer to None, run_after=None
[2024-11-06T13:59:40.115+0000] {logging_mixin.py:190} INFO - [2024-11-06T13:59:40.115+0000] {dag.py:4156} INFO - Setting next_dagrun for dataset_s3_bucket_consumer to None, run_after=None
[2024-11-06T13:59:40.119+0000] {logging_mixin.py:190} INFO - [2024-11-06T13:59:40.118+0000] {dag.py:4156} INFO - Setting next_dagrun for dataset_s3_bucket_producer to None, run_after=None
[2024-11-06T13:59:40.160+0000] {processor.py:208} INFO - Processing /home/airflow/.local/lib/python3.12/site-packages/airflow/example_dags/example_dataset_alias.py took 0.818 seconds
[2024-11-06T14:01:11.948+0000] {processor.py:186} INFO - Started process (PID=42) to work on /home/airflow/.local/lib/python3.12/site-packages/airflow/example_dags/example_dataset_alias.py
[2024-11-06T14:01:11.950+0000] {processor.py:914} INFO - Processing file /home/airflow/.local/lib/python3.12/site-packages/airflow/example_dags/example_dataset_alias.py for tasks to queue
[2024-11-06T14:01:11.953+0000] {logging_mixin.py:190} INFO - [2024-11-06T14:01:11.952+0000] {dagbag.py:587} INFO - Filling up the DagBag from /home/airflow/.local/lib/python3.12/site-packages/airflow/example_dags/example_dataset_alias.py
[2024-11-06T14:01:12.209+0000] {processor.py:925} INFO - DAG(s) 'dataset_alias_example_alias_producer', 'dataset_s3_bucket_consumer', 'dataset_s3_bucket_producer', 'dataset_alias_example_alias_consumer' retrieved from /home/airflow/.local/lib/python3.12/site-packages/airflow/example_dags/example_dataset_alias.py
[2024-11-06T14:01:12.245+0000] {logging_mixin.py:190} INFO - [2024-11-06T14:01:12.245+0000] {dag.py:3229} INFO - Sync 4 DAGs
[2024-11-06T14:01:12.279+0000] {logging_mixin.py:190} INFO - [2024-11-06T14:01:12.279+0000] {dag.py:4156} INFO - Setting next_dagrun for dataset_alias_example_alias_consumer to None, run_after=None
[2024-11-06T14:01:12.284+0000] {logging_mixin.py:190} INFO - [2024-11-06T14:01:12.283+0000] {dag.py:4156} INFO - Setting next_dagrun for dataset_alias_example_alias_producer to None, run_after=None
[2024-11-06T14:01:12.286+0000] {logging_mixin.py:190} INFO - [2024-11-06T14:01:12.286+0000] {dag.py:4156} INFO - Setting next_dagrun for dataset_s3_bucket_consumer to None, run_after=None
[2024-11-06T14:01:12.289+0000] {logging_mixin.py:190} INFO - [2024-11-06T14:01:12.288+0000] {dag.py:4156} INFO - Setting next_dagrun for dataset_s3_bucket_producer to None, run_after=None
[2024-11-06T14:01:12.323+0000] {processor.py:208} INFO - Processing /home/airflow/.local/lib/python3.12/site-packages/airflow/example_dags/example_dataset_alias.py took 0.382 seconds
[2024-11-06T14:01:43.077+0000] {processor.py:186} INFO - Started process (PID=106) to work on /home/airflow/.local/lib/python3.12/site-packages/airflow/example_dags/example_dataset_alias.py
[2024-11-06T14:01:43.079+0000] {processor.py:914} INFO - Processing file /home/airflow/.local/lib/python3.12/site-packages/airflow/example_dags/example_dataset_alias.py for tasks to queue
[2024-11-06T14:01:43.083+0000] {logging_mixin.py:190} INFO - [2024-11-06T14:01:43.082+0000] {dagbag.py:587} INFO - Filling up the DagBag from /home/airflow/.local/lib/python3.12/site-packages/airflow/example_dags/example_dataset_alias.py
[2024-11-06T14:01:43.316+0000] {processor.py:925} INFO - DAG(s) 'dataset_alias_example_alias_producer', 'dataset_alias_example_alias_consumer', 'dataset_s3_bucket_producer', 'dataset_s3_bucket_consumer' retrieved from /home/airflow/.local/lib/python3.12/site-packages/airflow/example_dags/example_dataset_alias.py
[2024-11-06T14:01:43.357+0000] {logging_mixin.py:190} INFO - [2024-11-06T14:01:43.356+0000] {dag.py:3229} INFO - Sync 4 DAGs
[2024-11-06T14:01:43.391+0000] {logging_mixin.py:190} INFO - [2024-11-06T14:01:43.391+0000] {dag.py:4156} INFO - Setting next_dagrun for dataset_alias_example_alias_consumer to None, run_after=None
[2024-11-06T14:01:43.396+0000] {logging_mixin.py:190} INFO - [2024-11-06T14:01:43.396+0000] {dag.py:4156} INFO - Setting next_dagrun for dataset_alias_example_alias_producer to None, run_after=None
[2024-11-06T14:01:43.399+0000] {logging_mixin.py:190} INFO - [2024-11-06T14:01:43.399+0000] {dag.py:4156} INFO - Setting next_dagrun for dataset_s3_bucket_consumer to None, run_after=None
[2024-11-06T14:01:43.403+0000] {logging_mixin.py:190} INFO - [2024-11-06T14:01:43.403+0000] {dag.py:4156} INFO - Setting next_dagrun for dataset_s3_bucket_producer to None, run_after=None
[2024-11-06T14:01:43.441+0000] {processor.py:208} INFO - Processing /home/airflow/.local/lib/python3.12/site-packages/airflow/example_dags/example_dataset_alias.py took 0.371 seconds
[2024-11-06T14:02:13.797+0000] {processor.py:186} INFO - Started process (PID=170) to work on /home/airflow/.local/lib/python3.12/site-packages/airflow/example_dags/example_dataset_alias.py
[2024-11-06T14:02:13.798+0000] {processor.py:914} INFO - Processing file /home/airflow/.local/lib/python3.12/site-packages/airflow/example_dags/example_dataset_alias.py for tasks to queue
[2024-11-06T14:02:13.802+0000] {logging_mixin.py:190} INFO - [2024-11-06T14:02:13.801+0000] {dagbag.py:587} INFO - Filling up the DagBag from /home/airflow/.local/lib/python3.12/site-packages/airflow/example_dags/example_dataset_alias.py
[2024-11-06T14:02:14.061+0000] {processor.py:925} INFO - DAG(s) 'dataset_alias_example_alias_consumer', 'dataset_s3_bucket_producer', 'dataset_alias_example_alias_producer', 'dataset_s3_bucket_consumer' retrieved from /home/airflow/.local/lib/python3.12/site-packages/airflow/example_dags/example_dataset_alias.py
[2024-11-06T14:02:14.114+0000] {logging_mixin.py:190} INFO - [2024-11-06T14:02:14.113+0000] {dag.py:3229} INFO - Sync 4 DAGs
[2024-11-06T14:02:14.150+0000] {logging_mixin.py:190} INFO - [2024-11-06T14:02:14.149+0000] {dag.py:4156} INFO - Setting next_dagrun for dataset_alias_example_alias_consumer to None, run_after=None
[2024-11-06T14:02:14.154+0000] {logging_mixin.py:190} INFO - [2024-11-06T14:02:14.154+0000] {dag.py:4156} INFO - Setting next_dagrun for dataset_alias_example_alias_producer to None, run_after=None
[2024-11-06T14:02:14.157+0000] {logging_mixin.py:190} INFO - [2024-11-06T14:02:14.157+0000] {dag.py:4156} INFO - Setting next_dagrun for dataset_s3_bucket_consumer to None, run_after=None
[2024-11-06T14:02:14.160+0000] {logging_mixin.py:190} INFO - [2024-11-06T14:02:14.160+0000] {dag.py:4156} INFO - Setting next_dagrun for dataset_s3_bucket_producer to None, run_after=None
[2024-11-06T14:02:14.195+0000] {processor.py:208} INFO - Processing /home/airflow/.local/lib/python3.12/site-packages/airflow/example_dags/example_dataset_alias.py took 0.405 seconds
[2024-11-06T14:02:44.543+0000] {processor.py:186} INFO - Started process (PID=233) to work on /home/airflow/.local/lib/python3.12/site-packages/airflow/example_dags/example_dataset_alias.py
[2024-11-06T14:02:44.544+0000] {processor.py:914} INFO - Processing file /home/airflow/.local/lib/python3.12/site-packages/airflow/example_dags/example_dataset_alias.py for tasks to queue
[2024-11-06T14:02:44.548+0000] {logging_mixin.py:190} INFO - [2024-11-06T14:02:44.547+0000] {dagbag.py:587} INFO - Filling up the DagBag from /home/airflow/.local/lib/python3.12/site-packages/airflow/example_dags/example_dataset_alias.py
[2024-11-06T14:02:44.806+0000] {processor.py:925} INFO - DAG(s) 'dataset_alias_example_alias_consumer', 'dataset_s3_bucket_producer', 'dataset_alias_example_alias_producer', 'dataset_s3_bucket_consumer' retrieved from /home/airflow/.local/lib/python3.12/site-packages/airflow/example_dags/example_dataset_alias.py
[2024-11-06T14:02:44.837+0000] {logging_mixin.py:190} INFO - [2024-11-06T14:02:44.836+0000] {dag.py:3229} INFO - Sync 4 DAGs
[2024-11-06T14:02:44.863+0000] {logging_mixin.py:190} INFO - [2024-11-06T14:02:44.863+0000] {dag.py:4156} INFO - Setting next_dagrun for dataset_alias_example_alias_consumer to None, run_after=None
[2024-11-06T14:02:44.867+0000] {logging_mixin.py:190} INFO - [2024-11-06T14:02:44.867+0000] {dag.py:4156} INFO - Setting next_dagrun for dataset_alias_example_alias_producer to None, run_after=None
[2024-11-06T14:02:44.869+0000] {logging_mixin.py:190} INFO - [2024-11-06T14:02:44.869+0000] {dag.py:4156} INFO - Setting next_dagrun for dataset_s3_bucket_consumer to None, run_after=None
[2024-11-06T14:02:44.871+0000] {logging_mixin.py:190} INFO - [2024-11-06T14:02:44.871+0000] {dag.py:4156} INFO - Setting next_dagrun for dataset_s3_bucket_producer to None, run_after=None
[2024-11-06T14:02:44.900+0000] {processor.py:208} INFO - Processing /home/airflow/.local/lib/python3.12/site-packages/airflow/example_dags/example_dataset_alias.py took 0.363 seconds
[2024-11-06T14:03:15.367+0000] {processor.py:186} INFO - Started process (PID=297) to work on /home/airflow/.local/lib/python3.12/site-packages/airflow/example_dags/example_dataset_alias.py
[2024-11-06T14:03:15.368+0000] {processor.py:914} INFO - Processing file /home/airflow/.local/lib/python3.12/site-packages/airflow/example_dags/example_dataset_alias.py for tasks to queue
[2024-11-06T14:03:15.373+0000] {logging_mixin.py:190} INFO - [2024-11-06T14:03:15.373+0000] {dagbag.py:587} INFO - Filling up the DagBag from /home/airflow/.local/lib/python3.12/site-packages/airflow/example_dags/example_dataset_alias.py
[2024-11-06T14:03:15.667+0000] {processor.py:925} INFO - DAG(s) 'dataset_alias_example_alias_producer', 'dataset_s3_bucket_consumer', 'dataset_alias_example_alias_consumer', 'dataset_s3_bucket_producer' retrieved from /home/airflow/.local/lib/python3.12/site-packages/airflow/example_dags/example_dataset_alias.py
[2024-11-06T14:03:15.723+0000] {logging_mixin.py:190} INFO - [2024-11-06T14:03:15.722+0000] {dag.py:3229} INFO - Sync 4 DAGs
[2024-11-06T14:03:15.776+0000] {logging_mixin.py:190} INFO - [2024-11-06T14:03:15.776+0000] {dag.py:4156} INFO - Setting next_dagrun for dataset_alias_example_alias_consumer to None, run_after=None
[2024-11-06T14:03:15.784+0000] {logging_mixin.py:190} INFO - [2024-11-06T14:03:15.783+0000] {dag.py:4156} INFO - Setting next_dagrun for dataset_alias_example_alias_producer to None, run_after=None
[2024-11-06T14:03:15.789+0000] {logging_mixin.py:190} INFO - [2024-11-06T14:03:15.788+0000] {dag.py:4156} INFO - Setting next_dagrun for dataset_s3_bucket_consumer to None, run_after=None
[2024-11-06T14:03:15.795+0000] {logging_mixin.py:190} INFO - [2024-11-06T14:03:15.794+0000] {dag.py:4156} INFO - Setting next_dagrun for dataset_s3_bucket_producer to None, run_after=None
[2024-11-06T14:03:15.856+0000] {processor.py:208} INFO - Processing /home/airflow/.local/lib/python3.12/site-packages/airflow/example_dags/example_dataset_alias.py took 0.497 seconds
[2024-11-06T14:03:46.773+0000] {processor.py:186} INFO - Started process (PID=361) to work on /home/airflow/.local/lib/python3.12/site-packages/airflow/example_dags/example_dataset_alias.py
[2024-11-06T14:03:46.775+0000] {processor.py:914} INFO - Processing file /home/airflow/.local/lib/python3.12/site-packages/airflow/example_dags/example_dataset_alias.py for tasks to queue
[2024-11-06T14:03:46.779+0000] {logging_mixin.py:190} INFO - [2024-11-06T14:03:46.778+0000] {dagbag.py:587} INFO - Filling up the DagBag from /home/airflow/.local/lib/python3.12/site-packages/airflow/example_dags/example_dataset_alias.py
[2024-11-06T14:03:47.029+0000] {processor.py:925} INFO - DAG(s) 'dataset_s3_bucket_consumer', 'dataset_alias_example_alias_consumer', 'dataset_s3_bucket_producer', 'dataset_alias_example_alias_producer' retrieved from /home/airflow/.local/lib/python3.12/site-packages/airflow/example_dags/example_dataset_alias.py
[2024-11-06T14:03:47.069+0000] {logging_mixin.py:190} INFO - [2024-11-06T14:03:47.068+0000] {dag.py:3229} INFO - Sync 4 DAGs
[2024-11-06T14:03:47.116+0000] {logging_mixin.py:190} INFO - [2024-11-06T14:03:47.115+0000] {dag.py:4156} INFO - Setting next_dagrun for dataset_alias_example_alias_consumer to None, run_after=None
[2024-11-06T14:03:47.122+0000] {logging_mixin.py:190} INFO - [2024-11-06T14:03:47.122+0000] {dag.py:4156} INFO - Setting next_dagrun for dataset_alias_example_alias_producer to None, run_after=None
[2024-11-06T14:03:47.126+0000] {logging_mixin.py:190} INFO - [2024-11-06T14:03:47.126+0000] {dag.py:4156} INFO - Setting next_dagrun for dataset_s3_bucket_consumer to None, run_after=None
[2024-11-06T14:03:47.129+0000] {logging_mixin.py:190} INFO - [2024-11-06T14:03:47.129+0000] {dag.py:4156} INFO - Setting next_dagrun for dataset_s3_bucket_producer to None, run_after=None
[2024-11-06T14:03:47.187+0000] {processor.py:208} INFO - Processing /home/airflow/.local/lib/python3.12/site-packages/airflow/example_dags/example_dataset_alias.py took 0.430 seconds
