[2024-11-06T13:48:51.933+0000] {processor.py:186} INFO - Started process (PID=75) to work on /home/airflow/.local/lib/python3.12/site-packages/airflow/example_dags/example_branch_datetime_operator.py
[2024-11-06T13:48:51.935+0000] {processor.py:914} INFO - Processing file /home/airflow/.local/lib/python3.12/site-packages/airflow/example_dags/example_branch_datetime_operator.py for tasks to queue
[2024-11-06T13:48:51.937+0000] {logging_mixin.py:190} INFO - [2024-11-06T13:48:51.937+0000] {dagbag.py:587} INFO - Filling up the DagBag from /home/airflow/.local/lib/python3.12/site-packages/airflow/example_dags/example_branch_datetime_operator.py
[2024-11-06T13:48:51.953+0000] {processor.py:925} INFO - DAG(s) 'example_branch_datetime_operator_2', 'example_branch_datetime_operator', 'example_branch_datetime_operator_3' retrieved from /home/airflow/.local/lib/python3.12/site-packages/airflow/example_dags/example_branch_datetime_operator.py
[2024-11-06T13:48:51.986+0000] {logging_mixin.py:190} INFO - [2024-11-06T13:48:51.985+0000] {dag.py:3229} INFO - Sync 3 DAGs
[2024-11-06T13:48:52.015+0000] {logging_mixin.py:190} INFO - [2024-11-06T13:48:52.014+0000] {dag.py:4156} INFO - Setting next_dagrun for example_branch_datetime_operator to 2024-11-05 00:00:00+00:00, run_after=2024-11-06 00:00:00+00:00
[2024-11-06T13:48:52.020+0000] {logging_mixin.py:190} INFO - [2024-11-06T13:48:52.020+0000] {dag.py:4156} INFO - Setting next_dagrun for example_branch_datetime_operator_2 to 2024-11-05 00:00:00+00:00, run_after=2024-11-06 00:00:00+00:00
[2024-11-06T13:48:52.024+0000] {logging_mixin.py:190} INFO - [2024-11-06T13:48:52.024+0000] {dag.py:4156} INFO - Setting next_dagrun for example_branch_datetime_operator_3 to 2024-11-05 00:00:00+00:00, run_after=2024-11-06 00:00:00+00:00
[2024-11-06T13:48:52.048+0000] {processor.py:208} INFO - Processing /home/airflow/.local/lib/python3.12/site-packages/airflow/example_dags/example_branch_datetime_operator.py took 0.120 seconds
[2024-11-06T13:49:22.246+0000] {processor.py:186} INFO - Started process (PID=143) to work on /home/airflow/.local/lib/python3.12/site-packages/airflow/example_dags/example_branch_datetime_operator.py
[2024-11-06T13:49:22.248+0000] {processor.py:914} INFO - Processing file /home/airflow/.local/lib/python3.12/site-packages/airflow/example_dags/example_branch_datetime_operator.py for tasks to queue
[2024-11-06T13:49:22.252+0000] {logging_mixin.py:190} INFO - [2024-11-06T13:49:22.251+0000] {dagbag.py:587} INFO - Filling up the DagBag from /home/airflow/.local/lib/python3.12/site-packages/airflow/example_dags/example_branch_datetime_operator.py
[2024-11-06T13:49:22.264+0000] {processor.py:925} INFO - DAG(s) 'example_branch_datetime_operator_2', 'example_branch_datetime_operator', 'example_branch_datetime_operator_3' retrieved from /home/airflow/.local/lib/python3.12/site-packages/airflow/example_dags/example_branch_datetime_operator.py
[2024-11-06T13:49:22.298+0000] {logging_mixin.py:190} INFO - [2024-11-06T13:49:22.298+0000] {dag.py:3229} INFO - Sync 3 DAGs
[2024-11-06T13:49:22.328+0000] {logging_mixin.py:190} INFO - [2024-11-06T13:49:22.328+0000] {dag.py:4156} INFO - Setting next_dagrun for example_branch_datetime_operator to 2024-11-05 00:00:00+00:00, run_after=2024-11-06 00:00:00+00:00
[2024-11-06T13:49:22.334+0000] {logging_mixin.py:190} INFO - [2024-11-06T13:49:22.334+0000] {dag.py:4156} INFO - Setting next_dagrun for example_branch_datetime_operator_2 to 2024-11-05 00:00:00+00:00, run_after=2024-11-06 00:00:00+00:00
[2024-11-06T13:49:22.339+0000] {logging_mixin.py:190} INFO - [2024-11-06T13:49:22.338+0000] {dag.py:4156} INFO - Setting next_dagrun for example_branch_datetime_operator_3 to 2024-11-05 00:00:00+00:00, run_after=2024-11-06 00:00:00+00:00
[2024-11-06T13:49:22.363+0000] {processor.py:208} INFO - Processing /home/airflow/.local/lib/python3.12/site-packages/airflow/example_dags/example_branch_datetime_operator.py took 0.123 seconds
[2024-11-06T13:49:52.694+0000] {processor.py:186} INFO - Started process (PID=207) to work on /home/airflow/.local/lib/python3.12/site-packages/airflow/example_dags/example_branch_datetime_operator.py
[2024-11-06T13:49:52.696+0000] {processor.py:914} INFO - Processing file /home/airflow/.local/lib/python3.12/site-packages/airflow/example_dags/example_branch_datetime_operator.py for tasks to queue
[2024-11-06T13:49:52.700+0000] {logging_mixin.py:190} INFO - [2024-11-06T13:49:52.700+0000] {dagbag.py:587} INFO - Filling up the DagBag from /home/airflow/.local/lib/python3.12/site-packages/airflow/example_dags/example_branch_datetime_operator.py
[2024-11-06T13:49:52.718+0000] {processor.py:925} INFO - DAG(s) 'example_branch_datetime_operator_3', 'example_branch_datetime_operator_2', 'example_branch_datetime_operator' retrieved from /home/airflow/.local/lib/python3.12/site-packages/airflow/example_dags/example_branch_datetime_operator.py
[2024-11-06T13:49:52.758+0000] {logging_mixin.py:190} INFO - [2024-11-06T13:49:52.758+0000] {dag.py:3229} INFO - Sync 3 DAGs
[2024-11-06T13:49:52.800+0000] {logging_mixin.py:190} INFO - [2024-11-06T13:49:52.799+0000] {dag.py:4156} INFO - Setting next_dagrun for example_branch_datetime_operator to 2024-11-05 00:00:00+00:00, run_after=2024-11-06 00:00:00+00:00
[2024-11-06T13:49:52.810+0000] {logging_mixin.py:190} INFO - [2024-11-06T13:49:52.810+0000] {dag.py:4156} INFO - Setting next_dagrun for example_branch_datetime_operator_2 to 2024-11-05 00:00:00+00:00, run_after=2024-11-06 00:00:00+00:00
[2024-11-06T13:49:52.815+0000] {logging_mixin.py:190} INFO - [2024-11-06T13:49:52.814+0000] {dag.py:4156} INFO - Setting next_dagrun for example_branch_datetime_operator_3 to 2024-11-05 00:00:00+00:00, run_after=2024-11-06 00:00:00+00:00
[2024-11-06T13:49:52.840+0000] {processor.py:208} INFO - Processing /home/airflow/.local/lib/python3.12/site-packages/airflow/example_dags/example_branch_datetime_operator.py took 0.153 seconds
[2024-11-06T13:50:23.780+0000] {processor.py:186} INFO - Started process (PID=279) to work on /home/airflow/.local/lib/python3.12/site-packages/airflow/example_dags/example_branch_datetime_operator.py
[2024-11-06T13:50:23.782+0000] {processor.py:914} INFO - Processing file /home/airflow/.local/lib/python3.12/site-packages/airflow/example_dags/example_branch_datetime_operator.py for tasks to queue
[2024-11-06T13:50:23.785+0000] {logging_mixin.py:190} INFO - [2024-11-06T13:50:23.785+0000] {dagbag.py:587} INFO - Filling up the DagBag from /home/airflow/.local/lib/python3.12/site-packages/airflow/example_dags/example_branch_datetime_operator.py
[2024-11-06T13:50:23.805+0000] {processor.py:925} INFO - DAG(s) 'example_branch_datetime_operator_2', 'example_branch_datetime_operator', 'example_branch_datetime_operator_3' retrieved from /home/airflow/.local/lib/python3.12/site-packages/airflow/example_dags/example_branch_datetime_operator.py
[2024-11-06T13:50:23.853+0000] {logging_mixin.py:190} INFO - [2024-11-06T13:50:23.853+0000] {dag.py:3229} INFO - Sync 3 DAGs
[2024-11-06T13:50:23.895+0000] {logging_mixin.py:190} INFO - [2024-11-06T13:50:23.895+0000] {dag.py:4156} INFO - Setting next_dagrun for example_branch_datetime_operator to 2024-11-05 00:00:00+00:00, run_after=2024-11-06 00:00:00+00:00
[2024-11-06T13:50:23.904+0000] {logging_mixin.py:190} INFO - [2024-11-06T13:50:23.904+0000] {dag.py:4156} INFO - Setting next_dagrun for example_branch_datetime_operator_2 to 2024-11-05 00:00:00+00:00, run_after=2024-11-06 00:00:00+00:00
[2024-11-06T13:50:23.910+0000] {logging_mixin.py:190} INFO - [2024-11-06T13:50:23.909+0000] {dag.py:4156} INFO - Setting next_dagrun for example_branch_datetime_operator_3 to 2024-11-05 00:00:00+00:00, run_after=2024-11-06 00:00:00+00:00
[2024-11-06T13:50:23.939+0000] {processor.py:208} INFO - Processing /home/airflow/.local/lib/python3.12/site-packages/airflow/example_dags/example_branch_datetime_operator.py took 0.167 seconds
[2024-11-06T13:50:54.345+0000] {processor.py:186} INFO - Started process (PID=343) to work on /home/airflow/.local/lib/python3.12/site-packages/airflow/example_dags/example_branch_datetime_operator.py
[2024-11-06T13:50:54.347+0000] {processor.py:914} INFO - Processing file /home/airflow/.local/lib/python3.12/site-packages/airflow/example_dags/example_branch_datetime_operator.py for tasks to queue
[2024-11-06T13:50:54.350+0000] {logging_mixin.py:190} INFO - [2024-11-06T13:50:54.350+0000] {dagbag.py:587} INFO - Filling up the DagBag from /home/airflow/.local/lib/python3.12/site-packages/airflow/example_dags/example_branch_datetime_operator.py
[2024-11-06T13:50:54.366+0000] {processor.py:925} INFO - DAG(s) 'example_branch_datetime_operator_3', 'example_branch_datetime_operator', 'example_branch_datetime_operator_2' retrieved from /home/airflow/.local/lib/python3.12/site-packages/airflow/example_dags/example_branch_datetime_operator.py
[2024-11-06T13:50:54.410+0000] {logging_mixin.py:190} INFO - [2024-11-06T13:50:54.409+0000] {dag.py:3229} INFO - Sync 3 DAGs
[2024-11-06T13:50:54.448+0000] {logging_mixin.py:190} INFO - [2024-11-06T13:50:54.447+0000] {dag.py:4156} INFO - Setting next_dagrun for example_branch_datetime_operator to 2024-11-05 00:00:00+00:00, run_after=2024-11-06 00:00:00+00:00
[2024-11-06T13:50:54.457+0000] {logging_mixin.py:190} INFO - [2024-11-06T13:50:54.457+0000] {dag.py:4156} INFO - Setting next_dagrun for example_branch_datetime_operator_2 to 2024-11-05 00:00:00+00:00, run_after=2024-11-06 00:00:00+00:00
[2024-11-06T13:50:54.463+0000] {logging_mixin.py:190} INFO - [2024-11-06T13:50:54.462+0000] {dag.py:4156} INFO - Setting next_dagrun for example_branch_datetime_operator_3 to 2024-11-05 00:00:00+00:00, run_after=2024-11-06 00:00:00+00:00
[2024-11-06T13:50:54.490+0000] {processor.py:208} INFO - Processing /home/airflow/.local/lib/python3.12/site-packages/airflow/example_dags/example_branch_datetime_operator.py took 0.152 seconds
[2024-11-06T13:51:26.081+0000] {processor.py:186} INFO - Started process (PID=407) to work on /home/airflow/.local/lib/python3.12/site-packages/airflow/example_dags/example_branch_datetime_operator.py
[2024-11-06T13:51:26.083+0000] {processor.py:914} INFO - Processing file /home/airflow/.local/lib/python3.12/site-packages/airflow/example_dags/example_branch_datetime_operator.py for tasks to queue
[2024-11-06T13:51:26.088+0000] {logging_mixin.py:190} INFO - [2024-11-06T13:51:26.087+0000] {dagbag.py:587} INFO - Filling up the DagBag from /home/airflow/.local/lib/python3.12/site-packages/airflow/example_dags/example_branch_datetime_operator.py
[2024-11-06T13:51:26.109+0000] {processor.py:925} INFO - DAG(s) 'example_branch_datetime_operator_3', 'example_branch_datetime_operator', 'example_branch_datetime_operator_2' retrieved from /home/airflow/.local/lib/python3.12/site-packages/airflow/example_dags/example_branch_datetime_operator.py
[2024-11-06T13:51:26.159+0000] {logging_mixin.py:190} INFO - [2024-11-06T13:51:26.158+0000] {dag.py:3229} INFO - Sync 3 DAGs
[2024-11-06T13:51:26.219+0000] {logging_mixin.py:190} INFO - [2024-11-06T13:51:26.219+0000] {dag.py:4156} INFO - Setting next_dagrun for example_branch_datetime_operator to 2024-11-05 00:00:00+00:00, run_after=2024-11-06 00:00:00+00:00
[2024-11-06T13:51:26.228+0000] {logging_mixin.py:190} INFO - [2024-11-06T13:51:26.228+0000] {dag.py:4156} INFO - Setting next_dagrun for example_branch_datetime_operator_2 to 2024-11-05 00:00:00+00:00, run_after=2024-11-06 00:00:00+00:00
[2024-11-06T13:51:26.236+0000] {logging_mixin.py:190} INFO - [2024-11-06T13:51:26.235+0000] {dag.py:4156} INFO - Setting next_dagrun for example_branch_datetime_operator_3 to 2024-11-05 00:00:00+00:00, run_after=2024-11-06 00:00:00+00:00
[2024-11-06T13:51:26.267+0000] {processor.py:208} INFO - Processing /home/airflow/.local/lib/python3.12/site-packages/airflow/example_dags/example_branch_datetime_operator.py took 0.195 seconds
[2024-11-06T13:51:57.481+0000] {processor.py:186} INFO - Started process (PID=471) to work on /home/airflow/.local/lib/python3.12/site-packages/airflow/example_dags/example_branch_datetime_operator.py
[2024-11-06T13:51:57.483+0000] {processor.py:914} INFO - Processing file /home/airflow/.local/lib/python3.12/site-packages/airflow/example_dags/example_branch_datetime_operator.py for tasks to queue
[2024-11-06T13:51:57.488+0000] {logging_mixin.py:190} INFO - [2024-11-06T13:51:57.488+0000] {dagbag.py:587} INFO - Filling up the DagBag from /home/airflow/.local/lib/python3.12/site-packages/airflow/example_dags/example_branch_datetime_operator.py
[2024-11-06T13:51:57.504+0000] {processor.py:925} INFO - DAG(s) 'example_branch_datetime_operator', 'example_branch_datetime_operator_2', 'example_branch_datetime_operator_3' retrieved from /home/airflow/.local/lib/python3.12/site-packages/airflow/example_dags/example_branch_datetime_operator.py
[2024-11-06T13:51:57.548+0000] {logging_mixin.py:190} INFO - [2024-11-06T13:51:57.548+0000] {dag.py:3229} INFO - Sync 3 DAGs
[2024-11-06T13:51:57.587+0000] {logging_mixin.py:190} INFO - [2024-11-06T13:51:57.587+0000] {dag.py:4156} INFO - Setting next_dagrun for example_branch_datetime_operator to 2024-11-05 00:00:00+00:00, run_after=2024-11-06 00:00:00+00:00
[2024-11-06T13:51:57.597+0000] {logging_mixin.py:190} INFO - [2024-11-06T13:51:57.596+0000] {dag.py:4156} INFO - Setting next_dagrun for example_branch_datetime_operator_2 to 2024-11-05 00:00:00+00:00, run_after=2024-11-06 00:00:00+00:00
[2024-11-06T13:51:57.601+0000] {logging_mixin.py:190} INFO - [2024-11-06T13:51:57.601+0000] {dag.py:4156} INFO - Setting next_dagrun for example_branch_datetime_operator_3 to 2024-11-05 00:00:00+00:00, run_after=2024-11-06 00:00:00+00:00
[2024-11-06T13:51:57.630+0000] {processor.py:208} INFO - Processing /home/airflow/.local/lib/python3.12/site-packages/airflow/example_dags/example_branch_datetime_operator.py took 0.156 seconds
[2024-11-06T13:52:27.886+0000] {processor.py:186} INFO - Started process (PID=535) to work on /home/airflow/.local/lib/python3.12/site-packages/airflow/example_dags/example_branch_datetime_operator.py
[2024-11-06T13:52:27.887+0000] {processor.py:914} INFO - Processing file /home/airflow/.local/lib/python3.12/site-packages/airflow/example_dags/example_branch_datetime_operator.py for tasks to queue
[2024-11-06T13:52:27.890+0000] {logging_mixin.py:190} INFO - [2024-11-06T13:52:27.890+0000] {dagbag.py:587} INFO - Filling up the DagBag from /home/airflow/.local/lib/python3.12/site-packages/airflow/example_dags/example_branch_datetime_operator.py
[2024-11-06T13:52:27.906+0000] {processor.py:925} INFO - DAG(s) 'example_branch_datetime_operator_2', 'example_branch_datetime_operator', 'example_branch_datetime_operator_3' retrieved from /home/airflow/.local/lib/python3.12/site-packages/airflow/example_dags/example_branch_datetime_operator.py
[2024-11-06T13:52:27.952+0000] {logging_mixin.py:190} INFO - [2024-11-06T13:52:27.952+0000] {dag.py:3229} INFO - Sync 3 DAGs
[2024-11-06T13:52:27.988+0000] {logging_mixin.py:190} INFO - [2024-11-06T13:52:27.988+0000] {dag.py:4156} INFO - Setting next_dagrun for example_branch_datetime_operator to 2024-11-05 00:00:00+00:00, run_after=2024-11-06 00:00:00+00:00
[2024-11-06T13:52:27.996+0000] {logging_mixin.py:190} INFO - [2024-11-06T13:52:27.996+0000] {dag.py:4156} INFO - Setting next_dagrun for example_branch_datetime_operator_2 to 2024-11-05 00:00:00+00:00, run_after=2024-11-06 00:00:00+00:00
[2024-11-06T13:52:28.000+0000] {logging_mixin.py:190} INFO - [2024-11-06T13:52:28.000+0000] {dag.py:4156} INFO - Setting next_dagrun for example_branch_datetime_operator_3 to 2024-11-05 00:00:00+00:00, run_after=2024-11-06 00:00:00+00:00
[2024-11-06T13:52:28.025+0000] {processor.py:208} INFO - Processing /home/airflow/.local/lib/python3.12/site-packages/airflow/example_dags/example_branch_datetime_operator.py took 0.146 seconds
[2024-11-06T13:52:58.697+0000] {processor.py:186} INFO - Started process (PID=599) to work on /home/airflow/.local/lib/python3.12/site-packages/airflow/example_dags/example_branch_datetime_operator.py
[2024-11-06T13:52:58.699+0000] {processor.py:914} INFO - Processing file /home/airflow/.local/lib/python3.12/site-packages/airflow/example_dags/example_branch_datetime_operator.py for tasks to queue
[2024-11-06T13:52:58.702+0000] {logging_mixin.py:190} INFO - [2024-11-06T13:52:58.702+0000] {dagbag.py:587} INFO - Filling up the DagBag from /home/airflow/.local/lib/python3.12/site-packages/airflow/example_dags/example_branch_datetime_operator.py
[2024-11-06T13:52:58.719+0000] {processor.py:925} INFO - DAG(s) 'example_branch_datetime_operator', 'example_branch_datetime_operator_3', 'example_branch_datetime_operator_2' retrieved from /home/airflow/.local/lib/python3.12/site-packages/airflow/example_dags/example_branch_datetime_operator.py
[2024-11-06T13:52:58.760+0000] {logging_mixin.py:190} INFO - [2024-11-06T13:52:58.760+0000] {dag.py:3229} INFO - Sync 3 DAGs
[2024-11-06T13:52:58.796+0000] {logging_mixin.py:190} INFO - [2024-11-06T13:52:58.796+0000] {dag.py:4156} INFO - Setting next_dagrun for example_branch_datetime_operator to 2024-11-05 00:00:00+00:00, run_after=2024-11-06 00:00:00+00:00
[2024-11-06T13:52:58.805+0000] {logging_mixin.py:190} INFO - [2024-11-06T13:52:58.804+0000] {dag.py:4156} INFO - Setting next_dagrun for example_branch_datetime_operator_2 to 2024-11-05 00:00:00+00:00, run_after=2024-11-06 00:00:00+00:00
[2024-11-06T13:52:58.809+0000] {logging_mixin.py:190} INFO - [2024-11-06T13:52:58.809+0000] {dag.py:4156} INFO - Setting next_dagrun for example_branch_datetime_operator_3 to 2024-11-05 00:00:00+00:00, run_after=2024-11-06 00:00:00+00:00
[2024-11-06T13:52:58.839+0000] {processor.py:208} INFO - Processing /home/airflow/.local/lib/python3.12/site-packages/airflow/example_dags/example_branch_datetime_operator.py took 0.149 seconds
[2024-11-06T13:53:29.545+0000] {processor.py:186} INFO - Started process (PID=663) to work on /home/airflow/.local/lib/python3.12/site-packages/airflow/example_dags/example_branch_datetime_operator.py
[2024-11-06T13:53:29.547+0000] {processor.py:914} INFO - Processing file /home/airflow/.local/lib/python3.12/site-packages/airflow/example_dags/example_branch_datetime_operator.py for tasks to queue
[2024-11-06T13:53:29.551+0000] {logging_mixin.py:190} INFO - [2024-11-06T13:53:29.550+0000] {dagbag.py:587} INFO - Filling up the DagBag from /home/airflow/.local/lib/python3.12/site-packages/airflow/example_dags/example_branch_datetime_operator.py
[2024-11-06T13:53:29.566+0000] {processor.py:925} INFO - DAG(s) 'example_branch_datetime_operator', 'example_branch_datetime_operator_3', 'example_branch_datetime_operator_2' retrieved from /home/airflow/.local/lib/python3.12/site-packages/airflow/example_dags/example_branch_datetime_operator.py
[2024-11-06T13:53:29.607+0000] {logging_mixin.py:190} INFO - [2024-11-06T13:53:29.607+0000] {dag.py:3229} INFO - Sync 3 DAGs
[2024-11-06T13:53:29.645+0000] {logging_mixin.py:190} INFO - [2024-11-06T13:53:29.645+0000] {dag.py:4156} INFO - Setting next_dagrun for example_branch_datetime_operator to 2024-11-05 00:00:00+00:00, run_after=2024-11-06 00:00:00+00:00
[2024-11-06T13:53:29.653+0000] {logging_mixin.py:190} INFO - [2024-11-06T13:53:29.652+0000] {dag.py:4156} INFO - Setting next_dagrun for example_branch_datetime_operator_2 to 2024-11-05 00:00:00+00:00, run_after=2024-11-06 00:00:00+00:00
[2024-11-06T13:53:29.657+0000] {logging_mixin.py:190} INFO - [2024-11-06T13:53:29.657+0000] {dag.py:4156} INFO - Setting next_dagrun for example_branch_datetime_operator_3 to 2024-11-05 00:00:00+00:00, run_after=2024-11-06 00:00:00+00:00
[2024-11-06T13:53:29.689+0000] {processor.py:208} INFO - Processing /home/airflow/.local/lib/python3.12/site-packages/airflow/example_dags/example_branch_datetime_operator.py took 0.151 seconds
[2024-11-06T13:53:59.972+0000] {processor.py:186} INFO - Started process (PID=727) to work on /home/airflow/.local/lib/python3.12/site-packages/airflow/example_dags/example_branch_datetime_operator.py
[2024-11-06T13:53:59.974+0000] {processor.py:914} INFO - Processing file /home/airflow/.local/lib/python3.12/site-packages/airflow/example_dags/example_branch_datetime_operator.py for tasks to queue
[2024-11-06T13:53:59.977+0000] {logging_mixin.py:190} INFO - [2024-11-06T13:53:59.977+0000] {dagbag.py:587} INFO - Filling up the DagBag from /home/airflow/.local/lib/python3.12/site-packages/airflow/example_dags/example_branch_datetime_operator.py
[2024-11-06T13:53:59.998+0000] {processor.py:925} INFO - DAG(s) 'example_branch_datetime_operator_2', 'example_branch_datetime_operator_3', 'example_branch_datetime_operator' retrieved from /home/airflow/.local/lib/python3.12/site-packages/airflow/example_dags/example_branch_datetime_operator.py
[2024-11-06T13:54:00.046+0000] {logging_mixin.py:190} INFO - [2024-11-06T13:54:00.046+0000] {dag.py:3229} INFO - Sync 3 DAGs
[2024-11-06T13:54:00.087+0000] {logging_mixin.py:190} INFO - [2024-11-06T13:54:00.086+0000] {dag.py:4156} INFO - Setting next_dagrun for example_branch_datetime_operator to 2024-11-05 00:00:00+00:00, run_after=2024-11-06 00:00:00+00:00
[2024-11-06T13:54:00.095+0000] {logging_mixin.py:190} INFO - [2024-11-06T13:54:00.095+0000] {dag.py:4156} INFO - Setting next_dagrun for example_branch_datetime_operator_2 to 2024-11-05 00:00:00+00:00, run_after=2024-11-06 00:00:00+00:00
[2024-11-06T13:54:00.101+0000] {logging_mixin.py:190} INFO - [2024-11-06T13:54:00.101+0000] {dag.py:4156} INFO - Setting next_dagrun for example_branch_datetime_operator_3 to 2024-11-05 00:00:00+00:00, run_after=2024-11-06 00:00:00+00:00
[2024-11-06T13:54:00.133+0000] {processor.py:208} INFO - Processing /home/airflow/.local/lib/python3.12/site-packages/airflow/example_dags/example_branch_datetime_operator.py took 0.170 seconds
[2024-11-06T13:54:30.587+0000] {processor.py:186} INFO - Started process (PID=791) to work on /home/airflow/.local/lib/python3.12/site-packages/airflow/example_dags/example_branch_datetime_operator.py
[2024-11-06T13:54:30.590+0000] {processor.py:914} INFO - Processing file /home/airflow/.local/lib/python3.12/site-packages/airflow/example_dags/example_branch_datetime_operator.py for tasks to queue
[2024-11-06T13:54:30.593+0000] {logging_mixin.py:190} INFO - [2024-11-06T13:54:30.593+0000] {dagbag.py:587} INFO - Filling up the DagBag from /home/airflow/.local/lib/python3.12/site-packages/airflow/example_dags/example_branch_datetime_operator.py
[2024-11-06T13:54:30.617+0000] {processor.py:925} INFO - DAG(s) 'example_branch_datetime_operator_2', 'example_branch_datetime_operator', 'example_branch_datetime_operator_3' retrieved from /home/airflow/.local/lib/python3.12/site-packages/airflow/example_dags/example_branch_datetime_operator.py
[2024-11-06T13:54:30.668+0000] {logging_mixin.py:190} INFO - [2024-11-06T13:54:30.668+0000] {dag.py:3229} INFO - Sync 3 DAGs
[2024-11-06T13:54:30.715+0000] {logging_mixin.py:190} INFO - [2024-11-06T13:54:30.715+0000] {dag.py:4156} INFO - Setting next_dagrun for example_branch_datetime_operator to 2024-11-05 00:00:00+00:00, run_after=2024-11-06 00:00:00+00:00
[2024-11-06T13:54:30.723+0000] {logging_mixin.py:190} INFO - [2024-11-06T13:54:30.723+0000] {dag.py:4156} INFO - Setting next_dagrun for example_branch_datetime_operator_2 to 2024-11-05 00:00:00+00:00, run_after=2024-11-06 00:00:00+00:00
[2024-11-06T13:54:30.728+0000] {logging_mixin.py:190} INFO - [2024-11-06T13:54:30.727+0000] {dag.py:4156} INFO - Setting next_dagrun for example_branch_datetime_operator_3 to 2024-11-05 00:00:00+00:00, run_after=2024-11-06 00:00:00+00:00
[2024-11-06T13:54:30.757+0000] {processor.py:208} INFO - Processing /home/airflow/.local/lib/python3.12/site-packages/airflow/example_dags/example_branch_datetime_operator.py took 0.177 seconds
[2024-11-06T13:55:02.220+0000] {processor.py:186} INFO - Started process (PID=855) to work on /home/airflow/.local/lib/python3.12/site-packages/airflow/example_dags/example_branch_datetime_operator.py
[2024-11-06T13:55:02.222+0000] {processor.py:914} INFO - Processing file /home/airflow/.local/lib/python3.12/site-packages/airflow/example_dags/example_branch_datetime_operator.py for tasks to queue
[2024-11-06T13:55:02.225+0000] {logging_mixin.py:190} INFO - [2024-11-06T13:55:02.225+0000] {dagbag.py:587} INFO - Filling up the DagBag from /home/airflow/.local/lib/python3.12/site-packages/airflow/example_dags/example_branch_datetime_operator.py
[2024-11-06T13:55:02.245+0000] {processor.py:925} INFO - DAG(s) 'example_branch_datetime_operator_2', 'example_branch_datetime_operator_3', 'example_branch_datetime_operator' retrieved from /home/airflow/.local/lib/python3.12/site-packages/airflow/example_dags/example_branch_datetime_operator.py
[2024-11-06T13:55:02.301+0000] {logging_mixin.py:190} INFO - [2024-11-06T13:55:02.300+0000] {dag.py:3229} INFO - Sync 3 DAGs
[2024-11-06T13:55:02.343+0000] {logging_mixin.py:190} INFO - [2024-11-06T13:55:02.343+0000] {dag.py:4156} INFO - Setting next_dagrun for example_branch_datetime_operator to 2024-11-05 00:00:00+00:00, run_after=2024-11-06 00:00:00+00:00
[2024-11-06T13:55:02.353+0000] {logging_mixin.py:190} INFO - [2024-11-06T13:55:02.353+0000] {dag.py:4156} INFO - Setting next_dagrun for example_branch_datetime_operator_2 to 2024-11-05 00:00:00+00:00, run_after=2024-11-06 00:00:00+00:00
[2024-11-06T13:55:02.360+0000] {logging_mixin.py:190} INFO - [2024-11-06T13:55:02.360+0000] {dag.py:4156} INFO - Setting next_dagrun for example_branch_datetime_operator_3 to 2024-11-05 00:00:00+00:00, run_after=2024-11-06 00:00:00+00:00
[2024-11-06T13:55:02.402+0000] {processor.py:208} INFO - Processing /home/airflow/.local/lib/python3.12/site-packages/airflow/example_dags/example_branch_datetime_operator.py took 0.189 seconds
[2024-11-06T13:55:33.525+0000] {processor.py:186} INFO - Started process (PID=920) to work on /home/airflow/.local/lib/python3.12/site-packages/airflow/example_dags/example_branch_datetime_operator.py
[2024-11-06T13:55:33.526+0000] {processor.py:914} INFO - Processing file /home/airflow/.local/lib/python3.12/site-packages/airflow/example_dags/example_branch_datetime_operator.py for tasks to queue
[2024-11-06T13:55:33.530+0000] {logging_mixin.py:190} INFO - [2024-11-06T13:55:33.529+0000] {dagbag.py:587} INFO - Filling up the DagBag from /home/airflow/.local/lib/python3.12/site-packages/airflow/example_dags/example_branch_datetime_operator.py
[2024-11-06T13:55:33.547+0000] {processor.py:925} INFO - DAG(s) 'example_branch_datetime_operator', 'example_branch_datetime_operator_3', 'example_branch_datetime_operator_2' retrieved from /home/airflow/.local/lib/python3.12/site-packages/airflow/example_dags/example_branch_datetime_operator.py
[2024-11-06T13:55:33.591+0000] {logging_mixin.py:190} INFO - [2024-11-06T13:55:33.591+0000] {dag.py:3229} INFO - Sync 3 DAGs
[2024-11-06T13:55:33.629+0000] {logging_mixin.py:190} INFO - [2024-11-06T13:55:33.629+0000] {dag.py:4156} INFO - Setting next_dagrun for example_branch_datetime_operator to 2024-11-05 00:00:00+00:00, run_after=2024-11-06 00:00:00+00:00
[2024-11-06T13:55:33.637+0000] {logging_mixin.py:190} INFO - [2024-11-06T13:55:33.637+0000] {dag.py:4156} INFO - Setting next_dagrun for example_branch_datetime_operator_2 to 2024-11-05 00:00:00+00:00, run_after=2024-11-06 00:00:00+00:00
[2024-11-06T13:55:33.642+0000] {logging_mixin.py:190} INFO - [2024-11-06T13:55:33.642+0000] {dag.py:4156} INFO - Setting next_dagrun for example_branch_datetime_operator_3 to 2024-11-05 00:00:00+00:00, run_after=2024-11-06 00:00:00+00:00
[2024-11-06T13:55:33.675+0000] {processor.py:208} INFO - Processing /home/airflow/.local/lib/python3.12/site-packages/airflow/example_dags/example_branch_datetime_operator.py took 0.157 seconds
[2024-11-06T13:56:04.208+0000] {processor.py:186} INFO - Started process (PID=990) to work on /home/airflow/.local/lib/python3.12/site-packages/airflow/example_dags/example_branch_datetime_operator.py
[2024-11-06T13:56:04.209+0000] {processor.py:914} INFO - Processing file /home/airflow/.local/lib/python3.12/site-packages/airflow/example_dags/example_branch_datetime_operator.py for tasks to queue
[2024-11-06T13:56:04.213+0000] {logging_mixin.py:190} INFO - [2024-11-06T13:56:04.212+0000] {dagbag.py:587} INFO - Filling up the DagBag from /home/airflow/.local/lib/python3.12/site-packages/airflow/example_dags/example_branch_datetime_operator.py
[2024-11-06T13:56:04.235+0000] {processor.py:925} INFO - DAG(s) 'example_branch_datetime_operator_2', 'example_branch_datetime_operator_3', 'example_branch_datetime_operator' retrieved from /home/airflow/.local/lib/python3.12/site-packages/airflow/example_dags/example_branch_datetime_operator.py
[2024-11-06T13:56:04.288+0000] {logging_mixin.py:190} INFO - [2024-11-06T13:56:04.288+0000] {dag.py:3229} INFO - Sync 3 DAGs
[2024-11-06T13:56:04.349+0000] {logging_mixin.py:190} INFO - [2024-11-06T13:56:04.338+0000] {dag.py:4156} INFO - Setting next_dagrun for example_branch_datetime_operator to 2024-11-05 00:00:00+00:00, run_after=2024-11-06 00:00:00+00:00
[2024-11-06T13:56:04.387+0000] {logging_mixin.py:190} INFO - [2024-11-06T13:56:04.386+0000] {dag.py:4156} INFO - Setting next_dagrun for example_branch_datetime_operator_2 to 2024-11-05 00:00:00+00:00, run_after=2024-11-06 00:00:00+00:00
[2024-11-06T13:56:04.394+0000] {logging_mixin.py:190} INFO - [2024-11-06T13:56:04.393+0000] {dag.py:4156} INFO - Setting next_dagrun for example_branch_datetime_operator_3 to 2024-11-05 00:00:00+00:00, run_after=2024-11-06 00:00:00+00:00
[2024-11-06T13:56:04.433+0000] {processor.py:208} INFO - Processing /home/airflow/.local/lib/python3.12/site-packages/airflow/example_dags/example_branch_datetime_operator.py took 0.232 seconds
[2024-11-06T13:56:35.438+0000] {processor.py:186} INFO - Started process (PID=1054) to work on /home/airflow/.local/lib/python3.12/site-packages/airflow/example_dags/example_branch_datetime_operator.py
[2024-11-06T13:56:35.440+0000] {processor.py:914} INFO - Processing file /home/airflow/.local/lib/python3.12/site-packages/airflow/example_dags/example_branch_datetime_operator.py for tasks to queue
[2024-11-06T13:56:35.444+0000] {logging_mixin.py:190} INFO - [2024-11-06T13:56:35.444+0000] {dagbag.py:587} INFO - Filling up the DagBag from /home/airflow/.local/lib/python3.12/site-packages/airflow/example_dags/example_branch_datetime_operator.py
[2024-11-06T13:56:35.461+0000] {processor.py:925} INFO - DAG(s) 'example_branch_datetime_operator_2', 'example_branch_datetime_operator', 'example_branch_datetime_operator_3' retrieved from /home/airflow/.local/lib/python3.12/site-packages/airflow/example_dags/example_branch_datetime_operator.py
[2024-11-06T13:56:35.502+0000] {logging_mixin.py:190} INFO - [2024-11-06T13:56:35.502+0000] {dag.py:3229} INFO - Sync 3 DAGs
[2024-11-06T13:56:35.538+0000] {logging_mixin.py:190} INFO - [2024-11-06T13:56:35.537+0000] {dag.py:4156} INFO - Setting next_dagrun for example_branch_datetime_operator to 2024-11-05 00:00:00+00:00, run_after=2024-11-06 00:00:00+00:00
[2024-11-06T13:56:35.545+0000] {logging_mixin.py:190} INFO - [2024-11-06T13:56:35.545+0000] {dag.py:4156} INFO - Setting next_dagrun for example_branch_datetime_operator_2 to 2024-11-05 00:00:00+00:00, run_after=2024-11-06 00:00:00+00:00
[2024-11-06T13:56:35.550+0000] {logging_mixin.py:190} INFO - [2024-11-06T13:56:35.550+0000] {dag.py:4156} INFO - Setting next_dagrun for example_branch_datetime_operator_3 to 2024-11-05 00:00:00+00:00, run_after=2024-11-06 00:00:00+00:00
[2024-11-06T13:56:35.576+0000] {processor.py:208} INFO - Processing /home/airflow/.local/lib/python3.12/site-packages/airflow/example_dags/example_branch_datetime_operator.py took 0.145 seconds
[2024-11-06T13:57:05.624+0000] {processor.py:186} INFO - Started process (PID=1118) to work on /home/airflow/.local/lib/python3.12/site-packages/airflow/example_dags/example_branch_datetime_operator.py
[2024-11-06T13:57:05.625+0000] {processor.py:914} INFO - Processing file /home/airflow/.local/lib/python3.12/site-packages/airflow/example_dags/example_branch_datetime_operator.py for tasks to queue
[2024-11-06T13:57:05.628+0000] {logging_mixin.py:190} INFO - [2024-11-06T13:57:05.627+0000] {dagbag.py:587} INFO - Filling up the DagBag from /home/airflow/.local/lib/python3.12/site-packages/airflow/example_dags/example_branch_datetime_operator.py
[2024-11-06T13:57:05.639+0000] {processor.py:925} INFO - DAG(s) 'example_branch_datetime_operator_2', 'example_branch_datetime_operator_3', 'example_branch_datetime_operator' retrieved from /home/airflow/.local/lib/python3.12/site-packages/airflow/example_dags/example_branch_datetime_operator.py
[2024-11-06T13:57:05.669+0000] {logging_mixin.py:190} INFO - [2024-11-06T13:57:05.669+0000] {dag.py:3229} INFO - Sync 3 DAGs
[2024-11-06T13:57:05.697+0000] {logging_mixin.py:190} INFO - [2024-11-06T13:57:05.697+0000] {dag.py:4156} INFO - Setting next_dagrun for example_branch_datetime_operator to 2024-11-05 00:00:00+00:00, run_after=2024-11-06 00:00:00+00:00
[2024-11-06T13:57:05.704+0000] {logging_mixin.py:190} INFO - [2024-11-06T13:57:05.704+0000] {dag.py:4156} INFO - Setting next_dagrun for example_branch_datetime_operator_2 to 2024-11-05 00:00:00+00:00, run_after=2024-11-06 00:00:00+00:00
[2024-11-06T13:57:05.708+0000] {logging_mixin.py:190} INFO - [2024-11-06T13:57:05.707+0000] {dag.py:4156} INFO - Setting next_dagrun for example_branch_datetime_operator_3 to 2024-11-05 00:00:00+00:00, run_after=2024-11-06 00:00:00+00:00
[2024-11-06T13:57:05.731+0000] {processor.py:208} INFO - Processing /home/airflow/.local/lib/python3.12/site-packages/airflow/example_dags/example_branch_datetime_operator.py took 0.112 seconds
[2024-11-06T13:57:37.839+0000] {processor.py:186} INFO - Started process (PID=1183) to work on /home/airflow/.local/lib/python3.12/site-packages/airflow/example_dags/example_branch_datetime_operator.py
[2024-11-06T13:57:37.841+0000] {processor.py:914} INFO - Processing file /home/airflow/.local/lib/python3.12/site-packages/airflow/example_dags/example_branch_datetime_operator.py for tasks to queue
[2024-11-06T13:57:37.844+0000] {logging_mixin.py:190} INFO - [2024-11-06T13:57:37.843+0000] {dagbag.py:587} INFO - Filling up the DagBag from /home/airflow/.local/lib/python3.12/site-packages/airflow/example_dags/example_branch_datetime_operator.py
[2024-11-06T13:57:37.863+0000] {processor.py:925} INFO - DAG(s) 'example_branch_datetime_operator_2', 'example_branch_datetime_operator_3', 'example_branch_datetime_operator' retrieved from /home/airflow/.local/lib/python3.12/site-packages/airflow/example_dags/example_branch_datetime_operator.py
[2024-11-06T13:57:37.908+0000] {logging_mixin.py:190} INFO - [2024-11-06T13:57:37.907+0000] {dag.py:3229} INFO - Sync 3 DAGs
[2024-11-06T13:57:37.948+0000] {logging_mixin.py:190} INFO - [2024-11-06T13:57:37.948+0000] {dag.py:4156} INFO - Setting next_dagrun for example_branch_datetime_operator to 2024-11-05 00:00:00+00:00, run_after=2024-11-06 00:00:00+00:00
[2024-11-06T13:57:37.957+0000] {logging_mixin.py:190} INFO - [2024-11-06T13:57:37.957+0000] {dag.py:4156} INFO - Setting next_dagrun for example_branch_datetime_operator_2 to 2024-11-05 00:00:00+00:00, run_after=2024-11-06 00:00:00+00:00
[2024-11-06T13:57:37.962+0000] {logging_mixin.py:190} INFO - [2024-11-06T13:57:37.962+0000] {dag.py:4156} INFO - Setting next_dagrun for example_branch_datetime_operator_3 to 2024-11-05 00:00:00+00:00, run_after=2024-11-06 00:00:00+00:00
[2024-11-06T13:57:37.994+0000] {processor.py:208} INFO - Processing /home/airflow/.local/lib/python3.12/site-packages/airflow/example_dags/example_branch_datetime_operator.py took 0.163 seconds
[2024-11-06T13:58:08.160+0000] {processor.py:186} INFO - Started process (PID=1247) to work on /home/airflow/.local/lib/python3.12/site-packages/airflow/example_dags/example_branch_datetime_operator.py
[2024-11-06T13:58:08.162+0000] {processor.py:914} INFO - Processing file /home/airflow/.local/lib/python3.12/site-packages/airflow/example_dags/example_branch_datetime_operator.py for tasks to queue
[2024-11-06T13:58:08.165+0000] {logging_mixin.py:190} INFO - [2024-11-06T13:58:08.165+0000] {dagbag.py:587} INFO - Filling up the DagBag from /home/airflow/.local/lib/python3.12/site-packages/airflow/example_dags/example_branch_datetime_operator.py
[2024-11-06T13:58:08.182+0000] {processor.py:925} INFO - DAG(s) 'example_branch_datetime_operator', 'example_branch_datetime_operator_3', 'example_branch_datetime_operator_2' retrieved from /home/airflow/.local/lib/python3.12/site-packages/airflow/example_dags/example_branch_datetime_operator.py
[2024-11-06T13:58:08.226+0000] {logging_mixin.py:190} INFO - [2024-11-06T13:58:08.226+0000] {dag.py:3229} INFO - Sync 3 DAGs
[2024-11-06T13:58:08.266+0000] {logging_mixin.py:190} INFO - [2024-11-06T13:58:08.266+0000] {dag.py:4156} INFO - Setting next_dagrun for example_branch_datetime_operator to 2024-11-05 00:00:00+00:00, run_after=2024-11-06 00:00:00+00:00
[2024-11-06T13:58:08.274+0000] {logging_mixin.py:190} INFO - [2024-11-06T13:58:08.274+0000] {dag.py:4156} INFO - Setting next_dagrun for example_branch_datetime_operator_2 to 2024-11-05 00:00:00+00:00, run_after=2024-11-06 00:00:00+00:00
[2024-11-06T13:58:08.279+0000] {logging_mixin.py:190} INFO - [2024-11-06T13:58:08.278+0000] {dag.py:4156} INFO - Setting next_dagrun for example_branch_datetime_operator_3 to 2024-11-05 00:00:00+00:00, run_after=2024-11-06 00:00:00+00:00
[2024-11-06T13:58:08.305+0000] {processor.py:208} INFO - Processing /home/airflow/.local/lib/python3.12/site-packages/airflow/example_dags/example_branch_datetime_operator.py took 0.151 seconds
[2024-11-06T13:58:39.138+0000] {processor.py:186} INFO - Started process (PID=1311) to work on /home/airflow/.local/lib/python3.12/site-packages/airflow/example_dags/example_branch_datetime_operator.py
[2024-11-06T13:58:39.141+0000] {processor.py:914} INFO - Processing file /home/airflow/.local/lib/python3.12/site-packages/airflow/example_dags/example_branch_datetime_operator.py for tasks to queue
[2024-11-06T13:58:39.151+0000] {logging_mixin.py:190} INFO - [2024-11-06T13:58:39.150+0000] {dagbag.py:587} INFO - Filling up the DagBag from /home/airflow/.local/lib/python3.12/site-packages/airflow/example_dags/example_branch_datetime_operator.py
[2024-11-06T13:58:39.172+0000] {processor.py:925} INFO - DAG(s) 'example_branch_datetime_operator', 'example_branch_datetime_operator_2', 'example_branch_datetime_operator_3' retrieved from /home/airflow/.local/lib/python3.12/site-packages/airflow/example_dags/example_branch_datetime_operator.py
[2024-11-06T13:58:39.217+0000] {logging_mixin.py:190} INFO - [2024-11-06T13:58:39.216+0000] {dag.py:3229} INFO - Sync 3 DAGs
[2024-11-06T13:58:39.257+0000] {logging_mixin.py:190} INFO - [2024-11-06T13:58:39.257+0000] {dag.py:4156} INFO - Setting next_dagrun for example_branch_datetime_operator to 2024-11-05 00:00:00+00:00, run_after=2024-11-06 00:00:00+00:00
[2024-11-06T13:58:39.266+0000] {logging_mixin.py:190} INFO - [2024-11-06T13:58:39.266+0000] {dag.py:4156} INFO - Setting next_dagrun for example_branch_datetime_operator_2 to 2024-11-05 00:00:00+00:00, run_after=2024-11-06 00:00:00+00:00
[2024-11-06T13:58:39.272+0000] {logging_mixin.py:190} INFO - [2024-11-06T13:58:39.271+0000] {dag.py:4156} INFO - Setting next_dagrun for example_branch_datetime_operator_3 to 2024-11-05 00:00:00+00:00, run_after=2024-11-06 00:00:00+00:00
[2024-11-06T13:58:39.298+0000] {processor.py:208} INFO - Processing /home/airflow/.local/lib/python3.12/site-packages/airflow/example_dags/example_branch_datetime_operator.py took 0.167 seconds
[2024-11-06T13:59:10.509+0000] {processor.py:186} INFO - Started process (PID=1375) to work on /home/airflow/.local/lib/python3.12/site-packages/airflow/example_dags/example_branch_datetime_operator.py
[2024-11-06T13:59:10.511+0000] {processor.py:914} INFO - Processing file /home/airflow/.local/lib/python3.12/site-packages/airflow/example_dags/example_branch_datetime_operator.py for tasks to queue
[2024-11-06T13:59:10.514+0000] {logging_mixin.py:190} INFO - [2024-11-06T13:59:10.514+0000] {dagbag.py:587} INFO - Filling up the DagBag from /home/airflow/.local/lib/python3.12/site-packages/airflow/example_dags/example_branch_datetime_operator.py
[2024-11-06T13:59:10.532+0000] {processor.py:925} INFO - DAG(s) 'example_branch_datetime_operator', 'example_branch_datetime_operator_2', 'example_branch_datetime_operator_3' retrieved from /home/airflow/.local/lib/python3.12/site-packages/airflow/example_dags/example_branch_datetime_operator.py
[2024-11-06T13:59:10.574+0000] {logging_mixin.py:190} INFO - [2024-11-06T13:59:10.573+0000] {dag.py:3229} INFO - Sync 3 DAGs
[2024-11-06T13:59:10.612+0000] {logging_mixin.py:190} INFO - [2024-11-06T13:59:10.612+0000] {dag.py:4156} INFO - Setting next_dagrun for example_branch_datetime_operator to 2024-11-05 00:00:00+00:00, run_after=2024-11-06 00:00:00+00:00
[2024-11-06T13:59:10.621+0000] {logging_mixin.py:190} INFO - [2024-11-06T13:59:10.621+0000] {dag.py:4156} INFO - Setting next_dagrun for example_branch_datetime_operator_2 to 2024-11-05 00:00:00+00:00, run_after=2024-11-06 00:00:00+00:00
[2024-11-06T13:59:10.626+0000] {logging_mixin.py:190} INFO - [2024-11-06T13:59:10.625+0000] {dag.py:4156} INFO - Setting next_dagrun for example_branch_datetime_operator_3 to 2024-11-05 00:00:00+00:00, run_after=2024-11-06 00:00:00+00:00
[2024-11-06T13:59:10.655+0000] {processor.py:208} INFO - Processing /home/airflow/.local/lib/python3.12/site-packages/airflow/example_dags/example_branch_datetime_operator.py took 0.152 seconds
[2024-11-06T13:59:41.265+0000] {processor.py:186} INFO - Started process (PID=1438) to work on /home/airflow/.local/lib/python3.12/site-packages/airflow/example_dags/example_branch_datetime_operator.py
[2024-11-06T13:59:41.266+0000] {processor.py:914} INFO - Processing file /home/airflow/.local/lib/python3.12/site-packages/airflow/example_dags/example_branch_datetime_operator.py for tasks to queue
[2024-11-06T13:59:41.269+0000] {logging_mixin.py:190} INFO - [2024-11-06T13:59:41.269+0000] {dagbag.py:587} INFO - Filling up the DagBag from /home/airflow/.local/lib/python3.12/site-packages/airflow/example_dags/example_branch_datetime_operator.py
[2024-11-06T13:59:41.287+0000] {processor.py:925} INFO - DAG(s) 'example_branch_datetime_operator_2', 'example_branch_datetime_operator_3', 'example_branch_datetime_operator' retrieved from /home/airflow/.local/lib/python3.12/site-packages/airflow/example_dags/example_branch_datetime_operator.py
[2024-11-06T13:59:41.325+0000] {logging_mixin.py:190} INFO - [2024-11-06T13:59:41.325+0000] {dag.py:3229} INFO - Sync 3 DAGs
[2024-11-06T13:59:41.361+0000] {logging_mixin.py:190} INFO - [2024-11-06T13:59:41.361+0000] {dag.py:4156} INFO - Setting next_dagrun for example_branch_datetime_operator to 2024-11-05 00:00:00+00:00, run_after=2024-11-06 00:00:00+00:00
[2024-11-06T13:59:41.369+0000] {logging_mixin.py:190} INFO - [2024-11-06T13:59:41.369+0000] {dag.py:4156} INFO - Setting next_dagrun for example_branch_datetime_operator_2 to 2024-11-05 00:00:00+00:00, run_after=2024-11-06 00:00:00+00:00
[2024-11-06T13:59:41.373+0000] {logging_mixin.py:190} INFO - [2024-11-06T13:59:41.373+0000] {dag.py:4156} INFO - Setting next_dagrun for example_branch_datetime_operator_3 to 2024-11-05 00:00:00+00:00, run_after=2024-11-06 00:00:00+00:00
[2024-11-06T13:59:41.398+0000] {processor.py:208} INFO - Processing /home/airflow/.local/lib/python3.12/site-packages/airflow/example_dags/example_branch_datetime_operator.py took 0.141 seconds
[2024-11-06T14:01:13.432+0000] {processor.py:186} INFO - Started process (PID=53) to work on /home/airflow/.local/lib/python3.12/site-packages/airflow/example_dags/example_branch_datetime_operator.py
[2024-11-06T14:01:13.434+0000] {processor.py:914} INFO - Processing file /home/airflow/.local/lib/python3.12/site-packages/airflow/example_dags/example_branch_datetime_operator.py for tasks to queue
[2024-11-06T14:01:13.437+0000] {logging_mixin.py:190} INFO - [2024-11-06T14:01:13.436+0000] {dagbag.py:587} INFO - Filling up the DagBag from /home/airflow/.local/lib/python3.12/site-packages/airflow/example_dags/example_branch_datetime_operator.py
[2024-11-06T14:01:13.454+0000] {processor.py:925} INFO - DAG(s) 'example_branch_datetime_operator_2', 'example_branch_datetime_operator_3', 'example_branch_datetime_operator' retrieved from /home/airflow/.local/lib/python3.12/site-packages/airflow/example_dags/example_branch_datetime_operator.py
[2024-11-06T14:01:13.498+0000] {logging_mixin.py:190} INFO - [2024-11-06T14:01:13.498+0000] {dag.py:3229} INFO - Sync 3 DAGs
[2024-11-06T14:01:13.533+0000] {logging_mixin.py:190} INFO - [2024-11-06T14:01:13.533+0000] {dag.py:4156} INFO - Setting next_dagrun for example_branch_datetime_operator to 2024-11-05 00:00:00+00:00, run_after=2024-11-06 00:00:00+00:00
[2024-11-06T14:01:13.542+0000] {logging_mixin.py:190} INFO - [2024-11-06T14:01:13.542+0000] {dag.py:4156} INFO - Setting next_dagrun for example_branch_datetime_operator_2 to 2024-11-05 00:00:00+00:00, run_after=2024-11-06 00:00:00+00:00
[2024-11-06T14:01:13.547+0000] {logging_mixin.py:190} INFO - [2024-11-06T14:01:13.546+0000] {dag.py:4156} INFO - Setting next_dagrun for example_branch_datetime_operator_3 to 2024-11-05 00:00:00+00:00, run_after=2024-11-06 00:00:00+00:00
[2024-11-06T14:01:13.577+0000] {processor.py:208} INFO - Processing /home/airflow/.local/lib/python3.12/site-packages/airflow/example_dags/example_branch_datetime_operator.py took 0.151 seconds
[2024-11-06T14:01:44.506+0000] {processor.py:186} INFO - Started process (PID=117) to work on /home/airflow/.local/lib/python3.12/site-packages/airflow/example_dags/example_branch_datetime_operator.py
[2024-11-06T14:01:44.507+0000] {processor.py:914} INFO - Processing file /home/airflow/.local/lib/python3.12/site-packages/airflow/example_dags/example_branch_datetime_operator.py for tasks to queue
[2024-11-06T14:01:44.511+0000] {logging_mixin.py:190} INFO - [2024-11-06T14:01:44.511+0000] {dagbag.py:587} INFO - Filling up the DagBag from /home/airflow/.local/lib/python3.12/site-packages/airflow/example_dags/example_branch_datetime_operator.py
[2024-11-06T14:01:44.528+0000] {processor.py:925} INFO - DAG(s) 'example_branch_datetime_operator_2', 'example_branch_datetime_operator', 'example_branch_datetime_operator_3' retrieved from /home/airflow/.local/lib/python3.12/site-packages/airflow/example_dags/example_branch_datetime_operator.py
[2024-11-06T14:01:44.589+0000] {logging_mixin.py:190} INFO - [2024-11-06T14:01:44.589+0000] {dag.py:3229} INFO - Sync 3 DAGs
[2024-11-06T14:01:44.637+0000] {logging_mixin.py:190} INFO - [2024-11-06T14:01:44.637+0000] {dag.py:4156} INFO - Setting next_dagrun for example_branch_datetime_operator to 2024-11-05 00:00:00+00:00, run_after=2024-11-06 00:00:00+00:00
[2024-11-06T14:01:44.668+0000] {logging_mixin.py:190} INFO - [2024-11-06T14:01:44.668+0000] {dag.py:4156} INFO - Setting next_dagrun for example_branch_datetime_operator_2 to 2024-11-05 00:00:00+00:00, run_after=2024-11-06 00:00:00+00:00
[2024-11-06T14:01:44.681+0000] {logging_mixin.py:190} INFO - [2024-11-06T14:01:44.681+0000] {dag.py:4156} INFO - Setting next_dagrun for example_branch_datetime_operator_3 to 2024-11-05 00:00:00+00:00, run_after=2024-11-06 00:00:00+00:00
[2024-11-06T14:01:44.717+0000] {processor.py:208} INFO - Processing /home/airflow/.local/lib/python3.12/site-packages/airflow/example_dags/example_branch_datetime_operator.py took 0.219 seconds
[2024-11-06T14:02:15.055+0000] {processor.py:186} INFO - Started process (PID=181) to work on /home/airflow/.local/lib/python3.12/site-packages/airflow/example_dags/example_branch_datetime_operator.py
[2024-11-06T14:02:15.056+0000] {processor.py:914} INFO - Processing file /home/airflow/.local/lib/python3.12/site-packages/airflow/example_dags/example_branch_datetime_operator.py for tasks to queue
[2024-11-06T14:02:15.060+0000] {logging_mixin.py:190} INFO - [2024-11-06T14:02:15.060+0000] {dagbag.py:587} INFO - Filling up the DagBag from /home/airflow/.local/lib/python3.12/site-packages/airflow/example_dags/example_branch_datetime_operator.py
[2024-11-06T14:02:15.079+0000] {processor.py:925} INFO - DAG(s) 'example_branch_datetime_operator', 'example_branch_datetime_operator_2', 'example_branch_datetime_operator_3' retrieved from /home/airflow/.local/lib/python3.12/site-packages/airflow/example_dags/example_branch_datetime_operator.py
[2024-11-06T14:02:15.127+0000] {logging_mixin.py:190} INFO - [2024-11-06T14:02:15.127+0000] {dag.py:3229} INFO - Sync 3 DAGs
[2024-11-06T14:02:15.180+0000] {logging_mixin.py:190} INFO - [2024-11-06T14:02:15.180+0000] {dag.py:4156} INFO - Setting next_dagrun for example_branch_datetime_operator to 2024-11-05 00:00:00+00:00, run_after=2024-11-06 00:00:00+00:00
[2024-11-06T14:02:15.189+0000] {logging_mixin.py:190} INFO - [2024-11-06T14:02:15.189+0000] {dag.py:4156} INFO - Setting next_dagrun for example_branch_datetime_operator_2 to 2024-11-05 00:00:00+00:00, run_after=2024-11-06 00:00:00+00:00
[2024-11-06T14:02:15.194+0000] {logging_mixin.py:190} INFO - [2024-11-06T14:02:15.194+0000] {dag.py:4156} INFO - Setting next_dagrun for example_branch_datetime_operator_3 to 2024-11-05 00:00:00+00:00, run_after=2024-11-06 00:00:00+00:00
[2024-11-06T14:02:15.224+0000] {processor.py:208} INFO - Processing /home/airflow/.local/lib/python3.12/site-packages/airflow/example_dags/example_branch_datetime_operator.py took 0.176 seconds
[2024-11-06T14:02:45.880+0000] {processor.py:186} INFO - Started process (PID=244) to work on /home/airflow/.local/lib/python3.12/site-packages/airflow/example_dags/example_branch_datetime_operator.py
[2024-11-06T14:02:45.882+0000] {processor.py:914} INFO - Processing file /home/airflow/.local/lib/python3.12/site-packages/airflow/example_dags/example_branch_datetime_operator.py for tasks to queue
[2024-11-06T14:02:45.887+0000] {logging_mixin.py:190} INFO - [2024-11-06T14:02:45.886+0000] {dagbag.py:587} INFO - Filling up the DagBag from /home/airflow/.local/lib/python3.12/site-packages/airflow/example_dags/example_branch_datetime_operator.py
[2024-11-06T14:02:45.899+0000] {processor.py:925} INFO - DAG(s) 'example_branch_datetime_operator_2', 'example_branch_datetime_operator', 'example_branch_datetime_operator_3' retrieved from /home/airflow/.local/lib/python3.12/site-packages/airflow/example_dags/example_branch_datetime_operator.py
[2024-11-06T14:02:45.937+0000] {logging_mixin.py:190} INFO - [2024-11-06T14:02:45.936+0000] {dag.py:3229} INFO - Sync 3 DAGs
[2024-11-06T14:02:45.975+0000] {logging_mixin.py:190} INFO - [2024-11-06T14:02:45.975+0000] {dag.py:4156} INFO - Setting next_dagrun for example_branch_datetime_operator to 2024-11-05 00:00:00+00:00, run_after=2024-11-06 00:00:00+00:00
[2024-11-06T14:02:45.981+0000] {logging_mixin.py:190} INFO - [2024-11-06T14:02:45.981+0000] {dag.py:4156} INFO - Setting next_dagrun for example_branch_datetime_operator_2 to 2024-11-05 00:00:00+00:00, run_after=2024-11-06 00:00:00+00:00
[2024-11-06T14:02:45.985+0000] {logging_mixin.py:190} INFO - [2024-11-06T14:02:45.985+0000] {dag.py:4156} INFO - Setting next_dagrun for example_branch_datetime_operator_3 to 2024-11-05 00:00:00+00:00, run_after=2024-11-06 00:00:00+00:00
[2024-11-06T14:02:46.007+0000] {processor.py:208} INFO - Processing /home/airflow/.local/lib/python3.12/site-packages/airflow/example_dags/example_branch_datetime_operator.py took 0.131 seconds
[2024-11-06T14:03:16.940+0000] {processor.py:186} INFO - Started process (PID=308) to work on /home/airflow/.local/lib/python3.12/site-packages/airflow/example_dags/example_branch_datetime_operator.py
[2024-11-06T14:03:16.942+0000] {processor.py:914} INFO - Processing file /home/airflow/.local/lib/python3.12/site-packages/airflow/example_dags/example_branch_datetime_operator.py for tasks to queue
[2024-11-06T14:03:16.945+0000] {logging_mixin.py:190} INFO - [2024-11-06T14:03:16.944+0000] {dagbag.py:587} INFO - Filling up the DagBag from /home/airflow/.local/lib/python3.12/site-packages/airflow/example_dags/example_branch_datetime_operator.py
[2024-11-06T14:03:16.961+0000] {processor.py:925} INFO - DAG(s) 'example_branch_datetime_operator', 'example_branch_datetime_operator_3', 'example_branch_datetime_operator_2' retrieved from /home/airflow/.local/lib/python3.12/site-packages/airflow/example_dags/example_branch_datetime_operator.py
[2024-11-06T14:03:16.998+0000] {logging_mixin.py:190} INFO - [2024-11-06T14:03:16.997+0000] {dag.py:3229} INFO - Sync 3 DAGs
[2024-11-06T14:03:17.034+0000] {logging_mixin.py:190} INFO - [2024-11-06T14:03:17.034+0000] {dag.py:4156} INFO - Setting next_dagrun for example_branch_datetime_operator to 2024-11-05 00:00:00+00:00, run_after=2024-11-06 00:00:00+00:00
[2024-11-06T14:03:17.043+0000] {logging_mixin.py:190} INFO - [2024-11-06T14:03:17.043+0000] {dag.py:4156} INFO - Setting next_dagrun for example_branch_datetime_operator_2 to 2024-11-05 00:00:00+00:00, run_after=2024-11-06 00:00:00+00:00
[2024-11-06T14:03:17.049+0000] {logging_mixin.py:190} INFO - [2024-11-06T14:03:17.048+0000] {dag.py:4156} INFO - Setting next_dagrun for example_branch_datetime_operator_3 to 2024-11-05 00:00:00+00:00, run_after=2024-11-06 00:00:00+00:00
[2024-11-06T14:03:17.074+0000] {processor.py:208} INFO - Processing /home/airflow/.local/lib/python3.12/site-packages/airflow/example_dags/example_branch_datetime_operator.py took 0.141 seconds
[2024-11-06T14:03:48.548+0000] {processor.py:186} INFO - Started process (PID=372) to work on /home/airflow/.local/lib/python3.12/site-packages/airflow/example_dags/example_branch_datetime_operator.py
[2024-11-06T14:03:48.555+0000] {processor.py:914} INFO - Processing file /home/airflow/.local/lib/python3.12/site-packages/airflow/example_dags/example_branch_datetime_operator.py for tasks to queue
[2024-11-06T14:03:48.563+0000] {logging_mixin.py:190} INFO - [2024-11-06T14:03:48.562+0000] {dagbag.py:587} INFO - Filling up the DagBag from /home/airflow/.local/lib/python3.12/site-packages/airflow/example_dags/example_branch_datetime_operator.py
[2024-11-06T14:03:48.600+0000] {processor.py:925} INFO - DAG(s) 'example_branch_datetime_operator_3', 'example_branch_datetime_operator', 'example_branch_datetime_operator_2' retrieved from /home/airflow/.local/lib/python3.12/site-packages/airflow/example_dags/example_branch_datetime_operator.py
[2024-11-06T14:03:48.646+0000] {logging_mixin.py:190} INFO - [2024-11-06T14:03:48.646+0000] {dag.py:3229} INFO - Sync 3 DAGs
[2024-11-06T14:03:48.683+0000] {logging_mixin.py:190} INFO - [2024-11-06T14:03:48.683+0000] {dag.py:4156} INFO - Setting next_dagrun for example_branch_datetime_operator to 2024-11-05 00:00:00+00:00, run_after=2024-11-06 00:00:00+00:00
[2024-11-06T14:03:48.690+0000] {logging_mixin.py:190} INFO - [2024-11-06T14:03:48.690+0000] {dag.py:4156} INFO - Setting next_dagrun for example_branch_datetime_operator_2 to 2024-11-05 00:00:00+00:00, run_after=2024-11-06 00:00:00+00:00
[2024-11-06T14:03:48.695+0000] {logging_mixin.py:190} INFO - [2024-11-06T14:03:48.695+0000] {dag.py:4156} INFO - Setting next_dagrun for example_branch_datetime_operator_3 to 2024-11-05 00:00:00+00:00, run_after=2024-11-06 00:00:00+00:00
[2024-11-06T14:03:48.727+0000] {processor.py:208} INFO - Processing /home/airflow/.local/lib/python3.12/site-packages/airflow/example_dags/example_branch_datetime_operator.py took 0.200 seconds
