[2024-11-06T13:48:52.728+0000] {processor.py:186} INFO - Started process (PID=80) to work on /home/airflow/.local/lib/python3.12/site-packages/airflow/example_dags/example_outlet_event_extra.py
[2024-11-06T13:48:52.729+0000] {processor.py:914} INFO - Processing file /home/airflow/.local/lib/python3.12/site-packages/airflow/example_dags/example_outlet_event_extra.py for tasks to queue
[2024-11-06T13:48:52.733+0000] {logging_mixin.py:190} INFO - [2024-11-06T13:48:52.732+0000] {dagbag.py:587} INFO - Filling up the DagBag from /home/airflow/.local/lib/python3.12/site-packages/airflow/example_dags/example_outlet_event_extra.py
[2024-11-06T13:48:54.842+0000] {processor.py:925} INFO - DAG(s) 'dataset_with_extra_by_context', 'dataset_with_extra_from_classic_operator', 'dataset_with_extra_by_yield' retrieved from /home/airflow/.local/lib/python3.12/site-packages/airflow/example_dags/example_outlet_event_extra.py
[2024-11-06T13:48:54.939+0000] {logging_mixin.py:190} INFO - [2024-11-06T13:48:54.939+0000] {dag.py:3229} INFO - Sync 3 DAGs
[2024-11-06T13:48:55.069+0000] {logging_mixin.py:190} INFO - [2024-11-06T13:48:55.068+0000] {dag.py:4156} INFO - Setting next_dagrun for dataset_with_extra_by_context to 2024-11-05 00:00:00+00:00, run_after=2024-11-06 00:00:00+00:00
[2024-11-06T13:48:55.083+0000] {logging_mixin.py:190} INFO - [2024-11-06T13:48:55.083+0000] {dag.py:4156} INFO - Setting next_dagrun for dataset_with_extra_by_yield to 2024-11-05 00:00:00+00:00, run_after=2024-11-06 00:00:00+00:00
[2024-11-06T13:48:55.091+0000] {logging_mixin.py:190} INFO - [2024-11-06T13:48:55.089+0000] {dag.py:4156} INFO - Setting next_dagrun for dataset_with_extra_from_classic_operator to 2024-11-05 00:00:00+00:00, run_after=2024-11-06 00:00:00+00:00
[2024-11-06T13:48:55.336+0000] {processor.py:208} INFO - Processing /home/airflow/.local/lib/python3.12/site-packages/airflow/example_dags/example_outlet_event_extra.py took 2.618 seconds
[2024-11-06T13:49:26.017+0000] {processor.py:186} INFO - Started process (PID=149) to work on /home/airflow/.local/lib/python3.12/site-packages/airflow/example_dags/example_outlet_event_extra.py
[2024-11-06T13:49:26.021+0000] {processor.py:914} INFO - Processing file /home/airflow/.local/lib/python3.12/site-packages/airflow/example_dags/example_outlet_event_extra.py for tasks to queue
[2024-11-06T13:49:26.029+0000] {logging_mixin.py:190} INFO - [2024-11-06T13:49:26.028+0000] {dagbag.py:587} INFO - Filling up the DagBag from /home/airflow/.local/lib/python3.12/site-packages/airflow/example_dags/example_outlet_event_extra.py
[2024-11-06T13:49:26.433+0000] {processor.py:925} INFO - DAG(s) 'dataset_with_extra_by_yield', 'dataset_with_extra_by_context', 'dataset_with_extra_from_classic_operator' retrieved from /home/airflow/.local/lib/python3.12/site-packages/airflow/example_dags/example_outlet_event_extra.py
[2024-11-06T13:49:26.483+0000] {logging_mixin.py:190} INFO - [2024-11-06T13:49:26.482+0000] {dag.py:3229} INFO - Sync 3 DAGs
[2024-11-06T13:49:26.531+0000] {logging_mixin.py:190} INFO - [2024-11-06T13:49:26.530+0000] {dag.py:4156} INFO - Setting next_dagrun for dataset_with_extra_by_context to 2024-11-05 00:00:00+00:00, run_after=2024-11-06 00:00:00+00:00
[2024-11-06T13:49:26.541+0000] {logging_mixin.py:190} INFO - [2024-11-06T13:49:26.541+0000] {dag.py:4156} INFO - Setting next_dagrun for dataset_with_extra_by_yield to 2024-11-05 00:00:00+00:00, run_after=2024-11-06 00:00:00+00:00
[2024-11-06T13:49:26.547+0000] {logging_mixin.py:190} INFO - [2024-11-06T13:49:26.546+0000] {dag.py:4156} INFO - Setting next_dagrun for dataset_with_extra_from_classic_operator to 2024-11-05 00:00:00+00:00, run_after=2024-11-06 00:00:00+00:00
[2024-11-06T13:49:26.601+0000] {processor.py:208} INFO - Processing /home/airflow/.local/lib/python3.12/site-packages/airflow/example_dags/example_outlet_event_extra.py took 0.599 seconds
[2024-11-06T13:49:57.453+0000] {processor.py:186} INFO - Started process (PID=214) to work on /home/airflow/.local/lib/python3.12/site-packages/airflow/example_dags/example_outlet_event_extra.py
[2024-11-06T13:49:57.454+0000] {processor.py:914} INFO - Processing file /home/airflow/.local/lib/python3.12/site-packages/airflow/example_dags/example_outlet_event_extra.py for tasks to queue
[2024-11-06T13:49:57.457+0000] {logging_mixin.py:190} INFO - [2024-11-06T13:49:57.457+0000] {dagbag.py:587} INFO - Filling up the DagBag from /home/airflow/.local/lib/python3.12/site-packages/airflow/example_dags/example_outlet_event_extra.py
[2024-11-06T13:49:57.652+0000] {processor.py:925} INFO - DAG(s) 'dataset_with_extra_by_context', 'dataset_with_extra_by_yield', 'dataset_with_extra_from_classic_operator' retrieved from /home/airflow/.local/lib/python3.12/site-packages/airflow/example_dags/example_outlet_event_extra.py
[2024-11-06T13:49:57.701+0000] {logging_mixin.py:190} INFO - [2024-11-06T13:49:57.701+0000] {dag.py:3229} INFO - Sync 3 DAGs
[2024-11-06T13:49:57.742+0000] {logging_mixin.py:190} INFO - [2024-11-06T13:49:57.742+0000] {dag.py:4156} INFO - Setting next_dagrun for dataset_with_extra_by_context to 2024-11-05 00:00:00+00:00, run_after=2024-11-06 00:00:00+00:00
[2024-11-06T13:49:57.753+0000] {logging_mixin.py:190} INFO - [2024-11-06T13:49:57.753+0000] {dag.py:4156} INFO - Setting next_dagrun for dataset_with_extra_by_yield to 2024-11-05 00:00:00+00:00, run_after=2024-11-06 00:00:00+00:00
[2024-11-06T13:49:57.758+0000] {logging_mixin.py:190} INFO - [2024-11-06T13:49:57.758+0000] {dag.py:4156} INFO - Setting next_dagrun for dataset_with_extra_from_classic_operator to 2024-11-05 00:00:00+00:00, run_after=2024-11-06 00:00:00+00:00
[2024-11-06T13:49:57.799+0000] {processor.py:208} INFO - Processing /home/airflow/.local/lib/python3.12/site-packages/airflow/example_dags/example_outlet_event_extra.py took 0.351 seconds
[2024-11-06T13:50:28.516+0000] {processor.py:186} INFO - Started process (PID=286) to work on /home/airflow/.local/lib/python3.12/site-packages/airflow/example_dags/example_outlet_event_extra.py
[2024-11-06T13:50:28.518+0000] {processor.py:914} INFO - Processing file /home/airflow/.local/lib/python3.12/site-packages/airflow/example_dags/example_outlet_event_extra.py for tasks to queue
[2024-11-06T13:50:28.524+0000] {logging_mixin.py:190} INFO - [2024-11-06T13:50:28.524+0000] {dagbag.py:587} INFO - Filling up the DagBag from /home/airflow/.local/lib/python3.12/site-packages/airflow/example_dags/example_outlet_event_extra.py
[2024-11-06T13:50:28.714+0000] {processor.py:925} INFO - DAG(s) 'dataset_with_extra_by_context', 'dataset_with_extra_by_yield', 'dataset_with_extra_from_classic_operator' retrieved from /home/airflow/.local/lib/python3.12/site-packages/airflow/example_dags/example_outlet_event_extra.py
[2024-11-06T13:50:28.746+0000] {logging_mixin.py:190} INFO - [2024-11-06T13:50:28.746+0000] {dag.py:3229} INFO - Sync 3 DAGs
[2024-11-06T13:50:28.773+0000] {logging_mixin.py:190} INFO - [2024-11-06T13:50:28.772+0000] {dag.py:4156} INFO - Setting next_dagrun for dataset_with_extra_by_context to 2024-11-05 00:00:00+00:00, run_after=2024-11-06 00:00:00+00:00
[2024-11-06T13:50:28.778+0000] {logging_mixin.py:190} INFO - [2024-11-06T13:50:28.778+0000] {dag.py:4156} INFO - Setting next_dagrun for dataset_with_extra_by_yield to 2024-11-05 00:00:00+00:00, run_after=2024-11-06 00:00:00+00:00
[2024-11-06T13:50:28.782+0000] {logging_mixin.py:190} INFO - [2024-11-06T13:50:28.781+0000] {dag.py:4156} INFO - Setting next_dagrun for dataset_with_extra_from_classic_operator to 2024-11-05 00:00:00+00:00, run_after=2024-11-06 00:00:00+00:00
[2024-11-06T13:50:28.821+0000] {processor.py:208} INFO - Processing /home/airflow/.local/lib/python3.12/site-packages/airflow/example_dags/example_outlet_event_extra.py took 0.313 seconds
[2024-11-06T13:50:59.297+0000] {processor.py:186} INFO - Started process (PID=350) to work on /home/airflow/.local/lib/python3.12/site-packages/airflow/example_dags/example_outlet_event_extra.py
[2024-11-06T13:50:59.299+0000] {processor.py:914} INFO - Processing file /home/airflow/.local/lib/python3.12/site-packages/airflow/example_dags/example_outlet_event_extra.py for tasks to queue
[2024-11-06T13:50:59.303+0000] {logging_mixin.py:190} INFO - [2024-11-06T13:50:59.302+0000] {dagbag.py:587} INFO - Filling up the DagBag from /home/airflow/.local/lib/python3.12/site-packages/airflow/example_dags/example_outlet_event_extra.py
[2024-11-06T13:50:59.542+0000] {processor.py:925} INFO - DAG(s) 'dataset_with_extra_from_classic_operator', 'dataset_with_extra_by_context', 'dataset_with_extra_by_yield' retrieved from /home/airflow/.local/lib/python3.12/site-packages/airflow/example_dags/example_outlet_event_extra.py
[2024-11-06T13:50:59.589+0000] {logging_mixin.py:190} INFO - [2024-11-06T13:50:59.588+0000] {dag.py:3229} INFO - Sync 3 DAGs
[2024-11-06T13:50:59.650+0000] {logging_mixin.py:190} INFO - [2024-11-06T13:50:59.650+0000] {dag.py:4156} INFO - Setting next_dagrun for dataset_with_extra_by_context to 2024-11-05 00:00:00+00:00, run_after=2024-11-06 00:00:00+00:00
[2024-11-06T13:50:59.658+0000] {logging_mixin.py:190} INFO - [2024-11-06T13:50:59.658+0000] {dag.py:4156} INFO - Setting next_dagrun for dataset_with_extra_by_yield to 2024-11-05 00:00:00+00:00, run_after=2024-11-06 00:00:00+00:00
[2024-11-06T13:50:59.665+0000] {logging_mixin.py:190} INFO - [2024-11-06T13:50:59.664+0000] {dag.py:4156} INFO - Setting next_dagrun for dataset_with_extra_from_classic_operator to 2024-11-05 00:00:00+00:00, run_after=2024-11-06 00:00:00+00:00
[2024-11-06T13:50:59.706+0000] {processor.py:208} INFO - Processing /home/airflow/.local/lib/python3.12/site-packages/airflow/example_dags/example_outlet_event_extra.py took 0.416 seconds
[2024-11-06T13:51:30.075+0000] {processor.py:186} INFO - Started process (PID=414) to work on /home/airflow/.local/lib/python3.12/site-packages/airflow/example_dags/example_outlet_event_extra.py
[2024-11-06T13:51:30.078+0000] {processor.py:914} INFO - Processing file /home/airflow/.local/lib/python3.12/site-packages/airflow/example_dags/example_outlet_event_extra.py for tasks to queue
[2024-11-06T13:51:30.082+0000] {logging_mixin.py:190} INFO - [2024-11-06T13:51:30.081+0000] {dagbag.py:587} INFO - Filling up the DagBag from /home/airflow/.local/lib/python3.12/site-packages/airflow/example_dags/example_outlet_event_extra.py
[2024-11-06T13:51:30.336+0000] {processor.py:925} INFO - DAG(s) 'dataset_with_extra_by_context', 'dataset_with_extra_from_classic_operator', 'dataset_with_extra_by_yield' retrieved from /home/airflow/.local/lib/python3.12/site-packages/airflow/example_dags/example_outlet_event_extra.py
[2024-11-06T13:51:30.384+0000] {logging_mixin.py:190} INFO - [2024-11-06T13:51:30.384+0000] {dag.py:3229} INFO - Sync 3 DAGs
[2024-11-06T13:51:30.430+0000] {logging_mixin.py:190} INFO - [2024-11-06T13:51:30.430+0000] {dag.py:4156} INFO - Setting next_dagrun for dataset_with_extra_by_context to 2024-11-05 00:00:00+00:00, run_after=2024-11-06 00:00:00+00:00
[2024-11-06T13:51:30.439+0000] {logging_mixin.py:190} INFO - [2024-11-06T13:51:30.439+0000] {dag.py:4156} INFO - Setting next_dagrun for dataset_with_extra_by_yield to 2024-11-05 00:00:00+00:00, run_after=2024-11-06 00:00:00+00:00
[2024-11-06T13:51:30.446+0000] {logging_mixin.py:190} INFO - [2024-11-06T13:51:30.445+0000] {dag.py:4156} INFO - Setting next_dagrun for dataset_with_extra_from_classic_operator to 2024-11-05 00:00:00+00:00, run_after=2024-11-06 00:00:00+00:00
[2024-11-06T13:51:30.513+0000] {processor.py:208} INFO - Processing /home/airflow/.local/lib/python3.12/site-packages/airflow/example_dags/example_outlet_event_extra.py took 0.446 seconds
[2024-11-06T13:52:00.860+0000] {processor.py:186} INFO - Started process (PID=480) to work on /home/airflow/.local/lib/python3.12/site-packages/airflow/example_dags/example_outlet_event_extra.py
[2024-11-06T13:52:00.862+0000] {processor.py:914} INFO - Processing file /home/airflow/.local/lib/python3.12/site-packages/airflow/example_dags/example_outlet_event_extra.py for tasks to queue
[2024-11-06T13:52:00.865+0000] {logging_mixin.py:190} INFO - [2024-11-06T13:52:00.865+0000] {dagbag.py:587} INFO - Filling up the DagBag from /home/airflow/.local/lib/python3.12/site-packages/airflow/example_dags/example_outlet_event_extra.py
[2024-11-06T13:52:01.166+0000] {processor.py:925} INFO - DAG(s) 'dataset_with_extra_from_classic_operator', 'dataset_with_extra_by_yield', 'dataset_with_extra_by_context' retrieved from /home/airflow/.local/lib/python3.12/site-packages/airflow/example_dags/example_outlet_event_extra.py
[2024-11-06T13:52:01.232+0000] {logging_mixin.py:190} INFO - [2024-11-06T13:52:01.232+0000] {dag.py:3229} INFO - Sync 3 DAGs
[2024-11-06T13:52:01.285+0000] {logging_mixin.py:190} INFO - [2024-11-06T13:52:01.285+0000] {dag.py:4156} INFO - Setting next_dagrun for dataset_with_extra_by_context to 2024-11-05 00:00:00+00:00, run_after=2024-11-06 00:00:00+00:00
[2024-11-06T13:52:01.293+0000] {logging_mixin.py:190} INFO - [2024-11-06T13:52:01.292+0000] {dag.py:4156} INFO - Setting next_dagrun for dataset_with_extra_by_yield to 2024-11-05 00:00:00+00:00, run_after=2024-11-06 00:00:00+00:00
[2024-11-06T13:52:01.298+0000] {logging_mixin.py:190} INFO - [2024-11-06T13:52:01.297+0000] {dag.py:4156} INFO - Setting next_dagrun for dataset_with_extra_from_classic_operator to 2024-11-05 00:00:00+00:00, run_after=2024-11-06 00:00:00+00:00
[2024-11-06T13:52:01.335+0000] {processor.py:208} INFO - Processing /home/airflow/.local/lib/python3.12/site-packages/airflow/example_dags/example_outlet_event_extra.py took 0.482 seconds
[2024-11-06T13:52:31.504+0000] {processor.py:186} INFO - Started process (PID=545) to work on /home/airflow/.local/lib/python3.12/site-packages/airflow/example_dags/example_outlet_event_extra.py
[2024-11-06T13:52:31.505+0000] {processor.py:914} INFO - Processing file /home/airflow/.local/lib/python3.12/site-packages/airflow/example_dags/example_outlet_event_extra.py for tasks to queue
[2024-11-06T13:52:31.508+0000] {logging_mixin.py:190} INFO - [2024-11-06T13:52:31.508+0000] {dagbag.py:587} INFO - Filling up the DagBag from /home/airflow/.local/lib/python3.12/site-packages/airflow/example_dags/example_outlet_event_extra.py
[2024-11-06T13:52:31.742+0000] {processor.py:925} INFO - DAG(s) 'dataset_with_extra_from_classic_operator', 'dataset_with_extra_by_context', 'dataset_with_extra_by_yield' retrieved from /home/airflow/.local/lib/python3.12/site-packages/airflow/example_dags/example_outlet_event_extra.py
[2024-11-06T13:52:31.783+0000] {logging_mixin.py:190} INFO - [2024-11-06T13:52:31.783+0000] {dag.py:3229} INFO - Sync 3 DAGs
[2024-11-06T13:52:31.822+0000] {logging_mixin.py:190} INFO - [2024-11-06T13:52:31.822+0000] {dag.py:4156} INFO - Setting next_dagrun for dataset_with_extra_by_context to 2024-11-05 00:00:00+00:00, run_after=2024-11-06 00:00:00+00:00
[2024-11-06T13:52:31.830+0000] {logging_mixin.py:190} INFO - [2024-11-06T13:52:31.830+0000] {dag.py:4156} INFO - Setting next_dagrun for dataset_with_extra_by_yield to 2024-11-05 00:00:00+00:00, run_after=2024-11-06 00:00:00+00:00
[2024-11-06T13:52:31.835+0000] {logging_mixin.py:190} INFO - [2024-11-06T13:52:31.835+0000] {dag.py:4156} INFO - Setting next_dagrun for dataset_with_extra_from_classic_operator to 2024-11-05 00:00:00+00:00, run_after=2024-11-06 00:00:00+00:00
[2024-11-06T13:52:31.880+0000] {processor.py:208} INFO - Processing /home/airflow/.local/lib/python3.12/site-packages/airflow/example_dags/example_outlet_event_extra.py took 0.384 seconds
[2024-11-06T13:53:01.974+0000] {processor.py:186} INFO - Started process (PID=609) to work on /home/airflow/.local/lib/python3.12/site-packages/airflow/example_dags/example_outlet_event_extra.py
[2024-11-06T13:53:01.976+0000] {processor.py:914} INFO - Processing file /home/airflow/.local/lib/python3.12/site-packages/airflow/example_dags/example_outlet_event_extra.py for tasks to queue
[2024-11-06T13:53:01.981+0000] {logging_mixin.py:190} INFO - [2024-11-06T13:53:01.980+0000] {dagbag.py:587} INFO - Filling up the DagBag from /home/airflow/.local/lib/python3.12/site-packages/airflow/example_dags/example_outlet_event_extra.py
[2024-11-06T13:53:02.248+0000] {processor.py:925} INFO - DAG(s) 'dataset_with_extra_by_context', 'dataset_with_extra_by_yield', 'dataset_with_extra_from_classic_operator' retrieved from /home/airflow/.local/lib/python3.12/site-packages/airflow/example_dags/example_outlet_event_extra.py
[2024-11-06T13:53:02.292+0000] {logging_mixin.py:190} INFO - [2024-11-06T13:53:02.291+0000] {dag.py:3229} INFO - Sync 3 DAGs
[2024-11-06T13:53:02.330+0000] {logging_mixin.py:190} INFO - [2024-11-06T13:53:02.330+0000] {dag.py:4156} INFO - Setting next_dagrun for dataset_with_extra_by_context to 2024-11-05 00:00:00+00:00, run_after=2024-11-06 00:00:00+00:00
[2024-11-06T13:53:02.338+0000] {logging_mixin.py:190} INFO - [2024-11-06T13:53:02.337+0000] {dag.py:4156} INFO - Setting next_dagrun for dataset_with_extra_by_yield to 2024-11-05 00:00:00+00:00, run_after=2024-11-06 00:00:00+00:00
[2024-11-06T13:53:02.342+0000] {logging_mixin.py:190} INFO - [2024-11-06T13:53:02.342+0000] {dag.py:4156} INFO - Setting next_dagrun for dataset_with_extra_from_classic_operator to 2024-11-05 00:00:00+00:00, run_after=2024-11-06 00:00:00+00:00
[2024-11-06T13:53:02.375+0000] {processor.py:208} INFO - Processing /home/airflow/.local/lib/python3.12/site-packages/airflow/example_dags/example_outlet_event_extra.py took 0.412 seconds
[2024-11-06T13:53:32.619+0000] {processor.py:186} INFO - Started process (PID=673) to work on /home/airflow/.local/lib/python3.12/site-packages/airflow/example_dags/example_outlet_event_extra.py
[2024-11-06T13:53:32.622+0000] {processor.py:914} INFO - Processing file /home/airflow/.local/lib/python3.12/site-packages/airflow/example_dags/example_outlet_event_extra.py for tasks to queue
[2024-11-06T13:53:32.629+0000] {logging_mixin.py:190} INFO - [2024-11-06T13:53:32.628+0000] {dagbag.py:587} INFO - Filling up the DagBag from /home/airflow/.local/lib/python3.12/site-packages/airflow/example_dags/example_outlet_event_extra.py
[2024-11-06T13:53:32.843+0000] {processor.py:925} INFO - DAG(s) 'dataset_with_extra_by_context', 'dataset_with_extra_from_classic_operator', 'dataset_with_extra_by_yield' retrieved from /home/airflow/.local/lib/python3.12/site-packages/airflow/example_dags/example_outlet_event_extra.py
[2024-11-06T13:53:32.880+0000] {logging_mixin.py:190} INFO - [2024-11-06T13:53:32.880+0000] {dag.py:3229} INFO - Sync 3 DAGs
[2024-11-06T13:53:32.920+0000] {logging_mixin.py:190} INFO - [2024-11-06T13:53:32.920+0000] {dag.py:4156} INFO - Setting next_dagrun for dataset_with_extra_by_context to 2024-11-05 00:00:00+00:00, run_after=2024-11-06 00:00:00+00:00
[2024-11-06T13:53:32.928+0000] {logging_mixin.py:190} INFO - [2024-11-06T13:53:32.928+0000] {dag.py:4156} INFO - Setting next_dagrun for dataset_with_extra_by_yield to 2024-11-05 00:00:00+00:00, run_after=2024-11-06 00:00:00+00:00
[2024-11-06T13:53:32.932+0000] {logging_mixin.py:190} INFO - [2024-11-06T13:53:32.932+0000] {dag.py:4156} INFO - Setting next_dagrun for dataset_with_extra_from_classic_operator to 2024-11-05 00:00:00+00:00, run_after=2024-11-06 00:00:00+00:00
[2024-11-06T13:53:32.965+0000] {processor.py:208} INFO - Processing /home/airflow/.local/lib/python3.12/site-packages/airflow/example_dags/example_outlet_event_extra.py took 0.353 seconds
[2024-11-06T13:54:03.032+0000] {processor.py:186} INFO - Started process (PID=738) to work on /home/airflow/.local/lib/python3.12/site-packages/airflow/example_dags/example_outlet_event_extra.py
[2024-11-06T13:54:03.033+0000] {processor.py:914} INFO - Processing file /home/airflow/.local/lib/python3.12/site-packages/airflow/example_dags/example_outlet_event_extra.py for tasks to queue
[2024-11-06T13:54:03.036+0000] {logging_mixin.py:190} INFO - [2024-11-06T13:54:03.036+0000] {dagbag.py:587} INFO - Filling up the DagBag from /home/airflow/.local/lib/python3.12/site-packages/airflow/example_dags/example_outlet_event_extra.py
[2024-11-06T13:54:03.252+0000] {processor.py:925} INFO - DAG(s) 'dataset_with_extra_by_yield', 'dataset_with_extra_by_context', 'dataset_with_extra_from_classic_operator' retrieved from /home/airflow/.local/lib/python3.12/site-packages/airflow/example_dags/example_outlet_event_extra.py
[2024-11-06T13:54:03.288+0000] {logging_mixin.py:190} INFO - [2024-11-06T13:54:03.288+0000] {dag.py:3229} INFO - Sync 3 DAGs
[2024-11-06T13:54:03.319+0000] {logging_mixin.py:190} INFO - [2024-11-06T13:54:03.318+0000] {dag.py:4156} INFO - Setting next_dagrun for dataset_with_extra_by_context to 2024-11-05 00:00:00+00:00, run_after=2024-11-06 00:00:00+00:00
[2024-11-06T13:54:03.325+0000] {logging_mixin.py:190} INFO - [2024-11-06T13:54:03.324+0000] {dag.py:4156} INFO - Setting next_dagrun for dataset_with_extra_by_yield to 2024-11-05 00:00:00+00:00, run_after=2024-11-06 00:00:00+00:00
[2024-11-06T13:54:03.329+0000] {logging_mixin.py:190} INFO - [2024-11-06T13:54:03.328+0000] {dag.py:4156} INFO - Setting next_dagrun for dataset_with_extra_from_classic_operator to 2024-11-05 00:00:00+00:00, run_after=2024-11-06 00:00:00+00:00
[2024-11-06T13:54:03.356+0000] {processor.py:208} INFO - Processing /home/airflow/.local/lib/python3.12/site-packages/airflow/example_dags/example_outlet_event_extra.py took 0.331 seconds
[2024-11-06T13:54:33.651+0000] {processor.py:186} INFO - Started process (PID=802) to work on /home/airflow/.local/lib/python3.12/site-packages/airflow/example_dags/example_outlet_event_extra.py
[2024-11-06T13:54:33.653+0000] {processor.py:914} INFO - Processing file /home/airflow/.local/lib/python3.12/site-packages/airflow/example_dags/example_outlet_event_extra.py for tasks to queue
[2024-11-06T13:54:33.657+0000] {logging_mixin.py:190} INFO - [2024-11-06T13:54:33.656+0000] {dagbag.py:587} INFO - Filling up the DagBag from /home/airflow/.local/lib/python3.12/site-packages/airflow/example_dags/example_outlet_event_extra.py
[2024-11-06T13:54:33.988+0000] {processor.py:925} INFO - DAG(s) 'dataset_with_extra_by_yield', 'dataset_with_extra_from_classic_operator', 'dataset_with_extra_by_context' retrieved from /home/airflow/.local/lib/python3.12/site-packages/airflow/example_dags/example_outlet_event_extra.py
[2024-11-06T13:54:34.039+0000] {logging_mixin.py:190} INFO - [2024-11-06T13:54:34.038+0000] {dag.py:3229} INFO - Sync 3 DAGs
[2024-11-06T13:54:34.087+0000] {logging_mixin.py:190} INFO - [2024-11-06T13:54:34.086+0000] {dag.py:4156} INFO - Setting next_dagrun for dataset_with_extra_by_context to 2024-11-05 00:00:00+00:00, run_after=2024-11-06 00:00:00+00:00
[2024-11-06T13:54:34.095+0000] {logging_mixin.py:190} INFO - [2024-11-06T13:54:34.094+0000] {dag.py:4156} INFO - Setting next_dagrun for dataset_with_extra_by_yield to 2024-11-05 00:00:00+00:00, run_after=2024-11-06 00:00:00+00:00
[2024-11-06T13:54:34.100+0000] {logging_mixin.py:190} INFO - [2024-11-06T13:54:34.100+0000] {dag.py:4156} INFO - Setting next_dagrun for dataset_with_extra_from_classic_operator to 2024-11-05 00:00:00+00:00, run_after=2024-11-06 00:00:00+00:00
[2024-11-06T13:54:34.134+0000] {processor.py:208} INFO - Processing /home/airflow/.local/lib/python3.12/site-packages/airflow/example_dags/example_outlet_event_extra.py took 0.492 seconds
[2024-11-06T13:55:04.387+0000] {processor.py:186} INFO - Started process (PID=873) to work on /home/airflow/.local/lib/python3.12/site-packages/airflow/example_dags/example_outlet_event_extra.py
[2024-11-06T13:55:04.388+0000] {processor.py:914} INFO - Processing file /home/airflow/.local/lib/python3.12/site-packages/airflow/example_dags/example_outlet_event_extra.py for tasks to queue
[2024-11-06T13:55:04.392+0000] {logging_mixin.py:190} INFO - [2024-11-06T13:55:04.392+0000] {dagbag.py:587} INFO - Filling up the DagBag from /home/airflow/.local/lib/python3.12/site-packages/airflow/example_dags/example_outlet_event_extra.py
[2024-11-06T13:55:04.605+0000] {processor.py:925} INFO - DAG(s) 'dataset_with_extra_from_classic_operator', 'dataset_with_extra_by_yield', 'dataset_with_extra_by_context' retrieved from /home/airflow/.local/lib/python3.12/site-packages/airflow/example_dags/example_outlet_event_extra.py
[2024-11-06T13:55:04.644+0000] {logging_mixin.py:190} INFO - [2024-11-06T13:55:04.644+0000] {dag.py:3229} INFO - Sync 3 DAGs
[2024-11-06T13:55:04.685+0000] {logging_mixin.py:190} INFO - [2024-11-06T13:55:04.685+0000] {dag.py:4156} INFO - Setting next_dagrun for dataset_with_extra_by_context to 2024-11-05 00:00:00+00:00, run_after=2024-11-06 00:00:00+00:00
[2024-11-06T13:55:04.693+0000] {logging_mixin.py:190} INFO - [2024-11-06T13:55:04.693+0000] {dag.py:4156} INFO - Setting next_dagrun for dataset_with_extra_by_yield to 2024-11-05 00:00:00+00:00, run_after=2024-11-06 00:00:00+00:00
[2024-11-06T13:55:04.699+0000] {logging_mixin.py:190} INFO - [2024-11-06T13:55:04.698+0000] {dag.py:4156} INFO - Setting next_dagrun for dataset_with_extra_from_classic_operator to 2024-11-05 00:00:00+00:00, run_after=2024-11-06 00:00:00+00:00
[2024-11-06T13:55:04.737+0000] {processor.py:208} INFO - Processing /home/airflow/.local/lib/python3.12/site-packages/airflow/example_dags/example_outlet_event_extra.py took 0.357 seconds
[2024-11-06T13:55:34.927+0000] {processor.py:186} INFO - Started process (PID=937) to work on /home/airflow/.local/lib/python3.12/site-packages/airflow/example_dags/example_outlet_event_extra.py
[2024-11-06T13:55:34.929+0000] {processor.py:914} INFO - Processing file /home/airflow/.local/lib/python3.12/site-packages/airflow/example_dags/example_outlet_event_extra.py for tasks to queue
[2024-11-06T13:55:34.933+0000] {logging_mixin.py:190} INFO - [2024-11-06T13:55:34.933+0000] {dagbag.py:587} INFO - Filling up the DagBag from /home/airflow/.local/lib/python3.12/site-packages/airflow/example_dags/example_outlet_event_extra.py
[2024-11-06T13:55:35.158+0000] {processor.py:925} INFO - DAG(s) 'dataset_with_extra_by_yield', 'dataset_with_extra_from_classic_operator', 'dataset_with_extra_by_context' retrieved from /home/airflow/.local/lib/python3.12/site-packages/airflow/example_dags/example_outlet_event_extra.py
[2024-11-06T13:55:35.202+0000] {logging_mixin.py:190} INFO - [2024-11-06T13:55:35.201+0000] {dag.py:3229} INFO - Sync 3 DAGs
[2024-11-06T13:55:35.240+0000] {logging_mixin.py:190} INFO - [2024-11-06T13:55:35.240+0000] {dag.py:4156} INFO - Setting next_dagrun for dataset_with_extra_by_context to 2024-11-05 00:00:00+00:00, run_after=2024-11-06 00:00:00+00:00
[2024-11-06T13:55:35.249+0000] {logging_mixin.py:190} INFO - [2024-11-06T13:55:35.249+0000] {dag.py:4156} INFO - Setting next_dagrun for dataset_with_extra_by_yield to 2024-11-05 00:00:00+00:00, run_after=2024-11-06 00:00:00+00:00
[2024-11-06T13:55:35.254+0000] {logging_mixin.py:190} INFO - [2024-11-06T13:55:35.254+0000] {dag.py:4156} INFO - Setting next_dagrun for dataset_with_extra_from_classic_operator to 2024-11-05 00:00:00+00:00, run_after=2024-11-06 00:00:00+00:00
[2024-11-06T13:55:35.293+0000] {processor.py:208} INFO - Processing /home/airflow/.local/lib/python3.12/site-packages/airflow/example_dags/example_outlet_event_extra.py took 0.373 seconds
[2024-11-06T13:56:05.375+0000] {processor.py:186} INFO - Started process (PID=1001) to work on /home/airflow/.local/lib/python3.12/site-packages/airflow/example_dags/example_outlet_event_extra.py
[2024-11-06T13:56:05.376+0000] {processor.py:914} INFO - Processing file /home/airflow/.local/lib/python3.12/site-packages/airflow/example_dags/example_outlet_event_extra.py for tasks to queue
[2024-11-06T13:56:05.381+0000] {logging_mixin.py:190} INFO - [2024-11-06T13:56:05.381+0000] {dagbag.py:587} INFO - Filling up the DagBag from /home/airflow/.local/lib/python3.12/site-packages/airflow/example_dags/example_outlet_event_extra.py
[2024-11-06T13:56:05.619+0000] {processor.py:925} INFO - DAG(s) 'dataset_with_extra_from_classic_operator', 'dataset_with_extra_by_context', 'dataset_with_extra_by_yield' retrieved from /home/airflow/.local/lib/python3.12/site-packages/airflow/example_dags/example_outlet_event_extra.py
[2024-11-06T13:56:05.658+0000] {logging_mixin.py:190} INFO - [2024-11-06T13:56:05.658+0000] {dag.py:3229} INFO - Sync 3 DAGs
[2024-11-06T13:56:05.694+0000] {logging_mixin.py:190} INFO - [2024-11-06T13:56:05.694+0000] {dag.py:4156} INFO - Setting next_dagrun for dataset_with_extra_by_context to 2024-11-05 00:00:00+00:00, run_after=2024-11-06 00:00:00+00:00
[2024-11-06T13:56:05.701+0000] {logging_mixin.py:190} INFO - [2024-11-06T13:56:05.701+0000] {dag.py:4156} INFO - Setting next_dagrun for dataset_with_extra_by_yield to 2024-11-05 00:00:00+00:00, run_after=2024-11-06 00:00:00+00:00
[2024-11-06T13:56:05.706+0000] {logging_mixin.py:190} INFO - [2024-11-06T13:56:05.705+0000] {dag.py:4156} INFO - Setting next_dagrun for dataset_with_extra_from_classic_operator to 2024-11-05 00:00:00+00:00, run_after=2024-11-06 00:00:00+00:00
[2024-11-06T13:56:05.739+0000] {processor.py:208} INFO - Processing /home/airflow/.local/lib/python3.12/site-packages/airflow/example_dags/example_outlet_event_extra.py took 0.373 seconds
[2024-11-06T13:56:35.964+0000] {processor.py:186} INFO - Started process (PID=1059) to work on /home/airflow/.local/lib/python3.12/site-packages/airflow/example_dags/example_outlet_event_extra.py
[2024-11-06T13:56:35.966+0000] {processor.py:914} INFO - Processing file /home/airflow/.local/lib/python3.12/site-packages/airflow/example_dags/example_outlet_event_extra.py for tasks to queue
[2024-11-06T13:56:35.969+0000] {logging_mixin.py:190} INFO - [2024-11-06T13:56:35.969+0000] {dagbag.py:587} INFO - Filling up the DagBag from /home/airflow/.local/lib/python3.12/site-packages/airflow/example_dags/example_outlet_event_extra.py
[2024-11-06T13:56:36.171+0000] {processor.py:925} INFO - DAG(s) 'dataset_with_extra_from_classic_operator', 'dataset_with_extra_by_context', 'dataset_with_extra_by_yield' retrieved from /home/airflow/.local/lib/python3.12/site-packages/airflow/example_dags/example_outlet_event_extra.py
[2024-11-06T13:56:36.209+0000] {logging_mixin.py:190} INFO - [2024-11-06T13:56:36.209+0000] {dag.py:3229} INFO - Sync 3 DAGs
[2024-11-06T13:56:36.247+0000] {logging_mixin.py:190} INFO - [2024-11-06T13:56:36.246+0000] {dag.py:4156} INFO - Setting next_dagrun for dataset_with_extra_by_context to 2024-11-05 00:00:00+00:00, run_after=2024-11-06 00:00:00+00:00
[2024-11-06T13:56:36.255+0000] {logging_mixin.py:190} INFO - [2024-11-06T13:56:36.255+0000] {dag.py:4156} INFO - Setting next_dagrun for dataset_with_extra_by_yield to 2024-11-05 00:00:00+00:00, run_after=2024-11-06 00:00:00+00:00
[2024-11-06T13:56:36.260+0000] {logging_mixin.py:190} INFO - [2024-11-06T13:56:36.260+0000] {dag.py:4156} INFO - Setting next_dagrun for dataset_with_extra_from_classic_operator to 2024-11-05 00:00:00+00:00, run_after=2024-11-06 00:00:00+00:00
[2024-11-06T13:56:36.314+0000] {processor.py:208} INFO - Processing /home/airflow/.local/lib/python3.12/site-packages/airflow/example_dags/example_outlet_event_extra.py took 0.357 seconds
[2024-11-06T13:57:06.421+0000] {processor.py:186} INFO - Started process (PID=1124) to work on /home/airflow/.local/lib/python3.12/site-packages/airflow/example_dags/example_outlet_event_extra.py
[2024-11-06T13:57:06.424+0000] {processor.py:914} INFO - Processing file /home/airflow/.local/lib/python3.12/site-packages/airflow/example_dags/example_outlet_event_extra.py for tasks to queue
[2024-11-06T13:57:06.429+0000] {logging_mixin.py:190} INFO - [2024-11-06T13:57:06.428+0000] {dagbag.py:587} INFO - Filling up the DagBag from /home/airflow/.local/lib/python3.12/site-packages/airflow/example_dags/example_outlet_event_extra.py
[2024-11-06T13:57:06.587+0000] {processor.py:925} INFO - DAG(s) 'dataset_with_extra_by_context', 'dataset_with_extra_by_yield', 'dataset_with_extra_from_classic_operator' retrieved from /home/airflow/.local/lib/python3.12/site-packages/airflow/example_dags/example_outlet_event_extra.py
[2024-11-06T13:57:06.618+0000] {logging_mixin.py:190} INFO - [2024-11-06T13:57:06.617+0000] {dag.py:3229} INFO - Sync 3 DAGs
[2024-11-06T13:57:06.646+0000] {logging_mixin.py:190} INFO - [2024-11-06T13:57:06.645+0000] {dag.py:4156} INFO - Setting next_dagrun for dataset_with_extra_by_context to 2024-11-05 00:00:00+00:00, run_after=2024-11-06 00:00:00+00:00
[2024-11-06T13:57:06.652+0000] {logging_mixin.py:190} INFO - [2024-11-06T13:57:06.651+0000] {dag.py:4156} INFO - Setting next_dagrun for dataset_with_extra_by_yield to 2024-11-05 00:00:00+00:00, run_after=2024-11-06 00:00:00+00:00
[2024-11-06T13:57:06.655+0000] {logging_mixin.py:190} INFO - [2024-11-06T13:57:06.655+0000] {dag.py:4156} INFO - Setting next_dagrun for dataset_with_extra_from_classic_operator to 2024-11-05 00:00:00+00:00, run_after=2024-11-06 00:00:00+00:00
[2024-11-06T13:57:06.682+0000] {processor.py:208} INFO - Processing /home/airflow/.local/lib/python3.12/site-packages/airflow/example_dags/example_outlet_event_extra.py took 0.267 seconds
[2024-11-06T13:57:38.432+0000] {processor.py:186} INFO - Started process (PID=1188) to work on /home/airflow/.local/lib/python3.12/site-packages/airflow/example_dags/example_outlet_event_extra.py
[2024-11-06T13:57:38.434+0000] {processor.py:914} INFO - Processing file /home/airflow/.local/lib/python3.12/site-packages/airflow/example_dags/example_outlet_event_extra.py for tasks to queue
[2024-11-06T13:57:38.438+0000] {logging_mixin.py:190} INFO - [2024-11-06T13:57:38.438+0000] {dagbag.py:587} INFO - Filling up the DagBag from /home/airflow/.local/lib/python3.12/site-packages/airflow/example_dags/example_outlet_event_extra.py
[2024-11-06T13:57:38.732+0000] {processor.py:925} INFO - DAG(s) 'dataset_with_extra_from_classic_operator', 'dataset_with_extra_by_yield', 'dataset_with_extra_by_context' retrieved from /home/airflow/.local/lib/python3.12/site-packages/airflow/example_dags/example_outlet_event_extra.py
[2024-11-06T13:57:38.770+0000] {logging_mixin.py:190} INFO - [2024-11-06T13:57:38.770+0000] {dag.py:3229} INFO - Sync 3 DAGs
[2024-11-06T13:57:39.130+0000] {logging_mixin.py:190} INFO - [2024-11-06T13:57:39.130+0000] {dag.py:4156} INFO - Setting next_dagrun for dataset_with_extra_by_context to 2024-11-05 00:00:00+00:00, run_after=2024-11-06 00:00:00+00:00
[2024-11-06T13:57:39.138+0000] {logging_mixin.py:190} INFO - [2024-11-06T13:57:39.138+0000] {dag.py:4156} INFO - Setting next_dagrun for dataset_with_extra_by_yield to 2024-11-05 00:00:00+00:00, run_after=2024-11-06 00:00:00+00:00
[2024-11-06T13:57:39.144+0000] {logging_mixin.py:190} INFO - [2024-11-06T13:57:39.143+0000] {dag.py:4156} INFO - Setting next_dagrun for dataset_with_extra_from_classic_operator to 2024-11-05 00:00:00+00:00, run_after=2024-11-06 00:00:00+00:00
[2024-11-06T13:57:39.202+0000] {processor.py:208} INFO - Processing /home/airflow/.local/lib/python3.12/site-packages/airflow/example_dags/example_outlet_event_extra.py took 0.777 seconds
[2024-11-06T13:58:10.027+0000] {processor.py:186} INFO - Started process (PID=1254) to work on /home/airflow/.local/lib/python3.12/site-packages/airflow/example_dags/example_outlet_event_extra.py
[2024-11-06T13:58:10.030+0000] {processor.py:914} INFO - Processing file /home/airflow/.local/lib/python3.12/site-packages/airflow/example_dags/example_outlet_event_extra.py for tasks to queue
[2024-11-06T13:58:10.035+0000] {logging_mixin.py:190} INFO - [2024-11-06T13:58:10.034+0000] {dagbag.py:587} INFO - Filling up the DagBag from /home/airflow/.local/lib/python3.12/site-packages/airflow/example_dags/example_outlet_event_extra.py
[2024-11-06T13:58:10.283+0000] {processor.py:925} INFO - DAG(s) 'dataset_with_extra_from_classic_operator', 'dataset_with_extra_by_context', 'dataset_with_extra_by_yield' retrieved from /home/airflow/.local/lib/python3.12/site-packages/airflow/example_dags/example_outlet_event_extra.py
[2024-11-06T13:58:10.331+0000] {logging_mixin.py:190} INFO - [2024-11-06T13:58:10.330+0000] {dag.py:3229} INFO - Sync 3 DAGs
[2024-11-06T13:58:10.615+0000] {logging_mixin.py:190} INFO - [2024-11-06T13:58:10.614+0000] {dag.py:4156} INFO - Setting next_dagrun for dataset_with_extra_by_context to 2024-11-05 00:00:00+00:00, run_after=2024-11-06 00:00:00+00:00
[2024-11-06T13:58:10.624+0000] {logging_mixin.py:190} INFO - [2024-11-06T13:58:10.624+0000] {dag.py:4156} INFO - Setting next_dagrun for dataset_with_extra_by_yield to 2024-11-05 00:00:00+00:00, run_after=2024-11-06 00:00:00+00:00
[2024-11-06T13:58:10.628+0000] {logging_mixin.py:190} INFO - [2024-11-06T13:58:10.628+0000] {dag.py:4156} INFO - Setting next_dagrun for dataset_with_extra_from_classic_operator to 2024-11-05 00:00:00+00:00, run_after=2024-11-06 00:00:00+00:00
[2024-11-06T13:58:10.662+0000] {processor.py:208} INFO - Processing /home/airflow/.local/lib/python3.12/site-packages/airflow/example_dags/example_outlet_event_extra.py took 0.650 seconds
[2024-11-06T13:58:40.918+0000] {processor.py:186} INFO - Started process (PID=1318) to work on /home/airflow/.local/lib/python3.12/site-packages/airflow/example_dags/example_outlet_event_extra.py
[2024-11-06T13:58:40.921+0000] {processor.py:914} INFO - Processing file /home/airflow/.local/lib/python3.12/site-packages/airflow/example_dags/example_outlet_event_extra.py for tasks to queue
[2024-11-06T13:58:40.927+0000] {logging_mixin.py:190} INFO - [2024-11-06T13:58:40.926+0000] {dagbag.py:587} INFO - Filling up the DagBag from /home/airflow/.local/lib/python3.12/site-packages/airflow/example_dags/example_outlet_event_extra.py
[2024-11-06T13:58:41.188+0000] {processor.py:925} INFO - DAG(s) 'dataset_with_extra_from_classic_operator', 'dataset_with_extra_by_context', 'dataset_with_extra_by_yield' retrieved from /home/airflow/.local/lib/python3.12/site-packages/airflow/example_dags/example_outlet_event_extra.py
[2024-11-06T13:58:41.229+0000] {logging_mixin.py:190} INFO - [2024-11-06T13:58:41.229+0000] {dag.py:3229} INFO - Sync 3 DAGs
[2024-11-06T13:58:41.264+0000] {logging_mixin.py:190} INFO - [2024-11-06T13:58:41.264+0000] {dag.py:4156} INFO - Setting next_dagrun for dataset_with_extra_by_context to 2024-11-05 00:00:00+00:00, run_after=2024-11-06 00:00:00+00:00
[2024-11-06T13:58:41.272+0000] {logging_mixin.py:190} INFO - [2024-11-06T13:58:41.271+0000] {dag.py:4156} INFO - Setting next_dagrun for dataset_with_extra_by_yield to 2024-11-05 00:00:00+00:00, run_after=2024-11-06 00:00:00+00:00
[2024-11-06T13:58:41.276+0000] {logging_mixin.py:190} INFO - [2024-11-06T13:58:41.276+0000] {dag.py:4156} INFO - Setting next_dagrun for dataset_with_extra_from_classic_operator to 2024-11-05 00:00:00+00:00, run_after=2024-11-06 00:00:00+00:00
[2024-11-06T13:58:41.311+0000] {processor.py:208} INFO - Processing /home/airflow/.local/lib/python3.12/site-packages/airflow/example_dags/example_outlet_event_extra.py took 0.406 seconds
[2024-11-06T13:59:11.580+0000] {processor.py:186} INFO - Started process (PID=1384) to work on /home/airflow/.local/lib/python3.12/site-packages/airflow/example_dags/example_outlet_event_extra.py
[2024-11-06T13:59:11.581+0000] {processor.py:914} INFO - Processing file /home/airflow/.local/lib/python3.12/site-packages/airflow/example_dags/example_outlet_event_extra.py for tasks to queue
[2024-11-06T13:59:11.584+0000] {logging_mixin.py:190} INFO - [2024-11-06T13:59:11.584+0000] {dagbag.py:587} INFO - Filling up the DagBag from /home/airflow/.local/lib/python3.12/site-packages/airflow/example_dags/example_outlet_event_extra.py
[2024-11-06T13:59:11.785+0000] {processor.py:925} INFO - DAG(s) 'dataset_with_extra_by_yield', 'dataset_with_extra_from_classic_operator', 'dataset_with_extra_by_context' retrieved from /home/airflow/.local/lib/python3.12/site-packages/airflow/example_dags/example_outlet_event_extra.py
[2024-11-06T13:59:12.037+0000] {logging_mixin.py:190} INFO - [2024-11-06T13:59:12.036+0000] {dag.py:3229} INFO - Sync 3 DAGs
[2024-11-06T13:59:12.070+0000] {logging_mixin.py:190} INFO - [2024-11-06T13:59:12.070+0000] {dag.py:4156} INFO - Setting next_dagrun for dataset_with_extra_by_context to 2024-11-05 00:00:00+00:00, run_after=2024-11-06 00:00:00+00:00
[2024-11-06T13:59:12.078+0000] {logging_mixin.py:190} INFO - [2024-11-06T13:59:12.078+0000] {dag.py:4156} INFO - Setting next_dagrun for dataset_with_extra_by_yield to 2024-11-05 00:00:00+00:00, run_after=2024-11-06 00:00:00+00:00
[2024-11-06T13:59:12.083+0000] {logging_mixin.py:190} INFO - [2024-11-06T13:59:12.083+0000] {dag.py:4156} INFO - Setting next_dagrun for dataset_with_extra_from_classic_operator to 2024-11-05 00:00:00+00:00, run_after=2024-11-06 00:00:00+00:00
[2024-11-06T13:59:12.137+0000] {processor.py:208} INFO - Processing /home/airflow/.local/lib/python3.12/site-packages/airflow/example_dags/example_outlet_event_extra.py took 0.564 seconds
[2024-11-06T13:59:42.636+0000] {processor.py:186} INFO - Started process (PID=1450) to work on /home/airflow/.local/lib/python3.12/site-packages/airflow/example_dags/example_outlet_event_extra.py
[2024-11-06T13:59:42.638+0000] {processor.py:914} INFO - Processing file /home/airflow/.local/lib/python3.12/site-packages/airflow/example_dags/example_outlet_event_extra.py for tasks to queue
[2024-11-06T13:59:42.641+0000] {logging_mixin.py:190} INFO - [2024-11-06T13:59:42.641+0000] {dagbag.py:587} INFO - Filling up the DagBag from /home/airflow/.local/lib/python3.12/site-packages/airflow/example_dags/example_outlet_event_extra.py
[2024-11-06T13:59:42.855+0000] {processor.py:925} INFO - DAG(s) 'dataset_with_extra_from_classic_operator', 'dataset_with_extra_by_yield', 'dataset_with_extra_by_context' retrieved from /home/airflow/.local/lib/python3.12/site-packages/airflow/example_dags/example_outlet_event_extra.py
[2024-11-06T13:59:43.120+0000] {logging_mixin.py:190} INFO - [2024-11-06T13:59:43.120+0000] {dag.py:3229} INFO - Sync 3 DAGs
[2024-11-06T13:59:43.155+0000] {logging_mixin.py:190} INFO - [2024-11-06T13:59:43.155+0000] {dag.py:4156} INFO - Setting next_dagrun for dataset_with_extra_by_context to 2024-11-05 00:00:00+00:00, run_after=2024-11-06 00:00:00+00:00
[2024-11-06T13:59:43.163+0000] {logging_mixin.py:190} INFO - [2024-11-06T13:59:43.163+0000] {dag.py:4156} INFO - Setting next_dagrun for dataset_with_extra_by_yield to 2024-11-05 00:00:00+00:00, run_after=2024-11-06 00:00:00+00:00
[2024-11-06T13:59:43.167+0000] {logging_mixin.py:190} INFO - [2024-11-06T13:59:43.167+0000] {dag.py:4156} INFO - Setting next_dagrun for dataset_with_extra_from_classic_operator to 2024-11-05 00:00:00+00:00, run_after=2024-11-06 00:00:00+00:00
[2024-11-06T13:59:43.200+0000] {processor.py:208} INFO - Processing /home/airflow/.local/lib/python3.12/site-packages/airflow/example_dags/example_outlet_event_extra.py took 0.571 seconds
[2024-11-06T14:01:14.106+0000] {processor.py:186} INFO - Started process (PID=58) to work on /home/airflow/.local/lib/python3.12/site-packages/airflow/example_dags/example_outlet_event_extra.py
[2024-11-06T14:01:14.108+0000] {processor.py:914} INFO - Processing file /home/airflow/.local/lib/python3.12/site-packages/airflow/example_dags/example_outlet_event_extra.py for tasks to queue
[2024-11-06T14:01:14.112+0000] {logging_mixin.py:190} INFO - [2024-11-06T14:01:14.112+0000] {dagbag.py:587} INFO - Filling up the DagBag from /home/airflow/.local/lib/python3.12/site-packages/airflow/example_dags/example_outlet_event_extra.py
[2024-11-06T14:01:14.307+0000] {processor.py:925} INFO - DAG(s) 'dataset_with_extra_by_yield', 'dataset_with_extra_from_classic_operator', 'dataset_with_extra_by_context' retrieved from /home/airflow/.local/lib/python3.12/site-packages/airflow/example_dags/example_outlet_event_extra.py
[2024-11-06T14:01:14.356+0000] {logging_mixin.py:190} INFO - [2024-11-06T14:01:14.355+0000] {dag.py:3229} INFO - Sync 3 DAGs
[2024-11-06T14:01:14.390+0000] {logging_mixin.py:190} INFO - [2024-11-06T14:01:14.390+0000] {dag.py:4156} INFO - Setting next_dagrun for dataset_with_extra_by_context to 2024-11-05 00:00:00+00:00, run_after=2024-11-06 00:00:00+00:00
[2024-11-06T14:01:14.398+0000] {logging_mixin.py:190} INFO - [2024-11-06T14:01:14.397+0000] {dag.py:4156} INFO - Setting next_dagrun for dataset_with_extra_by_yield to 2024-11-05 00:00:00+00:00, run_after=2024-11-06 00:00:00+00:00
[2024-11-06T14:01:14.402+0000] {logging_mixin.py:190} INFO - [2024-11-06T14:01:14.401+0000] {dag.py:4156} INFO - Setting next_dagrun for dataset_with_extra_from_classic_operator to 2024-11-05 00:00:00+00:00, run_after=2024-11-06 00:00:00+00:00
[2024-11-06T14:01:14.435+0000] {processor.py:208} INFO - Processing /home/airflow/.local/lib/python3.12/site-packages/airflow/example_dags/example_outlet_event_extra.py took 0.335 seconds
[2024-11-06T14:01:45.044+0000] {processor.py:186} INFO - Started process (PID=122) to work on /home/airflow/.local/lib/python3.12/site-packages/airflow/example_dags/example_outlet_event_extra.py
[2024-11-06T14:01:45.046+0000] {processor.py:914} INFO - Processing file /home/airflow/.local/lib/python3.12/site-packages/airflow/example_dags/example_outlet_event_extra.py for tasks to queue
[2024-11-06T14:01:45.050+0000] {logging_mixin.py:190} INFO - [2024-11-06T14:01:45.049+0000] {dagbag.py:587} INFO - Filling up the DagBag from /home/airflow/.local/lib/python3.12/site-packages/airflow/example_dags/example_outlet_event_extra.py
[2024-11-06T14:01:45.272+0000] {processor.py:925} INFO - DAG(s) 'dataset_with_extra_from_classic_operator', 'dataset_with_extra_by_yield', 'dataset_with_extra_by_context' retrieved from /home/airflow/.local/lib/python3.12/site-packages/airflow/example_dags/example_outlet_event_extra.py
[2024-11-06T14:01:45.315+0000] {logging_mixin.py:190} INFO - [2024-11-06T14:01:45.314+0000] {dag.py:3229} INFO - Sync 3 DAGs
[2024-11-06T14:01:45.353+0000] {logging_mixin.py:190} INFO - [2024-11-06T14:01:45.353+0000] {dag.py:4156} INFO - Setting next_dagrun for dataset_with_extra_by_context to 2024-11-05 00:00:00+00:00, run_after=2024-11-06 00:00:00+00:00
[2024-11-06T14:01:45.360+0000] {logging_mixin.py:190} INFO - [2024-11-06T14:01:45.360+0000] {dag.py:4156} INFO - Setting next_dagrun for dataset_with_extra_by_yield to 2024-11-05 00:00:00+00:00, run_after=2024-11-06 00:00:00+00:00
[2024-11-06T14:01:45.368+0000] {logging_mixin.py:190} INFO - [2024-11-06T14:01:45.367+0000] {dag.py:4156} INFO - Setting next_dagrun for dataset_with_extra_from_classic_operator to 2024-11-05 00:00:00+00:00, run_after=2024-11-06 00:00:00+00:00
[2024-11-06T14:01:45.404+0000] {processor.py:208} INFO - Processing /home/airflow/.local/lib/python3.12/site-packages/airflow/example_dags/example_outlet_event_extra.py took 0.368 seconds
[2024-11-06T14:02:15.680+0000] {processor.py:186} INFO - Started process (PID=187) to work on /home/airflow/.local/lib/python3.12/site-packages/airflow/example_dags/example_outlet_event_extra.py
[2024-11-06T14:02:15.682+0000] {processor.py:914} INFO - Processing file /home/airflow/.local/lib/python3.12/site-packages/airflow/example_dags/example_outlet_event_extra.py for tasks to queue
[2024-11-06T14:02:15.686+0000] {logging_mixin.py:190} INFO - [2024-11-06T14:02:15.686+0000] {dagbag.py:587} INFO - Filling up the DagBag from /home/airflow/.local/lib/python3.12/site-packages/airflow/example_dags/example_outlet_event_extra.py
[2024-11-06T14:02:15.914+0000] {processor.py:925} INFO - DAG(s) 'dataset_with_extra_by_yield', 'dataset_with_extra_by_context', 'dataset_with_extra_from_classic_operator' retrieved from /home/airflow/.local/lib/python3.12/site-packages/airflow/example_dags/example_outlet_event_extra.py
[2024-11-06T14:02:15.952+0000] {logging_mixin.py:190} INFO - [2024-11-06T14:02:15.951+0000] {dag.py:3229} INFO - Sync 3 DAGs
[2024-11-06T14:02:15.988+0000] {logging_mixin.py:190} INFO - [2024-11-06T14:02:15.988+0000] {dag.py:4156} INFO - Setting next_dagrun for dataset_with_extra_by_context to 2024-11-05 00:00:00+00:00, run_after=2024-11-06 00:00:00+00:00
[2024-11-06T14:02:15.996+0000] {logging_mixin.py:190} INFO - [2024-11-06T14:02:15.996+0000] {dag.py:4156} INFO - Setting next_dagrun for dataset_with_extra_by_yield to 2024-11-05 00:00:00+00:00, run_after=2024-11-06 00:00:00+00:00
[2024-11-06T14:02:16.002+0000] {logging_mixin.py:190} INFO - [2024-11-06T14:02:16.001+0000] {dag.py:4156} INFO - Setting next_dagrun for dataset_with_extra_from_classic_operator to 2024-11-05 00:00:00+00:00, run_after=2024-11-06 00:00:00+00:00
[2024-11-06T14:02:16.041+0000] {processor.py:208} INFO - Processing /home/airflow/.local/lib/python3.12/site-packages/airflow/example_dags/example_outlet_event_extra.py took 0.368 seconds
[2024-11-06T14:02:46.282+0000] {processor.py:186} INFO - Started process (PID=250) to work on /home/airflow/.local/lib/python3.12/site-packages/airflow/example_dags/example_outlet_event_extra.py
[2024-11-06T14:02:46.283+0000] {processor.py:914} INFO - Processing file /home/airflow/.local/lib/python3.12/site-packages/airflow/example_dags/example_outlet_event_extra.py for tasks to queue
[2024-11-06T14:02:46.286+0000] {logging_mixin.py:190} INFO - [2024-11-06T14:02:46.286+0000] {dagbag.py:587} INFO - Filling up the DagBag from /home/airflow/.local/lib/python3.12/site-packages/airflow/example_dags/example_outlet_event_extra.py
[2024-11-06T14:02:46.452+0000] {processor.py:925} INFO - DAG(s) 'dataset_with_extra_from_classic_operator', 'dataset_with_extra_by_yield', 'dataset_with_extra_by_context' retrieved from /home/airflow/.local/lib/python3.12/site-packages/airflow/example_dags/example_outlet_event_extra.py
[2024-11-06T14:02:46.495+0000] {logging_mixin.py:190} INFO - [2024-11-06T14:02:46.492+0000] {dag.py:3229} INFO - Sync 3 DAGs
[2024-11-06T14:02:46.537+0000] {logging_mixin.py:190} INFO - [2024-11-06T14:02:46.537+0000] {dag.py:4156} INFO - Setting next_dagrun for dataset_with_extra_by_context to 2024-11-05 00:00:00+00:00, run_after=2024-11-06 00:00:00+00:00
[2024-11-06T14:02:46.543+0000] {logging_mixin.py:190} INFO - [2024-11-06T14:02:46.543+0000] {dag.py:4156} INFO - Setting next_dagrun for dataset_with_extra_by_yield to 2024-11-05 00:00:00+00:00, run_after=2024-11-06 00:00:00+00:00
[2024-11-06T14:02:46.547+0000] {logging_mixin.py:190} INFO - [2024-11-06T14:02:46.547+0000] {dag.py:4156} INFO - Setting next_dagrun for dataset_with_extra_from_classic_operator to 2024-11-05 00:00:00+00:00, run_after=2024-11-06 00:00:00+00:00
[2024-11-06T14:02:46.574+0000] {processor.py:208} INFO - Processing /home/airflow/.local/lib/python3.12/site-packages/airflow/example_dags/example_outlet_event_extra.py took 0.299 seconds
[2024-11-06T14:03:17.429+0000] {processor.py:186} INFO - Started process (PID=314) to work on /home/airflow/.local/lib/python3.12/site-packages/airflow/example_dags/example_outlet_event_extra.py
[2024-11-06T14:03:17.430+0000] {processor.py:914} INFO - Processing file /home/airflow/.local/lib/python3.12/site-packages/airflow/example_dags/example_outlet_event_extra.py for tasks to queue
[2024-11-06T14:03:17.434+0000] {logging_mixin.py:190} INFO - [2024-11-06T14:03:17.434+0000] {dagbag.py:587} INFO - Filling up the DagBag from /home/airflow/.local/lib/python3.12/site-packages/airflow/example_dags/example_outlet_event_extra.py
[2024-11-06T14:03:17.631+0000] {processor.py:925} INFO - DAG(s) 'dataset_with_extra_by_yield', 'dataset_with_extra_from_classic_operator', 'dataset_with_extra_by_context' retrieved from /home/airflow/.local/lib/python3.12/site-packages/airflow/example_dags/example_outlet_event_extra.py
[2024-11-06T14:03:17.668+0000] {logging_mixin.py:190} INFO - [2024-11-06T14:03:17.667+0000] {dag.py:3229} INFO - Sync 3 DAGs
[2024-11-06T14:03:17.712+0000] {logging_mixin.py:190} INFO - [2024-11-06T14:03:17.712+0000] {dag.py:4156} INFO - Setting next_dagrun for dataset_with_extra_by_context to 2024-11-05 00:00:00+00:00, run_after=2024-11-06 00:00:00+00:00
[2024-11-06T14:03:17.722+0000] {logging_mixin.py:190} INFO - [2024-11-06T14:03:17.721+0000] {dag.py:4156} INFO - Setting next_dagrun for dataset_with_extra_by_yield to 2024-11-05 00:00:00+00:00, run_after=2024-11-06 00:00:00+00:00
[2024-11-06T14:03:17.726+0000] {logging_mixin.py:190} INFO - [2024-11-06T14:03:17.726+0000] {dag.py:4156} INFO - Setting next_dagrun for dataset_with_extra_from_classic_operator to 2024-11-05 00:00:00+00:00, run_after=2024-11-06 00:00:00+00:00
[2024-11-06T14:03:17.760+0000] {processor.py:208} INFO - Processing /home/airflow/.local/lib/python3.12/site-packages/airflow/example_dags/example_outlet_event_extra.py took 0.338 seconds
[2024-11-06T14:03:49.000+0000] {processor.py:186} INFO - Started process (PID=377) to work on /home/airflow/.local/lib/python3.12/site-packages/airflow/example_dags/example_outlet_event_extra.py
[2024-11-06T14:03:49.002+0000] {processor.py:914} INFO - Processing file /home/airflow/.local/lib/python3.12/site-packages/airflow/example_dags/example_outlet_event_extra.py for tasks to queue
[2024-11-06T14:03:49.005+0000] {logging_mixin.py:190} INFO - [2024-11-06T14:03:49.005+0000] {dagbag.py:587} INFO - Filling up the DagBag from /home/airflow/.local/lib/python3.12/site-packages/airflow/example_dags/example_outlet_event_extra.py
[2024-11-06T14:03:49.212+0000] {processor.py:925} INFO - DAG(s) 'dataset_with_extra_by_yield', 'dataset_with_extra_from_classic_operator', 'dataset_with_extra_by_context' retrieved from /home/airflow/.local/lib/python3.12/site-packages/airflow/example_dags/example_outlet_event_extra.py
[2024-11-06T14:03:49.251+0000] {logging_mixin.py:190} INFO - [2024-11-06T14:03:49.251+0000] {dag.py:3229} INFO - Sync 3 DAGs
[2024-11-06T14:03:49.288+0000] {logging_mixin.py:190} INFO - [2024-11-06T14:03:49.287+0000] {dag.py:4156} INFO - Setting next_dagrun for dataset_with_extra_by_context to 2024-11-05 00:00:00+00:00, run_after=2024-11-06 00:00:00+00:00
[2024-11-06T14:03:49.296+0000] {logging_mixin.py:190} INFO - [2024-11-06T14:03:49.295+0000] {dag.py:4156} INFO - Setting next_dagrun for dataset_with_extra_by_yield to 2024-11-05 00:00:00+00:00, run_after=2024-11-06 00:00:00+00:00
[2024-11-06T14:03:49.300+0000] {logging_mixin.py:190} INFO - [2024-11-06T14:03:49.299+0000] {dag.py:4156} INFO - Setting next_dagrun for dataset_with_extra_from_classic_operator to 2024-11-05 00:00:00+00:00, run_after=2024-11-06 00:00:00+00:00
[2024-11-06T14:03:49.333+0000] {processor.py:208} INFO - Processing /home/airflow/.local/lib/python3.12/site-packages/airflow/example_dags/example_outlet_event_extra.py took 0.340 seconds
