[2024-11-06T13:48:44.214+0000] {processor.py:186} INFO - Started process (PID=63) to work on /home/airflow/.local/lib/python3.12/site-packages/airflow/example_dags/example_datasets.py
[2024-11-06T13:48:44.217+0000] {processor.py:914} INFO - Processing file /home/airflow/.local/lib/python3.12/site-packages/airflow/example_dags/example_datasets.py for tasks to queue
[2024-11-06T13:48:44.223+0000] {logging_mixin.py:190} INFO - [2024-11-06T13:48:44.222+0000] {dagbag.py:587} INFO - Filling up the DagBag from /home/airflow/.local/lib/python3.12/site-packages/airflow/example_dags/example_datasets.py
[2024-11-06T13:48:46.637+0000] {processor.py:925} INFO - DAG(s) 'conditional_dataset_and_time_based_timetable', 'dataset_consumes_1', 'dataset_consumes_unknown_never_scheduled', 'dataset_consumes_1_never_scheduled', 'dataset_produces_1', 'consume_1_or_2_with_dataset_expressions', 'dataset_produces_2', 'consume_1_or_both_2_and_3_with_dataset_expressions', 'consume_1_and_2_with_dataset_expressions', 'dataset_consumes_1_and_2' retrieved from /home/airflow/.local/lib/python3.12/site-packages/airflow/example_dags/example_datasets.py
[2024-11-06T13:48:47.352+0000] {logging_mixin.py:190} INFO - [2024-11-06T13:48:47.350+0000] {dag.py:3229} INFO - Sync 10 DAGs
[2024-11-06T13:48:47.956+0000] {logging_mixin.py:190} INFO - [2024-11-06T13:48:47.955+0000] {dag.py:4156} INFO - Setting next_dagrun for conditional_dataset_and_time_based_timetable to 2024-11-06 01:00:00+00:00, run_after=2024-11-06 01:00:00+00:00
[2024-11-06T13:48:47.985+0000] {logging_mixin.py:190} INFO - [2024-11-06T13:48:47.985+0000] {dag.py:4156} INFO - Setting next_dagrun for consume_1_and_2_with_dataset_expressions to None, run_after=None
[2024-11-06T13:48:47.990+0000] {logging_mixin.py:190} INFO - [2024-11-06T13:48:47.990+0000] {dag.py:4156} INFO - Setting next_dagrun for consume_1_or_2_with_dataset_expressions to None, run_after=None
[2024-11-06T13:48:48.005+0000] {logging_mixin.py:190} INFO - [2024-11-06T13:48:48.004+0000] {dag.py:4156} INFO - Setting next_dagrun for consume_1_or_both_2_and_3_with_dataset_expressions to None, run_after=None
[2024-11-06T13:48:48.019+0000] {logging_mixin.py:190} INFO - [2024-11-06T13:48:48.018+0000] {dag.py:4156} INFO - Setting next_dagrun for dataset_consumes_1 to None, run_after=None
[2024-11-06T13:48:48.024+0000] {logging_mixin.py:190} INFO - [2024-11-06T13:48:48.024+0000] {dag.py:4156} INFO - Setting next_dagrun for dataset_consumes_1_and_2 to None, run_after=None
[2024-11-06T13:48:48.028+0000] {logging_mixin.py:190} INFO - [2024-11-06T13:48:48.027+0000] {dag.py:4156} INFO - Setting next_dagrun for dataset_consumes_1_never_scheduled to None, run_after=None
[2024-11-06T13:48:48.035+0000] {logging_mixin.py:190} INFO - [2024-11-06T13:48:48.034+0000] {dag.py:4156} INFO - Setting next_dagrun for dataset_consumes_unknown_never_scheduled to None, run_after=None
[2024-11-06T13:48:48.044+0000] {logging_mixin.py:190} INFO - [2024-11-06T13:48:48.044+0000] {dag.py:4156} INFO - Setting next_dagrun for dataset_produces_1 to 2024-11-05 00:00:00+00:00, run_after=2024-11-06 00:00:00+00:00
[2024-11-06T13:48:48.059+0000] {logging_mixin.py:190} INFO - [2024-11-06T13:48:48.058+0000] {dag.py:4156} INFO - Setting next_dagrun for dataset_produces_2 to None, run_after=None
[2024-11-06T13:48:48.283+0000] {processor.py:208} INFO - Processing /home/airflow/.local/lib/python3.12/site-packages/airflow/example_dags/example_datasets.py took 4.077 seconds
[2024-11-06T13:49:19.086+0000] {processor.py:186} INFO - Started process (PID=131) to work on /home/airflow/.local/lib/python3.12/site-packages/airflow/example_dags/example_datasets.py
[2024-11-06T13:49:19.094+0000] {processor.py:914} INFO - Processing file /home/airflow/.local/lib/python3.12/site-packages/airflow/example_dags/example_datasets.py for tasks to queue
[2024-11-06T13:49:19.103+0000] {logging_mixin.py:190} INFO - [2024-11-06T13:49:19.103+0000] {dagbag.py:587} INFO - Filling up the DagBag from /home/airflow/.local/lib/python3.12/site-packages/airflow/example_dags/example_datasets.py
[2024-11-06T13:49:19.711+0000] {processor.py:925} INFO - DAG(s) 'dataset_consumes_1_never_scheduled', 'dataset_consumes_1_and_2', 'dataset_consumes_1', 'consume_1_or_2_with_dataset_expressions', 'consume_1_and_2_with_dataset_expressions', 'dataset_produces_1', 'consume_1_or_both_2_and_3_with_dataset_expressions', 'dataset_produces_2', 'conditional_dataset_and_time_based_timetable', 'dataset_consumes_unknown_never_scheduled' retrieved from /home/airflow/.local/lib/python3.12/site-packages/airflow/example_dags/example_datasets.py
[2024-11-06T13:49:19.789+0000] {logging_mixin.py:190} INFO - [2024-11-06T13:49:19.789+0000] {dag.py:3229} INFO - Sync 10 DAGs
[2024-11-06T13:49:19.839+0000] {logging_mixin.py:190} INFO - [2024-11-06T13:49:19.839+0000] {dag.py:4156} INFO - Setting next_dagrun for conditional_dataset_and_time_based_timetable to 2024-11-06 01:00:00+00:00, run_after=2024-11-06 01:00:00+00:00
[2024-11-06T13:49:19.846+0000] {logging_mixin.py:190} INFO - [2024-11-06T13:49:19.846+0000] {dag.py:4156} INFO - Setting next_dagrun for consume_1_and_2_with_dataset_expressions to None, run_after=None
[2024-11-06T13:49:19.849+0000] {logging_mixin.py:190} INFO - [2024-11-06T13:49:19.848+0000] {dag.py:4156} INFO - Setting next_dagrun for consume_1_or_2_with_dataset_expressions to None, run_after=None
[2024-11-06T13:49:19.852+0000] {logging_mixin.py:190} INFO - [2024-11-06T13:49:19.852+0000] {dag.py:4156} INFO - Setting next_dagrun for consume_1_or_both_2_and_3_with_dataset_expressions to None, run_after=None
[2024-11-06T13:49:19.854+0000] {logging_mixin.py:190} INFO - [2024-11-06T13:49:19.854+0000] {dag.py:4156} INFO - Setting next_dagrun for dataset_consumes_1 to None, run_after=None
[2024-11-06T13:49:19.857+0000] {logging_mixin.py:190} INFO - [2024-11-06T13:49:19.857+0000] {dag.py:4156} INFO - Setting next_dagrun for dataset_consumes_1_and_2 to None, run_after=None
[2024-11-06T13:49:19.860+0000] {logging_mixin.py:190} INFO - [2024-11-06T13:49:19.859+0000] {dag.py:4156} INFO - Setting next_dagrun for dataset_consumes_1_never_scheduled to None, run_after=None
[2024-11-06T13:49:19.864+0000] {logging_mixin.py:190} INFO - [2024-11-06T13:49:19.864+0000] {dag.py:4156} INFO - Setting next_dagrun for dataset_consumes_unknown_never_scheduled to None, run_after=None
[2024-11-06T13:49:19.868+0000] {logging_mixin.py:190} INFO - [2024-11-06T13:49:19.868+0000] {dag.py:4156} INFO - Setting next_dagrun for dataset_produces_1 to 2024-11-05 00:00:00+00:00, run_after=2024-11-06 00:00:00+00:00
[2024-11-06T13:49:19.870+0000] {logging_mixin.py:190} INFO - [2024-11-06T13:49:19.870+0000] {dag.py:4156} INFO - Setting next_dagrun for dataset_produces_2 to None, run_after=None
[2024-11-06T13:49:19.936+0000] {processor.py:208} INFO - Processing /home/airflow/.local/lib/python3.12/site-packages/airflow/example_dags/example_datasets.py took 0.856 seconds
[2024-11-06T13:49:50.134+0000] {processor.py:186} INFO - Started process (PID=195) to work on /home/airflow/.local/lib/python3.12/site-packages/airflow/example_dags/example_datasets.py
[2024-11-06T13:49:50.135+0000] {processor.py:914} INFO - Processing file /home/airflow/.local/lib/python3.12/site-packages/airflow/example_dags/example_datasets.py for tasks to queue
[2024-11-06T13:49:50.139+0000] {logging_mixin.py:190} INFO - [2024-11-06T13:49:50.139+0000] {dagbag.py:587} INFO - Filling up the DagBag from /home/airflow/.local/lib/python3.12/site-packages/airflow/example_dags/example_datasets.py
[2024-11-06T13:49:50.384+0000] {processor.py:925} INFO - DAG(s) 'dataset_consumes_1', 'dataset_produces_1', 'dataset_consumes_1_never_scheduled', 'dataset_produces_2', 'dataset_consumes_1_and_2', 'conditional_dataset_and_time_based_timetable', 'consume_1_or_2_with_dataset_expressions', 'consume_1_or_both_2_and_3_with_dataset_expressions', 'consume_1_and_2_with_dataset_expressions', 'dataset_consumes_unknown_never_scheduled' retrieved from /home/airflow/.local/lib/python3.12/site-packages/airflow/example_dags/example_datasets.py
[2024-11-06T13:49:50.459+0000] {logging_mixin.py:190} INFO - [2024-11-06T13:49:50.459+0000] {dag.py:3229} INFO - Sync 10 DAGs
[2024-11-06T13:49:50.499+0000] {logging_mixin.py:190} INFO - [2024-11-06T13:49:50.498+0000] {dag.py:4156} INFO - Setting next_dagrun for conditional_dataset_and_time_based_timetable to 2024-11-06 01:00:00+00:00, run_after=2024-11-06 01:00:00+00:00
[2024-11-06T13:49:50.504+0000] {logging_mixin.py:190} INFO - [2024-11-06T13:49:50.504+0000] {dag.py:4156} INFO - Setting next_dagrun for consume_1_and_2_with_dataset_expressions to None, run_after=None
[2024-11-06T13:49:50.507+0000] {logging_mixin.py:190} INFO - [2024-11-06T13:49:50.507+0000] {dag.py:4156} INFO - Setting next_dagrun for consume_1_or_2_with_dataset_expressions to None, run_after=None
[2024-11-06T13:49:50.510+0000] {logging_mixin.py:190} INFO - [2024-11-06T13:49:50.510+0000] {dag.py:4156} INFO - Setting next_dagrun for consume_1_or_both_2_and_3_with_dataset_expressions to None, run_after=None
[2024-11-06T13:49:50.513+0000] {logging_mixin.py:190} INFO - [2024-11-06T13:49:50.512+0000] {dag.py:4156} INFO - Setting next_dagrun for dataset_consumes_1 to None, run_after=None
[2024-11-06T13:49:50.516+0000] {logging_mixin.py:190} INFO - [2024-11-06T13:49:50.515+0000] {dag.py:4156} INFO - Setting next_dagrun for dataset_consumes_1_and_2 to None, run_after=None
[2024-11-06T13:49:50.518+0000] {logging_mixin.py:190} INFO - [2024-11-06T13:49:50.518+0000] {dag.py:4156} INFO - Setting next_dagrun for dataset_consumes_1_never_scheduled to None, run_after=None
[2024-11-06T13:49:50.521+0000] {logging_mixin.py:190} INFO - [2024-11-06T13:49:50.521+0000] {dag.py:4156} INFO - Setting next_dagrun for dataset_consumes_unknown_never_scheduled to None, run_after=None
[2024-11-06T13:49:50.527+0000] {logging_mixin.py:190} INFO - [2024-11-06T13:49:50.526+0000] {dag.py:4156} INFO - Setting next_dagrun for dataset_produces_1 to 2024-11-05 00:00:00+00:00, run_after=2024-11-06 00:00:00+00:00
[2024-11-06T13:49:50.530+0000] {logging_mixin.py:190} INFO - [2024-11-06T13:49:50.529+0000] {dag.py:4156} INFO - Setting next_dagrun for dataset_produces_2 to None, run_after=None
[2024-11-06T13:49:50.596+0000] {processor.py:208} INFO - Processing /home/airflow/.local/lib/python3.12/site-packages/airflow/example_dags/example_datasets.py took 0.471 seconds
[2024-11-06T13:50:21.155+0000] {processor.py:186} INFO - Started process (PID=267) to work on /home/airflow/.local/lib/python3.12/site-packages/airflow/example_dags/example_datasets.py
[2024-11-06T13:50:21.157+0000] {processor.py:914} INFO - Processing file /home/airflow/.local/lib/python3.12/site-packages/airflow/example_dags/example_datasets.py for tasks to queue
[2024-11-06T13:50:21.162+0000] {logging_mixin.py:190} INFO - [2024-11-06T13:50:21.162+0000] {dagbag.py:587} INFO - Filling up the DagBag from /home/airflow/.local/lib/python3.12/site-packages/airflow/example_dags/example_datasets.py
[2024-11-06T13:50:21.406+0000] {processor.py:925} INFO - DAG(s) 'dataset_produces_1', 'dataset_consumes_unknown_never_scheduled', 'consume_1_or_2_with_dataset_expressions', 'dataset_produces_2', 'conditional_dataset_and_time_based_timetable', 'dataset_consumes_1_never_scheduled', 'consume_1_or_both_2_and_3_with_dataset_expressions', 'dataset_consumes_1_and_2', 'consume_1_and_2_with_dataset_expressions', 'dataset_consumes_1' retrieved from /home/airflow/.local/lib/python3.12/site-packages/airflow/example_dags/example_datasets.py
[2024-11-06T13:50:21.481+0000] {logging_mixin.py:190} INFO - [2024-11-06T13:50:21.481+0000] {dag.py:3229} INFO - Sync 10 DAGs
[2024-11-06T13:50:21.526+0000] {logging_mixin.py:190} INFO - [2024-11-06T13:50:21.525+0000] {dag.py:4156} INFO - Setting next_dagrun for conditional_dataset_and_time_based_timetable to 2024-11-06 01:00:00+00:00, run_after=2024-11-06 01:00:00+00:00
[2024-11-06T13:50:21.532+0000] {logging_mixin.py:190} INFO - [2024-11-06T13:50:21.531+0000] {dag.py:4156} INFO - Setting next_dagrun for consume_1_and_2_with_dataset_expressions to None, run_after=None
[2024-11-06T13:50:21.535+0000] {logging_mixin.py:190} INFO - [2024-11-06T13:50:21.535+0000] {dag.py:4156} INFO - Setting next_dagrun for consume_1_or_2_with_dataset_expressions to None, run_after=None
[2024-11-06T13:50:21.538+0000] {logging_mixin.py:190} INFO - [2024-11-06T13:50:21.537+0000] {dag.py:4156} INFO - Setting next_dagrun for consume_1_or_both_2_and_3_with_dataset_expressions to None, run_after=None
[2024-11-06T13:50:21.541+0000] {logging_mixin.py:190} INFO - [2024-11-06T13:50:21.540+0000] {dag.py:4156} INFO - Setting next_dagrun for dataset_consumes_1 to None, run_after=None
[2024-11-06T13:50:21.544+0000] {logging_mixin.py:190} INFO - [2024-11-06T13:50:21.543+0000] {dag.py:4156} INFO - Setting next_dagrun for dataset_consumes_1_and_2 to None, run_after=None
[2024-11-06T13:50:21.547+0000] {logging_mixin.py:190} INFO - [2024-11-06T13:50:21.546+0000] {dag.py:4156} INFO - Setting next_dagrun for dataset_consumes_1_never_scheduled to None, run_after=None
[2024-11-06T13:50:21.549+0000] {logging_mixin.py:190} INFO - [2024-11-06T13:50:21.549+0000] {dag.py:4156} INFO - Setting next_dagrun for dataset_consumes_unknown_never_scheduled to None, run_after=None
[2024-11-06T13:50:21.554+0000] {logging_mixin.py:190} INFO - [2024-11-06T13:50:21.553+0000] {dag.py:4156} INFO - Setting next_dagrun for dataset_produces_1 to 2024-11-05 00:00:00+00:00, run_after=2024-11-06 00:00:00+00:00
[2024-11-06T13:50:21.556+0000] {logging_mixin.py:190} INFO - [2024-11-06T13:50:21.556+0000] {dag.py:4156} INFO - Setting next_dagrun for dataset_produces_2 to None, run_after=None
[2024-11-06T13:50:21.622+0000] {processor.py:208} INFO - Processing /home/airflow/.local/lib/python3.12/site-packages/airflow/example_dags/example_datasets.py took 0.475 seconds
[2024-11-06T13:50:52.401+0000] {processor.py:186} INFO - Started process (PID=331) to work on /home/airflow/.local/lib/python3.12/site-packages/airflow/example_dags/example_datasets.py
[2024-11-06T13:50:52.403+0000] {processor.py:914} INFO - Processing file /home/airflow/.local/lib/python3.12/site-packages/airflow/example_dags/example_datasets.py for tasks to queue
[2024-11-06T13:50:52.411+0000] {logging_mixin.py:190} INFO - [2024-11-06T13:50:52.409+0000] {dagbag.py:587} INFO - Filling up the DagBag from /home/airflow/.local/lib/python3.12/site-packages/airflow/example_dags/example_datasets.py
[2024-11-06T13:50:53.016+0000] {processor.py:925} INFO - DAG(s) 'dataset_produces_2', 'dataset_consumes_1_never_scheduled', 'dataset_produces_1', 'dataset_consumes_unknown_never_scheduled', 'conditional_dataset_and_time_based_timetable', 'consume_1_or_2_with_dataset_expressions', 'consume_1_or_both_2_and_3_with_dataset_expressions', 'dataset_consumes_1_and_2', 'consume_1_and_2_with_dataset_expressions', 'dataset_consumes_1' retrieved from /home/airflow/.local/lib/python3.12/site-packages/airflow/example_dags/example_datasets.py
[2024-11-06T13:50:53.115+0000] {logging_mixin.py:190} INFO - [2024-11-06T13:50:53.114+0000] {dag.py:3229} INFO - Sync 10 DAGs
[2024-11-06T13:50:53.187+0000] {logging_mixin.py:190} INFO - [2024-11-06T13:50:53.186+0000] {dag.py:4156} INFO - Setting next_dagrun for conditional_dataset_and_time_based_timetable to 2024-11-06 01:00:00+00:00, run_after=2024-11-06 01:00:00+00:00
[2024-11-06T13:50:53.195+0000] {logging_mixin.py:190} INFO - [2024-11-06T13:50:53.195+0000] {dag.py:4156} INFO - Setting next_dagrun for consume_1_and_2_with_dataset_expressions to None, run_after=None
[2024-11-06T13:50:53.198+0000] {logging_mixin.py:190} INFO - [2024-11-06T13:50:53.198+0000] {dag.py:4156} INFO - Setting next_dagrun for consume_1_or_2_with_dataset_expressions to None, run_after=None
[2024-11-06T13:50:53.201+0000] {logging_mixin.py:190} INFO - [2024-11-06T13:50:53.201+0000] {dag.py:4156} INFO - Setting next_dagrun for consume_1_or_both_2_and_3_with_dataset_expressions to None, run_after=None
[2024-11-06T13:50:53.204+0000] {logging_mixin.py:190} INFO - [2024-11-06T13:50:53.204+0000] {dag.py:4156} INFO - Setting next_dagrun for dataset_consumes_1 to None, run_after=None
[2024-11-06T13:50:53.208+0000] {logging_mixin.py:190} INFO - [2024-11-06T13:50:53.207+0000] {dag.py:4156} INFO - Setting next_dagrun for dataset_consumes_1_and_2 to None, run_after=None
[2024-11-06T13:50:53.211+0000] {logging_mixin.py:190} INFO - [2024-11-06T13:50:53.211+0000] {dag.py:4156} INFO - Setting next_dagrun for dataset_consumes_1_never_scheduled to None, run_after=None
[2024-11-06T13:50:53.215+0000] {logging_mixin.py:190} INFO - [2024-11-06T13:50:53.215+0000] {dag.py:4156} INFO - Setting next_dagrun for dataset_consumes_unknown_never_scheduled to None, run_after=None
[2024-11-06T13:50:53.221+0000] {logging_mixin.py:190} INFO - [2024-11-06T13:50:53.220+0000] {dag.py:4156} INFO - Setting next_dagrun for dataset_produces_1 to 2024-11-05 00:00:00+00:00, run_after=2024-11-06 00:00:00+00:00
[2024-11-06T13:50:53.224+0000] {logging_mixin.py:190} INFO - [2024-11-06T13:50:53.224+0000] {dag.py:4156} INFO - Setting next_dagrun for dataset_produces_2 to None, run_after=None
[2024-11-06T13:50:53.304+0000] {processor.py:208} INFO - Processing /home/airflow/.local/lib/python3.12/site-packages/airflow/example_dags/example_datasets.py took 0.916 seconds
[2024-11-06T13:51:24.024+0000] {processor.py:186} INFO - Started process (PID=395) to work on /home/airflow/.local/lib/python3.12/site-packages/airflow/example_dags/example_datasets.py
[2024-11-06T13:51:24.027+0000] {processor.py:914} INFO - Processing file /home/airflow/.local/lib/python3.12/site-packages/airflow/example_dags/example_datasets.py for tasks to queue
[2024-11-06T13:51:24.031+0000] {logging_mixin.py:190} INFO - [2024-11-06T13:51:24.031+0000] {dagbag.py:587} INFO - Filling up the DagBag from /home/airflow/.local/lib/python3.12/site-packages/airflow/example_dags/example_datasets.py
[2024-11-06T13:51:24.307+0000] {processor.py:925} INFO - DAG(s) 'dataset_consumes_1_never_scheduled', 'dataset_consumes_1_and_2', 'dataset_produces_1', 'dataset_produces_2', 'consume_1_or_both_2_and_3_with_dataset_expressions', 'consume_1_and_2_with_dataset_expressions', 'consume_1_or_2_with_dataset_expressions', 'dataset_consumes_unknown_never_scheduled', 'conditional_dataset_and_time_based_timetable', 'dataset_consumes_1' retrieved from /home/airflow/.local/lib/python3.12/site-packages/airflow/example_dags/example_datasets.py
[2024-11-06T13:51:24.428+0000] {logging_mixin.py:190} INFO - [2024-11-06T13:51:24.428+0000] {dag.py:3229} INFO - Sync 10 DAGs
[2024-11-06T13:51:24.493+0000] {logging_mixin.py:190} INFO - [2024-11-06T13:51:24.493+0000] {dag.py:4156} INFO - Setting next_dagrun for conditional_dataset_and_time_based_timetable to 2024-11-06 01:00:00+00:00, run_after=2024-11-06 01:00:00+00:00
[2024-11-06T13:51:24.509+0000] {logging_mixin.py:190} INFO - [2024-11-06T13:51:24.508+0000] {dag.py:4156} INFO - Setting next_dagrun for consume_1_and_2_with_dataset_expressions to None, run_after=None
[2024-11-06T13:51:24.515+0000] {logging_mixin.py:190} INFO - [2024-11-06T13:51:24.514+0000] {dag.py:4156} INFO - Setting next_dagrun for consume_1_or_2_with_dataset_expressions to None, run_after=None
[2024-11-06T13:51:24.522+0000] {logging_mixin.py:190} INFO - [2024-11-06T13:51:24.521+0000] {dag.py:4156} INFO - Setting next_dagrun for consume_1_or_both_2_and_3_with_dataset_expressions to None, run_after=None
[2024-11-06T13:51:24.526+0000] {logging_mixin.py:190} INFO - [2024-11-06T13:51:24.525+0000] {dag.py:4156} INFO - Setting next_dagrun for dataset_consumes_1 to None, run_after=None
[2024-11-06T13:51:24.532+0000] {logging_mixin.py:190} INFO - [2024-11-06T13:51:24.531+0000] {dag.py:4156} INFO - Setting next_dagrun for dataset_consumes_1_and_2 to None, run_after=None
[2024-11-06T13:51:24.536+0000] {logging_mixin.py:190} INFO - [2024-11-06T13:51:24.535+0000] {dag.py:4156} INFO - Setting next_dagrun for dataset_consumes_1_never_scheduled to None, run_after=None
[2024-11-06T13:51:24.540+0000] {logging_mixin.py:190} INFO - [2024-11-06T13:51:24.539+0000] {dag.py:4156} INFO - Setting next_dagrun for dataset_consumes_unknown_never_scheduled to None, run_after=None
[2024-11-06T13:51:24.545+0000] {logging_mixin.py:190} INFO - [2024-11-06T13:51:24.545+0000] {dag.py:4156} INFO - Setting next_dagrun for dataset_produces_1 to 2024-11-05 00:00:00+00:00, run_after=2024-11-06 00:00:00+00:00
[2024-11-06T13:51:24.550+0000] {logging_mixin.py:190} INFO - [2024-11-06T13:51:24.550+0000] {dag.py:4156} INFO - Setting next_dagrun for dataset_produces_2 to None, run_after=None
[2024-11-06T13:51:24.637+0000] {processor.py:208} INFO - Processing /home/airflow/.local/lib/python3.12/site-packages/airflow/example_dags/example_datasets.py took 0.622 seconds
[2024-11-06T13:51:55.370+0000] {processor.py:186} INFO - Started process (PID=459) to work on /home/airflow/.local/lib/python3.12/site-packages/airflow/example_dags/example_datasets.py
[2024-11-06T13:51:55.371+0000] {processor.py:914} INFO - Processing file /home/airflow/.local/lib/python3.12/site-packages/airflow/example_dags/example_datasets.py for tasks to queue
[2024-11-06T13:51:55.375+0000] {logging_mixin.py:190} INFO - [2024-11-06T13:51:55.374+0000] {dagbag.py:587} INFO - Filling up the DagBag from /home/airflow/.local/lib/python3.12/site-packages/airflow/example_dags/example_datasets.py
[2024-11-06T13:51:55.668+0000] {processor.py:925} INFO - DAG(s) 'dataset_produces_1', 'consume_1_and_2_with_dataset_expressions', 'dataset_consumes_1_never_scheduled', 'consume_1_or_2_with_dataset_expressions', 'dataset_consumes_1_and_2', 'conditional_dataset_and_time_based_timetable', 'consume_1_or_both_2_and_3_with_dataset_expressions', 'dataset_produces_2', 'dataset_consumes_unknown_never_scheduled', 'dataset_consumes_1' retrieved from /home/airflow/.local/lib/python3.12/site-packages/airflow/example_dags/example_datasets.py
[2024-11-06T13:51:55.771+0000] {logging_mixin.py:190} INFO - [2024-11-06T13:51:55.770+0000] {dag.py:3229} INFO - Sync 10 DAGs
[2024-11-06T13:51:55.827+0000] {logging_mixin.py:190} INFO - [2024-11-06T13:51:55.827+0000] {dag.py:4156} INFO - Setting next_dagrun for conditional_dataset_and_time_based_timetable to 2024-11-06 01:00:00+00:00, run_after=2024-11-06 01:00:00+00:00
[2024-11-06T13:51:55.835+0000] {logging_mixin.py:190} INFO - [2024-11-06T13:51:55.835+0000] {dag.py:4156} INFO - Setting next_dagrun for consume_1_and_2_with_dataset_expressions to None, run_after=None
[2024-11-06T13:51:55.839+0000] {logging_mixin.py:190} INFO - [2024-11-06T13:51:55.839+0000] {dag.py:4156} INFO - Setting next_dagrun for consume_1_or_2_with_dataset_expressions to None, run_after=None
[2024-11-06T13:51:55.844+0000] {logging_mixin.py:190} INFO - [2024-11-06T13:51:55.843+0000] {dag.py:4156} INFO - Setting next_dagrun for consume_1_or_both_2_and_3_with_dataset_expressions to None, run_after=None
[2024-11-06T13:51:55.847+0000] {logging_mixin.py:190} INFO - [2024-11-06T13:51:55.847+0000] {dag.py:4156} INFO - Setting next_dagrun for dataset_consumes_1 to None, run_after=None
[2024-11-06T13:51:55.851+0000] {logging_mixin.py:190} INFO - [2024-11-06T13:51:55.850+0000] {dag.py:4156} INFO - Setting next_dagrun for dataset_consumes_1_and_2 to None, run_after=None
[2024-11-06T13:51:55.854+0000] {logging_mixin.py:190} INFO - [2024-11-06T13:51:55.854+0000] {dag.py:4156} INFO - Setting next_dagrun for dataset_consumes_1_never_scheduled to None, run_after=None
[2024-11-06T13:51:55.857+0000] {logging_mixin.py:190} INFO - [2024-11-06T13:51:55.857+0000] {dag.py:4156} INFO - Setting next_dagrun for dataset_consumes_unknown_never_scheduled to None, run_after=None
[2024-11-06T13:51:55.863+0000] {logging_mixin.py:190} INFO - [2024-11-06T13:51:55.862+0000] {dag.py:4156} INFO - Setting next_dagrun for dataset_produces_1 to 2024-11-05 00:00:00+00:00, run_after=2024-11-06 00:00:00+00:00
[2024-11-06T13:51:55.868+0000] {logging_mixin.py:190} INFO - [2024-11-06T13:51:55.868+0000] {dag.py:4156} INFO - Setting next_dagrun for dataset_produces_2 to None, run_after=None
[2024-11-06T13:51:55.941+0000] {processor.py:208} INFO - Processing /home/airflow/.local/lib/python3.12/site-packages/airflow/example_dags/example_datasets.py took 0.580 seconds
[2024-11-06T13:52:26.022+0000] {processor.py:186} INFO - Started process (PID=523) to work on /home/airflow/.local/lib/python3.12/site-packages/airflow/example_dags/example_datasets.py
[2024-11-06T13:52:26.024+0000] {processor.py:914} INFO - Processing file /home/airflow/.local/lib/python3.12/site-packages/airflow/example_dags/example_datasets.py for tasks to queue
[2024-11-06T13:52:26.028+0000] {logging_mixin.py:190} INFO - [2024-11-06T13:52:26.027+0000] {dagbag.py:587} INFO - Filling up the DagBag from /home/airflow/.local/lib/python3.12/site-packages/airflow/example_dags/example_datasets.py
[2024-11-06T13:52:26.435+0000] {processor.py:925} INFO - DAG(s) 'dataset_consumes_1', 'consume_1_or_both_2_and_3_with_dataset_expressions', 'dataset_consumes_1_and_2', 'dataset_consumes_1_never_scheduled', 'dataset_consumes_unknown_never_scheduled', 'consume_1_and_2_with_dataset_expressions', 'dataset_produces_1', 'consume_1_or_2_with_dataset_expressions', 'dataset_produces_2', 'conditional_dataset_and_time_based_timetable' retrieved from /home/airflow/.local/lib/python3.12/site-packages/airflow/example_dags/example_datasets.py
[2024-11-06T13:52:26.542+0000] {logging_mixin.py:190} INFO - [2024-11-06T13:52:26.542+0000] {dag.py:3229} INFO - Sync 10 DAGs
[2024-11-06T13:52:26.593+0000] {logging_mixin.py:190} INFO - [2024-11-06T13:52:26.593+0000] {dag.py:4156} INFO - Setting next_dagrun for conditional_dataset_and_time_based_timetable to 2024-11-06 01:00:00+00:00, run_after=2024-11-06 01:00:00+00:00
[2024-11-06T13:52:26.601+0000] {logging_mixin.py:190} INFO - [2024-11-06T13:52:26.601+0000] {dag.py:4156} INFO - Setting next_dagrun for consume_1_and_2_with_dataset_expressions to None, run_after=None
[2024-11-06T13:52:26.605+0000] {logging_mixin.py:190} INFO - [2024-11-06T13:52:26.605+0000] {dag.py:4156} INFO - Setting next_dagrun for consume_1_or_2_with_dataset_expressions to None, run_after=None
[2024-11-06T13:52:26.608+0000] {logging_mixin.py:190} INFO - [2024-11-06T13:52:26.608+0000] {dag.py:4156} INFO - Setting next_dagrun for consume_1_or_both_2_and_3_with_dataset_expressions to None, run_after=None
[2024-11-06T13:52:26.612+0000] {logging_mixin.py:190} INFO - [2024-11-06T13:52:26.611+0000] {dag.py:4156} INFO - Setting next_dagrun for dataset_consumes_1 to None, run_after=None
[2024-11-06T13:52:26.616+0000] {logging_mixin.py:190} INFO - [2024-11-06T13:52:26.615+0000] {dag.py:4156} INFO - Setting next_dagrun for dataset_consumes_1_and_2 to None, run_after=None
[2024-11-06T13:52:26.619+0000] {logging_mixin.py:190} INFO - [2024-11-06T13:52:26.619+0000] {dag.py:4156} INFO - Setting next_dagrun for dataset_consumes_1_never_scheduled to None, run_after=None
[2024-11-06T13:52:26.623+0000] {logging_mixin.py:190} INFO - [2024-11-06T13:52:26.623+0000] {dag.py:4156} INFO - Setting next_dagrun for dataset_consumes_unknown_never_scheduled to None, run_after=None
[2024-11-06T13:52:26.628+0000] {logging_mixin.py:190} INFO - [2024-11-06T13:52:26.628+0000] {dag.py:4156} INFO - Setting next_dagrun for dataset_produces_1 to 2024-11-05 00:00:00+00:00, run_after=2024-11-06 00:00:00+00:00
[2024-11-06T13:52:26.633+0000] {logging_mixin.py:190} INFO - [2024-11-06T13:52:26.632+0000] {dag.py:4156} INFO - Setting next_dagrun for dataset_produces_2 to None, run_after=None
[2024-11-06T13:52:26.715+0000] {processor.py:208} INFO - Processing /home/airflow/.local/lib/python3.12/site-packages/airflow/example_dags/example_datasets.py took 0.702 seconds
[2024-11-06T13:52:56.949+0000] {processor.py:186} INFO - Started process (PID=587) to work on /home/airflow/.local/lib/python3.12/site-packages/airflow/example_dags/example_datasets.py
[2024-11-06T13:52:56.951+0000] {processor.py:914} INFO - Processing file /home/airflow/.local/lib/python3.12/site-packages/airflow/example_dags/example_datasets.py for tasks to queue
[2024-11-06T13:52:56.956+0000] {logging_mixin.py:190} INFO - [2024-11-06T13:52:56.955+0000] {dagbag.py:587} INFO - Filling up the DagBag from /home/airflow/.local/lib/python3.12/site-packages/airflow/example_dags/example_datasets.py
[2024-11-06T13:52:57.214+0000] {processor.py:925} INFO - DAG(s) 'dataset_produces_1', 'conditional_dataset_and_time_based_timetable', 'consume_1_or_both_2_and_3_with_dataset_expressions', 'dataset_consumes_1', 'dataset_consumes_1_never_scheduled', 'consume_1_or_2_with_dataset_expressions', 'consume_1_and_2_with_dataset_expressions', 'dataset_consumes_unknown_never_scheduled', 'dataset_produces_2', 'dataset_consumes_1_and_2' retrieved from /home/airflow/.local/lib/python3.12/site-packages/airflow/example_dags/example_datasets.py
[2024-11-06T13:52:57.301+0000] {logging_mixin.py:190} INFO - [2024-11-06T13:52:57.300+0000] {dag.py:3229} INFO - Sync 10 DAGs
[2024-11-06T13:52:57.346+0000] {logging_mixin.py:190} INFO - [2024-11-06T13:52:57.345+0000] {dag.py:4156} INFO - Setting next_dagrun for conditional_dataset_and_time_based_timetable to 2024-11-06 01:00:00+00:00, run_after=2024-11-06 01:00:00+00:00
[2024-11-06T13:52:57.353+0000] {logging_mixin.py:190} INFO - [2024-11-06T13:52:57.352+0000] {dag.py:4156} INFO - Setting next_dagrun for consume_1_and_2_with_dataset_expressions to None, run_after=None
[2024-11-06T13:52:57.356+0000] {logging_mixin.py:190} INFO - [2024-11-06T13:52:57.356+0000] {dag.py:4156} INFO - Setting next_dagrun for consume_1_or_2_with_dataset_expressions to None, run_after=None
[2024-11-06T13:52:57.360+0000] {logging_mixin.py:190} INFO - [2024-11-06T13:52:57.359+0000] {dag.py:4156} INFO - Setting next_dagrun for consume_1_or_both_2_and_3_with_dataset_expressions to None, run_after=None
[2024-11-06T13:52:57.363+0000] {logging_mixin.py:190} INFO - [2024-11-06T13:52:57.363+0000] {dag.py:4156} INFO - Setting next_dagrun for dataset_consumes_1 to None, run_after=None
[2024-11-06T13:52:57.367+0000] {logging_mixin.py:190} INFO - [2024-11-06T13:52:57.367+0000] {dag.py:4156} INFO - Setting next_dagrun for dataset_consumes_1_and_2 to None, run_after=None
[2024-11-06T13:52:57.371+0000] {logging_mixin.py:190} INFO - [2024-11-06T13:52:57.371+0000] {dag.py:4156} INFO - Setting next_dagrun for dataset_consumes_1_never_scheduled to None, run_after=None
[2024-11-06T13:52:57.375+0000] {logging_mixin.py:190} INFO - [2024-11-06T13:52:57.375+0000] {dag.py:4156} INFO - Setting next_dagrun for dataset_consumes_unknown_never_scheduled to None, run_after=None
[2024-11-06T13:52:57.385+0000] {logging_mixin.py:190} INFO - [2024-11-06T13:52:57.385+0000] {dag.py:4156} INFO - Setting next_dagrun for dataset_produces_1 to 2024-11-05 00:00:00+00:00, run_after=2024-11-06 00:00:00+00:00
[2024-11-06T13:52:57.389+0000] {logging_mixin.py:190} INFO - [2024-11-06T13:52:57.388+0000] {dag.py:4156} INFO - Setting next_dagrun for dataset_produces_2 to None, run_after=None
[2024-11-06T13:52:57.463+0000] {processor.py:208} INFO - Processing /home/airflow/.local/lib/python3.12/site-packages/airflow/example_dags/example_datasets.py took 0.522 seconds
[2024-11-06T13:53:27.817+0000] {processor.py:186} INFO - Started process (PID=651) to work on /home/airflow/.local/lib/python3.12/site-packages/airflow/example_dags/example_datasets.py
[2024-11-06T13:53:27.819+0000] {processor.py:914} INFO - Processing file /home/airflow/.local/lib/python3.12/site-packages/airflow/example_dags/example_datasets.py for tasks to queue
[2024-11-06T13:53:27.823+0000] {logging_mixin.py:190} INFO - [2024-11-06T13:53:27.822+0000] {dagbag.py:587} INFO - Filling up the DagBag from /home/airflow/.local/lib/python3.12/site-packages/airflow/example_dags/example_datasets.py
[2024-11-06T13:53:28.083+0000] {processor.py:925} INFO - DAG(s) 'dataset_consumes_1', 'consume_1_or_2_with_dataset_expressions', 'dataset_produces_1', 'dataset_consumes_unknown_never_scheduled', 'conditional_dataset_and_time_based_timetable', 'dataset_consumes_1_and_2', 'dataset_produces_2', 'consume_1_or_both_2_and_3_with_dataset_expressions', 'dataset_consumes_1_never_scheduled', 'consume_1_and_2_with_dataset_expressions' retrieved from /home/airflow/.local/lib/python3.12/site-packages/airflow/example_dags/example_datasets.py
[2024-11-06T13:53:28.218+0000] {logging_mixin.py:190} INFO - [2024-11-06T13:53:28.217+0000] {dag.py:3229} INFO - Sync 10 DAGs
[2024-11-06T13:53:28.266+0000] {logging_mixin.py:190} INFO - [2024-11-06T13:53:28.265+0000] {dag.py:4156} INFO - Setting next_dagrun for conditional_dataset_and_time_based_timetable to 2024-11-06 01:00:00+00:00, run_after=2024-11-06 01:00:00+00:00
[2024-11-06T13:53:28.273+0000] {logging_mixin.py:190} INFO - [2024-11-06T13:53:28.272+0000] {dag.py:4156} INFO - Setting next_dagrun for consume_1_and_2_with_dataset_expressions to None, run_after=None
[2024-11-06T13:53:28.277+0000] {logging_mixin.py:190} INFO - [2024-11-06T13:53:28.277+0000] {dag.py:4156} INFO - Setting next_dagrun for consume_1_or_2_with_dataset_expressions to None, run_after=None
[2024-11-06T13:53:28.280+0000] {logging_mixin.py:190} INFO - [2024-11-06T13:53:28.280+0000] {dag.py:4156} INFO - Setting next_dagrun for consume_1_or_both_2_and_3_with_dataset_expressions to None, run_after=None
[2024-11-06T13:53:28.284+0000] {logging_mixin.py:190} INFO - [2024-11-06T13:53:28.283+0000] {dag.py:4156} INFO - Setting next_dagrun for dataset_consumes_1 to None, run_after=None
[2024-11-06T13:53:28.287+0000] {logging_mixin.py:190} INFO - [2024-11-06T13:53:28.287+0000] {dag.py:4156} INFO - Setting next_dagrun for dataset_consumes_1_and_2 to None, run_after=None
[2024-11-06T13:53:28.290+0000] {logging_mixin.py:190} INFO - [2024-11-06T13:53:28.290+0000] {dag.py:4156} INFO - Setting next_dagrun for dataset_consumes_1_never_scheduled to None, run_after=None
[2024-11-06T13:53:28.293+0000] {logging_mixin.py:190} INFO - [2024-11-06T13:53:28.293+0000] {dag.py:4156} INFO - Setting next_dagrun for dataset_consumes_unknown_never_scheduled to None, run_after=None
[2024-11-06T13:53:28.298+0000] {logging_mixin.py:190} INFO - [2024-11-06T13:53:28.298+0000] {dag.py:4156} INFO - Setting next_dagrun for dataset_produces_1 to 2024-11-05 00:00:00+00:00, run_after=2024-11-06 00:00:00+00:00
[2024-11-06T13:53:28.302+0000] {logging_mixin.py:190} INFO - [2024-11-06T13:53:28.302+0000] {dag.py:4156} INFO - Setting next_dagrun for dataset_produces_2 to None, run_after=None
[2024-11-06T13:53:28.372+0000] {processor.py:208} INFO - Processing /home/airflow/.local/lib/python3.12/site-packages/airflow/example_dags/example_datasets.py took 0.567 seconds
[2024-11-06T13:53:58.539+0000] {processor.py:186} INFO - Started process (PID=716) to work on /home/airflow/.local/lib/python3.12/site-packages/airflow/example_dags/example_datasets.py
[2024-11-06T13:53:58.541+0000] {processor.py:914} INFO - Processing file /home/airflow/.local/lib/python3.12/site-packages/airflow/example_dags/example_datasets.py for tasks to queue
[2024-11-06T13:53:58.544+0000] {logging_mixin.py:190} INFO - [2024-11-06T13:53:58.543+0000] {dagbag.py:587} INFO - Filling up the DagBag from /home/airflow/.local/lib/python3.12/site-packages/airflow/example_dags/example_datasets.py
[2024-11-06T13:53:58.776+0000] {processor.py:925} INFO - DAG(s) 'dataset_consumes_1_never_scheduled', 'conditional_dataset_and_time_based_timetable', 'dataset_produces_2', 'consume_1_and_2_with_dataset_expressions', 'dataset_consumes_1', 'consume_1_or_2_with_dataset_expressions', 'dataset_consumes_1_and_2', 'consume_1_or_both_2_and_3_with_dataset_expressions', 'dataset_consumes_unknown_never_scheduled', 'dataset_produces_1' retrieved from /home/airflow/.local/lib/python3.12/site-packages/airflow/example_dags/example_datasets.py
[2024-11-06T13:53:58.861+0000] {logging_mixin.py:190} INFO - [2024-11-06T13:53:58.861+0000] {dag.py:3229} INFO - Sync 10 DAGs
[2024-11-06T13:53:58.910+0000] {logging_mixin.py:190} INFO - [2024-11-06T13:53:58.909+0000] {dag.py:4156} INFO - Setting next_dagrun for conditional_dataset_and_time_based_timetable to 2024-11-06 01:00:00+00:00, run_after=2024-11-06 01:00:00+00:00
[2024-11-06T13:53:58.916+0000] {logging_mixin.py:190} INFO - [2024-11-06T13:53:58.916+0000] {dag.py:4156} INFO - Setting next_dagrun for consume_1_and_2_with_dataset_expressions to None, run_after=None
[2024-11-06T13:53:58.920+0000] {logging_mixin.py:190} INFO - [2024-11-06T13:53:58.920+0000] {dag.py:4156} INFO - Setting next_dagrun for consume_1_or_2_with_dataset_expressions to None, run_after=None
[2024-11-06T13:53:58.923+0000] {logging_mixin.py:190} INFO - [2024-11-06T13:53:58.923+0000] {dag.py:4156} INFO - Setting next_dagrun for consume_1_or_both_2_and_3_with_dataset_expressions to None, run_after=None
[2024-11-06T13:53:58.926+0000] {logging_mixin.py:190} INFO - [2024-11-06T13:53:58.926+0000] {dag.py:4156} INFO - Setting next_dagrun for dataset_consumes_1 to None, run_after=None
[2024-11-06T13:53:58.929+0000] {logging_mixin.py:190} INFO - [2024-11-06T13:53:58.929+0000] {dag.py:4156} INFO - Setting next_dagrun for dataset_consumes_1_and_2 to None, run_after=None
[2024-11-06T13:53:58.932+0000] {logging_mixin.py:190} INFO - [2024-11-06T13:53:58.931+0000] {dag.py:4156} INFO - Setting next_dagrun for dataset_consumes_1_never_scheduled to None, run_after=None
[2024-11-06T13:53:58.943+0000] {logging_mixin.py:190} INFO - [2024-11-06T13:53:58.942+0000] {dag.py:4156} INFO - Setting next_dagrun for dataset_consumes_unknown_never_scheduled to None, run_after=None
[2024-11-06T13:53:58.948+0000] {logging_mixin.py:190} INFO - [2024-11-06T13:53:58.947+0000] {dag.py:4156} INFO - Setting next_dagrun for dataset_produces_1 to 2024-11-05 00:00:00+00:00, run_after=2024-11-06 00:00:00+00:00
[2024-11-06T13:53:58.953+0000] {logging_mixin.py:190} INFO - [2024-11-06T13:53:58.953+0000] {dag.py:4156} INFO - Setting next_dagrun for dataset_produces_2 to None, run_after=None
[2024-11-06T13:53:59.035+0000] {processor.py:208} INFO - Processing /home/airflow/.local/lib/python3.12/site-packages/airflow/example_dags/example_datasets.py took 0.504 seconds
[2024-11-06T13:54:29.303+0000] {processor.py:186} INFO - Started process (PID=781) to work on /home/airflow/.local/lib/python3.12/site-packages/airflow/example_dags/example_datasets.py
[2024-11-06T13:54:29.306+0000] {processor.py:914} INFO - Processing file /home/airflow/.local/lib/python3.12/site-packages/airflow/example_dags/example_datasets.py for tasks to queue
[2024-11-06T13:54:29.311+0000] {logging_mixin.py:190} INFO - [2024-11-06T13:54:29.310+0000] {dagbag.py:587} INFO - Filling up the DagBag from /home/airflow/.local/lib/python3.12/site-packages/airflow/example_dags/example_datasets.py
[2024-11-06T13:54:29.637+0000] {processor.py:925} INFO - DAG(s) 'consume_1_or_2_with_dataset_expressions', 'dataset_consumes_unknown_never_scheduled', 'dataset_consumes_1', 'conditional_dataset_and_time_based_timetable', 'consume_1_and_2_with_dataset_expressions', 'dataset_produces_2', 'dataset_consumes_1_never_scheduled', 'dataset_consumes_1_and_2', 'consume_1_or_both_2_and_3_with_dataset_expressions', 'dataset_produces_1' retrieved from /home/airflow/.local/lib/python3.12/site-packages/airflow/example_dags/example_datasets.py
[2024-11-06T13:54:29.730+0000] {logging_mixin.py:190} INFO - [2024-11-06T13:54:29.730+0000] {dag.py:3229} INFO - Sync 10 DAGs
[2024-11-06T13:54:29.772+0000] {logging_mixin.py:190} INFO - [2024-11-06T13:54:29.771+0000] {dag.py:4156} INFO - Setting next_dagrun for conditional_dataset_and_time_based_timetable to 2024-11-06 01:00:00+00:00, run_after=2024-11-06 01:00:00+00:00
[2024-11-06T13:54:29.778+0000] {logging_mixin.py:190} INFO - [2024-11-06T13:54:29.778+0000] {dag.py:4156} INFO - Setting next_dagrun for consume_1_and_2_with_dataset_expressions to None, run_after=None
[2024-11-06T13:54:29.781+0000] {logging_mixin.py:190} INFO - [2024-11-06T13:54:29.780+0000] {dag.py:4156} INFO - Setting next_dagrun for consume_1_or_2_with_dataset_expressions to None, run_after=None
[2024-11-06T13:54:29.784+0000] {logging_mixin.py:190} INFO - [2024-11-06T13:54:29.784+0000] {dag.py:4156} INFO - Setting next_dagrun for consume_1_or_both_2_and_3_with_dataset_expressions to None, run_after=None
[2024-11-06T13:54:29.787+0000] {logging_mixin.py:190} INFO - [2024-11-06T13:54:29.787+0000] {dag.py:4156} INFO - Setting next_dagrun for dataset_consumes_1 to None, run_after=None
[2024-11-06T13:54:29.790+0000] {logging_mixin.py:190} INFO - [2024-11-06T13:54:29.789+0000] {dag.py:4156} INFO - Setting next_dagrun for dataset_consumes_1_and_2 to None, run_after=None
[2024-11-06T13:54:29.793+0000] {logging_mixin.py:190} INFO - [2024-11-06T13:54:29.793+0000] {dag.py:4156} INFO - Setting next_dagrun for dataset_consumes_1_never_scheduled to None, run_after=None
[2024-11-06T13:54:29.796+0000] {logging_mixin.py:190} INFO - [2024-11-06T13:54:29.796+0000] {dag.py:4156} INFO - Setting next_dagrun for dataset_consumes_unknown_never_scheduled to None, run_after=None
[2024-11-06T13:54:29.801+0000] {logging_mixin.py:190} INFO - [2024-11-06T13:54:29.801+0000] {dag.py:4156} INFO - Setting next_dagrun for dataset_produces_1 to 2024-11-05 00:00:00+00:00, run_after=2024-11-06 00:00:00+00:00
[2024-11-06T13:54:29.805+0000] {logging_mixin.py:190} INFO - [2024-11-06T13:54:29.804+0000] {dag.py:4156} INFO - Setting next_dagrun for dataset_produces_2 to None, run_after=None
[2024-11-06T13:54:29.867+0000] {processor.py:208} INFO - Processing /home/airflow/.local/lib/python3.12/site-packages/airflow/example_dags/example_datasets.py took 0.575 seconds
[2024-11-06T13:55:00.392+0000] {processor.py:186} INFO - Started process (PID=844) to work on /home/airflow/.local/lib/python3.12/site-packages/airflow/example_dags/example_datasets.py
[2024-11-06T13:55:00.396+0000] {processor.py:914} INFO - Processing file /home/airflow/.local/lib/python3.12/site-packages/airflow/example_dags/example_datasets.py for tasks to queue
[2024-11-06T13:55:00.401+0000] {logging_mixin.py:190} INFO - [2024-11-06T13:55:00.400+0000] {dagbag.py:587} INFO - Filling up the DagBag from /home/airflow/.local/lib/python3.12/site-packages/airflow/example_dags/example_datasets.py
[2024-11-06T13:55:00.688+0000] {processor.py:925} INFO - DAG(s) 'conditional_dataset_and_time_based_timetable', 'consume_1_or_2_with_dataset_expressions', 'consume_1_or_both_2_and_3_with_dataset_expressions', 'dataset_produces_2', 'dataset_consumes_1_never_scheduled', 'dataset_consumes_1', 'dataset_consumes_1_and_2', 'dataset_consumes_unknown_never_scheduled', 'consume_1_and_2_with_dataset_expressions', 'dataset_produces_1' retrieved from /home/airflow/.local/lib/python3.12/site-packages/airflow/example_dags/example_datasets.py
[2024-11-06T13:55:00.780+0000] {logging_mixin.py:190} INFO - [2024-11-06T13:55:00.779+0000] {dag.py:3229} INFO - Sync 10 DAGs
[2024-11-06T13:55:00.829+0000] {logging_mixin.py:190} INFO - [2024-11-06T13:55:00.828+0000] {dag.py:4156} INFO - Setting next_dagrun for conditional_dataset_and_time_based_timetable to 2024-11-06 01:00:00+00:00, run_after=2024-11-06 01:00:00+00:00
[2024-11-06T13:55:00.840+0000] {logging_mixin.py:190} INFO - [2024-11-06T13:55:00.840+0000] {dag.py:4156} INFO - Setting next_dagrun for consume_1_and_2_with_dataset_expressions to None, run_after=None
[2024-11-06T13:55:00.847+0000] {logging_mixin.py:190} INFO - [2024-11-06T13:55:00.847+0000] {dag.py:4156} INFO - Setting next_dagrun for consume_1_or_2_with_dataset_expressions to None, run_after=None
[2024-11-06T13:55:00.853+0000] {logging_mixin.py:190} INFO - [2024-11-06T13:55:00.852+0000] {dag.py:4156} INFO - Setting next_dagrun for consume_1_or_both_2_and_3_with_dataset_expressions to None, run_after=None
[2024-11-06T13:55:00.857+0000] {logging_mixin.py:190} INFO - [2024-11-06T13:55:00.857+0000] {dag.py:4156} INFO - Setting next_dagrun for dataset_consumes_1 to None, run_after=None
[2024-11-06T13:55:00.862+0000] {logging_mixin.py:190} INFO - [2024-11-06T13:55:00.861+0000] {dag.py:4156} INFO - Setting next_dagrun for dataset_consumes_1_and_2 to None, run_after=None
[2024-11-06T13:55:00.874+0000] {logging_mixin.py:190} INFO - [2024-11-06T13:55:00.873+0000] {dag.py:4156} INFO - Setting next_dagrun for dataset_consumes_1_never_scheduled to None, run_after=None
[2024-11-06T13:55:00.878+0000] {logging_mixin.py:190} INFO - [2024-11-06T13:55:00.878+0000] {dag.py:4156} INFO - Setting next_dagrun for dataset_consumes_unknown_never_scheduled to None, run_after=None
[2024-11-06T13:55:00.892+0000] {logging_mixin.py:190} INFO - [2024-11-06T13:55:00.891+0000] {dag.py:4156} INFO - Setting next_dagrun for dataset_produces_1 to 2024-11-05 00:00:00+00:00, run_after=2024-11-06 00:00:00+00:00
[2024-11-06T13:55:00.896+0000] {logging_mixin.py:190} INFO - [2024-11-06T13:55:00.896+0000] {dag.py:4156} INFO - Setting next_dagrun for dataset_produces_2 to None, run_after=None
[2024-11-06T13:55:01.066+0000] {processor.py:208} INFO - Processing /home/airflow/.local/lib/python3.12/site-packages/airflow/example_dags/example_datasets.py took 0.686 seconds
[2024-11-06T13:55:31.800+0000] {processor.py:186} INFO - Started process (PID=909) to work on /home/airflow/.local/lib/python3.12/site-packages/airflow/example_dags/example_datasets.py
[2024-11-06T13:55:31.804+0000] {processor.py:914} INFO - Processing file /home/airflow/.local/lib/python3.12/site-packages/airflow/example_dags/example_datasets.py for tasks to queue
[2024-11-06T13:55:31.810+0000] {logging_mixin.py:190} INFO - [2024-11-06T13:55:31.809+0000] {dagbag.py:587} INFO - Filling up the DagBag from /home/airflow/.local/lib/python3.12/site-packages/airflow/example_dags/example_datasets.py
[2024-11-06T13:55:32.062+0000] {processor.py:925} INFO - DAG(s) 'dataset_consumes_1', 'consume_1_or_both_2_and_3_with_dataset_expressions', 'dataset_produces_1', 'consume_1_and_2_with_dataset_expressions', 'dataset_consumes_1_never_scheduled', 'dataset_consumes_unknown_never_scheduled', 'conditional_dataset_and_time_based_timetable', 'dataset_consumes_1_and_2', 'dataset_produces_2', 'consume_1_or_2_with_dataset_expressions' retrieved from /home/airflow/.local/lib/python3.12/site-packages/airflow/example_dags/example_datasets.py
[2024-11-06T13:55:32.149+0000] {logging_mixin.py:190} INFO - [2024-11-06T13:55:32.149+0000] {dag.py:3229} INFO - Sync 10 DAGs
[2024-11-06T13:55:32.196+0000] {logging_mixin.py:190} INFO - [2024-11-06T13:55:32.195+0000] {dag.py:4156} INFO - Setting next_dagrun for conditional_dataset_and_time_based_timetable to 2024-11-06 01:00:00+00:00, run_after=2024-11-06 01:00:00+00:00
[2024-11-06T13:55:32.203+0000] {logging_mixin.py:190} INFO - [2024-11-06T13:55:32.203+0000] {dag.py:4156} INFO - Setting next_dagrun for consume_1_and_2_with_dataset_expressions to None, run_after=None
[2024-11-06T13:55:32.207+0000] {logging_mixin.py:190} INFO - [2024-11-06T13:55:32.206+0000] {dag.py:4156} INFO - Setting next_dagrun for consume_1_or_2_with_dataset_expressions to None, run_after=None
[2024-11-06T13:55:32.210+0000] {logging_mixin.py:190} INFO - [2024-11-06T13:55:32.210+0000] {dag.py:4156} INFO - Setting next_dagrun for consume_1_or_both_2_and_3_with_dataset_expressions to None, run_after=None
[2024-11-06T13:55:32.213+0000] {logging_mixin.py:190} INFO - [2024-11-06T13:55:32.213+0000] {dag.py:4156} INFO - Setting next_dagrun for dataset_consumes_1 to None, run_after=None
[2024-11-06T13:55:32.217+0000] {logging_mixin.py:190} INFO - [2024-11-06T13:55:32.216+0000] {dag.py:4156} INFO - Setting next_dagrun for dataset_consumes_1_and_2 to None, run_after=None
[2024-11-06T13:55:32.220+0000] {logging_mixin.py:190} INFO - [2024-11-06T13:55:32.220+0000] {dag.py:4156} INFO - Setting next_dagrun for dataset_consumes_1_never_scheduled to None, run_after=None
[2024-11-06T13:55:32.223+0000] {logging_mixin.py:190} INFO - [2024-11-06T13:55:32.223+0000] {dag.py:4156} INFO - Setting next_dagrun for dataset_consumes_unknown_never_scheduled to None, run_after=None
[2024-11-06T13:55:32.228+0000] {logging_mixin.py:190} INFO - [2024-11-06T13:55:32.228+0000] {dag.py:4156} INFO - Setting next_dagrun for dataset_produces_1 to 2024-11-05 00:00:00+00:00, run_after=2024-11-06 00:00:00+00:00
[2024-11-06T13:55:32.232+0000] {logging_mixin.py:190} INFO - [2024-11-06T13:55:32.231+0000] {dag.py:4156} INFO - Setting next_dagrun for dataset_produces_2 to None, run_after=None
[2024-11-06T13:55:32.304+0000] {processor.py:208} INFO - Processing /home/airflow/.local/lib/python3.12/site-packages/airflow/example_dags/example_datasets.py took 0.517 seconds
[2024-11-06T13:56:02.371+0000] {processor.py:186} INFO - Started process (PID=973) to work on /home/airflow/.local/lib/python3.12/site-packages/airflow/example_dags/example_datasets.py
[2024-11-06T13:56:02.373+0000] {processor.py:914} INFO - Processing file /home/airflow/.local/lib/python3.12/site-packages/airflow/example_dags/example_datasets.py for tasks to queue
[2024-11-06T13:56:02.377+0000] {logging_mixin.py:190} INFO - [2024-11-06T13:56:02.376+0000] {dagbag.py:587} INFO - Filling up the DagBag from /home/airflow/.local/lib/python3.12/site-packages/airflow/example_dags/example_datasets.py
[2024-11-06T13:56:02.698+0000] {processor.py:925} INFO - DAG(s) 'dataset_consumes_1_and_2', 'dataset_consumes_1', 'dataset_produces_1', 'dataset_produces_2', 'consume_1_and_2_with_dataset_expressions', 'conditional_dataset_and_time_based_timetable', 'dataset_consumes_1_never_scheduled', 'consume_1_or_both_2_and_3_with_dataset_expressions', 'dataset_consumes_unknown_never_scheduled', 'consume_1_or_2_with_dataset_expressions' retrieved from /home/airflow/.local/lib/python3.12/site-packages/airflow/example_dags/example_datasets.py
[2024-11-06T13:56:02.789+0000] {logging_mixin.py:190} INFO - [2024-11-06T13:56:02.789+0000] {dag.py:3229} INFO - Sync 10 DAGs
[2024-11-06T13:56:02.832+0000] {logging_mixin.py:190} INFO - [2024-11-06T13:56:02.831+0000] {dag.py:4156} INFO - Setting next_dagrun for conditional_dataset_and_time_based_timetable to 2024-11-06 01:00:00+00:00, run_after=2024-11-06 01:00:00+00:00
[2024-11-06T13:56:02.839+0000] {logging_mixin.py:190} INFO - [2024-11-06T13:56:02.839+0000] {dag.py:4156} INFO - Setting next_dagrun for consume_1_and_2_with_dataset_expressions to None, run_after=None
[2024-11-06T13:56:02.843+0000] {logging_mixin.py:190} INFO - [2024-11-06T13:56:02.842+0000] {dag.py:4156} INFO - Setting next_dagrun for consume_1_or_2_with_dataset_expressions to None, run_after=None
[2024-11-06T13:56:02.846+0000] {logging_mixin.py:190} INFO - [2024-11-06T13:56:02.845+0000] {dag.py:4156} INFO - Setting next_dagrun for consume_1_or_both_2_and_3_with_dataset_expressions to None, run_after=None
[2024-11-06T13:56:02.848+0000] {logging_mixin.py:190} INFO - [2024-11-06T13:56:02.848+0000] {dag.py:4156} INFO - Setting next_dagrun for dataset_consumes_1 to None, run_after=None
[2024-11-06T13:56:02.851+0000] {logging_mixin.py:190} INFO - [2024-11-06T13:56:02.851+0000] {dag.py:4156} INFO - Setting next_dagrun for dataset_consumes_1_and_2 to None, run_after=None
[2024-11-06T13:56:02.854+0000] {logging_mixin.py:190} INFO - [2024-11-06T13:56:02.854+0000] {dag.py:4156} INFO - Setting next_dagrun for dataset_consumes_1_never_scheduled to None, run_after=None
[2024-11-06T13:56:02.857+0000] {logging_mixin.py:190} INFO - [2024-11-06T13:56:02.857+0000] {dag.py:4156} INFO - Setting next_dagrun for dataset_consumes_unknown_never_scheduled to None, run_after=None
[2024-11-06T13:56:02.862+0000] {logging_mixin.py:190} INFO - [2024-11-06T13:56:02.862+0000] {dag.py:4156} INFO - Setting next_dagrun for dataset_produces_1 to 2024-11-05 00:00:00+00:00, run_after=2024-11-06 00:00:00+00:00
[2024-11-06T13:56:02.865+0000] {logging_mixin.py:190} INFO - [2024-11-06T13:56:02.865+0000] {dag.py:4156} INFO - Setting next_dagrun for dataset_produces_2 to None, run_after=None
[2024-11-06T13:56:02.930+0000] {processor.py:208} INFO - Processing /home/airflow/.local/lib/python3.12/site-packages/airflow/example_dags/example_datasets.py took 0.568 seconds
[2024-11-06T13:56:33.564+0000] {processor.py:186} INFO - Started process (PID=1037) to work on /home/airflow/.local/lib/python3.12/site-packages/airflow/example_dags/example_datasets.py
[2024-11-06T13:56:33.567+0000] {processor.py:914} INFO - Processing file /home/airflow/.local/lib/python3.12/site-packages/airflow/example_dags/example_datasets.py for tasks to queue
[2024-11-06T13:56:33.571+0000] {logging_mixin.py:190} INFO - [2024-11-06T13:56:33.571+0000] {dagbag.py:587} INFO - Filling up the DagBag from /home/airflow/.local/lib/python3.12/site-packages/airflow/example_dags/example_datasets.py
[2024-11-06T13:56:33.920+0000] {processor.py:925} INFO - DAG(s) 'consume_1_and_2_with_dataset_expressions', 'consume_1_or_2_with_dataset_expressions', 'dataset_consumes_unknown_never_scheduled', 'dataset_consumes_1', 'dataset_produces_1', 'dataset_consumes_1_and_2', 'dataset_produces_2', 'conditional_dataset_and_time_based_timetable', 'dataset_consumes_1_never_scheduled', 'consume_1_or_both_2_and_3_with_dataset_expressions' retrieved from /home/airflow/.local/lib/python3.12/site-packages/airflow/example_dags/example_datasets.py
[2024-11-06T13:56:34.030+0000] {logging_mixin.py:190} INFO - [2024-11-06T13:56:34.029+0000] {dag.py:3229} INFO - Sync 10 DAGs
[2024-11-06T13:56:34.080+0000] {logging_mixin.py:190} INFO - [2024-11-06T13:56:34.079+0000] {dag.py:4156} INFO - Setting next_dagrun for conditional_dataset_and_time_based_timetable to 2024-11-06 01:00:00+00:00, run_after=2024-11-06 01:00:00+00:00
[2024-11-06T13:56:34.090+0000] {logging_mixin.py:190} INFO - [2024-11-06T13:56:34.089+0000] {dag.py:4156} INFO - Setting next_dagrun for consume_1_and_2_with_dataset_expressions to None, run_after=None
[2024-11-06T13:56:34.094+0000] {logging_mixin.py:190} INFO - [2024-11-06T13:56:34.094+0000] {dag.py:4156} INFO - Setting next_dagrun for consume_1_or_2_with_dataset_expressions to None, run_after=None
[2024-11-06T13:56:34.098+0000] {logging_mixin.py:190} INFO - [2024-11-06T13:56:34.097+0000] {dag.py:4156} INFO - Setting next_dagrun for consume_1_or_both_2_and_3_with_dataset_expressions to None, run_after=None
[2024-11-06T13:56:34.101+0000] {logging_mixin.py:190} INFO - [2024-11-06T13:56:34.101+0000] {dag.py:4156} INFO - Setting next_dagrun for dataset_consumes_1 to None, run_after=None
[2024-11-06T13:56:34.105+0000] {logging_mixin.py:190} INFO - [2024-11-06T13:56:34.105+0000] {dag.py:4156} INFO - Setting next_dagrun for dataset_consumes_1_and_2 to None, run_after=None
[2024-11-06T13:56:34.108+0000] {logging_mixin.py:190} INFO - [2024-11-06T13:56:34.108+0000] {dag.py:4156} INFO - Setting next_dagrun for dataset_consumes_1_never_scheduled to None, run_after=None
[2024-11-06T13:56:34.112+0000] {logging_mixin.py:190} INFO - [2024-11-06T13:56:34.111+0000] {dag.py:4156} INFO - Setting next_dagrun for dataset_consumes_unknown_never_scheduled to None, run_after=None
[2024-11-06T13:56:34.118+0000] {logging_mixin.py:190} INFO - [2024-11-06T13:56:34.117+0000] {dag.py:4156} INFO - Setting next_dagrun for dataset_produces_1 to 2024-11-05 00:00:00+00:00, run_after=2024-11-06 00:00:00+00:00
[2024-11-06T13:56:34.121+0000] {logging_mixin.py:190} INFO - [2024-11-06T13:56:34.121+0000] {dag.py:4156} INFO - Setting next_dagrun for dataset_produces_2 to None, run_after=None
[2024-11-06T13:56:34.186+0000] {processor.py:208} INFO - Processing /home/airflow/.local/lib/python3.12/site-packages/airflow/example_dags/example_datasets.py took 0.648 seconds
[2024-11-06T13:57:04.445+0000] {processor.py:186} INFO - Started process (PID=1108) to work on /home/airflow/.local/lib/python3.12/site-packages/airflow/example_dags/example_datasets.py
[2024-11-06T13:57:04.447+0000] {processor.py:914} INFO - Processing file /home/airflow/.local/lib/python3.12/site-packages/airflow/example_dags/example_datasets.py for tasks to queue
[2024-11-06T13:57:04.451+0000] {logging_mixin.py:190} INFO - [2024-11-06T13:57:04.451+0000] {dagbag.py:587} INFO - Filling up the DagBag from /home/airflow/.local/lib/python3.12/site-packages/airflow/example_dags/example_datasets.py
[2024-11-06T13:57:04.668+0000] {processor.py:925} INFO - DAG(s) 'consume_1_and_2_with_dataset_expressions', 'dataset_consumes_unknown_never_scheduled', 'consume_1_or_both_2_and_3_with_dataset_expressions', 'dataset_produces_1', 'dataset_consumes_1_never_scheduled', 'dataset_produces_2', 'conditional_dataset_and_time_based_timetable', 'dataset_consumes_1_and_2', 'consume_1_or_2_with_dataset_expressions', 'dataset_consumes_1' retrieved from /home/airflow/.local/lib/python3.12/site-packages/airflow/example_dags/example_datasets.py
[2024-11-06T13:57:04.740+0000] {logging_mixin.py:190} INFO - [2024-11-06T13:57:04.740+0000] {dag.py:3229} INFO - Sync 10 DAGs
[2024-11-06T13:57:04.784+0000] {logging_mixin.py:190} INFO - [2024-11-06T13:57:04.783+0000] {dag.py:4156} INFO - Setting next_dagrun for conditional_dataset_and_time_based_timetable to 2024-11-06 01:00:00+00:00, run_after=2024-11-06 01:00:00+00:00
[2024-11-06T13:57:04.790+0000] {logging_mixin.py:190} INFO - [2024-11-06T13:57:04.790+0000] {dag.py:4156} INFO - Setting next_dagrun for consume_1_and_2_with_dataset_expressions to None, run_after=None
[2024-11-06T13:57:04.793+0000] {logging_mixin.py:190} INFO - [2024-11-06T13:57:04.793+0000] {dag.py:4156} INFO - Setting next_dagrun for consume_1_or_2_with_dataset_expressions to None, run_after=None
[2024-11-06T13:57:04.796+0000] {logging_mixin.py:190} INFO - [2024-11-06T13:57:04.795+0000] {dag.py:4156} INFO - Setting next_dagrun for consume_1_or_both_2_and_3_with_dataset_expressions to None, run_after=None
[2024-11-06T13:57:04.799+0000] {logging_mixin.py:190} INFO - [2024-11-06T13:57:04.799+0000] {dag.py:4156} INFO - Setting next_dagrun for dataset_consumes_1 to None, run_after=None
[2024-11-06T13:57:04.804+0000] {logging_mixin.py:190} INFO - [2024-11-06T13:57:04.804+0000] {dag.py:4156} INFO - Setting next_dagrun for dataset_consumes_1_and_2 to None, run_after=None
[2024-11-06T13:57:04.807+0000] {logging_mixin.py:190} INFO - [2024-11-06T13:57:04.807+0000] {dag.py:4156} INFO - Setting next_dagrun for dataset_consumes_1_never_scheduled to None, run_after=None
[2024-11-06T13:57:04.810+0000] {logging_mixin.py:190} INFO - [2024-11-06T13:57:04.809+0000] {dag.py:4156} INFO - Setting next_dagrun for dataset_consumes_unknown_never_scheduled to None, run_after=None
[2024-11-06T13:57:04.814+0000] {logging_mixin.py:190} INFO - [2024-11-06T13:57:04.814+0000] {dag.py:4156} INFO - Setting next_dagrun for dataset_produces_1 to 2024-11-05 00:00:00+00:00, run_after=2024-11-06 00:00:00+00:00
[2024-11-06T13:57:04.817+0000] {logging_mixin.py:190} INFO - [2024-11-06T13:57:04.816+0000] {dag.py:4156} INFO - Setting next_dagrun for dataset_produces_2 to None, run_after=None
[2024-11-06T13:57:04.881+0000] {processor.py:208} INFO - Processing /home/airflow/.local/lib/python3.12/site-packages/airflow/example_dags/example_datasets.py took 0.443 seconds
[2024-11-06T13:57:35.862+0000] {processor.py:186} INFO - Started process (PID=1173) to work on /home/airflow/.local/lib/python3.12/site-packages/airflow/example_dags/example_datasets.py
[2024-11-06T13:57:35.864+0000] {processor.py:914} INFO - Processing file /home/airflow/.local/lib/python3.12/site-packages/airflow/example_dags/example_datasets.py for tasks to queue
[2024-11-06T13:57:35.868+0000] {logging_mixin.py:190} INFO - [2024-11-06T13:57:35.867+0000] {dagbag.py:587} INFO - Filling up the DagBag from /home/airflow/.local/lib/python3.12/site-packages/airflow/example_dags/example_datasets.py
[2024-11-06T13:57:36.131+0000] {processor.py:925} INFO - DAG(s) 'conditional_dataset_and_time_based_timetable', 'consume_1_or_both_2_and_3_with_dataset_expressions', 'dataset_produces_2', 'dataset_consumes_1_never_scheduled', 'dataset_consumes_1_and_2', 'dataset_consumes_unknown_never_scheduled', 'consume_1_or_2_with_dataset_expressions', 'dataset_produces_1', 'dataset_consumes_1', 'consume_1_and_2_with_dataset_expressions' retrieved from /home/airflow/.local/lib/python3.12/site-packages/airflow/example_dags/example_datasets.py
[2024-11-06T13:57:36.222+0000] {logging_mixin.py:190} INFO - [2024-11-06T13:57:36.221+0000] {dag.py:3229} INFO - Sync 10 DAGs
[2024-11-06T13:57:36.727+0000] {logging_mixin.py:190} INFO - [2024-11-06T13:57:36.726+0000] {dag.py:4156} INFO - Setting next_dagrun for conditional_dataset_and_time_based_timetable to 2024-11-06 01:00:00+00:00, run_after=2024-11-06 01:00:00+00:00
[2024-11-06T13:57:36.738+0000] {logging_mixin.py:190} INFO - [2024-11-06T13:57:36.735+0000] {dag.py:4156} INFO - Setting next_dagrun for consume_1_and_2_with_dataset_expressions to None, run_after=None
[2024-11-06T13:57:36.741+0000] {logging_mixin.py:190} INFO - [2024-11-06T13:57:36.740+0000] {dag.py:4156} INFO - Setting next_dagrun for consume_1_or_2_with_dataset_expressions to None, run_after=None
[2024-11-06T13:57:36.744+0000] {logging_mixin.py:190} INFO - [2024-11-06T13:57:36.744+0000] {dag.py:4156} INFO - Setting next_dagrun for consume_1_or_both_2_and_3_with_dataset_expressions to None, run_after=None
[2024-11-06T13:57:36.753+0000] {logging_mixin.py:190} INFO - [2024-11-06T13:57:36.752+0000] {dag.py:4156} INFO - Setting next_dagrun for dataset_consumes_1 to None, run_after=None
[2024-11-06T13:57:36.759+0000] {logging_mixin.py:190} INFO - [2024-11-06T13:57:36.759+0000] {dag.py:4156} INFO - Setting next_dagrun for dataset_consumes_1_and_2 to None, run_after=None
[2024-11-06T13:57:36.763+0000] {logging_mixin.py:190} INFO - [2024-11-06T13:57:36.763+0000] {dag.py:4156} INFO - Setting next_dagrun for dataset_consumes_1_never_scheduled to None, run_after=None
[2024-11-06T13:57:36.767+0000] {logging_mixin.py:190} INFO - [2024-11-06T13:57:36.767+0000] {dag.py:4156} INFO - Setting next_dagrun for dataset_consumes_unknown_never_scheduled to None, run_after=None
[2024-11-06T13:57:36.774+0000] {logging_mixin.py:190} INFO - [2024-11-06T13:57:36.774+0000] {dag.py:4156} INFO - Setting next_dagrun for dataset_produces_1 to 2024-11-05 00:00:00+00:00, run_after=2024-11-06 00:00:00+00:00
[2024-11-06T13:57:36.781+0000] {logging_mixin.py:190} INFO - [2024-11-06T13:57:36.779+0000] {dag.py:4156} INFO - Setting next_dagrun for dataset_produces_2 to None, run_after=None
[2024-11-06T13:57:36.882+0000] {processor.py:208} INFO - Processing /home/airflow/.local/lib/python3.12/site-packages/airflow/example_dags/example_datasets.py took 1.028 seconds
[2024-11-06T13:58:07.060+0000] {processor.py:186} INFO - Started process (PID=1237) to work on /home/airflow/.local/lib/python3.12/site-packages/airflow/example_dags/example_datasets.py
[2024-11-06T13:58:07.061+0000] {processor.py:914} INFO - Processing file /home/airflow/.local/lib/python3.12/site-packages/airflow/example_dags/example_datasets.py for tasks to queue
[2024-11-06T13:58:07.065+0000] {logging_mixin.py:190} INFO - [2024-11-06T13:58:07.064+0000] {dagbag.py:587} INFO - Filling up the DagBag from /home/airflow/.local/lib/python3.12/site-packages/airflow/example_dags/example_datasets.py
[2024-11-06T13:58:07.372+0000] {processor.py:925} INFO - DAG(s) 'dataset_produces_1', 'dataset_produces_2', 'dataset_consumes_1_never_scheduled', 'dataset_consumes_1', 'consume_1_or_both_2_and_3_with_dataset_expressions', 'consume_1_and_2_with_dataset_expressions', 'conditional_dataset_and_time_based_timetable', 'dataset_consumes_unknown_never_scheduled', 'dataset_consumes_1_and_2', 'consume_1_or_2_with_dataset_expressions' retrieved from /home/airflow/.local/lib/python3.12/site-packages/airflow/example_dags/example_datasets.py
[2024-11-06T13:58:07.444+0000] {logging_mixin.py:190} INFO - [2024-11-06T13:58:07.443+0000] {dag.py:3229} INFO - Sync 10 DAGs
[2024-11-06T13:58:07.703+0000] {logging_mixin.py:190} INFO - [2024-11-06T13:58:07.703+0000] {dag.py:4156} INFO - Setting next_dagrun for conditional_dataset_and_time_based_timetable to 2024-11-06 01:00:00+00:00, run_after=2024-11-06 01:00:00+00:00
[2024-11-06T13:58:07.709+0000] {logging_mixin.py:190} INFO - [2024-11-06T13:58:07.709+0000] {dag.py:4156} INFO - Setting next_dagrun for consume_1_and_2_with_dataset_expressions to None, run_after=None
[2024-11-06T13:58:07.712+0000] {logging_mixin.py:190} INFO - [2024-11-06T13:58:07.712+0000] {dag.py:4156} INFO - Setting next_dagrun for consume_1_or_2_with_dataset_expressions to None, run_after=None
[2024-11-06T13:58:07.715+0000] {logging_mixin.py:190} INFO - [2024-11-06T13:58:07.714+0000] {dag.py:4156} INFO - Setting next_dagrun for consume_1_or_both_2_and_3_with_dataset_expressions to None, run_after=None
[2024-11-06T13:58:07.717+0000] {logging_mixin.py:190} INFO - [2024-11-06T13:58:07.717+0000] {dag.py:4156} INFO - Setting next_dagrun for dataset_consumes_1 to None, run_after=None
[2024-11-06T13:58:07.720+0000] {logging_mixin.py:190} INFO - [2024-11-06T13:58:07.720+0000] {dag.py:4156} INFO - Setting next_dagrun for dataset_consumes_1_and_2 to None, run_after=None
[2024-11-06T13:58:07.723+0000] {logging_mixin.py:190} INFO - [2024-11-06T13:58:07.723+0000] {dag.py:4156} INFO - Setting next_dagrun for dataset_consumes_1_never_scheduled to None, run_after=None
[2024-11-06T13:58:07.726+0000] {logging_mixin.py:190} INFO - [2024-11-06T13:58:07.726+0000] {dag.py:4156} INFO - Setting next_dagrun for dataset_consumes_unknown_never_scheduled to None, run_after=None
[2024-11-06T13:58:07.732+0000] {logging_mixin.py:190} INFO - [2024-11-06T13:58:07.732+0000] {dag.py:4156} INFO - Setting next_dagrun for dataset_produces_1 to 2024-11-05 00:00:00+00:00, run_after=2024-11-06 00:00:00+00:00
[2024-11-06T13:58:07.735+0000] {logging_mixin.py:190} INFO - [2024-11-06T13:58:07.735+0000] {dag.py:4156} INFO - Setting next_dagrun for dataset_produces_2 to None, run_after=None
[2024-11-06T13:58:07.792+0000] {processor.py:208} INFO - Processing /home/airflow/.local/lib/python3.12/site-packages/airflow/example_dags/example_datasets.py took 0.740 seconds
[2024-11-06T13:58:38.139+0000] {processor.py:186} INFO - Started process (PID=1304) to work on /home/airflow/.local/lib/python3.12/site-packages/airflow/example_dags/example_datasets.py
[2024-11-06T13:58:38.141+0000] {processor.py:914} INFO - Processing file /home/airflow/.local/lib/python3.12/site-packages/airflow/example_dags/example_datasets.py for tasks to queue
[2024-11-06T13:58:38.144+0000] {logging_mixin.py:190} INFO - [2024-11-06T13:58:38.144+0000] {dagbag.py:587} INFO - Filling up the DagBag from /home/airflow/.local/lib/python3.12/site-packages/airflow/example_dags/example_datasets.py
[2024-11-06T13:58:38.366+0000] {processor.py:925} INFO - DAG(s) 'dataset_consumes_1_never_scheduled', 'consume_1_and_2_with_dataset_expressions', 'dataset_consumes_1_and_2', 'dataset_consumes_unknown_never_scheduled', 'dataset_produces_2', 'consume_1_or_both_2_and_3_with_dataset_expressions', 'conditional_dataset_and_time_based_timetable', 'dataset_consumes_1', 'dataset_produces_1', 'consume_1_or_2_with_dataset_expressions' retrieved from /home/airflow/.local/lib/python3.12/site-packages/airflow/example_dags/example_datasets.py
[2024-11-06T13:58:38.445+0000] {logging_mixin.py:190} INFO - [2024-11-06T13:58:38.445+0000] {dag.py:3229} INFO - Sync 10 DAGs
[2024-11-06T13:58:38.720+0000] {logging_mixin.py:190} INFO - [2024-11-06T13:58:38.720+0000] {dag.py:4156} INFO - Setting next_dagrun for conditional_dataset_and_time_based_timetable to 2024-11-06 01:00:00+00:00, run_after=2024-11-06 01:00:00+00:00
[2024-11-06T13:58:38.727+0000] {logging_mixin.py:190} INFO - [2024-11-06T13:58:38.726+0000] {dag.py:4156} INFO - Setting next_dagrun for consume_1_and_2_with_dataset_expressions to None, run_after=None
[2024-11-06T13:58:38.730+0000] {logging_mixin.py:190} INFO - [2024-11-06T13:58:38.730+0000] {dag.py:4156} INFO - Setting next_dagrun for consume_1_or_2_with_dataset_expressions to None, run_after=None
[2024-11-06T13:58:38.733+0000] {logging_mixin.py:190} INFO - [2024-11-06T13:58:38.733+0000] {dag.py:4156} INFO - Setting next_dagrun for consume_1_or_both_2_and_3_with_dataset_expressions to None, run_after=None
[2024-11-06T13:58:38.736+0000] {logging_mixin.py:190} INFO - [2024-11-06T13:58:38.736+0000] {dag.py:4156} INFO - Setting next_dagrun for dataset_consumes_1 to None, run_after=None
[2024-11-06T13:58:38.738+0000] {logging_mixin.py:190} INFO - [2024-11-06T13:58:38.738+0000] {dag.py:4156} INFO - Setting next_dagrun for dataset_consumes_1_and_2 to None, run_after=None
[2024-11-06T13:58:38.741+0000] {logging_mixin.py:190} INFO - [2024-11-06T13:58:38.741+0000] {dag.py:4156} INFO - Setting next_dagrun for dataset_consumes_1_never_scheduled to None, run_after=None
[2024-11-06T13:58:38.744+0000] {logging_mixin.py:190} INFO - [2024-11-06T13:58:38.744+0000] {dag.py:4156} INFO - Setting next_dagrun for dataset_consumes_unknown_never_scheduled to None, run_after=None
[2024-11-06T13:58:38.748+0000] {logging_mixin.py:190} INFO - [2024-11-06T13:58:38.748+0000] {dag.py:4156} INFO - Setting next_dagrun for dataset_produces_1 to 2024-11-05 00:00:00+00:00, run_after=2024-11-06 00:00:00+00:00
[2024-11-06T13:58:38.751+0000] {logging_mixin.py:190} INFO - [2024-11-06T13:58:38.751+0000] {dag.py:4156} INFO - Setting next_dagrun for dataset_produces_2 to None, run_after=None
[2024-11-06T13:58:38.815+0000] {processor.py:208} INFO - Processing /home/airflow/.local/lib/python3.12/site-packages/airflow/example_dags/example_datasets.py took 0.683 seconds
[2024-11-06T13:59:08.987+0000] {processor.py:186} INFO - Started process (PID=1368) to work on /home/airflow/.local/lib/python3.12/site-packages/airflow/example_dags/example_datasets.py
[2024-11-06T13:59:08.990+0000] {processor.py:914} INFO - Processing file /home/airflow/.local/lib/python3.12/site-packages/airflow/example_dags/example_datasets.py for tasks to queue
[2024-11-06T13:59:08.994+0000] {logging_mixin.py:190} INFO - [2024-11-06T13:59:08.993+0000] {dagbag.py:587} INFO - Filling up the DagBag from /home/airflow/.local/lib/python3.12/site-packages/airflow/example_dags/example_datasets.py
[2024-11-06T13:59:09.239+0000] {processor.py:925} INFO - DAG(s) 'consume_1_and_2_with_dataset_expressions', 'dataset_consumes_unknown_never_scheduled', 'dataset_consumes_1_never_scheduled', 'dataset_produces_1', 'conditional_dataset_and_time_based_timetable', 'dataset_consumes_1', 'dataset_consumes_1_and_2', 'dataset_produces_2', 'consume_1_or_2_with_dataset_expressions', 'consume_1_or_both_2_and_3_with_dataset_expressions' retrieved from /home/airflow/.local/lib/python3.12/site-packages/airflow/example_dags/example_datasets.py
[2024-11-06T13:59:09.358+0000] {logging_mixin.py:190} INFO - [2024-11-06T13:59:09.357+0000] {dag.py:3229} INFO - Sync 10 DAGs
[2024-11-06T13:59:09.756+0000] {logging_mixin.py:190} INFO - [2024-11-06T13:59:09.755+0000] {dag.py:4156} INFO - Setting next_dagrun for conditional_dataset_and_time_based_timetable to 2024-11-06 01:00:00+00:00, run_after=2024-11-06 01:00:00+00:00
[2024-11-06T13:59:09.764+0000] {logging_mixin.py:190} INFO - [2024-11-06T13:59:09.764+0000] {dag.py:4156} INFO - Setting next_dagrun for consume_1_and_2_with_dataset_expressions to None, run_after=None
[2024-11-06T13:59:09.768+0000] {logging_mixin.py:190} INFO - [2024-11-06T13:59:09.768+0000] {dag.py:4156} INFO - Setting next_dagrun for consume_1_or_2_with_dataset_expressions to None, run_after=None
[2024-11-06T13:59:09.773+0000] {logging_mixin.py:190} INFO - [2024-11-06T13:59:09.772+0000] {dag.py:4156} INFO - Setting next_dagrun for consume_1_or_both_2_and_3_with_dataset_expressions to None, run_after=None
[2024-11-06T13:59:09.777+0000] {logging_mixin.py:190} INFO - [2024-11-06T13:59:09.777+0000] {dag.py:4156} INFO - Setting next_dagrun for dataset_consumes_1 to None, run_after=None
[2024-11-06T13:59:09.784+0000] {logging_mixin.py:190} INFO - [2024-11-06T13:59:09.783+0000] {dag.py:4156} INFO - Setting next_dagrun for dataset_consumes_1_and_2 to None, run_after=None
[2024-11-06T13:59:09.789+0000] {logging_mixin.py:190} INFO - [2024-11-06T13:59:09.788+0000] {dag.py:4156} INFO - Setting next_dagrun for dataset_consumes_1_never_scheduled to None, run_after=None
[2024-11-06T13:59:09.793+0000] {logging_mixin.py:190} INFO - [2024-11-06T13:59:09.792+0000] {dag.py:4156} INFO - Setting next_dagrun for dataset_consumes_unknown_never_scheduled to None, run_after=None
[2024-11-06T13:59:09.798+0000] {logging_mixin.py:190} INFO - [2024-11-06T13:59:09.798+0000] {dag.py:4156} INFO - Setting next_dagrun for dataset_produces_1 to 2024-11-05 00:00:00+00:00, run_after=2024-11-06 00:00:00+00:00
[2024-11-06T13:59:09.803+0000] {logging_mixin.py:190} INFO - [2024-11-06T13:59:09.802+0000] {dag.py:4156} INFO - Setting next_dagrun for dataset_produces_2 to None, run_after=None
[2024-11-06T13:59:09.884+0000] {processor.py:208} INFO - Processing /home/airflow/.local/lib/python3.12/site-packages/airflow/example_dags/example_datasets.py took 0.906 seconds
[2024-11-06T13:59:40.244+0000] {processor.py:186} INFO - Started process (PID=1431) to work on /home/airflow/.local/lib/python3.12/site-packages/airflow/example_dags/example_datasets.py
[2024-11-06T13:59:40.246+0000] {processor.py:914} INFO - Processing file /home/airflow/.local/lib/python3.12/site-packages/airflow/example_dags/example_datasets.py for tasks to queue
[2024-11-06T13:59:40.252+0000] {logging_mixin.py:190} INFO - [2024-11-06T13:59:40.251+0000] {dagbag.py:587} INFO - Filling up the DagBag from /home/airflow/.local/lib/python3.12/site-packages/airflow/example_dags/example_datasets.py
[2024-11-06T13:59:40.504+0000] {processor.py:925} INFO - DAG(s) 'dataset_produces_2', 'dataset_consumes_1_and_2', 'consume_1_or_2_with_dataset_expressions', 'consume_1_or_both_2_and_3_with_dataset_expressions', 'consume_1_and_2_with_dataset_expressions', 'conditional_dataset_and_time_based_timetable', 'dataset_consumes_1_never_scheduled', 'dataset_consumes_unknown_never_scheduled', 'dataset_consumes_1', 'dataset_produces_1' retrieved from /home/airflow/.local/lib/python3.12/site-packages/airflow/example_dags/example_datasets.py
[2024-11-06T13:59:40.594+0000] {logging_mixin.py:190} INFO - [2024-11-06T13:59:40.594+0000] {dag.py:3229} INFO - Sync 10 DAGs
[2024-11-06T13:59:40.966+0000] {logging_mixin.py:190} INFO - [2024-11-06T13:59:40.965+0000] {dag.py:4156} INFO - Setting next_dagrun for conditional_dataset_and_time_based_timetable to 2024-11-06 01:00:00+00:00, run_after=2024-11-06 01:00:00+00:00
[2024-11-06T13:59:40.975+0000] {logging_mixin.py:190} INFO - [2024-11-06T13:59:40.974+0000] {dag.py:4156} INFO - Setting next_dagrun for consume_1_and_2_with_dataset_expressions to None, run_after=None
[2024-11-06T13:59:40.979+0000] {logging_mixin.py:190} INFO - [2024-11-06T13:59:40.978+0000] {dag.py:4156} INFO - Setting next_dagrun for consume_1_or_2_with_dataset_expressions to None, run_after=None
[2024-11-06T13:59:40.982+0000] {logging_mixin.py:190} INFO - [2024-11-06T13:59:40.982+0000] {dag.py:4156} INFO - Setting next_dagrun for consume_1_or_both_2_and_3_with_dataset_expressions to None, run_after=None
[2024-11-06T13:59:40.986+0000] {logging_mixin.py:190} INFO - [2024-11-06T13:59:40.986+0000] {dag.py:4156} INFO - Setting next_dagrun for dataset_consumes_1 to None, run_after=None
[2024-11-06T13:59:40.990+0000] {logging_mixin.py:190} INFO - [2024-11-06T13:59:40.990+0000] {dag.py:4156} INFO - Setting next_dagrun for dataset_consumes_1_and_2 to None, run_after=None
[2024-11-06T13:59:40.994+0000] {logging_mixin.py:190} INFO - [2024-11-06T13:59:40.993+0000] {dag.py:4156} INFO - Setting next_dagrun for dataset_consumes_1_never_scheduled to None, run_after=None
[2024-11-06T13:59:40.998+0000] {logging_mixin.py:190} INFO - [2024-11-06T13:59:40.997+0000] {dag.py:4156} INFO - Setting next_dagrun for dataset_consumes_unknown_never_scheduled to None, run_after=None
[2024-11-06T13:59:41.003+0000] {logging_mixin.py:190} INFO - [2024-11-06T13:59:41.003+0000] {dag.py:4156} INFO - Setting next_dagrun for dataset_produces_1 to 2024-11-05 00:00:00+00:00, run_after=2024-11-06 00:00:00+00:00
[2024-11-06T13:59:41.007+0000] {logging_mixin.py:190} INFO - [2024-11-06T13:59:41.007+0000] {dag.py:4156} INFO - Setting next_dagrun for dataset_produces_2 to None, run_after=None
[2024-11-06T13:59:41.067+0000] {processor.py:208} INFO - Processing /home/airflow/.local/lib/python3.12/site-packages/airflow/example_dags/example_datasets.py took 0.832 seconds
[2024-11-06T14:01:11.837+0000] {processor.py:186} INFO - Started process (PID=41) to work on /home/airflow/.local/lib/python3.12/site-packages/airflow/example_dags/example_datasets.py
[2024-11-06T14:01:11.839+0000] {processor.py:914} INFO - Processing file /home/airflow/.local/lib/python3.12/site-packages/airflow/example_dags/example_datasets.py for tasks to queue
[2024-11-06T14:01:11.842+0000] {logging_mixin.py:190} INFO - [2024-11-06T14:01:11.842+0000] {dagbag.py:587} INFO - Filling up the DagBag from /home/airflow/.local/lib/python3.12/site-packages/airflow/example_dags/example_datasets.py
[2024-11-06T14:01:12.192+0000] {processor.py:925} INFO - DAG(s) 'dataset_produces_2', 'dataset_consumes_1_and_2', 'consume_1_and_2_with_dataset_expressions', 'consume_1_or_both_2_and_3_with_dataset_expressions', 'dataset_consumes_unknown_never_scheduled', 'consume_1_or_2_with_dataset_expressions', 'conditional_dataset_and_time_based_timetable', 'dataset_consumes_1', 'dataset_produces_1', 'dataset_consumes_1_never_scheduled' retrieved from /home/airflow/.local/lib/python3.12/site-packages/airflow/example_dags/example_datasets.py
[2024-11-06T14:01:12.264+0000] {logging_mixin.py:190} INFO - [2024-11-06T14:01:12.264+0000] {dag.py:3229} INFO - Sync 10 DAGs
[2024-11-06T14:01:12.304+0000] {logging_mixin.py:190} INFO - [2024-11-06T14:01:12.304+0000] {dag.py:4156} INFO - Setting next_dagrun for conditional_dataset_and_time_based_timetable to 2024-11-06 01:00:00+00:00, run_after=2024-11-06 01:00:00+00:00
[2024-11-06T14:01:12.310+0000] {logging_mixin.py:190} INFO - [2024-11-06T14:01:12.310+0000] {dag.py:4156} INFO - Setting next_dagrun for consume_1_and_2_with_dataset_expressions to None, run_after=None
[2024-11-06T14:01:12.313+0000] {logging_mixin.py:190} INFO - [2024-11-06T14:01:12.313+0000] {dag.py:4156} INFO - Setting next_dagrun for consume_1_or_2_with_dataset_expressions to None, run_after=None
[2024-11-06T14:01:12.316+0000] {logging_mixin.py:190} INFO - [2024-11-06T14:01:12.316+0000] {dag.py:4156} INFO - Setting next_dagrun for consume_1_or_both_2_and_3_with_dataset_expressions to None, run_after=None
[2024-11-06T14:01:12.319+0000] {logging_mixin.py:190} INFO - [2024-11-06T14:01:12.318+0000] {dag.py:4156} INFO - Setting next_dagrun for dataset_consumes_1 to None, run_after=None
[2024-11-06T14:01:12.322+0000] {logging_mixin.py:190} INFO - [2024-11-06T14:01:12.321+0000] {dag.py:4156} INFO - Setting next_dagrun for dataset_consumes_1_and_2 to None, run_after=None
[2024-11-06T14:01:12.324+0000] {logging_mixin.py:190} INFO - [2024-11-06T14:01:12.324+0000] {dag.py:4156} INFO - Setting next_dagrun for dataset_consumes_1_never_scheduled to None, run_after=None
[2024-11-06T14:01:12.329+0000] {logging_mixin.py:190} INFO - [2024-11-06T14:01:12.328+0000] {dag.py:4156} INFO - Setting next_dagrun for dataset_consumes_unknown_never_scheduled to None, run_after=None
[2024-11-06T14:01:12.333+0000] {logging_mixin.py:190} INFO - [2024-11-06T14:01:12.333+0000] {dag.py:4156} INFO - Setting next_dagrun for dataset_produces_1 to 2024-11-05 00:00:00+00:00, run_after=2024-11-06 00:00:00+00:00
[2024-11-06T14:01:12.336+0000] {logging_mixin.py:190} INFO - [2024-11-06T14:01:12.336+0000] {dag.py:4156} INFO - Setting next_dagrun for dataset_produces_2 to None, run_after=None
[2024-11-06T14:01:12.389+0000] {processor.py:208} INFO - Processing /home/airflow/.local/lib/python3.12/site-packages/airflow/example_dags/example_datasets.py took 0.560 seconds
[2024-11-06T14:01:42.529+0000] {processor.py:186} INFO - Started process (PID=105) to work on /home/airflow/.local/lib/python3.12/site-packages/airflow/example_dags/example_datasets.py
[2024-11-06T14:01:42.531+0000] {processor.py:914} INFO - Processing file /home/airflow/.local/lib/python3.12/site-packages/airflow/example_dags/example_datasets.py for tasks to queue
[2024-11-06T14:01:42.534+0000] {logging_mixin.py:190} INFO - [2024-11-06T14:01:42.534+0000] {dagbag.py:587} INFO - Filling up the DagBag from /home/airflow/.local/lib/python3.12/site-packages/airflow/example_dags/example_datasets.py
[2024-11-06T14:01:42.780+0000] {processor.py:925} INFO - DAG(s) 'dataset_consumes_unknown_never_scheduled', 'dataset_produces_1', 'dataset_produces_2', 'consume_1_or_both_2_and_3_with_dataset_expressions', 'dataset_consumes_1_and_2', 'conditional_dataset_and_time_based_timetable', 'dataset_consumes_1_never_scheduled', 'consume_1_or_2_with_dataset_expressions', 'dataset_consumes_1', 'consume_1_and_2_with_dataset_expressions' retrieved from /home/airflow/.local/lib/python3.12/site-packages/airflow/example_dags/example_datasets.py
[2024-11-06T14:01:42.871+0000] {logging_mixin.py:190} INFO - [2024-11-06T14:01:42.870+0000] {dag.py:3229} INFO - Sync 10 DAGs
[2024-11-06T14:01:42.912+0000] {logging_mixin.py:190} INFO - [2024-11-06T14:01:42.912+0000] {dag.py:4156} INFO - Setting next_dagrun for conditional_dataset_and_time_based_timetable to 2024-11-06 01:00:00+00:00, run_after=2024-11-06 01:00:00+00:00
[2024-11-06T14:01:42.919+0000] {logging_mixin.py:190} INFO - [2024-11-06T14:01:42.918+0000] {dag.py:4156} INFO - Setting next_dagrun for consume_1_and_2_with_dataset_expressions to None, run_after=None
[2024-11-06T14:01:42.921+0000] {logging_mixin.py:190} INFO - [2024-11-06T14:01:42.921+0000] {dag.py:4156} INFO - Setting next_dagrun for consume_1_or_2_with_dataset_expressions to None, run_after=None
[2024-11-06T14:01:42.924+0000] {logging_mixin.py:190} INFO - [2024-11-06T14:01:42.924+0000] {dag.py:4156} INFO - Setting next_dagrun for consume_1_or_both_2_and_3_with_dataset_expressions to None, run_after=None
[2024-11-06T14:01:42.927+0000] {logging_mixin.py:190} INFO - [2024-11-06T14:01:42.926+0000] {dag.py:4156} INFO - Setting next_dagrun for dataset_consumes_1 to None, run_after=None
[2024-11-06T14:01:42.930+0000] {logging_mixin.py:190} INFO - [2024-11-06T14:01:42.930+0000] {dag.py:4156} INFO - Setting next_dagrun for dataset_consumes_1_and_2 to None, run_after=None
[2024-11-06T14:01:42.933+0000] {logging_mixin.py:190} INFO - [2024-11-06T14:01:42.933+0000] {dag.py:4156} INFO - Setting next_dagrun for dataset_consumes_1_never_scheduled to None, run_after=None
[2024-11-06T14:01:42.936+0000] {logging_mixin.py:190} INFO - [2024-11-06T14:01:42.935+0000] {dag.py:4156} INFO - Setting next_dagrun for dataset_consumes_unknown_never_scheduled to None, run_after=None
[2024-11-06T14:01:42.940+0000] {logging_mixin.py:190} INFO - [2024-11-06T14:01:42.940+0000] {dag.py:4156} INFO - Setting next_dagrun for dataset_produces_1 to 2024-11-05 00:00:00+00:00, run_after=2024-11-06 00:00:00+00:00
[2024-11-06T14:01:42.944+0000] {logging_mixin.py:190} INFO - [2024-11-06T14:01:42.943+0000] {dag.py:4156} INFO - Setting next_dagrun for dataset_produces_2 to None, run_after=None
[2024-11-06T14:01:43.006+0000] {processor.py:208} INFO - Processing /home/airflow/.local/lib/python3.12/site-packages/airflow/example_dags/example_datasets.py took 0.486 seconds
[2024-11-06T14:02:13.303+0000] {processor.py:186} INFO - Started process (PID=169) to work on /home/airflow/.local/lib/python3.12/site-packages/airflow/example_dags/example_datasets.py
[2024-11-06T14:02:13.304+0000] {processor.py:914} INFO - Processing file /home/airflow/.local/lib/python3.12/site-packages/airflow/example_dags/example_datasets.py for tasks to queue
[2024-11-06T14:02:13.308+0000] {logging_mixin.py:190} INFO - [2024-11-06T14:02:13.307+0000] {dagbag.py:587} INFO - Filling up the DagBag from /home/airflow/.local/lib/python3.12/site-packages/airflow/example_dags/example_datasets.py
[2024-11-06T14:02:13.519+0000] {processor.py:925} INFO - DAG(s) 'dataset_consumes_1', 'dataset_produces_1', 'dataset_produces_2', 'dataset_consumes_1_never_scheduled', 'consume_1_or_2_with_dataset_expressions', 'conditional_dataset_and_time_based_timetable', 'dataset_consumes_unknown_never_scheduled', 'dataset_consumes_1_and_2', 'consume_1_or_both_2_and_3_with_dataset_expressions', 'consume_1_and_2_with_dataset_expressions' retrieved from /home/airflow/.local/lib/python3.12/site-packages/airflow/example_dags/example_datasets.py
[2024-11-06T14:02:13.592+0000] {logging_mixin.py:190} INFO - [2024-11-06T14:02:13.592+0000] {dag.py:3229} INFO - Sync 10 DAGs
[2024-11-06T14:02:13.637+0000] {logging_mixin.py:190} INFO - [2024-11-06T14:02:13.637+0000] {dag.py:4156} INFO - Setting next_dagrun for conditional_dataset_and_time_based_timetable to 2024-11-06 01:00:00+00:00, run_after=2024-11-06 01:00:00+00:00
[2024-11-06T14:02:13.644+0000] {logging_mixin.py:190} INFO - [2024-11-06T14:02:13.644+0000] {dag.py:4156} INFO - Setting next_dagrun for consume_1_and_2_with_dataset_expressions to None, run_after=None
[2024-11-06T14:02:13.647+0000] {logging_mixin.py:190} INFO - [2024-11-06T14:02:13.647+0000] {dag.py:4156} INFO - Setting next_dagrun for consume_1_or_2_with_dataset_expressions to None, run_after=None
[2024-11-06T14:02:13.650+0000] {logging_mixin.py:190} INFO - [2024-11-06T14:02:13.650+0000] {dag.py:4156} INFO - Setting next_dagrun for consume_1_or_both_2_and_3_with_dataset_expressions to None, run_after=None
[2024-11-06T14:02:13.653+0000] {logging_mixin.py:190} INFO - [2024-11-06T14:02:13.653+0000] {dag.py:4156} INFO - Setting next_dagrun for dataset_consumes_1 to None, run_after=None
[2024-11-06T14:02:13.656+0000] {logging_mixin.py:190} INFO - [2024-11-06T14:02:13.656+0000] {dag.py:4156} INFO - Setting next_dagrun for dataset_consumes_1_and_2 to None, run_after=None
[2024-11-06T14:02:13.658+0000] {logging_mixin.py:190} INFO - [2024-11-06T14:02:13.658+0000] {dag.py:4156} INFO - Setting next_dagrun for dataset_consumes_1_never_scheduled to None, run_after=None
[2024-11-06T14:02:13.661+0000] {logging_mixin.py:190} INFO - [2024-11-06T14:02:13.660+0000] {dag.py:4156} INFO - Setting next_dagrun for dataset_consumes_unknown_never_scheduled to None, run_after=None
[2024-11-06T14:02:13.665+0000] {logging_mixin.py:190} INFO - [2024-11-06T14:02:13.665+0000] {dag.py:4156} INFO - Setting next_dagrun for dataset_produces_1 to 2024-11-05 00:00:00+00:00, run_after=2024-11-06 00:00:00+00:00
[2024-11-06T14:02:13.667+0000] {logging_mixin.py:190} INFO - [2024-11-06T14:02:13.667+0000] {dag.py:4156} INFO - Setting next_dagrun for dataset_produces_2 to None, run_after=None
[2024-11-06T14:02:13.726+0000] {processor.py:208} INFO - Processing /home/airflow/.local/lib/python3.12/site-packages/airflow/example_dags/example_datasets.py took 0.430 seconds
[2024-11-06T14:02:44.539+0000] {processor.py:186} INFO - Started process (PID=232) to work on /home/airflow/.local/lib/python3.12/site-packages/airflow/example_dags/example_datasets.py
[2024-11-06T14:02:44.541+0000] {processor.py:914} INFO - Processing file /home/airflow/.local/lib/python3.12/site-packages/airflow/example_dags/example_datasets.py for tasks to queue
[2024-11-06T14:02:44.544+0000] {logging_mixin.py:190} INFO - [2024-11-06T14:02:44.543+0000] {dagbag.py:587} INFO - Filling up the DagBag from /home/airflow/.local/lib/python3.12/site-packages/airflow/example_dags/example_datasets.py
[2024-11-06T14:02:44.805+0000] {processor.py:925} INFO - DAG(s) 'conditional_dataset_and_time_based_timetable', 'consume_1_and_2_with_dataset_expressions', 'consume_1_or_2_with_dataset_expressions', 'dataset_consumes_unknown_never_scheduled', 'dataset_consumes_1', 'dataset_produces_1', 'dataset_produces_2', 'consume_1_or_both_2_and_3_with_dataset_expressions', 'dataset_consumes_1_never_scheduled', 'dataset_consumes_1_and_2' retrieved from /home/airflow/.local/lib/python3.12/site-packages/airflow/example_dags/example_datasets.py
[2024-11-06T14:02:44.859+0000] {logging_mixin.py:190} INFO - [2024-11-06T14:02:44.859+0000] {dag.py:3229} INFO - Sync 10 DAGs
[2024-11-06T14:02:44.891+0000] {logging_mixin.py:190} INFO - [2024-11-06T14:02:44.891+0000] {dag.py:4156} INFO - Setting next_dagrun for conditional_dataset_and_time_based_timetable to 2024-11-06 01:00:00+00:00, run_after=2024-11-06 01:00:00+00:00
[2024-11-06T14:02:44.896+0000] {logging_mixin.py:190} INFO - [2024-11-06T14:02:44.896+0000] {dag.py:4156} INFO - Setting next_dagrun for consume_1_and_2_with_dataset_expressions to None, run_after=None
[2024-11-06T14:02:44.898+0000] {logging_mixin.py:190} INFO - [2024-11-06T14:02:44.898+0000] {dag.py:4156} INFO - Setting next_dagrun for consume_1_or_2_with_dataset_expressions to None, run_after=None
[2024-11-06T14:02:44.900+0000] {logging_mixin.py:190} INFO - [2024-11-06T14:02:44.900+0000] {dag.py:4156} INFO - Setting next_dagrun for consume_1_or_both_2_and_3_with_dataset_expressions to None, run_after=None
[2024-11-06T14:02:44.903+0000] {logging_mixin.py:190} INFO - [2024-11-06T14:02:44.902+0000] {dag.py:4156} INFO - Setting next_dagrun for dataset_consumes_1 to None, run_after=None
[2024-11-06T14:02:44.905+0000] {logging_mixin.py:190} INFO - [2024-11-06T14:02:44.905+0000] {dag.py:4156} INFO - Setting next_dagrun for dataset_consumes_1_and_2 to None, run_after=None
[2024-11-06T14:02:44.907+0000] {logging_mixin.py:190} INFO - [2024-11-06T14:02:44.907+0000] {dag.py:4156} INFO - Setting next_dagrun for dataset_consumes_1_never_scheduled to None, run_after=None
[2024-11-06T14:02:44.909+0000] {logging_mixin.py:190} INFO - [2024-11-06T14:02:44.909+0000] {dag.py:4156} INFO - Setting next_dagrun for dataset_consumes_unknown_never_scheduled to None, run_after=None
[2024-11-06T14:02:44.913+0000] {logging_mixin.py:190} INFO - [2024-11-06T14:02:44.912+0000] {dag.py:4156} INFO - Setting next_dagrun for dataset_produces_1 to 2024-11-05 00:00:00+00:00, run_after=2024-11-06 00:00:00+00:00
[2024-11-06T14:02:44.915+0000] {logging_mixin.py:190} INFO - [2024-11-06T14:02:44.914+0000] {dag.py:4156} INFO - Setting next_dagrun for dataset_produces_2 to None, run_after=None
[2024-11-06T14:02:44.961+0000] {processor.py:208} INFO - Processing /home/airflow/.local/lib/python3.12/site-packages/airflow/example_dags/example_datasets.py took 0.428 seconds
[2024-11-06T14:03:15.361+0000] {processor.py:186} INFO - Started process (PID=296) to work on /home/airflow/.local/lib/python3.12/site-packages/airflow/example_dags/example_datasets.py
[2024-11-06T14:03:15.363+0000] {processor.py:914} INFO - Processing file /home/airflow/.local/lib/python3.12/site-packages/airflow/example_dags/example_datasets.py for tasks to queue
[2024-11-06T14:03:15.367+0000] {logging_mixin.py:190} INFO - [2024-11-06T14:03:15.367+0000] {dagbag.py:587} INFO - Filling up the DagBag from /home/airflow/.local/lib/python3.12/site-packages/airflow/example_dags/example_datasets.py
[2024-11-06T14:03:15.645+0000] {processor.py:925} INFO - DAG(s) 'dataset_produces_1', 'dataset_consumes_1_and_2', 'conditional_dataset_and_time_based_timetable', 'dataset_produces_2', 'consume_1_and_2_with_dataset_expressions', 'dataset_consumes_1', 'consume_1_or_both_2_and_3_with_dataset_expressions', 'dataset_consumes_unknown_never_scheduled', 'dataset_consumes_1_never_scheduled', 'consume_1_or_2_with_dataset_expressions' retrieved from /home/airflow/.local/lib/python3.12/site-packages/airflow/example_dags/example_datasets.py
[2024-11-06T14:03:15.757+0000] {logging_mixin.py:190} INFO - [2024-11-06T14:03:15.757+0000] {dag.py:3229} INFO - Sync 10 DAGs
[2024-11-06T14:03:15.826+0000] {logging_mixin.py:190} INFO - [2024-11-06T14:03:15.826+0000] {dag.py:4156} INFO - Setting next_dagrun for conditional_dataset_and_time_based_timetable to 2024-11-06 01:00:00+00:00, run_after=2024-11-06 01:00:00+00:00
[2024-11-06T14:03:15.837+0000] {logging_mixin.py:190} INFO - [2024-11-06T14:03:15.837+0000] {dag.py:4156} INFO - Setting next_dagrun for consume_1_and_2_with_dataset_expressions to None, run_after=None
[2024-11-06T14:03:15.841+0000] {logging_mixin.py:190} INFO - [2024-11-06T14:03:15.840+0000] {dag.py:4156} INFO - Setting next_dagrun for consume_1_or_2_with_dataset_expressions to None, run_after=None
[2024-11-06T14:03:15.845+0000] {logging_mixin.py:190} INFO - [2024-11-06T14:03:15.844+0000] {dag.py:4156} INFO - Setting next_dagrun for consume_1_or_both_2_and_3_with_dataset_expressions to None, run_after=None
[2024-11-06T14:03:15.850+0000] {logging_mixin.py:190} INFO - [2024-11-06T14:03:15.849+0000] {dag.py:4156} INFO - Setting next_dagrun for dataset_consumes_1 to None, run_after=None
[2024-11-06T14:03:15.854+0000] {logging_mixin.py:190} INFO - [2024-11-06T14:03:15.854+0000] {dag.py:4156} INFO - Setting next_dagrun for dataset_consumes_1_and_2 to None, run_after=None
[2024-11-06T14:03:15.858+0000] {logging_mixin.py:190} INFO - [2024-11-06T14:03:15.858+0000] {dag.py:4156} INFO - Setting next_dagrun for dataset_consumes_1_never_scheduled to None, run_after=None
[2024-11-06T14:03:15.862+0000] {logging_mixin.py:190} INFO - [2024-11-06T14:03:15.862+0000] {dag.py:4156} INFO - Setting next_dagrun for dataset_consumes_unknown_never_scheduled to None, run_after=None
[2024-11-06T14:03:15.868+0000] {logging_mixin.py:190} INFO - [2024-11-06T14:03:15.867+0000] {dag.py:4156} INFO - Setting next_dagrun for dataset_produces_1 to 2024-11-05 00:00:00+00:00, run_after=2024-11-06 00:00:00+00:00
[2024-11-06T14:03:15.873+0000] {logging_mixin.py:190} INFO - [2024-11-06T14:03:15.872+0000] {dag.py:4156} INFO - Setting next_dagrun for dataset_produces_2 to None, run_after=None
[2024-11-06T14:03:15.972+0000] {processor.py:208} INFO - Processing /home/airflow/.local/lib/python3.12/site-packages/airflow/example_dags/example_datasets.py took 0.621 seconds
[2024-11-06T14:03:46.763+0000] {processor.py:186} INFO - Started process (PID=360) to work on /home/airflow/.local/lib/python3.12/site-packages/airflow/example_dags/example_datasets.py
[2024-11-06T14:03:46.765+0000] {processor.py:914} INFO - Processing file /home/airflow/.local/lib/python3.12/site-packages/airflow/example_dags/example_datasets.py for tasks to queue
[2024-11-06T14:03:46.769+0000] {logging_mixin.py:190} INFO - [2024-11-06T14:03:46.769+0000] {dagbag.py:587} INFO - Filling up the DagBag from /home/airflow/.local/lib/python3.12/site-packages/airflow/example_dags/example_datasets.py
[2024-11-06T14:03:47.009+0000] {processor.py:925} INFO - DAG(s) 'consume_1_or_both_2_and_3_with_dataset_expressions', 'consume_1_or_2_with_dataset_expressions', 'consume_1_and_2_with_dataset_expressions', 'dataset_produces_1', 'conditional_dataset_and_time_based_timetable', 'dataset_consumes_unknown_never_scheduled', 'dataset_produces_2', 'dataset_consumes_1_never_scheduled', 'dataset_consumes_1', 'dataset_consumes_1_and_2' retrieved from /home/airflow/.local/lib/python3.12/site-packages/airflow/example_dags/example_datasets.py
[2024-11-06T14:03:47.089+0000] {logging_mixin.py:190} INFO - [2024-11-06T14:03:47.089+0000] {dag.py:3229} INFO - Sync 10 DAGs
[2024-11-06T14:03:47.137+0000] {logging_mixin.py:190} INFO - [2024-11-06T14:03:47.137+0000] {dag.py:4156} INFO - Setting next_dagrun for conditional_dataset_and_time_based_timetable to 2024-11-06 01:00:00+00:00, run_after=2024-11-06 01:00:00+00:00
[2024-11-06T14:03:47.146+0000] {logging_mixin.py:190} INFO - [2024-11-06T14:03:47.145+0000] {dag.py:4156} INFO - Setting next_dagrun for consume_1_and_2_with_dataset_expressions to None, run_after=None
[2024-11-06T14:03:47.149+0000] {logging_mixin.py:190} INFO - [2024-11-06T14:03:47.149+0000] {dag.py:4156} INFO - Setting next_dagrun for consume_1_or_2_with_dataset_expressions to None, run_after=None
[2024-11-06T14:03:47.153+0000] {logging_mixin.py:190} INFO - [2024-11-06T14:03:47.153+0000] {dag.py:4156} INFO - Setting next_dagrun for consume_1_or_both_2_and_3_with_dataset_expressions to None, run_after=None
[2024-11-06T14:03:47.157+0000] {logging_mixin.py:190} INFO - [2024-11-06T14:03:47.156+0000] {dag.py:4156} INFO - Setting next_dagrun for dataset_consumes_1 to None, run_after=None
[2024-11-06T14:03:47.163+0000] {logging_mixin.py:190} INFO - [2024-11-06T14:03:47.163+0000] {dag.py:4156} INFO - Setting next_dagrun for dataset_consumes_1_and_2 to None, run_after=None
[2024-11-06T14:03:47.167+0000] {logging_mixin.py:190} INFO - [2024-11-06T14:03:47.167+0000] {dag.py:4156} INFO - Setting next_dagrun for dataset_consumes_1_never_scheduled to None, run_after=None
[2024-11-06T14:03:47.174+0000] {logging_mixin.py:190} INFO - [2024-11-06T14:03:47.174+0000] {dag.py:4156} INFO - Setting next_dagrun for dataset_consumes_unknown_never_scheduled to None, run_after=None
[2024-11-06T14:03:47.182+0000] {logging_mixin.py:190} INFO - [2024-11-06T14:03:47.181+0000] {dag.py:4156} INFO - Setting next_dagrun for dataset_produces_1 to 2024-11-05 00:00:00+00:00, run_after=2024-11-06 00:00:00+00:00
[2024-11-06T14:03:47.186+0000] {logging_mixin.py:190} INFO - [2024-11-06T14:03:47.185+0000] {dag.py:4156} INFO - Setting next_dagrun for dataset_produces_2 to None, run_after=None
[2024-11-06T14:03:47.416+0000] {processor.py:208} INFO - Processing /home/airflow/.local/lib/python3.12/site-packages/airflow/example_dags/example_datasets.py took 0.665 seconds
