[2024-11-06T13:49:01.703+0000] {processor.py:186} INFO - Started process (PID=105) to work on /home/airflow/.local/lib/python3.12/site-packages/airflow/example_dags/example_branch_labels.py
[2024-11-06T13:49:01.705+0000] {processor.py:914} INFO - Processing file /home/airflow/.local/lib/python3.12/site-packages/airflow/example_dags/example_branch_labels.py for tasks to queue
[2024-11-06T13:49:01.710+0000] {logging_mixin.py:190} INFO - [2024-11-06T13:49:01.709+0000] {dagbag.py:587} INFO - Filling up the DagBag from /home/airflow/.local/lib/python3.12/site-packages/airflow/example_dags/example_branch_labels.py
[2024-11-06T13:49:01.738+0000] {processor.py:925} INFO - DAG(s) 'example_branch_labels' retrieved from /home/airflow/.local/lib/python3.12/site-packages/airflow/example_dags/example_branch_labels.py
[2024-11-06T13:49:01.871+0000] {logging_mixin.py:190} INFO - [2024-11-06T13:49:01.871+0000] {dag.py:3229} INFO - Sync 1 DAGs
[2024-11-06T13:49:01.975+0000] {logging_mixin.py:190} INFO - [2024-11-06T13:49:01.975+0000] {dag.py:4156} INFO - Setting next_dagrun for example_branch_labels to 2024-11-05 00:00:00+00:00, run_after=2024-11-06 00:00:00+00:00
[2024-11-06T13:49:02.017+0000] {processor.py:208} INFO - Processing /home/airflow/.local/lib/python3.12/site-packages/airflow/example_dags/example_branch_labels.py took 0.323 seconds
[2024-11-06T13:49:32.733+0000] {processor.py:186} INFO - Started process (PID=167) to work on /home/airflow/.local/lib/python3.12/site-packages/airflow/example_dags/example_branch_labels.py
[2024-11-06T13:49:32.734+0000] {processor.py:914} INFO - Processing file /home/airflow/.local/lib/python3.12/site-packages/airflow/example_dags/example_branch_labels.py for tasks to queue
[2024-11-06T13:49:32.738+0000] {logging_mixin.py:190} INFO - [2024-11-06T13:49:32.737+0000] {dagbag.py:587} INFO - Filling up the DagBag from /home/airflow/.local/lib/python3.12/site-packages/airflow/example_dags/example_branch_labels.py
[2024-11-06T13:49:32.752+0000] {processor.py:925} INFO - DAG(s) 'example_branch_labels' retrieved from /home/airflow/.local/lib/python3.12/site-packages/airflow/example_dags/example_branch_labels.py
[2024-11-06T13:49:32.786+0000] {logging_mixin.py:190} INFO - [2024-11-06T13:49:32.785+0000] {dag.py:3229} INFO - Sync 1 DAGs
[2024-11-06T13:49:32.826+0000] {logging_mixin.py:190} INFO - [2024-11-06T13:49:32.826+0000] {dag.py:4156} INFO - Setting next_dagrun for example_branch_labels to 2024-11-05 00:00:00+00:00, run_after=2024-11-06 00:00:00+00:00
[2024-11-06T13:49:32.854+0000] {processor.py:208} INFO - Processing /home/airflow/.local/lib/python3.12/site-packages/airflow/example_dags/example_branch_labels.py took 0.130 seconds
[2024-11-06T13:50:03.289+0000] {processor.py:186} INFO - Started process (PID=241) to work on /home/airflow/.local/lib/python3.12/site-packages/airflow/example_dags/example_branch_labels.py
[2024-11-06T13:50:03.290+0000] {processor.py:914} INFO - Processing file /home/airflow/.local/lib/python3.12/site-packages/airflow/example_dags/example_branch_labels.py for tasks to queue
[2024-11-06T13:50:03.293+0000] {logging_mixin.py:190} INFO - [2024-11-06T13:50:03.292+0000] {dagbag.py:587} INFO - Filling up the DagBag from /home/airflow/.local/lib/python3.12/site-packages/airflow/example_dags/example_branch_labels.py
[2024-11-06T13:50:03.301+0000] {processor.py:925} INFO - DAG(s) 'example_branch_labels' retrieved from /home/airflow/.local/lib/python3.12/site-packages/airflow/example_dags/example_branch_labels.py
[2024-11-06T13:50:03.322+0000] {logging_mixin.py:190} INFO - [2024-11-06T13:50:03.322+0000] {dag.py:3229} INFO - Sync 1 DAGs
[2024-11-06T13:50:03.351+0000] {logging_mixin.py:190} INFO - [2024-11-06T13:50:03.351+0000] {dag.py:4156} INFO - Setting next_dagrun for example_branch_labels to 2024-11-05 00:00:00+00:00, run_after=2024-11-06 00:00:00+00:00
[2024-11-06T13:50:03.372+0000] {processor.py:208} INFO - Processing /home/airflow/.local/lib/python3.12/site-packages/airflow/example_dags/example_branch_labels.py took 0.088 seconds
[2024-11-06T13:50:34.130+0000] {processor.py:186} INFO - Started process (PID=309) to work on /home/airflow/.local/lib/python3.12/site-packages/airflow/example_dags/example_branch_labels.py
[2024-11-06T13:50:34.131+0000] {processor.py:914} INFO - Processing file /home/airflow/.local/lib/python3.12/site-packages/airflow/example_dags/example_branch_labels.py for tasks to queue
[2024-11-06T13:50:34.134+0000] {logging_mixin.py:190} INFO - [2024-11-06T13:50:34.133+0000] {dagbag.py:587} INFO - Filling up the DagBag from /home/airflow/.local/lib/python3.12/site-packages/airflow/example_dags/example_branch_labels.py
[2024-11-06T13:50:34.143+0000] {processor.py:925} INFO - DAG(s) 'example_branch_labels' retrieved from /home/airflow/.local/lib/python3.12/site-packages/airflow/example_dags/example_branch_labels.py
[2024-11-06T13:50:34.166+0000] {logging_mixin.py:190} INFO - [2024-11-06T13:50:34.165+0000] {dag.py:3229} INFO - Sync 1 DAGs
[2024-11-06T13:50:34.190+0000] {logging_mixin.py:190} INFO - [2024-11-06T13:50:34.190+0000] {dag.py:4156} INFO - Setting next_dagrun for example_branch_labels to 2024-11-05 00:00:00+00:00, run_after=2024-11-06 00:00:00+00:00
[2024-11-06T13:50:34.210+0000] {processor.py:208} INFO - Processing /home/airflow/.local/lib/python3.12/site-packages/airflow/example_dags/example_branch_labels.py took 0.086 seconds
[2024-11-06T13:51:05.462+0000] {processor.py:186} INFO - Started process (PID=373) to work on /home/airflow/.local/lib/python3.12/site-packages/airflow/example_dags/example_branch_labels.py
[2024-11-06T13:51:05.464+0000] {processor.py:914} INFO - Processing file /home/airflow/.local/lib/python3.12/site-packages/airflow/example_dags/example_branch_labels.py for tasks to queue
[2024-11-06T13:51:05.468+0000] {logging_mixin.py:190} INFO - [2024-11-06T13:51:05.468+0000] {dagbag.py:587} INFO - Filling up the DagBag from /home/airflow/.local/lib/python3.12/site-packages/airflow/example_dags/example_branch_labels.py
[2024-11-06T13:51:05.490+0000] {processor.py:925} INFO - DAG(s) 'example_branch_labels' retrieved from /home/airflow/.local/lib/python3.12/site-packages/airflow/example_dags/example_branch_labels.py
[2024-11-06T13:51:05.534+0000] {logging_mixin.py:190} INFO - [2024-11-06T13:51:05.533+0000] {dag.py:3229} INFO - Sync 1 DAGs
[2024-11-06T13:51:05.577+0000] {logging_mixin.py:190} INFO - [2024-11-06T13:51:05.576+0000] {dag.py:4156} INFO - Setting next_dagrun for example_branch_labels to 2024-11-05 00:00:00+00:00, run_after=2024-11-06 00:00:00+00:00
[2024-11-06T13:51:05.606+0000] {processor.py:208} INFO - Processing /home/airflow/.local/lib/python3.12/site-packages/airflow/example_dags/example_branch_labels.py took 0.156 seconds
[2024-11-06T13:51:36.207+0000] {processor.py:186} INFO - Started process (PID=437) to work on /home/airflow/.local/lib/python3.12/site-packages/airflow/example_dags/example_branch_labels.py
[2024-11-06T13:51:36.215+0000] {processor.py:914} INFO - Processing file /home/airflow/.local/lib/python3.12/site-packages/airflow/example_dags/example_branch_labels.py for tasks to queue
[2024-11-06T13:51:36.220+0000] {logging_mixin.py:190} INFO - [2024-11-06T13:51:36.219+0000] {dagbag.py:587} INFO - Filling up the DagBag from /home/airflow/.local/lib/python3.12/site-packages/airflow/example_dags/example_branch_labels.py
[2024-11-06T13:51:36.247+0000] {processor.py:925} INFO - DAG(s) 'example_branch_labels' retrieved from /home/airflow/.local/lib/python3.12/site-packages/airflow/example_dags/example_branch_labels.py
[2024-11-06T13:51:36.317+0000] {logging_mixin.py:190} INFO - [2024-11-06T13:51:36.316+0000] {dag.py:3229} INFO - Sync 1 DAGs
[2024-11-06T13:51:36.374+0000] {logging_mixin.py:190} INFO - [2024-11-06T13:51:36.374+0000] {dag.py:4156} INFO - Setting next_dagrun for example_branch_labels to 2024-11-05 00:00:00+00:00, run_after=2024-11-06 00:00:00+00:00
[2024-11-06T13:51:36.407+0000] {processor.py:208} INFO - Processing /home/airflow/.local/lib/python3.12/site-packages/airflow/example_dags/example_branch_labels.py took 0.217 seconds
[2024-11-06T13:52:06.784+0000] {processor.py:186} INFO - Started process (PID=501) to work on /home/airflow/.local/lib/python3.12/site-packages/airflow/example_dags/example_branch_labels.py
[2024-11-06T13:52:06.785+0000] {processor.py:914} INFO - Processing file /home/airflow/.local/lib/python3.12/site-packages/airflow/example_dags/example_branch_labels.py for tasks to queue
[2024-11-06T13:52:06.789+0000] {logging_mixin.py:190} INFO - [2024-11-06T13:52:06.788+0000] {dagbag.py:587} INFO - Filling up the DagBag from /home/airflow/.local/lib/python3.12/site-packages/airflow/example_dags/example_branch_labels.py
[2024-11-06T13:52:06.802+0000] {processor.py:925} INFO - DAG(s) 'example_branch_labels' retrieved from /home/airflow/.local/lib/python3.12/site-packages/airflow/example_dags/example_branch_labels.py
[2024-11-06T13:52:06.832+0000] {logging_mixin.py:190} INFO - [2024-11-06T13:52:06.831+0000] {dag.py:3229} INFO - Sync 1 DAGs
[2024-11-06T13:52:06.868+0000] {logging_mixin.py:190} INFO - [2024-11-06T13:52:06.867+0000] {dag.py:4156} INFO - Setting next_dagrun for example_branch_labels to 2024-11-05 00:00:00+00:00, run_after=2024-11-06 00:00:00+00:00
[2024-11-06T13:52:06.899+0000] {processor.py:208} INFO - Processing /home/airflow/.local/lib/python3.12/site-packages/airflow/example_dags/example_branch_labels.py took 0.122 seconds
[2024-11-06T13:52:37.287+0000] {processor.py:186} INFO - Started process (PID=565) to work on /home/airflow/.local/lib/python3.12/site-packages/airflow/example_dags/example_branch_labels.py
[2024-11-06T13:52:37.289+0000] {processor.py:914} INFO - Processing file /home/airflow/.local/lib/python3.12/site-packages/airflow/example_dags/example_branch_labels.py for tasks to queue
[2024-11-06T13:52:37.292+0000] {logging_mixin.py:190} INFO - [2024-11-06T13:52:37.292+0000] {dagbag.py:587} INFO - Filling up the DagBag from /home/airflow/.local/lib/python3.12/site-packages/airflow/example_dags/example_branch_labels.py
[2024-11-06T13:52:37.306+0000] {processor.py:925} INFO - DAG(s) 'example_branch_labels' retrieved from /home/airflow/.local/lib/python3.12/site-packages/airflow/example_dags/example_branch_labels.py
[2024-11-06T13:52:37.338+0000] {logging_mixin.py:190} INFO - [2024-11-06T13:52:37.337+0000] {dag.py:3229} INFO - Sync 1 DAGs
[2024-11-06T13:52:37.372+0000] {logging_mixin.py:190} INFO - [2024-11-06T13:52:37.371+0000] {dag.py:4156} INFO - Setting next_dagrun for example_branch_labels to 2024-11-05 00:00:00+00:00, run_after=2024-11-06 00:00:00+00:00
[2024-11-06T13:52:37.399+0000] {processor.py:208} INFO - Processing /home/airflow/.local/lib/python3.12/site-packages/airflow/example_dags/example_branch_labels.py took 0.120 seconds
[2024-11-06T13:53:07.910+0000] {processor.py:186} INFO - Started process (PID=629) to work on /home/airflow/.local/lib/python3.12/site-packages/airflow/example_dags/example_branch_labels.py
[2024-11-06T13:53:07.912+0000] {processor.py:914} INFO - Processing file /home/airflow/.local/lib/python3.12/site-packages/airflow/example_dags/example_branch_labels.py for tasks to queue
[2024-11-06T13:53:07.916+0000] {logging_mixin.py:190} INFO - [2024-11-06T13:53:07.916+0000] {dagbag.py:587} INFO - Filling up the DagBag from /home/airflow/.local/lib/python3.12/site-packages/airflow/example_dags/example_branch_labels.py
[2024-11-06T13:53:07.933+0000] {processor.py:925} INFO - DAG(s) 'example_branch_labels' retrieved from /home/airflow/.local/lib/python3.12/site-packages/airflow/example_dags/example_branch_labels.py
[2024-11-06T13:53:07.971+0000] {logging_mixin.py:190} INFO - [2024-11-06T13:53:07.971+0000] {dag.py:3229} INFO - Sync 1 DAGs
[2024-11-06T13:53:08.016+0000] {logging_mixin.py:190} INFO - [2024-11-06T13:53:08.015+0000] {dag.py:4156} INFO - Setting next_dagrun for example_branch_labels to 2024-11-05 00:00:00+00:00, run_after=2024-11-06 00:00:00+00:00
[2024-11-06T13:53:08.060+0000] {processor.py:208} INFO - Processing /home/airflow/.local/lib/python3.12/site-packages/airflow/example_dags/example_branch_labels.py took 0.159 seconds
[2024-11-06T13:53:38.453+0000] {processor.py:186} INFO - Started process (PID=693) to work on /home/airflow/.local/lib/python3.12/site-packages/airflow/example_dags/example_branch_labels.py
[2024-11-06T13:53:38.455+0000] {processor.py:914} INFO - Processing file /home/airflow/.local/lib/python3.12/site-packages/airflow/example_dags/example_branch_labels.py for tasks to queue
[2024-11-06T13:53:38.459+0000] {logging_mixin.py:190} INFO - [2024-11-06T13:53:38.458+0000] {dagbag.py:587} INFO - Filling up the DagBag from /home/airflow/.local/lib/python3.12/site-packages/airflow/example_dags/example_branch_labels.py
[2024-11-06T13:53:38.481+0000] {processor.py:925} INFO - DAG(s) 'example_branch_labels' retrieved from /home/airflow/.local/lib/python3.12/site-packages/airflow/example_dags/example_branch_labels.py
[2024-11-06T13:53:38.528+0000] {logging_mixin.py:190} INFO - [2024-11-06T13:53:38.528+0000] {dag.py:3229} INFO - Sync 1 DAGs
[2024-11-06T13:53:38.562+0000] {logging_mixin.py:190} INFO - [2024-11-06T13:53:38.561+0000] {dag.py:4156} INFO - Setting next_dagrun for example_branch_labels to 2024-11-05 00:00:00+00:00, run_after=2024-11-06 00:00:00+00:00
[2024-11-06T13:53:38.590+0000] {processor.py:208} INFO - Processing /home/airflow/.local/lib/python3.12/site-packages/airflow/example_dags/example_branch_labels.py took 0.146 seconds
[2024-11-06T13:54:08.988+0000] {processor.py:186} INFO - Started process (PID=757) to work on /home/airflow/.local/lib/python3.12/site-packages/airflow/example_dags/example_branch_labels.py
[2024-11-06T13:54:08.990+0000] {processor.py:914} INFO - Processing file /home/airflow/.local/lib/python3.12/site-packages/airflow/example_dags/example_branch_labels.py for tasks to queue
[2024-11-06T13:54:08.993+0000] {logging_mixin.py:190} INFO - [2024-11-06T13:54:08.993+0000] {dagbag.py:587} INFO - Filling up the DagBag from /home/airflow/.local/lib/python3.12/site-packages/airflow/example_dags/example_branch_labels.py
[2024-11-06T13:54:09.008+0000] {processor.py:925} INFO - DAG(s) 'example_branch_labels' retrieved from /home/airflow/.local/lib/python3.12/site-packages/airflow/example_dags/example_branch_labels.py
[2024-11-06T13:54:09.041+0000] {logging_mixin.py:190} INFO - [2024-11-06T13:54:09.041+0000] {dag.py:3229} INFO - Sync 1 DAGs
[2024-11-06T13:54:09.082+0000] {logging_mixin.py:190} INFO - [2024-11-06T13:54:09.082+0000] {dag.py:4156} INFO - Setting next_dagrun for example_branch_labels to 2024-11-05 00:00:00+00:00, run_after=2024-11-06 00:00:00+00:00
[2024-11-06T13:54:09.117+0000] {processor.py:208} INFO - Processing /home/airflow/.local/lib/python3.12/site-packages/airflow/example_dags/example_branch_labels.py took 0.138 seconds
[2024-11-06T13:54:39.683+0000] {processor.py:186} INFO - Started process (PID=821) to work on /home/airflow/.local/lib/python3.12/site-packages/airflow/example_dags/example_branch_labels.py
[2024-11-06T13:54:39.685+0000] {processor.py:914} INFO - Processing file /home/airflow/.local/lib/python3.12/site-packages/airflow/example_dags/example_branch_labels.py for tasks to queue
[2024-11-06T13:54:39.689+0000] {logging_mixin.py:190} INFO - [2024-11-06T13:54:39.689+0000] {dagbag.py:587} INFO - Filling up the DagBag from /home/airflow/.local/lib/python3.12/site-packages/airflow/example_dags/example_branch_labels.py
[2024-11-06T13:54:39.706+0000] {processor.py:925} INFO - DAG(s) 'example_branch_labels' retrieved from /home/airflow/.local/lib/python3.12/site-packages/airflow/example_dags/example_branch_labels.py
[2024-11-06T13:54:39.740+0000] {logging_mixin.py:190} INFO - [2024-11-06T13:54:39.740+0000] {dag.py:3229} INFO - Sync 1 DAGs
[2024-11-06T13:54:39.779+0000] {logging_mixin.py:190} INFO - [2024-11-06T13:54:39.779+0000] {dag.py:4156} INFO - Setting next_dagrun for example_branch_labels to 2024-11-05 00:00:00+00:00, run_after=2024-11-06 00:00:00+00:00
[2024-11-06T13:54:39.809+0000] {processor.py:208} INFO - Processing /home/airflow/.local/lib/python3.12/site-packages/airflow/example_dags/example_branch_labels.py took 0.134 seconds
[2024-11-06T13:55:10.264+0000] {processor.py:186} INFO - Started process (PID=886) to work on /home/airflow/.local/lib/python3.12/site-packages/airflow/example_dags/example_branch_labels.py
[2024-11-06T13:55:10.266+0000] {processor.py:914} INFO - Processing file /home/airflow/.local/lib/python3.12/site-packages/airflow/example_dags/example_branch_labels.py for tasks to queue
[2024-11-06T13:55:10.270+0000] {logging_mixin.py:190} INFO - [2024-11-06T13:55:10.270+0000] {dagbag.py:587} INFO - Filling up the DagBag from /home/airflow/.local/lib/python3.12/site-packages/airflow/example_dags/example_branch_labels.py
[2024-11-06T13:55:10.288+0000] {processor.py:925} INFO - DAG(s) 'example_branch_labels' retrieved from /home/airflow/.local/lib/python3.12/site-packages/airflow/example_dags/example_branch_labels.py
[2024-11-06T13:55:10.325+0000] {logging_mixin.py:190} INFO - [2024-11-06T13:55:10.324+0000] {dag.py:3229} INFO - Sync 1 DAGs
[2024-11-06T13:55:10.380+0000] {logging_mixin.py:190} INFO - [2024-11-06T13:55:10.380+0000] {dag.py:4156} INFO - Setting next_dagrun for example_branch_labels to 2024-11-05 00:00:00+00:00, run_after=2024-11-06 00:00:00+00:00
[2024-11-06T13:55:10.413+0000] {processor.py:208} INFO - Processing /home/airflow/.local/lib/python3.12/site-packages/airflow/example_dags/example_branch_labels.py took 0.156 seconds
[2024-11-06T13:55:40.542+0000] {processor.py:186} INFO - Started process (PID=949) to work on /home/airflow/.local/lib/python3.12/site-packages/airflow/example_dags/example_branch_labels.py
[2024-11-06T13:55:40.544+0000] {processor.py:914} INFO - Processing file /home/airflow/.local/lib/python3.12/site-packages/airflow/example_dags/example_branch_labels.py for tasks to queue
[2024-11-06T13:55:40.550+0000] {logging_mixin.py:190} INFO - [2024-11-06T13:55:40.549+0000] {dagbag.py:587} INFO - Filling up the DagBag from /home/airflow/.local/lib/python3.12/site-packages/airflow/example_dags/example_branch_labels.py
[2024-11-06T13:55:40.564+0000] {processor.py:925} INFO - DAG(s) 'example_branch_labels' retrieved from /home/airflow/.local/lib/python3.12/site-packages/airflow/example_dags/example_branch_labels.py
[2024-11-06T13:55:40.600+0000] {logging_mixin.py:190} INFO - [2024-11-06T13:55:40.600+0000] {dag.py:3229} INFO - Sync 1 DAGs
[2024-11-06T13:55:40.642+0000] {logging_mixin.py:190} INFO - [2024-11-06T13:55:40.642+0000] {dag.py:4156} INFO - Setting next_dagrun for example_branch_labels to 2024-11-05 00:00:00+00:00, run_after=2024-11-06 00:00:00+00:00
[2024-11-06T13:55:40.679+0000] {processor.py:208} INFO - Processing /home/airflow/.local/lib/python3.12/site-packages/airflow/example_dags/example_branch_labels.py took 0.146 seconds
[2024-11-06T13:56:10.913+0000] {processor.py:186} INFO - Started process (PID=1013) to work on /home/airflow/.local/lib/python3.12/site-packages/airflow/example_dags/example_branch_labels.py
[2024-11-06T13:56:10.915+0000] {processor.py:914} INFO - Processing file /home/airflow/.local/lib/python3.12/site-packages/airflow/example_dags/example_branch_labels.py for tasks to queue
[2024-11-06T13:56:10.918+0000] {logging_mixin.py:190} INFO - [2024-11-06T13:56:10.918+0000] {dagbag.py:587} INFO - Filling up the DagBag from /home/airflow/.local/lib/python3.12/site-packages/airflow/example_dags/example_branch_labels.py
[2024-11-06T13:56:10.934+0000] {processor.py:925} INFO - DAG(s) 'example_branch_labels' retrieved from /home/airflow/.local/lib/python3.12/site-packages/airflow/example_dags/example_branch_labels.py
[2024-11-06T13:56:10.970+0000] {logging_mixin.py:190} INFO - [2024-11-06T13:56:10.970+0000] {dag.py:3229} INFO - Sync 1 DAGs
[2024-11-06T13:56:11.010+0000] {logging_mixin.py:190} INFO - [2024-11-06T13:56:11.010+0000] {dag.py:4156} INFO - Setting next_dagrun for example_branch_labels to 2024-11-05 00:00:00+00:00, run_after=2024-11-06 00:00:00+00:00
[2024-11-06T13:56:11.041+0000] {processor.py:208} INFO - Processing /home/airflow/.local/lib/python3.12/site-packages/airflow/example_dags/example_branch_labels.py took 0.136 seconds
[2024-11-06T13:56:41.229+0000] {processor.py:186} INFO - Started process (PID=1077) to work on /home/airflow/.local/lib/python3.12/site-packages/airflow/example_dags/example_branch_labels.py
[2024-11-06T13:56:41.231+0000] {processor.py:914} INFO - Processing file /home/airflow/.local/lib/python3.12/site-packages/airflow/example_dags/example_branch_labels.py for tasks to queue
[2024-11-06T13:56:41.235+0000] {logging_mixin.py:190} INFO - [2024-11-06T13:56:41.235+0000] {dagbag.py:587} INFO - Filling up the DagBag from /home/airflow/.local/lib/python3.12/site-packages/airflow/example_dags/example_branch_labels.py
[2024-11-06T13:56:41.250+0000] {processor.py:925} INFO - DAG(s) 'example_branch_labels' retrieved from /home/airflow/.local/lib/python3.12/site-packages/airflow/example_dags/example_branch_labels.py
[2024-11-06T13:56:41.287+0000] {logging_mixin.py:190} INFO - [2024-11-06T13:56:41.287+0000] {dag.py:3229} INFO - Sync 1 DAGs
[2024-11-06T13:56:41.329+0000] {logging_mixin.py:190} INFO - [2024-11-06T13:56:41.328+0000] {dag.py:4156} INFO - Setting next_dagrun for example_branch_labels to 2024-11-05 00:00:00+00:00, run_after=2024-11-06 00:00:00+00:00
[2024-11-06T13:56:41.366+0000] {processor.py:208} INFO - Processing /home/airflow/.local/lib/python3.12/site-packages/airflow/example_dags/example_branch_labels.py took 0.144 seconds
[2024-11-06T13:57:11.624+0000] {processor.py:186} INFO - Started process (PID=1141) to work on /home/airflow/.local/lib/python3.12/site-packages/airflow/example_dags/example_branch_labels.py
[2024-11-06T13:57:11.626+0000] {processor.py:914} INFO - Processing file /home/airflow/.local/lib/python3.12/site-packages/airflow/example_dags/example_branch_labels.py for tasks to queue
[2024-11-06T13:57:11.630+0000] {logging_mixin.py:190} INFO - [2024-11-06T13:57:11.630+0000] {dagbag.py:587} INFO - Filling up the DagBag from /home/airflow/.local/lib/python3.12/site-packages/airflow/example_dags/example_branch_labels.py
[2024-11-06T13:57:11.647+0000] {processor.py:925} INFO - DAG(s) 'example_branch_labels' retrieved from /home/airflow/.local/lib/python3.12/site-packages/airflow/example_dags/example_branch_labels.py
[2024-11-06T13:57:11.689+0000] {logging_mixin.py:190} INFO - [2024-11-06T13:57:11.689+0000] {dag.py:3229} INFO - Sync 1 DAGs
[2024-11-06T13:57:11.740+0000] {logging_mixin.py:190} INFO - [2024-11-06T13:57:11.740+0000] {dag.py:4156} INFO - Setting next_dagrun for example_branch_labels to 2024-11-05 00:00:00+00:00, run_after=2024-11-06 00:00:00+00:00
[2024-11-06T13:57:11.777+0000] {processor.py:208} INFO - Processing /home/airflow/.local/lib/python3.12/site-packages/airflow/example_dags/example_branch_labels.py took 0.163 seconds
[2024-11-06T13:57:41.884+0000] {processor.py:186} INFO - Started process (PID=1206) to work on /home/airflow/.local/lib/python3.12/site-packages/airflow/example_dags/example_branch_labels.py
[2024-11-06T13:57:41.886+0000] {processor.py:914} INFO - Processing file /home/airflow/.local/lib/python3.12/site-packages/airflow/example_dags/example_branch_labels.py for tasks to queue
[2024-11-06T13:57:41.890+0000] {logging_mixin.py:190} INFO - [2024-11-06T13:57:41.889+0000] {dagbag.py:587} INFO - Filling up the DagBag from /home/airflow/.local/lib/python3.12/site-packages/airflow/example_dags/example_branch_labels.py
[2024-11-06T13:57:41.903+0000] {processor.py:925} INFO - DAG(s) 'example_branch_labels' retrieved from /home/airflow/.local/lib/python3.12/site-packages/airflow/example_dags/example_branch_labels.py
[2024-11-06T13:57:41.934+0000] {logging_mixin.py:190} INFO - [2024-11-06T13:57:41.933+0000] {dag.py:3229} INFO - Sync 1 DAGs
[2024-11-06T13:57:41.972+0000] {logging_mixin.py:190} INFO - [2024-11-06T13:57:41.971+0000] {dag.py:4156} INFO - Setting next_dagrun for example_branch_labels to 2024-11-05 00:00:00+00:00, run_after=2024-11-06 00:00:00+00:00
[2024-11-06T13:57:42.000+0000] {processor.py:208} INFO - Processing /home/airflow/.local/lib/python3.12/site-packages/airflow/example_dags/example_branch_labels.py took 0.123 seconds
[2024-11-06T13:58:12.704+0000] {processor.py:186} INFO - Started process (PID=1270) to work on /home/airflow/.local/lib/python3.12/site-packages/airflow/example_dags/example_branch_labels.py
[2024-11-06T13:58:12.705+0000] {processor.py:914} INFO - Processing file /home/airflow/.local/lib/python3.12/site-packages/airflow/example_dags/example_branch_labels.py for tasks to queue
[2024-11-06T13:58:12.709+0000] {logging_mixin.py:190} INFO - [2024-11-06T13:58:12.708+0000] {dagbag.py:587} INFO - Filling up the DagBag from /home/airflow/.local/lib/python3.12/site-packages/airflow/example_dags/example_branch_labels.py
[2024-11-06T13:58:12.722+0000] {processor.py:925} INFO - DAG(s) 'example_branch_labels' retrieved from /home/airflow/.local/lib/python3.12/site-packages/airflow/example_dags/example_branch_labels.py
[2024-11-06T13:58:12.750+0000] {logging_mixin.py:190} INFO - [2024-11-06T13:58:12.749+0000] {dag.py:3229} INFO - Sync 1 DAGs
[2024-11-06T13:58:12.786+0000] {logging_mixin.py:190} INFO - [2024-11-06T13:58:12.786+0000] {dag.py:4156} INFO - Setting next_dagrun for example_branch_labels to 2024-11-05 00:00:00+00:00, run_after=2024-11-06 00:00:00+00:00
[2024-11-06T13:58:12.816+0000] {processor.py:208} INFO - Processing /home/airflow/.local/lib/python3.12/site-packages/airflow/example_dags/example_branch_labels.py took 0.119 seconds
[2024-11-06T13:58:42.980+0000] {processor.py:186} INFO - Started process (PID=1334) to work on /home/airflow/.local/lib/python3.12/site-packages/airflow/example_dags/example_branch_labels.py
[2024-11-06T13:58:42.982+0000] {processor.py:914} INFO - Processing file /home/airflow/.local/lib/python3.12/site-packages/airflow/example_dags/example_branch_labels.py for tasks to queue
[2024-11-06T13:58:42.986+0000] {logging_mixin.py:190} INFO - [2024-11-06T13:58:42.985+0000] {dagbag.py:587} INFO - Filling up the DagBag from /home/airflow/.local/lib/python3.12/site-packages/airflow/example_dags/example_branch_labels.py
[2024-11-06T13:58:42.998+0000] {processor.py:925} INFO - DAG(s) 'example_branch_labels' retrieved from /home/airflow/.local/lib/python3.12/site-packages/airflow/example_dags/example_branch_labels.py
[2024-11-06T13:58:43.031+0000] {logging_mixin.py:190} INFO - [2024-11-06T13:58:43.030+0000] {dag.py:3229} INFO - Sync 1 DAGs
[2024-11-06T13:58:43.069+0000] {logging_mixin.py:190} INFO - [2024-11-06T13:58:43.069+0000] {dag.py:4156} INFO - Setting next_dagrun for example_branch_labels to 2024-11-05 00:00:00+00:00, run_after=2024-11-06 00:00:00+00:00
[2024-11-06T13:58:43.101+0000] {processor.py:208} INFO - Processing /home/airflow/.local/lib/python3.12/site-packages/airflow/example_dags/example_branch_labels.py took 0.127 seconds
[2024-11-06T13:59:14.292+0000] {processor.py:186} INFO - Started process (PID=1398) to work on /home/airflow/.local/lib/python3.12/site-packages/airflow/example_dags/example_branch_labels.py
[2024-11-06T13:59:14.295+0000] {processor.py:914} INFO - Processing file /home/airflow/.local/lib/python3.12/site-packages/airflow/example_dags/example_branch_labels.py for tasks to queue
[2024-11-06T13:59:14.299+0000] {logging_mixin.py:190} INFO - [2024-11-06T13:59:14.298+0000] {dagbag.py:587} INFO - Filling up the DagBag from /home/airflow/.local/lib/python3.12/site-packages/airflow/example_dags/example_branch_labels.py
[2024-11-06T13:59:14.316+0000] {processor.py:925} INFO - DAG(s) 'example_branch_labels' retrieved from /home/airflow/.local/lib/python3.12/site-packages/airflow/example_dags/example_branch_labels.py
[2024-11-06T13:59:14.353+0000] {logging_mixin.py:190} INFO - [2024-11-06T13:59:14.352+0000] {dag.py:3229} INFO - Sync 1 DAGs
[2024-11-06T13:59:14.398+0000] {logging_mixin.py:190} INFO - [2024-11-06T13:59:14.398+0000] {dag.py:4156} INFO - Setting next_dagrun for example_branch_labels to 2024-11-05 00:00:00+00:00, run_after=2024-11-06 00:00:00+00:00
[2024-11-06T13:59:14.441+0000] {processor.py:208} INFO - Processing /home/airflow/.local/lib/python3.12/site-packages/airflow/example_dags/example_branch_labels.py took 0.157 seconds
[2024-11-06T13:59:45.890+0000] {processor.py:186} INFO - Started process (PID=1462) to work on /home/airflow/.local/lib/python3.12/site-packages/airflow/example_dags/example_branch_labels.py
[2024-11-06T13:59:45.891+0000] {processor.py:914} INFO - Processing file /home/airflow/.local/lib/python3.12/site-packages/airflow/example_dags/example_branch_labels.py for tasks to queue
[2024-11-06T13:59:45.895+0000] {logging_mixin.py:190} INFO - [2024-11-06T13:59:45.894+0000] {dagbag.py:587} INFO - Filling up the DagBag from /home/airflow/.local/lib/python3.12/site-packages/airflow/example_dags/example_branch_labels.py
[2024-11-06T13:59:45.908+0000] {processor.py:925} INFO - DAG(s) 'example_branch_labels' retrieved from /home/airflow/.local/lib/python3.12/site-packages/airflow/example_dags/example_branch_labels.py
[2024-11-06T13:59:45.947+0000] {logging_mixin.py:190} INFO - [2024-11-06T13:59:45.946+0000] {dag.py:3229} INFO - Sync 1 DAGs
[2024-11-06T13:59:45.985+0000] {logging_mixin.py:190} INFO - [2024-11-06T13:59:45.984+0000] {dag.py:4156} INFO - Setting next_dagrun for example_branch_labels to 2024-11-05 00:00:00+00:00, run_after=2024-11-06 00:00:00+00:00
[2024-11-06T13:59:46.014+0000] {processor.py:208} INFO - Processing /home/airflow/.local/lib/python3.12/site-packages/airflow/example_dags/example_branch_labels.py took 0.131 seconds
[2024-11-06T14:01:15.970+0000] {processor.py:186} INFO - Started process (PID=77) to work on /home/airflow/.local/lib/python3.12/site-packages/airflow/example_dags/example_branch_labels.py
[2024-11-06T14:01:15.971+0000] {processor.py:914} INFO - Processing file /home/airflow/.local/lib/python3.12/site-packages/airflow/example_dags/example_branch_labels.py for tasks to queue
[2024-11-06T14:01:15.974+0000] {logging_mixin.py:190} INFO - [2024-11-06T14:01:15.973+0000] {dagbag.py:587} INFO - Filling up the DagBag from /home/airflow/.local/lib/python3.12/site-packages/airflow/example_dags/example_branch_labels.py
[2024-11-06T14:01:15.985+0000] {processor.py:925} INFO - DAG(s) 'example_branch_labels' retrieved from /home/airflow/.local/lib/python3.12/site-packages/airflow/example_dags/example_branch_labels.py
[2024-11-06T14:01:16.010+0000] {logging_mixin.py:190} INFO - [2024-11-06T14:01:16.009+0000] {dag.py:3229} INFO - Sync 1 DAGs
[2024-11-06T14:01:16.041+0000] {logging_mixin.py:190} INFO - [2024-11-06T14:01:16.040+0000] {dag.py:4156} INFO - Setting next_dagrun for example_branch_labels to 2024-11-05 00:00:00+00:00, run_after=2024-11-06 00:00:00+00:00
[2024-11-06T14:01:16.062+0000] {processor.py:208} INFO - Processing /home/airflow/.local/lib/python3.12/site-packages/airflow/example_dags/example_branch_labels.py took 0.099 seconds
[2024-11-06T14:01:47.542+0000] {processor.py:186} INFO - Started process (PID=141) to work on /home/airflow/.local/lib/python3.12/site-packages/airflow/example_dags/example_branch_labels.py
[2024-11-06T14:01:47.544+0000] {processor.py:914} INFO - Processing file /home/airflow/.local/lib/python3.12/site-packages/airflow/example_dags/example_branch_labels.py for tasks to queue
[2024-11-06T14:01:47.547+0000] {logging_mixin.py:190} INFO - [2024-11-06T14:01:47.546+0000] {dagbag.py:587} INFO - Filling up the DagBag from /home/airflow/.local/lib/python3.12/site-packages/airflow/example_dags/example_branch_labels.py
[2024-11-06T14:01:47.560+0000] {processor.py:925} INFO - DAG(s) 'example_branch_labels' retrieved from /home/airflow/.local/lib/python3.12/site-packages/airflow/example_dags/example_branch_labels.py
[2024-11-06T14:01:47.590+0000] {logging_mixin.py:190} INFO - [2024-11-06T14:01:47.590+0000] {dag.py:3229} INFO - Sync 1 DAGs
[2024-11-06T14:01:47.627+0000] {logging_mixin.py:190} INFO - [2024-11-06T14:01:47.627+0000] {dag.py:4156} INFO - Setting next_dagrun for example_branch_labels to 2024-11-05 00:00:00+00:00, run_after=2024-11-06 00:00:00+00:00
[2024-11-06T14:01:47.657+0000] {processor.py:208} INFO - Processing /home/airflow/.local/lib/python3.12/site-packages/airflow/example_dags/example_branch_labels.py took 0.122 seconds
[2024-11-06T14:02:18.473+0000] {processor.py:186} INFO - Started process (PID=205) to work on /home/airflow/.local/lib/python3.12/site-packages/airflow/example_dags/example_branch_labels.py
[2024-11-06T14:02:18.475+0000] {processor.py:914} INFO - Processing file /home/airflow/.local/lib/python3.12/site-packages/airflow/example_dags/example_branch_labels.py for tasks to queue
[2024-11-06T14:02:18.479+0000] {logging_mixin.py:190} INFO - [2024-11-06T14:02:18.478+0000] {dagbag.py:587} INFO - Filling up the DagBag from /home/airflow/.local/lib/python3.12/site-packages/airflow/example_dags/example_branch_labels.py
[2024-11-06T14:02:18.490+0000] {processor.py:925} INFO - DAG(s) 'example_branch_labels' retrieved from /home/airflow/.local/lib/python3.12/site-packages/airflow/example_dags/example_branch_labels.py
[2024-11-06T14:02:18.519+0000] {logging_mixin.py:190} INFO - [2024-11-06T14:02:18.519+0000] {dag.py:3229} INFO - Sync 1 DAGs
[2024-11-06T14:02:18.555+0000] {logging_mixin.py:190} INFO - [2024-11-06T14:02:18.554+0000] {dag.py:4156} INFO - Setting next_dagrun for example_branch_labels to 2024-11-05 00:00:00+00:00, run_after=2024-11-06 00:00:00+00:00
[2024-11-06T14:02:18.586+0000] {processor.py:208} INFO - Processing /home/airflow/.local/lib/python3.12/site-packages/airflow/example_dags/example_branch_labels.py took 0.119 seconds
[2024-11-06T14:02:48.992+0000] {processor.py:186} INFO - Started process (PID=268) to work on /home/airflow/.local/lib/python3.12/site-packages/airflow/example_dags/example_branch_labels.py
[2024-11-06T14:02:48.993+0000] {processor.py:914} INFO - Processing file /home/airflow/.local/lib/python3.12/site-packages/airflow/example_dags/example_branch_labels.py for tasks to queue
[2024-11-06T14:02:48.997+0000] {logging_mixin.py:190} INFO - [2024-11-06T14:02:48.997+0000] {dagbag.py:587} INFO - Filling up the DagBag from /home/airflow/.local/lib/python3.12/site-packages/airflow/example_dags/example_branch_labels.py
[2024-11-06T14:02:49.009+0000] {processor.py:925} INFO - DAG(s) 'example_branch_labels' retrieved from /home/airflow/.local/lib/python3.12/site-packages/airflow/example_dags/example_branch_labels.py
[2024-11-06T14:02:49.036+0000] {logging_mixin.py:190} INFO - [2024-11-06T14:02:49.035+0000] {dag.py:3229} INFO - Sync 1 DAGs
[2024-11-06T14:02:49.066+0000] {logging_mixin.py:190} INFO - [2024-11-06T14:02:49.065+0000] {dag.py:4156} INFO - Setting next_dagrun for example_branch_labels to 2024-11-05 00:00:00+00:00, run_after=2024-11-06 00:00:00+00:00
[2024-11-06T14:02:49.098+0000] {processor.py:208} INFO - Processing /home/airflow/.local/lib/python3.12/site-packages/airflow/example_dags/example_branch_labels.py took 0.114 seconds
[2024-11-06T14:03:19.399+0000] {processor.py:186} INFO - Started process (PID=332) to work on /home/airflow/.local/lib/python3.12/site-packages/airflow/example_dags/example_branch_labels.py
[2024-11-06T14:03:19.400+0000] {processor.py:914} INFO - Processing file /home/airflow/.local/lib/python3.12/site-packages/airflow/example_dags/example_branch_labels.py for tasks to queue
[2024-11-06T14:03:19.403+0000] {logging_mixin.py:190} INFO - [2024-11-06T14:03:19.403+0000] {dagbag.py:587} INFO - Filling up the DagBag from /home/airflow/.local/lib/python3.12/site-packages/airflow/example_dags/example_branch_labels.py
[2024-11-06T14:03:19.416+0000] {processor.py:925} INFO - DAG(s) 'example_branch_labels' retrieved from /home/airflow/.local/lib/python3.12/site-packages/airflow/example_dags/example_branch_labels.py
[2024-11-06T14:03:19.444+0000] {logging_mixin.py:190} INFO - [2024-11-06T14:03:19.444+0000] {dag.py:3229} INFO - Sync 1 DAGs
[2024-11-06T14:03:19.482+0000] {logging_mixin.py:190} INFO - [2024-11-06T14:03:19.482+0000] {dag.py:4156} INFO - Setting next_dagrun for example_branch_labels to 2024-11-05 00:00:00+00:00, run_after=2024-11-06 00:00:00+00:00
[2024-11-06T14:03:19.512+0000] {processor.py:208} INFO - Processing /home/airflow/.local/lib/python3.12/site-packages/airflow/example_dags/example_branch_labels.py took 0.120 seconds
[2024-11-06T14:03:51.517+0000] {processor.py:186} INFO - Started process (PID=396) to work on /home/airflow/.local/lib/python3.12/site-packages/airflow/example_dags/example_branch_labels.py
[2024-11-06T14:03:51.518+0000] {processor.py:914} INFO - Processing file /home/airflow/.local/lib/python3.12/site-packages/airflow/example_dags/example_branch_labels.py for tasks to queue
[2024-11-06T14:03:51.522+0000] {logging_mixin.py:190} INFO - [2024-11-06T14:03:51.521+0000] {dagbag.py:587} INFO - Filling up the DagBag from /home/airflow/.local/lib/python3.12/site-packages/airflow/example_dags/example_branch_labels.py
[2024-11-06T14:03:51.535+0000] {processor.py:925} INFO - DAG(s) 'example_branch_labels' retrieved from /home/airflow/.local/lib/python3.12/site-packages/airflow/example_dags/example_branch_labels.py
[2024-11-06T14:03:51.564+0000] {logging_mixin.py:190} INFO - [2024-11-06T14:03:51.564+0000] {dag.py:3229} INFO - Sync 1 DAGs
[2024-11-06T14:03:51.598+0000] {logging_mixin.py:190} INFO - [2024-11-06T14:03:51.598+0000] {dag.py:4156} INFO - Setting next_dagrun for example_branch_labels to 2024-11-05 00:00:00+00:00, run_after=2024-11-06 00:00:00+00:00
[2024-11-06T14:03:51.634+0000] {processor.py:208} INFO - Processing /home/airflow/.local/lib/python3.12/site-packages/airflow/example_dags/example_branch_labels.py took 0.124 seconds
