[2024-11-06T13:48:52.391+0000] {processor.py:186} INFO - Started process (PID=78) to work on /home/airflow/.local/lib/python3.12/site-packages/airflow/example_dags/example_latest_only_with_trigger.py
[2024-11-06T13:48:52.396+0000] {processor.py:914} INFO - Processing file /home/airflow/.local/lib/python3.12/site-packages/airflow/example_dags/example_latest_only_with_trigger.py for tasks to queue
[2024-11-06T13:48:52.406+0000] {logging_mixin.py:190} INFO - [2024-11-06T13:48:52.404+0000] {dagbag.py:587} INFO - Filling up the DagBag from /home/airflow/.local/lib/python3.12/site-packages/airflow/example_dags/example_latest_only_with_trigger.py
[2024-11-06T13:48:52.457+0000] {processor.py:925} INFO - DAG(s) 'latest_only_with_trigger' retrieved from /home/airflow/.local/lib/python3.12/site-packages/airflow/example_dags/example_latest_only_with_trigger.py
[2024-11-06T13:48:52.555+0000] {logging_mixin.py:190} INFO - [2024-11-06T13:48:52.554+0000] {dag.py:3229} INFO - Sync 1 DAGs
[2024-11-06T13:48:52.626+0000] {logging_mixin.py:190} INFO - [2024-11-06T13:48:52.625+0000] {dag.py:4156} INFO - Setting next_dagrun for latest_only_with_trigger to 2024-11-06 08:00:00+00:00, run_after=2024-11-06 12:00:00+00:00
[2024-11-06T13:48:52.663+0000] {processor.py:208} INFO - Processing /home/airflow/.local/lib/python3.12/site-packages/airflow/example_dags/example_latest_only_with_trigger.py took 0.300 seconds
[2024-11-06T13:49:23.453+0000] {processor.py:186} INFO - Started process (PID=146) to work on /home/airflow/.local/lib/python3.12/site-packages/airflow/example_dags/example_latest_only_with_trigger.py
[2024-11-06T13:49:23.456+0000] {processor.py:914} INFO - Processing file /home/airflow/.local/lib/python3.12/site-packages/airflow/example_dags/example_latest_only_with_trigger.py for tasks to queue
[2024-11-06T13:49:23.462+0000] {logging_mixin.py:190} INFO - [2024-11-06T13:49:23.461+0000] {dagbag.py:587} INFO - Filling up the DagBag from /home/airflow/.local/lib/python3.12/site-packages/airflow/example_dags/example_latest_only_with_trigger.py
[2024-11-06T13:49:23.477+0000] {processor.py:925} INFO - DAG(s) 'latest_only_with_trigger' retrieved from /home/airflow/.local/lib/python3.12/site-packages/airflow/example_dags/example_latest_only_with_trigger.py
[2024-11-06T13:49:23.518+0000] {logging_mixin.py:190} INFO - [2024-11-06T13:49:23.517+0000] {dag.py:3229} INFO - Sync 1 DAGs
[2024-11-06T13:49:23.565+0000] {logging_mixin.py:190} INFO - [2024-11-06T13:49:23.564+0000] {dag.py:4156} INFO - Setting next_dagrun for latest_only_with_trigger to 2024-11-06 08:00:00+00:00, run_after=2024-11-06 12:00:00+00:00
[2024-11-06T13:49:23.603+0000] {processor.py:208} INFO - Processing /home/airflow/.local/lib/python3.12/site-packages/airflow/example_dags/example_latest_only_with_trigger.py took 0.160 seconds
[2024-11-06T13:49:53.870+0000] {processor.py:186} INFO - Started process (PID=210) to work on /home/airflow/.local/lib/python3.12/site-packages/airflow/example_dags/example_latest_only_with_trigger.py
[2024-11-06T13:49:53.872+0000] {processor.py:914} INFO - Processing file /home/airflow/.local/lib/python3.12/site-packages/airflow/example_dags/example_latest_only_with_trigger.py for tasks to queue
[2024-11-06T13:49:53.880+0000] {logging_mixin.py:190} INFO - [2024-11-06T13:49:53.879+0000] {dagbag.py:587} INFO - Filling up the DagBag from /home/airflow/.local/lib/python3.12/site-packages/airflow/example_dags/example_latest_only_with_trigger.py
[2024-11-06T13:49:53.900+0000] {processor.py:925} INFO - DAG(s) 'latest_only_with_trigger' retrieved from /home/airflow/.local/lib/python3.12/site-packages/airflow/example_dags/example_latest_only_with_trigger.py
[2024-11-06T13:49:53.946+0000] {logging_mixin.py:190} INFO - [2024-11-06T13:49:53.946+0000] {dag.py:3229} INFO - Sync 1 DAGs
[2024-11-06T13:49:54.034+0000] {logging_mixin.py:190} INFO - [2024-11-06T13:49:54.034+0000] {dag.py:4156} INFO - Setting next_dagrun for latest_only_with_trigger to 2024-11-06 08:00:00+00:00, run_after=2024-11-06 12:00:00+00:00
[2024-11-06T13:49:54.095+0000] {processor.py:208} INFO - Processing /home/airflow/.local/lib/python3.12/site-packages/airflow/example_dags/example_latest_only_with_trigger.py took 0.233 seconds
[2024-11-06T13:50:25.022+0000] {processor.py:186} INFO - Started process (PID=282) to work on /home/airflow/.local/lib/python3.12/site-packages/airflow/example_dags/example_latest_only_with_trigger.py
[2024-11-06T13:50:25.025+0000] {processor.py:914} INFO - Processing file /home/airflow/.local/lib/python3.12/site-packages/airflow/example_dags/example_latest_only_with_trigger.py for tasks to queue
[2024-11-06T13:50:25.034+0000] {logging_mixin.py:190} INFO - [2024-11-06T13:50:25.031+0000] {dagbag.py:587} INFO - Filling up the DagBag from /home/airflow/.local/lib/python3.12/site-packages/airflow/example_dags/example_latest_only_with_trigger.py
[2024-11-06T13:50:25.046+0000] {processor.py:925} INFO - DAG(s) 'latest_only_with_trigger' retrieved from /home/airflow/.local/lib/python3.12/site-packages/airflow/example_dags/example_latest_only_with_trigger.py
[2024-11-06T13:50:25.085+0000] {logging_mixin.py:190} INFO - [2024-11-06T13:50:25.084+0000] {dag.py:3229} INFO - Sync 1 DAGs
[2024-11-06T13:50:25.126+0000] {logging_mixin.py:190} INFO - [2024-11-06T13:50:25.125+0000] {dag.py:4156} INFO - Setting next_dagrun for latest_only_with_trigger to 2024-11-06 08:00:00+00:00, run_after=2024-11-06 12:00:00+00:00
[2024-11-06T13:50:25.173+0000] {processor.py:208} INFO - Processing /home/airflow/.local/lib/python3.12/site-packages/airflow/example_dags/example_latest_only_with_trigger.py took 0.159 seconds
[2024-11-06T13:50:55.575+0000] {processor.py:186} INFO - Started process (PID=346) to work on /home/airflow/.local/lib/python3.12/site-packages/airflow/example_dags/example_latest_only_with_trigger.py
[2024-11-06T13:50:55.577+0000] {processor.py:914} INFO - Processing file /home/airflow/.local/lib/python3.12/site-packages/airflow/example_dags/example_latest_only_with_trigger.py for tasks to queue
[2024-11-06T13:50:55.584+0000] {logging_mixin.py:190} INFO - [2024-11-06T13:50:55.582+0000] {dagbag.py:587} INFO - Filling up the DagBag from /home/airflow/.local/lib/python3.12/site-packages/airflow/example_dags/example_latest_only_with_trigger.py
[2024-11-06T13:50:55.596+0000] {processor.py:925} INFO - DAG(s) 'latest_only_with_trigger' retrieved from /home/airflow/.local/lib/python3.12/site-packages/airflow/example_dags/example_latest_only_with_trigger.py
[2024-11-06T13:50:55.639+0000] {logging_mixin.py:190} INFO - [2024-11-06T13:50:55.638+0000] {dag.py:3229} INFO - Sync 1 DAGs
[2024-11-06T13:50:55.687+0000] {logging_mixin.py:190} INFO - [2024-11-06T13:50:55.685+0000] {dag.py:4156} INFO - Setting next_dagrun for latest_only_with_trigger to 2024-11-06 08:00:00+00:00, run_after=2024-11-06 12:00:00+00:00
[2024-11-06T13:50:55.727+0000] {processor.py:208} INFO - Processing /home/airflow/.local/lib/python3.12/site-packages/airflow/example_dags/example_latest_only_with_trigger.py took 0.161 seconds
[2024-11-06T13:51:26.511+0000] {processor.py:186} INFO - Started process (PID=410) to work on /home/airflow/.local/lib/python3.12/site-packages/airflow/example_dags/example_latest_only_with_trigger.py
[2024-11-06T13:51:26.513+0000] {processor.py:914} INFO - Processing file /home/airflow/.local/lib/python3.12/site-packages/airflow/example_dags/example_latest_only_with_trigger.py for tasks to queue
[2024-11-06T13:51:26.518+0000] {logging_mixin.py:190} INFO - [2024-11-06T13:51:26.517+0000] {dagbag.py:587} INFO - Filling up the DagBag from /home/airflow/.local/lib/python3.12/site-packages/airflow/example_dags/example_latest_only_with_trigger.py
[2024-11-06T13:51:26.529+0000] {processor.py:925} INFO - DAG(s) 'latest_only_with_trigger' retrieved from /home/airflow/.local/lib/python3.12/site-packages/airflow/example_dags/example_latest_only_with_trigger.py
[2024-11-06T13:51:26.563+0000] {logging_mixin.py:190} INFO - [2024-11-06T13:51:26.563+0000] {dag.py:3229} INFO - Sync 1 DAGs
[2024-11-06T13:51:26.602+0000] {logging_mixin.py:190} INFO - [2024-11-06T13:51:26.601+0000] {dag.py:4156} INFO - Setting next_dagrun for latest_only_with_trigger to 2024-11-06 08:00:00+00:00, run_after=2024-11-06 12:00:00+00:00
[2024-11-06T13:51:26.634+0000] {processor.py:208} INFO - Processing /home/airflow/.local/lib/python3.12/site-packages/airflow/example_dags/example_latest_only_with_trigger.py took 0.131 seconds
[2024-11-06T13:51:57.847+0000] {processor.py:186} INFO - Started process (PID=474) to work on /home/airflow/.local/lib/python3.12/site-packages/airflow/example_dags/example_latest_only_with_trigger.py
[2024-11-06T13:51:57.849+0000] {processor.py:914} INFO - Processing file /home/airflow/.local/lib/python3.12/site-packages/airflow/example_dags/example_latest_only_with_trigger.py for tasks to queue
[2024-11-06T13:51:57.852+0000] {logging_mixin.py:190} INFO - [2024-11-06T13:51:57.852+0000] {dagbag.py:587} INFO - Filling up the DagBag from /home/airflow/.local/lib/python3.12/site-packages/airflow/example_dags/example_latest_only_with_trigger.py
[2024-11-06T13:51:57.862+0000] {processor.py:925} INFO - DAG(s) 'latest_only_with_trigger' retrieved from /home/airflow/.local/lib/python3.12/site-packages/airflow/example_dags/example_latest_only_with_trigger.py
[2024-11-06T13:51:57.890+0000] {logging_mixin.py:190} INFO - [2024-11-06T13:51:57.890+0000] {dag.py:3229} INFO - Sync 1 DAGs
[2024-11-06T13:51:57.926+0000] {logging_mixin.py:190} INFO - [2024-11-06T13:51:57.926+0000] {dag.py:4156} INFO - Setting next_dagrun for latest_only_with_trigger to 2024-11-06 08:00:00+00:00, run_after=2024-11-06 12:00:00+00:00
[2024-11-06T13:51:57.954+0000] {processor.py:208} INFO - Processing /home/airflow/.local/lib/python3.12/site-packages/airflow/example_dags/example_latest_only_with_trigger.py took 0.114 seconds
[2024-11-06T13:52:28.247+0000] {processor.py:186} INFO - Started process (PID=538) to work on /home/airflow/.local/lib/python3.12/site-packages/airflow/example_dags/example_latest_only_with_trigger.py
[2024-11-06T13:52:28.249+0000] {processor.py:914} INFO - Processing file /home/airflow/.local/lib/python3.12/site-packages/airflow/example_dags/example_latest_only_with_trigger.py for tasks to queue
[2024-11-06T13:52:28.252+0000] {logging_mixin.py:190} INFO - [2024-11-06T13:52:28.252+0000] {dagbag.py:587} INFO - Filling up the DagBag from /home/airflow/.local/lib/python3.12/site-packages/airflow/example_dags/example_latest_only_with_trigger.py
[2024-11-06T13:52:28.263+0000] {processor.py:925} INFO - DAG(s) 'latest_only_with_trigger' retrieved from /home/airflow/.local/lib/python3.12/site-packages/airflow/example_dags/example_latest_only_with_trigger.py
[2024-11-06T13:52:28.300+0000] {logging_mixin.py:190} INFO - [2024-11-06T13:52:28.300+0000] {dag.py:3229} INFO - Sync 1 DAGs
[2024-11-06T13:52:28.334+0000] {logging_mixin.py:190} INFO - [2024-11-06T13:52:28.334+0000] {dag.py:4156} INFO - Setting next_dagrun for latest_only_with_trigger to 2024-11-06 08:00:00+00:00, run_after=2024-11-06 12:00:00+00:00
[2024-11-06T13:52:28.364+0000] {processor.py:208} INFO - Processing /home/airflow/.local/lib/python3.12/site-packages/airflow/example_dags/example_latest_only_with_trigger.py took 0.124 seconds
[2024-11-06T13:52:59.091+0000] {processor.py:186} INFO - Started process (PID=602) to work on /home/airflow/.local/lib/python3.12/site-packages/airflow/example_dags/example_latest_only_with_trigger.py
[2024-11-06T13:52:59.093+0000] {processor.py:914} INFO - Processing file /home/airflow/.local/lib/python3.12/site-packages/airflow/example_dags/example_latest_only_with_trigger.py for tasks to queue
[2024-11-06T13:52:59.097+0000] {logging_mixin.py:190} INFO - [2024-11-06T13:52:59.096+0000] {dagbag.py:587} INFO - Filling up the DagBag from /home/airflow/.local/lib/python3.12/site-packages/airflow/example_dags/example_latest_only_with_trigger.py
[2024-11-06T13:52:59.112+0000] {processor.py:925} INFO - DAG(s) 'latest_only_with_trigger' retrieved from /home/airflow/.local/lib/python3.12/site-packages/airflow/example_dags/example_latest_only_with_trigger.py
[2024-11-06T13:52:59.146+0000] {logging_mixin.py:190} INFO - [2024-11-06T13:52:59.145+0000] {dag.py:3229} INFO - Sync 1 DAGs
[2024-11-06T13:52:59.188+0000] {logging_mixin.py:190} INFO - [2024-11-06T13:52:59.187+0000] {dag.py:4156} INFO - Setting next_dagrun for latest_only_with_trigger to 2024-11-06 08:00:00+00:00, run_after=2024-11-06 12:00:00+00:00
[2024-11-06T13:52:59.226+0000] {processor.py:208} INFO - Processing /home/airflow/.local/lib/python3.12/site-packages/airflow/example_dags/example_latest_only_with_trigger.py took 0.143 seconds
[2024-11-06T13:53:29.794+0000] {processor.py:186} INFO - Started process (PID=666) to work on /home/airflow/.local/lib/python3.12/site-packages/airflow/example_dags/example_latest_only_with_trigger.py
[2024-11-06T13:53:29.796+0000] {processor.py:914} INFO - Processing file /home/airflow/.local/lib/python3.12/site-packages/airflow/example_dags/example_latest_only_with_trigger.py for tasks to queue
[2024-11-06T13:53:29.800+0000] {logging_mixin.py:190} INFO - [2024-11-06T13:53:29.799+0000] {dagbag.py:587} INFO - Filling up the DagBag from /home/airflow/.local/lib/python3.12/site-packages/airflow/example_dags/example_latest_only_with_trigger.py
[2024-11-06T13:53:29.809+0000] {processor.py:925} INFO - DAG(s) 'latest_only_with_trigger' retrieved from /home/airflow/.local/lib/python3.12/site-packages/airflow/example_dags/example_latest_only_with_trigger.py
[2024-11-06T13:53:29.838+0000] {logging_mixin.py:190} INFO - [2024-11-06T13:53:29.837+0000] {dag.py:3229} INFO - Sync 1 DAGs
[2024-11-06T13:53:29.873+0000] {logging_mixin.py:190} INFO - [2024-11-06T13:53:29.873+0000] {dag.py:4156} INFO - Setting next_dagrun for latest_only_with_trigger to 2024-11-06 08:00:00+00:00, run_after=2024-11-06 12:00:00+00:00
[2024-11-06T13:53:29.906+0000] {processor.py:208} INFO - Processing /home/airflow/.local/lib/python3.12/site-packages/airflow/example_dags/example_latest_only_with_trigger.py took 0.119 seconds
[2024-11-06T13:54:00.263+0000] {processor.py:186} INFO - Started process (PID=730) to work on /home/airflow/.local/lib/python3.12/site-packages/airflow/example_dags/example_latest_only_with_trigger.py
[2024-11-06T13:54:00.264+0000] {processor.py:914} INFO - Processing file /home/airflow/.local/lib/python3.12/site-packages/airflow/example_dags/example_latest_only_with_trigger.py for tasks to queue
[2024-11-06T13:54:00.268+0000] {logging_mixin.py:190} INFO - [2024-11-06T13:54:00.267+0000] {dagbag.py:587} INFO - Filling up the DagBag from /home/airflow/.local/lib/python3.12/site-packages/airflow/example_dags/example_latest_only_with_trigger.py
[2024-11-06T13:54:00.281+0000] {processor.py:925} INFO - DAG(s) 'latest_only_with_trigger' retrieved from /home/airflow/.local/lib/python3.12/site-packages/airflow/example_dags/example_latest_only_with_trigger.py
[2024-11-06T13:54:00.314+0000] {logging_mixin.py:190} INFO - [2024-11-06T13:54:00.314+0000] {dag.py:3229} INFO - Sync 1 DAGs
[2024-11-06T13:54:00.355+0000] {logging_mixin.py:190} INFO - [2024-11-06T13:54:00.355+0000] {dag.py:4156} INFO - Setting next_dagrun for latest_only_with_trigger to 2024-11-06 08:00:00+00:00, run_after=2024-11-06 12:00:00+00:00
[2024-11-06T13:54:00.387+0000] {processor.py:208} INFO - Processing /home/airflow/.local/lib/python3.12/site-packages/airflow/example_dags/example_latest_only_with_trigger.py took 0.131 seconds
[2024-11-06T13:54:30.860+0000] {processor.py:186} INFO - Started process (PID=794) to work on /home/airflow/.local/lib/python3.12/site-packages/airflow/example_dags/example_latest_only_with_trigger.py
[2024-11-06T13:54:30.862+0000] {processor.py:914} INFO - Processing file /home/airflow/.local/lib/python3.12/site-packages/airflow/example_dags/example_latest_only_with_trigger.py for tasks to queue
[2024-11-06T13:54:30.865+0000] {logging_mixin.py:190} INFO - [2024-11-06T13:54:30.864+0000] {dagbag.py:587} INFO - Filling up the DagBag from /home/airflow/.local/lib/python3.12/site-packages/airflow/example_dags/example_latest_only_with_trigger.py
[2024-11-06T13:54:30.875+0000] {processor.py:925} INFO - DAG(s) 'latest_only_with_trigger' retrieved from /home/airflow/.local/lib/python3.12/site-packages/airflow/example_dags/example_latest_only_with_trigger.py
[2024-11-06T13:54:30.906+0000] {logging_mixin.py:190} INFO - [2024-11-06T13:54:30.905+0000] {dag.py:3229} INFO - Sync 1 DAGs
[2024-11-06T13:54:30.943+0000] {logging_mixin.py:190} INFO - [2024-11-06T13:54:30.943+0000] {dag.py:4156} INFO - Setting next_dagrun for latest_only_with_trigger to 2024-11-06 08:00:00+00:00, run_after=2024-11-06 12:00:00+00:00
[2024-11-06T13:54:30.973+0000] {processor.py:208} INFO - Processing /home/airflow/.local/lib/python3.12/site-packages/airflow/example_dags/example_latest_only_with_trigger.py took 0.121 seconds
[2024-11-06T13:55:02.604+0000] {processor.py:186} INFO - Started process (PID=858) to work on /home/airflow/.local/lib/python3.12/site-packages/airflow/example_dags/example_latest_only_with_trigger.py
[2024-11-06T13:55:02.608+0000] {processor.py:914} INFO - Processing file /home/airflow/.local/lib/python3.12/site-packages/airflow/example_dags/example_latest_only_with_trigger.py for tasks to queue
[2024-11-06T13:55:02.616+0000] {logging_mixin.py:190} INFO - [2024-11-06T13:55:02.615+0000] {dagbag.py:587} INFO - Filling up the DagBag from /home/airflow/.local/lib/python3.12/site-packages/airflow/example_dags/example_latest_only_with_trigger.py
[2024-11-06T13:55:02.635+0000] {processor.py:925} INFO - DAG(s) 'latest_only_with_trigger' retrieved from /home/airflow/.local/lib/python3.12/site-packages/airflow/example_dags/example_latest_only_with_trigger.py
[2024-11-06T13:55:02.689+0000] {logging_mixin.py:190} INFO - [2024-11-06T13:55:02.689+0000] {dag.py:3229} INFO - Sync 1 DAGs
[2024-11-06T13:55:02.727+0000] {logging_mixin.py:190} INFO - [2024-11-06T13:55:02.727+0000] {dag.py:4156} INFO - Setting next_dagrun for latest_only_with_trigger to 2024-11-06 08:00:00+00:00, run_after=2024-11-06 12:00:00+00:00
[2024-11-06T13:55:02.756+0000] {processor.py:208} INFO - Processing /home/airflow/.local/lib/python3.12/site-packages/airflow/example_dags/example_latest_only_with_trigger.py took 0.163 seconds
[2024-11-06T13:55:33.903+0000] {processor.py:186} INFO - Started process (PID=923) to work on /home/airflow/.local/lib/python3.12/site-packages/airflow/example_dags/example_latest_only_with_trigger.py
[2024-11-06T13:55:33.905+0000] {processor.py:914} INFO - Processing file /home/airflow/.local/lib/python3.12/site-packages/airflow/example_dags/example_latest_only_with_trigger.py for tasks to queue
[2024-11-06T13:55:33.909+0000] {logging_mixin.py:190} INFO - [2024-11-06T13:55:33.908+0000] {dagbag.py:587} INFO - Filling up the DagBag from /home/airflow/.local/lib/python3.12/site-packages/airflow/example_dags/example_latest_only_with_trigger.py
[2024-11-06T13:55:33.921+0000] {processor.py:925} INFO - DAG(s) 'latest_only_with_trigger' retrieved from /home/airflow/.local/lib/python3.12/site-packages/airflow/example_dags/example_latest_only_with_trigger.py
[2024-11-06T13:55:33.949+0000] {logging_mixin.py:190} INFO - [2024-11-06T13:55:33.948+0000] {dag.py:3229} INFO - Sync 1 DAGs
[2024-11-06T13:55:33.981+0000] {logging_mixin.py:190} INFO - [2024-11-06T13:55:33.980+0000] {dag.py:4156} INFO - Setting next_dagrun for latest_only_with_trigger to 2024-11-06 08:00:00+00:00, run_after=2024-11-06 12:00:00+00:00
[2024-11-06T13:55:34.009+0000] {processor.py:208} INFO - Processing /home/airflow/.local/lib/python3.12/site-packages/airflow/example_dags/example_latest_only_with_trigger.py took 0.114 seconds
[2024-11-06T13:56:04.505+0000] {processor.py:186} INFO - Started process (PID=993) to work on /home/airflow/.local/lib/python3.12/site-packages/airflow/example_dags/example_latest_only_with_trigger.py
[2024-11-06T13:56:04.506+0000] {processor.py:914} INFO - Processing file /home/airflow/.local/lib/python3.12/site-packages/airflow/example_dags/example_latest_only_with_trigger.py for tasks to queue
[2024-11-06T13:56:04.511+0000] {logging_mixin.py:190} INFO - [2024-11-06T13:56:04.510+0000] {dagbag.py:587} INFO - Filling up the DagBag from /home/airflow/.local/lib/python3.12/site-packages/airflow/example_dags/example_latest_only_with_trigger.py
[2024-11-06T13:56:04.526+0000] {processor.py:925} INFO - DAG(s) 'latest_only_with_trigger' retrieved from /home/airflow/.local/lib/python3.12/site-packages/airflow/example_dags/example_latest_only_with_trigger.py
[2024-11-06T13:56:04.576+0000] {logging_mixin.py:190} INFO - [2024-11-06T13:56:04.575+0000] {dag.py:3229} INFO - Sync 1 DAGs
[2024-11-06T13:56:04.627+0000] {logging_mixin.py:190} INFO - [2024-11-06T13:56:04.626+0000] {dag.py:4156} INFO - Setting next_dagrun for latest_only_with_trigger to 2024-11-06 08:00:00+00:00, run_after=2024-11-06 12:00:00+00:00
[2024-11-06T13:56:04.660+0000] {processor.py:208} INFO - Processing /home/airflow/.local/lib/python3.12/site-packages/airflow/example_dags/example_latest_only_with_trigger.py took 0.165 seconds
[2024-11-06T13:56:35.783+0000] {processor.py:186} INFO - Started process (PID=1057) to work on /home/airflow/.local/lib/python3.12/site-packages/airflow/example_dags/example_latest_only_with_trigger.py
[2024-11-06T13:56:35.785+0000] {processor.py:914} INFO - Processing file /home/airflow/.local/lib/python3.12/site-packages/airflow/example_dags/example_latest_only_with_trigger.py for tasks to queue
[2024-11-06T13:56:35.789+0000] {logging_mixin.py:190} INFO - [2024-11-06T13:56:35.788+0000] {dagbag.py:587} INFO - Filling up the DagBag from /home/airflow/.local/lib/python3.12/site-packages/airflow/example_dags/example_latest_only_with_trigger.py
[2024-11-06T13:56:35.800+0000] {processor.py:925} INFO - DAG(s) 'latest_only_with_trigger' retrieved from /home/airflow/.local/lib/python3.12/site-packages/airflow/example_dags/example_latest_only_with_trigger.py
[2024-11-06T13:56:35.831+0000] {logging_mixin.py:190} INFO - [2024-11-06T13:56:35.831+0000] {dag.py:3229} INFO - Sync 1 DAGs
[2024-11-06T13:56:35.867+0000] {logging_mixin.py:190} INFO - [2024-11-06T13:56:35.866+0000] {dag.py:4156} INFO - Setting next_dagrun for latest_only_with_trigger to 2024-11-06 08:00:00+00:00, run_after=2024-11-06 12:00:00+00:00
[2024-11-06T13:56:35.902+0000] {processor.py:208} INFO - Processing /home/airflow/.local/lib/python3.12/site-packages/airflow/example_dags/example_latest_only_with_trigger.py took 0.126 seconds
[2024-11-06T13:57:06.024+0000] {processor.py:186} INFO - Started process (PID=1121) to work on /home/airflow/.local/lib/python3.12/site-packages/airflow/example_dags/example_latest_only_with_trigger.py
[2024-11-06T13:57:06.026+0000] {processor.py:914} INFO - Processing file /home/airflow/.local/lib/python3.12/site-packages/airflow/example_dags/example_latest_only_with_trigger.py for tasks to queue
[2024-11-06T13:57:06.028+0000] {logging_mixin.py:190} INFO - [2024-11-06T13:57:06.028+0000] {dagbag.py:587} INFO - Filling up the DagBag from /home/airflow/.local/lib/python3.12/site-packages/airflow/example_dags/example_latest_only_with_trigger.py
[2024-11-06T13:57:06.036+0000] {processor.py:925} INFO - DAG(s) 'latest_only_with_trigger' retrieved from /home/airflow/.local/lib/python3.12/site-packages/airflow/example_dags/example_latest_only_with_trigger.py
[2024-11-06T13:57:06.058+0000] {logging_mixin.py:190} INFO - [2024-11-06T13:57:06.057+0000] {dag.py:3229} INFO - Sync 1 DAGs
[2024-11-06T13:57:06.084+0000] {logging_mixin.py:190} INFO - [2024-11-06T13:57:06.084+0000] {dag.py:4156} INFO - Setting next_dagrun for latest_only_with_trigger to 2024-11-06 08:00:00+00:00, run_after=2024-11-06 12:00:00+00:00
[2024-11-06T13:57:06.112+0000] {processor.py:208} INFO - Processing /home/airflow/.local/lib/python3.12/site-packages/airflow/example_dags/example_latest_only_with_trigger.py took 0.093 seconds
[2024-11-06T13:57:38.247+0000] {processor.py:186} INFO - Started process (PID=1186) to work on /home/airflow/.local/lib/python3.12/site-packages/airflow/example_dags/example_latest_only_with_trigger.py
[2024-11-06T13:57:38.248+0000] {processor.py:914} INFO - Processing file /home/airflow/.local/lib/python3.12/site-packages/airflow/example_dags/example_latest_only_with_trigger.py for tasks to queue
[2024-11-06T13:57:38.252+0000] {logging_mixin.py:190} INFO - [2024-11-06T13:57:38.251+0000] {dagbag.py:587} INFO - Filling up the DagBag from /home/airflow/.local/lib/python3.12/site-packages/airflow/example_dags/example_latest_only_with_trigger.py
[2024-11-06T13:57:38.264+0000] {processor.py:925} INFO - DAG(s) 'latest_only_with_trigger' retrieved from /home/airflow/.local/lib/python3.12/site-packages/airflow/example_dags/example_latest_only_with_trigger.py
[2024-11-06T13:57:38.299+0000] {logging_mixin.py:190} INFO - [2024-11-06T13:57:38.299+0000] {dag.py:3229} INFO - Sync 1 DAGs
[2024-11-06T13:57:38.337+0000] {logging_mixin.py:190} INFO - [2024-11-06T13:57:38.337+0000] {dag.py:4156} INFO - Setting next_dagrun for latest_only_with_trigger to 2024-11-06 08:00:00+00:00, run_after=2024-11-06 12:00:00+00:00
[2024-11-06T13:57:38.370+0000] {processor.py:208} INFO - Processing /home/airflow/.local/lib/python3.12/site-packages/airflow/example_dags/example_latest_only_with_trigger.py took 0.131 seconds
[2024-11-06T13:58:08.448+0000] {processor.py:186} INFO - Started process (PID=1250) to work on /home/airflow/.local/lib/python3.12/site-packages/airflow/example_dags/example_latest_only_with_trigger.py
[2024-11-06T13:58:08.450+0000] {processor.py:914} INFO - Processing file /home/airflow/.local/lib/python3.12/site-packages/airflow/example_dags/example_latest_only_with_trigger.py for tasks to queue
[2024-11-06T13:58:08.453+0000] {logging_mixin.py:190} INFO - [2024-11-06T13:58:08.452+0000] {dagbag.py:587} INFO - Filling up the DagBag from /home/airflow/.local/lib/python3.12/site-packages/airflow/example_dags/example_latest_only_with_trigger.py
[2024-11-06T13:58:08.464+0000] {processor.py:925} INFO - DAG(s) 'latest_only_with_trigger' retrieved from /home/airflow/.local/lib/python3.12/site-packages/airflow/example_dags/example_latest_only_with_trigger.py
[2024-11-06T13:58:08.494+0000] {logging_mixin.py:190} INFO - [2024-11-06T13:58:08.494+0000] {dag.py:3229} INFO - Sync 1 DAGs
[2024-11-06T13:58:08.530+0000] {logging_mixin.py:190} INFO - [2024-11-06T13:58:08.529+0000] {dag.py:4156} INFO - Setting next_dagrun for latest_only_with_trigger to 2024-11-06 08:00:00+00:00, run_after=2024-11-06 12:00:00+00:00
[2024-11-06T13:58:08.575+0000] {processor.py:208} INFO - Processing /home/airflow/.local/lib/python3.12/site-packages/airflow/example_dags/example_latest_only_with_trigger.py took 0.135 seconds
[2024-11-06T13:58:39.522+0000] {processor.py:186} INFO - Started process (PID=1314) to work on /home/airflow/.local/lib/python3.12/site-packages/airflow/example_dags/example_latest_only_with_trigger.py
[2024-11-06T13:58:39.524+0000] {processor.py:914} INFO - Processing file /home/airflow/.local/lib/python3.12/site-packages/airflow/example_dags/example_latest_only_with_trigger.py for tasks to queue
[2024-11-06T13:58:39.527+0000] {logging_mixin.py:190} INFO - [2024-11-06T13:58:39.527+0000] {dagbag.py:587} INFO - Filling up the DagBag from /home/airflow/.local/lib/python3.12/site-packages/airflow/example_dags/example_latest_only_with_trigger.py
[2024-11-06T13:58:39.537+0000] {processor.py:925} INFO - DAG(s) 'latest_only_with_trigger' retrieved from /home/airflow/.local/lib/python3.12/site-packages/airflow/example_dags/example_latest_only_with_trigger.py
[2024-11-06T13:58:39.566+0000] {logging_mixin.py:190} INFO - [2024-11-06T13:58:39.565+0000] {dag.py:3229} INFO - Sync 1 DAGs
[2024-11-06T13:58:39.603+0000] {logging_mixin.py:190} INFO - [2024-11-06T13:58:39.603+0000] {dag.py:4156} INFO - Setting next_dagrun for latest_only_with_trigger to 2024-11-06 08:00:00+00:00, run_after=2024-11-06 12:00:00+00:00
[2024-11-06T13:58:39.634+0000] {processor.py:208} INFO - Processing /home/airflow/.local/lib/python3.12/site-packages/airflow/example_dags/example_latest_only_with_trigger.py took 0.118 seconds
[2024-11-06T13:59:10.713+0000] {processor.py:186} INFO - Started process (PID=1378) to work on /home/airflow/.local/lib/python3.12/site-packages/airflow/example_dags/example_latest_only_with_trigger.py
[2024-11-06T13:59:10.715+0000] {processor.py:914} INFO - Processing file /home/airflow/.local/lib/python3.12/site-packages/airflow/example_dags/example_latest_only_with_trigger.py for tasks to queue
[2024-11-06T13:59:10.718+0000] {logging_mixin.py:190} INFO - [2024-11-06T13:59:10.718+0000] {dagbag.py:587} INFO - Filling up the DagBag from /home/airflow/.local/lib/python3.12/site-packages/airflow/example_dags/example_latest_only_with_trigger.py
[2024-11-06T13:59:10.731+0000] {processor.py:925} INFO - DAG(s) 'latest_only_with_trigger' retrieved from /home/airflow/.local/lib/python3.12/site-packages/airflow/example_dags/example_latest_only_with_trigger.py
[2024-11-06T13:59:10.764+0000] {logging_mixin.py:190} INFO - [2024-11-06T13:59:10.764+0000] {dag.py:3229} INFO - Sync 1 DAGs
[2024-11-06T13:59:10.801+0000] {logging_mixin.py:190} INFO - [2024-11-06T13:59:10.801+0000] {dag.py:4156} INFO - Setting next_dagrun for latest_only_with_trigger to 2024-11-06 08:00:00+00:00, run_after=2024-11-06 12:00:00+00:00
[2024-11-06T13:59:10.832+0000] {processor.py:208} INFO - Processing /home/airflow/.local/lib/python3.12/site-packages/airflow/example_dags/example_latest_only_with_trigger.py took 0.128 seconds
[2024-11-06T13:59:41.614+0000] {processor.py:186} INFO - Started process (PID=1441) to work on /home/airflow/.local/lib/python3.12/site-packages/airflow/example_dags/example_latest_only_with_trigger.py
[2024-11-06T13:59:41.616+0000] {processor.py:914} INFO - Processing file /home/airflow/.local/lib/python3.12/site-packages/airflow/example_dags/example_latest_only_with_trigger.py for tasks to queue
[2024-11-06T13:59:41.619+0000] {logging_mixin.py:190} INFO - [2024-11-06T13:59:41.619+0000] {dagbag.py:587} INFO - Filling up the DagBag from /home/airflow/.local/lib/python3.12/site-packages/airflow/example_dags/example_latest_only_with_trigger.py
[2024-11-06T13:59:41.629+0000] {processor.py:925} INFO - DAG(s) 'latest_only_with_trigger' retrieved from /home/airflow/.local/lib/python3.12/site-packages/airflow/example_dags/example_latest_only_with_trigger.py
[2024-11-06T13:59:41.663+0000] {logging_mixin.py:190} INFO - [2024-11-06T13:59:41.662+0000] {dag.py:3229} INFO - Sync 1 DAGs
[2024-11-06T13:59:41.698+0000] {logging_mixin.py:190} INFO - [2024-11-06T13:59:41.698+0000] {dag.py:4156} INFO - Setting next_dagrun for latest_only_with_trigger to 2024-11-06 08:00:00+00:00, run_after=2024-11-06 12:00:00+00:00
[2024-11-06T13:59:41.728+0000] {processor.py:208} INFO - Processing /home/airflow/.local/lib/python3.12/site-packages/airflow/example_dags/example_latest_only_with_trigger.py took 0.121 seconds
[2024-11-06T14:01:13.935+0000] {processor.py:186} INFO - Started process (PID=56) to work on /home/airflow/.local/lib/python3.12/site-packages/airflow/example_dags/example_latest_only_with_trigger.py
[2024-11-06T14:01:13.937+0000] {processor.py:914} INFO - Processing file /home/airflow/.local/lib/python3.12/site-packages/airflow/example_dags/example_latest_only_with_trigger.py for tasks to queue
[2024-11-06T14:01:13.941+0000] {logging_mixin.py:190} INFO - [2024-11-06T14:01:13.940+0000] {dagbag.py:587} INFO - Filling up the DagBag from /home/airflow/.local/lib/python3.12/site-packages/airflow/example_dags/example_latest_only_with_trigger.py
[2024-11-06T14:01:13.950+0000] {processor.py:925} INFO - DAG(s) 'latest_only_with_trigger' retrieved from /home/airflow/.local/lib/python3.12/site-packages/airflow/example_dags/example_latest_only_with_trigger.py
[2024-11-06T14:01:13.983+0000] {logging_mixin.py:190} INFO - [2024-11-06T14:01:13.982+0000] {dag.py:3229} INFO - Sync 1 DAGs
[2024-11-06T14:01:14.022+0000] {logging_mixin.py:190} INFO - [2024-11-06T14:01:14.022+0000] {dag.py:4156} INFO - Setting next_dagrun for latest_only_with_trigger to 2024-11-06 08:00:00+00:00, run_after=2024-11-06 12:00:00+00:00
[2024-11-06T14:01:14.055+0000] {processor.py:208} INFO - Processing /home/airflow/.local/lib/python3.12/site-packages/airflow/example_dags/example_latest_only_with_trigger.py took 0.126 seconds
[2024-11-06T14:01:44.868+0000] {processor.py:186} INFO - Started process (PID=120) to work on /home/airflow/.local/lib/python3.12/site-packages/airflow/example_dags/example_latest_only_with_trigger.py
[2024-11-06T14:01:44.870+0000] {processor.py:914} INFO - Processing file /home/airflow/.local/lib/python3.12/site-packages/airflow/example_dags/example_latest_only_with_trigger.py for tasks to queue
[2024-11-06T14:01:44.874+0000] {logging_mixin.py:190} INFO - [2024-11-06T14:01:44.874+0000] {dagbag.py:587} INFO - Filling up the DagBag from /home/airflow/.local/lib/python3.12/site-packages/airflow/example_dags/example_latest_only_with_trigger.py
[2024-11-06T14:01:44.885+0000] {processor.py:925} INFO - DAG(s) 'latest_only_with_trigger' retrieved from /home/airflow/.local/lib/python3.12/site-packages/airflow/example_dags/example_latest_only_with_trigger.py
[2024-11-06T14:01:44.917+0000] {logging_mixin.py:190} INFO - [2024-11-06T14:01:44.916+0000] {dag.py:3229} INFO - Sync 1 DAGs
[2024-11-06T14:01:44.959+0000] {logging_mixin.py:190} INFO - [2024-11-06T14:01:44.958+0000] {dag.py:4156} INFO - Setting next_dagrun for latest_only_with_trigger to 2024-11-06 08:00:00+00:00, run_after=2024-11-06 12:00:00+00:00
[2024-11-06T14:01:44.991+0000] {processor.py:208} INFO - Processing /home/airflow/.local/lib/python3.12/site-packages/airflow/example_dags/example_latest_only_with_trigger.py took 0.130 seconds
[2024-11-06T14:02:15.373+0000] {processor.py:186} INFO - Started process (PID=184) to work on /home/airflow/.local/lib/python3.12/site-packages/airflow/example_dags/example_latest_only_with_trigger.py
[2024-11-06T14:02:15.382+0000] {processor.py:914} INFO - Processing file /home/airflow/.local/lib/python3.12/site-packages/airflow/example_dags/example_latest_only_with_trigger.py for tasks to queue
[2024-11-06T14:02:15.395+0000] {logging_mixin.py:190} INFO - [2024-11-06T14:02:15.394+0000] {dagbag.py:587} INFO - Filling up the DagBag from /home/airflow/.local/lib/python3.12/site-packages/airflow/example_dags/example_latest_only_with_trigger.py
[2024-11-06T14:02:15.409+0000] {processor.py:925} INFO - DAG(s) 'latest_only_with_trigger' retrieved from /home/airflow/.local/lib/python3.12/site-packages/airflow/example_dags/example_latest_only_with_trigger.py
[2024-11-06T14:02:15.453+0000] {logging_mixin.py:190} INFO - [2024-11-06T14:02:15.452+0000] {dag.py:3229} INFO - Sync 1 DAGs
[2024-11-06T14:02:15.488+0000] {logging_mixin.py:190} INFO - [2024-11-06T14:02:15.488+0000] {dag.py:4156} INFO - Setting next_dagrun for latest_only_with_trigger to 2024-11-06 08:00:00+00:00, run_after=2024-11-06 12:00:00+00:00
[2024-11-06T14:02:15.525+0000] {processor.py:208} INFO - Processing /home/airflow/.local/lib/python3.12/site-packages/airflow/example_dags/example_latest_only_with_trigger.py took 0.160 seconds
[2024-11-06T14:02:46.048+0000] {processor.py:186} INFO - Started process (PID=247) to work on /home/airflow/.local/lib/python3.12/site-packages/airflow/example_dags/example_latest_only_with_trigger.py
[2024-11-06T14:02:46.050+0000] {processor.py:914} INFO - Processing file /home/airflow/.local/lib/python3.12/site-packages/airflow/example_dags/example_latest_only_with_trigger.py for tasks to queue
[2024-11-06T14:02:46.053+0000] {logging_mixin.py:190} INFO - [2024-11-06T14:02:46.052+0000] {dagbag.py:587} INFO - Filling up the DagBag from /home/airflow/.local/lib/python3.12/site-packages/airflow/example_dags/example_latest_only_with_trigger.py
[2024-11-06T14:02:46.060+0000] {processor.py:925} INFO - DAG(s) 'latest_only_with_trigger' retrieved from /home/airflow/.local/lib/python3.12/site-packages/airflow/example_dags/example_latest_only_with_trigger.py
[2024-11-06T14:02:46.083+0000] {logging_mixin.py:190} INFO - [2024-11-06T14:02:46.083+0000] {dag.py:3229} INFO - Sync 1 DAGs
[2024-11-06T14:02:46.117+0000] {logging_mixin.py:190} INFO - [2024-11-06T14:02:46.117+0000] {dag.py:4156} INFO - Setting next_dagrun for latest_only_with_trigger to 2024-11-06 08:00:00+00:00, run_after=2024-11-06 12:00:00+00:00
[2024-11-06T14:02:46.141+0000] {processor.py:208} INFO - Processing /home/airflow/.local/lib/python3.12/site-packages/airflow/example_dags/example_latest_only_with_trigger.py took 0.098 seconds
[2024-11-06T14:03:17.218+0000] {processor.py:186} INFO - Started process (PID=311) to work on /home/airflow/.local/lib/python3.12/site-packages/airflow/example_dags/example_latest_only_with_trigger.py
[2024-11-06T14:03:17.220+0000] {processor.py:914} INFO - Processing file /home/airflow/.local/lib/python3.12/site-packages/airflow/example_dags/example_latest_only_with_trigger.py for tasks to queue
[2024-11-06T14:03:17.224+0000] {logging_mixin.py:190} INFO - [2024-11-06T14:03:17.223+0000] {dagbag.py:587} INFO - Filling up the DagBag from /home/airflow/.local/lib/python3.12/site-packages/airflow/example_dags/example_latest_only_with_trigger.py
[2024-11-06T14:03:17.232+0000] {processor.py:925} INFO - DAG(s) 'latest_only_with_trigger' retrieved from /home/airflow/.local/lib/python3.12/site-packages/airflow/example_dags/example_latest_only_with_trigger.py
[2024-11-06T14:03:17.261+0000] {logging_mixin.py:190} INFO - [2024-11-06T14:03:17.260+0000] {dag.py:3229} INFO - Sync 1 DAGs
[2024-11-06T14:03:17.295+0000] {logging_mixin.py:190} INFO - [2024-11-06T14:03:17.294+0000] {dag.py:4156} INFO - Setting next_dagrun for latest_only_with_trigger to 2024-11-06 08:00:00+00:00, run_after=2024-11-06 12:00:00+00:00
[2024-11-06T14:03:17.323+0000] {processor.py:208} INFO - Processing /home/airflow/.local/lib/python3.12/site-packages/airflow/example_dags/example_latest_only_with_trigger.py took 0.111 seconds
[2024-11-06T14:03:48.835+0000] {processor.py:186} INFO - Started process (PID=375) to work on /home/airflow/.local/lib/python3.12/site-packages/airflow/example_dags/example_latest_only_with_trigger.py
[2024-11-06T14:03:48.837+0000] {processor.py:914} INFO - Processing file /home/airflow/.local/lib/python3.12/site-packages/airflow/example_dags/example_latest_only_with_trigger.py for tasks to queue
[2024-11-06T14:03:48.841+0000] {logging_mixin.py:190} INFO - [2024-11-06T14:03:48.840+0000] {dagbag.py:587} INFO - Filling up the DagBag from /home/airflow/.local/lib/python3.12/site-packages/airflow/example_dags/example_latest_only_with_trigger.py
[2024-11-06T14:03:48.851+0000] {processor.py:925} INFO - DAG(s) 'latest_only_with_trigger' retrieved from /home/airflow/.local/lib/python3.12/site-packages/airflow/example_dags/example_latest_only_with_trigger.py
[2024-11-06T14:03:48.880+0000] {logging_mixin.py:190} INFO - [2024-11-06T14:03:48.879+0000] {dag.py:3229} INFO - Sync 1 DAGs
[2024-11-06T14:03:48.916+0000] {logging_mixin.py:190} INFO - [2024-11-06T14:03:48.915+0000] {dag.py:4156} INFO - Setting next_dagrun for latest_only_with_trigger to 2024-11-06 08:00:00+00:00, run_after=2024-11-06 12:00:00+00:00
[2024-11-06T14:03:48.948+0000] {processor.py:208} INFO - Processing /home/airflow/.local/lib/python3.12/site-packages/airflow/example_dags/example_latest_only_with_trigger.py took 0.120 seconds
