[2024-11-06T13:49:01.210+0000] {processor.py:186} INFO - Started process (PID=102) to work on /home/airflow/.local/lib/python3.12/site-packages/airflow/example_dags/example_branch_day_of_week_operator.py
[2024-11-06T13:49:01.212+0000] {processor.py:914} INFO - Processing file /home/airflow/.local/lib/python3.12/site-packages/airflow/example_dags/example_branch_day_of_week_operator.py for tasks to queue
[2024-11-06T13:49:01.217+0000] {logging_mixin.py:190} INFO - [2024-11-06T13:49:01.217+0000] {dagbag.py:587} INFO - Filling up the DagBag from /home/airflow/.local/lib/python3.12/site-packages/airflow/example_dags/example_branch_day_of_week_operator.py
[2024-11-06T13:49:01.232+0000] {processor.py:925} INFO - DAG(s) 'example_weekday_branch_operator' retrieved from /home/airflow/.local/lib/python3.12/site-packages/airflow/example_dags/example_branch_day_of_week_operator.py
[2024-11-06T13:49:01.266+0000] {logging_mixin.py:190} INFO - [2024-11-06T13:49:01.266+0000] {dag.py:3229} INFO - Sync 1 DAGs
[2024-11-06T13:49:01.306+0000] {logging_mixin.py:190} INFO - [2024-11-06T13:49:01.306+0000] {dag.py:4156} INFO - Setting next_dagrun for example_weekday_branch_operator to 2024-11-05 00:00:00+00:00, run_after=2024-11-06 00:00:00+00:00
[2024-11-06T13:49:01.337+0000] {processor.py:208} INFO - Processing /home/airflow/.local/lib/python3.12/site-packages/airflow/example_dags/example_branch_day_of_week_operator.py took 0.136 seconds
[2024-11-06T13:49:32.318+0000] {processor.py:186} INFO - Started process (PID=164) to work on /home/airflow/.local/lib/python3.12/site-packages/airflow/example_dags/example_branch_day_of_week_operator.py
[2024-11-06T13:49:32.320+0000] {processor.py:914} INFO - Processing file /home/airflow/.local/lib/python3.12/site-packages/airflow/example_dags/example_branch_day_of_week_operator.py for tasks to queue
[2024-11-06T13:49:32.326+0000] {logging_mixin.py:190} INFO - [2024-11-06T13:49:32.324+0000] {dagbag.py:587} INFO - Filling up the DagBag from /home/airflow/.local/lib/python3.12/site-packages/airflow/example_dags/example_branch_day_of_week_operator.py
[2024-11-06T13:49:32.345+0000] {processor.py:925} INFO - DAG(s) 'example_weekday_branch_operator' retrieved from /home/airflow/.local/lib/python3.12/site-packages/airflow/example_dags/example_branch_day_of_week_operator.py
[2024-11-06T13:49:32.392+0000] {logging_mixin.py:190} INFO - [2024-11-06T13:49:32.392+0000] {dag.py:3229} INFO - Sync 1 DAGs
[2024-11-06T13:49:32.442+0000] {logging_mixin.py:190} INFO - [2024-11-06T13:49:32.441+0000] {dag.py:4156} INFO - Setting next_dagrun for example_weekday_branch_operator to 2024-11-05 00:00:00+00:00, run_after=2024-11-06 00:00:00+00:00
[2024-11-06T13:49:32.477+0000] {processor.py:208} INFO - Processing /home/airflow/.local/lib/python3.12/site-packages/airflow/example_dags/example_branch_day_of_week_operator.py took 0.168 seconds
[2024-11-06T13:50:02.959+0000] {processor.py:186} INFO - Started process (PID=232) to work on /home/airflow/.local/lib/python3.12/site-packages/airflow/example_dags/example_branch_day_of_week_operator.py
[2024-11-06T13:50:02.960+0000] {processor.py:914} INFO - Processing file /home/airflow/.local/lib/python3.12/site-packages/airflow/example_dags/example_branch_day_of_week_operator.py for tasks to queue
[2024-11-06T13:50:02.964+0000] {logging_mixin.py:190} INFO - [2024-11-06T13:50:02.963+0000] {dagbag.py:587} INFO - Filling up the DagBag from /home/airflow/.local/lib/python3.12/site-packages/airflow/example_dags/example_branch_day_of_week_operator.py
[2024-11-06T13:50:02.976+0000] {processor.py:925} INFO - DAG(s) 'example_weekday_branch_operator' retrieved from /home/airflow/.local/lib/python3.12/site-packages/airflow/example_dags/example_branch_day_of_week_operator.py
[2024-11-06T13:50:03.004+0000] {logging_mixin.py:190} INFO - [2024-11-06T13:50:03.004+0000] {dag.py:3229} INFO - Sync 1 DAGs
[2024-11-06T13:50:03.033+0000] {logging_mixin.py:190} INFO - [2024-11-06T13:50:03.032+0000] {dag.py:4156} INFO - Setting next_dagrun for example_weekday_branch_operator to 2024-11-05 00:00:00+00:00, run_after=2024-11-06 00:00:00+00:00
[2024-11-06T13:50:03.054+0000] {processor.py:208} INFO - Processing /home/airflow/.local/lib/python3.12/site-packages/airflow/example_dags/example_branch_day_of_week_operator.py took 0.104 seconds
[2024-11-06T13:50:33.857+0000] {processor.py:186} INFO - Started process (PID=306) to work on /home/airflow/.local/lib/python3.12/site-packages/airflow/example_dags/example_branch_day_of_week_operator.py
[2024-11-06T13:50:33.859+0000] {processor.py:914} INFO - Processing file /home/airflow/.local/lib/python3.12/site-packages/airflow/example_dags/example_branch_day_of_week_operator.py for tasks to queue
[2024-11-06T13:50:33.861+0000] {logging_mixin.py:190} INFO - [2024-11-06T13:50:33.861+0000] {dagbag.py:587} INFO - Filling up the DagBag from /home/airflow/.local/lib/python3.12/site-packages/airflow/example_dags/example_branch_day_of_week_operator.py
[2024-11-06T13:50:33.871+0000] {processor.py:925} INFO - DAG(s) 'example_weekday_branch_operator' retrieved from /home/airflow/.local/lib/python3.12/site-packages/airflow/example_dags/example_branch_day_of_week_operator.py
[2024-11-06T13:50:33.902+0000] {logging_mixin.py:190} INFO - [2024-11-06T13:50:33.901+0000] {dag.py:3229} INFO - Sync 1 DAGs
[2024-11-06T13:50:33.935+0000] {logging_mixin.py:190} INFO - [2024-11-06T13:50:33.934+0000] {dag.py:4156} INFO - Setting next_dagrun for example_weekday_branch_operator to 2024-11-05 00:00:00+00:00, run_after=2024-11-06 00:00:00+00:00
[2024-11-06T13:50:33.956+0000] {processor.py:208} INFO - Processing /home/airflow/.local/lib/python3.12/site-packages/airflow/example_dags/example_branch_day_of_week_operator.py took 0.104 seconds
[2024-11-06T13:51:04.964+0000] {processor.py:186} INFO - Started process (PID=370) to work on /home/airflow/.local/lib/python3.12/site-packages/airflow/example_dags/example_branch_day_of_week_operator.py
[2024-11-06T13:51:04.966+0000] {processor.py:914} INFO - Processing file /home/airflow/.local/lib/python3.12/site-packages/airflow/example_dags/example_branch_day_of_week_operator.py for tasks to queue
[2024-11-06T13:51:04.970+0000] {logging_mixin.py:190} INFO - [2024-11-06T13:51:04.970+0000] {dagbag.py:587} INFO - Filling up the DagBag from /home/airflow/.local/lib/python3.12/site-packages/airflow/example_dags/example_branch_day_of_week_operator.py
[2024-11-06T13:51:04.985+0000] {processor.py:925} INFO - DAG(s) 'example_weekday_branch_operator' retrieved from /home/airflow/.local/lib/python3.12/site-packages/airflow/example_dags/example_branch_day_of_week_operator.py
[2024-11-06T13:51:05.019+0000] {logging_mixin.py:190} INFO - [2024-11-06T13:51:05.018+0000] {dag.py:3229} INFO - Sync 1 DAGs
[2024-11-06T13:51:05.077+0000] {logging_mixin.py:190} INFO - [2024-11-06T13:51:05.077+0000] {dag.py:4156} INFO - Setting next_dagrun for example_weekday_branch_operator to 2024-11-05 00:00:00+00:00, run_after=2024-11-06 00:00:00+00:00
[2024-11-06T13:51:05.125+0000] {processor.py:208} INFO - Processing /home/airflow/.local/lib/python3.12/site-packages/airflow/example_dags/example_branch_day_of_week_operator.py took 0.169 seconds
[2024-11-06T13:51:35.793+0000] {processor.py:186} INFO - Started process (PID=434) to work on /home/airflow/.local/lib/python3.12/site-packages/airflow/example_dags/example_branch_day_of_week_operator.py
[2024-11-06T13:51:35.796+0000] {processor.py:914} INFO - Processing file /home/airflow/.local/lib/python3.12/site-packages/airflow/example_dags/example_branch_day_of_week_operator.py for tasks to queue
[2024-11-06T13:51:35.799+0000] {logging_mixin.py:190} INFO - [2024-11-06T13:51:35.799+0000] {dagbag.py:587} INFO - Filling up the DagBag from /home/airflow/.local/lib/python3.12/site-packages/airflow/example_dags/example_branch_day_of_week_operator.py
[2024-11-06T13:51:35.815+0000] {processor.py:925} INFO - DAG(s) 'example_weekday_branch_operator' retrieved from /home/airflow/.local/lib/python3.12/site-packages/airflow/example_dags/example_branch_day_of_week_operator.py
[2024-11-06T13:51:35.849+0000] {logging_mixin.py:190} INFO - [2024-11-06T13:51:35.848+0000] {dag.py:3229} INFO - Sync 1 DAGs
[2024-11-06T13:51:35.887+0000] {logging_mixin.py:190} INFO - [2024-11-06T13:51:35.886+0000] {dag.py:4156} INFO - Setting next_dagrun for example_weekday_branch_operator to 2024-11-05 00:00:00+00:00, run_after=2024-11-06 00:00:00+00:00
[2024-11-06T13:51:35.923+0000] {processor.py:208} INFO - Processing /home/airflow/.local/lib/python3.12/site-packages/airflow/example_dags/example_branch_day_of_week_operator.py took 0.138 seconds
[2024-11-06T13:52:06.425+0000] {processor.py:186} INFO - Started process (PID=498) to work on /home/airflow/.local/lib/python3.12/site-packages/airflow/example_dags/example_branch_day_of_week_operator.py
[2024-11-06T13:52:06.427+0000] {processor.py:914} INFO - Processing file /home/airflow/.local/lib/python3.12/site-packages/airflow/example_dags/example_branch_day_of_week_operator.py for tasks to queue
[2024-11-06T13:52:06.430+0000] {logging_mixin.py:190} INFO - [2024-11-06T13:52:06.430+0000] {dagbag.py:587} INFO - Filling up the DagBag from /home/airflow/.local/lib/python3.12/site-packages/airflow/example_dags/example_branch_day_of_week_operator.py
[2024-11-06T13:52:06.444+0000] {processor.py:925} INFO - DAG(s) 'example_weekday_branch_operator' retrieved from /home/airflow/.local/lib/python3.12/site-packages/airflow/example_dags/example_branch_day_of_week_operator.py
[2024-11-06T13:52:06.481+0000] {logging_mixin.py:190} INFO - [2024-11-06T13:52:06.481+0000] {dag.py:3229} INFO - Sync 1 DAGs
[2024-11-06T13:52:06.519+0000] {logging_mixin.py:190} INFO - [2024-11-06T13:52:06.518+0000] {dag.py:4156} INFO - Setting next_dagrun for example_weekday_branch_operator to 2024-11-05 00:00:00+00:00, run_after=2024-11-06 00:00:00+00:00
[2024-11-06T13:52:06.549+0000] {processor.py:208} INFO - Processing /home/airflow/.local/lib/python3.12/site-packages/airflow/example_dags/example_branch_day_of_week_operator.py took 0.135 seconds
[2024-11-06T13:52:36.827+0000] {processor.py:186} INFO - Started process (PID=562) to work on /home/airflow/.local/lib/python3.12/site-packages/airflow/example_dags/example_branch_day_of_week_operator.py
[2024-11-06T13:52:36.828+0000] {processor.py:914} INFO - Processing file /home/airflow/.local/lib/python3.12/site-packages/airflow/example_dags/example_branch_day_of_week_operator.py for tasks to queue
[2024-11-06T13:52:36.832+0000] {logging_mixin.py:190} INFO - [2024-11-06T13:52:36.831+0000] {dagbag.py:587} INFO - Filling up the DagBag from /home/airflow/.local/lib/python3.12/site-packages/airflow/example_dags/example_branch_day_of_week_operator.py
[2024-11-06T13:52:36.844+0000] {processor.py:925} INFO - DAG(s) 'example_weekday_branch_operator' retrieved from /home/airflow/.local/lib/python3.12/site-packages/airflow/example_dags/example_branch_day_of_week_operator.py
[2024-11-06T13:52:36.876+0000] {logging_mixin.py:190} INFO - [2024-11-06T13:52:36.876+0000] {dag.py:3229} INFO - Sync 1 DAGs
[2024-11-06T13:52:36.912+0000] {logging_mixin.py:190} INFO - [2024-11-06T13:52:36.911+0000] {dag.py:4156} INFO - Setting next_dagrun for example_weekday_branch_operator to 2024-11-05 00:00:00+00:00, run_after=2024-11-06 00:00:00+00:00
[2024-11-06T13:52:36.942+0000] {processor.py:208} INFO - Processing /home/airflow/.local/lib/python3.12/site-packages/airflow/example_dags/example_branch_day_of_week_operator.py took 0.122 seconds
[2024-11-06T13:53:07.263+0000] {processor.py:186} INFO - Started process (PID=625) to work on /home/airflow/.local/lib/python3.12/site-packages/airflow/example_dags/example_branch_day_of_week_operator.py
[2024-11-06T13:53:07.265+0000] {processor.py:914} INFO - Processing file /home/airflow/.local/lib/python3.12/site-packages/airflow/example_dags/example_branch_day_of_week_operator.py for tasks to queue
[2024-11-06T13:53:07.270+0000] {logging_mixin.py:190} INFO - [2024-11-06T13:53:07.269+0000] {dagbag.py:587} INFO - Filling up the DagBag from /home/airflow/.local/lib/python3.12/site-packages/airflow/example_dags/example_branch_day_of_week_operator.py
[2024-11-06T13:53:07.288+0000] {processor.py:925} INFO - DAG(s) 'example_weekday_branch_operator' retrieved from /home/airflow/.local/lib/python3.12/site-packages/airflow/example_dags/example_branch_day_of_week_operator.py
[2024-11-06T13:53:07.332+0000] {logging_mixin.py:190} INFO - [2024-11-06T13:53:07.331+0000] {dag.py:3229} INFO - Sync 1 DAGs
[2024-11-06T13:53:07.382+0000] {logging_mixin.py:190} INFO - [2024-11-06T13:53:07.382+0000] {dag.py:4156} INFO - Setting next_dagrun for example_weekday_branch_operator to 2024-11-05 00:00:00+00:00, run_after=2024-11-06 00:00:00+00:00
[2024-11-06T13:53:07.429+0000] {processor.py:208} INFO - Processing /home/airflow/.local/lib/python3.12/site-packages/airflow/example_dags/example_branch_day_of_week_operator.py took 0.183 seconds
[2024-11-06T13:53:37.850+0000] {processor.py:186} INFO - Started process (PID=689) to work on /home/airflow/.local/lib/python3.12/site-packages/airflow/example_dags/example_branch_day_of_week_operator.py
[2024-11-06T13:53:37.852+0000] {processor.py:914} INFO - Processing file /home/airflow/.local/lib/python3.12/site-packages/airflow/example_dags/example_branch_day_of_week_operator.py for tasks to queue
[2024-11-06T13:53:37.857+0000] {logging_mixin.py:190} INFO - [2024-11-06T13:53:37.856+0000] {dagbag.py:587} INFO - Filling up the DagBag from /home/airflow/.local/lib/python3.12/site-packages/airflow/example_dags/example_branch_day_of_week_operator.py
[2024-11-06T13:53:37.875+0000] {processor.py:925} INFO - DAG(s) 'example_weekday_branch_operator' retrieved from /home/airflow/.local/lib/python3.12/site-packages/airflow/example_dags/example_branch_day_of_week_operator.py
[2024-11-06T13:53:37.917+0000] {logging_mixin.py:190} INFO - [2024-11-06T13:53:37.917+0000] {dag.py:3229} INFO - Sync 1 DAGs
[2024-11-06T13:53:37.964+0000] {logging_mixin.py:190} INFO - [2024-11-06T13:53:37.963+0000] {dag.py:4156} INFO - Setting next_dagrun for example_weekday_branch_operator to 2024-11-05 00:00:00+00:00, run_after=2024-11-06 00:00:00+00:00
[2024-11-06T13:53:38.003+0000] {processor.py:208} INFO - Processing /home/airflow/.local/lib/python3.12/site-packages/airflow/example_dags/example_branch_day_of_week_operator.py took 0.162 seconds
[2024-11-06T13:54:08.236+0000] {processor.py:186} INFO - Started process (PID=753) to work on /home/airflow/.local/lib/python3.12/site-packages/airflow/example_dags/example_branch_day_of_week_operator.py
[2024-11-06T13:54:08.238+0000] {processor.py:914} INFO - Processing file /home/airflow/.local/lib/python3.12/site-packages/airflow/example_dags/example_branch_day_of_week_operator.py for tasks to queue
[2024-11-06T13:54:08.244+0000] {logging_mixin.py:190} INFO - [2024-11-06T13:54:08.243+0000] {dagbag.py:587} INFO - Filling up the DagBag from /home/airflow/.local/lib/python3.12/site-packages/airflow/example_dags/example_branch_day_of_week_operator.py
[2024-11-06T13:54:08.266+0000] {processor.py:925} INFO - DAG(s) 'example_weekday_branch_operator' retrieved from /home/airflow/.local/lib/python3.12/site-packages/airflow/example_dags/example_branch_day_of_week_operator.py
[2024-11-06T13:54:08.296+0000] {logging_mixin.py:190} INFO - [2024-11-06T13:54:08.296+0000] {dag.py:3229} INFO - Sync 1 DAGs
[2024-11-06T13:54:08.335+0000] {logging_mixin.py:190} INFO - [2024-11-06T13:54:08.334+0000] {dag.py:4156} INFO - Setting next_dagrun for example_weekday_branch_operator to 2024-11-05 00:00:00+00:00, run_after=2024-11-06 00:00:00+00:00
[2024-11-06T13:54:08.366+0000] {processor.py:208} INFO - Processing /home/airflow/.local/lib/python3.12/site-packages/airflow/example_dags/example_branch_day_of_week_operator.py took 0.142 seconds
[2024-11-06T13:54:38.731+0000] {processor.py:186} INFO - Started process (PID=817) to work on /home/airflow/.local/lib/python3.12/site-packages/airflow/example_dags/example_branch_day_of_week_operator.py
[2024-11-06T13:54:38.733+0000] {processor.py:914} INFO - Processing file /home/airflow/.local/lib/python3.12/site-packages/airflow/example_dags/example_branch_day_of_week_operator.py for tasks to queue
[2024-11-06T13:54:38.738+0000] {logging_mixin.py:190} INFO - [2024-11-06T13:54:38.737+0000] {dagbag.py:587} INFO - Filling up the DagBag from /home/airflow/.local/lib/python3.12/site-packages/airflow/example_dags/example_branch_day_of_week_operator.py
[2024-11-06T13:54:38.753+0000] {processor.py:925} INFO - DAG(s) 'example_weekday_branch_operator' retrieved from /home/airflow/.local/lib/python3.12/site-packages/airflow/example_dags/example_branch_day_of_week_operator.py
[2024-11-06T13:54:38.792+0000] {logging_mixin.py:190} INFO - [2024-11-06T13:54:38.792+0000] {dag.py:3229} INFO - Sync 1 DAGs
[2024-11-06T13:54:38.834+0000] {logging_mixin.py:190} INFO - [2024-11-06T13:54:38.834+0000] {dag.py:4156} INFO - Setting next_dagrun for example_weekday_branch_operator to 2024-11-05 00:00:00+00:00, run_after=2024-11-06 00:00:00+00:00
[2024-11-06T13:54:38.872+0000] {processor.py:208} INFO - Processing /home/airflow/.local/lib/python3.12/site-packages/airflow/example_dags/example_branch_day_of_week_operator.py took 0.148 seconds
[2024-11-06T13:55:09.576+0000] {processor.py:186} INFO - Started process (PID=882) to work on /home/airflow/.local/lib/python3.12/site-packages/airflow/example_dags/example_branch_day_of_week_operator.py
[2024-11-06T13:55:09.579+0000] {processor.py:914} INFO - Processing file /home/airflow/.local/lib/python3.12/site-packages/airflow/example_dags/example_branch_day_of_week_operator.py for tasks to queue
[2024-11-06T13:55:09.590+0000] {logging_mixin.py:190} INFO - [2024-11-06T13:55:09.588+0000] {dagbag.py:587} INFO - Filling up the DagBag from /home/airflow/.local/lib/python3.12/site-packages/airflow/example_dags/example_branch_day_of_week_operator.py
[2024-11-06T13:55:09.611+0000] {processor.py:925} INFO - DAG(s) 'example_weekday_branch_operator' retrieved from /home/airflow/.local/lib/python3.12/site-packages/airflow/example_dags/example_branch_day_of_week_operator.py
[2024-11-06T13:55:09.682+0000] {logging_mixin.py:190} INFO - [2024-11-06T13:55:09.682+0000] {dag.py:3229} INFO - Sync 1 DAGs
[2024-11-06T13:55:09.740+0000] {logging_mixin.py:190} INFO - [2024-11-06T13:55:09.740+0000] {dag.py:4156} INFO - Setting next_dagrun for example_weekday_branch_operator to 2024-11-05 00:00:00+00:00, run_after=2024-11-06 00:00:00+00:00
[2024-11-06T13:55:09.795+0000] {processor.py:208} INFO - Processing /home/airflow/.local/lib/python3.12/site-packages/airflow/example_dags/example_branch_day_of_week_operator.py took 0.247 seconds
[2024-11-06T13:55:39.910+0000] {processor.py:186} INFO - Started process (PID=946) to work on /home/airflow/.local/lib/python3.12/site-packages/airflow/example_dags/example_branch_day_of_week_operator.py
[2024-11-06T13:55:39.913+0000] {processor.py:914} INFO - Processing file /home/airflow/.local/lib/python3.12/site-packages/airflow/example_dags/example_branch_day_of_week_operator.py for tasks to queue
[2024-11-06T13:55:39.919+0000] {logging_mixin.py:190} INFO - [2024-11-06T13:55:39.918+0000] {dagbag.py:587} INFO - Filling up the DagBag from /home/airflow/.local/lib/python3.12/site-packages/airflow/example_dags/example_branch_day_of_week_operator.py
[2024-11-06T13:55:39.936+0000] {processor.py:925} INFO - DAG(s) 'example_weekday_branch_operator' retrieved from /home/airflow/.local/lib/python3.12/site-packages/airflow/example_dags/example_branch_day_of_week_operator.py
[2024-11-06T13:55:39.977+0000] {logging_mixin.py:190} INFO - [2024-11-06T13:55:39.977+0000] {dag.py:3229} INFO - Sync 1 DAGs
[2024-11-06T13:55:40.026+0000] {logging_mixin.py:190} INFO - [2024-11-06T13:55:40.025+0000] {dag.py:4156} INFO - Setting next_dagrun for example_weekday_branch_operator to 2024-11-05 00:00:00+00:00, run_after=2024-11-06 00:00:00+00:00
[2024-11-06T13:55:40.060+0000] {processor.py:208} INFO - Processing /home/airflow/.local/lib/python3.12/site-packages/airflow/example_dags/example_branch_day_of_week_operator.py took 0.158 seconds
[2024-11-06T13:56:10.387+0000] {processor.py:186} INFO - Started process (PID=1010) to work on /home/airflow/.local/lib/python3.12/site-packages/airflow/example_dags/example_branch_day_of_week_operator.py
[2024-11-06T13:56:10.389+0000] {processor.py:914} INFO - Processing file /home/airflow/.local/lib/python3.12/site-packages/airflow/example_dags/example_branch_day_of_week_operator.py for tasks to queue
[2024-11-06T13:56:10.395+0000] {logging_mixin.py:190} INFO - [2024-11-06T13:56:10.394+0000] {dagbag.py:587} INFO - Filling up the DagBag from /home/airflow/.local/lib/python3.12/site-packages/airflow/example_dags/example_branch_day_of_week_operator.py
[2024-11-06T13:56:10.419+0000] {processor.py:925} INFO - DAG(s) 'example_weekday_branch_operator' retrieved from /home/airflow/.local/lib/python3.12/site-packages/airflow/example_dags/example_branch_day_of_week_operator.py
[2024-11-06T13:56:10.473+0000] {logging_mixin.py:190} INFO - [2024-11-06T13:56:10.472+0000] {dag.py:3229} INFO - Sync 1 DAGs
[2024-11-06T13:56:10.538+0000] {logging_mixin.py:190} INFO - [2024-11-06T13:56:10.538+0000] {dag.py:4156} INFO - Setting next_dagrun for example_weekday_branch_operator to 2024-11-05 00:00:00+00:00, run_after=2024-11-06 00:00:00+00:00
[2024-11-06T13:56:10.590+0000] {processor.py:208} INFO - Processing /home/airflow/.local/lib/python3.12/site-packages/airflow/example_dags/example_branch_day_of_week_operator.py took 0.216 seconds
[2024-11-06T13:56:40.771+0000] {processor.py:186} INFO - Started process (PID=1074) to work on /home/airflow/.local/lib/python3.12/site-packages/airflow/example_dags/example_branch_day_of_week_operator.py
[2024-11-06T13:56:40.773+0000] {processor.py:914} INFO - Processing file /home/airflow/.local/lib/python3.12/site-packages/airflow/example_dags/example_branch_day_of_week_operator.py for tasks to queue
[2024-11-06T13:56:40.777+0000] {logging_mixin.py:190} INFO - [2024-11-06T13:56:40.776+0000] {dagbag.py:587} INFO - Filling up the DagBag from /home/airflow/.local/lib/python3.12/site-packages/airflow/example_dags/example_branch_day_of_week_operator.py
[2024-11-06T13:56:40.794+0000] {processor.py:925} INFO - DAG(s) 'example_weekday_branch_operator' retrieved from /home/airflow/.local/lib/python3.12/site-packages/airflow/example_dags/example_branch_day_of_week_operator.py
[2024-11-06T13:56:40.831+0000] {logging_mixin.py:190} INFO - [2024-11-06T13:56:40.830+0000] {dag.py:3229} INFO - Sync 1 DAGs
[2024-11-06T13:56:40.876+0000] {logging_mixin.py:190} INFO - [2024-11-06T13:56:40.875+0000] {dag.py:4156} INFO - Setting next_dagrun for example_weekday_branch_operator to 2024-11-05 00:00:00+00:00, run_after=2024-11-06 00:00:00+00:00
[2024-11-06T13:56:40.917+0000] {processor.py:208} INFO - Processing /home/airflow/.local/lib/python3.12/site-packages/airflow/example_dags/example_branch_day_of_week_operator.py took 0.154 seconds
[2024-11-06T13:57:11.166+0000] {processor.py:186} INFO - Started process (PID=1138) to work on /home/airflow/.local/lib/python3.12/site-packages/airflow/example_dags/example_branch_day_of_week_operator.py
[2024-11-06T13:57:11.169+0000] {processor.py:914} INFO - Processing file /home/airflow/.local/lib/python3.12/site-packages/airflow/example_dags/example_branch_day_of_week_operator.py for tasks to queue
[2024-11-06T13:57:11.175+0000] {logging_mixin.py:190} INFO - [2024-11-06T13:57:11.174+0000] {dagbag.py:587} INFO - Filling up the DagBag from /home/airflow/.local/lib/python3.12/site-packages/airflow/example_dags/example_branch_day_of_week_operator.py
[2024-11-06T13:57:11.193+0000] {processor.py:925} INFO - DAG(s) 'example_weekday_branch_operator' retrieved from /home/airflow/.local/lib/python3.12/site-packages/airflow/example_dags/example_branch_day_of_week_operator.py
[2024-11-06T13:57:11.230+0000] {logging_mixin.py:190} INFO - [2024-11-06T13:57:11.230+0000] {dag.py:3229} INFO - Sync 1 DAGs
[2024-11-06T13:57:11.275+0000] {logging_mixin.py:190} INFO - [2024-11-06T13:57:11.274+0000] {dag.py:4156} INFO - Setting next_dagrun for example_weekday_branch_operator to 2024-11-05 00:00:00+00:00, run_after=2024-11-06 00:00:00+00:00
[2024-11-06T13:57:11.323+0000] {processor.py:208} INFO - Processing /home/airflow/.local/lib/python3.12/site-packages/airflow/example_dags/example_branch_day_of_week_operator.py took 0.168 seconds
[2024-11-06T13:57:41.508+0000] {processor.py:186} INFO - Started process (PID=1203) to work on /home/airflow/.local/lib/python3.12/site-packages/airflow/example_dags/example_branch_day_of_week_operator.py
[2024-11-06T13:57:41.509+0000] {processor.py:914} INFO - Processing file /home/airflow/.local/lib/python3.12/site-packages/airflow/example_dags/example_branch_day_of_week_operator.py for tasks to queue
[2024-11-06T13:57:41.512+0000] {logging_mixin.py:190} INFO - [2024-11-06T13:57:41.512+0000] {dagbag.py:587} INFO - Filling up the DagBag from /home/airflow/.local/lib/python3.12/site-packages/airflow/example_dags/example_branch_day_of_week_operator.py
[2024-11-06T13:57:41.528+0000] {processor.py:925} INFO - DAG(s) 'example_weekday_branch_operator' retrieved from /home/airflow/.local/lib/python3.12/site-packages/airflow/example_dags/example_branch_day_of_week_operator.py
[2024-11-06T13:57:41.560+0000] {logging_mixin.py:190} INFO - [2024-11-06T13:57:41.559+0000] {dag.py:3229} INFO - Sync 1 DAGs
[2024-11-06T13:57:41.612+0000] {logging_mixin.py:190} INFO - [2024-11-06T13:57:41.612+0000] {dag.py:4156} INFO - Setting next_dagrun for example_weekday_branch_operator to 2024-11-05 00:00:00+00:00, run_after=2024-11-06 00:00:00+00:00
[2024-11-06T13:57:41.647+0000] {processor.py:208} INFO - Processing /home/airflow/.local/lib/python3.12/site-packages/airflow/example_dags/example_branch_day_of_week_operator.py took 0.148 seconds
[2024-11-06T13:58:12.365+0000] {processor.py:186} INFO - Started process (PID=1267) to work on /home/airflow/.local/lib/python3.12/site-packages/airflow/example_dags/example_branch_day_of_week_operator.py
[2024-11-06T13:58:12.367+0000] {processor.py:914} INFO - Processing file /home/airflow/.local/lib/python3.12/site-packages/airflow/example_dags/example_branch_day_of_week_operator.py for tasks to queue
[2024-11-06T13:58:12.371+0000] {logging_mixin.py:190} INFO - [2024-11-06T13:58:12.370+0000] {dagbag.py:587} INFO - Filling up the DagBag from /home/airflow/.local/lib/python3.12/site-packages/airflow/example_dags/example_branch_day_of_week_operator.py
[2024-11-06T13:58:12.385+0000] {processor.py:925} INFO - DAG(s) 'example_weekday_branch_operator' retrieved from /home/airflow/.local/lib/python3.12/site-packages/airflow/example_dags/example_branch_day_of_week_operator.py
[2024-11-06T13:58:12.417+0000] {logging_mixin.py:190} INFO - [2024-11-06T13:58:12.417+0000] {dag.py:3229} INFO - Sync 1 DAGs
[2024-11-06T13:58:12.463+0000] {logging_mixin.py:190} INFO - [2024-11-06T13:58:12.463+0000] {dag.py:4156} INFO - Setting next_dagrun for example_weekday_branch_operator to 2024-11-05 00:00:00+00:00, run_after=2024-11-06 00:00:00+00:00
[2024-11-06T13:58:12.498+0000] {processor.py:208} INFO - Processing /home/airflow/.local/lib/python3.12/site-packages/airflow/example_dags/example_branch_day_of_week_operator.py took 0.142 seconds
[2024-11-06T13:58:42.621+0000] {processor.py:186} INFO - Started process (PID=1331) to work on /home/airflow/.local/lib/python3.12/site-packages/airflow/example_dags/example_branch_day_of_week_operator.py
[2024-11-06T13:58:42.623+0000] {processor.py:914} INFO - Processing file /home/airflow/.local/lib/python3.12/site-packages/airflow/example_dags/example_branch_day_of_week_operator.py for tasks to queue
[2024-11-06T13:58:42.626+0000] {logging_mixin.py:190} INFO - [2024-11-06T13:58:42.626+0000] {dagbag.py:587} INFO - Filling up the DagBag from /home/airflow/.local/lib/python3.12/site-packages/airflow/example_dags/example_branch_day_of_week_operator.py
[2024-11-06T13:58:42.642+0000] {processor.py:925} INFO - DAG(s) 'example_weekday_branch_operator' retrieved from /home/airflow/.local/lib/python3.12/site-packages/airflow/example_dags/example_branch_day_of_week_operator.py
[2024-11-06T13:58:42.678+0000] {logging_mixin.py:190} INFO - [2024-11-06T13:58:42.678+0000] {dag.py:3229} INFO - Sync 1 DAGs
[2024-11-06T13:58:42.718+0000] {logging_mixin.py:190} INFO - [2024-11-06T13:58:42.718+0000] {dag.py:4156} INFO - Setting next_dagrun for example_weekday_branch_operator to 2024-11-05 00:00:00+00:00, run_after=2024-11-06 00:00:00+00:00
[2024-11-06T13:58:42.751+0000] {processor.py:208} INFO - Processing /home/airflow/.local/lib/python3.12/site-packages/airflow/example_dags/example_branch_day_of_week_operator.py took 0.138 seconds
[2024-11-06T13:59:13.866+0000] {processor.py:186} INFO - Started process (PID=1395) to work on /home/airflow/.local/lib/python3.12/site-packages/airflow/example_dags/example_branch_day_of_week_operator.py
[2024-11-06T13:59:13.869+0000] {processor.py:914} INFO - Processing file /home/airflow/.local/lib/python3.12/site-packages/airflow/example_dags/example_branch_day_of_week_operator.py for tasks to queue
[2024-11-06T13:59:13.876+0000] {logging_mixin.py:190} INFO - [2024-11-06T13:59:13.876+0000] {dagbag.py:587} INFO - Filling up the DagBag from /home/airflow/.local/lib/python3.12/site-packages/airflow/example_dags/example_branch_day_of_week_operator.py
[2024-11-06T13:59:13.897+0000] {processor.py:925} INFO - DAG(s) 'example_weekday_branch_operator' retrieved from /home/airflow/.local/lib/python3.12/site-packages/airflow/example_dags/example_branch_day_of_week_operator.py
[2024-11-06T13:59:13.940+0000] {logging_mixin.py:190} INFO - [2024-11-06T13:59:13.940+0000] {dag.py:3229} INFO - Sync 1 DAGs
[2024-11-06T13:59:13.984+0000] {logging_mixin.py:190} INFO - [2024-11-06T13:59:13.984+0000] {dag.py:4156} INFO - Setting next_dagrun for example_weekday_branch_operator to 2024-11-05 00:00:00+00:00, run_after=2024-11-06 00:00:00+00:00
[2024-11-06T13:59:14.022+0000] {processor.py:208} INFO - Processing /home/airflow/.local/lib/python3.12/site-packages/airflow/example_dags/example_branch_day_of_week_operator.py took 0.166 seconds
[2024-11-06T13:59:44.628+0000] {processor.py:186} INFO - Started process (PID=1458) to work on /home/airflow/.local/lib/python3.12/site-packages/airflow/example_dags/example_branch_day_of_week_operator.py
[2024-11-06T13:59:44.631+0000] {processor.py:914} INFO - Processing file /home/airflow/.local/lib/python3.12/site-packages/airflow/example_dags/example_branch_day_of_week_operator.py for tasks to queue
[2024-11-06T13:59:44.637+0000] {logging_mixin.py:190} INFO - [2024-11-06T13:59:44.637+0000] {dagbag.py:587} INFO - Filling up the DagBag from /home/airflow/.local/lib/python3.12/site-packages/airflow/example_dags/example_branch_day_of_week_operator.py
[2024-11-06T13:59:44.652+0000] {processor.py:925} INFO - DAG(s) 'example_weekday_branch_operator' retrieved from /home/airflow/.local/lib/python3.12/site-packages/airflow/example_dags/example_branch_day_of_week_operator.py
[2024-11-06T13:59:44.688+0000] {logging_mixin.py:190} INFO - [2024-11-06T13:59:44.687+0000] {dag.py:3229} INFO - Sync 1 DAGs
[2024-11-06T13:59:44.727+0000] {logging_mixin.py:190} INFO - [2024-11-06T13:59:44.727+0000] {dag.py:4156} INFO - Setting next_dagrun for example_weekday_branch_operator to 2024-11-05 00:00:00+00:00, run_after=2024-11-06 00:00:00+00:00
[2024-11-06T13:59:44.764+0000] {processor.py:208} INFO - Processing /home/airflow/.local/lib/python3.12/site-packages/airflow/example_dags/example_branch_day_of_week_operator.py took 0.145 seconds
[2024-11-06T14:01:15.814+0000] {processor.py:186} INFO - Started process (PID=74) to work on /home/airflow/.local/lib/python3.12/site-packages/airflow/example_dags/example_branch_day_of_week_operator.py
[2024-11-06T14:01:15.816+0000] {processor.py:914} INFO - Processing file /home/airflow/.local/lib/python3.12/site-packages/airflow/example_dags/example_branch_day_of_week_operator.py for tasks to queue
[2024-11-06T14:01:15.818+0000] {logging_mixin.py:190} INFO - [2024-11-06T14:01:15.818+0000] {dagbag.py:587} INFO - Filling up the DagBag from /home/airflow/.local/lib/python3.12/site-packages/airflow/example_dags/example_branch_day_of_week_operator.py
[2024-11-06T14:01:15.826+0000] {processor.py:925} INFO - DAG(s) 'example_weekday_branch_operator' retrieved from /home/airflow/.local/lib/python3.12/site-packages/airflow/example_dags/example_branch_day_of_week_operator.py
[2024-11-06T14:01:15.848+0000] {logging_mixin.py:190} INFO - [2024-11-06T14:01:15.848+0000] {dag.py:3229} INFO - Sync 1 DAGs
[2024-11-06T14:01:15.874+0000] {logging_mixin.py:190} INFO - [2024-11-06T14:01:15.873+0000] {dag.py:4156} INFO - Setting next_dagrun for example_weekday_branch_operator to 2024-11-05 00:00:00+00:00, run_after=2024-11-06 00:00:00+00:00
[2024-11-06T14:01:15.895+0000] {processor.py:208} INFO - Processing /home/airflow/.local/lib/python3.12/site-packages/airflow/example_dags/example_branch_day_of_week_operator.py took 0.086 seconds
[2024-11-06T14:01:47.298+0000] {processor.py:186} INFO - Started process (PID=138) to work on /home/airflow/.local/lib/python3.12/site-packages/airflow/example_dags/example_branch_day_of_week_operator.py
[2024-11-06T14:01:47.300+0000] {processor.py:914} INFO - Processing file /home/airflow/.local/lib/python3.12/site-packages/airflow/example_dags/example_branch_day_of_week_operator.py for tasks to queue
[2024-11-06T14:01:47.303+0000] {logging_mixin.py:190} INFO - [2024-11-06T14:01:47.303+0000] {dagbag.py:587} INFO - Filling up the DagBag from /home/airflow/.local/lib/python3.12/site-packages/airflow/example_dags/example_branch_day_of_week_operator.py
[2024-11-06T14:01:47.315+0000] {processor.py:925} INFO - DAG(s) 'example_weekday_branch_operator' retrieved from /home/airflow/.local/lib/python3.12/site-packages/airflow/example_dags/example_branch_day_of_week_operator.py
[2024-11-06T14:01:47.348+0000] {logging_mixin.py:190} INFO - [2024-11-06T14:01:47.348+0000] {dag.py:3229} INFO - Sync 1 DAGs
[2024-11-06T14:01:47.386+0000] {logging_mixin.py:190} INFO - [2024-11-06T14:01:47.386+0000] {dag.py:4156} INFO - Setting next_dagrun for example_weekday_branch_operator to 2024-11-05 00:00:00+00:00, run_after=2024-11-06 00:00:00+00:00
[2024-11-06T14:01:47.418+0000] {processor.py:208} INFO - Processing /home/airflow/.local/lib/python3.12/site-packages/airflow/example_dags/example_branch_day_of_week_operator.py took 0.128 seconds
[2024-11-06T14:02:17.915+0000] {processor.py:186} INFO - Started process (PID=202) to work on /home/airflow/.local/lib/python3.12/site-packages/airflow/example_dags/example_branch_day_of_week_operator.py
[2024-11-06T14:02:17.917+0000] {processor.py:914} INFO - Processing file /home/airflow/.local/lib/python3.12/site-packages/airflow/example_dags/example_branch_day_of_week_operator.py for tasks to queue
[2024-11-06T14:02:17.921+0000] {logging_mixin.py:190} INFO - [2024-11-06T14:02:17.920+0000] {dagbag.py:587} INFO - Filling up the DagBag from /home/airflow/.local/lib/python3.12/site-packages/airflow/example_dags/example_branch_day_of_week_operator.py
[2024-11-06T14:02:17.932+0000] {processor.py:925} INFO - DAG(s) 'example_weekday_branch_operator' retrieved from /home/airflow/.local/lib/python3.12/site-packages/airflow/example_dags/example_branch_day_of_week_operator.py
[2024-11-06T14:02:17.964+0000] {logging_mixin.py:190} INFO - [2024-11-06T14:02:17.964+0000] {dag.py:3229} INFO - Sync 1 DAGs
[2024-11-06T14:02:18.006+0000] {logging_mixin.py:190} INFO - [2024-11-06T14:02:18.006+0000] {dag.py:4156} INFO - Setting next_dagrun for example_weekday_branch_operator to 2024-11-05 00:00:00+00:00, run_after=2024-11-06 00:00:00+00:00
[2024-11-06T14:02:18.051+0000] {processor.py:208} INFO - Processing /home/airflow/.local/lib/python3.12/site-packages/airflow/example_dags/example_branch_day_of_week_operator.py took 0.143 seconds
[2024-11-06T14:02:48.759+0000] {processor.py:186} INFO - Started process (PID=265) to work on /home/airflow/.local/lib/python3.12/site-packages/airflow/example_dags/example_branch_day_of_week_operator.py
[2024-11-06T14:02:48.761+0000] {processor.py:914} INFO - Processing file /home/airflow/.local/lib/python3.12/site-packages/airflow/example_dags/example_branch_day_of_week_operator.py for tasks to queue
[2024-11-06T14:02:48.763+0000] {logging_mixin.py:190} INFO - [2024-11-06T14:02:48.763+0000] {dagbag.py:587} INFO - Filling up the DagBag from /home/airflow/.local/lib/python3.12/site-packages/airflow/example_dags/example_branch_day_of_week_operator.py
[2024-11-06T14:02:48.772+0000] {processor.py:925} INFO - DAG(s) 'example_weekday_branch_operator' retrieved from /home/airflow/.local/lib/python3.12/site-packages/airflow/example_dags/example_branch_day_of_week_operator.py
[2024-11-06T14:02:48.795+0000] {logging_mixin.py:190} INFO - [2024-11-06T14:02:48.795+0000] {dag.py:3229} INFO - Sync 1 DAGs
[2024-11-06T14:02:48.827+0000] {logging_mixin.py:190} INFO - [2024-11-06T14:02:48.827+0000] {dag.py:4156} INFO - Setting next_dagrun for example_weekday_branch_operator to 2024-11-05 00:00:00+00:00, run_after=2024-11-06 00:00:00+00:00
[2024-11-06T14:02:48.856+0000] {processor.py:208} INFO - Processing /home/airflow/.local/lib/python3.12/site-packages/airflow/example_dags/example_branch_day_of_week_operator.py took 0.102 seconds
[2024-11-06T14:03:19.096+0000] {processor.py:186} INFO - Started process (PID=329) to work on /home/airflow/.local/lib/python3.12/site-packages/airflow/example_dags/example_branch_day_of_week_operator.py
[2024-11-06T14:03:19.098+0000] {processor.py:914} INFO - Processing file /home/airflow/.local/lib/python3.12/site-packages/airflow/example_dags/example_branch_day_of_week_operator.py for tasks to queue
[2024-11-06T14:03:19.102+0000] {logging_mixin.py:190} INFO - [2024-11-06T14:03:19.101+0000] {dagbag.py:587} INFO - Filling up the DagBag from /home/airflow/.local/lib/python3.12/site-packages/airflow/example_dags/example_branch_day_of_week_operator.py
[2024-11-06T14:03:19.115+0000] {processor.py:925} INFO - DAG(s) 'example_weekday_branch_operator' retrieved from /home/airflow/.local/lib/python3.12/site-packages/airflow/example_dags/example_branch_day_of_week_operator.py
[2024-11-06T14:03:19.144+0000] {logging_mixin.py:190} INFO - [2024-11-06T14:03:19.143+0000] {dag.py:3229} INFO - Sync 1 DAGs
[2024-11-06T14:03:19.180+0000] {logging_mixin.py:190} INFO - [2024-11-06T14:03:19.179+0000] {dag.py:4156} INFO - Setting next_dagrun for example_weekday_branch_operator to 2024-11-05 00:00:00+00:00, run_after=2024-11-06 00:00:00+00:00
[2024-11-06T14:03:19.210+0000] {processor.py:208} INFO - Processing /home/airflow/.local/lib/python3.12/site-packages/airflow/example_dags/example_branch_day_of_week_operator.py took 0.122 seconds
[2024-11-06T14:03:51.171+0000] {processor.py:186} INFO - Started process (PID=393) to work on /home/airflow/.local/lib/python3.12/site-packages/airflow/example_dags/example_branch_day_of_week_operator.py
[2024-11-06T14:03:51.173+0000] {processor.py:914} INFO - Processing file /home/airflow/.local/lib/python3.12/site-packages/airflow/example_dags/example_branch_day_of_week_operator.py for tasks to queue
[2024-11-06T14:03:51.176+0000] {logging_mixin.py:190} INFO - [2024-11-06T14:03:51.176+0000] {dagbag.py:587} INFO - Filling up the DagBag from /home/airflow/.local/lib/python3.12/site-packages/airflow/example_dags/example_branch_day_of_week_operator.py
[2024-11-06T14:03:51.190+0000] {processor.py:925} INFO - DAG(s) 'example_weekday_branch_operator' retrieved from /home/airflow/.local/lib/python3.12/site-packages/airflow/example_dags/example_branch_day_of_week_operator.py
[2024-11-06T14:03:51.223+0000] {logging_mixin.py:190} INFO - [2024-11-06T14:03:51.222+0000] {dag.py:3229} INFO - Sync 1 DAGs
[2024-11-06T14:03:51.259+0000] {logging_mixin.py:190} INFO - [2024-11-06T14:03:51.258+0000] {dag.py:4156} INFO - Setting next_dagrun for example_weekday_branch_operator to 2024-11-05 00:00:00+00:00, run_after=2024-11-06 00:00:00+00:00
[2024-11-06T14:03:51.301+0000] {processor.py:208} INFO - Processing /home/airflow/.local/lib/python3.12/site-packages/airflow/example_dags/example_branch_day_of_week_operator.py took 0.137 seconds
