[2024-11-06T13:48:58.345+0000] {processor.py:186} INFO - Started process (PID=91) to work on /home/airflow/.local/lib/python3.12/site-packages/airflow/example_dags/example_display_name.py
[2024-11-06T13:48:58.347+0000] {processor.py:914} INFO - Processing file /home/airflow/.local/lib/python3.12/site-packages/airflow/example_dags/example_display_name.py for tasks to queue
[2024-11-06T13:48:58.353+0000] {logging_mixin.py:190} INFO - [2024-11-06T13:48:58.352+0000] {dagbag.py:587} INFO - Filling up the DagBag from /home/airflow/.local/lib/python3.12/site-packages/airflow/example_dags/example_display_name.py
[2024-11-06T13:48:58.391+0000] {processor.py:925} INFO - DAG(s) 'example_display_name' retrieved from /home/airflow/.local/lib/python3.12/site-packages/airflow/example_dags/example_display_name.py
[2024-11-06T13:48:58.446+0000] {logging_mixin.py:190} INFO - [2024-11-06T13:48:58.446+0000] {dag.py:3229} INFO - Sync 1 DAGs
[2024-11-06T13:48:58.483+0000] {logging_mixin.py:190} INFO - [2024-11-06T13:48:58.483+0000] {dag.py:4156} INFO - Setting next_dagrun for example_display_name to None, run_after=None
[2024-11-06T13:48:58.541+0000] {processor.py:208} INFO - Processing /home/airflow/.local/lib/python3.12/site-packages/airflow/example_dags/example_display_name.py took 0.203 seconds
[2024-11-06T13:49:28.627+0000] {processor.py:186} INFO - Started process (PID=159) to work on /home/airflow/.local/lib/python3.12/site-packages/airflow/example_dags/example_display_name.py
[2024-11-06T13:49:28.629+0000] {processor.py:914} INFO - Processing file /home/airflow/.local/lib/python3.12/site-packages/airflow/example_dags/example_display_name.py for tasks to queue
[2024-11-06T13:49:28.633+0000] {logging_mixin.py:190} INFO - [2024-11-06T13:49:28.632+0000] {dagbag.py:587} INFO - Filling up the DagBag from /home/airflow/.local/lib/python3.12/site-packages/airflow/example_dags/example_display_name.py
[2024-11-06T13:49:28.650+0000] {processor.py:925} INFO - DAG(s) 'example_display_name' retrieved from /home/airflow/.local/lib/python3.12/site-packages/airflow/example_dags/example_display_name.py
[2024-11-06T13:49:28.691+0000] {logging_mixin.py:190} INFO - [2024-11-06T13:49:28.691+0000] {dag.py:3229} INFO - Sync 1 DAGs
[2024-11-06T13:49:28.714+0000] {logging_mixin.py:190} INFO - [2024-11-06T13:49:28.714+0000] {dag.py:4156} INFO - Setting next_dagrun for example_display_name to None, run_after=None
[2024-11-06T13:49:28.747+0000] {processor.py:208} INFO - Processing /home/airflow/.local/lib/python3.12/site-packages/airflow/example_dags/example_display_name.py took 0.134 seconds
[2024-11-06T13:49:59.511+0000] {processor.py:186} INFO - Started process (PID=223) to work on /home/airflow/.local/lib/python3.12/site-packages/airflow/example_dags/example_display_name.py
[2024-11-06T13:49:59.513+0000] {processor.py:914} INFO - Processing file /home/airflow/.local/lib/python3.12/site-packages/airflow/example_dags/example_display_name.py for tasks to queue
[2024-11-06T13:49:59.517+0000] {logging_mixin.py:190} INFO - [2024-11-06T13:49:59.516+0000] {dagbag.py:587} INFO - Filling up the DagBag from /home/airflow/.local/lib/python3.12/site-packages/airflow/example_dags/example_display_name.py
[2024-11-06T13:49:59.525+0000] {processor.py:925} INFO - DAG(s) 'example_display_name' retrieved from /home/airflow/.local/lib/python3.12/site-packages/airflow/example_dags/example_display_name.py
[2024-11-06T13:49:59.552+0000] {logging_mixin.py:190} INFO - [2024-11-06T13:49:59.552+0000] {dag.py:3229} INFO - Sync 1 DAGs
[2024-11-06T13:49:59.569+0000] {logging_mixin.py:190} INFO - [2024-11-06T13:49:59.569+0000] {dag.py:4156} INFO - Setting next_dagrun for example_display_name to None, run_after=None
[2024-11-06T13:49:59.589+0000] {processor.py:208} INFO - Processing /home/airflow/.local/lib/python3.12/site-packages/airflow/example_dags/example_display_name.py took 0.084 seconds
[2024-11-06T13:50:30.423+0000] {processor.py:186} INFO - Started process (PID=295) to work on /home/airflow/.local/lib/python3.12/site-packages/airflow/example_dags/example_display_name.py
[2024-11-06T13:50:30.425+0000] {processor.py:914} INFO - Processing file /home/airflow/.local/lib/python3.12/site-packages/airflow/example_dags/example_display_name.py for tasks to queue
[2024-11-06T13:50:30.428+0000] {logging_mixin.py:190} INFO - [2024-11-06T13:50:30.427+0000] {dagbag.py:587} INFO - Filling up the DagBag from /home/airflow/.local/lib/python3.12/site-packages/airflow/example_dags/example_display_name.py
[2024-11-06T13:50:30.437+0000] {processor.py:925} INFO - DAG(s) 'example_display_name' retrieved from /home/airflow/.local/lib/python3.12/site-packages/airflow/example_dags/example_display_name.py
[2024-11-06T13:50:30.461+0000] {logging_mixin.py:190} INFO - [2024-11-06T13:50:30.460+0000] {dag.py:3229} INFO - Sync 1 DAGs
[2024-11-06T13:50:30.491+0000] {logging_mixin.py:190} INFO - [2024-11-06T13:50:30.491+0000] {dag.py:4156} INFO - Setting next_dagrun for example_display_name to None, run_after=None
[2024-11-06T13:50:30.521+0000] {processor.py:208} INFO - Processing /home/airflow/.local/lib/python3.12/site-packages/airflow/example_dags/example_display_name.py took 0.104 seconds
[2024-11-06T13:51:01.373+0000] {processor.py:186} INFO - Started process (PID=359) to work on /home/airflow/.local/lib/python3.12/site-packages/airflow/example_dags/example_display_name.py
[2024-11-06T13:51:01.375+0000] {processor.py:914} INFO - Processing file /home/airflow/.local/lib/python3.12/site-packages/airflow/example_dags/example_display_name.py for tasks to queue
[2024-11-06T13:51:01.379+0000] {logging_mixin.py:190} INFO - [2024-11-06T13:51:01.378+0000] {dagbag.py:587} INFO - Filling up the DagBag from /home/airflow/.local/lib/python3.12/site-packages/airflow/example_dags/example_display_name.py
[2024-11-06T13:51:01.389+0000] {processor.py:925} INFO - DAG(s) 'example_display_name' retrieved from /home/airflow/.local/lib/python3.12/site-packages/airflow/example_dags/example_display_name.py
[2024-11-06T13:51:01.418+0000] {logging_mixin.py:190} INFO - [2024-11-06T13:51:01.417+0000] {dag.py:3229} INFO - Sync 1 DAGs
[2024-11-06T13:51:01.442+0000] {logging_mixin.py:190} INFO - [2024-11-06T13:51:01.441+0000] {dag.py:4156} INFO - Setting next_dagrun for example_display_name to None, run_after=None
[2024-11-06T13:51:01.480+0000] {processor.py:208} INFO - Processing /home/airflow/.local/lib/python3.12/site-packages/airflow/example_dags/example_display_name.py took 0.114 seconds
[2024-11-06T13:51:32.285+0000] {processor.py:186} INFO - Started process (PID=423) to work on /home/airflow/.local/lib/python3.12/site-packages/airflow/example_dags/example_display_name.py
[2024-11-06T13:51:32.287+0000] {processor.py:914} INFO - Processing file /home/airflow/.local/lib/python3.12/site-packages/airflow/example_dags/example_display_name.py for tasks to queue
[2024-11-06T13:51:32.293+0000] {logging_mixin.py:190} INFO - [2024-11-06T13:51:32.292+0000] {dagbag.py:587} INFO - Filling up the DagBag from /home/airflow/.local/lib/python3.12/site-packages/airflow/example_dags/example_display_name.py
[2024-11-06T13:51:32.306+0000] {processor.py:925} INFO - DAG(s) 'example_display_name' retrieved from /home/airflow/.local/lib/python3.12/site-packages/airflow/example_dags/example_display_name.py
[2024-11-06T13:51:32.343+0000] {logging_mixin.py:190} INFO - [2024-11-06T13:51:32.342+0000] {dag.py:3229} INFO - Sync 1 DAGs
[2024-11-06T13:51:32.367+0000] {logging_mixin.py:190} INFO - [2024-11-06T13:51:32.366+0000] {dag.py:4156} INFO - Setting next_dagrun for example_display_name to None, run_after=None
[2024-11-06T13:51:32.406+0000] {processor.py:208} INFO - Processing /home/airflow/.local/lib/python3.12/site-packages/airflow/example_dags/example_display_name.py took 0.129 seconds
[2024-11-06T13:52:02.792+0000] {processor.py:186} INFO - Started process (PID=487) to work on /home/airflow/.local/lib/python3.12/site-packages/airflow/example_dags/example_display_name.py
[2024-11-06T13:52:02.794+0000] {processor.py:914} INFO - Processing file /home/airflow/.local/lib/python3.12/site-packages/airflow/example_dags/example_display_name.py for tasks to queue
[2024-11-06T13:52:02.798+0000] {logging_mixin.py:190} INFO - [2024-11-06T13:52:02.797+0000] {dagbag.py:587} INFO - Filling up the DagBag from /home/airflow/.local/lib/python3.12/site-packages/airflow/example_dags/example_display_name.py
[2024-11-06T13:52:02.812+0000] {processor.py:925} INFO - DAG(s) 'example_display_name' retrieved from /home/airflow/.local/lib/python3.12/site-packages/airflow/example_dags/example_display_name.py
[2024-11-06T13:52:02.846+0000] {logging_mixin.py:190} INFO - [2024-11-06T13:52:02.845+0000] {dag.py:3229} INFO - Sync 1 DAGs
[2024-11-06T13:52:02.872+0000] {logging_mixin.py:190} INFO - [2024-11-06T13:52:02.872+0000] {dag.py:4156} INFO - Setting next_dagrun for example_display_name to None, run_after=None
[2024-11-06T13:52:02.905+0000] {processor.py:208} INFO - Processing /home/airflow/.local/lib/python3.12/site-packages/airflow/example_dags/example_display_name.py took 0.123 seconds
[2024-11-06T13:52:33.250+0000] {processor.py:186} INFO - Started process (PID=551) to work on /home/airflow/.local/lib/python3.12/site-packages/airflow/example_dags/example_display_name.py
[2024-11-06T13:52:33.251+0000] {processor.py:914} INFO - Processing file /home/airflow/.local/lib/python3.12/site-packages/airflow/example_dags/example_display_name.py for tasks to queue
[2024-11-06T13:52:33.254+0000] {logging_mixin.py:190} INFO - [2024-11-06T13:52:33.254+0000] {dagbag.py:587} INFO - Filling up the DagBag from /home/airflow/.local/lib/python3.12/site-packages/airflow/example_dags/example_display_name.py
[2024-11-06T13:52:33.265+0000] {processor.py:925} INFO - DAG(s) 'example_display_name' retrieved from /home/airflow/.local/lib/python3.12/site-packages/airflow/example_dags/example_display_name.py
[2024-11-06T13:52:33.292+0000] {logging_mixin.py:190} INFO - [2024-11-06T13:52:33.291+0000] {dag.py:3229} INFO - Sync 1 DAGs
[2024-11-06T13:52:33.313+0000] {logging_mixin.py:190} INFO - [2024-11-06T13:52:33.312+0000] {dag.py:4156} INFO - Setting next_dagrun for example_display_name to None, run_after=None
[2024-11-06T13:52:33.343+0000] {processor.py:208} INFO - Processing /home/airflow/.local/lib/python3.12/site-packages/airflow/example_dags/example_display_name.py took 0.100 seconds
[2024-11-06T13:53:03.773+0000] {processor.py:186} INFO - Started process (PID=621) to work on /home/airflow/.local/lib/python3.12/site-packages/airflow/example_dags/example_display_name.py
[2024-11-06T13:53:03.775+0000] {processor.py:914} INFO - Processing file /home/airflow/.local/lib/python3.12/site-packages/airflow/example_dags/example_display_name.py for tasks to queue
[2024-11-06T13:53:03.779+0000] {logging_mixin.py:190} INFO - [2024-11-06T13:53:03.779+0000] {dagbag.py:587} INFO - Filling up the DagBag from /home/airflow/.local/lib/python3.12/site-packages/airflow/example_dags/example_display_name.py
[2024-11-06T13:53:03.792+0000] {processor.py:925} INFO - DAG(s) 'example_display_name' retrieved from /home/airflow/.local/lib/python3.12/site-packages/airflow/example_dags/example_display_name.py
[2024-11-06T13:53:03.826+0000] {logging_mixin.py:190} INFO - [2024-11-06T13:53:03.825+0000] {dag.py:3229} INFO - Sync 1 DAGs
[2024-11-06T13:53:03.850+0000] {logging_mixin.py:190} INFO - [2024-11-06T13:53:03.849+0000] {dag.py:4156} INFO - Setting next_dagrun for example_display_name to None, run_after=None
[2024-11-06T13:53:03.891+0000] {processor.py:208} INFO - Processing /home/airflow/.local/lib/python3.12/site-packages/airflow/example_dags/example_display_name.py took 0.127 seconds
[2024-11-06T13:53:34.456+0000] {processor.py:186} INFO - Started process (PID=685) to work on /home/airflow/.local/lib/python3.12/site-packages/airflow/example_dags/example_display_name.py
[2024-11-06T13:53:34.457+0000] {processor.py:914} INFO - Processing file /home/airflow/.local/lib/python3.12/site-packages/airflow/example_dags/example_display_name.py for tasks to queue
[2024-11-06T13:53:34.461+0000] {logging_mixin.py:190} INFO - [2024-11-06T13:53:34.460+0000] {dagbag.py:587} INFO - Filling up the DagBag from /home/airflow/.local/lib/python3.12/site-packages/airflow/example_dags/example_display_name.py
[2024-11-06T13:53:34.471+0000] {processor.py:925} INFO - DAG(s) 'example_display_name' retrieved from /home/airflow/.local/lib/python3.12/site-packages/airflow/example_dags/example_display_name.py
[2024-11-06T13:53:34.499+0000] {logging_mixin.py:190} INFO - [2024-11-06T13:53:34.499+0000] {dag.py:3229} INFO - Sync 1 DAGs
[2024-11-06T13:53:34.523+0000] {logging_mixin.py:190} INFO - [2024-11-06T13:53:34.522+0000] {dag.py:4156} INFO - Setting next_dagrun for example_display_name to None, run_after=None
[2024-11-06T13:53:34.553+0000] {processor.py:208} INFO - Processing /home/airflow/.local/lib/python3.12/site-packages/airflow/example_dags/example_display_name.py took 0.104 seconds
[2024-11-06T13:54:04.853+0000] {processor.py:186} INFO - Started process (PID=749) to work on /home/airflow/.local/lib/python3.12/site-packages/airflow/example_dags/example_display_name.py
[2024-11-06T13:54:04.855+0000] {processor.py:914} INFO - Processing file /home/airflow/.local/lib/python3.12/site-packages/airflow/example_dags/example_display_name.py for tasks to queue
[2024-11-06T13:54:04.859+0000] {logging_mixin.py:190} INFO - [2024-11-06T13:54:04.858+0000] {dagbag.py:587} INFO - Filling up the DagBag from /home/airflow/.local/lib/python3.12/site-packages/airflow/example_dags/example_display_name.py
[2024-11-06T13:54:04.867+0000] {processor.py:925} INFO - DAG(s) 'example_display_name' retrieved from /home/airflow/.local/lib/python3.12/site-packages/airflow/example_dags/example_display_name.py
[2024-11-06T13:54:04.888+0000] {logging_mixin.py:190} INFO - [2024-11-06T13:54:04.888+0000] {dag.py:3229} INFO - Sync 1 DAGs
[2024-11-06T13:54:04.903+0000] {logging_mixin.py:190} INFO - [2024-11-06T13:54:04.903+0000] {dag.py:4156} INFO - Setting next_dagrun for example_display_name to None, run_after=None
[2024-11-06T13:54:04.926+0000] {processor.py:208} INFO - Processing /home/airflow/.local/lib/python3.12/site-packages/airflow/example_dags/example_display_name.py took 0.079 seconds
[2024-11-06T13:54:35.333+0000] {processor.py:186} INFO - Started process (PID=813) to work on /home/airflow/.local/lib/python3.12/site-packages/airflow/example_dags/example_display_name.py
[2024-11-06T13:54:35.335+0000] {processor.py:914} INFO - Processing file /home/airflow/.local/lib/python3.12/site-packages/airflow/example_dags/example_display_name.py for tasks to queue
[2024-11-06T13:54:35.338+0000] {logging_mixin.py:190} INFO - [2024-11-06T13:54:35.337+0000] {dagbag.py:587} INFO - Filling up the DagBag from /home/airflow/.local/lib/python3.12/site-packages/airflow/example_dags/example_display_name.py
[2024-11-06T13:54:35.350+0000] {processor.py:925} INFO - DAG(s) 'example_display_name' retrieved from /home/airflow/.local/lib/python3.12/site-packages/airflow/example_dags/example_display_name.py
[2024-11-06T13:54:35.381+0000] {logging_mixin.py:190} INFO - [2024-11-06T13:54:35.380+0000] {dag.py:3229} INFO - Sync 1 DAGs
[2024-11-06T13:54:35.403+0000] {logging_mixin.py:190} INFO - [2024-11-06T13:54:35.403+0000] {dag.py:4156} INFO - Setting next_dagrun for example_display_name to None, run_after=None
[2024-11-06T13:54:35.433+0000] {processor.py:208} INFO - Processing /home/airflow/.local/lib/python3.12/site-packages/airflow/example_dags/example_display_name.py took 0.108 seconds
[2024-11-06T13:55:06.055+0000] {processor.py:186} INFO - Started process (PID=878) to work on /home/airflow/.local/lib/python3.12/site-packages/airflow/example_dags/example_display_name.py
[2024-11-06T13:55:06.056+0000] {processor.py:914} INFO - Processing file /home/airflow/.local/lib/python3.12/site-packages/airflow/example_dags/example_display_name.py for tasks to queue
[2024-11-06T13:55:06.067+0000] {logging_mixin.py:190} INFO - [2024-11-06T13:55:06.067+0000] {dagbag.py:587} INFO - Filling up the DagBag from /home/airflow/.local/lib/python3.12/site-packages/airflow/example_dags/example_display_name.py
[2024-11-06T13:55:06.085+0000] {processor.py:925} INFO - DAG(s) 'example_display_name' retrieved from /home/airflow/.local/lib/python3.12/site-packages/airflow/example_dags/example_display_name.py
[2024-11-06T13:55:06.150+0000] {logging_mixin.py:190} INFO - [2024-11-06T13:55:06.147+0000] {dag.py:3229} INFO - Sync 1 DAGs
[2024-11-06T13:55:06.200+0000] {logging_mixin.py:190} INFO - [2024-11-06T13:55:06.200+0000] {dag.py:4156} INFO - Setting next_dagrun for example_display_name to None, run_after=None
[2024-11-06T13:55:06.259+0000] {processor.py:208} INFO - Processing /home/airflow/.local/lib/python3.12/site-packages/airflow/example_dags/example_display_name.py took 0.212 seconds
[2024-11-06T13:55:36.572+0000] {processor.py:186} INFO - Started process (PID=942) to work on /home/airflow/.local/lib/python3.12/site-packages/airflow/example_dags/example_display_name.py
[2024-11-06T13:55:36.573+0000] {processor.py:914} INFO - Processing file /home/airflow/.local/lib/python3.12/site-packages/airflow/example_dags/example_display_name.py for tasks to queue
[2024-11-06T13:55:36.577+0000] {logging_mixin.py:190} INFO - [2024-11-06T13:55:36.576+0000] {dagbag.py:587} INFO - Filling up the DagBag from /home/airflow/.local/lib/python3.12/site-packages/airflow/example_dags/example_display_name.py
[2024-11-06T13:55:36.587+0000] {processor.py:925} INFO - DAG(s) 'example_display_name' retrieved from /home/airflow/.local/lib/python3.12/site-packages/airflow/example_dags/example_display_name.py
[2024-11-06T13:55:36.617+0000] {logging_mixin.py:190} INFO - [2024-11-06T13:55:36.617+0000] {dag.py:3229} INFO - Sync 1 DAGs
[2024-11-06T13:55:36.640+0000] {logging_mixin.py:190} INFO - [2024-11-06T13:55:36.639+0000] {dag.py:4156} INFO - Setting next_dagrun for example_display_name to None, run_after=None
[2024-11-06T13:55:36.677+0000] {processor.py:208} INFO - Processing /home/airflow/.local/lib/python3.12/site-packages/airflow/example_dags/example_display_name.py took 0.112 seconds
[2024-11-06T13:56:06.835+0000] {processor.py:186} INFO - Started process (PID=1006) to work on /home/airflow/.local/lib/python3.12/site-packages/airflow/example_dags/example_display_name.py
[2024-11-06T13:56:06.837+0000] {processor.py:914} INFO - Processing file /home/airflow/.local/lib/python3.12/site-packages/airflow/example_dags/example_display_name.py for tasks to queue
[2024-11-06T13:56:06.840+0000] {logging_mixin.py:190} INFO - [2024-11-06T13:56:06.840+0000] {dagbag.py:587} INFO - Filling up the DagBag from /home/airflow/.local/lib/python3.12/site-packages/airflow/example_dags/example_display_name.py
[2024-11-06T13:56:06.851+0000] {processor.py:925} INFO - DAG(s) 'example_display_name' retrieved from /home/airflow/.local/lib/python3.12/site-packages/airflow/example_dags/example_display_name.py
[2024-11-06T13:56:06.888+0000] {logging_mixin.py:190} INFO - [2024-11-06T13:56:06.887+0000] {dag.py:3229} INFO - Sync 1 DAGs
[2024-11-06T13:56:06.922+0000] {logging_mixin.py:190} INFO - [2024-11-06T13:56:06.922+0000] {dag.py:4156} INFO - Setting next_dagrun for example_display_name to None, run_after=None
[2024-11-06T13:56:06.950+0000] {processor.py:208} INFO - Processing /home/airflow/.local/lib/python3.12/site-packages/airflow/example_dags/example_display_name.py took 0.122 seconds
[2024-11-06T13:56:37.109+0000] {processor.py:186} INFO - Started process (PID=1070) to work on /home/airflow/.local/lib/python3.12/site-packages/airflow/example_dags/example_display_name.py
[2024-11-06T13:56:37.112+0000] {processor.py:914} INFO - Processing file /home/airflow/.local/lib/python3.12/site-packages/airflow/example_dags/example_display_name.py for tasks to queue
[2024-11-06T13:56:37.116+0000] {logging_mixin.py:190} INFO - [2024-11-06T13:56:37.115+0000] {dagbag.py:587} INFO - Filling up the DagBag from /home/airflow/.local/lib/python3.12/site-packages/airflow/example_dags/example_display_name.py
[2024-11-06T13:56:37.129+0000] {processor.py:925} INFO - DAG(s) 'example_display_name' retrieved from /home/airflow/.local/lib/python3.12/site-packages/airflow/example_dags/example_display_name.py
[2024-11-06T13:56:37.159+0000] {logging_mixin.py:190} INFO - [2024-11-06T13:56:37.158+0000] {dag.py:3229} INFO - Sync 1 DAGs
[2024-11-06T13:56:37.180+0000] {logging_mixin.py:190} INFO - [2024-11-06T13:56:37.179+0000] {dag.py:4156} INFO - Setting next_dagrun for example_display_name to None, run_after=None
[2024-11-06T13:56:37.214+0000] {processor.py:208} INFO - Processing /home/airflow/.local/lib/python3.12/site-packages/airflow/example_dags/example_display_name.py took 0.112 seconds
[2024-11-06T13:57:07.256+0000] {processor.py:186} INFO - Started process (PID=1133) to work on /home/airflow/.local/lib/python3.12/site-packages/airflow/example_dags/example_display_name.py
[2024-11-06T13:57:07.257+0000] {processor.py:914} INFO - Processing file /home/airflow/.local/lib/python3.12/site-packages/airflow/example_dags/example_display_name.py for tasks to queue
[2024-11-06T13:57:07.260+0000] {logging_mixin.py:190} INFO - [2024-11-06T13:57:07.260+0000] {dagbag.py:587} INFO - Filling up the DagBag from /home/airflow/.local/lib/python3.12/site-packages/airflow/example_dags/example_display_name.py
[2024-11-06T13:57:07.268+0000] {processor.py:925} INFO - DAG(s) 'example_display_name' retrieved from /home/airflow/.local/lib/python3.12/site-packages/airflow/example_dags/example_display_name.py
[2024-11-06T13:57:07.289+0000] {logging_mixin.py:190} INFO - [2024-11-06T13:57:07.289+0000] {dag.py:3229} INFO - Sync 1 DAGs
[2024-11-06T13:57:07.303+0000] {logging_mixin.py:190} INFO - [2024-11-06T13:57:07.303+0000] {dag.py:4156} INFO - Setting next_dagrun for example_display_name to None, run_after=None
[2024-11-06T13:57:07.323+0000] {processor.py:208} INFO - Processing /home/airflow/.local/lib/python3.12/site-packages/airflow/example_dags/example_display_name.py took 0.072 seconds
[2024-11-06T13:57:39.832+0000] {processor.py:186} INFO - Started process (PID=1198) to work on /home/airflow/.local/lib/python3.12/site-packages/airflow/example_dags/example_display_name.py
[2024-11-06T13:57:39.834+0000] {processor.py:914} INFO - Processing file /home/airflow/.local/lib/python3.12/site-packages/airflow/example_dags/example_display_name.py for tasks to queue
[2024-11-06T13:57:39.837+0000] {logging_mixin.py:190} INFO - [2024-11-06T13:57:39.836+0000] {dagbag.py:587} INFO - Filling up the DagBag from /home/airflow/.local/lib/python3.12/site-packages/airflow/example_dags/example_display_name.py
[2024-11-06T13:57:39.849+0000] {processor.py:925} INFO - DAG(s) 'example_display_name' retrieved from /home/airflow/.local/lib/python3.12/site-packages/airflow/example_dags/example_display_name.py
[2024-11-06T13:57:39.875+0000] {logging_mixin.py:190} INFO - [2024-11-06T13:57:39.875+0000] {dag.py:3229} INFO - Sync 1 DAGs
[2024-11-06T13:57:39.896+0000] {logging_mixin.py:190} INFO - [2024-11-06T13:57:39.896+0000] {dag.py:4156} INFO - Setting next_dagrun for example_display_name to None, run_after=None
[2024-11-06T13:57:39.926+0000] {processor.py:208} INFO - Processing /home/airflow/.local/lib/python3.12/site-packages/airflow/example_dags/example_display_name.py took 0.102 seconds
[2024-11-06T13:58:10.976+0000] {processor.py:186} INFO - Started process (PID=1262) to work on /home/airflow/.local/lib/python3.12/site-packages/airflow/example_dags/example_display_name.py
[2024-11-06T13:58:10.978+0000] {processor.py:914} INFO - Processing file /home/airflow/.local/lib/python3.12/site-packages/airflow/example_dags/example_display_name.py for tasks to queue
[2024-11-06T13:58:10.982+0000] {logging_mixin.py:190} INFO - [2024-11-06T13:58:10.981+0000] {dagbag.py:587} INFO - Filling up the DagBag from /home/airflow/.local/lib/python3.12/site-packages/airflow/example_dags/example_display_name.py
[2024-11-06T13:58:10.993+0000] {processor.py:925} INFO - DAG(s) 'example_display_name' retrieved from /home/airflow/.local/lib/python3.12/site-packages/airflow/example_dags/example_display_name.py
[2024-11-06T13:58:11.025+0000] {logging_mixin.py:190} INFO - [2024-11-06T13:58:11.024+0000] {dag.py:3229} INFO - Sync 1 DAGs
[2024-11-06T13:58:11.050+0000] {logging_mixin.py:190} INFO - [2024-11-06T13:58:11.049+0000] {dag.py:4156} INFO - Setting next_dagrun for example_display_name to None, run_after=None
[2024-11-06T13:58:11.081+0000] {processor.py:208} INFO - Processing /home/airflow/.local/lib/python3.12/site-packages/airflow/example_dags/example_display_name.py took 0.113 seconds
[2024-11-06T13:58:41.877+0000] {processor.py:186} INFO - Started process (PID=1326) to work on /home/airflow/.local/lib/python3.12/site-packages/airflow/example_dags/example_display_name.py
[2024-11-06T13:58:41.879+0000] {processor.py:914} INFO - Processing file /home/airflow/.local/lib/python3.12/site-packages/airflow/example_dags/example_display_name.py for tasks to queue
[2024-11-06T13:58:41.883+0000] {logging_mixin.py:190} INFO - [2024-11-06T13:58:41.882+0000] {dagbag.py:587} INFO - Filling up the DagBag from /home/airflow/.local/lib/python3.12/site-packages/airflow/example_dags/example_display_name.py
[2024-11-06T13:58:41.893+0000] {processor.py:925} INFO - DAG(s) 'example_display_name' retrieved from /home/airflow/.local/lib/python3.12/site-packages/airflow/example_dags/example_display_name.py
[2024-11-06T13:58:41.923+0000] {logging_mixin.py:190} INFO - [2024-11-06T13:58:41.923+0000] {dag.py:3229} INFO - Sync 1 DAGs
[2024-11-06T13:58:41.948+0000] {logging_mixin.py:190} INFO - [2024-11-06T13:58:41.947+0000] {dag.py:4156} INFO - Setting next_dagrun for example_display_name to None, run_after=None
[2024-11-06T13:58:41.985+0000] {processor.py:208} INFO - Processing /home/airflow/.local/lib/python3.12/site-packages/airflow/example_dags/example_display_name.py took 0.115 seconds
[2024-11-06T13:59:12.255+0000] {processor.py:186} INFO - Started process (PID=1390) to work on /home/airflow/.local/lib/python3.12/site-packages/airflow/example_dags/example_display_name.py
[2024-11-06T13:59:12.257+0000] {processor.py:914} INFO - Processing file /home/airflow/.local/lib/python3.12/site-packages/airflow/example_dags/example_display_name.py for tasks to queue
[2024-11-06T13:59:12.260+0000] {logging_mixin.py:190} INFO - [2024-11-06T13:59:12.260+0000] {dagbag.py:587} INFO - Filling up the DagBag from /home/airflow/.local/lib/python3.12/site-packages/airflow/example_dags/example_display_name.py
[2024-11-06T13:59:12.270+0000] {processor.py:925} INFO - DAG(s) 'example_display_name' retrieved from /home/airflow/.local/lib/python3.12/site-packages/airflow/example_dags/example_display_name.py
[2024-11-06T13:59:12.297+0000] {logging_mixin.py:190} INFO - [2024-11-06T13:59:12.297+0000] {dag.py:3229} INFO - Sync 1 DAGs
[2024-11-06T13:59:12.320+0000] {logging_mixin.py:190} INFO - [2024-11-06T13:59:12.320+0000] {dag.py:4156} INFO - Setting next_dagrun for example_display_name to None, run_after=None
[2024-11-06T13:59:12.349+0000] {processor.py:208} INFO - Processing /home/airflow/.local/lib/python3.12/site-packages/airflow/example_dags/example_display_name.py took 0.101 seconds
[2024-11-06T13:59:43.016+0000] {processor.py:186} INFO - Started process (PID=1453) to work on /home/airflow/.local/lib/python3.12/site-packages/airflow/example_dags/example_display_name.py
[2024-11-06T13:59:43.018+0000] {processor.py:914} INFO - Processing file /home/airflow/.local/lib/python3.12/site-packages/airflow/example_dags/example_display_name.py for tasks to queue
[2024-11-06T13:59:43.022+0000] {logging_mixin.py:190} INFO - [2024-11-06T13:59:43.021+0000] {dagbag.py:587} INFO - Filling up the DagBag from /home/airflow/.local/lib/python3.12/site-packages/airflow/example_dags/example_display_name.py
[2024-11-06T13:59:43.034+0000] {processor.py:925} INFO - DAG(s) 'example_display_name' retrieved from /home/airflow/.local/lib/python3.12/site-packages/airflow/example_dags/example_display_name.py
[2024-11-06T13:59:43.062+0000] {logging_mixin.py:190} INFO - [2024-11-06T13:59:43.061+0000] {dag.py:3229} INFO - Sync 1 DAGs
[2024-11-06T13:59:43.084+0000] {logging_mixin.py:190} INFO - [2024-11-06T13:59:43.084+0000] {dag.py:4156} INFO - Setting next_dagrun for example_display_name to None, run_after=None
[2024-11-06T13:59:43.117+0000] {processor.py:208} INFO - Processing /home/airflow/.local/lib/python3.12/site-packages/airflow/example_dags/example_display_name.py took 0.108 seconds
[2024-11-06T14:01:15.392+0000] {processor.py:186} INFO - Started process (PID=69) to work on /home/airflow/.local/lib/python3.12/site-packages/airflow/example_dags/example_display_name.py
[2024-11-06T14:01:15.393+0000] {processor.py:914} INFO - Processing file /home/airflow/.local/lib/python3.12/site-packages/airflow/example_dags/example_display_name.py for tasks to queue
[2024-11-06T14:01:15.396+0000] {logging_mixin.py:190} INFO - [2024-11-06T14:01:15.396+0000] {dagbag.py:587} INFO - Filling up the DagBag from /home/airflow/.local/lib/python3.12/site-packages/airflow/example_dags/example_display_name.py
[2024-11-06T14:01:15.402+0000] {processor.py:925} INFO - DAG(s) 'example_display_name' retrieved from /home/airflow/.local/lib/python3.12/site-packages/airflow/example_dags/example_display_name.py
[2024-11-06T14:01:15.426+0000] {logging_mixin.py:190} INFO - [2024-11-06T14:01:15.425+0000] {dag.py:3229} INFO - Sync 1 DAGs
[2024-11-06T14:01:15.443+0000] {logging_mixin.py:190} INFO - [2024-11-06T14:01:15.443+0000] {dag.py:4156} INFO - Setting next_dagrun for example_display_name to None, run_after=None
[2024-11-06T14:01:15.466+0000] {processor.py:208} INFO - Processing /home/airflow/.local/lib/python3.12/site-packages/airflow/example_dags/example_display_name.py took 0.080 seconds
[2024-11-06T14:01:46.681+0000] {processor.py:186} INFO - Started process (PID=133) to work on /home/airflow/.local/lib/python3.12/site-packages/airflow/example_dags/example_display_name.py
[2024-11-06T14:01:46.684+0000] {processor.py:914} INFO - Processing file /home/airflow/.local/lib/python3.12/site-packages/airflow/example_dags/example_display_name.py for tasks to queue
[2024-11-06T14:01:46.687+0000] {logging_mixin.py:190} INFO - [2024-11-06T14:01:46.687+0000] {dagbag.py:587} INFO - Filling up the DagBag from /home/airflow/.local/lib/python3.12/site-packages/airflow/example_dags/example_display_name.py
[2024-11-06T14:01:46.697+0000] {processor.py:925} INFO - DAG(s) 'example_display_name' retrieved from /home/airflow/.local/lib/python3.12/site-packages/airflow/example_dags/example_display_name.py
[2024-11-06T14:01:46.726+0000] {logging_mixin.py:190} INFO - [2024-11-06T14:01:46.725+0000] {dag.py:3229} INFO - Sync 1 DAGs
[2024-11-06T14:01:46.749+0000] {logging_mixin.py:190} INFO - [2024-11-06T14:01:46.748+0000] {dag.py:4156} INFO - Setting next_dagrun for example_display_name to None, run_after=None
[2024-11-06T14:01:46.785+0000] {processor.py:208} INFO - Processing /home/airflow/.local/lib/python3.12/site-packages/airflow/example_dags/example_display_name.py took 0.112 seconds
[2024-11-06T14:02:17.126+0000] {processor.py:186} INFO - Started process (PID=197) to work on /home/airflow/.local/lib/python3.12/site-packages/airflow/example_dags/example_display_name.py
[2024-11-06T14:02:17.127+0000] {processor.py:914} INFO - Processing file /home/airflow/.local/lib/python3.12/site-packages/airflow/example_dags/example_display_name.py for tasks to queue
[2024-11-06T14:02:17.130+0000] {logging_mixin.py:190} INFO - [2024-11-06T14:02:17.130+0000] {dagbag.py:587} INFO - Filling up the DagBag from /home/airflow/.local/lib/python3.12/site-packages/airflow/example_dags/example_display_name.py
[2024-11-06T14:02:17.139+0000] {processor.py:925} INFO - DAG(s) 'example_display_name' retrieved from /home/airflow/.local/lib/python3.12/site-packages/airflow/example_dags/example_display_name.py
[2024-11-06T14:02:17.168+0000] {logging_mixin.py:190} INFO - [2024-11-06T14:02:17.168+0000] {dag.py:3229} INFO - Sync 1 DAGs
[2024-11-06T14:02:17.189+0000] {logging_mixin.py:190} INFO - [2024-11-06T14:02:17.189+0000] {dag.py:4156} INFO - Setting next_dagrun for example_display_name to None, run_after=None
[2024-11-06T14:02:17.220+0000] {processor.py:208} INFO - Processing /home/airflow/.local/lib/python3.12/site-packages/airflow/example_dags/example_display_name.py took 0.101 seconds
[2024-11-06T14:02:47.355+0000] {processor.py:186} INFO - Started process (PID=260) to work on /home/airflow/.local/lib/python3.12/site-packages/airflow/example_dags/example_display_name.py
[2024-11-06T14:02:47.356+0000] {processor.py:914} INFO - Processing file /home/airflow/.local/lib/python3.12/site-packages/airflow/example_dags/example_display_name.py for tasks to queue
[2024-11-06T14:02:47.359+0000] {logging_mixin.py:190} INFO - [2024-11-06T14:02:47.358+0000] {dagbag.py:587} INFO - Filling up the DagBag from /home/airflow/.local/lib/python3.12/site-packages/airflow/example_dags/example_display_name.py
[2024-11-06T14:02:47.367+0000] {processor.py:925} INFO - DAG(s) 'example_display_name' retrieved from /home/airflow/.local/lib/python3.12/site-packages/airflow/example_dags/example_display_name.py
[2024-11-06T14:02:47.388+0000] {logging_mixin.py:190} INFO - [2024-11-06T14:02:47.387+0000] {dag.py:3229} INFO - Sync 1 DAGs
[2024-11-06T14:02:47.403+0000] {logging_mixin.py:190} INFO - [2024-11-06T14:02:47.402+0000] {dag.py:4156} INFO - Setting next_dagrun for example_display_name to None, run_after=None
[2024-11-06T14:02:47.425+0000] {processor.py:208} INFO - Processing /home/airflow/.local/lib/python3.12/site-packages/airflow/example_dags/example_display_name.py took 0.075 seconds
[2024-11-06T14:03:18.539+0000] {processor.py:186} INFO - Started process (PID=324) to work on /home/airflow/.local/lib/python3.12/site-packages/airflow/example_dags/example_display_name.py
[2024-11-06T14:03:18.540+0000] {processor.py:914} INFO - Processing file /home/airflow/.local/lib/python3.12/site-packages/airflow/example_dags/example_display_name.py for tasks to queue
[2024-11-06T14:03:18.544+0000] {logging_mixin.py:190} INFO - [2024-11-06T14:03:18.543+0000] {dagbag.py:587} INFO - Filling up the DagBag from /home/airflow/.local/lib/python3.12/site-packages/airflow/example_dags/example_display_name.py
[2024-11-06T14:03:18.557+0000] {processor.py:925} INFO - DAG(s) 'example_display_name' retrieved from /home/airflow/.local/lib/python3.12/site-packages/airflow/example_dags/example_display_name.py
[2024-11-06T14:03:18.594+0000] {logging_mixin.py:190} INFO - [2024-11-06T14:03:18.593+0000] {dag.py:3229} INFO - Sync 1 DAGs
[2024-11-06T14:03:18.614+0000] {logging_mixin.py:190} INFO - [2024-11-06T14:03:18.613+0000] {dag.py:4156} INFO - Setting next_dagrun for example_display_name to None, run_after=None
[2024-11-06T14:03:18.643+0000] {processor.py:208} INFO - Processing /home/airflow/.local/lib/python3.12/site-packages/airflow/example_dags/example_display_name.py took 0.112 seconds
[2024-11-06T14:03:50.395+0000] {processor.py:186} INFO - Started process (PID=388) to work on /home/airflow/.local/lib/python3.12/site-packages/airflow/example_dags/example_display_name.py
[2024-11-06T14:03:50.397+0000] {processor.py:914} INFO - Processing file /home/airflow/.local/lib/python3.12/site-packages/airflow/example_dags/example_display_name.py for tasks to queue
[2024-11-06T14:03:50.401+0000] {logging_mixin.py:190} INFO - [2024-11-06T14:03:50.400+0000] {dagbag.py:587} INFO - Filling up the DagBag from /home/airflow/.local/lib/python3.12/site-packages/airflow/example_dags/example_display_name.py
[2024-11-06T14:03:50.410+0000] {processor.py:925} INFO - DAG(s) 'example_display_name' retrieved from /home/airflow/.local/lib/python3.12/site-packages/airflow/example_dags/example_display_name.py
[2024-11-06T14:03:50.441+0000] {logging_mixin.py:190} INFO - [2024-11-06T14:03:50.440+0000] {dag.py:3229} INFO - Sync 1 DAGs
[2024-11-06T14:03:50.462+0000] {logging_mixin.py:190} INFO - [2024-11-06T14:03:50.462+0000] {dag.py:4156} INFO - Setting next_dagrun for example_display_name to None, run_after=None
[2024-11-06T14:03:50.491+0000] {processor.py:208} INFO - Processing /home/airflow/.local/lib/python3.12/site-packages/airflow/example_dags/example_display_name.py took 0.103 seconds
