[2024-11-06T13:49:01.435+0000] {processor.py:186} INFO - Started process (PID=104) to work on /home/airflow/.local/lib/python3.12/site-packages/airflow/example_dags/tutorial_dag.py
[2024-11-06T13:49:01.441+0000] {processor.py:914} INFO - Processing file /home/airflow/.local/lib/python3.12/site-packages/airflow/example_dags/tutorial_dag.py for tasks to queue
[2024-11-06T13:49:01.446+0000] {logging_mixin.py:190} INFO - [2024-11-06T13:49:01.446+0000] {dagbag.py:587} INFO - Filling up the DagBag from /home/airflow/.local/lib/python3.12/site-packages/airflow/example_dags/tutorial_dag.py
[2024-11-06T13:49:01.471+0000] {processor.py:925} INFO - DAG(s) 'tutorial_dag' retrieved from /home/airflow/.local/lib/python3.12/site-packages/airflow/example_dags/tutorial_dag.py
[2024-11-06T13:49:01.509+0000] {logging_mixin.py:190} INFO - [2024-11-06T13:49:01.509+0000] {dag.py:3229} INFO - Sync 1 DAGs
[2024-11-06T13:49:01.541+0000] {logging_mixin.py:190} INFO - [2024-11-06T13:49:01.541+0000] {dag.py:4156} INFO - Setting next_dagrun for tutorial_dag to None, run_after=None
[2024-11-06T13:49:01.599+0000] {processor.py:208} INFO - Processing /home/airflow/.local/lib/python3.12/site-packages/airflow/example_dags/tutorial_dag.py took 0.180 seconds
[2024-11-06T13:49:32.562+0000] {processor.py:186} INFO - Started process (PID=165) to work on /home/airflow/.local/lib/python3.12/site-packages/airflow/example_dags/tutorial_dag.py
[2024-11-06T13:49:32.565+0000] {processor.py:914} INFO - Processing file /home/airflow/.local/lib/python3.12/site-packages/airflow/example_dags/tutorial_dag.py for tasks to queue
[2024-11-06T13:49:32.569+0000] {logging_mixin.py:190} INFO - [2024-11-06T13:49:32.568+0000] {dagbag.py:587} INFO - Filling up the DagBag from /home/airflow/.local/lib/python3.12/site-packages/airflow/example_dags/tutorial_dag.py
[2024-11-06T13:49:32.584+0000] {processor.py:925} INFO - DAG(s) 'tutorial_dag' retrieved from /home/airflow/.local/lib/python3.12/site-packages/airflow/example_dags/tutorial_dag.py
[2024-11-06T13:49:32.617+0000] {logging_mixin.py:190} INFO - [2024-11-06T13:49:32.616+0000] {dag.py:3229} INFO - Sync 1 DAGs
[2024-11-06T13:49:32.638+0000] {logging_mixin.py:190} INFO - [2024-11-06T13:49:32.637+0000] {dag.py:4156} INFO - Setting next_dagrun for tutorial_dag to None, run_after=None
[2024-11-06T13:49:32.669+0000] {processor.py:208} INFO - Processing /home/airflow/.local/lib/python3.12/site-packages/airflow/example_dags/tutorial_dag.py took 0.116 seconds
[2024-11-06T13:50:03.183+0000] {processor.py:186} INFO - Started process (PID=235) to work on /home/airflow/.local/lib/python3.12/site-packages/airflow/example_dags/tutorial_dag.py
[2024-11-06T13:50:03.185+0000] {processor.py:914} INFO - Processing file /home/airflow/.local/lib/python3.12/site-packages/airflow/example_dags/tutorial_dag.py for tasks to queue
[2024-11-06T13:50:03.187+0000] {logging_mixin.py:190} INFO - [2024-11-06T13:50:03.187+0000] {dagbag.py:587} INFO - Filling up the DagBag from /home/airflow/.local/lib/python3.12/site-packages/airflow/example_dags/tutorial_dag.py
[2024-11-06T13:50:03.200+0000] {processor.py:925} INFO - DAG(s) 'tutorial_dag' retrieved from /home/airflow/.local/lib/python3.12/site-packages/airflow/example_dags/tutorial_dag.py
[2024-11-06T13:50:03.229+0000] {logging_mixin.py:190} INFO - [2024-11-06T13:50:03.229+0000] {dag.py:3229} INFO - Sync 1 DAGs
[2024-11-06T13:50:03.246+0000] {logging_mixin.py:190} INFO - [2024-11-06T13:50:03.245+0000] {dag.py:4156} INFO - Setting next_dagrun for tutorial_dag to None, run_after=None
[2024-11-06T13:50:03.272+0000] {processor.py:208} INFO - Processing /home/airflow/.local/lib/python3.12/site-packages/airflow/example_dags/tutorial_dag.py took 0.094 seconds
[2024-11-06T13:50:34.128+0000] {processor.py:186} INFO - Started process (PID=308) to work on /home/airflow/.local/lib/python3.12/site-packages/airflow/example_dags/tutorial_dag.py
[2024-11-06T13:50:34.129+0000] {processor.py:914} INFO - Processing file /home/airflow/.local/lib/python3.12/site-packages/airflow/example_dags/tutorial_dag.py for tasks to queue
[2024-11-06T13:50:34.132+0000] {logging_mixin.py:190} INFO - [2024-11-06T13:50:34.132+0000] {dagbag.py:587} INFO - Filling up the DagBag from /home/airflow/.local/lib/python3.12/site-packages/airflow/example_dags/tutorial_dag.py
[2024-11-06T13:50:34.139+0000] {processor.py:925} INFO - DAG(s) 'tutorial_dag' retrieved from /home/airflow/.local/lib/python3.12/site-packages/airflow/example_dags/tutorial_dag.py
[2024-11-06T13:50:34.160+0000] {logging_mixin.py:190} INFO - [2024-11-06T13:50:34.160+0000] {dag.py:3229} INFO - Sync 1 DAGs
[2024-11-06T13:50:34.176+0000] {logging_mixin.py:190} INFO - [2024-11-06T13:50:34.175+0000] {dag.py:4156} INFO - Setting next_dagrun for tutorial_dag to None, run_after=None
[2024-11-06T13:50:34.198+0000] {processor.py:208} INFO - Processing /home/airflow/.local/lib/python3.12/site-packages/airflow/example_dags/tutorial_dag.py took 0.075 seconds
[2024-11-06T13:51:05.462+0000] {processor.py:186} INFO - Started process (PID=372) to work on /home/airflow/.local/lib/python3.12/site-packages/airflow/example_dags/tutorial_dag.py
[2024-11-06T13:51:05.464+0000] {processor.py:914} INFO - Processing file /home/airflow/.local/lib/python3.12/site-packages/airflow/example_dags/tutorial_dag.py for tasks to queue
[2024-11-06T13:51:05.468+0000] {logging_mixin.py:190} INFO - [2024-11-06T13:51:05.467+0000] {dagbag.py:587} INFO - Filling up the DagBag from /home/airflow/.local/lib/python3.12/site-packages/airflow/example_dags/tutorial_dag.py
[2024-11-06T13:51:05.486+0000] {processor.py:925} INFO - DAG(s) 'tutorial_dag' retrieved from /home/airflow/.local/lib/python3.12/site-packages/airflow/example_dags/tutorial_dag.py
[2024-11-06T13:51:05.528+0000] {logging_mixin.py:190} INFO - [2024-11-06T13:51:05.527+0000] {dag.py:3229} INFO - Sync 1 DAGs
[2024-11-06T13:51:05.555+0000] {logging_mixin.py:190} INFO - [2024-11-06T13:51:05.554+0000] {dag.py:4156} INFO - Setting next_dagrun for tutorial_dag to None, run_after=None
[2024-11-06T13:51:05.592+0000] {processor.py:208} INFO - Processing /home/airflow/.local/lib/python3.12/site-packages/airflow/example_dags/tutorial_dag.py took 0.142 seconds
[2024-11-06T13:51:36.207+0000] {processor.py:186} INFO - Started process (PID=436) to work on /home/airflow/.local/lib/python3.12/site-packages/airflow/example_dags/tutorial_dag.py
[2024-11-06T13:51:36.213+0000] {processor.py:914} INFO - Processing file /home/airflow/.local/lib/python3.12/site-packages/airflow/example_dags/tutorial_dag.py for tasks to queue
[2024-11-06T13:51:36.216+0000] {logging_mixin.py:190} INFO - [2024-11-06T13:51:36.216+0000] {dagbag.py:587} INFO - Filling up the DagBag from /home/airflow/.local/lib/python3.12/site-packages/airflow/example_dags/tutorial_dag.py
[2024-11-06T13:51:36.239+0000] {processor.py:925} INFO - DAG(s) 'tutorial_dag' retrieved from /home/airflow/.local/lib/python3.12/site-packages/airflow/example_dags/tutorial_dag.py
[2024-11-06T13:51:36.316+0000] {logging_mixin.py:190} INFO - [2024-11-06T13:51:36.316+0000] {dag.py:3229} INFO - Sync 1 DAGs
[2024-11-06T13:51:36.346+0000] {logging_mixin.py:190} INFO - [2024-11-06T13:51:36.346+0000] {dag.py:4156} INFO - Setting next_dagrun for tutorial_dag to None, run_after=None
[2024-11-06T13:51:36.389+0000] {processor.py:208} INFO - Processing /home/airflow/.local/lib/python3.12/site-packages/airflow/example_dags/tutorial_dag.py took 0.194 seconds
[2024-11-06T13:52:06.783+0000] {processor.py:186} INFO - Started process (PID=500) to work on /home/airflow/.local/lib/python3.12/site-packages/airflow/example_dags/tutorial_dag.py
[2024-11-06T13:52:06.784+0000] {processor.py:914} INFO - Processing file /home/airflow/.local/lib/python3.12/site-packages/airflow/example_dags/tutorial_dag.py for tasks to queue
[2024-11-06T13:52:06.787+0000] {logging_mixin.py:190} INFO - [2024-11-06T13:52:06.787+0000] {dagbag.py:587} INFO - Filling up the DagBag from /home/airflow/.local/lib/python3.12/site-packages/airflow/example_dags/tutorial_dag.py
[2024-11-06T13:52:06.797+0000] {processor.py:925} INFO - DAG(s) 'tutorial_dag' retrieved from /home/airflow/.local/lib/python3.12/site-packages/airflow/example_dags/tutorial_dag.py
[2024-11-06T13:52:06.825+0000] {logging_mixin.py:190} INFO - [2024-11-06T13:52:06.825+0000] {dag.py:3229} INFO - Sync 1 DAGs
[2024-11-06T13:52:06.847+0000] {logging_mixin.py:190} INFO - [2024-11-06T13:52:06.847+0000] {dag.py:4156} INFO - Setting next_dagrun for tutorial_dag to None, run_after=None
[2024-11-06T13:52:06.877+0000] {processor.py:208} INFO - Processing /home/airflow/.local/lib/python3.12/site-packages/airflow/example_dags/tutorial_dag.py took 0.101 seconds
[2024-11-06T13:52:37.237+0000] {processor.py:186} INFO - Started process (PID=564) to work on /home/airflow/.local/lib/python3.12/site-packages/airflow/example_dags/tutorial_dag.py
[2024-11-06T13:52:37.239+0000] {processor.py:914} INFO - Processing file /home/airflow/.local/lib/python3.12/site-packages/airflow/example_dags/tutorial_dag.py for tasks to queue
[2024-11-06T13:52:37.243+0000] {logging_mixin.py:190} INFO - [2024-11-06T13:52:37.242+0000] {dagbag.py:587} INFO - Filling up the DagBag from /home/airflow/.local/lib/python3.12/site-packages/airflow/example_dags/tutorial_dag.py
[2024-11-06T13:52:37.253+0000] {processor.py:925} INFO - DAG(s) 'tutorial_dag' retrieved from /home/airflow/.local/lib/python3.12/site-packages/airflow/example_dags/tutorial_dag.py
[2024-11-06T13:52:37.282+0000] {logging_mixin.py:190} INFO - [2024-11-06T13:52:37.282+0000] {dag.py:3229} INFO - Sync 1 DAGs
[2024-11-06T13:52:37.303+0000] {logging_mixin.py:190} INFO - [2024-11-06T13:52:37.302+0000] {dag.py:4156} INFO - Setting next_dagrun for tutorial_dag to None, run_after=None
[2024-11-06T13:52:37.335+0000] {processor.py:208} INFO - Processing /home/airflow/.local/lib/python3.12/site-packages/airflow/example_dags/tutorial_dag.py took 0.108 seconds
[2024-11-06T13:53:07.733+0000] {processor.py:186} INFO - Started process (PID=628) to work on /home/airflow/.local/lib/python3.12/site-packages/airflow/example_dags/tutorial_dag.py
[2024-11-06T13:53:07.736+0000] {processor.py:914} INFO - Processing file /home/airflow/.local/lib/python3.12/site-packages/airflow/example_dags/tutorial_dag.py for tasks to queue
[2024-11-06T13:53:07.740+0000] {logging_mixin.py:190} INFO - [2024-11-06T13:53:07.739+0000] {dagbag.py:587} INFO - Filling up the DagBag from /home/airflow/.local/lib/python3.12/site-packages/airflow/example_dags/tutorial_dag.py
[2024-11-06T13:53:07.754+0000] {processor.py:925} INFO - DAG(s) 'tutorial_dag' retrieved from /home/airflow/.local/lib/python3.12/site-packages/airflow/example_dags/tutorial_dag.py
[2024-11-06T13:53:07.791+0000] {logging_mixin.py:190} INFO - [2024-11-06T13:53:07.790+0000] {dag.py:3229} INFO - Sync 1 DAGs
[2024-11-06T13:53:07.815+0000] {logging_mixin.py:190} INFO - [2024-11-06T13:53:07.815+0000] {dag.py:4156} INFO - Setting next_dagrun for tutorial_dag to None, run_after=None
[2024-11-06T13:53:07.853+0000] {processor.py:208} INFO - Processing /home/airflow/.local/lib/python3.12/site-packages/airflow/example_dags/tutorial_dag.py took 0.129 seconds
[2024-11-06T13:53:38.270+0000] {processor.py:186} INFO - Started process (PID=692) to work on /home/airflow/.local/lib/python3.12/site-packages/airflow/example_dags/tutorial_dag.py
[2024-11-06T13:53:38.272+0000] {processor.py:914} INFO - Processing file /home/airflow/.local/lib/python3.12/site-packages/airflow/example_dags/tutorial_dag.py for tasks to queue
[2024-11-06T13:53:38.276+0000] {logging_mixin.py:190} INFO - [2024-11-06T13:53:38.276+0000] {dagbag.py:587} INFO - Filling up the DagBag from /home/airflow/.local/lib/python3.12/site-packages/airflow/example_dags/tutorial_dag.py
[2024-11-06T13:53:38.288+0000] {processor.py:925} INFO - DAG(s) 'tutorial_dag' retrieved from /home/airflow/.local/lib/python3.12/site-packages/airflow/example_dags/tutorial_dag.py
[2024-11-06T13:53:38.322+0000] {logging_mixin.py:190} INFO - [2024-11-06T13:53:38.321+0000] {dag.py:3229} INFO - Sync 1 DAGs
[2024-11-06T13:53:38.345+0000] {logging_mixin.py:190} INFO - [2024-11-06T13:53:38.345+0000] {dag.py:4156} INFO - Setting next_dagrun for tutorial_dag to None, run_after=None
[2024-11-06T13:53:38.390+0000] {processor.py:208} INFO - Processing /home/airflow/.local/lib/python3.12/site-packages/airflow/example_dags/tutorial_dag.py took 0.128 seconds
[2024-11-06T13:54:08.461+0000] {processor.py:186} INFO - Started process (PID=755) to work on /home/airflow/.local/lib/python3.12/site-packages/airflow/example_dags/tutorial_dag.py
[2024-11-06T13:54:08.463+0000] {processor.py:914} INFO - Processing file /home/airflow/.local/lib/python3.12/site-packages/airflow/example_dags/tutorial_dag.py for tasks to queue
[2024-11-06T13:54:08.467+0000] {logging_mixin.py:190} INFO - [2024-11-06T13:54:08.466+0000] {dagbag.py:587} INFO - Filling up the DagBag from /home/airflow/.local/lib/python3.12/site-packages/airflow/example_dags/tutorial_dag.py
[2024-11-06T13:54:08.478+0000] {processor.py:925} INFO - DAG(s) 'tutorial_dag' retrieved from /home/airflow/.local/lib/python3.12/site-packages/airflow/example_dags/tutorial_dag.py
[2024-11-06T13:54:08.509+0000] {logging_mixin.py:190} INFO - [2024-11-06T13:54:08.509+0000] {dag.py:3229} INFO - Sync 1 DAGs
[2024-11-06T13:54:08.531+0000] {logging_mixin.py:190} INFO - [2024-11-06T13:54:08.531+0000] {dag.py:4156} INFO - Setting next_dagrun for tutorial_dag to None, run_after=None
[2024-11-06T13:54:08.561+0000] {processor.py:208} INFO - Processing /home/airflow/.local/lib/python3.12/site-packages/airflow/example_dags/tutorial_dag.py took 0.107 seconds
[2024-11-06T13:54:38.960+0000] {processor.py:186} INFO - Started process (PID=819) to work on /home/airflow/.local/lib/python3.12/site-packages/airflow/example_dags/tutorial_dag.py
[2024-11-06T13:54:38.962+0000] {processor.py:914} INFO - Processing file /home/airflow/.local/lib/python3.12/site-packages/airflow/example_dags/tutorial_dag.py for tasks to queue
[2024-11-06T13:54:38.966+0000] {logging_mixin.py:190} INFO - [2024-11-06T13:54:38.966+0000] {dagbag.py:587} INFO - Filling up the DagBag from /home/airflow/.local/lib/python3.12/site-packages/airflow/example_dags/tutorial_dag.py
[2024-11-06T13:54:38.980+0000] {processor.py:925} INFO - DAG(s) 'tutorial_dag' retrieved from /home/airflow/.local/lib/python3.12/site-packages/airflow/example_dags/tutorial_dag.py
[2024-11-06T13:54:39.016+0000] {logging_mixin.py:190} INFO - [2024-11-06T13:54:39.015+0000] {dag.py:3229} INFO - Sync 1 DAGs
[2024-11-06T13:54:39.040+0000] {logging_mixin.py:190} INFO - [2024-11-06T13:54:39.040+0000] {dag.py:4156} INFO - Setting next_dagrun for tutorial_dag to None, run_after=None
[2024-11-06T13:54:39.082+0000] {processor.py:208} INFO - Processing /home/airflow/.local/lib/python3.12/site-packages/airflow/example_dags/tutorial_dag.py took 0.131 seconds
[2024-11-06T13:55:10.046+0000] {processor.py:186} INFO - Started process (PID=884) to work on /home/airflow/.local/lib/python3.12/site-packages/airflow/example_dags/tutorial_dag.py
[2024-11-06T13:55:10.047+0000] {processor.py:914} INFO - Processing file /home/airflow/.local/lib/python3.12/site-packages/airflow/example_dags/tutorial_dag.py for tasks to queue
[2024-11-06T13:55:10.051+0000] {logging_mixin.py:190} INFO - [2024-11-06T13:55:10.051+0000] {dagbag.py:587} INFO - Filling up the DagBag from /home/airflow/.local/lib/python3.12/site-packages/airflow/example_dags/tutorial_dag.py
[2024-11-06T13:55:10.061+0000] {processor.py:925} INFO - DAG(s) 'tutorial_dag' retrieved from /home/airflow/.local/lib/python3.12/site-packages/airflow/example_dags/tutorial_dag.py
[2024-11-06T13:55:10.095+0000] {logging_mixin.py:190} INFO - [2024-11-06T13:55:10.095+0000] {dag.py:3229} INFO - Sync 1 DAGs
[2024-11-06T13:55:10.119+0000] {logging_mixin.py:190} INFO - [2024-11-06T13:55:10.119+0000] {dag.py:4156} INFO - Setting next_dagrun for tutorial_dag to None, run_after=None
[2024-11-06T13:55:10.151+0000] {processor.py:208} INFO - Processing /home/airflow/.local/lib/python3.12/site-packages/airflow/example_dags/tutorial_dag.py took 0.113 seconds
[2024-11-06T13:55:40.339+0000] {processor.py:186} INFO - Started process (PID=948) to work on /home/airflow/.local/lib/python3.12/site-packages/airflow/example_dags/tutorial_dag.py
[2024-11-06T13:55:40.341+0000] {processor.py:914} INFO - Processing file /home/airflow/.local/lib/python3.12/site-packages/airflow/example_dags/tutorial_dag.py for tasks to queue
[2024-11-06T13:55:40.346+0000] {logging_mixin.py:190} INFO - [2024-11-06T13:55:40.345+0000] {dagbag.py:587} INFO - Filling up the DagBag from /home/airflow/.local/lib/python3.12/site-packages/airflow/example_dags/tutorial_dag.py
[2024-11-06T13:55:40.357+0000] {processor.py:925} INFO - DAG(s) 'tutorial_dag' retrieved from /home/airflow/.local/lib/python3.12/site-packages/airflow/example_dags/tutorial_dag.py
[2024-11-06T13:55:40.395+0000] {logging_mixin.py:190} INFO - [2024-11-06T13:55:40.394+0000] {dag.py:3229} INFO - Sync 1 DAGs
[2024-11-06T13:55:40.422+0000] {logging_mixin.py:190} INFO - [2024-11-06T13:55:40.422+0000] {dag.py:4156} INFO - Setting next_dagrun for tutorial_dag to None, run_after=None
[2024-11-06T13:55:40.463+0000] {processor.py:208} INFO - Processing /home/airflow/.local/lib/python3.12/site-packages/airflow/example_dags/tutorial_dag.py took 0.133 seconds
[2024-11-06T13:56:10.724+0000] {processor.py:186} INFO - Started process (PID=1012) to work on /home/airflow/.local/lib/python3.12/site-packages/airflow/example_dags/tutorial_dag.py
[2024-11-06T13:56:10.727+0000] {processor.py:914} INFO - Processing file /home/airflow/.local/lib/python3.12/site-packages/airflow/example_dags/tutorial_dag.py for tasks to queue
[2024-11-06T13:56:10.733+0000] {logging_mixin.py:190} INFO - [2024-11-06T13:56:10.732+0000] {dagbag.py:587} INFO - Filling up the DagBag from /home/airflow/.local/lib/python3.12/site-packages/airflow/example_dags/tutorial_dag.py
[2024-11-06T13:56:10.750+0000] {processor.py:925} INFO - DAG(s) 'tutorial_dag' retrieved from /home/airflow/.local/lib/python3.12/site-packages/airflow/example_dags/tutorial_dag.py
[2024-11-06T13:56:10.792+0000] {logging_mixin.py:190} INFO - [2024-11-06T13:56:10.791+0000] {dag.py:3229} INFO - Sync 1 DAGs
[2024-11-06T13:56:10.817+0000] {logging_mixin.py:190} INFO - [2024-11-06T13:56:10.817+0000] {dag.py:4156} INFO - Setting next_dagrun for tutorial_dag to None, run_after=None
[2024-11-06T13:56:10.853+0000] {processor.py:208} INFO - Processing /home/airflow/.local/lib/python3.12/site-packages/airflow/example_dags/tutorial_dag.py took 0.141 seconds
[2024-11-06T13:56:41.006+0000] {processor.py:186} INFO - Started process (PID=1076) to work on /home/airflow/.local/lib/python3.12/site-packages/airflow/example_dags/tutorial_dag.py
[2024-11-06T13:56:41.008+0000] {processor.py:914} INFO - Processing file /home/airflow/.local/lib/python3.12/site-packages/airflow/example_dags/tutorial_dag.py for tasks to queue
[2024-11-06T13:56:41.012+0000] {logging_mixin.py:190} INFO - [2024-11-06T13:56:41.012+0000] {dagbag.py:587} INFO - Filling up the DagBag from /home/airflow/.local/lib/python3.12/site-packages/airflow/example_dags/tutorial_dag.py
[2024-11-06T13:56:41.024+0000] {processor.py:925} INFO - DAG(s) 'tutorial_dag' retrieved from /home/airflow/.local/lib/python3.12/site-packages/airflow/example_dags/tutorial_dag.py
[2024-11-06T13:56:41.063+0000] {logging_mixin.py:190} INFO - [2024-11-06T13:56:41.061+0000] {dag.py:3229} INFO - Sync 1 DAGs
[2024-11-06T13:56:41.123+0000] {logging_mixin.py:190} INFO - [2024-11-06T13:56:41.123+0000] {dag.py:4156} INFO - Setting next_dagrun for tutorial_dag to None, run_after=None
[2024-11-06T13:56:41.175+0000] {processor.py:208} INFO - Processing /home/airflow/.local/lib/python3.12/site-packages/airflow/example_dags/tutorial_dag.py took 0.178 seconds
[2024-11-06T13:57:11.407+0000] {processor.py:186} INFO - Started process (PID=1140) to work on /home/airflow/.local/lib/python3.12/site-packages/airflow/example_dags/tutorial_dag.py
[2024-11-06T13:57:11.409+0000] {processor.py:914} INFO - Processing file /home/airflow/.local/lib/python3.12/site-packages/airflow/example_dags/tutorial_dag.py for tasks to queue
[2024-11-06T13:57:11.413+0000] {logging_mixin.py:190} INFO - [2024-11-06T13:57:11.412+0000] {dagbag.py:587} INFO - Filling up the DagBag from /home/airflow/.local/lib/python3.12/site-packages/airflow/example_dags/tutorial_dag.py
[2024-11-06T13:57:11.427+0000] {processor.py:925} INFO - DAG(s) 'tutorial_dag' retrieved from /home/airflow/.local/lib/python3.12/site-packages/airflow/example_dags/tutorial_dag.py
[2024-11-06T13:57:11.469+0000] {logging_mixin.py:190} INFO - [2024-11-06T13:57:11.468+0000] {dag.py:3229} INFO - Sync 1 DAGs
[2024-11-06T13:57:11.497+0000] {logging_mixin.py:190} INFO - [2024-11-06T13:57:11.496+0000] {dag.py:4156} INFO - Setting next_dagrun for tutorial_dag to None, run_after=None
[2024-11-06T13:57:11.540+0000] {processor.py:208} INFO - Processing /home/airflow/.local/lib/python3.12/site-packages/airflow/example_dags/tutorial_dag.py took 0.141 seconds
[2024-11-06T13:57:41.725+0000] {processor.py:186} INFO - Started process (PID=1205) to work on /home/airflow/.local/lib/python3.12/site-packages/airflow/example_dags/tutorial_dag.py
[2024-11-06T13:57:41.727+0000] {processor.py:914} INFO - Processing file /home/airflow/.local/lib/python3.12/site-packages/airflow/example_dags/tutorial_dag.py for tasks to queue
[2024-11-06T13:57:41.730+0000] {logging_mixin.py:190} INFO - [2024-11-06T13:57:41.730+0000] {dagbag.py:587} INFO - Filling up the DagBag from /home/airflow/.local/lib/python3.12/site-packages/airflow/example_dags/tutorial_dag.py
[2024-11-06T13:57:41.744+0000] {processor.py:925} INFO - DAG(s) 'tutorial_dag' retrieved from /home/airflow/.local/lib/python3.12/site-packages/airflow/example_dags/tutorial_dag.py
[2024-11-06T13:57:41.772+0000] {logging_mixin.py:190} INFO - [2024-11-06T13:57:41.772+0000] {dag.py:3229} INFO - Sync 1 DAGs
[2024-11-06T13:57:41.794+0000] {logging_mixin.py:190} INFO - [2024-11-06T13:57:41.794+0000] {dag.py:4156} INFO - Setting next_dagrun for tutorial_dag to None, run_after=None
[2024-11-06T13:57:41.827+0000] {processor.py:208} INFO - Processing /home/airflow/.local/lib/python3.12/site-packages/airflow/example_dags/tutorial_dag.py took 0.109 seconds
[2024-11-06T13:58:12.581+0000] {processor.py:186} INFO - Started process (PID=1269) to work on /home/airflow/.local/lib/python3.12/site-packages/airflow/example_dags/tutorial_dag.py
[2024-11-06T13:58:12.583+0000] {processor.py:914} INFO - Processing file /home/airflow/.local/lib/python3.12/site-packages/airflow/example_dags/tutorial_dag.py for tasks to queue
[2024-11-06T13:58:12.586+0000] {logging_mixin.py:190} INFO - [2024-11-06T13:58:12.586+0000] {dagbag.py:587} INFO - Filling up the DagBag from /home/airflow/.local/lib/python3.12/site-packages/airflow/example_dags/tutorial_dag.py
[2024-11-06T13:58:12.597+0000] {processor.py:925} INFO - DAG(s) 'tutorial_dag' retrieved from /home/airflow/.local/lib/python3.12/site-packages/airflow/example_dags/tutorial_dag.py
[2024-11-06T13:58:12.624+0000] {logging_mixin.py:190} INFO - [2024-11-06T13:58:12.624+0000] {dag.py:3229} INFO - Sync 1 DAGs
[2024-11-06T13:58:12.645+0000] {logging_mixin.py:190} INFO - [2024-11-06T13:58:12.645+0000] {dag.py:4156} INFO - Setting next_dagrun for tutorial_dag to None, run_after=None
[2024-11-06T13:58:12.676+0000] {processor.py:208} INFO - Processing /home/airflow/.local/lib/python3.12/site-packages/airflow/example_dags/tutorial_dag.py took 0.102 seconds
[2024-11-06T13:58:42.821+0000] {processor.py:186} INFO - Started process (PID=1333) to work on /home/airflow/.local/lib/python3.12/site-packages/airflow/example_dags/tutorial_dag.py
[2024-11-06T13:58:42.823+0000] {processor.py:914} INFO - Processing file /home/airflow/.local/lib/python3.12/site-packages/airflow/example_dags/tutorial_dag.py for tasks to queue
[2024-11-06T13:58:42.826+0000] {logging_mixin.py:190} INFO - [2024-11-06T13:58:42.825+0000] {dagbag.py:587} INFO - Filling up the DagBag from /home/airflow/.local/lib/python3.12/site-packages/airflow/example_dags/tutorial_dag.py
[2024-11-06T13:58:42.836+0000] {processor.py:925} INFO - DAG(s) 'tutorial_dag' retrieved from /home/airflow/.local/lib/python3.12/site-packages/airflow/example_dags/tutorial_dag.py
[2024-11-06T13:58:42.865+0000] {logging_mixin.py:190} INFO - [2024-11-06T13:58:42.864+0000] {dag.py:3229} INFO - Sync 1 DAGs
[2024-11-06T13:58:42.886+0000] {logging_mixin.py:190} INFO - [2024-11-06T13:58:42.886+0000] {dag.py:4156} INFO - Setting next_dagrun for tutorial_dag to None, run_after=None
[2024-11-06T13:58:42.917+0000] {processor.py:208} INFO - Processing /home/airflow/.local/lib/python3.12/site-packages/airflow/example_dags/tutorial_dag.py took 0.102 seconds
[2024-11-06T13:59:14.112+0000] {processor.py:186} INFO - Started process (PID=1397) to work on /home/airflow/.local/lib/python3.12/site-packages/airflow/example_dags/tutorial_dag.py
[2024-11-06T13:59:14.114+0000] {processor.py:914} INFO - Processing file /home/airflow/.local/lib/python3.12/site-packages/airflow/example_dags/tutorial_dag.py for tasks to queue
[2024-11-06T13:59:14.117+0000] {logging_mixin.py:190} INFO - [2024-11-06T13:59:14.117+0000] {dagbag.py:587} INFO - Filling up the DagBag from /home/airflow/.local/lib/python3.12/site-packages/airflow/example_dags/tutorial_dag.py
[2024-11-06T13:59:14.129+0000] {processor.py:925} INFO - DAG(s) 'tutorial_dag' retrieved from /home/airflow/.local/lib/python3.12/site-packages/airflow/example_dags/tutorial_dag.py
[2024-11-06T13:59:14.164+0000] {logging_mixin.py:190} INFO - [2024-11-06T13:59:14.163+0000] {dag.py:3229} INFO - Sync 1 DAGs
[2024-11-06T13:59:14.189+0000] {logging_mixin.py:190} INFO - [2024-11-06T13:59:14.189+0000] {dag.py:4156} INFO - Setting next_dagrun for tutorial_dag to None, run_after=None
[2024-11-06T13:59:14.226+0000] {processor.py:208} INFO - Processing /home/airflow/.local/lib/python3.12/site-packages/airflow/example_dags/tutorial_dag.py took 0.123 seconds
[2024-11-06T13:59:45.020+0000] {processor.py:186} INFO - Started process (PID=1460) to work on /home/airflow/.local/lib/python3.12/site-packages/airflow/example_dags/tutorial_dag.py
[2024-11-06T13:59:45.022+0000] {processor.py:914} INFO - Processing file /home/airflow/.local/lib/python3.12/site-packages/airflow/example_dags/tutorial_dag.py for tasks to queue
[2024-11-06T13:59:45.027+0000] {logging_mixin.py:190} INFO - [2024-11-06T13:59:45.026+0000] {dagbag.py:587} INFO - Filling up the DagBag from /home/airflow/.local/lib/python3.12/site-packages/airflow/example_dags/tutorial_dag.py
[2024-11-06T13:59:45.038+0000] {processor.py:925} INFO - DAG(s) 'tutorial_dag' retrieved from /home/airflow/.local/lib/python3.12/site-packages/airflow/example_dags/tutorial_dag.py
[2024-11-06T13:59:45.073+0000] {logging_mixin.py:190} INFO - [2024-11-06T13:59:45.072+0000] {dag.py:3229} INFO - Sync 1 DAGs
[2024-11-06T13:59:45.097+0000] {logging_mixin.py:190} INFO - [2024-11-06T13:59:45.096+0000] {dag.py:4156} INFO - Setting next_dagrun for tutorial_dag to None, run_after=None
[2024-11-06T13:59:45.136+0000] {processor.py:208} INFO - Processing /home/airflow/.local/lib/python3.12/site-packages/airflow/example_dags/tutorial_dag.py took 0.125 seconds
[2024-11-06T14:01:15.934+0000] {processor.py:186} INFO - Started process (PID=76) to work on /home/airflow/.local/lib/python3.12/site-packages/airflow/example_dags/tutorial_dag.py
[2024-11-06T14:01:15.936+0000] {processor.py:914} INFO - Processing file /home/airflow/.local/lib/python3.12/site-packages/airflow/example_dags/tutorial_dag.py for tasks to queue
[2024-11-06T14:01:15.938+0000] {logging_mixin.py:190} INFO - [2024-11-06T14:01:15.938+0000] {dagbag.py:587} INFO - Filling up the DagBag from /home/airflow/.local/lib/python3.12/site-packages/airflow/example_dags/tutorial_dag.py
[2024-11-06T14:01:15.947+0000] {processor.py:925} INFO - DAG(s) 'tutorial_dag' retrieved from /home/airflow/.local/lib/python3.12/site-packages/airflow/example_dags/tutorial_dag.py
[2024-11-06T14:01:15.969+0000] {logging_mixin.py:190} INFO - [2024-11-06T14:01:15.969+0000] {dag.py:3229} INFO - Sync 1 DAGs
[2024-11-06T14:01:15.983+0000] {logging_mixin.py:190} INFO - [2024-11-06T14:01:15.982+0000] {dag.py:4156} INFO - Setting next_dagrun for tutorial_dag to None, run_after=None
[2024-11-06T14:01:16.006+0000] {processor.py:208} INFO - Processing /home/airflow/.local/lib/python3.12/site-packages/airflow/example_dags/tutorial_dag.py took 0.076 seconds
[2024-11-06T14:01:47.472+0000] {processor.py:186} INFO - Started process (PID=140) to work on /home/airflow/.local/lib/python3.12/site-packages/airflow/example_dags/tutorial_dag.py
[2024-11-06T14:01:47.473+0000] {processor.py:914} INFO - Processing file /home/airflow/.local/lib/python3.12/site-packages/airflow/example_dags/tutorial_dag.py for tasks to queue
[2024-11-06T14:01:47.477+0000] {logging_mixin.py:190} INFO - [2024-11-06T14:01:47.476+0000] {dagbag.py:587} INFO - Filling up the DagBag from /home/airflow/.local/lib/python3.12/site-packages/airflow/example_dags/tutorial_dag.py
[2024-11-06T14:01:47.487+0000] {processor.py:925} INFO - DAG(s) 'tutorial_dag' retrieved from /home/airflow/.local/lib/python3.12/site-packages/airflow/example_dags/tutorial_dag.py
[2024-11-06T14:01:47.517+0000] {logging_mixin.py:190} INFO - [2024-11-06T14:01:47.517+0000] {dag.py:3229} INFO - Sync 1 DAGs
[2024-11-06T14:01:47.539+0000] {logging_mixin.py:190} INFO - [2024-11-06T14:01:47.538+0000] {dag.py:4156} INFO - Setting next_dagrun for tutorial_dag to None, run_after=None
[2024-11-06T14:01:47.567+0000] {processor.py:208} INFO - Processing /home/airflow/.local/lib/python3.12/site-packages/airflow/example_dags/tutorial_dag.py took 0.102 seconds
[2024-11-06T14:02:18.309+0000] {processor.py:186} INFO - Started process (PID=204) to work on /home/airflow/.local/lib/python3.12/site-packages/airflow/example_dags/tutorial_dag.py
[2024-11-06T14:02:18.311+0000] {processor.py:914} INFO - Processing file /home/airflow/.local/lib/python3.12/site-packages/airflow/example_dags/tutorial_dag.py for tasks to queue
[2024-11-06T14:02:18.314+0000] {logging_mixin.py:190} INFO - [2024-11-06T14:02:18.313+0000] {dagbag.py:587} INFO - Filling up the DagBag from /home/airflow/.local/lib/python3.12/site-packages/airflow/example_dags/tutorial_dag.py
[2024-11-06T14:02:18.323+0000] {processor.py:925} INFO - DAG(s) 'tutorial_dag' retrieved from /home/airflow/.local/lib/python3.12/site-packages/airflow/example_dags/tutorial_dag.py
[2024-11-06T14:02:18.355+0000] {logging_mixin.py:190} INFO - [2024-11-06T14:02:18.355+0000] {dag.py:3229} INFO - Sync 1 DAGs
[2024-11-06T14:02:18.377+0000] {logging_mixin.py:190} INFO - [2024-11-06T14:02:18.376+0000] {dag.py:4156} INFO - Setting next_dagrun for tutorial_dag to None, run_after=None
[2024-11-06T14:02:18.405+0000] {processor.py:208} INFO - Processing /home/airflow/.local/lib/python3.12/site-packages/airflow/example_dags/tutorial_dag.py took 0.103 seconds
[2024-11-06T14:02:48.903+0000] {processor.py:186} INFO - Started process (PID=267) to work on /home/airflow/.local/lib/python3.12/site-packages/airflow/example_dags/tutorial_dag.py
[2024-11-06T14:02:48.904+0000] {processor.py:914} INFO - Processing file /home/airflow/.local/lib/python3.12/site-packages/airflow/example_dags/tutorial_dag.py for tasks to queue
[2024-11-06T14:02:48.906+0000] {logging_mixin.py:190} INFO - [2024-11-06T14:02:48.906+0000] {dagbag.py:587} INFO - Filling up the DagBag from /home/airflow/.local/lib/python3.12/site-packages/airflow/example_dags/tutorial_dag.py
[2024-11-06T14:02:48.914+0000] {processor.py:925} INFO - DAG(s) 'tutorial_dag' retrieved from /home/airflow/.local/lib/python3.12/site-packages/airflow/example_dags/tutorial_dag.py
[2024-11-06T14:02:48.940+0000] {logging_mixin.py:190} INFO - [2024-11-06T14:02:48.940+0000] {dag.py:3229} INFO - Sync 1 DAGs
[2024-11-06T14:02:48.958+0000] {logging_mixin.py:190} INFO - [2024-11-06T14:02:48.957+0000] {dag.py:4156} INFO - Setting next_dagrun for tutorial_dag to None, run_after=None
[2024-11-06T14:02:48.984+0000] {processor.py:208} INFO - Processing /home/airflow/.local/lib/python3.12/site-packages/airflow/example_dags/tutorial_dag.py took 0.087 seconds
[2024-11-06T14:03:19.263+0000] {processor.py:186} INFO - Started process (PID=331) to work on /home/airflow/.local/lib/python3.12/site-packages/airflow/example_dags/tutorial_dag.py
[2024-11-06T14:03:19.265+0000] {processor.py:914} INFO - Processing file /home/airflow/.local/lib/python3.12/site-packages/airflow/example_dags/tutorial_dag.py for tasks to queue
[2024-11-06T14:03:19.270+0000] {logging_mixin.py:190} INFO - [2024-11-06T14:03:19.269+0000] {dagbag.py:587} INFO - Filling up the DagBag from /home/airflow/.local/lib/python3.12/site-packages/airflow/example_dags/tutorial_dag.py
[2024-11-06T14:03:19.280+0000] {processor.py:925} INFO - DAG(s) 'tutorial_dag' retrieved from /home/airflow/.local/lib/python3.12/site-packages/airflow/example_dags/tutorial_dag.py
[2024-11-06T14:03:19.308+0000] {logging_mixin.py:190} INFO - [2024-11-06T14:03:19.307+0000] {dag.py:3229} INFO - Sync 1 DAGs
[2024-11-06T14:03:19.327+0000] {logging_mixin.py:190} INFO - [2024-11-06T14:03:19.327+0000] {dag.py:4156} INFO - Setting next_dagrun for tutorial_dag to None, run_after=None
[2024-11-06T14:03:19.357+0000] {processor.py:208} INFO - Processing /home/airflow/.local/lib/python3.12/site-packages/airflow/example_dags/tutorial_dag.py took 0.100 seconds
[2024-11-06T14:03:51.367+0000] {processor.py:186} INFO - Started process (PID=395) to work on /home/airflow/.local/lib/python3.12/site-packages/airflow/example_dags/tutorial_dag.py
[2024-11-06T14:03:51.369+0000] {processor.py:914} INFO - Processing file /home/airflow/.local/lib/python3.12/site-packages/airflow/example_dags/tutorial_dag.py for tasks to queue
[2024-11-06T14:03:51.373+0000] {logging_mixin.py:190} INFO - [2024-11-06T14:03:51.372+0000] {dagbag.py:587} INFO - Filling up the DagBag from /home/airflow/.local/lib/python3.12/site-packages/airflow/example_dags/tutorial_dag.py
[2024-11-06T14:03:51.382+0000] {processor.py:925} INFO - DAG(s) 'tutorial_dag' retrieved from /home/airflow/.local/lib/python3.12/site-packages/airflow/example_dags/tutorial_dag.py
[2024-11-06T14:03:51.413+0000] {logging_mixin.py:190} INFO - [2024-11-06T14:03:51.412+0000] {dag.py:3229} INFO - Sync 1 DAGs
[2024-11-06T14:03:51.435+0000] {logging_mixin.py:190} INFO - [2024-11-06T14:03:51.435+0000] {dag.py:4156} INFO - Setting next_dagrun for tutorial_dag to None, run_after=None
[2024-11-06T14:03:51.465+0000] {processor.py:208} INFO - Processing /home/airflow/.local/lib/python3.12/site-packages/airflow/example_dags/tutorial_dag.py took 0.106 seconds
