[2024-09-21T08:10:02.463+0000] {local_task_job_runner.py:123} INFO - ::group::Pre task execution logs
[2024-09-21T08:10:02.487+0000] {taskinstance.py:2612} INFO - Dependencies all met for dep_context=non-requeueable deps ti=<TaskInstance: Read_data_and_move_data.Read_dataset_files scheduled__2024-09-21T08:00:00+00:00 [queued]>
[2024-09-21T08:10:02.500+0000] {taskinstance.py:2612} INFO - Dependencies all met for dep_context=requeueable deps ti=<TaskInstance: Read_data_and_move_data.Read_dataset_files scheduled__2024-09-21T08:00:00+00:00 [queued]>
[2024-09-21T08:10:02.502+0000] {taskinstance.py:2865} INFO - Starting attempt 1 of 1
[2024-09-21T08:10:02.524+0000] {taskinstance.py:2888} INFO - Executing <Task(PythonOperator): Read_dataset_files> on 2024-09-21 08:00:00+00:00
[2024-09-21T08:10:02.534+0000] {warnings.py:112} WARNING - /home/***/.local/lib/python3.12/site-packages/***/task/task_runner/standard_task_runner.py:70: DeprecationWarning: This process (pid=247) is multi-threaded, use of fork() may lead to deadlocks in the child.
  pid = os.fork()

[2024-09-21T08:10:02.536+0000] {standard_task_runner.py:72} INFO - Started process 251 to run task
[2024-09-21T08:10:02.537+0000] {standard_task_runner.py:104} INFO - Running: ['***', 'tasks', 'run', 'Read_data_and_move_data', 'Read_dataset_files', 'scheduled__2024-09-21T08:00:00+00:00', '--job-id', '128', '--raw', '--subdir', 'DAGS_FOLDER/data_ingestion.py', '--cfg-path', '/tmp/tmp48kxelzt']
[2024-09-21T08:10:02.539+0000] {standard_task_runner.py:105} INFO - Job 128: Subtask Read_dataset_files
[2024-09-21T08:10:02.610+0000] {task_command.py:467} INFO - Running <TaskInstance: Read_data_and_move_data.Read_dataset_files scheduled__2024-09-21T08:00:00+00:00 [running]> on host f1690ee498f7
[2024-09-21T08:10:02.732+0000] {taskinstance.py:3131} INFO - Exporting env vars: AIRFLOW_CTX_DAG_OWNER='***' AIRFLOW_CTX_DAG_ID='Read_data_and_move_data' AIRFLOW_CTX_TASK_ID='Read_dataset_files' AIRFLOW_CTX_EXECUTION_DATE='2024-09-21T08:00:00+00:00' AIRFLOW_CTX_TRY_NUMBER='1' AIRFLOW_CTX_DAG_RUN_ID='scheduled__2024-09-21T08:00:00+00:00'
[2024-09-21T08:10:02.734+0000] {logging_mixin.py:190} INFO - Task instance is in running state
[2024-09-21T08:10:02.735+0000] {logging_mixin.py:190} INFO -  Previous state of the Task instance: queued
[2024-09-21T08:10:02.736+0000] {logging_mixin.py:190} INFO - Current task name:Read_dataset_files state:running start_date:2024-09-21 08:10:02.488753+00:00
[2024-09-21T08:10:02.737+0000] {logging_mixin.py:190} INFO - Dag name:Read_data_and_move_data and current dag run status:running
[2024-09-21T08:10:02.738+0000] {taskinstance.py:731} INFO - ::endgroup::
[2024-09-21T08:10:02.802+0000] {python.py:240} INFO - Done. Returned value was:      Age Sex ChestPainType  RestingBP  ...  MaxHR  ExerciseAngina Oldpeak  ST_Slope
0     40   M           ATA        140  ...    172               N     0.0        Up
1     49   F           NAP        160  ...    156               N     1.0      Flat
2     37   M           ATA        130  ...     98               N     0.0        Up
3     48   F           ASY        138  ...    108               Y     1.5      Flat
4     54   M           NAP        150  ...    122               N     0.0        Up
..   ...  ..           ...        ...  ...    ...             ...     ...       ...
913   45   M            TA        110  ...    132               N     1.2      Flat
914   68   M           ASY        144  ...    141               N     3.4      Flat
915   57   M           ASY        130  ...    115               Y     1.2      Flat
916   57   F           ATA        130  ...    174               N     0.0      Flat
917   38   M           NAP        138  ...    173               N     0.0        Up

[918 rows x 11 columns]
[2024-09-21T08:10:02.976+0000] {taskinstance.py:340} INFO - ::group::Post task execution logs
[2024-09-21T08:10:02.977+0000] {taskinstance.py:352} INFO - Marking task as SUCCESS. dag_id=Read_data_and_move_data, task_id=Read_dataset_files, run_id=scheduled__2024-09-21T08:00:00+00:00, execution_date=20240921T080000, start_date=20240921T081002, end_date=20240921T081002
[2024-09-21T08:10:02.991+0000] {logging_mixin.py:190} INFO - Task instance in success state
[2024-09-21T08:10:02.992+0000] {logging_mixin.py:190} INFO -  Previous state of the Task instance: running
[2024-09-21T08:10:02.993+0000] {logging_mixin.py:190} INFO - Dag name:Read_data_and_move_data queued_at:2024-09-21 08:10:00.144118+00:00
[2024-09-21T08:10:02.994+0000] {logging_mixin.py:190} INFO - Task hostname:f1690ee498f7 operator:PythonOperator
[2024-09-21T08:10:03.035+0000] {local_task_job_runner.py:266} INFO - Task exited with return code 0
[2024-09-21T08:10:03.065+0000] {taskinstance.py:3900} INFO - 1 downstream tasks scheduled from follow-on schedule check
[2024-09-21T08:10:03.068+0000] {local_task_job_runner.py:245} INFO - ::endgroup::
