[2024-09-18T12:38:13.315+0000] {processor.py:186} INFO - Started process (PID=1225) to work on /opt/airflow/dags/data_ingestion.py
[2024-09-18T12:38:13.317+0000] {processor.py:914} INFO - Processing file /opt/airflow/dags/data_ingestion.py for tasks to queue
[2024-09-18T12:38:13.321+0000] {logging_mixin.py:190} INFO - [2024-09-18T12:38:13.321+0000] {dagbag.py:587} INFO - Filling up the DagBag from /opt/airflow/dags/data_ingestion.py
[2024-09-18T12:38:13.428+0000] {processor.py:925} INFO - DAG(s) 'Read_data_and_move_data' retrieved from /opt/airflow/dags/data_ingestion.py
[2024-09-18T12:38:13.714+0000] {logging_mixin.py:190} INFO - [2024-09-18T12:38:13.712+0000] {override.py:1900} INFO - Created Permission View: can read on DAG:Read_data_and_move_data
[2024-09-18T12:38:13.734+0000] {logging_mixin.py:190} INFO - [2024-09-18T12:38:13.733+0000] {override.py:1900} INFO - Created Permission View: can edit on DAG:Read_data_and_move_data
[2024-09-18T12:38:13.749+0000] {logging_mixin.py:190} INFO - [2024-09-18T12:38:13.749+0000] {override.py:1900} INFO - Created Permission View: can delete on DAG:Read_data_and_move_data
[2024-09-18T12:38:13.766+0000] {logging_mixin.py:190} INFO - [2024-09-18T12:38:13.765+0000] {override.py:1900} INFO - Created Permission View: can read on DAG Run:Read_data_and_move_data
[2024-09-18T12:38:13.782+0000] {logging_mixin.py:190} INFO - [2024-09-18T12:38:13.781+0000] {override.py:1900} INFO - Created Permission View: can create on DAG Run:Read_data_and_move_data
[2024-09-18T12:38:13.801+0000] {logging_mixin.py:190} INFO - [2024-09-18T12:38:13.800+0000] {override.py:1900} INFO - Created Permission View: can delete on DAG Run:Read_data_and_move_data
[2024-09-18T12:38:13.817+0000] {logging_mixin.py:190} INFO - [2024-09-18T12:38:13.817+0000] {override.py:1900} INFO - Created Permission View: menu access on DAG Run:Read_data_and_move_data
[2024-09-18T12:38:13.819+0000] {logging_mixin.py:190} INFO - [2024-09-18T12:38:13.818+0000] {dag.py:3229} INFO - Sync 1 DAGs
[2024-09-18T12:38:13.843+0000] {logging_mixin.py:190} INFO - [2024-09-18T12:38:13.843+0000] {dag.py:3252} INFO - Creating ORM DAG for Read_data_and_move_data
[2024-09-18T12:38:13.867+0000] {logging_mixin.py:190} INFO - [2024-09-18T12:38:13.866+0000] {dag.py:4156} INFO - Setting next_dagrun for Read_data_and_move_data to 2024-09-18 12:20:00+00:00, run_after=2024-09-18 12:30:00+00:00
[2024-09-18T12:38:13.907+0000] {processor.py:208} INFO - Processing /opt/airflow/dags/data_ingestion.py took 0.601 seconds
[2024-09-18T12:38:44.746+0000] {processor.py:186} INFO - Started process (PID=1290) to work on /opt/airflow/dags/data_ingestion.py
[2024-09-18T12:38:44.748+0000] {processor.py:914} INFO - Processing file /opt/airflow/dags/data_ingestion.py for tasks to queue
[2024-09-18T12:38:44.753+0000] {logging_mixin.py:190} INFO - [2024-09-18T12:38:44.752+0000] {dagbag.py:587} INFO - Filling up the DagBag from /opt/airflow/dags/data_ingestion.py
[2024-09-18T12:38:44.786+0000] {processor.py:925} INFO - DAG(s) 'Read_data_and_move_data' retrieved from /opt/airflow/dags/data_ingestion.py
[2024-09-18T12:38:44.823+0000] {logging_mixin.py:190} INFO - [2024-09-18T12:38:44.823+0000] {dag.py:3229} INFO - Sync 1 DAGs
[2024-09-18T12:38:44.872+0000] {logging_mixin.py:190} INFO - [2024-09-18T12:38:44.872+0000] {dag.py:4156} INFO - Setting next_dagrun for Read_data_and_move_data to 2024-09-18 12:20:00+00:00, run_after=2024-09-18 12:30:00+00:00
[2024-09-18T12:38:44.914+0000] {processor.py:208} INFO - Processing /opt/airflow/dags/data_ingestion.py took 0.178 seconds
[2024-09-18T12:39:15.135+0000] {processor.py:186} INFO - Started process (PID=1353) to work on /opt/airflow/dags/data_ingestion.py
[2024-09-18T12:39:15.137+0000] {processor.py:914} INFO - Processing file /opt/airflow/dags/data_ingestion.py for tasks to queue
[2024-09-18T12:39:15.141+0000] {logging_mixin.py:190} INFO - [2024-09-18T12:39:15.141+0000] {dagbag.py:587} INFO - Filling up the DagBag from /opt/airflow/dags/data_ingestion.py
[2024-09-18T12:39:15.183+0000] {processor.py:925} INFO - DAG(s) 'Read_data_and_move_data' retrieved from /opt/airflow/dags/data_ingestion.py
[2024-09-18T12:39:15.218+0000] {logging_mixin.py:190} INFO - [2024-09-18T12:39:15.217+0000] {dag.py:3229} INFO - Sync 1 DAGs
[2024-09-18T12:39:15.267+0000] {logging_mixin.py:190} INFO - [2024-09-18T12:39:15.267+0000] {dag.py:4156} INFO - Setting next_dagrun for Read_data_and_move_data to 2024-09-18 12:20:00+00:00, run_after=2024-09-18 12:30:00+00:00
[2024-09-18T12:39:15.310+0000] {processor.py:208} INFO - Processing /opt/airflow/dags/data_ingestion.py took 0.184 seconds
[2024-09-18T12:39:45.482+0000] {processor.py:186} INFO - Started process (PID=1417) to work on /opt/airflow/dags/data_ingestion.py
[2024-09-18T12:39:45.484+0000] {processor.py:914} INFO - Processing file /opt/airflow/dags/data_ingestion.py for tasks to queue
[2024-09-18T12:39:45.490+0000] {logging_mixin.py:190} INFO - [2024-09-18T12:39:45.489+0000] {dagbag.py:587} INFO - Filling up the DagBag from /opt/airflow/dags/data_ingestion.py
[2024-09-18T12:39:45.526+0000] {processor.py:925} INFO - DAG(s) 'Read_data_and_move_data' retrieved from /opt/airflow/dags/data_ingestion.py
[2024-09-18T12:39:45.555+0000] {logging_mixin.py:190} INFO - [2024-09-18T12:39:45.555+0000] {dag.py:3229} INFO - Sync 1 DAGs
[2024-09-18T12:39:45.596+0000] {logging_mixin.py:190} INFO - [2024-09-18T12:39:45.596+0000] {dag.py:4156} INFO - Setting next_dagrun for Read_data_and_move_data to 2024-09-18 12:20:00+00:00, run_after=2024-09-18 12:30:00+00:00
[2024-09-18T12:39:45.630+0000] {processor.py:208} INFO - Processing /opt/airflow/dags/data_ingestion.py took 0.155 seconds
[2024-09-18T12:40:15.854+0000] {processor.py:186} INFO - Started process (PID=1480) to work on /opt/airflow/dags/data_ingestion.py
[2024-09-18T12:40:15.856+0000] {processor.py:914} INFO - Processing file /opt/airflow/dags/data_ingestion.py for tasks to queue
[2024-09-18T12:40:15.861+0000] {logging_mixin.py:190} INFO - [2024-09-18T12:40:15.860+0000] {dagbag.py:587} INFO - Filling up the DagBag from /opt/airflow/dags/data_ingestion.py
[2024-09-18T12:40:15.902+0000] {processor.py:925} INFO - DAG(s) 'Read_data_and_move_data' retrieved from /opt/airflow/dags/data_ingestion.py
[2024-09-18T12:40:15.936+0000] {logging_mixin.py:190} INFO - [2024-09-18T12:40:15.935+0000] {dag.py:3229} INFO - Sync 1 DAGs
[2024-09-18T12:40:15.978+0000] {logging_mixin.py:190} INFO - [2024-09-18T12:40:15.978+0000] {dag.py:4156} INFO - Setting next_dagrun for Read_data_and_move_data to 2024-09-18 12:30:00+00:00, run_after=2024-09-18 12:40:00+00:00
[2024-09-18T12:40:16.009+0000] {processor.py:208} INFO - Processing /opt/airflow/dags/data_ingestion.py took 0.164 seconds
[2024-09-18T12:40:46.324+0000] {processor.py:186} INFO - Started process (PID=1543) to work on /opt/airflow/dags/data_ingestion.py
[2024-09-18T12:40:46.326+0000] {processor.py:914} INFO - Processing file /opt/airflow/dags/data_ingestion.py for tasks to queue
[2024-09-18T12:40:46.331+0000] {logging_mixin.py:190} INFO - [2024-09-18T12:40:46.330+0000] {dagbag.py:587} INFO - Filling up the DagBag from /opt/airflow/dags/data_ingestion.py
[2024-09-18T12:40:46.368+0000] {processor.py:925} INFO - DAG(s) 'Read_data_and_move_data' retrieved from /opt/airflow/dags/data_ingestion.py
[2024-09-18T12:40:46.400+0000] {logging_mixin.py:190} INFO - [2024-09-18T12:40:46.399+0000] {dag.py:3229} INFO - Sync 1 DAGs
[2024-09-18T12:40:46.441+0000] {logging_mixin.py:190} INFO - [2024-09-18T12:40:46.441+0000] {dag.py:4156} INFO - Setting next_dagrun for Read_data_and_move_data to 2024-09-18 12:30:00+00:00, run_after=2024-09-18 12:40:00+00:00
[2024-09-18T12:40:46.478+0000] {processor.py:208} INFO - Processing /opt/airflow/dags/data_ingestion.py took 0.162 seconds
[2024-09-18T12:41:16.917+0000] {processor.py:186} INFO - Started process (PID=1606) to work on /opt/airflow/dags/data_ingestion.py
[2024-09-18T12:41:16.919+0000] {processor.py:914} INFO - Processing file /opt/airflow/dags/data_ingestion.py for tasks to queue
[2024-09-18T12:41:16.925+0000] {logging_mixin.py:190} INFO - [2024-09-18T12:41:16.925+0000] {dagbag.py:587} INFO - Filling up the DagBag from /opt/airflow/dags/data_ingestion.py
[2024-09-18T12:41:16.976+0000] {processor.py:925} INFO - DAG(s) 'Read_data_and_move_data' retrieved from /opt/airflow/dags/data_ingestion.py
[2024-09-18T12:41:17.011+0000] {logging_mixin.py:190} INFO - [2024-09-18T12:41:17.011+0000] {dag.py:3229} INFO - Sync 1 DAGs
[2024-09-18T12:41:17.054+0000] {logging_mixin.py:190} INFO - [2024-09-18T12:41:17.054+0000] {dag.py:4156} INFO - Setting next_dagrun for Read_data_and_move_data to 2024-09-18 12:30:00+00:00, run_after=2024-09-18 12:40:00+00:00
[2024-09-18T12:41:17.092+0000] {processor.py:208} INFO - Processing /opt/airflow/dags/data_ingestion.py took 0.188 seconds
[2024-09-18T12:41:47.177+0000] {processor.py:186} INFO - Started process (PID=1669) to work on /opt/airflow/dags/data_ingestion.py
[2024-09-18T12:41:47.180+0000] {processor.py:914} INFO - Processing file /opt/airflow/dags/data_ingestion.py for tasks to queue
[2024-09-18T12:41:47.184+0000] {logging_mixin.py:190} INFO - [2024-09-18T12:41:47.183+0000] {dagbag.py:587} INFO - Filling up the DagBag from /opt/airflow/dags/data_ingestion.py
[2024-09-18T12:41:47.213+0000] {processor.py:925} INFO - DAG(s) 'Read_data_and_move_data' retrieved from /opt/airflow/dags/data_ingestion.py
[2024-09-18T12:41:47.243+0000] {logging_mixin.py:190} INFO - [2024-09-18T12:41:47.243+0000] {dag.py:3229} INFO - Sync 1 DAGs
[2024-09-18T12:41:47.281+0000] {logging_mixin.py:190} INFO - [2024-09-18T12:41:47.280+0000] {dag.py:4156} INFO - Setting next_dagrun for Read_data_and_move_data to 2024-09-18 12:30:00+00:00, run_after=2024-09-18 12:40:00+00:00
[2024-09-18T12:41:47.311+0000] {processor.py:208} INFO - Processing /opt/airflow/dags/data_ingestion.py took 0.146 seconds
[2024-09-18T12:42:17.530+0000] {processor.py:186} INFO - Started process (PID=1732) to work on /opt/airflow/dags/data_ingestion.py
[2024-09-18T12:42:17.531+0000] {processor.py:914} INFO - Processing file /opt/airflow/dags/data_ingestion.py for tasks to queue
[2024-09-18T12:42:17.534+0000] {logging_mixin.py:190} INFO - [2024-09-18T12:42:17.534+0000] {dagbag.py:587} INFO - Filling up the DagBag from /opt/airflow/dags/data_ingestion.py
[2024-09-18T12:42:17.562+0000] {processor.py:925} INFO - DAG(s) 'Read_data_and_move_data' retrieved from /opt/airflow/dags/data_ingestion.py
[2024-09-18T12:42:17.587+0000] {logging_mixin.py:190} INFO - [2024-09-18T12:42:17.587+0000] {dag.py:3229} INFO - Sync 1 DAGs
[2024-09-18T12:42:17.617+0000] {logging_mixin.py:190} INFO - [2024-09-18T12:42:17.616+0000] {dag.py:4156} INFO - Setting next_dagrun for Read_data_and_move_data to 2024-09-18 12:30:00+00:00, run_after=2024-09-18 12:40:00+00:00
[2024-09-18T12:42:17.641+0000] {processor.py:208} INFO - Processing /opt/airflow/dags/data_ingestion.py took 0.116 seconds
[2024-09-18T12:42:47.766+0000] {processor.py:186} INFO - Started process (PID=1796) to work on /opt/airflow/dags/data_ingestion.py
[2024-09-18T12:42:47.768+0000] {processor.py:914} INFO - Processing file /opt/airflow/dags/data_ingestion.py for tasks to queue
[2024-09-18T12:42:47.770+0000] {logging_mixin.py:190} INFO - [2024-09-18T12:42:47.770+0000] {dagbag.py:587} INFO - Filling up the DagBag from /opt/airflow/dags/data_ingestion.py
[2024-09-18T12:42:47.791+0000] {processor.py:925} INFO - DAG(s) 'Read_data_and_move_data' retrieved from /opt/airflow/dags/data_ingestion.py
[2024-09-18T12:42:47.812+0000] {logging_mixin.py:190} INFO - [2024-09-18T12:42:47.812+0000] {dag.py:3229} INFO - Sync 1 DAGs
[2024-09-18T12:42:47.842+0000] {logging_mixin.py:190} INFO - [2024-09-18T12:42:47.841+0000] {dag.py:4156} INFO - Setting next_dagrun for Read_data_and_move_data to 2024-09-18 12:30:00+00:00, run_after=2024-09-18 12:40:00+00:00
[2024-09-18T12:42:47.870+0000] {processor.py:208} INFO - Processing /opt/airflow/dags/data_ingestion.py took 0.109 seconds
[2024-09-18T12:43:18.533+0000] {processor.py:186} INFO - Started process (PID=1859) to work on /opt/airflow/dags/data_ingestion.py
[2024-09-18T12:43:18.535+0000] {processor.py:914} INFO - Processing file /opt/airflow/dags/data_ingestion.py for tasks to queue
[2024-09-18T12:43:18.543+0000] {logging_mixin.py:190} INFO - [2024-09-18T12:43:18.543+0000] {dagbag.py:587} INFO - Filling up the DagBag from /opt/airflow/dags/data_ingestion.py
[2024-09-18T12:43:18.573+0000] {processor.py:925} INFO - DAG(s) 'Read_data_and_move_data' retrieved from /opt/airflow/dags/data_ingestion.py
[2024-09-18T12:43:18.603+0000] {logging_mixin.py:190} INFO - [2024-09-18T12:43:18.603+0000] {dag.py:3229} INFO - Sync 1 DAGs
[2024-09-18T12:43:18.643+0000] {logging_mixin.py:190} INFO - [2024-09-18T12:43:18.642+0000] {dag.py:4156} INFO - Setting next_dagrun for Read_data_and_move_data to 2024-09-18 12:30:00+00:00, run_after=2024-09-18 12:40:00+00:00
[2024-09-18T12:43:18.672+0000] {processor.py:208} INFO - Processing /opt/airflow/dags/data_ingestion.py took 0.146 seconds
[2024-09-18T12:43:49.325+0000] {processor.py:186} INFO - Started process (PID=1922) to work on /opt/airflow/dags/data_ingestion.py
[2024-09-18T12:43:49.327+0000] {processor.py:914} INFO - Processing file /opt/airflow/dags/data_ingestion.py for tasks to queue
[2024-09-18T12:43:49.330+0000] {logging_mixin.py:190} INFO - [2024-09-18T12:43:49.329+0000] {dagbag.py:587} INFO - Filling up the DagBag from /opt/airflow/dags/data_ingestion.py
[2024-09-18T12:43:49.361+0000] {processor.py:925} INFO - DAG(s) 'Read_data_and_move_data' retrieved from /opt/airflow/dags/data_ingestion.py
[2024-09-18T12:43:49.391+0000] {logging_mixin.py:190} INFO - [2024-09-18T12:43:49.391+0000] {dag.py:3229} INFO - Sync 1 DAGs
[2024-09-18T12:43:49.435+0000] {logging_mixin.py:190} INFO - [2024-09-18T12:43:49.434+0000] {dag.py:4156} INFO - Setting next_dagrun for Read_data_and_move_data to 2024-09-18 12:30:00+00:00, run_after=2024-09-18 12:40:00+00:00
[2024-09-18T12:43:49.469+0000] {processor.py:208} INFO - Processing /opt/airflow/dags/data_ingestion.py took 0.153 seconds
[2024-09-18T12:44:20.131+0000] {processor.py:186} INFO - Started process (PID=1986) to work on /opt/airflow/dags/data_ingestion.py
[2024-09-18T12:44:20.134+0000] {processor.py:914} INFO - Processing file /opt/airflow/dags/data_ingestion.py for tasks to queue
[2024-09-18T12:44:20.141+0000] {logging_mixin.py:190} INFO - [2024-09-18T12:44:20.140+0000] {dagbag.py:587} INFO - Filling up the DagBag from /opt/airflow/dags/data_ingestion.py
[2024-09-18T12:44:20.197+0000] {processor.py:925} INFO - DAG(s) 'Read_data_and_move_data' retrieved from /opt/airflow/dags/data_ingestion.py
[2024-09-18T12:44:20.229+0000] {logging_mixin.py:190} INFO - [2024-09-18T12:44:20.229+0000] {dag.py:3229} INFO - Sync 1 DAGs
[2024-09-18T12:44:20.280+0000] {logging_mixin.py:190} INFO - [2024-09-18T12:44:20.280+0000] {dag.py:4156} INFO - Setting next_dagrun for Read_data_and_move_data to 2024-09-18 12:30:00+00:00, run_after=2024-09-18 12:40:00+00:00
[2024-09-18T12:44:20.322+0000] {processor.py:208} INFO - Processing /opt/airflow/dags/data_ingestion.py took 0.202 seconds
[2024-09-18T12:44:50.894+0000] {processor.py:186} INFO - Started process (PID=2050) to work on /opt/airflow/dags/data_ingestion.py
[2024-09-18T12:44:50.897+0000] {processor.py:914} INFO - Processing file /opt/airflow/dags/data_ingestion.py for tasks to queue
[2024-09-18T12:44:50.902+0000] {logging_mixin.py:190} INFO - [2024-09-18T12:44:50.901+0000] {dagbag.py:587} INFO - Filling up the DagBag from /opt/airflow/dags/data_ingestion.py
[2024-09-18T12:44:50.956+0000] {processor.py:925} INFO - DAG(s) 'Read_data_and_move_data' retrieved from /opt/airflow/dags/data_ingestion.py
[2024-09-18T12:44:51.012+0000] {logging_mixin.py:190} INFO - [2024-09-18T12:44:51.011+0000] {dag.py:3229} INFO - Sync 1 DAGs
[2024-09-18T12:44:51.076+0000] {logging_mixin.py:190} INFO - [2024-09-18T12:44:51.075+0000] {dag.py:4156} INFO - Setting next_dagrun for Read_data_and_move_data to 2024-09-18 12:30:00+00:00, run_after=2024-09-18 12:40:00+00:00
[2024-09-18T12:44:51.130+0000] {processor.py:208} INFO - Processing /opt/airflow/dags/data_ingestion.py took 0.248 seconds
[2024-09-18T12:45:21.877+0000] {processor.py:186} INFO - Started process (PID=2113) to work on /opt/airflow/dags/data_ingestion.py
[2024-09-18T12:45:21.881+0000] {processor.py:914} INFO - Processing file /opt/airflow/dags/data_ingestion.py for tasks to queue
[2024-09-18T12:45:21.887+0000] {logging_mixin.py:190} INFO - [2024-09-18T12:45:21.887+0000] {dagbag.py:587} INFO - Filling up the DagBag from /opt/airflow/dags/data_ingestion.py
[2024-09-18T12:45:21.940+0000] {processor.py:925} INFO - DAG(s) 'Read_data_and_move_data' retrieved from /opt/airflow/dags/data_ingestion.py
[2024-09-18T12:45:21.972+0000] {logging_mixin.py:190} INFO - [2024-09-18T12:45:21.971+0000] {dag.py:3229} INFO - Sync 1 DAGs
[2024-09-18T12:45:22.016+0000] {logging_mixin.py:190} INFO - [2024-09-18T12:45:22.016+0000] {dag.py:4156} INFO - Setting next_dagrun for Read_data_and_move_data to 2024-09-18 12:30:00+00:00, run_after=2024-09-18 12:40:00+00:00
[2024-09-18T12:45:22.341+0000] {processor.py:208} INFO - Processing /opt/airflow/dags/data_ingestion.py took 0.481 seconds
[2024-09-18T12:45:52.798+0000] {processor.py:186} INFO - Started process (PID=2177) to work on /opt/airflow/dags/data_ingestion.py
[2024-09-18T12:45:52.801+0000] {processor.py:914} INFO - Processing file /opt/airflow/dags/data_ingestion.py for tasks to queue
[2024-09-18T12:45:52.806+0000] {logging_mixin.py:190} INFO - [2024-09-18T12:45:52.805+0000] {dagbag.py:587} INFO - Filling up the DagBag from /opt/airflow/dags/data_ingestion.py
[2024-09-18T12:45:52.864+0000] {processor.py:925} INFO - DAG(s) 'Read_data_and_move_data' retrieved from /opt/airflow/dags/data_ingestion.py
[2024-09-18T12:45:52.907+0000] {logging_mixin.py:190} INFO - [2024-09-18T12:45:52.907+0000] {dag.py:3229} INFO - Sync 1 DAGs
[2024-09-18T12:45:53.302+0000] {logging_mixin.py:190} INFO - [2024-09-18T12:45:53.302+0000] {dag.py:4156} INFO - Setting next_dagrun for Read_data_and_move_data to 2024-09-18 12:30:00+00:00, run_after=2024-09-18 12:40:00+00:00
[2024-09-18T12:45:53.350+0000] {processor.py:208} INFO - Processing /opt/airflow/dags/data_ingestion.py took 0.564 seconds
[2024-09-18T12:46:23.582+0000] {processor.py:186} INFO - Started process (PID=2241) to work on /opt/airflow/dags/data_ingestion.py
[2024-09-18T12:46:23.584+0000] {processor.py:914} INFO - Processing file /opt/airflow/dags/data_ingestion.py for tasks to queue
[2024-09-18T12:46:23.590+0000] {logging_mixin.py:190} INFO - [2024-09-18T12:46:23.589+0000] {dagbag.py:587} INFO - Filling up the DagBag from /opt/airflow/dags/data_ingestion.py
[2024-09-18T12:46:23.634+0000] {processor.py:925} INFO - DAG(s) 'Read_data_and_move_data' retrieved from /opt/airflow/dags/data_ingestion.py
[2024-09-18T12:46:23.666+0000] {logging_mixin.py:190} INFO - [2024-09-18T12:46:23.665+0000] {dag.py:3229} INFO - Sync 1 DAGs
[2024-09-18T12:46:23.996+0000] {logging_mixin.py:190} INFO - [2024-09-18T12:46:23.995+0000] {dag.py:4156} INFO - Setting next_dagrun for Read_data_and_move_data to 2024-09-18 12:30:00+00:00, run_after=2024-09-18 12:40:00+00:00
[2024-09-18T12:46:24.045+0000] {processor.py:208} INFO - Processing /opt/airflow/dags/data_ingestion.py took 0.476 seconds
[2024-09-18T12:46:54.466+0000] {processor.py:186} INFO - Started process (PID=2304) to work on /opt/airflow/dags/data_ingestion.py
[2024-09-18T12:46:54.467+0000] {processor.py:914} INFO - Processing file /opt/airflow/dags/data_ingestion.py for tasks to queue
[2024-09-18T12:46:54.471+0000] {logging_mixin.py:190} INFO - [2024-09-18T12:46:54.470+0000] {dagbag.py:587} INFO - Filling up the DagBag from /opt/airflow/dags/data_ingestion.py
[2024-09-18T12:46:54.502+0000] {processor.py:925} INFO - DAG(s) 'Read_data_and_move_data' retrieved from /opt/airflow/dags/data_ingestion.py
[2024-09-18T12:46:54.530+0000] {logging_mixin.py:190} INFO - [2024-09-18T12:46:54.530+0000] {dag.py:3229} INFO - Sync 1 DAGs
[2024-09-18T12:46:54.573+0000] {logging_mixin.py:190} INFO - [2024-09-18T12:46:54.573+0000] {dag.py:4156} INFO - Setting next_dagrun for Read_data_and_move_data to 2024-09-18 12:30:00+00:00, run_after=2024-09-18 12:40:00+00:00
[2024-09-18T12:46:54.809+0000] {processor.py:208} INFO - Processing /opt/airflow/dags/data_ingestion.py took 0.350 seconds
[2024-09-18T12:47:24.989+0000] {processor.py:186} INFO - Started process (PID=2373) to work on /opt/airflow/dags/data_ingestion.py
[2024-09-18T12:47:24.992+0000] {processor.py:914} INFO - Processing file /opt/airflow/dags/data_ingestion.py for tasks to queue
[2024-09-18T12:47:24.996+0000] {logging_mixin.py:190} INFO - [2024-09-18T12:47:24.995+0000] {dagbag.py:587} INFO - Filling up the DagBag from /opt/airflow/dags/data_ingestion.py
[2024-09-18T12:47:25.029+0000] {processor.py:925} INFO - DAG(s) 'Read_data_and_move_data' retrieved from /opt/airflow/dags/data_ingestion.py
[2024-09-18T12:47:25.063+0000] {logging_mixin.py:190} INFO - [2024-09-18T12:47:25.062+0000] {dag.py:3229} INFO - Sync 1 DAGs
[2024-09-18T12:47:25.112+0000] {logging_mixin.py:190} INFO - [2024-09-18T12:47:25.112+0000] {dag.py:4156} INFO - Setting next_dagrun for Read_data_and_move_data to 2024-09-18 12:30:00+00:00, run_after=2024-09-18 12:40:00+00:00
[2024-09-18T12:47:25.159+0000] {processor.py:208} INFO - Processing /opt/airflow/dags/data_ingestion.py took 0.180 seconds
[2024-09-18T12:47:55.392+0000] {processor.py:186} INFO - Started process (PID=2436) to work on /opt/airflow/dags/data_ingestion.py
[2024-09-18T12:47:55.394+0000] {processor.py:914} INFO - Processing file /opt/airflow/dags/data_ingestion.py for tasks to queue
[2024-09-18T12:47:55.399+0000] {logging_mixin.py:190} INFO - [2024-09-18T12:47:55.398+0000] {dagbag.py:587} INFO - Filling up the DagBag from /opt/airflow/dags/data_ingestion.py
[2024-09-18T12:47:55.435+0000] {processor.py:925} INFO - DAG(s) 'Read_data_and_move_data' retrieved from /opt/airflow/dags/data_ingestion.py
[2024-09-18T12:47:55.473+0000] {logging_mixin.py:190} INFO - [2024-09-18T12:47:55.472+0000] {dag.py:3229} INFO - Sync 1 DAGs
[2024-09-18T12:47:55.513+0000] {logging_mixin.py:190} INFO - [2024-09-18T12:47:55.513+0000] {dag.py:4156} INFO - Setting next_dagrun for Read_data_and_move_data to 2024-09-18 12:30:00+00:00, run_after=2024-09-18 12:40:00+00:00
[2024-09-18T12:47:55.548+0000] {processor.py:208} INFO - Processing /opt/airflow/dags/data_ingestion.py took 0.165 seconds
[2024-09-18T12:48:25.736+0000] {processor.py:186} INFO - Started process (PID=2499) to work on /opt/airflow/dags/data_ingestion.py
[2024-09-18T12:48:25.739+0000] {processor.py:914} INFO - Processing file /opt/airflow/dags/data_ingestion.py for tasks to queue
[2024-09-18T12:48:25.743+0000] {logging_mixin.py:190} INFO - [2024-09-18T12:48:25.743+0000] {dagbag.py:587} INFO - Filling up the DagBag from /opt/airflow/dags/data_ingestion.py
[2024-09-18T12:48:25.778+0000] {processor.py:925} INFO - DAG(s) 'Read_data_and_move_data' retrieved from /opt/airflow/dags/data_ingestion.py
[2024-09-18T12:48:25.811+0000] {logging_mixin.py:190} INFO - [2024-09-18T12:48:25.810+0000] {dag.py:3229} INFO - Sync 1 DAGs
[2024-09-18T12:48:25.854+0000] {logging_mixin.py:190} INFO - [2024-09-18T12:48:25.853+0000] {dag.py:4156} INFO - Setting next_dagrun for Read_data_and_move_data to 2024-09-18 12:30:00+00:00, run_after=2024-09-18 12:40:00+00:00
[2024-09-18T12:48:25.897+0000] {processor.py:208} INFO - Processing /opt/airflow/dags/data_ingestion.py took 0.173 seconds
[2024-09-18T12:48:56.114+0000] {processor.py:186} INFO - Started process (PID=2562) to work on /opt/airflow/dags/data_ingestion.py
[2024-09-18T12:48:56.116+0000] {processor.py:914} INFO - Processing file /opt/airflow/dags/data_ingestion.py for tasks to queue
[2024-09-18T12:48:56.121+0000] {logging_mixin.py:190} INFO - [2024-09-18T12:48:56.120+0000] {dagbag.py:587} INFO - Filling up the DagBag from /opt/airflow/dags/data_ingestion.py
[2024-09-18T12:48:56.150+0000] {processor.py:925} INFO - DAG(s) 'Read_data_and_move_data' retrieved from /opt/airflow/dags/data_ingestion.py
[2024-09-18T12:48:56.179+0000] {logging_mixin.py:190} INFO - [2024-09-18T12:48:56.178+0000] {dag.py:3229} INFO - Sync 1 DAGs
[2024-09-18T12:48:56.216+0000] {logging_mixin.py:190} INFO - [2024-09-18T12:48:56.216+0000] {dag.py:4156} INFO - Setting next_dagrun for Read_data_and_move_data to 2024-09-18 12:30:00+00:00, run_after=2024-09-18 12:40:00+00:00
[2024-09-18T12:48:56.249+0000] {processor.py:208} INFO - Processing /opt/airflow/dags/data_ingestion.py took 0.143 seconds
[2024-09-18T12:49:26.655+0000] {processor.py:186} INFO - Started process (PID=2626) to work on /opt/airflow/dags/data_ingestion.py
[2024-09-18T12:49:26.658+0000] {processor.py:914} INFO - Processing file /opt/airflow/dags/data_ingestion.py for tasks to queue
[2024-09-18T12:49:26.662+0000] {logging_mixin.py:190} INFO - [2024-09-18T12:49:26.662+0000] {dagbag.py:587} INFO - Filling up the DagBag from /opt/airflow/dags/data_ingestion.py
[2024-09-18T12:49:26.710+0000] {processor.py:925} INFO - DAG(s) 'Read_data_and_move_data' retrieved from /opt/airflow/dags/data_ingestion.py
[2024-09-18T12:49:26.756+0000] {logging_mixin.py:190} INFO - [2024-09-18T12:49:26.755+0000] {dag.py:3229} INFO - Sync 1 DAGs
[2024-09-18T12:49:26.804+0000] {logging_mixin.py:190} INFO - [2024-09-18T12:49:26.803+0000] {dag.py:4156} INFO - Setting next_dagrun for Read_data_and_move_data to 2024-09-18 12:30:00+00:00, run_after=2024-09-18 12:40:00+00:00
[2024-09-18T12:49:26.848+0000] {processor.py:208} INFO - Processing /opt/airflow/dags/data_ingestion.py took 0.202 seconds
[2024-09-18T12:49:57.163+0000] {processor.py:186} INFO - Started process (PID=2689) to work on /opt/airflow/dags/data_ingestion.py
[2024-09-18T12:49:57.164+0000] {processor.py:914} INFO - Processing file /opt/airflow/dags/data_ingestion.py for tasks to queue
[2024-09-18T12:49:57.167+0000] {logging_mixin.py:190} INFO - [2024-09-18T12:49:57.166+0000] {dagbag.py:587} INFO - Filling up the DagBag from /opt/airflow/dags/data_ingestion.py
[2024-09-18T12:49:57.191+0000] {processor.py:925} INFO - DAG(s) 'Read_data_and_move_data' retrieved from /opt/airflow/dags/data_ingestion.py
[2024-09-18T12:49:57.219+0000] {logging_mixin.py:190} INFO - [2024-09-18T12:49:57.219+0000] {dag.py:3229} INFO - Sync 1 DAGs
[2024-09-18T12:49:57.248+0000] {logging_mixin.py:190} INFO - [2024-09-18T12:49:57.247+0000] {dag.py:4156} INFO - Setting next_dagrun for Read_data_and_move_data to 2024-09-18 12:30:00+00:00, run_after=2024-09-18 12:40:00+00:00
[2024-09-18T12:49:57.272+0000] {processor.py:208} INFO - Processing /opt/airflow/dags/data_ingestion.py took 0.116 seconds
[2024-09-18T12:50:18.827+0000] {processor.py:186} INFO - Started process (PID=2742) to work on /opt/airflow/dags/data_ingestion.py
[2024-09-18T12:50:18.829+0000] {processor.py:914} INFO - Processing file /opt/airflow/dags/data_ingestion.py for tasks to queue
[2024-09-18T12:50:18.832+0000] {logging_mixin.py:190} INFO - [2024-09-18T12:50:18.832+0000] {dagbag.py:587} INFO - Filling up the DagBag from /opt/airflow/dags/data_ingestion.py
[2024-09-18T12:50:18.873+0000] {processor.py:925} INFO - DAG(s) 'Read_data_and_move_data' retrieved from /opt/airflow/dags/data_ingestion.py
[2024-09-18T12:50:18.902+0000] {logging_mixin.py:190} INFO - [2024-09-18T12:50:18.902+0000] {dag.py:3229} INFO - Sync 1 DAGs
[2024-09-18T12:50:18.946+0000] {logging_mixin.py:190} INFO - [2024-09-18T12:50:18.945+0000] {dag.py:4156} INFO - Setting next_dagrun for Read_data_and_move_data to 2024-09-18 12:40:00+00:00, run_after=2024-09-18 12:50:00+00:00
[2024-09-18T12:50:18.988+0000] {processor.py:208} INFO - Processing /opt/airflow/dags/data_ingestion.py took 0.168 seconds
[2024-09-18T12:50:38.059+0000] {processor.py:186} INFO - Started process (PID=2755) to work on /opt/airflow/dags/data_ingestion.py
[2024-09-18T12:50:38.061+0000] {processor.py:914} INFO - Processing file /opt/airflow/dags/data_ingestion.py for tasks to queue
[2024-09-18T12:50:38.065+0000] {logging_mixin.py:190} INFO - [2024-09-18T12:50:38.064+0000] {dagbag.py:587} INFO - Filling up the DagBag from /opt/airflow/dags/data_ingestion.py
[2024-09-18T12:50:38.116+0000] {processor.py:925} INFO - DAG(s) 'Read_data_and_move_data' retrieved from /opt/airflow/dags/data_ingestion.py
[2024-09-18T12:50:38.144+0000] {logging_mixin.py:190} INFO - [2024-09-18T12:50:38.144+0000] {dag.py:3229} INFO - Sync 1 DAGs
[2024-09-18T12:50:38.183+0000] {logging_mixin.py:190} INFO - [2024-09-18T12:50:38.183+0000] {dag.py:4156} INFO - Setting next_dagrun for Read_data_and_move_data to 2024-09-18 12:40:00+00:00, run_after=2024-09-18 12:50:00+00:00
[2024-09-18T12:50:38.220+0000] {processor.py:208} INFO - Processing /opt/airflow/dags/data_ingestion.py took 0.168 seconds
[2024-09-18T12:51:08.722+0000] {processor.py:186} INFO - Started process (PID=2818) to work on /opt/airflow/dags/data_ingestion.py
[2024-09-18T12:51:08.724+0000] {processor.py:914} INFO - Processing file /opt/airflow/dags/data_ingestion.py for tasks to queue
[2024-09-18T12:51:08.730+0000] {logging_mixin.py:190} INFO - [2024-09-18T12:51:08.728+0000] {dagbag.py:587} INFO - Filling up the DagBag from /opt/airflow/dags/data_ingestion.py
[2024-09-18T12:51:08.760+0000] {processor.py:925} INFO - DAG(s) 'Read_data_and_move_data' retrieved from /opt/airflow/dags/data_ingestion.py
[2024-09-18T12:51:08.797+0000] {logging_mixin.py:190} INFO - [2024-09-18T12:51:08.797+0000] {dag.py:3229} INFO - Sync 1 DAGs
[2024-09-18T12:51:08.840+0000] {logging_mixin.py:190} INFO - [2024-09-18T12:51:08.839+0000] {dag.py:4156} INFO - Setting next_dagrun for Read_data_and_move_data to 2024-09-18 12:40:00+00:00, run_after=2024-09-18 12:50:00+00:00
[2024-09-18T12:51:08.876+0000] {processor.py:208} INFO - Processing /opt/airflow/dags/data_ingestion.py took 0.161 seconds
[2024-09-18T12:51:39.027+0000] {processor.py:186} INFO - Started process (PID=2881) to work on /opt/airflow/dags/data_ingestion.py
[2024-09-18T12:51:39.030+0000] {processor.py:914} INFO - Processing file /opt/airflow/dags/data_ingestion.py for tasks to queue
[2024-09-18T12:51:39.037+0000] {logging_mixin.py:190} INFO - [2024-09-18T12:51:39.036+0000] {dagbag.py:587} INFO - Filling up the DagBag from /opt/airflow/dags/data_ingestion.py
[2024-09-18T12:51:39.082+0000] {processor.py:925} INFO - DAG(s) 'Read_data_and_move_data' retrieved from /opt/airflow/dags/data_ingestion.py
[2024-09-18T12:51:39.123+0000] {logging_mixin.py:190} INFO - [2024-09-18T12:51:39.122+0000] {dag.py:3229} INFO - Sync 1 DAGs
[2024-09-18T12:51:39.183+0000] {logging_mixin.py:190} INFO - [2024-09-18T12:51:39.182+0000] {dag.py:4156} INFO - Setting next_dagrun for Read_data_and_move_data to 2024-09-18 12:50:00+00:00, run_after=2024-09-18 13:00:00+00:00
[2024-09-18T12:51:39.239+0000] {processor.py:208} INFO - Processing /opt/airflow/dags/data_ingestion.py took 0.221 seconds
[2024-09-18T12:52:09.524+0000] {processor.py:186} INFO - Started process (PID=2944) to work on /opt/airflow/dags/data_ingestion.py
[2024-09-18T12:52:09.526+0000] {processor.py:914} INFO - Processing file /opt/airflow/dags/data_ingestion.py for tasks to queue
[2024-09-18T12:52:09.531+0000] {logging_mixin.py:190} INFO - [2024-09-18T12:52:09.531+0000] {dagbag.py:587} INFO - Filling up the DagBag from /opt/airflow/dags/data_ingestion.py
[2024-09-18T12:52:09.565+0000] {processor.py:925} INFO - DAG(s) 'Read_data_and_move_data' retrieved from /opt/airflow/dags/data_ingestion.py
[2024-09-18T12:52:09.598+0000] {logging_mixin.py:190} INFO - [2024-09-18T12:52:09.598+0000] {dag.py:3229} INFO - Sync 1 DAGs
[2024-09-18T12:52:09.640+0000] {logging_mixin.py:190} INFO - [2024-09-18T12:52:09.640+0000] {dag.py:4156} INFO - Setting next_dagrun for Read_data_and_move_data to 2024-09-18 12:50:00+00:00, run_after=2024-09-18 13:00:00+00:00
[2024-09-18T12:52:09.676+0000] {processor.py:208} INFO - Processing /opt/airflow/dags/data_ingestion.py took 0.160 seconds
[2024-09-18T12:52:49.225+0000] {processor.py:186} INFO - Started process (PID=3006) to work on /opt/airflow/dags/data_ingestion.py
[2024-09-18T12:52:49.228+0000] {processor.py:914} INFO - Processing file /opt/airflow/dags/data_ingestion.py for tasks to queue
[2024-09-18T12:52:49.235+0000] {logging_mixin.py:190} INFO - [2024-09-18T12:52:49.234+0000] {dagbag.py:587} INFO - Filling up the DagBag from /opt/airflow/dags/data_ingestion.py
[2024-09-18T12:52:49.295+0000] {processor.py:925} INFO - DAG(s) 'Read_data_and_move_data' retrieved from /opt/airflow/dags/data_ingestion.py
[2024-09-18T12:52:49.383+0000] {logging_mixin.py:190} INFO - [2024-09-18T12:52:49.383+0000] {dag.py:3229} INFO - Sync 1 DAGs
[2024-09-18T12:52:49.431+0000] {logging_mixin.py:190} INFO - [2024-09-18T12:52:49.431+0000] {dag.py:4156} INFO - Setting next_dagrun for Read_data_and_move_data to 2024-09-18 12:50:00+00:00, run_after=2024-09-18 13:00:00+00:00
[2024-09-18T12:52:49.468+0000] {processor.py:208} INFO - Processing /opt/airflow/dags/data_ingestion.py took 0.257 seconds
[2024-09-18T12:53:19.597+0000] {processor.py:186} INFO - Started process (PID=3067) to work on /opt/airflow/dags/data_ingestion.py
[2024-09-18T12:53:19.599+0000] {processor.py:914} INFO - Processing file /opt/airflow/dags/data_ingestion.py for tasks to queue
[2024-09-18T12:53:19.604+0000] {logging_mixin.py:190} INFO - [2024-09-18T12:53:19.603+0000] {dagbag.py:587} INFO - Filling up the DagBag from /opt/airflow/dags/data_ingestion.py
[2024-09-18T12:53:19.637+0000] {processor.py:925} INFO - DAG(s) 'Read_data_and_move_data' retrieved from /opt/airflow/dags/data_ingestion.py
[2024-09-18T12:53:19.673+0000] {logging_mixin.py:190} INFO - [2024-09-18T12:53:19.672+0000] {dag.py:3229} INFO - Sync 1 DAGs
[2024-09-18T12:53:19.719+0000] {logging_mixin.py:190} INFO - [2024-09-18T12:53:19.718+0000] {dag.py:4156} INFO - Setting next_dagrun for Read_data_and_move_data to 2024-09-18 12:50:00+00:00, run_after=2024-09-18 13:00:00+00:00
[2024-09-18T12:53:19.761+0000] {processor.py:208} INFO - Processing /opt/airflow/dags/data_ingestion.py took 0.175 seconds
[2024-09-18T12:53:49.887+0000] {processor.py:186} INFO - Started process (PID=3130) to work on /opt/airflow/dags/data_ingestion.py
[2024-09-18T12:53:49.893+0000] {processor.py:914} INFO - Processing file /opt/airflow/dags/data_ingestion.py for tasks to queue
[2024-09-18T12:53:49.897+0000] {logging_mixin.py:190} INFO - [2024-09-18T12:53:49.896+0000] {dagbag.py:587} INFO - Filling up the DagBag from /opt/airflow/dags/data_ingestion.py
[2024-09-18T12:53:49.934+0000] {processor.py:925} INFO - DAG(s) 'Read_data_and_move_data' retrieved from /opt/airflow/dags/data_ingestion.py
[2024-09-18T12:53:49.969+0000] {logging_mixin.py:190} INFO - [2024-09-18T12:53:49.968+0000] {dag.py:3229} INFO - Sync 1 DAGs
[2024-09-18T12:53:50.014+0000] {logging_mixin.py:190} INFO - [2024-09-18T12:53:50.013+0000] {dag.py:4156} INFO - Setting next_dagrun for Read_data_and_move_data to 2024-09-18 12:50:00+00:00, run_after=2024-09-18 13:00:00+00:00
[2024-09-18T12:53:50.052+0000] {processor.py:208} INFO - Processing /opt/airflow/dags/data_ingestion.py took 0.174 seconds
[2024-09-18T12:54:38.907+0000] {processor.py:186} INFO - Started process (PID=3161) to work on /opt/airflow/dags/data_ingestion.py
[2024-09-18T12:54:38.909+0000] {processor.py:914} INFO - Processing file /opt/airflow/dags/data_ingestion.py for tasks to queue
[2024-09-18T12:54:38.913+0000] {logging_mixin.py:190} INFO - [2024-09-18T12:54:38.912+0000] {dagbag.py:587} INFO - Filling up the DagBag from /opt/airflow/dags/data_ingestion.py
[2024-09-18T12:54:38.988+0000] {processor.py:925} INFO - DAG(s) 'Read_data_and_move_data' retrieved from /opt/airflow/dags/data_ingestion.py
[2024-09-18T12:54:39.022+0000] {logging_mixin.py:190} INFO - [2024-09-18T12:54:39.022+0000] {dag.py:3229} INFO - Sync 1 DAGs
[2024-09-18T12:54:39.094+0000] {logging_mixin.py:190} INFO - [2024-09-18T12:54:39.087+0000] {dag.py:4156} INFO - Setting next_dagrun for Read_data_and_move_data to 2024-09-18 12:50:00+00:00, run_after=2024-09-18 13:00:00+00:00
[2024-09-18T12:54:39.135+0000] {processor.py:208} INFO - Processing /opt/airflow/dags/data_ingestion.py took 0.237 seconds
[2024-09-18T12:55:09.357+0000] {processor.py:186} INFO - Started process (PID=3225) to work on /opt/airflow/dags/data_ingestion.py
[2024-09-18T12:55:09.360+0000] {processor.py:914} INFO - Processing file /opt/airflow/dags/data_ingestion.py for tasks to queue
[2024-09-18T12:55:09.365+0000] {logging_mixin.py:190} INFO - [2024-09-18T12:55:09.364+0000] {dagbag.py:587} INFO - Filling up the DagBag from /opt/airflow/dags/data_ingestion.py
[2024-09-18T12:55:09.402+0000] {processor.py:925} INFO - DAG(s) 'Read_data_and_move_data' retrieved from /opt/airflow/dags/data_ingestion.py
[2024-09-18T12:55:09.438+0000] {logging_mixin.py:190} INFO - [2024-09-18T12:55:09.438+0000] {dag.py:3229} INFO - Sync 1 DAGs
[2024-09-18T12:55:09.484+0000] {logging_mixin.py:190} INFO - [2024-09-18T12:55:09.484+0000] {dag.py:4156} INFO - Setting next_dagrun for Read_data_and_move_data to 2024-09-18 12:50:00+00:00, run_after=2024-09-18 13:00:00+00:00
[2024-09-18T12:55:09.524+0000] {processor.py:208} INFO - Processing /opt/airflow/dags/data_ingestion.py took 0.184 seconds
[2024-09-18T12:55:39.653+0000] {processor.py:186} INFO - Started process (PID=3288) to work on /opt/airflow/dags/data_ingestion.py
[2024-09-18T12:55:39.655+0000] {processor.py:914} INFO - Processing file /opt/airflow/dags/data_ingestion.py for tasks to queue
[2024-09-18T12:55:39.662+0000] {logging_mixin.py:190} INFO - [2024-09-18T12:55:39.661+0000] {dagbag.py:587} INFO - Filling up the DagBag from /opt/airflow/dags/data_ingestion.py
[2024-09-18T12:55:39.701+0000] {processor.py:925} INFO - DAG(s) 'Read_data_and_move_data' retrieved from /opt/airflow/dags/data_ingestion.py
[2024-09-18T12:55:39.733+0000] {logging_mixin.py:190} INFO - [2024-09-18T12:55:39.732+0000] {dag.py:3229} INFO - Sync 1 DAGs
[2024-09-18T12:55:39.780+0000] {logging_mixin.py:190} INFO - [2024-09-18T12:55:39.780+0000] {dag.py:4156} INFO - Setting next_dagrun for Read_data_and_move_data to 2024-09-18 12:50:00+00:00, run_after=2024-09-18 13:00:00+00:00
[2024-09-18T12:55:39.819+0000] {processor.py:208} INFO - Processing /opt/airflow/dags/data_ingestion.py took 0.179 seconds
[2024-09-18T12:56:10.781+0000] {processor.py:186} INFO - Started process (PID=3352) to work on /opt/airflow/dags/data_ingestion.py
[2024-09-18T12:56:10.784+0000] {processor.py:914} INFO - Processing file /opt/airflow/dags/data_ingestion.py for tasks to queue
[2024-09-18T12:56:10.789+0000] {logging_mixin.py:190} INFO - [2024-09-18T12:56:10.788+0000] {dagbag.py:587} INFO - Filling up the DagBag from /opt/airflow/dags/data_ingestion.py
[2024-09-18T12:56:10.835+0000] {processor.py:925} INFO - DAG(s) 'Read_data_and_move_data' retrieved from /opt/airflow/dags/data_ingestion.py
[2024-09-18T12:56:10.880+0000] {logging_mixin.py:190} INFO - [2024-09-18T12:56:10.880+0000] {dag.py:3229} INFO - Sync 1 DAGs
[2024-09-18T12:56:10.945+0000] {logging_mixin.py:190} INFO - [2024-09-18T12:56:10.945+0000] {dag.py:4156} INFO - Setting next_dagrun for Read_data_and_move_data to 2024-09-18 12:50:00+00:00, run_after=2024-09-18 13:00:00+00:00
[2024-09-18T12:56:10.992+0000] {processor.py:208} INFO - Processing /opt/airflow/dags/data_ingestion.py took 0.223 seconds
[2024-09-18T12:56:41.556+0000] {processor.py:186} INFO - Started process (PID=3415) to work on /opt/airflow/dags/data_ingestion.py
[2024-09-18T12:56:41.560+0000] {processor.py:914} INFO - Processing file /opt/airflow/dags/data_ingestion.py for tasks to queue
[2024-09-18T12:56:41.567+0000] {logging_mixin.py:190} INFO - [2024-09-18T12:56:41.564+0000] {dagbag.py:587} INFO - Filling up the DagBag from /opt/airflow/dags/data_ingestion.py
[2024-09-18T12:56:41.619+0000] {processor.py:925} INFO - DAG(s) 'Read_data_and_move_data' retrieved from /opt/airflow/dags/data_ingestion.py
[2024-09-18T12:56:41.671+0000] {logging_mixin.py:190} INFO - [2024-09-18T12:56:41.670+0000] {dag.py:3229} INFO - Sync 1 DAGs
[2024-09-18T12:56:41.719+0000] {logging_mixin.py:190} INFO - [2024-09-18T12:56:41.718+0000] {dag.py:4156} INFO - Setting next_dagrun for Read_data_and_move_data to 2024-09-18 12:50:00+00:00, run_after=2024-09-18 13:00:00+00:00
[2024-09-18T12:56:41.754+0000] {processor.py:208} INFO - Processing /opt/airflow/dags/data_ingestion.py took 0.213 seconds
[2024-09-18T12:57:12.439+0000] {processor.py:186} INFO - Started process (PID=3478) to work on /opt/airflow/dags/data_ingestion.py
[2024-09-18T12:57:12.443+0000] {processor.py:914} INFO - Processing file /opt/airflow/dags/data_ingestion.py for tasks to queue
[2024-09-18T12:57:12.450+0000] {logging_mixin.py:190} INFO - [2024-09-18T12:57:12.448+0000] {dagbag.py:587} INFO - Filling up the DagBag from /opt/airflow/dags/data_ingestion.py
[2024-09-18T12:57:12.789+0000] {processor.py:925} INFO - DAG(s) 'Read_data_and_move_data' retrieved from /opt/airflow/dags/data_ingestion.py
[2024-09-18T12:57:12.847+0000] {logging_mixin.py:190} INFO - [2024-09-18T12:57:12.846+0000] {dag.py:3229} INFO - Sync 1 DAGs
[2024-09-18T12:57:12.907+0000] {logging_mixin.py:190} INFO - [2024-09-18T12:57:12.906+0000] {dag.py:4156} INFO - Setting next_dagrun for Read_data_and_move_data to 2024-09-18 12:50:00+00:00, run_after=2024-09-18 13:00:00+00:00
[2024-09-18T12:57:12.965+0000] {processor.py:208} INFO - Processing /opt/airflow/dags/data_ingestion.py took 0.542 seconds
[2024-09-18T12:57:43.419+0000] {processor.py:186} INFO - Started process (PID=3541) to work on /opt/airflow/dags/data_ingestion.py
[2024-09-18T12:57:43.422+0000] {processor.py:914} INFO - Processing file /opt/airflow/dags/data_ingestion.py for tasks to queue
[2024-09-18T12:57:43.430+0000] {logging_mixin.py:190} INFO - [2024-09-18T12:57:43.429+0000] {dagbag.py:587} INFO - Filling up the DagBag from /opt/airflow/dags/data_ingestion.py
[2024-09-18T12:57:43.490+0000] {processor.py:925} INFO - DAG(s) 'Read_data_and_move_data' retrieved from /opt/airflow/dags/data_ingestion.py
[2024-09-18T12:57:43.540+0000] {logging_mixin.py:190} INFO - [2024-09-18T12:57:43.539+0000] {dag.py:3229} INFO - Sync 1 DAGs
[2024-09-18T12:57:43.597+0000] {logging_mixin.py:190} INFO - [2024-09-18T12:57:43.596+0000] {dag.py:4156} INFO - Setting next_dagrun for Read_data_and_move_data to 2024-09-18 12:50:00+00:00, run_after=2024-09-18 13:00:00+00:00
[2024-09-18T12:57:43.642+0000] {processor.py:208} INFO - Processing /opt/airflow/dags/data_ingestion.py took 0.238 seconds
[2024-09-18T12:58:13.851+0000] {processor.py:186} INFO - Started process (PID=3604) to work on /opt/airflow/dags/data_ingestion.py
[2024-09-18T12:58:13.853+0000] {processor.py:914} INFO - Processing file /opt/airflow/dags/data_ingestion.py for tasks to queue
[2024-09-18T12:58:13.858+0000] {logging_mixin.py:190} INFO - [2024-09-18T12:58:13.857+0000] {dagbag.py:587} INFO - Filling up the DagBag from /opt/airflow/dags/data_ingestion.py
[2024-09-18T12:58:13.898+0000] {processor.py:925} INFO - DAG(s) 'Read_data_and_move_data' retrieved from /opt/airflow/dags/data_ingestion.py
[2024-09-18T12:58:13.934+0000] {logging_mixin.py:190} INFO - [2024-09-18T12:58:13.933+0000] {dag.py:3229} INFO - Sync 1 DAGs
[2024-09-18T12:58:13.975+0000] {logging_mixin.py:190} INFO - [2024-09-18T12:58:13.975+0000] {dag.py:4156} INFO - Setting next_dagrun for Read_data_and_move_data to 2024-09-18 12:50:00+00:00, run_after=2024-09-18 13:00:00+00:00
[2024-09-18T12:58:14.012+0000] {processor.py:208} INFO - Processing /opt/airflow/dags/data_ingestion.py took 0.171 seconds
[2024-09-18T12:58:44.328+0000] {processor.py:186} INFO - Started process (PID=3668) to work on /opt/airflow/dags/data_ingestion.py
[2024-09-18T12:58:44.330+0000] {processor.py:914} INFO - Processing file /opt/airflow/dags/data_ingestion.py for tasks to queue
[2024-09-18T12:58:44.336+0000] {logging_mixin.py:190} INFO - [2024-09-18T12:58:44.335+0000] {dagbag.py:587} INFO - Filling up the DagBag from /opt/airflow/dags/data_ingestion.py
[2024-09-18T12:58:44.373+0000] {processor.py:925} INFO - DAG(s) 'Read_data_and_move_data' retrieved from /opt/airflow/dags/data_ingestion.py
[2024-09-18T12:58:44.407+0000] {logging_mixin.py:190} INFO - [2024-09-18T12:58:44.406+0000] {dag.py:3229} INFO - Sync 1 DAGs
[2024-09-18T12:58:44.468+0000] {logging_mixin.py:190} INFO - [2024-09-18T12:58:44.467+0000] {dag.py:4156} INFO - Setting next_dagrun for Read_data_and_move_data to 2024-09-18 12:50:00+00:00, run_after=2024-09-18 13:00:00+00:00
[2024-09-18T12:58:44.513+0000] {processor.py:208} INFO - Processing /opt/airflow/dags/data_ingestion.py took 0.194 seconds
[2024-09-18T12:59:15.372+0000] {processor.py:186} INFO - Started process (PID=3731) to work on /opt/airflow/dags/data_ingestion.py
[2024-09-18T12:59:15.374+0000] {processor.py:914} INFO - Processing file /opt/airflow/dags/data_ingestion.py for tasks to queue
[2024-09-18T12:59:15.379+0000] {logging_mixin.py:190} INFO - [2024-09-18T12:59:15.378+0000] {dagbag.py:587} INFO - Filling up the DagBag from /opt/airflow/dags/data_ingestion.py
[2024-09-18T12:59:15.420+0000] {processor.py:925} INFO - DAG(s) 'Read_data_and_move_data' retrieved from /opt/airflow/dags/data_ingestion.py
[2024-09-18T12:59:15.454+0000] {logging_mixin.py:190} INFO - [2024-09-18T12:59:15.453+0000] {dag.py:3229} INFO - Sync 1 DAGs
[2024-09-18T12:59:15.497+0000] {logging_mixin.py:190} INFO - [2024-09-18T12:59:15.497+0000] {dag.py:4156} INFO - Setting next_dagrun for Read_data_and_move_data to 2024-09-18 12:50:00+00:00, run_after=2024-09-18 13:00:00+00:00
[2024-09-18T12:59:15.533+0000] {processor.py:208} INFO - Processing /opt/airflow/dags/data_ingestion.py took 0.186 seconds
[2024-09-18T12:59:46.235+0000] {processor.py:186} INFO - Started process (PID=3794) to work on /opt/airflow/dags/data_ingestion.py
[2024-09-18T12:59:46.240+0000] {processor.py:914} INFO - Processing file /opt/airflow/dags/data_ingestion.py for tasks to queue
[2024-09-18T12:59:46.248+0000] {logging_mixin.py:190} INFO - [2024-09-18T12:59:46.245+0000] {dagbag.py:587} INFO - Filling up the DagBag from /opt/airflow/dags/data_ingestion.py
[2024-09-18T12:59:46.288+0000] {processor.py:925} INFO - DAG(s) 'Read_data_and_move_data' retrieved from /opt/airflow/dags/data_ingestion.py
[2024-09-18T12:59:47.049+0000] {logging_mixin.py:190} INFO - [2024-09-18T12:59:47.043+0000] {dag.py:3229} INFO - Sync 1 DAGs
[2024-09-18T12:59:47.110+0000] {logging_mixin.py:190} INFO - [2024-09-18T12:59:47.110+0000] {dag.py:4156} INFO - Setting next_dagrun for Read_data_and_move_data to 2024-09-18 12:50:00+00:00, run_after=2024-09-18 13:00:00+00:00
[2024-09-18T12:59:47.140+0000] {processor.py:208} INFO - Processing /opt/airflow/dags/data_ingestion.py took 0.929 seconds
[2024-09-18T13:00:17.815+0000] {processor.py:186} INFO - Started process (PID=3857) to work on /opt/airflow/dags/data_ingestion.py
[2024-09-18T13:00:17.817+0000] {processor.py:914} INFO - Processing file /opt/airflow/dags/data_ingestion.py for tasks to queue
[2024-09-18T13:00:17.821+0000] {logging_mixin.py:190} INFO - [2024-09-18T13:00:17.821+0000] {dagbag.py:587} INFO - Filling up the DagBag from /opt/airflow/dags/data_ingestion.py
[2024-09-18T13:00:17.859+0000] {processor.py:925} INFO - DAG(s) 'Read_data_and_move_data' retrieved from /opt/airflow/dags/data_ingestion.py
[2024-09-18T13:00:17.888+0000] {logging_mixin.py:190} INFO - [2024-09-18T13:00:17.888+0000] {dag.py:3229} INFO - Sync 1 DAGs
[2024-09-18T13:00:17.923+0000] {logging_mixin.py:190} INFO - [2024-09-18T13:00:17.923+0000] {dag.py:4156} INFO - Setting next_dagrun for Read_data_and_move_data to 2024-09-18 13:00:00+00:00, run_after=2024-09-18 13:10:00+00:00
[2024-09-18T13:00:17.955+0000] {processor.py:208} INFO - Processing /opt/airflow/dags/data_ingestion.py took 0.148 seconds
[2024-09-18T13:00:48.601+0000] {processor.py:186} INFO - Started process (PID=3920) to work on /opt/airflow/dags/data_ingestion.py
[2024-09-18T13:00:48.603+0000] {processor.py:914} INFO - Processing file /opt/airflow/dags/data_ingestion.py for tasks to queue
[2024-09-18T13:00:48.606+0000] {logging_mixin.py:190} INFO - [2024-09-18T13:00:48.606+0000] {dagbag.py:587} INFO - Filling up the DagBag from /opt/airflow/dags/data_ingestion.py
[2024-09-18T13:00:48.643+0000] {processor.py:925} INFO - DAG(s) 'Read_data_and_move_data' retrieved from /opt/airflow/dags/data_ingestion.py
[2024-09-18T13:00:48.666+0000] {logging_mixin.py:190} INFO - [2024-09-18T13:00:48.665+0000] {dag.py:3229} INFO - Sync 1 DAGs
[2024-09-18T13:00:48.699+0000] {logging_mixin.py:190} INFO - [2024-09-18T13:00:48.699+0000] {dag.py:4156} INFO - Setting next_dagrun for Read_data_and_move_data to 2024-09-18 13:00:00+00:00, run_after=2024-09-18 13:10:00+00:00
[2024-09-18T13:00:48.737+0000] {processor.py:208} INFO - Processing /opt/airflow/dags/data_ingestion.py took 0.144 seconds
[2024-09-18T13:01:19.697+0000] {processor.py:186} INFO - Started process (PID=3976) to work on /opt/airflow/dags/data_ingestion.py
[2024-09-18T13:01:19.700+0000] {processor.py:914} INFO - Processing file /opt/airflow/dags/data_ingestion.py for tasks to queue
[2024-09-18T13:01:19.707+0000] {logging_mixin.py:190} INFO - [2024-09-18T13:01:19.704+0000] {dagbag.py:587} INFO - Filling up the DagBag from /opt/airflow/dags/data_ingestion.py
[2024-09-18T13:01:19.741+0000] {processor.py:925} INFO - DAG(s) 'Read_data_and_move_data' retrieved from /opt/airflow/dags/data_ingestion.py
[2024-09-18T13:01:31.673+0000] {logging_mixin.py:190} INFO - [2024-09-18T13:01:31.666+0000] {dag.py:3229} INFO - Sync 1 DAGs
[2024-09-18T13:01:31.741+0000] {logging_mixin.py:190} INFO - [2024-09-18T13:01:31.741+0000] {dag.py:4156} INFO - Setting next_dagrun for Read_data_and_move_data to 2024-09-18 13:00:00+00:00, run_after=2024-09-18 13:10:00+00:00
[2024-09-18T13:01:31.789+0000] {processor.py:208} INFO - Processing /opt/airflow/dags/data_ingestion.py took 12.111 seconds
[2024-09-18T13:02:02.823+0000] {processor.py:186} INFO - Started process (PID=4039) to work on /opt/airflow/dags/data_ingestion.py
[2024-09-18T13:02:02.826+0000] {processor.py:914} INFO - Processing file /opt/airflow/dags/data_ingestion.py for tasks to queue
[2024-09-18T13:02:02.831+0000] {logging_mixin.py:190} INFO - [2024-09-18T13:02:02.830+0000] {dagbag.py:587} INFO - Filling up the DagBag from /opt/airflow/dags/data_ingestion.py
[2024-09-18T13:02:02.865+0000] {processor.py:925} INFO - DAG(s) 'Read_data_and_move_data' retrieved from /opt/airflow/dags/data_ingestion.py
[2024-09-18T13:02:02.897+0000] {logging_mixin.py:190} INFO - [2024-09-18T13:02:02.896+0000] {dag.py:3229} INFO - Sync 1 DAGs
[2024-09-18T13:02:02.947+0000] {logging_mixin.py:190} INFO - [2024-09-18T13:02:02.947+0000] {dag.py:4156} INFO - Setting next_dagrun for Read_data_and_move_data to 2024-09-18 13:00:00+00:00, run_after=2024-09-18 13:10:00+00:00
[2024-09-18T13:02:02.988+0000] {processor.py:208} INFO - Processing /opt/airflow/dags/data_ingestion.py took 0.175 seconds
[2024-09-18T13:02:33.248+0000] {processor.py:186} INFO - Started process (PID=4102) to work on /opt/airflow/dags/data_ingestion.py
[2024-09-18T13:02:33.251+0000] {processor.py:914} INFO - Processing file /opt/airflow/dags/data_ingestion.py for tasks to queue
[2024-09-18T13:02:33.257+0000] {logging_mixin.py:190} INFO - [2024-09-18T13:02:33.256+0000] {dagbag.py:587} INFO - Filling up the DagBag from /opt/airflow/dags/data_ingestion.py
[2024-09-18T13:02:33.295+0000] {processor.py:925} INFO - DAG(s) 'Read_data_and_move_data' retrieved from /opt/airflow/dags/data_ingestion.py
[2024-09-18T13:02:33.330+0000] {logging_mixin.py:190} INFO - [2024-09-18T13:02:33.329+0000] {dag.py:3229} INFO - Sync 1 DAGs
[2024-09-18T13:02:33.371+0000] {logging_mixin.py:190} INFO - [2024-09-18T13:02:33.370+0000] {dag.py:4156} INFO - Setting next_dagrun for Read_data_and_move_data to 2024-09-18 13:00:00+00:00, run_after=2024-09-18 13:10:00+00:00
[2024-09-18T13:02:33.410+0000] {processor.py:208} INFO - Processing /opt/airflow/dags/data_ingestion.py took 0.174 seconds
[2024-09-18T13:03:03.985+0000] {processor.py:186} INFO - Started process (PID=4165) to work on /opt/airflow/dags/data_ingestion.py
[2024-09-18T13:03:03.986+0000] {processor.py:914} INFO - Processing file /opt/airflow/dags/data_ingestion.py for tasks to queue
[2024-09-18T13:03:03.989+0000] {logging_mixin.py:190} INFO - [2024-09-18T13:03:03.989+0000] {dagbag.py:587} INFO - Filling up the DagBag from /opt/airflow/dags/data_ingestion.py
[2024-09-18T13:03:04.019+0000] {processor.py:925} INFO - DAG(s) 'Read_data_and_move_data' retrieved from /opt/airflow/dags/data_ingestion.py
[2024-09-18T13:03:04.050+0000] {logging_mixin.py:190} INFO - [2024-09-18T13:03:04.050+0000] {dag.py:3229} INFO - Sync 1 DAGs
[2024-09-18T13:03:04.090+0000] {logging_mixin.py:190} INFO - [2024-09-18T13:03:04.090+0000] {dag.py:4156} INFO - Setting next_dagrun for Read_data_and_move_data to 2024-09-18 13:00:00+00:00, run_after=2024-09-18 13:10:00+00:00
[2024-09-18T13:03:04.124+0000] {processor.py:208} INFO - Processing /opt/airflow/dags/data_ingestion.py took 0.146 seconds
[2024-09-18T13:03:34.350+0000] {processor.py:186} INFO - Started process (PID=4228) to work on /opt/airflow/dags/data_ingestion.py
[2024-09-18T13:03:34.351+0000] {processor.py:914} INFO - Processing file /opt/airflow/dags/data_ingestion.py for tasks to queue
[2024-09-18T13:03:34.355+0000] {logging_mixin.py:190} INFO - [2024-09-18T13:03:34.354+0000] {dagbag.py:587} INFO - Filling up the DagBag from /opt/airflow/dags/data_ingestion.py
[2024-09-18T13:03:34.385+0000] {processor.py:925} INFO - DAG(s) 'Read_data_and_move_data' retrieved from /opt/airflow/dags/data_ingestion.py
[2024-09-18T13:03:34.425+0000] {logging_mixin.py:190} INFO - [2024-09-18T13:03:34.425+0000] {dag.py:3229} INFO - Sync 1 DAGs
[2024-09-18T13:03:34.468+0000] {logging_mixin.py:190} INFO - [2024-09-18T13:03:34.467+0000] {dag.py:4156} INFO - Setting next_dagrun for Read_data_and_move_data to 2024-09-18 13:00:00+00:00, run_after=2024-09-18 13:10:00+00:00
[2024-09-18T13:03:34.499+0000] {processor.py:208} INFO - Processing /opt/airflow/dags/data_ingestion.py took 0.157 seconds
[2024-09-18T13:04:05.030+0000] {processor.py:186} INFO - Started process (PID=4291) to work on /opt/airflow/dags/data_ingestion.py
[2024-09-18T13:04:05.032+0000] {processor.py:914} INFO - Processing file /opt/airflow/dags/data_ingestion.py for tasks to queue
[2024-09-18T13:04:05.037+0000] {logging_mixin.py:190} INFO - [2024-09-18T13:04:05.037+0000] {dagbag.py:587} INFO - Filling up the DagBag from /opt/airflow/dags/data_ingestion.py
[2024-09-18T13:04:05.070+0000] {processor.py:925} INFO - DAG(s) 'Read_data_and_move_data' retrieved from /opt/airflow/dags/data_ingestion.py
[2024-09-18T13:04:05.118+0000] {logging_mixin.py:190} INFO - [2024-09-18T13:04:05.118+0000] {dag.py:3229} INFO - Sync 1 DAGs
[2024-09-18T13:04:05.175+0000] {logging_mixin.py:190} INFO - [2024-09-18T13:04:05.174+0000] {dag.py:4156} INFO - Setting next_dagrun for Read_data_and_move_data to 2024-09-18 13:00:00+00:00, run_after=2024-09-18 13:10:00+00:00
[2024-09-18T13:04:05.246+0000] {processor.py:208} INFO - Processing /opt/airflow/dags/data_ingestion.py took 0.225 seconds
[2024-09-18T13:04:35.678+0000] {processor.py:186} INFO - Started process (PID=4355) to work on /opt/airflow/dags/data_ingestion.py
[2024-09-18T13:04:35.679+0000] {processor.py:914} INFO - Processing file /opt/airflow/dags/data_ingestion.py for tasks to queue
[2024-09-18T13:04:35.685+0000] {logging_mixin.py:190} INFO - [2024-09-18T13:04:35.684+0000] {dagbag.py:587} INFO - Filling up the DagBag from /opt/airflow/dags/data_ingestion.py
[2024-09-18T13:04:35.718+0000] {processor.py:925} INFO - DAG(s) 'Read_data_and_move_data' retrieved from /opt/airflow/dags/data_ingestion.py
[2024-09-18T13:04:35.749+0000] {logging_mixin.py:190} INFO - [2024-09-18T13:04:35.749+0000] {dag.py:3229} INFO - Sync 1 DAGs
[2024-09-18T13:04:35.789+0000] {logging_mixin.py:190} INFO - [2024-09-18T13:04:35.789+0000] {dag.py:4156} INFO - Setting next_dagrun for Read_data_and_move_data to 2024-09-18 13:00:00+00:00, run_after=2024-09-18 13:10:00+00:00
[2024-09-18T13:04:35.824+0000] {processor.py:208} INFO - Processing /opt/airflow/dags/data_ingestion.py took 0.154 seconds
[2024-09-18T13:05:06.053+0000] {processor.py:186} INFO - Started process (PID=4419) to work on /opt/airflow/dags/data_ingestion.py
[2024-09-18T13:05:06.055+0000] {processor.py:914} INFO - Processing file /opt/airflow/dags/data_ingestion.py for tasks to queue
[2024-09-18T13:05:06.058+0000] {logging_mixin.py:190} INFO - [2024-09-18T13:05:06.058+0000] {dagbag.py:587} INFO - Filling up the DagBag from /opt/airflow/dags/data_ingestion.py
[2024-09-18T13:05:06.089+0000] {processor.py:925} INFO - DAG(s) 'Read_data_and_move_data' retrieved from /opt/airflow/dags/data_ingestion.py
[2024-09-18T13:05:06.118+0000] {logging_mixin.py:190} INFO - [2024-09-18T13:05:06.117+0000] {dag.py:3229} INFO - Sync 1 DAGs
[2024-09-18T13:05:06.161+0000] {logging_mixin.py:190} INFO - [2024-09-18T13:05:06.160+0000] {dag.py:4156} INFO - Setting next_dagrun for Read_data_and_move_data to 2024-09-18 13:00:00+00:00, run_after=2024-09-18 13:10:00+00:00
[2024-09-18T13:05:06.192+0000] {processor.py:208} INFO - Processing /opt/airflow/dags/data_ingestion.py took 0.148 seconds
[2024-09-18T13:05:45.948+0000] {processor.py:186} INFO - Started process (PID=4469) to work on /opt/airflow/dags/data_ingestion.py
[2024-09-18T13:05:45.950+0000] {processor.py:914} INFO - Processing file /opt/airflow/dags/data_ingestion.py for tasks to queue
[2024-09-18T13:05:45.953+0000] {logging_mixin.py:190} INFO - [2024-09-18T13:05:45.953+0000] {dagbag.py:587} INFO - Filling up the DagBag from /opt/airflow/dags/data_ingestion.py
[2024-09-18T13:05:45.985+0000] {processor.py:925} INFO - DAG(s) 'Read_data_and_move_data' retrieved from /opt/airflow/dags/data_ingestion.py
[2024-09-18T13:05:46.021+0000] {logging_mixin.py:190} INFO - [2024-09-18T13:05:46.020+0000] {dag.py:3229} INFO - Sync 1 DAGs
[2024-09-18T13:05:46.075+0000] {logging_mixin.py:190} INFO - [2024-09-18T13:05:46.075+0000] {dag.py:4156} INFO - Setting next_dagrun for Read_data_and_move_data to 2024-09-18 13:00:00+00:00, run_after=2024-09-18 13:10:00+00:00
[2024-09-18T13:05:46.102+0000] {processor.py:208} INFO - Processing /opt/airflow/dags/data_ingestion.py took 0.161 seconds
[2024-09-18T13:06:16.891+0000] {processor.py:186} INFO - Started process (PID=4532) to work on /opt/airflow/dags/data_ingestion.py
[2024-09-18T13:06:16.892+0000] {processor.py:914} INFO - Processing file /opt/airflow/dags/data_ingestion.py for tasks to queue
[2024-09-18T13:06:16.896+0000] {logging_mixin.py:190} INFO - [2024-09-18T13:06:16.895+0000] {dagbag.py:587} INFO - Filling up the DagBag from /opt/airflow/dags/data_ingestion.py
[2024-09-18T13:06:16.930+0000] {processor.py:925} INFO - DAG(s) 'Read_data_and_move_data' retrieved from /opt/airflow/dags/data_ingestion.py
[2024-09-18T13:06:16.964+0000] {logging_mixin.py:190} INFO - [2024-09-18T13:06:16.964+0000] {dag.py:3229} INFO - Sync 1 DAGs
[2024-09-18T13:06:17.004+0000] {logging_mixin.py:190} INFO - [2024-09-18T13:06:17.003+0000] {dag.py:4156} INFO - Setting next_dagrun for Read_data_and_move_data to 2024-09-18 13:00:00+00:00, run_after=2024-09-18 13:10:00+00:00
[2024-09-18T13:06:17.035+0000] {processor.py:208} INFO - Processing /opt/airflow/dags/data_ingestion.py took 0.152 seconds
[2024-09-18T13:06:47.142+0000] {processor.py:186} INFO - Started process (PID=4590) to work on /opt/airflow/dags/data_ingestion.py
[2024-09-18T13:06:47.144+0000] {processor.py:914} INFO - Processing file /opt/airflow/dags/data_ingestion.py for tasks to queue
[2024-09-18T13:06:47.149+0000] {logging_mixin.py:190} INFO - [2024-09-18T13:06:47.148+0000] {dagbag.py:587} INFO - Filling up the DagBag from /opt/airflow/dags/data_ingestion.py
[2024-09-18T13:06:47.184+0000] {processor.py:925} INFO - DAG(s) 'Read_data_and_move_data' retrieved from /opt/airflow/dags/data_ingestion.py
[2024-09-18T13:06:47.221+0000] {logging_mixin.py:190} INFO - [2024-09-18T13:06:47.220+0000] {dag.py:3229} INFO - Sync 1 DAGs
[2024-09-18T13:06:47.269+0000] {logging_mixin.py:190} INFO - [2024-09-18T13:06:47.269+0000] {dag.py:4156} INFO - Setting next_dagrun for Read_data_and_move_data to 2024-09-18 13:00:00+00:00, run_after=2024-09-18 13:10:00+00:00
[2024-09-18T13:06:47.308+0000] {processor.py:208} INFO - Processing /opt/airflow/dags/data_ingestion.py took 0.176 seconds
[2024-09-18T13:07:17.552+0000] {processor.py:186} INFO - Started process (PID=4653) to work on /opt/airflow/dags/data_ingestion.py
[2024-09-18T13:07:17.554+0000] {processor.py:914} INFO - Processing file /opt/airflow/dags/data_ingestion.py for tasks to queue
[2024-09-18T13:07:17.557+0000] {logging_mixin.py:190} INFO - [2024-09-18T13:07:17.557+0000] {dagbag.py:587} INFO - Filling up the DagBag from /opt/airflow/dags/data_ingestion.py
[2024-09-18T13:07:17.592+0000] {processor.py:925} INFO - DAG(s) 'Read_data_and_move_data' retrieved from /opt/airflow/dags/data_ingestion.py
[2024-09-18T13:07:17.623+0000] {logging_mixin.py:190} INFO - [2024-09-18T13:07:17.622+0000] {dag.py:3229} INFO - Sync 1 DAGs
[2024-09-18T13:07:17.665+0000] {logging_mixin.py:190} INFO - [2024-09-18T13:07:17.665+0000] {dag.py:4156} INFO - Setting next_dagrun for Read_data_and_move_data to 2024-09-18 13:00:00+00:00, run_after=2024-09-18 13:10:00+00:00
[2024-09-18T13:07:17.706+0000] {processor.py:208} INFO - Processing /opt/airflow/dags/data_ingestion.py took 0.162 seconds
[2024-09-18T13:07:47.830+0000] {processor.py:186} INFO - Started process (PID=4716) to work on /opt/airflow/dags/data_ingestion.py
[2024-09-18T13:07:47.834+0000] {processor.py:914} INFO - Processing file /opt/airflow/dags/data_ingestion.py for tasks to queue
[2024-09-18T13:07:47.840+0000] {logging_mixin.py:190} INFO - [2024-09-18T13:07:47.838+0000] {dagbag.py:587} INFO - Filling up the DagBag from /opt/airflow/dags/data_ingestion.py
[2024-09-18T13:07:47.890+0000] {processor.py:925} INFO - DAG(s) 'Read_data_and_move_data' retrieved from /opt/airflow/dags/data_ingestion.py
[2024-09-18T13:07:47.930+0000] {logging_mixin.py:190} INFO - [2024-09-18T13:07:47.930+0000] {dag.py:3229} INFO - Sync 1 DAGs
[2024-09-18T13:07:47.980+0000] {logging_mixin.py:190} INFO - [2024-09-18T13:07:47.980+0000] {dag.py:4156} INFO - Setting next_dagrun for Read_data_and_move_data to 2024-09-18 13:00:00+00:00, run_after=2024-09-18 13:10:00+00:00
[2024-09-18T13:07:48.018+0000] {processor.py:208} INFO - Processing /opt/airflow/dags/data_ingestion.py took 0.200 seconds
[2024-09-18T13:08:18.264+0000] {processor.py:186} INFO - Started process (PID=4779) to work on /opt/airflow/dags/data_ingestion.py
[2024-09-18T13:08:18.267+0000] {processor.py:914} INFO - Processing file /opt/airflow/dags/data_ingestion.py for tasks to queue
[2024-09-18T13:08:18.273+0000] {logging_mixin.py:190} INFO - [2024-09-18T13:08:18.270+0000] {dagbag.py:587} INFO - Filling up the DagBag from /opt/airflow/dags/data_ingestion.py
[2024-09-18T13:08:18.320+0000] {processor.py:925} INFO - DAG(s) 'Read_data_and_move_data' retrieved from /opt/airflow/dags/data_ingestion.py
[2024-09-18T13:08:18.654+0000] {logging_mixin.py:190} INFO - [2024-09-18T13:08:18.644+0000] {dag.py:3229} INFO - Sync 1 DAGs
[2024-09-18T13:08:18.755+0000] {logging_mixin.py:190} INFO - [2024-09-18T13:08:18.750+0000] {dag.py:4156} INFO - Setting next_dagrun for Read_data_and_move_data to 2024-09-18 13:00:00+00:00, run_after=2024-09-18 13:10:00+00:00
[2024-09-18T13:08:18.840+0000] {processor.py:208} INFO - Processing /opt/airflow/dags/data_ingestion.py took 0.591 seconds
[2024-09-18T13:08:49.656+0000] {processor.py:186} INFO - Started process (PID=4842) to work on /opt/airflow/dags/data_ingestion.py
[2024-09-18T13:08:49.658+0000] {processor.py:914} INFO - Processing file /opt/airflow/dags/data_ingestion.py for tasks to queue
[2024-09-18T13:08:49.662+0000] {logging_mixin.py:190} INFO - [2024-09-18T13:08:49.661+0000] {dagbag.py:587} INFO - Filling up the DagBag from /opt/airflow/dags/data_ingestion.py
[2024-09-18T13:08:49.702+0000] {processor.py:925} INFO - DAG(s) 'Read_data_and_move_data' retrieved from /opt/airflow/dags/data_ingestion.py
[2024-09-18T13:08:49.737+0000] {logging_mixin.py:190} INFO - [2024-09-18T13:08:49.737+0000] {dag.py:3229} INFO - Sync 1 DAGs
[2024-09-18T13:08:49.789+0000] {logging_mixin.py:190} INFO - [2024-09-18T13:08:49.789+0000] {dag.py:4156} INFO - Setting next_dagrun for Read_data_and_move_data to 2024-09-18 13:00:00+00:00, run_after=2024-09-18 13:10:00+00:00
[2024-09-18T13:08:49.829+0000] {processor.py:208} INFO - Processing /opt/airflow/dags/data_ingestion.py took 0.181 seconds
[2024-09-18T13:09:20.622+0000] {processor.py:186} INFO - Started process (PID=4905) to work on /opt/airflow/dags/data_ingestion.py
[2024-09-18T13:09:20.624+0000] {processor.py:914} INFO - Processing file /opt/airflow/dags/data_ingestion.py for tasks to queue
[2024-09-18T13:09:20.630+0000] {logging_mixin.py:190} INFO - [2024-09-18T13:09:20.629+0000] {dagbag.py:587} INFO - Filling up the DagBag from /opt/airflow/dags/data_ingestion.py
[2024-09-18T13:09:20.669+0000] {processor.py:925} INFO - DAG(s) 'Read_data_and_move_data' retrieved from /opt/airflow/dags/data_ingestion.py
[2024-09-18T13:09:20.725+0000] {logging_mixin.py:190} INFO - [2024-09-18T13:09:20.724+0000] {dag.py:3229} INFO - Sync 1 DAGs
[2024-09-18T13:09:20.783+0000] {logging_mixin.py:190} INFO - [2024-09-18T13:09:20.782+0000] {dag.py:4156} INFO - Setting next_dagrun for Read_data_and_move_data to 2024-09-18 13:00:00+00:00, run_after=2024-09-18 13:10:00+00:00
[2024-09-18T13:09:20.821+0000] {processor.py:208} INFO - Processing /opt/airflow/dags/data_ingestion.py took 0.208 seconds
[2024-09-18T13:09:51.797+0000] {processor.py:186} INFO - Started process (PID=4968) to work on /opt/airflow/dags/data_ingestion.py
[2024-09-18T13:09:51.801+0000] {processor.py:914} INFO - Processing file /opt/airflow/dags/data_ingestion.py for tasks to queue
[2024-09-18T13:09:51.810+0000] {logging_mixin.py:190} INFO - [2024-09-18T13:09:51.806+0000] {dagbag.py:587} INFO - Filling up the DagBag from /opt/airflow/dags/data_ingestion.py
[2024-09-18T13:09:51.852+0000] {processor.py:925} INFO - DAG(s) 'Read_data_and_move_data' retrieved from /opt/airflow/dags/data_ingestion.py
[2024-09-18T13:09:51.949+0000] {logging_mixin.py:190} INFO - [2024-09-18T13:09:51.949+0000] {dag.py:3229} INFO - Sync 1 DAGs
[2024-09-18T13:09:52.000+0000] {logging_mixin.py:190} INFO - [2024-09-18T13:09:51.999+0000] {dag.py:4156} INFO - Setting next_dagrun for Read_data_and_move_data to 2024-09-18 13:00:00+00:00, run_after=2024-09-18 13:10:00+00:00
[2024-09-18T13:09:52.038+0000] {processor.py:208} INFO - Processing /opt/airflow/dags/data_ingestion.py took 0.261 seconds
[2024-09-18T13:10:22.375+0000] {processor.py:186} INFO - Started process (PID=5031) to work on /opt/airflow/dags/data_ingestion.py
[2024-09-18T13:10:22.378+0000] {processor.py:914} INFO - Processing file /opt/airflow/dags/data_ingestion.py for tasks to queue
[2024-09-18T13:10:22.386+0000] {logging_mixin.py:190} INFO - [2024-09-18T13:10:22.385+0000] {dagbag.py:587} INFO - Filling up the DagBag from /opt/airflow/dags/data_ingestion.py
[2024-09-18T13:10:22.426+0000] {processor.py:925} INFO - DAG(s) 'Read_data_and_move_data' retrieved from /opt/airflow/dags/data_ingestion.py
[2024-09-18T13:10:22.464+0000] {logging_mixin.py:190} INFO - [2024-09-18T13:10:22.464+0000] {dag.py:3229} INFO - Sync 1 DAGs
[2024-09-18T13:10:22.517+0000] {logging_mixin.py:190} INFO - [2024-09-18T13:10:22.516+0000] {dag.py:4156} INFO - Setting next_dagrun for Read_data_and_move_data to 2024-09-18 13:10:00+00:00, run_after=2024-09-18 13:20:00+00:00
[2024-09-18T13:10:22.548+0000] {processor.py:208} INFO - Processing /opt/airflow/dags/data_ingestion.py took 0.184 seconds
[2024-09-18T13:10:56.049+0000] {processor.py:186} INFO - Started process (PID=5094) to work on /opt/airflow/dags/data_ingestion.py
[2024-09-18T13:10:56.050+0000] {processor.py:914} INFO - Processing file /opt/airflow/dags/data_ingestion.py for tasks to queue
[2024-09-18T13:10:56.053+0000] {logging_mixin.py:190} INFO - [2024-09-18T13:10:56.053+0000] {dagbag.py:587} INFO - Filling up the DagBag from /opt/airflow/dags/data_ingestion.py
[2024-09-18T13:10:56.075+0000] {processor.py:925} INFO - DAG(s) 'Read_data_and_move_data' retrieved from /opt/airflow/dags/data_ingestion.py
[2024-09-18T13:10:56.096+0000] {logging_mixin.py:190} INFO - [2024-09-18T13:10:56.096+0000] {dag.py:3229} INFO - Sync 1 DAGs
[2024-09-18T13:10:56.124+0000] {logging_mixin.py:190} INFO - [2024-09-18T13:10:56.124+0000] {dag.py:4156} INFO - Setting next_dagrun for Read_data_and_move_data to 2024-09-18 13:10:00+00:00, run_after=2024-09-18 13:20:00+00:00
[2024-09-18T13:10:56.147+0000] {processor.py:208} INFO - Processing /opt/airflow/dags/data_ingestion.py took 0.104 seconds
[2024-09-18T13:11:27.749+0000] {processor.py:186} INFO - Started process (PID=5146) to work on /opt/airflow/dags/data_ingestion.py
[2024-09-18T13:11:27.751+0000] {processor.py:914} INFO - Processing file /opt/airflow/dags/data_ingestion.py for tasks to queue
[2024-09-18T13:11:27.754+0000] {logging_mixin.py:190} INFO - [2024-09-18T13:11:27.754+0000] {dagbag.py:587} INFO - Filling up the DagBag from /opt/airflow/dags/data_ingestion.py
[2024-09-18T13:11:27.787+0000] {processor.py:925} INFO - DAG(s) 'Read_data_and_move_data' retrieved from /opt/airflow/dags/data_ingestion.py
[2024-09-18T13:11:27.813+0000] {logging_mixin.py:190} INFO - [2024-09-18T13:11:27.813+0000] {dag.py:3229} INFO - Sync 1 DAGs
[2024-09-18T13:11:27.853+0000] {logging_mixin.py:190} INFO - [2024-09-18T13:11:27.853+0000] {dag.py:4156} INFO - Setting next_dagrun for Read_data_and_move_data to 2024-09-18 13:10:00+00:00, run_after=2024-09-18 13:20:00+00:00
[2024-09-18T13:11:27.895+0000] {processor.py:208} INFO - Processing /opt/airflow/dags/data_ingestion.py took 0.153 seconds
[2024-09-18T13:11:58.085+0000] {processor.py:186} INFO - Started process (PID=5201) to work on /opt/airflow/dags/data_ingestion.py
[2024-09-18T13:11:58.087+0000] {processor.py:914} INFO - Processing file /opt/airflow/dags/data_ingestion.py for tasks to queue
[2024-09-18T13:11:58.091+0000] {logging_mixin.py:190} INFO - [2024-09-18T13:11:58.090+0000] {dagbag.py:587} INFO - Filling up the DagBag from /opt/airflow/dags/data_ingestion.py
[2024-09-18T13:11:58.122+0000] {processor.py:925} INFO - DAG(s) 'Read_data_and_move_data' retrieved from /opt/airflow/dags/data_ingestion.py
[2024-09-18T13:11:58.150+0000] {logging_mixin.py:190} INFO - [2024-09-18T13:11:58.150+0000] {dag.py:3229} INFO - Sync 1 DAGs
[2024-09-18T13:11:58.191+0000] {logging_mixin.py:190} INFO - [2024-09-18T13:11:58.191+0000] {dag.py:4156} INFO - Setting next_dagrun for Read_data_and_move_data to 2024-09-18 13:10:00+00:00, run_after=2024-09-18 13:20:00+00:00
[2024-09-18T13:11:58.227+0000] {processor.py:208} INFO - Processing /opt/airflow/dags/data_ingestion.py took 0.150 seconds
[2024-09-18T13:12:28.312+0000] {processor.py:186} INFO - Started process (PID=5263) to work on /opt/airflow/dags/data_ingestion.py
[2024-09-18T13:12:28.314+0000] {processor.py:914} INFO - Processing file /opt/airflow/dags/data_ingestion.py for tasks to queue
[2024-09-18T13:12:28.318+0000] {logging_mixin.py:190} INFO - [2024-09-18T13:12:28.317+0000] {dagbag.py:587} INFO - Filling up the DagBag from /opt/airflow/dags/data_ingestion.py
[2024-09-18T13:12:28.348+0000] {processor.py:925} INFO - DAG(s) 'Read_data_and_move_data' retrieved from /opt/airflow/dags/data_ingestion.py
[2024-09-18T13:12:28.378+0000] {logging_mixin.py:190} INFO - [2024-09-18T13:12:28.377+0000] {dag.py:3229} INFO - Sync 1 DAGs
[2024-09-18T13:12:28.415+0000] {logging_mixin.py:190} INFO - [2024-09-18T13:12:28.415+0000] {dag.py:4156} INFO - Setting next_dagrun for Read_data_and_move_data to 2024-09-18 13:10:00+00:00, run_after=2024-09-18 13:20:00+00:00
[2024-09-18T13:12:28.447+0000] {processor.py:208} INFO - Processing /opt/airflow/dags/data_ingestion.py took 0.145 seconds
[2024-09-18T13:12:58.808+0000] {processor.py:186} INFO - Started process (PID=5318) to work on /opt/airflow/dags/data_ingestion.py
[2024-09-18T13:12:58.810+0000] {processor.py:914} INFO - Processing file /opt/airflow/dags/data_ingestion.py for tasks to queue
[2024-09-18T13:12:58.814+0000] {logging_mixin.py:190} INFO - [2024-09-18T13:12:58.813+0000] {dagbag.py:587} INFO - Filling up the DagBag from /opt/airflow/dags/data_ingestion.py
[2024-09-18T13:12:58.843+0000] {processor.py:925} INFO - DAG(s) 'Read_data_and_move_data' retrieved from /opt/airflow/dags/data_ingestion.py
[2024-09-18T13:12:58.872+0000] {logging_mixin.py:190} INFO - [2024-09-18T13:12:58.872+0000] {dag.py:3229} INFO - Sync 1 DAGs
[2024-09-18T13:12:58.912+0000] {logging_mixin.py:190} INFO - [2024-09-18T13:12:58.911+0000] {dag.py:4156} INFO - Setting next_dagrun for Read_data_and_move_data to 2024-09-18 13:10:00+00:00, run_after=2024-09-18 13:20:00+00:00
[2024-09-18T13:12:58.941+0000] {processor.py:208} INFO - Processing /opt/airflow/dags/data_ingestion.py took 0.142 seconds
[2024-09-18T13:13:29.173+0000] {processor.py:186} INFO - Started process (PID=5371) to work on /opt/airflow/dags/data_ingestion.py
[2024-09-18T13:13:29.175+0000] {processor.py:914} INFO - Processing file /opt/airflow/dags/data_ingestion.py for tasks to queue
[2024-09-18T13:13:29.181+0000] {logging_mixin.py:190} INFO - [2024-09-18T13:13:29.180+0000] {dagbag.py:587} INFO - Filling up the DagBag from /opt/airflow/dags/data_ingestion.py
[2024-09-18T13:13:29.218+0000] {processor.py:925} INFO - DAG(s) 'Read_data_and_move_data' retrieved from /opt/airflow/dags/data_ingestion.py
[2024-09-18T13:13:29.251+0000] {logging_mixin.py:190} INFO - [2024-09-18T13:13:29.251+0000] {dag.py:3229} INFO - Sync 1 DAGs
[2024-09-18T13:13:29.300+0000] {logging_mixin.py:190} INFO - [2024-09-18T13:13:29.300+0000] {dag.py:4156} INFO - Setting next_dagrun for Read_data_and_move_data to 2024-09-18 13:10:00+00:00, run_after=2024-09-18 13:20:00+00:00
[2024-09-18T13:13:29.339+0000] {processor.py:208} INFO - Processing /opt/airflow/dags/data_ingestion.py took 0.175 seconds
[2024-09-18T13:13:59.743+0000] {processor.py:186} INFO - Started process (PID=5429) to work on /opt/airflow/dags/data_ingestion.py
[2024-09-18T13:13:59.745+0000] {processor.py:914} INFO - Processing file /opt/airflow/dags/data_ingestion.py for tasks to queue
[2024-09-18T13:13:59.749+0000] {logging_mixin.py:190} INFO - [2024-09-18T13:13:59.748+0000] {dagbag.py:587} INFO - Filling up the DagBag from /opt/airflow/dags/data_ingestion.py
[2024-09-18T13:13:59.838+0000] {processor.py:925} INFO - DAG(s) 'Read_data_and_move_data' retrieved from /opt/airflow/dags/data_ingestion.py
[2024-09-18T13:14:00.057+0000] {logging_mixin.py:190} INFO - [2024-09-18T13:14:00.052+0000] {dag.py:3229} INFO - Sync 1 DAGs
[2024-09-18T13:14:00.118+0000] {logging_mixin.py:190} INFO - [2024-09-18T13:14:00.118+0000] {dag.py:4156} INFO - Setting next_dagrun for Read_data_and_move_data to 2024-09-18 13:10:00+00:00, run_after=2024-09-18 13:20:00+00:00
[2024-09-18T13:14:00.170+0000] {processor.py:208} INFO - Processing /opt/airflow/dags/data_ingestion.py took 0.449 seconds
[2024-09-18T13:14:30.680+0000] {processor.py:186} INFO - Started process (PID=5493) to work on /opt/airflow/dags/data_ingestion.py
[2024-09-18T13:14:30.683+0000] {processor.py:914} INFO - Processing file /opt/airflow/dags/data_ingestion.py for tasks to queue
[2024-09-18T13:14:30.689+0000] {logging_mixin.py:190} INFO - [2024-09-18T13:14:30.689+0000] {dagbag.py:587} INFO - Filling up the DagBag from /opt/airflow/dags/data_ingestion.py
[2024-09-18T13:14:30.729+0000] {processor.py:925} INFO - DAG(s) 'Read_data_and_move_data' retrieved from /opt/airflow/dags/data_ingestion.py
[2024-09-18T13:14:30.765+0000] {logging_mixin.py:190} INFO - [2024-09-18T13:14:30.765+0000] {dag.py:3229} INFO - Sync 1 DAGs
[2024-09-18T13:14:30.802+0000] {logging_mixin.py:190} INFO - [2024-09-18T13:14:30.802+0000] {dag.py:4156} INFO - Setting next_dagrun for Read_data_and_move_data to 2024-09-18 13:10:00+00:00, run_after=2024-09-18 13:20:00+00:00
[2024-09-18T13:14:30.836+0000] {processor.py:208} INFO - Processing /opt/airflow/dags/data_ingestion.py took 0.167 seconds
[2024-09-18T13:15:01.098+0000] {processor.py:186} INFO - Started process (PID=5556) to work on /opt/airflow/dags/data_ingestion.py
[2024-09-18T13:15:01.100+0000] {processor.py:914} INFO - Processing file /opt/airflow/dags/data_ingestion.py for tasks to queue
[2024-09-18T13:15:01.104+0000] {logging_mixin.py:190} INFO - [2024-09-18T13:15:01.103+0000] {dagbag.py:587} INFO - Filling up the DagBag from /opt/airflow/dags/data_ingestion.py
[2024-09-18T13:15:01.145+0000] {processor.py:925} INFO - DAG(s) 'Read_data_and_move_data' retrieved from /opt/airflow/dags/data_ingestion.py
[2024-09-18T13:15:01.195+0000] {logging_mixin.py:190} INFO - [2024-09-18T13:15:01.194+0000] {dag.py:3229} INFO - Sync 1 DAGs
[2024-09-18T13:15:01.239+0000] {logging_mixin.py:190} INFO - [2024-09-18T13:15:01.239+0000] {dag.py:4156} INFO - Setting next_dagrun for Read_data_and_move_data to 2024-09-18 13:10:00+00:00, run_after=2024-09-18 13:20:00+00:00
[2024-09-18T13:15:01.272+0000] {processor.py:208} INFO - Processing /opt/airflow/dags/data_ingestion.py took 0.192 seconds
[2024-09-18T13:15:32.188+0000] {processor.py:186} INFO - Started process (PID=5619) to work on /opt/airflow/dags/data_ingestion.py
[2024-09-18T13:15:32.190+0000] {processor.py:914} INFO - Processing file /opt/airflow/dags/data_ingestion.py for tasks to queue
[2024-09-18T13:15:32.197+0000] {logging_mixin.py:190} INFO - [2024-09-18T13:15:32.194+0000] {dagbag.py:587} INFO - Filling up the DagBag from /opt/airflow/dags/data_ingestion.py
[2024-09-18T13:15:32.253+0000] {processor.py:925} INFO - DAG(s) 'Read_data_and_move_data' retrieved from /opt/airflow/dags/data_ingestion.py
[2024-09-18T13:15:32.299+0000] {logging_mixin.py:190} INFO - [2024-09-18T13:15:32.299+0000] {dag.py:3229} INFO - Sync 1 DAGs
[2024-09-18T13:15:32.350+0000] {logging_mixin.py:190} INFO - [2024-09-18T13:15:32.350+0000] {dag.py:4156} INFO - Setting next_dagrun for Read_data_and_move_data to 2024-09-18 13:10:00+00:00, run_after=2024-09-18 13:20:00+00:00
[2024-09-18T13:15:32.391+0000] {processor.py:208} INFO - Processing /opt/airflow/dags/data_ingestion.py took 0.220 seconds
[2024-09-18T13:17:18.684+0000] {processor.py:186} INFO - Started process (PID=29) to work on /opt/airflow/dags/data_ingestion.py
[2024-09-18T13:17:18.698+0000] {processor.py:914} INFO - Processing file /opt/airflow/dags/data_ingestion.py for tasks to queue
[2024-09-18T13:17:18.718+0000] {logging_mixin.py:190} INFO - [2024-09-18T13:17:18.715+0000] {dagbag.py:587} INFO - Filling up the DagBag from /opt/airflow/dags/data_ingestion.py
[2024-09-18T13:17:18.809+0000] {processor.py:925} INFO - DAG(s) 'Read_data_and_move_data' retrieved from /opt/airflow/dags/data_ingestion.py
[2024-09-18T13:17:19.012+0000] {logging_mixin.py:190} INFO - [2024-09-18T13:17:19.011+0000] {dag.py:3229} INFO - Sync 1 DAGs
[2024-09-18T13:17:20.392+0000] {logging_mixin.py:190} INFO - [2024-09-18T13:17:20.391+0000] {dag.py:4156} INFO - Setting next_dagrun for Read_data_and_move_data to 2024-09-18 13:10:00+00:00, run_after=2024-09-18 13:20:00+00:00
[2024-09-18T13:17:20.484+0000] {processor.py:208} INFO - Processing /opt/airflow/dags/data_ingestion.py took 1.843 seconds
[2024-09-18T13:17:50.605+0000] {processor.py:186} INFO - Started process (PID=93) to work on /opt/airflow/dags/data_ingestion.py
[2024-09-18T13:17:50.608+0000] {processor.py:914} INFO - Processing file /opt/airflow/dags/data_ingestion.py for tasks to queue
[2024-09-18T13:17:50.621+0000] {logging_mixin.py:190} INFO - [2024-09-18T13:17:50.619+0000] {dagbag.py:587} INFO - Filling up the DagBag from /opt/airflow/dags/data_ingestion.py
[2024-09-18T13:17:50.689+0000] {processor.py:925} INFO - DAG(s) 'Read_data_and_move_data' retrieved from /opt/airflow/dags/data_ingestion.py
[2024-09-18T13:17:50.762+0000] {logging_mixin.py:190} INFO - [2024-09-18T13:17:50.761+0000] {dag.py:3229} INFO - Sync 1 DAGs
[2024-09-18T13:17:50.865+0000] {logging_mixin.py:190} INFO - [2024-09-18T13:17:50.865+0000] {dag.py:4156} INFO - Setting next_dagrun for Read_data_and_move_data to 2024-09-18 13:10:00+00:00, run_after=2024-09-18 13:20:00+00:00
[2024-09-18T13:17:50.933+0000] {processor.py:208} INFO - Processing /opt/airflow/dags/data_ingestion.py took 0.336 seconds
[2024-09-18T13:18:21.236+0000] {processor.py:186} INFO - Started process (PID=156) to work on /opt/airflow/dags/data_ingestion.py
[2024-09-18T13:18:21.240+0000] {processor.py:914} INFO - Processing file /opt/airflow/dags/data_ingestion.py for tasks to queue
[2024-09-18T13:18:21.247+0000] {logging_mixin.py:190} INFO - [2024-09-18T13:18:21.246+0000] {dagbag.py:587} INFO - Filling up the DagBag from /opt/airflow/dags/data_ingestion.py
[2024-09-18T13:18:21.307+0000] {processor.py:925} INFO - DAG(s) 'Read_data_and_move_data' retrieved from /opt/airflow/dags/data_ingestion.py
[2024-09-18T13:18:21.357+0000] {logging_mixin.py:190} INFO - [2024-09-18T13:18:21.356+0000] {dag.py:3229} INFO - Sync 1 DAGs
[2024-09-18T13:18:21.413+0000] {logging_mixin.py:190} INFO - [2024-09-18T13:18:21.412+0000] {dag.py:4156} INFO - Setting next_dagrun for Read_data_and_move_data to 2024-09-18 13:10:00+00:00, run_after=2024-09-18 13:20:00+00:00
[2024-09-18T13:18:21.453+0000] {processor.py:208} INFO - Processing /opt/airflow/dags/data_ingestion.py took 0.230 seconds
[2024-09-18T13:18:51.574+0000] {processor.py:186} INFO - Started process (PID=220) to work on /opt/airflow/dags/data_ingestion.py
[2024-09-18T13:18:51.576+0000] {processor.py:914} INFO - Processing file /opt/airflow/dags/data_ingestion.py for tasks to queue
[2024-09-18T13:18:51.581+0000] {logging_mixin.py:190} INFO - [2024-09-18T13:18:51.580+0000] {dagbag.py:587} INFO - Filling up the DagBag from /opt/airflow/dags/data_ingestion.py
[2024-09-18T13:18:51.619+0000] {processor.py:925} INFO - DAG(s) 'Read_data_and_move_data' retrieved from /opt/airflow/dags/data_ingestion.py
[2024-09-18T13:18:51.656+0000] {logging_mixin.py:190} INFO - [2024-09-18T13:18:51.655+0000] {dag.py:3229} INFO - Sync 1 DAGs
[2024-09-18T13:18:51.703+0000] {logging_mixin.py:190} INFO - [2024-09-18T13:18:51.702+0000] {dag.py:4156} INFO - Setting next_dagrun for Read_data_and_move_data to 2024-09-18 13:10:00+00:00, run_after=2024-09-18 13:20:00+00:00
[2024-09-18T13:18:51.745+0000] {processor.py:208} INFO - Processing /opt/airflow/dags/data_ingestion.py took 0.180 seconds
[2024-09-18T13:19:22.393+0000] {processor.py:186} INFO - Started process (PID=282) to work on /opt/airflow/dags/data_ingestion.py
[2024-09-18T13:19:22.396+0000] {processor.py:914} INFO - Processing file /opt/airflow/dags/data_ingestion.py for tasks to queue
[2024-09-18T13:19:22.399+0000] {logging_mixin.py:190} INFO - [2024-09-18T13:19:22.399+0000] {dagbag.py:587} INFO - Filling up the DagBag from /opt/airflow/dags/data_ingestion.py
[2024-09-18T13:19:22.430+0000] {processor.py:925} INFO - DAG(s) 'Read_data_and_move_data' retrieved from /opt/airflow/dags/data_ingestion.py
[2024-09-18T13:19:22.456+0000] {logging_mixin.py:190} INFO - [2024-09-18T13:19:22.455+0000] {dag.py:3229} INFO - Sync 1 DAGs
[2024-09-18T13:19:22.495+0000] {logging_mixin.py:190} INFO - [2024-09-18T13:19:22.495+0000] {dag.py:4156} INFO - Setting next_dagrun for Read_data_and_move_data to 2024-09-18 13:10:00+00:00, run_after=2024-09-18 13:20:00+00:00
[2024-09-18T13:19:22.526+0000] {processor.py:208} INFO - Processing /opt/airflow/dags/data_ingestion.py took 0.143 seconds
[2024-09-18T13:19:36.754+0000] {processor.py:186} INFO - Started process (PID=337) to work on /opt/airflow/dags/data_ingestion.py
[2024-09-18T13:19:36.756+0000] {processor.py:914} INFO - Processing file /opt/airflow/dags/data_ingestion.py for tasks to queue
[2024-09-18T13:19:36.759+0000] {logging_mixin.py:190} INFO - [2024-09-18T13:19:36.759+0000] {dagbag.py:587} INFO - Filling up the DagBag from /opt/airflow/dags/data_ingestion.py
[2024-09-18T13:19:36.809+0000] {processor.py:925} INFO - DAG(s) 'Read_data_and_move_data' retrieved from /opt/airflow/dags/data_ingestion.py
[2024-09-18T13:19:36.839+0000] {logging_mixin.py:190} INFO - [2024-09-18T13:19:36.838+0000] {dag.py:3229} INFO - Sync 1 DAGs
[2024-09-18T13:19:36.878+0000] {logging_mixin.py:190} INFO - [2024-09-18T13:19:36.877+0000] {dag.py:4156} INFO - Setting next_dagrun for Read_data_and_move_data to 2024-09-18 13:10:00+00:00, run_after=2024-09-18 13:20:00+00:00
[2024-09-18T13:19:36.919+0000] {processor.py:208} INFO - Processing /opt/airflow/dags/data_ingestion.py took 0.173 seconds
[2024-09-18T13:20:07.014+0000] {processor.py:186} INFO - Started process (PID=401) to work on /opt/airflow/dags/data_ingestion.py
[2024-09-18T13:20:07.016+0000] {processor.py:914} INFO - Processing file /opt/airflow/dags/data_ingestion.py for tasks to queue
[2024-09-18T13:20:07.019+0000] {logging_mixin.py:190} INFO - [2024-09-18T13:20:07.018+0000] {dagbag.py:587} INFO - Filling up the DagBag from /opt/airflow/dags/data_ingestion.py
[2024-09-18T13:20:07.043+0000] {processor.py:925} INFO - DAG(s) 'Read_data_and_move_data' retrieved from /opt/airflow/dags/data_ingestion.py
[2024-09-18T13:20:07.065+0000] {logging_mixin.py:190} INFO - [2024-09-18T13:20:07.064+0000] {dag.py:3229} INFO - Sync 1 DAGs
[2024-09-18T13:20:07.094+0000] {logging_mixin.py:190} INFO - [2024-09-18T13:20:07.094+0000] {dag.py:4156} INFO - Setting next_dagrun for Read_data_and_move_data to 2024-09-18 13:20:00+00:00, run_after=2024-09-18 13:30:00+00:00
[2024-09-18T13:20:07.118+0000] {processor.py:208} INFO - Processing /opt/airflow/dags/data_ingestion.py took 0.112 seconds
