[2024-11-06T13:49:05.464+0000] {local_task_job_runner.py:123} INFO - ::group::Pre task execution logs
[2024-11-06T13:49:05.500+0000] {taskinstance.py:2612} INFO - Dependencies all met for dep_context=non-requeueable deps ti=<TaskInstance: Read_data_and_move_data.Read_dataset_files scheduled__2024-09-21T08:20:00+00:00 [queued]>
[2024-11-06T13:49:05.519+0000] {taskinstance.py:2612} INFO - Dependencies all met for dep_context=requeueable deps ti=<TaskInstance: Read_data_and_move_data.Read_dataset_files scheduled__2024-09-21T08:20:00+00:00 [queued]>
[2024-11-06T13:49:05.521+0000] {taskinstance.py:2865} INFO - Starting attempt 1 of 1
[2024-11-06T13:49:05.553+0000] {taskinstance.py:2888} INFO - Executing <Task(PythonOperator): Read_dataset_files> on 2024-09-21 08:20:00+00:00
[2024-11-06T13:49:05.581+0000] {warnings.py:112} WARNING - /home/***/.local/lib/python3.12/site-packages/***/task/task_runner/standard_task_runner.py:70: DeprecationWarning: This process (pid=53) is multi-threaded, use of fork() may lead to deadlocks in the child.
  pid = os.fork()

[2024-11-06T13:49:05.593+0000] {standard_task_runner.py:72} INFO - Started process 61 to run task
[2024-11-06T13:49:05.591+0000] {standard_task_runner.py:104} INFO - Running: ['***', 'tasks', 'run', 'Read_data_and_move_data', 'Read_dataset_files', 'scheduled__2024-09-21T08:20:00+00:00', '--job-id', '156', '--raw', '--subdir', 'DAGS_FOLDER/data_ingestion.py', '--cfg-path', '/tmp/tmpktk__95t']
[2024-11-06T13:49:05.595+0000] {standard_task_runner.py:105} INFO - Job 156: Subtask Read_dataset_files
[2024-11-06T13:49:05.745+0000] {task_command.py:467} INFO - Running <TaskInstance: Read_data_and_move_data.Read_dataset_files scheduled__2024-09-21T08:20:00+00:00 [running]> on host c8efb893adcf
[2024-11-06T13:49:06.223+0000] {taskinstance.py:3131} INFO - Exporting env vars: AIRFLOW_CTX_DAG_OWNER='***' AIRFLOW_CTX_DAG_ID='Read_data_and_move_data' AIRFLOW_CTX_TASK_ID='Read_dataset_files' AIRFLOW_CTX_EXECUTION_DATE='2024-09-21T08:20:00+00:00' AIRFLOW_CTX_TRY_NUMBER='1' AIRFLOW_CTX_DAG_RUN_ID='scheduled__2024-09-21T08:20:00+00:00'
[2024-11-06T13:49:06.232+0000] {logging_mixin.py:190} INFO - Task instance is in running state
[2024-11-06T13:49:06.235+0000] {logging_mixin.py:190} INFO -  Previous state of the Task instance: queued
[2024-11-06T13:49:06.237+0000] {logging_mixin.py:190} INFO - Current task name:Read_dataset_files state:running start_date:2024-11-06 13:49:05.501771+00:00
[2024-11-06T13:49:06.238+0000] {logging_mixin.py:190} INFO - Dag name:Read_data_and_move_data and current dag run status:running
[2024-11-06T13:49:06.241+0000] {taskinstance.py:731} INFO - ::endgroup::
[2024-11-06T13:49:06.561+0000] {python.py:240} INFO - Done. Returned value was:     Age Sex ChestPainType  RestingBP  ...  MaxHR  ExerciseAngina Oldpeak  ST_Slope
0    39   M           ASY        118  ...    140               N     1.2      Flat
1    45   M           ASY        115  ...    185               N     0.0        Up
2    52   M           ASY        128  ...    161               Y     0.0        Up
3    62   M           NAP        130  ...    146               N     1.8      Flat
4    62   F           ASY        160  ...    145               N     6.2      Down
5    53   F           ASY        138  ...    160               N     0.0        Up
6    43   M           ASY        120  ...    120               Y     2.5      Flat
7    47   M           NAP        138  ...    156               N     0.0        Up
8    52   M           ATA        120  ...    172               N     0.2        Up
9    68   M           NAP        180  ...    150               Y     1.6      Flat
10   39   M           NAP        140  ...    182               N     0.0        Up
11   53   F           ASY        130  ...    143               N     0.4      Flat
12   62   F           ASY        140  ...    160               N     3.6      Down
13   51   F           NAP        140  ...    142               N     1.5        Up
14   60   M           ASY        130  ...    144               Y     1.4        Up
15   65   M           ASY        110  ...    158               N     0.6        Up
16   65   F           NAP        155  ...    148               N     0.8        Up
17   60   M           NAP        140  ...    155               N     3.0      Flat

[18 rows x 11 columns]
[2024-11-06T13:49:06.905+0000] {taskinstance.py:340} INFO - ::group::Post task execution logs
[2024-11-06T13:49:06.906+0000] {taskinstance.py:352} INFO - Marking task as SUCCESS. dag_id=Read_data_and_move_data, task_id=Read_dataset_files, run_id=scheduled__2024-09-21T08:20:00+00:00, execution_date=20240921T082000, start_date=20241106T134905, end_date=20241106T134906
[2024-11-06T13:49:06.932+0000] {logging_mixin.py:190} INFO - Task instance in success state
[2024-11-06T13:49:06.933+0000] {logging_mixin.py:190} INFO -  Previous state of the Task instance: running
[2024-11-06T13:49:06.934+0000] {logging_mixin.py:190} INFO - Dag name:Read_data_and_move_data queued_at:2024-11-06 13:48:33.680836+00:00
[2024-11-06T13:49:06.936+0000] {logging_mixin.py:190} INFO - Task hostname:c8efb893adcf operator:PythonOperator
[2024-11-06T13:49:06.977+0000] {local_task_job_runner.py:266} INFO - Task exited with return code 0
[2024-11-06T13:49:07.003+0000] {taskinstance.py:3900} INFO - 1 downstream tasks scheduled from follow-on schedule check
[2024-11-06T13:49:07.009+0000] {local_task_job_runner.py:245} INFO - ::endgroup::
