[2024-09-20T23:17:07.916+0000] {local_task_job_runner.py:123} INFO - ::group::Pre task execution logs
[2024-09-20T23:17:07.942+0000] {taskinstance.py:2612} INFO - Dependencies all met for dep_context=non-requeueable deps ti=<TaskInstance: prediction_dag.make_predictions manual__2024-09-20T23:17:00.747801+00:00 [queued]>
[2024-09-20T23:17:07.957+0000] {taskinstance.py:2612} INFO - Dependencies all met for dep_context=requeueable deps ti=<TaskInstance: prediction_dag.make_predictions manual__2024-09-20T23:17:00.747801+00:00 [queued]>
[2024-09-20T23:17:07.959+0000] {taskinstance.py:2865} INFO - Starting attempt 1 of 1
[2024-09-20T23:17:07.978+0000] {taskinstance.py:2888} INFO - Executing <Task(PythonOperator): make_predictions> on 2024-09-20 23:17:00.747801+00:00
[2024-09-20T23:17:07.991+0000] {warnings.py:112} WARNING - /home/***/.local/lib/python3.12/site-packages/***/task/task_runner/standard_task_runner.py:70: DeprecationWarning: This process (pid=108) is multi-threaded, use of fork() may lead to deadlocks in the child.
  pid = os.fork()

[2024-09-20T23:17:07.994+0000] {standard_task_runner.py:72} INFO - Started process 110 to run task
[2024-09-20T23:17:07.994+0000] {standard_task_runner.py:104} INFO - Running: ['***', 'tasks', 'run', 'prediction_dag', 'make_predictions', 'manual__2024-09-20T23:17:00.747801+00:00', '--job-id', '102', '--raw', '--subdir', 'DAGS_FOLDER/make_prediction.py', '--cfg-path', '/tmp/tmpfmyfy3ro']
[2024-09-20T23:17:07.995+0000] {standard_task_runner.py:105} INFO - Job 102: Subtask make_predictions
[2024-09-20T23:17:08.063+0000] {task_command.py:467} INFO - Running <TaskInstance: prediction_dag.make_predictions manual__2024-09-20T23:17:00.747801+00:00 [running]> on host d7fc165549cc
[2024-09-20T23:17:08.207+0000] {taskinstance.py:3131} INFO - Exporting env vars: AIRFLOW_CTX_DAG_OWNER='***' AIRFLOW_CTX_DAG_ID='prediction_dag' AIRFLOW_CTX_TASK_ID='make_predictions' AIRFLOW_CTX_EXECUTION_DATE='2024-09-20T23:17:00.747801+00:00' AIRFLOW_CTX_TRY_NUMBER='1' AIRFLOW_CTX_DAG_RUN_ID='manual__2024-09-20T23:17:00.747801+00:00'
[2024-09-20T23:17:08.209+0000] {logging_mixin.py:190} INFO - Task instance is in running state
[2024-09-20T23:17:08.211+0000] {logging_mixin.py:190} INFO -  Previous state of the Task instance: queued
[2024-09-20T23:17:08.212+0000] {logging_mixin.py:190} INFO - Current task name:make_predictions state:running start_date:2024-09-20 23:17:07.943910+00:00
[2024-09-20T23:17:08.212+0000] {logging_mixin.py:190} INFO - Dag name:prediction_dag and current dag run status:running
[2024-09-20T23:17:08.213+0000] {taskinstance.py:731} INFO - ::endgroup::
[2024-09-20T23:17:08.231+0000] {python.py:240} INFO - Done. Returned value was: None
[2024-09-20T23:17:08.246+0000] {taskinstance.py:340} INFO - ::group::Post task execution logs
[2024-09-20T23:17:08.248+0000] {taskinstance.py:352} INFO - Marking task as SUCCESS. dag_id=prediction_dag, task_id=make_predictions, run_id=manual__2024-09-20T23:17:00.747801+00:00, execution_date=20240920T231700, start_date=20240920T231707, end_date=20240920T231708
[2024-09-20T23:17:08.262+0000] {logging_mixin.py:190} INFO - Task instance in success state
[2024-09-20T23:17:08.263+0000] {logging_mixin.py:190} INFO -  Previous state of the Task instance: running
[2024-09-20T23:17:08.264+0000] {logging_mixin.py:190} INFO - Dag name:prediction_dag queued_at:2024-09-20 23:17:00.808375+00:00
[2024-09-20T23:17:08.265+0000] {logging_mixin.py:190} INFO - Task hostname:d7fc165549cc operator:PythonOperator
[2024-09-20T23:17:08.291+0000] {local_task_job_runner.py:266} INFO - Task exited with return code 0
[2024-09-20T23:17:08.315+0000] {taskinstance.py:3900} INFO - 0 downstream tasks scheduled from follow-on schedule check
[2024-09-20T23:17:08.319+0000] {local_task_job_runner.py:245} INFO - ::endgroup::
