[2024-09-18T13:18:16.370+0000] {local_task_job_runner.py:123} INFO - ::group::Pre task execution logs
[2024-09-18T13:18:16.395+0000] {taskinstance.py:2612} INFO - Dependencies all met for dep_context=non-requeueable deps ti=<TaskInstance: Read_data_and_move_data.Read_dataset_files manual__2024-09-18T13:18:10.261543+00:00 [queued]>
[2024-09-18T13:18:16.409+0000] {taskinstance.py:2612} INFO - Dependencies all met for dep_context=requeueable deps ti=<TaskInstance: Read_data_and_move_data.Read_dataset_files manual__2024-09-18T13:18:10.261543+00:00 [queued]>
[2024-09-18T13:18:16.410+0000] {taskinstance.py:2865} INFO - Starting attempt 1 of 1
[2024-09-18T13:18:16.428+0000] {taskinstance.py:2888} INFO - Executing <Task(PythonOperator): Read_dataset_files> on 2024-09-18 13:18:10.261543+00:00
[2024-09-18T13:18:16.442+0000] {warnings.py:112} WARNING - /home/***/.local/lib/python3.12/site-packages/***/task/task_runner/standard_task_runner.py:70: DeprecationWarning: This process (pid=59) is multi-threaded, use of fork() may lead to deadlocks in the child.
  pid = os.fork()

[2024-09-18T13:18:16.444+0000] {standard_task_runner.py:104} INFO - Running: ['***', 'tasks', 'run', 'Read_data_and_move_data', 'Read_dataset_files', 'manual__2024-09-18T13:18:10.261543+00:00', '--job-id', '5', '--raw', '--subdir', 'DAGS_FOLDER/data_ingestion.py', '--cfg-path', '/tmp/tmpsi15oz68']
[2024-09-18T13:18:16.445+0000] {standard_task_runner.py:72} INFO - Started process 61 to run task
[2024-09-18T13:18:16.446+0000] {standard_task_runner.py:105} INFO - Job 5: Subtask Read_dataset_files
[2024-09-18T13:18:16.516+0000] {task_command.py:467} INFO - Running <TaskInstance: Read_data_and_move_data.Read_dataset_files manual__2024-09-18T13:18:10.261543+00:00 [running]> on host 9f2c0476a7cb
[2024-09-18T13:18:16.630+0000] {taskinstance.py:3131} INFO - Exporting env vars: AIRFLOW_CTX_DAG_OWNER='***' AIRFLOW_CTX_DAG_ID='Read_data_and_move_data' AIRFLOW_CTX_TASK_ID='Read_dataset_files' AIRFLOW_CTX_EXECUTION_DATE='2024-09-18T13:18:10.261543+00:00' AIRFLOW_CTX_TRY_NUMBER='1' AIRFLOW_CTX_DAG_RUN_ID='manual__2024-09-18T13:18:10.261543+00:00'
[2024-09-18T13:18:16.632+0000] {logging_mixin.py:190} INFO - Task instance is in running state
[2024-09-18T13:18:16.633+0000] {logging_mixin.py:190} INFO -  Previous state of the Task instance: queued
[2024-09-18T13:18:16.633+0000] {logging_mixin.py:190} INFO - Current task name:Read_dataset_files state:running start_date:2024-09-18 13:18:16.396374+00:00
[2024-09-18T13:18:16.634+0000] {logging_mixin.py:190} INFO - Dag name:Read_data_and_move_data and current dag run status:running
[2024-09-18T13:18:16.635+0000] {taskinstance.py:731} INFO - ::endgroup::
[2024-09-18T13:18:16.700+0000] {python.py:240} INFO - Done. Returned value was:     Age Sex ChestPainType  ...  Oldpeak  ST_Slope  HeartDisease
0    40   M           ATA  ...      0.0        Up             0
1    49   F           NAP  ...      1.0      Flat             1
2    37   M           ATA  ...      0.0        Up             0
3    48   F           ASY  ...      1.5      Flat             1
4    54   M           NAP  ...      0.0        Up             0
..  ...  ..           ...  ...      ...       ...           ...
86   65   M           ASY  ...      2.0      Flat             1
87   53   F           ATA  ...      2.0      Flat             0
88   43   M            TA  ...      0.0      Flat             1
89   55   M           ASY  ...      0.5      Flat             0
90   49   F           ATA  ...      0.0        Up             0

[91 rows x 12 columns]
[2024-09-18T13:18:16.972+0000] {taskinstance.py:340} INFO - ::group::Post task execution logs
[2024-09-18T13:18:16.973+0000] {taskinstance.py:352} INFO - Marking task as SUCCESS. dag_id=Read_data_and_move_data, task_id=Read_dataset_files, run_id=manual__2024-09-18T13:18:10.261543+00:00, execution_date=20240918T131810, start_date=20240918T131816, end_date=20240918T131816
[2024-09-18T13:18:16.991+0000] {logging_mixin.py:190} INFO - Task instance in success state
[2024-09-18T13:18:16.992+0000] {logging_mixin.py:190} INFO -  Previous state of the Task instance: running
[2024-09-18T13:18:16.993+0000] {logging_mixin.py:190} INFO - Dag name:Read_data_and_move_data queued_at:2024-09-18 13:18:10.285999+00:00
[2024-09-18T13:18:16.994+0000] {logging_mixin.py:190} INFO - Task hostname:9f2c0476a7cb operator:PythonOperator
[2024-09-18T13:18:17.027+0000] {local_task_job_runner.py:266} INFO - Task exited with return code 0
[2024-09-18T13:18:17.062+0000] {taskinstance.py:3900} INFO - 1 downstream tasks scheduled from follow-on schedule check
[2024-09-18T13:18:17.065+0000] {local_task_job_runner.py:245} INFO - ::endgroup::
