[2024-09-21T07:59:14.552+0000] {local_task_job_runner.py:123} INFO - ::group::Pre task execution logs
[2024-09-21T07:59:14.582+0000] {taskinstance.py:2612} INFO - Dependencies all met for dep_context=non-requeueable deps ti=<TaskInstance: prediction_dag.check_for_new_data scheduled__2024-09-21T07:56:00+00:00 [queued]>
[2024-09-21T07:59:14.595+0000] {taskinstance.py:2612} INFO - Dependencies all met for dep_context=requeueable deps ti=<TaskInstance: prediction_dag.check_for_new_data scheduled__2024-09-21T07:56:00+00:00 [queued]>
[2024-09-21T07:59:14.597+0000] {taskinstance.py:2865} INFO - Starting attempt 1 of 1
[2024-09-21T07:59:14.633+0000] {taskinstance.py:2888} INFO - Executing <Task(PythonOperator): check_for_new_data> on 2024-09-21 07:56:00+00:00
[2024-09-21T07:59:14.653+0000] {warnings.py:112} WARNING - /home/***/.local/lib/python3.12/site-packages/***/task/task_runner/standard_task_runner.py:70: DeprecationWarning: This process (pid=52) is multi-threaded, use of fork() may lead to deadlocks in the child.
  pid = os.fork()

[2024-09-21T07:59:14.663+0000] {standard_task_runner.py:72} INFO - Started process 62 to run task
[2024-09-21T07:59:14.675+0000] {standard_task_runner.py:104} INFO - Running: ['***', 'tasks', 'run', 'prediction_dag', 'check_for_new_data', 'scheduled__2024-09-21T07:56:00+00:00', '--job-id', '108', '--raw', '--subdir', 'DAGS_FOLDER/make_prediction.py', '--cfg-path', '/tmp/tmp9vfnfs68']
[2024-09-21T07:59:14.678+0000] {standard_task_runner.py:105} INFO - Job 108: Subtask check_for_new_data
[2024-09-21T07:59:15.443+0000] {task_command.py:467} INFO - Running <TaskInstance: prediction_dag.check_for_new_data scheduled__2024-09-21T07:56:00+00:00 [running]> on host f1690ee498f7
[2024-09-21T07:59:15.631+0000] {taskinstance.py:3131} INFO - Exporting env vars: AIRFLOW_CTX_DAG_OWNER='***' AIRFLOW_CTX_DAG_ID='prediction_dag' AIRFLOW_CTX_TASK_ID='check_for_new_data' AIRFLOW_CTX_EXECUTION_DATE='2024-09-21T07:56:00+00:00' AIRFLOW_CTX_TRY_NUMBER='1' AIRFLOW_CTX_DAG_RUN_ID='scheduled__2024-09-21T07:56:00+00:00'
[2024-09-21T07:59:15.633+0000] {logging_mixin.py:190} INFO - Task instance is in running state
[2024-09-21T07:59:15.634+0000] {logging_mixin.py:190} INFO -  Previous state of the Task instance: queued
[2024-09-21T07:59:15.635+0000] {logging_mixin.py:190} INFO - Current task name:check_for_new_data state:running start_date:2024-09-21 07:59:14.583777+00:00
[2024-09-21T07:59:15.636+0000] {logging_mixin.py:190} INFO - Dag name:prediction_dag and current dag run status:running
[2024-09-21T07:59:15.637+0000] {taskinstance.py:731} INFO - ::endgroup::
[2024-09-21T07:59:15.659+0000] {python.py:240} INFO - Done. Returned value was: []
[2024-09-21T07:59:15.695+0000] {taskinstance.py:340} INFO - ::group::Post task execution logs
[2024-09-21T07:59:15.696+0000] {taskinstance.py:352} INFO - Marking task as SUCCESS. dag_id=prediction_dag, task_id=check_for_new_data, run_id=scheduled__2024-09-21T07:56:00+00:00, execution_date=20240921T075600, start_date=20240921T075914, end_date=20240921T075915
[2024-09-21T07:59:15.711+0000] {logging_mixin.py:190} INFO - Task instance in success state
[2024-09-21T07:59:15.712+0000] {logging_mixin.py:190} INFO -  Previous state of the Task instance: running
[2024-09-21T07:59:15.712+0000] {logging_mixin.py:190} INFO - Dag name:prediction_dag queued_at:2024-09-21 07:58:54.041261+00:00
[2024-09-21T07:59:15.713+0000] {logging_mixin.py:190} INFO - Task hostname:f1690ee498f7 operator:PythonOperator
[2024-09-21T07:59:15.758+0000] {local_task_job_runner.py:266} INFO - Task exited with return code 0
[2024-09-21T07:59:15.785+0000] {taskinstance.py:3900} INFO - 1 downstream tasks scheduled from follow-on schedule check
[2024-09-21T07:59:15.787+0000] {local_task_job_runner.py:245} INFO - ::endgroup::
