[2024-09-20T11:40:14.902+0000] {processor.py:186} INFO - Started process (PID=38) to work on /home/airflow/.local/lib/python3.12/site-packages/airflow/example_dags/example_python_operator.py
[2024-09-20T11:40:14.905+0000] {processor.py:914} INFO - Processing file /home/airflow/.local/lib/python3.12/site-packages/airflow/example_dags/example_python_operator.py for tasks to queue
[2024-09-20T11:40:14.909+0000] {logging_mixin.py:190} INFO - [2024-09-20T11:40:14.909+0000] {dagbag.py:587} INFO - Filling up the DagBag from /home/airflow/.local/lib/python3.12/site-packages/airflow/example_dags/example_python_operator.py
[2024-09-20T11:40:15.259+0000] {processor.py:925} INFO - DAG(s) 'example_python_operator' retrieved from /home/airflow/.local/lib/python3.12/site-packages/airflow/example_dags/example_python_operator.py
[2024-09-20T11:40:15.715+0000] {logging_mixin.py:190} INFO - [2024-09-20T11:40:15.715+0000] {dag.py:3229} INFO - Sync 1 DAGs
[2024-09-20T11:40:15.779+0000] {logging_mixin.py:190} INFO - [2024-09-20T11:40:15.778+0000] {dag.py:4156} INFO - Setting next_dagrun for example_python_operator to None, run_after=None
[2024-09-20T11:40:15.867+0000] {processor.py:208} INFO - Processing /home/airflow/.local/lib/python3.12/site-packages/airflow/example_dags/example_python_operator.py took 0.984 seconds
[2024-09-20T11:40:46.765+0000] {processor.py:186} INFO - Started process (PID=106) to work on /home/airflow/.local/lib/python3.12/site-packages/airflow/example_dags/example_python_operator.py
[2024-09-20T11:40:46.772+0000] {processor.py:914} INFO - Processing file /home/airflow/.local/lib/python3.12/site-packages/airflow/example_dags/example_python_operator.py for tasks to queue
[2024-09-20T11:40:46.778+0000] {logging_mixin.py:190} INFO - [2024-09-20T11:40:46.777+0000] {dagbag.py:587} INFO - Filling up the DagBag from /home/airflow/.local/lib/python3.12/site-packages/airflow/example_dags/example_python_operator.py
[2024-09-20T11:40:46.810+0000] {processor.py:925} INFO - DAG(s) 'example_python_operator' retrieved from /home/airflow/.local/lib/python3.12/site-packages/airflow/example_dags/example_python_operator.py
[2024-09-20T11:40:46.869+0000] {logging_mixin.py:190} INFO - [2024-09-20T11:40:46.869+0000] {dag.py:3229} INFO - Sync 1 DAGs
[2024-09-20T11:40:46.898+0000] {logging_mixin.py:190} INFO - [2024-09-20T11:40:46.897+0000] {dag.py:4156} INFO - Setting next_dagrun for example_python_operator to None, run_after=None
[2024-09-20T11:40:46.927+0000] {processor.py:208} INFO - Processing /home/airflow/.local/lib/python3.12/site-packages/airflow/example_dags/example_python_operator.py took 0.174 seconds
[2024-09-20T11:41:17.799+0000] {processor.py:186} INFO - Started process (PID=170) to work on /home/airflow/.local/lib/python3.12/site-packages/airflow/example_dags/example_python_operator.py
[2024-09-20T11:41:17.802+0000] {processor.py:914} INFO - Processing file /home/airflow/.local/lib/python3.12/site-packages/airflow/example_dags/example_python_operator.py for tasks to queue
[2024-09-20T11:41:17.807+0000] {logging_mixin.py:190} INFO - [2024-09-20T11:41:17.806+0000] {dagbag.py:587} INFO - Filling up the DagBag from /home/airflow/.local/lib/python3.12/site-packages/airflow/example_dags/example_python_operator.py
[2024-09-20T11:41:17.835+0000] {processor.py:925} INFO - DAG(s) 'example_python_operator' retrieved from /home/airflow/.local/lib/python3.12/site-packages/airflow/example_dags/example_python_operator.py
[2024-09-20T11:41:17.890+0000] {logging_mixin.py:190} INFO - [2024-09-20T11:41:17.889+0000] {dag.py:3229} INFO - Sync 1 DAGs
[2024-09-20T11:41:17.914+0000] {logging_mixin.py:190} INFO - [2024-09-20T11:41:17.913+0000] {dag.py:4156} INFO - Setting next_dagrun for example_python_operator to None, run_after=None
[2024-09-20T11:41:17.944+0000] {processor.py:208} INFO - Processing /home/airflow/.local/lib/python3.12/site-packages/airflow/example_dags/example_python_operator.py took 0.156 seconds
[2024-09-20T11:41:48.478+0000] {processor.py:186} INFO - Started process (PID=234) to work on /home/airflow/.local/lib/python3.12/site-packages/airflow/example_dags/example_python_operator.py
[2024-09-20T11:41:48.480+0000] {processor.py:914} INFO - Processing file /home/airflow/.local/lib/python3.12/site-packages/airflow/example_dags/example_python_operator.py for tasks to queue
[2024-09-20T11:41:48.484+0000] {logging_mixin.py:190} INFO - [2024-09-20T11:41:48.482+0000] {dagbag.py:587} INFO - Filling up the DagBag from /home/airflow/.local/lib/python3.12/site-packages/airflow/example_dags/example_python_operator.py
[2024-09-20T11:41:48.509+0000] {processor.py:925} INFO - DAG(s) 'example_python_operator' retrieved from /home/airflow/.local/lib/python3.12/site-packages/airflow/example_dags/example_python_operator.py
[2024-09-20T11:41:48.556+0000] {logging_mixin.py:190} INFO - [2024-09-20T11:41:48.556+0000] {dag.py:3229} INFO - Sync 1 DAGs
[2024-09-20T11:41:48.583+0000] {logging_mixin.py:190} INFO - [2024-09-20T11:41:48.583+0000] {dag.py:4156} INFO - Setting next_dagrun for example_python_operator to None, run_after=None
[2024-09-20T11:41:48.620+0000] {processor.py:208} INFO - Processing /home/airflow/.local/lib/python3.12/site-packages/airflow/example_dags/example_python_operator.py took 0.152 seconds
[2024-09-20T11:42:19.117+0000] {processor.py:186} INFO - Started process (PID=302) to work on /home/airflow/.local/lib/python3.12/site-packages/airflow/example_dags/example_python_operator.py
[2024-09-20T11:42:19.119+0000] {processor.py:914} INFO - Processing file /home/airflow/.local/lib/python3.12/site-packages/airflow/example_dags/example_python_operator.py for tasks to queue
[2024-09-20T11:42:19.123+0000] {logging_mixin.py:190} INFO - [2024-09-20T11:42:19.122+0000] {dagbag.py:587} INFO - Filling up the DagBag from /home/airflow/.local/lib/python3.12/site-packages/airflow/example_dags/example_python_operator.py
[2024-09-20T11:42:19.181+0000] {processor.py:925} INFO - DAG(s) 'example_python_operator' retrieved from /home/airflow/.local/lib/python3.12/site-packages/airflow/example_dags/example_python_operator.py
[2024-09-20T11:42:19.220+0000] {logging_mixin.py:190} INFO - [2024-09-20T11:42:19.219+0000] {dag.py:3229} INFO - Sync 1 DAGs
[2024-09-20T11:42:19.260+0000] {logging_mixin.py:190} INFO - [2024-09-20T11:42:19.259+0000] {dag.py:4156} INFO - Setting next_dagrun for example_python_operator to None, run_after=None
[2024-09-20T11:42:19.307+0000] {processor.py:208} INFO - Processing /home/airflow/.local/lib/python3.12/site-packages/airflow/example_dags/example_python_operator.py took 0.196 seconds
[2024-09-20T11:42:49.863+0000] {processor.py:186} INFO - Started process (PID=366) to work on /home/airflow/.local/lib/python3.12/site-packages/airflow/example_dags/example_python_operator.py
[2024-09-20T11:42:49.865+0000] {processor.py:914} INFO - Processing file /home/airflow/.local/lib/python3.12/site-packages/airflow/example_dags/example_python_operator.py for tasks to queue
[2024-09-20T11:42:49.872+0000] {logging_mixin.py:190} INFO - [2024-09-20T11:42:49.872+0000] {dagbag.py:587} INFO - Filling up the DagBag from /home/airflow/.local/lib/python3.12/site-packages/airflow/example_dags/example_python_operator.py
[2024-09-20T11:42:49.909+0000] {processor.py:925} INFO - DAG(s) 'example_python_operator' retrieved from /home/airflow/.local/lib/python3.12/site-packages/airflow/example_dags/example_python_operator.py
[2024-09-20T11:42:49.958+0000] {logging_mixin.py:190} INFO - [2024-09-20T11:42:49.958+0000] {dag.py:3229} INFO - Sync 1 DAGs
[2024-09-20T11:42:49.993+0000] {logging_mixin.py:190} INFO - [2024-09-20T11:42:49.993+0000] {dag.py:4156} INFO - Setting next_dagrun for example_python_operator to None, run_after=None
[2024-09-20T11:42:50.056+0000] {processor.py:208} INFO - Processing /home/airflow/.local/lib/python3.12/site-packages/airflow/example_dags/example_python_operator.py took 0.205 seconds
[2024-09-20T11:43:20.536+0000] {processor.py:186} INFO - Started process (PID=430) to work on /home/airflow/.local/lib/python3.12/site-packages/airflow/example_dags/example_python_operator.py
[2024-09-20T11:43:20.538+0000] {processor.py:914} INFO - Processing file /home/airflow/.local/lib/python3.12/site-packages/airflow/example_dags/example_python_operator.py for tasks to queue
[2024-09-20T11:43:20.542+0000] {logging_mixin.py:190} INFO - [2024-09-20T11:43:20.541+0000] {dagbag.py:587} INFO - Filling up the DagBag from /home/airflow/.local/lib/python3.12/site-packages/airflow/example_dags/example_python_operator.py
[2024-09-20T11:43:20.560+0000] {processor.py:925} INFO - DAG(s) 'example_python_operator' retrieved from /home/airflow/.local/lib/python3.12/site-packages/airflow/example_dags/example_python_operator.py
[2024-09-20T11:43:20.612+0000] {logging_mixin.py:190} INFO - [2024-09-20T11:43:20.612+0000] {dag.py:3229} INFO - Sync 1 DAGs
[2024-09-20T11:43:20.649+0000] {logging_mixin.py:190} INFO - [2024-09-20T11:43:20.648+0000] {dag.py:4156} INFO - Setting next_dagrun for example_python_operator to None, run_after=None
[2024-09-20T11:43:20.683+0000] {processor.py:208} INFO - Processing /home/airflow/.local/lib/python3.12/site-packages/airflow/example_dags/example_python_operator.py took 0.155 seconds
[2024-09-20T11:43:51.196+0000] {processor.py:186} INFO - Started process (PID=495) to work on /home/airflow/.local/lib/python3.12/site-packages/airflow/example_dags/example_python_operator.py
[2024-09-20T11:43:51.199+0000] {processor.py:914} INFO - Processing file /home/airflow/.local/lib/python3.12/site-packages/airflow/example_dags/example_python_operator.py for tasks to queue
[2024-09-20T11:43:51.206+0000] {logging_mixin.py:190} INFO - [2024-09-20T11:43:51.205+0000] {dagbag.py:587} INFO - Filling up the DagBag from /home/airflow/.local/lib/python3.12/site-packages/airflow/example_dags/example_python_operator.py
[2024-09-20T11:43:51.231+0000] {processor.py:925} INFO - DAG(s) 'example_python_operator' retrieved from /home/airflow/.local/lib/python3.12/site-packages/airflow/example_dags/example_python_operator.py
[2024-09-20T11:43:51.281+0000] {logging_mixin.py:190} INFO - [2024-09-20T11:43:51.280+0000] {dag.py:3229} INFO - Sync 1 DAGs
[2024-09-20T11:43:51.314+0000] {logging_mixin.py:190} INFO - [2024-09-20T11:43:51.313+0000] {dag.py:4156} INFO - Setting next_dagrun for example_python_operator to None, run_after=None
[2024-09-20T11:43:51.371+0000] {processor.py:208} INFO - Processing /home/airflow/.local/lib/python3.12/site-packages/airflow/example_dags/example_python_operator.py took 0.190 seconds
[2024-09-20T11:44:21.703+0000] {processor.py:186} INFO - Started process (PID=559) to work on /home/airflow/.local/lib/python3.12/site-packages/airflow/example_dags/example_python_operator.py
[2024-09-20T11:44:21.705+0000] {processor.py:914} INFO - Processing file /home/airflow/.local/lib/python3.12/site-packages/airflow/example_dags/example_python_operator.py for tasks to queue
[2024-09-20T11:44:21.709+0000] {logging_mixin.py:190} INFO - [2024-09-20T11:44:21.709+0000] {dagbag.py:587} INFO - Filling up the DagBag from /home/airflow/.local/lib/python3.12/site-packages/airflow/example_dags/example_python_operator.py
[2024-09-20T11:44:21.730+0000] {processor.py:925} INFO - DAG(s) 'example_python_operator' retrieved from /home/airflow/.local/lib/python3.12/site-packages/airflow/example_dags/example_python_operator.py
[2024-09-20T11:44:21.774+0000] {logging_mixin.py:190} INFO - [2024-09-20T11:44:21.773+0000] {dag.py:3229} INFO - Sync 1 DAGs
[2024-09-20T11:44:21.795+0000] {logging_mixin.py:190} INFO - [2024-09-20T11:44:21.795+0000] {dag.py:4156} INFO - Setting next_dagrun for example_python_operator to None, run_after=None
[2024-09-20T11:44:21.827+0000] {processor.py:208} INFO - Processing /home/airflow/.local/lib/python3.12/site-packages/airflow/example_dags/example_python_operator.py took 0.132 seconds
[2024-09-20T11:44:52.141+0000] {processor.py:186} INFO - Started process (PID=624) to work on /home/airflow/.local/lib/python3.12/site-packages/airflow/example_dags/example_python_operator.py
[2024-09-20T11:44:52.146+0000] {processor.py:914} INFO - Processing file /home/airflow/.local/lib/python3.12/site-packages/airflow/example_dags/example_python_operator.py for tasks to queue
[2024-09-20T11:44:52.151+0000] {logging_mixin.py:190} INFO - [2024-09-20T11:44:52.150+0000] {dagbag.py:587} INFO - Filling up the DagBag from /home/airflow/.local/lib/python3.12/site-packages/airflow/example_dags/example_python_operator.py
[2024-09-20T11:44:52.173+0000] {processor.py:925} INFO - DAG(s) 'example_python_operator' retrieved from /home/airflow/.local/lib/python3.12/site-packages/airflow/example_dags/example_python_operator.py
[2024-09-20T11:44:52.211+0000] {logging_mixin.py:190} INFO - [2024-09-20T11:44:52.210+0000] {dag.py:3229} INFO - Sync 1 DAGs
[2024-09-20T11:44:52.242+0000] {logging_mixin.py:190} INFO - [2024-09-20T11:44:52.241+0000] {dag.py:4156} INFO - Setting next_dagrun for example_python_operator to None, run_after=None
[2024-09-20T11:44:52.292+0000] {processor.py:208} INFO - Processing /home/airflow/.local/lib/python3.12/site-packages/airflow/example_dags/example_python_operator.py took 0.160 seconds
[2024-09-20T11:45:23.056+0000] {processor.py:186} INFO - Started process (PID=688) to work on /home/airflow/.local/lib/python3.12/site-packages/airflow/example_dags/example_python_operator.py
[2024-09-20T11:45:23.058+0000] {processor.py:914} INFO - Processing file /home/airflow/.local/lib/python3.12/site-packages/airflow/example_dags/example_python_operator.py for tasks to queue
[2024-09-20T11:45:23.064+0000] {logging_mixin.py:190} INFO - [2024-09-20T11:45:23.063+0000] {dagbag.py:587} INFO - Filling up the DagBag from /home/airflow/.local/lib/python3.12/site-packages/airflow/example_dags/example_python_operator.py
[2024-09-20T11:45:23.094+0000] {processor.py:925} INFO - DAG(s) 'example_python_operator' retrieved from /home/airflow/.local/lib/python3.12/site-packages/airflow/example_dags/example_python_operator.py
[2024-09-20T11:45:23.143+0000] {logging_mixin.py:190} INFO - [2024-09-20T11:45:23.143+0000] {dag.py:3229} INFO - Sync 1 DAGs
[2024-09-20T11:45:23.179+0000] {logging_mixin.py:190} INFO - [2024-09-20T11:45:23.179+0000] {dag.py:4156} INFO - Setting next_dagrun for example_python_operator to None, run_after=None
[2024-09-20T11:45:23.225+0000] {processor.py:208} INFO - Processing /home/airflow/.local/lib/python3.12/site-packages/airflow/example_dags/example_python_operator.py took 0.180 seconds
[2024-09-20T11:45:53.648+0000] {processor.py:186} INFO - Started process (PID=751) to work on /home/airflow/.local/lib/python3.12/site-packages/airflow/example_dags/example_python_operator.py
[2024-09-20T11:45:53.649+0000] {processor.py:914} INFO - Processing file /home/airflow/.local/lib/python3.12/site-packages/airflow/example_dags/example_python_operator.py for tasks to queue
[2024-09-20T11:45:53.653+0000] {logging_mixin.py:190} INFO - [2024-09-20T11:45:53.653+0000] {dagbag.py:587} INFO - Filling up the DagBag from /home/airflow/.local/lib/python3.12/site-packages/airflow/example_dags/example_python_operator.py
[2024-09-20T11:45:53.674+0000] {processor.py:925} INFO - DAG(s) 'example_python_operator' retrieved from /home/airflow/.local/lib/python3.12/site-packages/airflow/example_dags/example_python_operator.py
[2024-09-20T11:45:53.715+0000] {logging_mixin.py:190} INFO - [2024-09-20T11:45:53.714+0000] {dag.py:3229} INFO - Sync 1 DAGs
[2024-09-20T11:45:53.740+0000] {logging_mixin.py:190} INFO - [2024-09-20T11:45:53.740+0000] {dag.py:4156} INFO - Setting next_dagrun for example_python_operator to None, run_after=None
[2024-09-20T11:45:53.785+0000] {processor.py:208} INFO - Processing /home/airflow/.local/lib/python3.12/site-packages/airflow/example_dags/example_python_operator.py took 0.146 seconds
[2024-09-20T11:46:23.999+0000] {processor.py:186} INFO - Started process (PID=815) to work on /home/airflow/.local/lib/python3.12/site-packages/airflow/example_dags/example_python_operator.py
[2024-09-20T11:46:24.001+0000] {processor.py:914} INFO - Processing file /home/airflow/.local/lib/python3.12/site-packages/airflow/example_dags/example_python_operator.py for tasks to queue
[2024-09-20T11:46:24.005+0000] {logging_mixin.py:190} INFO - [2024-09-20T11:46:24.004+0000] {dagbag.py:587} INFO - Filling up the DagBag from /home/airflow/.local/lib/python3.12/site-packages/airflow/example_dags/example_python_operator.py
[2024-09-20T11:46:24.022+0000] {processor.py:925} INFO - DAG(s) 'example_python_operator' retrieved from /home/airflow/.local/lib/python3.12/site-packages/airflow/example_dags/example_python_operator.py
[2024-09-20T11:46:24.057+0000] {logging_mixin.py:190} INFO - [2024-09-20T11:46:24.056+0000] {dag.py:3229} INFO - Sync 1 DAGs
[2024-09-20T11:46:24.081+0000] {logging_mixin.py:190} INFO - [2024-09-20T11:46:24.080+0000] {dag.py:4156} INFO - Setting next_dagrun for example_python_operator to None, run_after=None
[2024-09-20T11:46:24.116+0000] {processor.py:208} INFO - Processing /home/airflow/.local/lib/python3.12/site-packages/airflow/example_dags/example_python_operator.py took 0.124 seconds
[2024-09-20T11:46:54.883+0000] {processor.py:186} INFO - Started process (PID=879) to work on /home/airflow/.local/lib/python3.12/site-packages/airflow/example_dags/example_python_operator.py
[2024-09-20T11:46:54.885+0000] {processor.py:914} INFO - Processing file /home/airflow/.local/lib/python3.12/site-packages/airflow/example_dags/example_python_operator.py for tasks to queue
[2024-09-20T11:46:54.890+0000] {logging_mixin.py:190} INFO - [2024-09-20T11:46:54.889+0000] {dagbag.py:587} INFO - Filling up the DagBag from /home/airflow/.local/lib/python3.12/site-packages/airflow/example_dags/example_python_operator.py
[2024-09-20T11:46:54.910+0000] {processor.py:925} INFO - DAG(s) 'example_python_operator' retrieved from /home/airflow/.local/lib/python3.12/site-packages/airflow/example_dags/example_python_operator.py
[2024-09-20T11:46:54.944+0000] {logging_mixin.py:190} INFO - [2024-09-20T11:46:54.943+0000] {dag.py:3229} INFO - Sync 1 DAGs
[2024-09-20T11:46:54.966+0000] {logging_mixin.py:190} INFO - [2024-09-20T11:46:54.965+0000] {dag.py:4156} INFO - Setting next_dagrun for example_python_operator to None, run_after=None
[2024-09-20T11:46:54.999+0000] {processor.py:208} INFO - Processing /home/airflow/.local/lib/python3.12/site-packages/airflow/example_dags/example_python_operator.py took 0.131 seconds
[2024-09-20T11:47:25.515+0000] {processor.py:186} INFO - Started process (PID=943) to work on /home/airflow/.local/lib/python3.12/site-packages/airflow/example_dags/example_python_operator.py
[2024-09-20T11:47:25.517+0000] {processor.py:914} INFO - Processing file /home/airflow/.local/lib/python3.12/site-packages/airflow/example_dags/example_python_operator.py for tasks to queue
[2024-09-20T11:47:25.520+0000] {logging_mixin.py:190} INFO - [2024-09-20T11:47:25.520+0000] {dagbag.py:587} INFO - Filling up the DagBag from /home/airflow/.local/lib/python3.12/site-packages/airflow/example_dags/example_python_operator.py
[2024-09-20T11:47:25.540+0000] {processor.py:925} INFO - DAG(s) 'example_python_operator' retrieved from /home/airflow/.local/lib/python3.12/site-packages/airflow/example_dags/example_python_operator.py
[2024-09-20T11:47:25.581+0000] {logging_mixin.py:190} INFO - [2024-09-20T11:47:25.581+0000] {dag.py:3229} INFO - Sync 1 DAGs
[2024-09-20T11:47:25.605+0000] {logging_mixin.py:190} INFO - [2024-09-20T11:47:25.605+0000] {dag.py:4156} INFO - Setting next_dagrun for example_python_operator to None, run_after=None
[2024-09-20T11:47:25.645+0000] {processor.py:208} INFO - Processing /home/airflow/.local/lib/python3.12/site-packages/airflow/example_dags/example_python_operator.py took 0.138 seconds
[2024-09-20T11:47:56.398+0000] {processor.py:186} INFO - Started process (PID=1007) to work on /home/airflow/.local/lib/python3.12/site-packages/airflow/example_dags/example_python_operator.py
[2024-09-20T11:47:56.400+0000] {processor.py:914} INFO - Processing file /home/airflow/.local/lib/python3.12/site-packages/airflow/example_dags/example_python_operator.py for tasks to queue
[2024-09-20T11:47:56.406+0000] {logging_mixin.py:190} INFO - [2024-09-20T11:47:56.405+0000] {dagbag.py:587} INFO - Filling up the DagBag from /home/airflow/.local/lib/python3.12/site-packages/airflow/example_dags/example_python_operator.py
[2024-09-20T11:47:56.429+0000] {processor.py:925} INFO - DAG(s) 'example_python_operator' retrieved from /home/airflow/.local/lib/python3.12/site-packages/airflow/example_dags/example_python_operator.py
[2024-09-20T11:47:56.467+0000] {logging_mixin.py:190} INFO - [2024-09-20T11:47:56.467+0000] {dag.py:3229} INFO - Sync 1 DAGs
[2024-09-20T11:47:56.490+0000] {logging_mixin.py:190} INFO - [2024-09-20T11:47:56.490+0000] {dag.py:4156} INFO - Setting next_dagrun for example_python_operator to None, run_after=None
[2024-09-20T11:47:56.523+0000] {processor.py:208} INFO - Processing /home/airflow/.local/lib/python3.12/site-packages/airflow/example_dags/example_python_operator.py took 0.133 seconds
[2024-09-20T11:48:26.849+0000] {processor.py:186} INFO - Started process (PID=1071) to work on /home/airflow/.local/lib/python3.12/site-packages/airflow/example_dags/example_python_operator.py
[2024-09-20T11:48:26.852+0000] {processor.py:914} INFO - Processing file /home/airflow/.local/lib/python3.12/site-packages/airflow/example_dags/example_python_operator.py for tasks to queue
[2024-09-20T11:48:26.858+0000] {logging_mixin.py:190} INFO - [2024-09-20T11:48:26.857+0000] {dagbag.py:587} INFO - Filling up the DagBag from /home/airflow/.local/lib/python3.12/site-packages/airflow/example_dags/example_python_operator.py
[2024-09-20T11:48:26.888+0000] {processor.py:925} INFO - DAG(s) 'example_python_operator' retrieved from /home/airflow/.local/lib/python3.12/site-packages/airflow/example_dags/example_python_operator.py
[2024-09-20T11:48:26.946+0000] {logging_mixin.py:190} INFO - [2024-09-20T11:48:26.945+0000] {dag.py:3229} INFO - Sync 1 DAGs
[2024-09-20T11:48:26.983+0000] {logging_mixin.py:190} INFO - [2024-09-20T11:48:26.983+0000] {dag.py:4156} INFO - Setting next_dagrun for example_python_operator to None, run_after=None
[2024-09-20T11:48:27.039+0000] {processor.py:208} INFO - Processing /home/airflow/.local/lib/python3.12/site-packages/airflow/example_dags/example_python_operator.py took 0.203 seconds
[2024-09-20T11:48:57.322+0000] {processor.py:186} INFO - Started process (PID=1135) to work on /home/airflow/.local/lib/python3.12/site-packages/airflow/example_dags/example_python_operator.py
[2024-09-20T11:48:57.324+0000] {processor.py:914} INFO - Processing file /home/airflow/.local/lib/python3.12/site-packages/airflow/example_dags/example_python_operator.py for tasks to queue
[2024-09-20T11:48:57.328+0000] {logging_mixin.py:190} INFO - [2024-09-20T11:48:57.327+0000] {dagbag.py:587} INFO - Filling up the DagBag from /home/airflow/.local/lib/python3.12/site-packages/airflow/example_dags/example_python_operator.py
[2024-09-20T11:48:57.347+0000] {processor.py:925} INFO - DAG(s) 'example_python_operator' retrieved from /home/airflow/.local/lib/python3.12/site-packages/airflow/example_dags/example_python_operator.py
[2024-09-20T11:48:57.394+0000] {logging_mixin.py:190} INFO - [2024-09-20T11:48:57.393+0000] {dag.py:3229} INFO - Sync 1 DAGs
[2024-09-20T11:48:57.416+0000] {logging_mixin.py:190} INFO - [2024-09-20T11:48:57.416+0000] {dag.py:4156} INFO - Setting next_dagrun for example_python_operator to None, run_after=None
[2024-09-20T11:48:57.448+0000] {processor.py:208} INFO - Processing /home/airflow/.local/lib/python3.12/site-packages/airflow/example_dags/example_python_operator.py took 0.133 seconds
[2024-09-20T11:49:27.755+0000] {processor.py:186} INFO - Started process (PID=1199) to work on /home/airflow/.local/lib/python3.12/site-packages/airflow/example_dags/example_python_operator.py
[2024-09-20T11:49:27.760+0000] {processor.py:914} INFO - Processing file /home/airflow/.local/lib/python3.12/site-packages/airflow/example_dags/example_python_operator.py for tasks to queue
[2024-09-20T11:49:27.770+0000] {logging_mixin.py:190} INFO - [2024-09-20T11:49:27.767+0000] {dagbag.py:587} INFO - Filling up the DagBag from /home/airflow/.local/lib/python3.12/site-packages/airflow/example_dags/example_python_operator.py
[2024-09-20T11:49:27.802+0000] {processor.py:925} INFO - DAG(s) 'example_python_operator' retrieved from /home/airflow/.local/lib/python3.12/site-packages/airflow/example_dags/example_python_operator.py
[2024-09-20T11:49:27.858+0000] {logging_mixin.py:190} INFO - [2024-09-20T11:49:27.858+0000] {dag.py:3229} INFO - Sync 1 DAGs
[2024-09-20T11:49:27.888+0000] {logging_mixin.py:190} INFO - [2024-09-20T11:49:27.888+0000] {dag.py:4156} INFO - Setting next_dagrun for example_python_operator to None, run_after=None
[2024-09-20T11:49:27.929+0000] {processor.py:208} INFO - Processing /home/airflow/.local/lib/python3.12/site-packages/airflow/example_dags/example_python_operator.py took 0.191 seconds
[2024-09-20T11:49:58.207+0000] {processor.py:186} INFO - Started process (PID=1263) to work on /home/airflow/.local/lib/python3.12/site-packages/airflow/example_dags/example_python_operator.py
[2024-09-20T11:49:58.208+0000] {processor.py:914} INFO - Processing file /home/airflow/.local/lib/python3.12/site-packages/airflow/example_dags/example_python_operator.py for tasks to queue
[2024-09-20T11:49:58.213+0000] {logging_mixin.py:190} INFO - [2024-09-20T11:49:58.212+0000] {dagbag.py:587} INFO - Filling up the DagBag from /home/airflow/.local/lib/python3.12/site-packages/airflow/example_dags/example_python_operator.py
[2024-09-20T11:49:58.234+0000] {processor.py:925} INFO - DAG(s) 'example_python_operator' retrieved from /home/airflow/.local/lib/python3.12/site-packages/airflow/example_dags/example_python_operator.py
[2024-09-20T11:49:58.268+0000] {logging_mixin.py:190} INFO - [2024-09-20T11:49:58.267+0000] {dag.py:3229} INFO - Sync 1 DAGs
[2024-09-20T11:49:58.292+0000] {logging_mixin.py:190} INFO - [2024-09-20T11:49:58.292+0000] {dag.py:4156} INFO - Setting next_dagrun for example_python_operator to None, run_after=None
[2024-09-20T11:49:58.325+0000] {processor.py:208} INFO - Processing /home/airflow/.local/lib/python3.12/site-packages/airflow/example_dags/example_python_operator.py took 0.126 seconds
[2024-09-20T11:50:28.569+0000] {processor.py:186} INFO - Started process (PID=1331) to work on /home/airflow/.local/lib/python3.12/site-packages/airflow/example_dags/example_python_operator.py
[2024-09-20T11:50:28.571+0000] {processor.py:914} INFO - Processing file /home/airflow/.local/lib/python3.12/site-packages/airflow/example_dags/example_python_operator.py for tasks to queue
[2024-09-20T11:50:28.575+0000] {logging_mixin.py:190} INFO - [2024-09-20T11:50:28.574+0000] {dagbag.py:587} INFO - Filling up the DagBag from /home/airflow/.local/lib/python3.12/site-packages/airflow/example_dags/example_python_operator.py
[2024-09-20T11:50:28.595+0000] {processor.py:925} INFO - DAG(s) 'example_python_operator' retrieved from /home/airflow/.local/lib/python3.12/site-packages/airflow/example_dags/example_python_operator.py
[2024-09-20T11:50:28.629+0000] {logging_mixin.py:190} INFO - [2024-09-20T11:50:28.629+0000] {dag.py:3229} INFO - Sync 1 DAGs
[2024-09-20T11:50:28.653+0000] {logging_mixin.py:190} INFO - [2024-09-20T11:50:28.653+0000] {dag.py:4156} INFO - Setting next_dagrun for example_python_operator to None, run_after=None
[2024-09-20T11:50:28.686+0000] {processor.py:208} INFO - Processing /home/airflow/.local/lib/python3.12/site-packages/airflow/example_dags/example_python_operator.py took 0.124 seconds
[2024-09-20T11:50:59.704+0000] {processor.py:186} INFO - Started process (PID=1395) to work on /home/airflow/.local/lib/python3.12/site-packages/airflow/example_dags/example_python_operator.py
[2024-09-20T11:50:59.706+0000] {processor.py:914} INFO - Processing file /home/airflow/.local/lib/python3.12/site-packages/airflow/example_dags/example_python_operator.py for tasks to queue
[2024-09-20T11:50:59.709+0000] {logging_mixin.py:190} INFO - [2024-09-20T11:50:59.709+0000] {dagbag.py:587} INFO - Filling up the DagBag from /home/airflow/.local/lib/python3.12/site-packages/airflow/example_dags/example_python_operator.py
[2024-09-20T11:50:59.730+0000] {processor.py:925} INFO - DAG(s) 'example_python_operator' retrieved from /home/airflow/.local/lib/python3.12/site-packages/airflow/example_dags/example_python_operator.py
[2024-09-20T11:50:59.764+0000] {logging_mixin.py:190} INFO - [2024-09-20T11:50:59.764+0000] {dag.py:3229} INFO - Sync 1 DAGs
[2024-09-20T11:50:59.789+0000] {logging_mixin.py:190} INFO - [2024-09-20T11:50:59.789+0000] {dag.py:4156} INFO - Setting next_dagrun for example_python_operator to None, run_after=None
[2024-09-20T11:50:59.825+0000] {processor.py:208} INFO - Processing /home/airflow/.local/lib/python3.12/site-packages/airflow/example_dags/example_python_operator.py took 0.129 seconds
[2024-09-20T11:51:30.057+0000] {processor.py:186} INFO - Started process (PID=1459) to work on /home/airflow/.local/lib/python3.12/site-packages/airflow/example_dags/example_python_operator.py
[2024-09-20T11:51:30.059+0000] {processor.py:914} INFO - Processing file /home/airflow/.local/lib/python3.12/site-packages/airflow/example_dags/example_python_operator.py for tasks to queue
[2024-09-20T11:51:30.062+0000] {logging_mixin.py:190} INFO - [2024-09-20T11:51:30.061+0000] {dagbag.py:587} INFO - Filling up the DagBag from /home/airflow/.local/lib/python3.12/site-packages/airflow/example_dags/example_python_operator.py
[2024-09-20T11:51:30.086+0000] {processor.py:925} INFO - DAG(s) 'example_python_operator' retrieved from /home/airflow/.local/lib/python3.12/site-packages/airflow/example_dags/example_python_operator.py
[2024-09-20T11:51:30.123+0000] {logging_mixin.py:190} INFO - [2024-09-20T11:51:30.123+0000] {dag.py:3229} INFO - Sync 1 DAGs
[2024-09-20T11:51:30.147+0000] {logging_mixin.py:190} INFO - [2024-09-20T11:51:30.146+0000] {dag.py:4156} INFO - Setting next_dagrun for example_python_operator to None, run_after=None
[2024-09-20T11:51:30.179+0000] {processor.py:208} INFO - Processing /home/airflow/.local/lib/python3.12/site-packages/airflow/example_dags/example_python_operator.py took 0.130 seconds
[2024-09-20T11:52:00.479+0000] {processor.py:186} INFO - Started process (PID=1523) to work on /home/airflow/.local/lib/python3.12/site-packages/airflow/example_dags/example_python_operator.py
[2024-09-20T11:52:00.481+0000] {processor.py:914} INFO - Processing file /home/airflow/.local/lib/python3.12/site-packages/airflow/example_dags/example_python_operator.py for tasks to queue
[2024-09-20T11:52:00.485+0000] {logging_mixin.py:190} INFO - [2024-09-20T11:52:00.484+0000] {dagbag.py:587} INFO - Filling up the DagBag from /home/airflow/.local/lib/python3.12/site-packages/airflow/example_dags/example_python_operator.py
[2024-09-20T11:52:00.501+0000] {processor.py:925} INFO - DAG(s) 'example_python_operator' retrieved from /home/airflow/.local/lib/python3.12/site-packages/airflow/example_dags/example_python_operator.py
[2024-09-20T11:52:00.535+0000] {logging_mixin.py:190} INFO - [2024-09-20T11:52:00.534+0000] {dag.py:3229} INFO - Sync 1 DAGs
[2024-09-20T11:52:00.556+0000] {logging_mixin.py:190} INFO - [2024-09-20T11:52:00.556+0000] {dag.py:4156} INFO - Setting next_dagrun for example_python_operator to None, run_after=None
[2024-09-20T11:52:00.589+0000] {processor.py:208} INFO - Processing /home/airflow/.local/lib/python3.12/site-packages/airflow/example_dags/example_python_operator.py took 0.118 seconds
[2024-09-20T11:52:31.643+0000] {processor.py:186} INFO - Started process (PID=1587) to work on /home/airflow/.local/lib/python3.12/site-packages/airflow/example_dags/example_python_operator.py
[2024-09-20T11:52:31.645+0000] {processor.py:914} INFO - Processing file /home/airflow/.local/lib/python3.12/site-packages/airflow/example_dags/example_python_operator.py for tasks to queue
[2024-09-20T11:52:31.649+0000] {logging_mixin.py:190} INFO - [2024-09-20T11:52:31.649+0000] {dagbag.py:587} INFO - Filling up the DagBag from /home/airflow/.local/lib/python3.12/site-packages/airflow/example_dags/example_python_operator.py
[2024-09-20T11:52:31.663+0000] {processor.py:925} INFO - DAG(s) 'example_python_operator' retrieved from /home/airflow/.local/lib/python3.12/site-packages/airflow/example_dags/example_python_operator.py
[2024-09-20T11:52:31.696+0000] {logging_mixin.py:190} INFO - [2024-09-20T11:52:31.696+0000] {dag.py:3229} INFO - Sync 1 DAGs
[2024-09-20T11:52:31.719+0000] {logging_mixin.py:190} INFO - [2024-09-20T11:52:31.718+0000] {dag.py:4156} INFO - Setting next_dagrun for example_python_operator to None, run_after=None
[2024-09-20T11:52:31.750+0000] {processor.py:208} INFO - Processing /home/airflow/.local/lib/python3.12/site-packages/airflow/example_dags/example_python_operator.py took 0.121 seconds
[2024-09-20T11:53:02.658+0000] {processor.py:186} INFO - Started process (PID=1650) to work on /home/airflow/.local/lib/python3.12/site-packages/airflow/example_dags/example_python_operator.py
[2024-09-20T11:53:02.660+0000] {processor.py:914} INFO - Processing file /home/airflow/.local/lib/python3.12/site-packages/airflow/example_dags/example_python_operator.py for tasks to queue
[2024-09-20T11:53:02.663+0000] {logging_mixin.py:190} INFO - [2024-09-20T11:53:02.662+0000] {dagbag.py:587} INFO - Filling up the DagBag from /home/airflow/.local/lib/python3.12/site-packages/airflow/example_dags/example_python_operator.py
[2024-09-20T11:53:02.680+0000] {processor.py:925} INFO - DAG(s) 'example_python_operator' retrieved from /home/airflow/.local/lib/python3.12/site-packages/airflow/example_dags/example_python_operator.py
[2024-09-20T11:53:02.713+0000] {logging_mixin.py:190} INFO - [2024-09-20T11:53:02.713+0000] {dag.py:3229} INFO - Sync 1 DAGs
[2024-09-20T11:53:02.736+0000] {logging_mixin.py:190} INFO - [2024-09-20T11:53:02.736+0000] {dag.py:4156} INFO - Setting next_dagrun for example_python_operator to None, run_after=None
[2024-09-20T11:53:02.771+0000] {processor.py:208} INFO - Processing /home/airflow/.local/lib/python3.12/site-packages/airflow/example_dags/example_python_operator.py took 0.121 seconds
[2024-09-20T11:53:55.256+0000] {processor.py:186} INFO - Started process (PID=1709) to work on /home/airflow/.local/lib/python3.12/site-packages/airflow/example_dags/example_python_operator.py
[2024-09-20T11:53:55.257+0000] {processor.py:914} INFO - Processing file /home/airflow/.local/lib/python3.12/site-packages/airflow/example_dags/example_python_operator.py for tasks to queue
[2024-09-20T11:53:55.260+0000] {logging_mixin.py:190} INFO - [2024-09-20T11:53:55.260+0000] {dagbag.py:587} INFO - Filling up the DagBag from /home/airflow/.local/lib/python3.12/site-packages/airflow/example_dags/example_python_operator.py
[2024-09-20T11:53:55.273+0000] {processor.py:925} INFO - DAG(s) 'example_python_operator' retrieved from /home/airflow/.local/lib/python3.12/site-packages/airflow/example_dags/example_python_operator.py
[2024-09-20T11:53:55.296+0000] {logging_mixin.py:190} INFO - [2024-09-20T11:53:55.296+0000] {dag.py:3229} INFO - Sync 1 DAGs
[2024-09-20T11:53:55.311+0000] {logging_mixin.py:190} INFO - [2024-09-20T11:53:55.311+0000] {dag.py:4156} INFO - Setting next_dagrun for example_python_operator to None, run_after=None
[2024-09-20T11:53:55.338+0000] {processor.py:208} INFO - Processing /home/airflow/.local/lib/python3.12/site-packages/airflow/example_dags/example_python_operator.py took 0.088 seconds
[2024-09-20T11:54:25.896+0000] {processor.py:186} INFO - Started process (PID=1772) to work on /home/airflow/.local/lib/python3.12/site-packages/airflow/example_dags/example_python_operator.py
[2024-09-20T11:54:25.897+0000] {processor.py:914} INFO - Processing file /home/airflow/.local/lib/python3.12/site-packages/airflow/example_dags/example_python_operator.py for tasks to queue
[2024-09-20T11:54:25.901+0000] {logging_mixin.py:190} INFO - [2024-09-20T11:54:25.900+0000] {dagbag.py:587} INFO - Filling up the DagBag from /home/airflow/.local/lib/python3.12/site-packages/airflow/example_dags/example_python_operator.py
[2024-09-20T11:54:25.921+0000] {processor.py:925} INFO - DAG(s) 'example_python_operator' retrieved from /home/airflow/.local/lib/python3.12/site-packages/airflow/example_dags/example_python_operator.py
[2024-09-20T11:54:25.956+0000] {logging_mixin.py:190} INFO - [2024-09-20T11:54:25.956+0000] {dag.py:3229} INFO - Sync 1 DAGs
[2024-09-20T11:54:25.979+0000] {logging_mixin.py:190} INFO - [2024-09-20T11:54:25.978+0000] {dag.py:4156} INFO - Setting next_dagrun for example_python_operator to None, run_after=None
[2024-09-20T11:54:26.013+0000] {processor.py:208} INFO - Processing /home/airflow/.local/lib/python3.12/site-packages/airflow/example_dags/example_python_operator.py took 0.126 seconds
[2024-09-20T11:54:57.365+0000] {processor.py:186} INFO - Started process (PID=1836) to work on /home/airflow/.local/lib/python3.12/site-packages/airflow/example_dags/example_python_operator.py
[2024-09-20T11:54:57.367+0000] {processor.py:914} INFO - Processing file /home/airflow/.local/lib/python3.12/site-packages/airflow/example_dags/example_python_operator.py for tasks to queue
[2024-09-20T11:54:57.370+0000] {logging_mixin.py:190} INFO - [2024-09-20T11:54:57.370+0000] {dagbag.py:587} INFO - Filling up the DagBag from /home/airflow/.local/lib/python3.12/site-packages/airflow/example_dags/example_python_operator.py
[2024-09-20T11:54:57.390+0000] {processor.py:925} INFO - DAG(s) 'example_python_operator' retrieved from /home/airflow/.local/lib/python3.12/site-packages/airflow/example_dags/example_python_operator.py
[2024-09-20T11:54:57.430+0000] {logging_mixin.py:190} INFO - [2024-09-20T11:54:57.429+0000] {dag.py:3229} INFO - Sync 1 DAGs
[2024-09-20T11:54:57.452+0000] {logging_mixin.py:190} INFO - [2024-09-20T11:54:57.451+0000] {dag.py:4156} INFO - Setting next_dagrun for example_python_operator to None, run_after=None
[2024-09-20T11:54:57.487+0000] {processor.py:208} INFO - Processing /home/airflow/.local/lib/python3.12/site-packages/airflow/example_dags/example_python_operator.py took 0.130 seconds
[2024-09-20T11:55:28.427+0000] {processor.py:186} INFO - Started process (PID=1897) to work on /home/airflow/.local/lib/python3.12/site-packages/airflow/example_dags/example_python_operator.py
[2024-09-20T11:55:28.429+0000] {processor.py:914} INFO - Processing file /home/airflow/.local/lib/python3.12/site-packages/airflow/example_dags/example_python_operator.py for tasks to queue
[2024-09-20T11:55:28.433+0000] {logging_mixin.py:190} INFO - [2024-09-20T11:55:28.432+0000] {dagbag.py:587} INFO - Filling up the DagBag from /home/airflow/.local/lib/python3.12/site-packages/airflow/example_dags/example_python_operator.py
[2024-09-20T11:55:28.459+0000] {processor.py:925} INFO - DAG(s) 'example_python_operator' retrieved from /home/airflow/.local/lib/python3.12/site-packages/airflow/example_dags/example_python_operator.py
[2024-09-20T11:55:28.496+0000] {logging_mixin.py:190} INFO - [2024-09-20T11:55:28.496+0000] {dag.py:3229} INFO - Sync 1 DAGs
[2024-09-20T11:55:28.530+0000] {logging_mixin.py:190} INFO - [2024-09-20T11:55:28.530+0000] {dag.py:4156} INFO - Setting next_dagrun for example_python_operator to None, run_after=None
[2024-09-20T11:55:28.565+0000] {processor.py:208} INFO - Processing /home/airflow/.local/lib/python3.12/site-packages/airflow/example_dags/example_python_operator.py took 0.147 seconds
[2024-09-20T11:56:00.307+0000] {processor.py:186} INFO - Started process (PID=1961) to work on /home/airflow/.local/lib/python3.12/site-packages/airflow/example_dags/example_python_operator.py
[2024-09-20T11:56:00.309+0000] {processor.py:914} INFO - Processing file /home/airflow/.local/lib/python3.12/site-packages/airflow/example_dags/example_python_operator.py for tasks to queue
[2024-09-20T11:56:00.312+0000] {logging_mixin.py:190} INFO - [2024-09-20T11:56:00.312+0000] {dagbag.py:587} INFO - Filling up the DagBag from /home/airflow/.local/lib/python3.12/site-packages/airflow/example_dags/example_python_operator.py
[2024-09-20T11:56:00.333+0000] {processor.py:925} INFO - DAG(s) 'example_python_operator' retrieved from /home/airflow/.local/lib/python3.12/site-packages/airflow/example_dags/example_python_operator.py
[2024-09-20T11:56:00.366+0000] {logging_mixin.py:190} INFO - [2024-09-20T11:56:00.366+0000] {dag.py:3229} INFO - Sync 1 DAGs
[2024-09-20T11:56:00.391+0000] {logging_mixin.py:190} INFO - [2024-09-20T11:56:00.391+0000] {dag.py:4156} INFO - Setting next_dagrun for example_python_operator to None, run_after=None
[2024-09-20T11:56:00.425+0000] {processor.py:208} INFO - Processing /home/airflow/.local/lib/python3.12/site-packages/airflow/example_dags/example_python_operator.py took 0.125 seconds
