[2024-09-20T11:40:16.603+0000] {processor.py:186} INFO - Started process (PID=41) to work on /home/airflow/.local/lib/python3.12/site-packages/airflow/example_dags/example_sensors.py
[2024-09-20T11:40:16.609+0000] {processor.py:914} INFO - Processing file /home/airflow/.local/lib/python3.12/site-packages/airflow/example_dags/example_sensors.py for tasks to queue
[2024-09-20T11:40:16.623+0000] {logging_mixin.py:190} INFO - [2024-09-20T11:40:16.619+0000] {dagbag.py:587} INFO - Filling up the DagBag from /home/airflow/.local/lib/python3.12/site-packages/airflow/example_dags/example_sensors.py
[2024-09-20T11:40:16.739+0000] {processor.py:925} INFO - DAG(s) 'example_sensors' retrieved from /home/airflow/.local/lib/python3.12/site-packages/airflow/example_dags/example_sensors.py
[2024-09-20T11:40:17.004+0000] {logging_mixin.py:190} INFO - [2024-09-20T11:40:17.004+0000] {dag.py:3229} INFO - Sync 1 DAGs
[2024-09-20T11:40:17.049+0000] {logging_mixin.py:190} INFO - [2024-09-20T11:40:17.049+0000] {dag.py:4156} INFO - Setting next_dagrun for example_sensors to None, run_after=None
[2024-09-20T11:40:17.112+0000] {processor.py:208} INFO - Processing /home/airflow/.local/lib/python3.12/site-packages/airflow/example_dags/example_sensors.py took 0.544 seconds
[2024-09-20T11:40:47.949+0000] {processor.py:186} INFO - Started process (PID=109) to work on /home/airflow/.local/lib/python3.12/site-packages/airflow/example_dags/example_sensors.py
[2024-09-20T11:40:47.953+0000] {processor.py:914} INFO - Processing file /home/airflow/.local/lib/python3.12/site-packages/airflow/example_dags/example_sensors.py for tasks to queue
[2024-09-20T11:40:47.958+0000] {logging_mixin.py:190} INFO - [2024-09-20T11:40:47.958+0000] {dagbag.py:587} INFO - Filling up the DagBag from /home/airflow/.local/lib/python3.12/site-packages/airflow/example_dags/example_sensors.py
[2024-09-20T11:40:47.981+0000] {processor.py:925} INFO - DAG(s) 'example_sensors' retrieved from /home/airflow/.local/lib/python3.12/site-packages/airflow/example_dags/example_sensors.py
[2024-09-20T11:40:48.025+0000] {logging_mixin.py:190} INFO - [2024-09-20T11:40:48.025+0000] {dag.py:3229} INFO - Sync 1 DAGs
[2024-09-20T11:40:48.049+0000] {logging_mixin.py:190} INFO - [2024-09-20T11:40:48.049+0000] {dag.py:4156} INFO - Setting next_dagrun for example_sensors to None, run_after=None
[2024-09-20T11:40:48.080+0000] {processor.py:208} INFO - Processing /home/airflow/.local/lib/python3.12/site-packages/airflow/example_dags/example_sensors.py took 0.145 seconds
[2024-09-20T11:41:18.970+0000] {processor.py:186} INFO - Started process (PID=173) to work on /home/airflow/.local/lib/python3.12/site-packages/airflow/example_dags/example_sensors.py
[2024-09-20T11:41:18.971+0000] {processor.py:914} INFO - Processing file /home/airflow/.local/lib/python3.12/site-packages/airflow/example_dags/example_sensors.py for tasks to queue
[2024-09-20T11:41:18.975+0000] {logging_mixin.py:190} INFO - [2024-09-20T11:41:18.974+0000] {dagbag.py:587} INFO - Filling up the DagBag from /home/airflow/.local/lib/python3.12/site-packages/airflow/example_dags/example_sensors.py
[2024-09-20T11:41:18.990+0000] {processor.py:925} INFO - DAG(s) 'example_sensors' retrieved from /home/airflow/.local/lib/python3.12/site-packages/airflow/example_dags/example_sensors.py
[2024-09-20T11:41:19.034+0000] {logging_mixin.py:190} INFO - [2024-09-20T11:41:19.033+0000] {dag.py:3229} INFO - Sync 1 DAGs
[2024-09-20T11:41:19.055+0000] {logging_mixin.py:190} INFO - [2024-09-20T11:41:19.054+0000] {dag.py:4156} INFO - Setting next_dagrun for example_sensors to None, run_after=None
[2024-09-20T11:41:19.086+0000] {processor.py:208} INFO - Processing /home/airflow/.local/lib/python3.12/site-packages/airflow/example_dags/example_sensors.py took 0.125 seconds
[2024-09-20T11:41:49.733+0000] {processor.py:186} INFO - Started process (PID=237) to work on /home/airflow/.local/lib/python3.12/site-packages/airflow/example_dags/example_sensors.py
[2024-09-20T11:41:49.747+0000] {processor.py:914} INFO - Processing file /home/airflow/.local/lib/python3.12/site-packages/airflow/example_dags/example_sensors.py for tasks to queue
[2024-09-20T11:41:49.752+0000] {logging_mixin.py:190} INFO - [2024-09-20T11:41:49.751+0000] {dagbag.py:587} INFO - Filling up the DagBag from /home/airflow/.local/lib/python3.12/site-packages/airflow/example_dags/example_sensors.py
[2024-09-20T11:41:49.776+0000] {processor.py:925} INFO - DAG(s) 'example_sensors' retrieved from /home/airflow/.local/lib/python3.12/site-packages/airflow/example_dags/example_sensors.py
[2024-09-20T11:41:49.834+0000] {logging_mixin.py:190} INFO - [2024-09-20T11:41:49.833+0000] {dag.py:3229} INFO - Sync 1 DAGs
[2024-09-20T11:41:49.866+0000] {logging_mixin.py:190} INFO - [2024-09-20T11:41:49.866+0000] {dag.py:4156} INFO - Setting next_dagrun for example_sensors to None, run_after=None
[2024-09-20T11:41:49.905+0000] {processor.py:208} INFO - Processing /home/airflow/.local/lib/python3.12/site-packages/airflow/example_dags/example_sensors.py took 0.179 seconds
[2024-09-20T11:42:20.243+0000] {processor.py:186} INFO - Started process (PID=305) to work on /home/airflow/.local/lib/python3.12/site-packages/airflow/example_dags/example_sensors.py
[2024-09-20T11:42:20.244+0000] {processor.py:914} INFO - Processing file /home/airflow/.local/lib/python3.12/site-packages/airflow/example_dags/example_sensors.py for tasks to queue
[2024-09-20T11:42:20.247+0000] {logging_mixin.py:190} INFO - [2024-09-20T11:42:20.247+0000] {dagbag.py:587} INFO - Filling up the DagBag from /home/airflow/.local/lib/python3.12/site-packages/airflow/example_dags/example_sensors.py
[2024-09-20T11:42:20.265+0000] {processor.py:925} INFO - DAG(s) 'example_sensors' retrieved from /home/airflow/.local/lib/python3.12/site-packages/airflow/example_dags/example_sensors.py
[2024-09-20T11:42:20.309+0000] {logging_mixin.py:190} INFO - [2024-09-20T11:42:20.309+0000] {dag.py:3229} INFO - Sync 1 DAGs
[2024-09-20T11:42:20.333+0000] {logging_mixin.py:190} INFO - [2024-09-20T11:42:20.333+0000] {dag.py:4156} INFO - Setting next_dagrun for example_sensors to None, run_after=None
[2024-09-20T11:42:20.372+0000] {processor.py:208} INFO - Processing /home/airflow/.local/lib/python3.12/site-packages/airflow/example_dags/example_sensors.py took 0.138 seconds
[2024-09-20T11:42:51.055+0000] {processor.py:186} INFO - Started process (PID=369) to work on /home/airflow/.local/lib/python3.12/site-packages/airflow/example_dags/example_sensors.py
[2024-09-20T11:42:51.059+0000] {processor.py:914} INFO - Processing file /home/airflow/.local/lib/python3.12/site-packages/airflow/example_dags/example_sensors.py for tasks to queue
[2024-09-20T11:42:51.063+0000] {logging_mixin.py:190} INFO - [2024-09-20T11:42:51.062+0000] {dagbag.py:587} INFO - Filling up the DagBag from /home/airflow/.local/lib/python3.12/site-packages/airflow/example_dags/example_sensors.py
[2024-09-20T11:42:51.099+0000] {processor.py:925} INFO - DAG(s) 'example_sensors' retrieved from /home/airflow/.local/lib/python3.12/site-packages/airflow/example_dags/example_sensors.py
[2024-09-20T11:42:51.141+0000] {logging_mixin.py:190} INFO - [2024-09-20T11:42:51.140+0000] {dag.py:3229} INFO - Sync 1 DAGs
[2024-09-20T11:42:51.161+0000] {logging_mixin.py:190} INFO - [2024-09-20T11:42:51.161+0000] {dag.py:4156} INFO - Setting next_dagrun for example_sensors to None, run_after=None
[2024-09-20T11:42:51.194+0000] {processor.py:208} INFO - Processing /home/airflow/.local/lib/python3.12/site-packages/airflow/example_dags/example_sensors.py took 0.149 seconds
[2024-09-20T11:43:21.725+0000] {processor.py:186} INFO - Started process (PID=433) to work on /home/airflow/.local/lib/python3.12/site-packages/airflow/example_dags/example_sensors.py
[2024-09-20T11:43:21.730+0000] {processor.py:914} INFO - Processing file /home/airflow/.local/lib/python3.12/site-packages/airflow/example_dags/example_sensors.py for tasks to queue
[2024-09-20T11:43:21.735+0000] {logging_mixin.py:190} INFO - [2024-09-20T11:43:21.734+0000] {dagbag.py:587} INFO - Filling up the DagBag from /home/airflow/.local/lib/python3.12/site-packages/airflow/example_dags/example_sensors.py
[2024-09-20T11:43:21.763+0000] {processor.py:925} INFO - DAG(s) 'example_sensors' retrieved from /home/airflow/.local/lib/python3.12/site-packages/airflow/example_dags/example_sensors.py
[2024-09-20T11:43:21.814+0000] {logging_mixin.py:190} INFO - [2024-09-20T11:43:21.814+0000] {dag.py:3229} INFO - Sync 1 DAGs
[2024-09-20T11:43:21.856+0000] {logging_mixin.py:190} INFO - [2024-09-20T11:43:21.855+0000] {dag.py:4156} INFO - Setting next_dagrun for example_sensors to None, run_after=None
[2024-09-20T11:43:21.920+0000] {processor.py:208} INFO - Processing /home/airflow/.local/lib/python3.12/site-packages/airflow/example_dags/example_sensors.py took 0.205 seconds
[2024-09-20T11:43:52.322+0000] {processor.py:186} INFO - Started process (PID=498) to work on /home/airflow/.local/lib/python3.12/site-packages/airflow/example_dags/example_sensors.py
[2024-09-20T11:43:52.329+0000] {processor.py:914} INFO - Processing file /home/airflow/.local/lib/python3.12/site-packages/airflow/example_dags/example_sensors.py for tasks to queue
[2024-09-20T11:43:52.333+0000] {logging_mixin.py:190} INFO - [2024-09-20T11:43:52.333+0000] {dagbag.py:587} INFO - Filling up the DagBag from /home/airflow/.local/lib/python3.12/site-packages/airflow/example_dags/example_sensors.py
[2024-09-20T11:43:52.350+0000] {processor.py:925} INFO - DAG(s) 'example_sensors' retrieved from /home/airflow/.local/lib/python3.12/site-packages/airflow/example_dags/example_sensors.py
[2024-09-20T11:43:52.391+0000] {logging_mixin.py:190} INFO - [2024-09-20T11:43:52.391+0000] {dag.py:3229} INFO - Sync 1 DAGs
[2024-09-20T11:43:52.413+0000] {logging_mixin.py:190} INFO - [2024-09-20T11:43:52.413+0000] {dag.py:4156} INFO - Setting next_dagrun for example_sensors to None, run_after=None
[2024-09-20T11:43:52.444+0000] {processor.py:208} INFO - Processing /home/airflow/.local/lib/python3.12/site-packages/airflow/example_dags/example_sensors.py took 0.133 seconds
[2024-09-20T11:44:22.919+0000] {processor.py:186} INFO - Started process (PID=562) to work on /home/airflow/.local/lib/python3.12/site-packages/airflow/example_dags/example_sensors.py
[2024-09-20T11:44:22.921+0000] {processor.py:914} INFO - Processing file /home/airflow/.local/lib/python3.12/site-packages/airflow/example_dags/example_sensors.py for tasks to queue
[2024-09-20T11:44:22.928+0000] {logging_mixin.py:190} INFO - [2024-09-20T11:44:22.927+0000] {dagbag.py:587} INFO - Filling up the DagBag from /home/airflow/.local/lib/python3.12/site-packages/airflow/example_dags/example_sensors.py
[2024-09-20T11:44:22.946+0000] {processor.py:925} INFO - DAG(s) 'example_sensors' retrieved from /home/airflow/.local/lib/python3.12/site-packages/airflow/example_dags/example_sensors.py
[2024-09-20T11:44:22.988+0000] {logging_mixin.py:190} INFO - [2024-09-20T11:44:22.988+0000] {dag.py:3229} INFO - Sync 1 DAGs
[2024-09-20T11:44:23.012+0000] {logging_mixin.py:190} INFO - [2024-09-20T11:44:23.012+0000] {dag.py:4156} INFO - Setting next_dagrun for example_sensors to None, run_after=None
[2024-09-20T11:44:23.047+0000] {processor.py:208} INFO - Processing /home/airflow/.local/lib/python3.12/site-packages/airflow/example_dags/example_sensors.py took 0.140 seconds
[2024-09-20T11:44:53.204+0000] {processor.py:186} INFO - Started process (PID=627) to work on /home/airflow/.local/lib/python3.12/site-packages/airflow/example_dags/example_sensors.py
[2024-09-20T11:44:53.208+0000] {processor.py:914} INFO - Processing file /home/airflow/.local/lib/python3.12/site-packages/airflow/example_dags/example_sensors.py for tasks to queue
[2024-09-20T11:44:53.213+0000] {logging_mixin.py:190} INFO - [2024-09-20T11:44:53.212+0000] {dagbag.py:587} INFO - Filling up the DagBag from /home/airflow/.local/lib/python3.12/site-packages/airflow/example_dags/example_sensors.py
[2024-09-20T11:44:53.249+0000] {processor.py:925} INFO - DAG(s) 'example_sensors' retrieved from /home/airflow/.local/lib/python3.12/site-packages/airflow/example_dags/example_sensors.py
[2024-09-20T11:44:53.325+0000] {logging_mixin.py:190} INFO - [2024-09-20T11:44:53.325+0000] {dag.py:3229} INFO - Sync 1 DAGs
[2024-09-20T11:44:53.349+0000] {logging_mixin.py:190} INFO - [2024-09-20T11:44:53.349+0000] {dag.py:4156} INFO - Setting next_dagrun for example_sensors to None, run_after=None
[2024-09-20T11:44:53.380+0000] {processor.py:208} INFO - Processing /home/airflow/.local/lib/python3.12/site-packages/airflow/example_dags/example_sensors.py took 0.187 seconds
[2024-09-20T11:45:24.245+0000] {processor.py:186} INFO - Started process (PID=691) to work on /home/airflow/.local/lib/python3.12/site-packages/airflow/example_dags/example_sensors.py
[2024-09-20T11:45:24.247+0000] {processor.py:914} INFO - Processing file /home/airflow/.local/lib/python3.12/site-packages/airflow/example_dags/example_sensors.py for tasks to queue
[2024-09-20T11:45:24.253+0000] {logging_mixin.py:190} INFO - [2024-09-20T11:45:24.252+0000] {dagbag.py:587} INFO - Filling up the DagBag from /home/airflow/.local/lib/python3.12/site-packages/airflow/example_dags/example_sensors.py
[2024-09-20T11:45:24.286+0000] {processor.py:925} INFO - DAG(s) 'example_sensors' retrieved from /home/airflow/.local/lib/python3.12/site-packages/airflow/example_dags/example_sensors.py
[2024-09-20T11:45:24.347+0000] {logging_mixin.py:190} INFO - [2024-09-20T11:45:24.347+0000] {dag.py:3229} INFO - Sync 1 DAGs
[2024-09-20T11:45:24.383+0000] {logging_mixin.py:190} INFO - [2024-09-20T11:45:24.382+0000] {dag.py:4156} INFO - Setting next_dagrun for example_sensors to None, run_after=None
[2024-09-20T11:45:24.431+0000] {processor.py:208} INFO - Processing /home/airflow/.local/lib/python3.12/site-packages/airflow/example_dags/example_sensors.py took 0.197 seconds
[2024-09-20T11:45:54.852+0000] {processor.py:186} INFO - Started process (PID=754) to work on /home/airflow/.local/lib/python3.12/site-packages/airflow/example_dags/example_sensors.py
[2024-09-20T11:45:54.858+0000] {processor.py:914} INFO - Processing file /home/airflow/.local/lib/python3.12/site-packages/airflow/example_dags/example_sensors.py for tasks to queue
[2024-09-20T11:45:54.862+0000] {logging_mixin.py:190} INFO - [2024-09-20T11:45:54.861+0000] {dagbag.py:587} INFO - Filling up the DagBag from /home/airflow/.local/lib/python3.12/site-packages/airflow/example_dags/example_sensors.py
[2024-09-20T11:45:54.887+0000] {processor.py:925} INFO - DAG(s) 'example_sensors' retrieved from /home/airflow/.local/lib/python3.12/site-packages/airflow/example_dags/example_sensors.py
[2024-09-20T11:45:54.937+0000] {logging_mixin.py:190} INFO - [2024-09-20T11:45:54.937+0000] {dag.py:3229} INFO - Sync 1 DAGs
[2024-09-20T11:45:54.970+0000] {logging_mixin.py:190} INFO - [2024-09-20T11:45:54.969+0000] {dag.py:4156} INFO - Setting next_dagrun for example_sensors to None, run_after=None
[2024-09-20T11:45:55.014+0000] {processor.py:208} INFO - Processing /home/airflow/.local/lib/python3.12/site-packages/airflow/example_dags/example_sensors.py took 0.177 seconds
[2024-09-20T11:46:25.190+0000] {processor.py:186} INFO - Started process (PID=818) to work on /home/airflow/.local/lib/python3.12/site-packages/airflow/example_dags/example_sensors.py
[2024-09-20T11:46:25.192+0000] {processor.py:914} INFO - Processing file /home/airflow/.local/lib/python3.12/site-packages/airflow/example_dags/example_sensors.py for tasks to queue
[2024-09-20T11:46:25.196+0000] {logging_mixin.py:190} INFO - [2024-09-20T11:46:25.195+0000] {dagbag.py:587} INFO - Filling up the DagBag from /home/airflow/.local/lib/python3.12/site-packages/airflow/example_dags/example_sensors.py
[2024-09-20T11:46:25.217+0000] {processor.py:925} INFO - DAG(s) 'example_sensors' retrieved from /home/airflow/.local/lib/python3.12/site-packages/airflow/example_dags/example_sensors.py
[2024-09-20T11:46:25.263+0000] {logging_mixin.py:190} INFO - [2024-09-20T11:46:25.263+0000] {dag.py:3229} INFO - Sync 1 DAGs
[2024-09-20T11:46:25.286+0000] {logging_mixin.py:190} INFO - [2024-09-20T11:46:25.286+0000] {dag.py:4156} INFO - Setting next_dagrun for example_sensors to None, run_after=None
[2024-09-20T11:46:25.316+0000] {processor.py:208} INFO - Processing /home/airflow/.local/lib/python3.12/site-packages/airflow/example_dags/example_sensors.py took 0.134 seconds
[2024-09-20T11:46:56.059+0000] {processor.py:186} INFO - Started process (PID=882) to work on /home/airflow/.local/lib/python3.12/site-packages/airflow/example_dags/example_sensors.py
[2024-09-20T11:46:56.061+0000] {processor.py:914} INFO - Processing file /home/airflow/.local/lib/python3.12/site-packages/airflow/example_dags/example_sensors.py for tasks to queue
[2024-09-20T11:46:56.064+0000] {logging_mixin.py:190} INFO - [2024-09-20T11:46:56.064+0000] {dagbag.py:587} INFO - Filling up the DagBag from /home/airflow/.local/lib/python3.12/site-packages/airflow/example_dags/example_sensors.py
[2024-09-20T11:46:56.080+0000] {processor.py:925} INFO - DAG(s) 'example_sensors' retrieved from /home/airflow/.local/lib/python3.12/site-packages/airflow/example_dags/example_sensors.py
[2024-09-20T11:46:56.124+0000] {logging_mixin.py:190} INFO - [2024-09-20T11:46:56.123+0000] {dag.py:3229} INFO - Sync 1 DAGs
[2024-09-20T11:46:56.146+0000] {logging_mixin.py:190} INFO - [2024-09-20T11:46:56.146+0000] {dag.py:4156} INFO - Setting next_dagrun for example_sensors to None, run_after=None
[2024-09-20T11:46:56.179+0000] {processor.py:208} INFO - Processing /home/airflow/.local/lib/python3.12/site-packages/airflow/example_dags/example_sensors.py took 0.127 seconds
[2024-09-20T11:47:26.721+0000] {processor.py:186} INFO - Started process (PID=946) to work on /home/airflow/.local/lib/python3.12/site-packages/airflow/example_dags/example_sensors.py
[2024-09-20T11:47:26.722+0000] {processor.py:914} INFO - Processing file /home/airflow/.local/lib/python3.12/site-packages/airflow/example_dags/example_sensors.py for tasks to queue
[2024-09-20T11:47:26.726+0000] {logging_mixin.py:190} INFO - [2024-09-20T11:47:26.725+0000] {dagbag.py:587} INFO - Filling up the DagBag from /home/airflow/.local/lib/python3.12/site-packages/airflow/example_dags/example_sensors.py
[2024-09-20T11:47:26.743+0000] {processor.py:925} INFO - DAG(s) 'example_sensors' retrieved from /home/airflow/.local/lib/python3.12/site-packages/airflow/example_dags/example_sensors.py
[2024-09-20T11:47:26.793+0000] {logging_mixin.py:190} INFO - [2024-09-20T11:47:26.793+0000] {dag.py:3229} INFO - Sync 1 DAGs
[2024-09-20T11:47:26.829+0000] {logging_mixin.py:190} INFO - [2024-09-20T11:47:26.828+0000] {dag.py:4156} INFO - Setting next_dagrun for example_sensors to None, run_after=None
[2024-09-20T11:47:26.870+0000] {processor.py:208} INFO - Processing /home/airflow/.local/lib/python3.12/site-packages/airflow/example_dags/example_sensors.py took 0.156 seconds
[2024-09-20T11:47:57.540+0000] {processor.py:186} INFO - Started process (PID=1010) to work on /home/airflow/.local/lib/python3.12/site-packages/airflow/example_dags/example_sensors.py
[2024-09-20T11:47:57.541+0000] {processor.py:914} INFO - Processing file /home/airflow/.local/lib/python3.12/site-packages/airflow/example_dags/example_sensors.py for tasks to queue
[2024-09-20T11:47:57.545+0000] {logging_mixin.py:190} INFO - [2024-09-20T11:47:57.545+0000] {dagbag.py:587} INFO - Filling up the DagBag from /home/airflow/.local/lib/python3.12/site-packages/airflow/example_dags/example_sensors.py
[2024-09-20T11:47:57.567+0000] {processor.py:925} INFO - DAG(s) 'example_sensors' retrieved from /home/airflow/.local/lib/python3.12/site-packages/airflow/example_dags/example_sensors.py
[2024-09-20T11:47:57.608+0000] {logging_mixin.py:190} INFO - [2024-09-20T11:47:57.607+0000] {dag.py:3229} INFO - Sync 1 DAGs
[2024-09-20T11:47:57.632+0000] {logging_mixin.py:190} INFO - [2024-09-20T11:47:57.631+0000] {dag.py:4156} INFO - Setting next_dagrun for example_sensors to None, run_after=None
[2024-09-20T11:47:57.666+0000] {processor.py:208} INFO - Processing /home/airflow/.local/lib/python3.12/site-packages/airflow/example_dags/example_sensors.py took 0.134 seconds
[2024-09-20T11:48:27.981+0000] {processor.py:186} INFO - Started process (PID=1074) to work on /home/airflow/.local/lib/python3.12/site-packages/airflow/example_dags/example_sensors.py
[2024-09-20T11:48:27.983+0000] {processor.py:914} INFO - Processing file /home/airflow/.local/lib/python3.12/site-packages/airflow/example_dags/example_sensors.py for tasks to queue
[2024-09-20T11:48:27.986+0000] {logging_mixin.py:190} INFO - [2024-09-20T11:48:27.986+0000] {dagbag.py:587} INFO - Filling up the DagBag from /home/airflow/.local/lib/python3.12/site-packages/airflow/example_dags/example_sensors.py
[2024-09-20T11:48:28.002+0000] {processor.py:925} INFO - DAG(s) 'example_sensors' retrieved from /home/airflow/.local/lib/python3.12/site-packages/airflow/example_dags/example_sensors.py
[2024-09-20T11:48:28.047+0000] {logging_mixin.py:190} INFO - [2024-09-20T11:48:28.046+0000] {dag.py:3229} INFO - Sync 1 DAGs
[2024-09-20T11:48:28.069+0000] {logging_mixin.py:190} INFO - [2024-09-20T11:48:28.069+0000] {dag.py:4156} INFO - Setting next_dagrun for example_sensors to None, run_after=None
[2024-09-20T11:48:28.103+0000] {processor.py:208} INFO - Processing /home/airflow/.local/lib/python3.12/site-packages/airflow/example_dags/example_sensors.py took 0.129 seconds
[2024-09-20T11:48:58.493+0000] {processor.py:186} INFO - Started process (PID=1138) to work on /home/airflow/.local/lib/python3.12/site-packages/airflow/example_dags/example_sensors.py
[2024-09-20T11:48:58.495+0000] {processor.py:914} INFO - Processing file /home/airflow/.local/lib/python3.12/site-packages/airflow/example_dags/example_sensors.py for tasks to queue
[2024-09-20T11:48:58.499+0000] {logging_mixin.py:190} INFO - [2024-09-20T11:48:58.498+0000] {dagbag.py:587} INFO - Filling up the DagBag from /home/airflow/.local/lib/python3.12/site-packages/airflow/example_dags/example_sensors.py
[2024-09-20T11:48:58.518+0000] {processor.py:925} INFO - DAG(s) 'example_sensors' retrieved from /home/airflow/.local/lib/python3.12/site-packages/airflow/example_dags/example_sensors.py
[2024-09-20T11:48:58.569+0000] {logging_mixin.py:190} INFO - [2024-09-20T11:48:58.568+0000] {dag.py:3229} INFO - Sync 1 DAGs
[2024-09-20T11:48:58.602+0000] {logging_mixin.py:190} INFO - [2024-09-20T11:48:58.601+0000] {dag.py:4156} INFO - Setting next_dagrun for example_sensors to None, run_after=None
[2024-09-20T11:48:58.652+0000] {processor.py:208} INFO - Processing /home/airflow/.local/lib/python3.12/site-packages/airflow/example_dags/example_sensors.py took 0.167 seconds
[2024-09-20T11:49:29.005+0000] {processor.py:186} INFO - Started process (PID=1202) to work on /home/airflow/.local/lib/python3.12/site-packages/airflow/example_dags/example_sensors.py
[2024-09-20T11:49:29.006+0000] {processor.py:914} INFO - Processing file /home/airflow/.local/lib/python3.12/site-packages/airflow/example_dags/example_sensors.py for tasks to queue
[2024-09-20T11:49:29.011+0000] {logging_mixin.py:190} INFO - [2024-09-20T11:49:29.010+0000] {dagbag.py:587} INFO - Filling up the DagBag from /home/airflow/.local/lib/python3.12/site-packages/airflow/example_dags/example_sensors.py
[2024-09-20T11:49:29.033+0000] {processor.py:925} INFO - DAG(s) 'example_sensors' retrieved from /home/airflow/.local/lib/python3.12/site-packages/airflow/example_dags/example_sensors.py
[2024-09-20T11:49:29.116+0000] {logging_mixin.py:190} INFO - [2024-09-20T11:49:29.116+0000] {dag.py:3229} INFO - Sync 1 DAGs
[2024-09-20T11:49:29.152+0000] {logging_mixin.py:190} INFO - [2024-09-20T11:49:29.151+0000] {dag.py:4156} INFO - Setting next_dagrun for example_sensors to None, run_after=None
[2024-09-20T11:49:29.193+0000] {processor.py:208} INFO - Processing /home/airflow/.local/lib/python3.12/site-packages/airflow/example_dags/example_sensors.py took 0.198 seconds
[2024-09-20T11:49:59.400+0000] {processor.py:186} INFO - Started process (PID=1266) to work on /home/airflow/.local/lib/python3.12/site-packages/airflow/example_dags/example_sensors.py
[2024-09-20T11:49:59.401+0000] {processor.py:914} INFO - Processing file /home/airflow/.local/lib/python3.12/site-packages/airflow/example_dags/example_sensors.py for tasks to queue
[2024-09-20T11:49:59.415+0000] {logging_mixin.py:190} INFO - [2024-09-20T11:49:59.414+0000] {dagbag.py:587} INFO - Filling up the DagBag from /home/airflow/.local/lib/python3.12/site-packages/airflow/example_dags/example_sensors.py
[2024-09-20T11:49:59.438+0000] {processor.py:925} INFO - DAG(s) 'example_sensors' retrieved from /home/airflow/.local/lib/python3.12/site-packages/airflow/example_dags/example_sensors.py
[2024-09-20T11:49:59.495+0000] {logging_mixin.py:190} INFO - [2024-09-20T11:49:59.495+0000] {dag.py:3229} INFO - Sync 1 DAGs
[2024-09-20T11:49:59.519+0000] {logging_mixin.py:190} INFO - [2024-09-20T11:49:59.519+0000] {dag.py:4156} INFO - Setting next_dagrun for example_sensors to None, run_after=None
[2024-09-20T11:49:59.553+0000] {processor.py:208} INFO - Processing /home/airflow/.local/lib/python3.12/site-packages/airflow/example_dags/example_sensors.py took 0.161 seconds
[2024-09-20T11:50:29.781+0000] {processor.py:186} INFO - Started process (PID=1334) to work on /home/airflow/.local/lib/python3.12/site-packages/airflow/example_dags/example_sensors.py
[2024-09-20T11:50:29.784+0000] {processor.py:914} INFO - Processing file /home/airflow/.local/lib/python3.12/site-packages/airflow/example_dags/example_sensors.py for tasks to queue
[2024-09-20T11:50:29.789+0000] {logging_mixin.py:190} INFO - [2024-09-20T11:50:29.788+0000] {dagbag.py:587} INFO - Filling up the DagBag from /home/airflow/.local/lib/python3.12/site-packages/airflow/example_dags/example_sensors.py
[2024-09-20T11:50:29.815+0000] {processor.py:925} INFO - DAG(s) 'example_sensors' retrieved from /home/airflow/.local/lib/python3.12/site-packages/airflow/example_dags/example_sensors.py
[2024-09-20T11:50:29.857+0000] {logging_mixin.py:190} INFO - [2024-09-20T11:50:29.857+0000] {dag.py:3229} INFO - Sync 1 DAGs
[2024-09-20T11:50:29.879+0000] {logging_mixin.py:190} INFO - [2024-09-20T11:50:29.879+0000] {dag.py:4156} INFO - Setting next_dagrun for example_sensors to None, run_after=None
[2024-09-20T11:50:29.912+0000] {processor.py:208} INFO - Processing /home/airflow/.local/lib/python3.12/site-packages/airflow/example_dags/example_sensors.py took 0.143 seconds
[2024-09-20T11:51:00.090+0000] {processor.py:186} INFO - Started process (PID=1398) to work on /home/airflow/.local/lib/python3.12/site-packages/airflow/example_dags/example_sensors.py
[2024-09-20T11:51:00.092+0000] {processor.py:914} INFO - Processing file /home/airflow/.local/lib/python3.12/site-packages/airflow/example_dags/example_sensors.py for tasks to queue
[2024-09-20T11:51:00.095+0000] {logging_mixin.py:190} INFO - [2024-09-20T11:51:00.095+0000] {dagbag.py:587} INFO - Filling up the DagBag from /home/airflow/.local/lib/python3.12/site-packages/airflow/example_dags/example_sensors.py
[2024-09-20T11:51:00.111+0000] {processor.py:925} INFO - DAG(s) 'example_sensors' retrieved from /home/airflow/.local/lib/python3.12/site-packages/airflow/example_dags/example_sensors.py
[2024-09-20T11:51:00.158+0000] {logging_mixin.py:190} INFO - [2024-09-20T11:51:00.157+0000] {dag.py:3229} INFO - Sync 1 DAGs
[2024-09-20T11:51:00.187+0000] {logging_mixin.py:190} INFO - [2024-09-20T11:51:00.187+0000] {dag.py:4156} INFO - Setting next_dagrun for example_sensors to None, run_after=None
[2024-09-20T11:51:00.232+0000] {processor.py:208} INFO - Processing /home/airflow/.local/lib/python3.12/site-packages/airflow/example_dags/example_sensors.py took 0.150 seconds
[2024-09-20T11:51:30.428+0000] {processor.py:186} INFO - Started process (PID=1462) to work on /home/airflow/.local/lib/python3.12/site-packages/airflow/example_dags/example_sensors.py
[2024-09-20T11:51:30.435+0000] {processor.py:914} INFO - Processing file /home/airflow/.local/lib/python3.12/site-packages/airflow/example_dags/example_sensors.py for tasks to queue
[2024-09-20T11:51:30.438+0000] {logging_mixin.py:190} INFO - [2024-09-20T11:51:30.438+0000] {dagbag.py:587} INFO - Filling up the DagBag from /home/airflow/.local/lib/python3.12/site-packages/airflow/example_dags/example_sensors.py
[2024-09-20T11:51:30.454+0000] {processor.py:925} INFO - DAG(s) 'example_sensors' retrieved from /home/airflow/.local/lib/python3.12/site-packages/airflow/example_dags/example_sensors.py
[2024-09-20T11:51:30.500+0000] {logging_mixin.py:190} INFO - [2024-09-20T11:51:30.499+0000] {dag.py:3229} INFO - Sync 1 DAGs
[2024-09-20T11:51:30.523+0000] {logging_mixin.py:190} INFO - [2024-09-20T11:51:30.522+0000] {dag.py:4156} INFO - Setting next_dagrun for example_sensors to None, run_after=None
[2024-09-20T11:51:30.556+0000] {processor.py:208} INFO - Processing /home/airflow/.local/lib/python3.12/site-packages/airflow/example_dags/example_sensors.py took 0.136 seconds
[2024-09-20T11:52:00.827+0000] {processor.py:186} INFO - Started process (PID=1526) to work on /home/airflow/.local/lib/python3.12/site-packages/airflow/example_dags/example_sensors.py
[2024-09-20T11:52:00.829+0000] {processor.py:914} INFO - Processing file /home/airflow/.local/lib/python3.12/site-packages/airflow/example_dags/example_sensors.py for tasks to queue
[2024-09-20T11:52:00.835+0000] {logging_mixin.py:190} INFO - [2024-09-20T11:52:00.834+0000] {dagbag.py:587} INFO - Filling up the DagBag from /home/airflow/.local/lib/python3.12/site-packages/airflow/example_dags/example_sensors.py
[2024-09-20T11:52:00.855+0000] {processor.py:925} INFO - DAG(s) 'example_sensors' retrieved from /home/airflow/.local/lib/python3.12/site-packages/airflow/example_dags/example_sensors.py
[2024-09-20T11:52:00.914+0000] {logging_mixin.py:190} INFO - [2024-09-20T11:52:00.913+0000] {dag.py:3229} INFO - Sync 1 DAGs
[2024-09-20T11:52:00.938+0000] {logging_mixin.py:190} INFO - [2024-09-20T11:52:00.938+0000] {dag.py:4156} INFO - Setting next_dagrun for example_sensors to None, run_after=None
[2024-09-20T11:52:00.969+0000] {processor.py:208} INFO - Processing /home/airflow/.local/lib/python3.12/site-packages/airflow/example_dags/example_sensors.py took 0.151 seconds
[2024-09-20T11:52:32.008+0000] {processor.py:186} INFO - Started process (PID=1590) to work on /home/airflow/.local/lib/python3.12/site-packages/airflow/example_dags/example_sensors.py
[2024-09-20T11:52:32.010+0000] {processor.py:914} INFO - Processing file /home/airflow/.local/lib/python3.12/site-packages/airflow/example_dags/example_sensors.py for tasks to queue
[2024-09-20T11:52:32.014+0000] {logging_mixin.py:190} INFO - [2024-09-20T11:52:32.013+0000] {dagbag.py:587} INFO - Filling up the DagBag from /home/airflow/.local/lib/python3.12/site-packages/airflow/example_dags/example_sensors.py
[2024-09-20T11:52:32.032+0000] {processor.py:925} INFO - DAG(s) 'example_sensors' retrieved from /home/airflow/.local/lib/python3.12/site-packages/airflow/example_dags/example_sensors.py
[2024-09-20T11:52:32.089+0000] {logging_mixin.py:190} INFO - [2024-09-20T11:52:32.089+0000] {dag.py:3229} INFO - Sync 1 DAGs
[2024-09-20T11:52:32.113+0000] {logging_mixin.py:190} INFO - [2024-09-20T11:52:32.112+0000] {dag.py:4156} INFO - Setting next_dagrun for example_sensors to None, run_after=None
[2024-09-20T11:52:32.191+0000] {processor.py:208} INFO - Processing /home/airflow/.local/lib/python3.12/site-packages/airflow/example_dags/example_sensors.py took 0.192 seconds
[2024-09-20T11:53:03.020+0000] {processor.py:186} INFO - Started process (PID=1653) to work on /home/airflow/.local/lib/python3.12/site-packages/airflow/example_dags/example_sensors.py
[2024-09-20T11:53:03.023+0000] {processor.py:914} INFO - Processing file /home/airflow/.local/lib/python3.12/site-packages/airflow/example_dags/example_sensors.py for tasks to queue
[2024-09-20T11:53:03.026+0000] {logging_mixin.py:190} INFO - [2024-09-20T11:53:03.026+0000] {dagbag.py:587} INFO - Filling up the DagBag from /home/airflow/.local/lib/python3.12/site-packages/airflow/example_dags/example_sensors.py
[2024-09-20T11:53:03.042+0000] {processor.py:925} INFO - DAG(s) 'example_sensors' retrieved from /home/airflow/.local/lib/python3.12/site-packages/airflow/example_dags/example_sensors.py
[2024-09-20T11:53:03.081+0000] {logging_mixin.py:190} INFO - [2024-09-20T11:53:03.081+0000] {dag.py:3229} INFO - Sync 1 DAGs
[2024-09-20T11:53:03.103+0000] {logging_mixin.py:190} INFO - [2024-09-20T11:53:03.102+0000] {dag.py:4156} INFO - Setting next_dagrun for example_sensors to None, run_after=None
[2024-09-20T11:53:03.133+0000] {processor.py:208} INFO - Processing /home/airflow/.local/lib/python3.12/site-packages/airflow/example_dags/example_sensors.py took 0.121 seconds
[2024-09-20T11:53:55.502+0000] {processor.py:186} INFO - Started process (PID=1712) to work on /home/airflow/.local/lib/python3.12/site-packages/airflow/example_dags/example_sensors.py
[2024-09-20T11:53:55.503+0000] {processor.py:914} INFO - Processing file /home/airflow/.local/lib/python3.12/site-packages/airflow/example_dags/example_sensors.py for tasks to queue
[2024-09-20T11:53:55.506+0000] {logging_mixin.py:190} INFO - [2024-09-20T11:53:55.505+0000] {dagbag.py:587} INFO - Filling up the DagBag from /home/airflow/.local/lib/python3.12/site-packages/airflow/example_dags/example_sensors.py
[2024-09-20T11:53:55.518+0000] {processor.py:925} INFO - DAG(s) 'example_sensors' retrieved from /home/airflow/.local/lib/python3.12/site-packages/airflow/example_dags/example_sensors.py
[2024-09-20T11:53:55.549+0000] {logging_mixin.py:190} INFO - [2024-09-20T11:53:55.549+0000] {dag.py:3229} INFO - Sync 1 DAGs
[2024-09-20T11:53:55.565+0000] {logging_mixin.py:190} INFO - [2024-09-20T11:53:55.565+0000] {dag.py:4156} INFO - Setting next_dagrun for example_sensors to None, run_after=None
[2024-09-20T11:53:55.591+0000] {processor.py:208} INFO - Processing /home/airflow/.local/lib/python3.12/site-packages/airflow/example_dags/example_sensors.py took 0.095 seconds
[2024-09-20T11:54:26.206+0000] {processor.py:186} INFO - Started process (PID=1775) to work on /home/airflow/.local/lib/python3.12/site-packages/airflow/example_dags/example_sensors.py
[2024-09-20T11:54:26.208+0000] {processor.py:914} INFO - Processing file /home/airflow/.local/lib/python3.12/site-packages/airflow/example_dags/example_sensors.py for tasks to queue
[2024-09-20T11:54:26.212+0000] {logging_mixin.py:190} INFO - [2024-09-20T11:54:26.211+0000] {dagbag.py:587} INFO - Filling up the DagBag from /home/airflow/.local/lib/python3.12/site-packages/airflow/example_dags/example_sensors.py
[2024-09-20T11:54:26.232+0000] {processor.py:925} INFO - DAG(s) 'example_sensors' retrieved from /home/airflow/.local/lib/python3.12/site-packages/airflow/example_dags/example_sensors.py
[2024-09-20T11:54:26.286+0000] {logging_mixin.py:190} INFO - [2024-09-20T11:54:26.285+0000] {dag.py:3229} INFO - Sync 1 DAGs
[2024-09-20T11:54:26.316+0000] {logging_mixin.py:190} INFO - [2024-09-20T11:54:26.315+0000] {dag.py:4156} INFO - Setting next_dagrun for example_sensors to None, run_after=None
[2024-09-20T11:54:26.358+0000] {processor.py:208} INFO - Processing /home/airflow/.local/lib/python3.12/site-packages/airflow/example_dags/example_sensors.py took 0.162 seconds
[2024-09-20T11:54:57.603+0000] {processor.py:186} INFO - Started process (PID=1839) to work on /home/airflow/.local/lib/python3.12/site-packages/airflow/example_dags/example_sensors.py
[2024-09-20T11:54:57.605+0000] {processor.py:914} INFO - Processing file /home/airflow/.local/lib/python3.12/site-packages/airflow/example_dags/example_sensors.py for tasks to queue
[2024-09-20T11:54:57.608+0000] {logging_mixin.py:190} INFO - [2024-09-20T11:54:57.608+0000] {dagbag.py:587} INFO - Filling up the DagBag from /home/airflow/.local/lib/python3.12/site-packages/airflow/example_dags/example_sensors.py
[2024-09-20T11:54:57.626+0000] {processor.py:925} INFO - DAG(s) 'example_sensors' retrieved from /home/airflow/.local/lib/python3.12/site-packages/airflow/example_dags/example_sensors.py
[2024-09-20T11:54:57.666+0000] {logging_mixin.py:190} INFO - [2024-09-20T11:54:57.665+0000] {dag.py:3229} INFO - Sync 1 DAGs
[2024-09-20T11:54:57.688+0000] {logging_mixin.py:190} INFO - [2024-09-20T11:54:57.688+0000] {dag.py:4156} INFO - Setting next_dagrun for example_sensors to None, run_after=None
[2024-09-20T11:54:57.719+0000] {processor.py:208} INFO - Processing /home/airflow/.local/lib/python3.12/site-packages/airflow/example_dags/example_sensors.py took 0.124 seconds
[2024-09-20T11:55:28.853+0000] {processor.py:186} INFO - Started process (PID=1900) to work on /home/airflow/.local/lib/python3.12/site-packages/airflow/example_dags/example_sensors.py
[2024-09-20T11:55:28.855+0000] {processor.py:914} INFO - Processing file /home/airflow/.local/lib/python3.12/site-packages/airflow/example_dags/example_sensors.py for tasks to queue
[2024-09-20T11:55:28.858+0000] {logging_mixin.py:190} INFO - [2024-09-20T11:55:28.858+0000] {dagbag.py:587} INFO - Filling up the DagBag from /home/airflow/.local/lib/python3.12/site-packages/airflow/example_dags/example_sensors.py
[2024-09-20T11:55:28.874+0000] {processor.py:925} INFO - DAG(s) 'example_sensors' retrieved from /home/airflow/.local/lib/python3.12/site-packages/airflow/example_dags/example_sensors.py
[2024-09-20T11:55:28.912+0000] {logging_mixin.py:190} INFO - [2024-09-20T11:55:28.912+0000] {dag.py:3229} INFO - Sync 1 DAGs
[2024-09-20T11:55:28.939+0000] {logging_mixin.py:190} INFO - [2024-09-20T11:55:28.939+0000] {dag.py:4156} INFO - Setting next_dagrun for example_sensors to None, run_after=None
[2024-09-20T11:55:28.974+0000] {processor.py:208} INFO - Processing /home/airflow/.local/lib/python3.12/site-packages/airflow/example_dags/example_sensors.py took 0.128 seconds
[2024-09-20T11:56:00.711+0000] {processor.py:186} INFO - Started process (PID=1964) to work on /home/airflow/.local/lib/python3.12/site-packages/airflow/example_dags/example_sensors.py
[2024-09-20T11:56:00.713+0000] {processor.py:914} INFO - Processing file /home/airflow/.local/lib/python3.12/site-packages/airflow/example_dags/example_sensors.py for tasks to queue
[2024-09-20T11:56:00.717+0000] {logging_mixin.py:190} INFO - [2024-09-20T11:56:00.716+0000] {dagbag.py:587} INFO - Filling up the DagBag from /home/airflow/.local/lib/python3.12/site-packages/airflow/example_dags/example_sensors.py
[2024-09-20T11:56:00.735+0000] {processor.py:925} INFO - DAG(s) 'example_sensors' retrieved from /home/airflow/.local/lib/python3.12/site-packages/airflow/example_dags/example_sensors.py
[2024-09-20T11:56:00.780+0000] {logging_mixin.py:190} INFO - [2024-09-20T11:56:00.779+0000] {dag.py:3229} INFO - Sync 1 DAGs
[2024-09-20T11:56:00.804+0000] {logging_mixin.py:190} INFO - [2024-09-20T11:56:00.804+0000] {dag.py:4156} INFO - Setting next_dagrun for example_sensors to None, run_after=None
[2024-09-20T11:56:00.843+0000] {processor.py:208} INFO - Processing /home/airflow/.local/lib/python3.12/site-packages/airflow/example_dags/example_sensors.py took 0.139 seconds
