[2024-09-20T11:40:31.799+0000] {processor.py:186} INFO - Started process (PID=71) to work on /home/airflow/.local/lib/python3.12/site-packages/airflow/example_dags/example_external_task_marker_dag.py
[2024-09-20T11:40:31.801+0000] {processor.py:914} INFO - Processing file /home/airflow/.local/lib/python3.12/site-packages/airflow/example_dags/example_external_task_marker_dag.py for tasks to queue
[2024-09-20T11:40:31.804+0000] {logging_mixin.py:190} INFO - [2024-09-20T11:40:31.804+0000] {dagbag.py:587} INFO - Filling up the DagBag from /home/airflow/.local/lib/python3.12/site-packages/airflow/example_dags/example_external_task_marker_dag.py
[2024-09-20T11:40:31.820+0000] {processor.py:925} INFO - DAG(s) 'example_external_task_marker_child', 'example_external_task_marker_parent' retrieved from /home/airflow/.local/lib/python3.12/site-packages/airflow/example_dags/example_external_task_marker_dag.py
[2024-09-20T11:40:31.877+0000] {logging_mixin.py:190} INFO - [2024-09-20T11:40:31.877+0000] {dag.py:3229} INFO - Sync 2 DAGs
[2024-09-20T11:40:31.905+0000] {logging_mixin.py:190} INFO - [2024-09-20T11:40:31.904+0000] {dag.py:4156} INFO - Setting next_dagrun for example_external_task_marker_child to None, run_after=None
[2024-09-20T11:40:31.917+0000] {logging_mixin.py:190} INFO - [2024-09-20T11:40:31.916+0000] {dag.py:4156} INFO - Setting next_dagrun for example_external_task_marker_parent to None, run_after=None
[2024-09-20T11:40:31.962+0000] {processor.py:208} INFO - Processing /home/airflow/.local/lib/python3.12/site-packages/airflow/example_dags/example_external_task_marker_dag.py took 0.169 seconds
[2024-09-20T11:41:02.170+0000] {processor.py:186} INFO - Started process (PID=138) to work on /home/airflow/.local/lib/python3.12/site-packages/airflow/example_dags/example_external_task_marker_dag.py
[2024-09-20T11:41:02.172+0000] {processor.py:914} INFO - Processing file /home/airflow/.local/lib/python3.12/site-packages/airflow/example_dags/example_external_task_marker_dag.py for tasks to queue
[2024-09-20T11:41:02.175+0000] {logging_mixin.py:190} INFO - [2024-09-20T11:41:02.175+0000] {dagbag.py:587} INFO - Filling up the DagBag from /home/airflow/.local/lib/python3.12/site-packages/airflow/example_dags/example_external_task_marker_dag.py
[2024-09-20T11:41:02.188+0000] {processor.py:925} INFO - DAG(s) 'example_external_task_marker_child', 'example_external_task_marker_parent' retrieved from /home/airflow/.local/lib/python3.12/site-packages/airflow/example_dags/example_external_task_marker_dag.py
[2024-09-20T11:41:02.223+0000] {logging_mixin.py:190} INFO - [2024-09-20T11:41:02.223+0000] {dag.py:3229} INFO - Sync 2 DAGs
[2024-09-20T11:41:02.245+0000] {logging_mixin.py:190} INFO - [2024-09-20T11:41:02.245+0000] {dag.py:4156} INFO - Setting next_dagrun for example_external_task_marker_child to None, run_after=None
[2024-09-20T11:41:02.252+0000] {logging_mixin.py:190} INFO - [2024-09-20T11:41:02.251+0000] {dag.py:4156} INFO - Setting next_dagrun for example_external_task_marker_parent to None, run_after=None
[2024-09-20T11:41:02.278+0000] {processor.py:208} INFO - Processing /home/airflow/.local/lib/python3.12/site-packages/airflow/example_dags/example_external_task_marker_dag.py took 0.117 seconds
[2024-09-20T11:41:32.750+0000] {processor.py:186} INFO - Started process (PID=202) to work on /home/airflow/.local/lib/python3.12/site-packages/airflow/example_dags/example_external_task_marker_dag.py
[2024-09-20T11:41:32.753+0000] {processor.py:914} INFO - Processing file /home/airflow/.local/lib/python3.12/site-packages/airflow/example_dags/example_external_task_marker_dag.py for tasks to queue
[2024-09-20T11:41:32.757+0000] {logging_mixin.py:190} INFO - [2024-09-20T11:41:32.756+0000] {dagbag.py:587} INFO - Filling up the DagBag from /home/airflow/.local/lib/python3.12/site-packages/airflow/example_dags/example_external_task_marker_dag.py
[2024-09-20T11:41:32.768+0000] {processor.py:925} INFO - DAG(s) 'example_external_task_marker_parent', 'example_external_task_marker_child' retrieved from /home/airflow/.local/lib/python3.12/site-packages/airflow/example_dags/example_external_task_marker_dag.py
[2024-09-20T11:41:32.814+0000] {logging_mixin.py:190} INFO - [2024-09-20T11:41:32.813+0000] {dag.py:3229} INFO - Sync 2 DAGs
[2024-09-20T11:41:32.843+0000] {logging_mixin.py:190} INFO - [2024-09-20T11:41:32.843+0000] {dag.py:4156} INFO - Setting next_dagrun for example_external_task_marker_child to None, run_after=None
[2024-09-20T11:41:32.851+0000] {logging_mixin.py:190} INFO - [2024-09-20T11:41:32.850+0000] {dag.py:4156} INFO - Setting next_dagrun for example_external_task_marker_parent to None, run_after=None
[2024-09-20T11:41:32.879+0000] {processor.py:208} INFO - Processing /home/airflow/.local/lib/python3.12/site-packages/airflow/example_dags/example_external_task_marker_dag.py took 0.137 seconds
[2024-09-20T11:42:03.306+0000] {processor.py:186} INFO - Started process (PID=266) to work on /home/airflow/.local/lib/python3.12/site-packages/airflow/example_dags/example_external_task_marker_dag.py
[2024-09-20T11:42:03.308+0000] {processor.py:914} INFO - Processing file /home/airflow/.local/lib/python3.12/site-packages/airflow/example_dags/example_external_task_marker_dag.py for tasks to queue
[2024-09-20T11:42:03.312+0000] {logging_mixin.py:190} INFO - [2024-09-20T11:42:03.311+0000] {dagbag.py:587} INFO - Filling up the DagBag from /home/airflow/.local/lib/python3.12/site-packages/airflow/example_dags/example_external_task_marker_dag.py
[2024-09-20T11:42:03.326+0000] {processor.py:925} INFO - DAG(s) 'example_external_task_marker_parent', 'example_external_task_marker_child' retrieved from /home/airflow/.local/lib/python3.12/site-packages/airflow/example_dags/example_external_task_marker_dag.py
[2024-09-20T11:42:03.364+0000] {logging_mixin.py:190} INFO - [2024-09-20T11:42:03.363+0000] {dag.py:3229} INFO - Sync 2 DAGs
[2024-09-20T11:42:03.386+0000] {logging_mixin.py:190} INFO - [2024-09-20T11:42:03.386+0000] {dag.py:4156} INFO - Setting next_dagrun for example_external_task_marker_child to None, run_after=None
[2024-09-20T11:42:03.393+0000] {logging_mixin.py:190} INFO - [2024-09-20T11:42:03.392+0000] {dag.py:4156} INFO - Setting next_dagrun for example_external_task_marker_parent to None, run_after=None
[2024-09-20T11:42:03.421+0000] {processor.py:208} INFO - Processing /home/airflow/.local/lib/python3.12/site-packages/airflow/example_dags/example_external_task_marker_dag.py took 0.123 seconds
[2024-09-20T11:42:33.927+0000] {processor.py:186} INFO - Started process (PID=334) to work on /home/airflow/.local/lib/python3.12/site-packages/airflow/example_dags/example_external_task_marker_dag.py
[2024-09-20T11:42:33.929+0000] {processor.py:914} INFO - Processing file /home/airflow/.local/lib/python3.12/site-packages/airflow/example_dags/example_external_task_marker_dag.py for tasks to queue
[2024-09-20T11:42:33.933+0000] {logging_mixin.py:190} INFO - [2024-09-20T11:42:33.932+0000] {dagbag.py:587} INFO - Filling up the DagBag from /home/airflow/.local/lib/python3.12/site-packages/airflow/example_dags/example_external_task_marker_dag.py
[2024-09-20T11:42:33.945+0000] {processor.py:925} INFO - DAG(s) 'example_external_task_marker_parent', 'example_external_task_marker_child' retrieved from /home/airflow/.local/lib/python3.12/site-packages/airflow/example_dags/example_external_task_marker_dag.py
[2024-09-20T11:42:33.986+0000] {logging_mixin.py:190} INFO - [2024-09-20T11:42:33.985+0000] {dag.py:3229} INFO - Sync 2 DAGs
[2024-09-20T11:42:34.008+0000] {logging_mixin.py:190} INFO - [2024-09-20T11:42:34.007+0000] {dag.py:4156} INFO - Setting next_dagrun for example_external_task_marker_child to None, run_after=None
[2024-09-20T11:42:34.014+0000] {logging_mixin.py:190} INFO - [2024-09-20T11:42:34.014+0000] {dag.py:4156} INFO - Setting next_dagrun for example_external_task_marker_parent to None, run_after=None
[2024-09-20T11:42:34.043+0000] {processor.py:208} INFO - Processing /home/airflow/.local/lib/python3.12/site-packages/airflow/example_dags/example_external_task_marker_dag.py took 0.124 seconds
[2024-09-20T11:43:04.911+0000] {processor.py:186} INFO - Started process (PID=398) to work on /home/airflow/.local/lib/python3.12/site-packages/airflow/example_dags/example_external_task_marker_dag.py
[2024-09-20T11:43:04.912+0000] {processor.py:914} INFO - Processing file /home/airflow/.local/lib/python3.12/site-packages/airflow/example_dags/example_external_task_marker_dag.py for tasks to queue
[2024-09-20T11:43:04.916+0000] {logging_mixin.py:190} INFO - [2024-09-20T11:43:04.915+0000] {dagbag.py:587} INFO - Filling up the DagBag from /home/airflow/.local/lib/python3.12/site-packages/airflow/example_dags/example_external_task_marker_dag.py
[2024-09-20T11:43:04.928+0000] {processor.py:925} INFO - DAG(s) 'example_external_task_marker_parent', 'example_external_task_marker_child' retrieved from /home/airflow/.local/lib/python3.12/site-packages/airflow/example_dags/example_external_task_marker_dag.py
[2024-09-20T11:43:04.967+0000] {logging_mixin.py:190} INFO - [2024-09-20T11:43:04.967+0000] {dag.py:3229} INFO - Sync 2 DAGs
[2024-09-20T11:43:04.990+0000] {logging_mixin.py:190} INFO - [2024-09-20T11:43:04.990+0000] {dag.py:4156} INFO - Setting next_dagrun for example_external_task_marker_child to None, run_after=None
[2024-09-20T11:43:04.997+0000] {logging_mixin.py:190} INFO - [2024-09-20T11:43:04.997+0000] {dag.py:4156} INFO - Setting next_dagrun for example_external_task_marker_parent to None, run_after=None
[2024-09-20T11:43:05.027+0000] {processor.py:208} INFO - Processing /home/airflow/.local/lib/python3.12/site-packages/airflow/example_dags/example_external_task_marker_dag.py took 0.124 seconds
[2024-09-20T11:43:35.276+0000] {processor.py:186} INFO - Started process (PID=462) to work on /home/airflow/.local/lib/python3.12/site-packages/airflow/example_dags/example_external_task_marker_dag.py
[2024-09-20T11:43:35.277+0000] {processor.py:914} INFO - Processing file /home/airflow/.local/lib/python3.12/site-packages/airflow/example_dags/example_external_task_marker_dag.py for tasks to queue
[2024-09-20T11:43:35.280+0000] {logging_mixin.py:190} INFO - [2024-09-20T11:43:35.280+0000] {dagbag.py:587} INFO - Filling up the DagBag from /home/airflow/.local/lib/python3.12/site-packages/airflow/example_dags/example_external_task_marker_dag.py
[2024-09-20T11:43:35.289+0000] {processor.py:925} INFO - DAG(s) 'example_external_task_marker_parent', 'example_external_task_marker_child' retrieved from /home/airflow/.local/lib/python3.12/site-packages/airflow/example_dags/example_external_task_marker_dag.py
[2024-09-20T11:43:35.316+0000] {logging_mixin.py:190} INFO - [2024-09-20T11:43:35.316+0000] {dag.py:3229} INFO - Sync 2 DAGs
[2024-09-20T11:43:35.334+0000] {logging_mixin.py:190} INFO - [2024-09-20T11:43:35.334+0000] {dag.py:4156} INFO - Setting next_dagrun for example_external_task_marker_child to None, run_after=None
[2024-09-20T11:43:35.339+0000] {logging_mixin.py:190} INFO - [2024-09-20T11:43:35.339+0000] {dag.py:4156} INFO - Setting next_dagrun for example_external_task_marker_parent to None, run_after=None
[2024-09-20T11:43:35.358+0000] {processor.py:208} INFO - Processing /home/airflow/.local/lib/python3.12/site-packages/airflow/example_dags/example_external_task_marker_dag.py took 0.088 seconds
[2024-09-20T11:44:06.078+0000] {processor.py:186} INFO - Started process (PID=527) to work on /home/airflow/.local/lib/python3.12/site-packages/airflow/example_dags/example_external_task_marker_dag.py
[2024-09-20T11:44:06.080+0000] {processor.py:914} INFO - Processing file /home/airflow/.local/lib/python3.12/site-packages/airflow/example_dags/example_external_task_marker_dag.py for tasks to queue
[2024-09-20T11:44:06.082+0000] {logging_mixin.py:190} INFO - [2024-09-20T11:44:06.082+0000] {dagbag.py:587} INFO - Filling up the DagBag from /home/airflow/.local/lib/python3.12/site-packages/airflow/example_dags/example_external_task_marker_dag.py
[2024-09-20T11:44:06.091+0000] {processor.py:925} INFO - DAG(s) 'example_external_task_marker_child', 'example_external_task_marker_parent' retrieved from /home/airflow/.local/lib/python3.12/site-packages/airflow/example_dags/example_external_task_marker_dag.py
[2024-09-20T11:44:06.119+0000] {logging_mixin.py:190} INFO - [2024-09-20T11:44:06.118+0000] {dag.py:3229} INFO - Sync 2 DAGs
[2024-09-20T11:44:06.136+0000] {logging_mixin.py:190} INFO - [2024-09-20T11:44:06.136+0000] {dag.py:4156} INFO - Setting next_dagrun for example_external_task_marker_child to None, run_after=None
[2024-09-20T11:44:06.142+0000] {logging_mixin.py:190} INFO - [2024-09-20T11:44:06.142+0000] {dag.py:4156} INFO - Setting next_dagrun for example_external_task_marker_parent to None, run_after=None
[2024-09-20T11:44:06.163+0000] {processor.py:208} INFO - Processing /home/airflow/.local/lib/python3.12/site-packages/airflow/example_dags/example_external_task_marker_dag.py took 0.092 seconds
[2024-09-20T11:44:36.619+0000] {processor.py:186} INFO - Started process (PID=591) to work on /home/airflow/.local/lib/python3.12/site-packages/airflow/example_dags/example_external_task_marker_dag.py
[2024-09-20T11:44:36.622+0000] {processor.py:914} INFO - Processing file /home/airflow/.local/lib/python3.12/site-packages/airflow/example_dags/example_external_task_marker_dag.py for tasks to queue
[2024-09-20T11:44:36.626+0000] {logging_mixin.py:190} INFO - [2024-09-20T11:44:36.626+0000] {dagbag.py:587} INFO - Filling up the DagBag from /home/airflow/.local/lib/python3.12/site-packages/airflow/example_dags/example_external_task_marker_dag.py
[2024-09-20T11:44:36.643+0000] {processor.py:925} INFO - DAG(s) 'example_external_task_marker_child', 'example_external_task_marker_parent' retrieved from /home/airflow/.local/lib/python3.12/site-packages/airflow/example_dags/example_external_task_marker_dag.py
[2024-09-20T11:44:36.689+0000] {logging_mixin.py:190} INFO - [2024-09-20T11:44:36.687+0000] {dag.py:3229} INFO - Sync 2 DAGs
[2024-09-20T11:44:36.716+0000] {logging_mixin.py:190} INFO - [2024-09-20T11:44:36.716+0000] {dag.py:4156} INFO - Setting next_dagrun for example_external_task_marker_child to None, run_after=None
[2024-09-20T11:44:36.724+0000] {logging_mixin.py:190} INFO - [2024-09-20T11:44:36.724+0000] {dag.py:4156} INFO - Setting next_dagrun for example_external_task_marker_parent to None, run_after=None
[2024-09-20T11:44:36.755+0000] {processor.py:208} INFO - Processing /home/airflow/.local/lib/python3.12/site-packages/airflow/example_dags/example_external_task_marker_dag.py took 0.145 seconds
[2024-09-20T11:45:07.212+0000] {processor.py:186} INFO - Started process (PID=656) to work on /home/airflow/.local/lib/python3.12/site-packages/airflow/example_dags/example_external_task_marker_dag.py
[2024-09-20T11:45:07.213+0000] {processor.py:914} INFO - Processing file /home/airflow/.local/lib/python3.12/site-packages/airflow/example_dags/example_external_task_marker_dag.py for tasks to queue
[2024-09-20T11:45:07.218+0000] {logging_mixin.py:190} INFO - [2024-09-20T11:45:07.217+0000] {dagbag.py:587} INFO - Filling up the DagBag from /home/airflow/.local/lib/python3.12/site-packages/airflow/example_dags/example_external_task_marker_dag.py
[2024-09-20T11:45:07.230+0000] {processor.py:925} INFO - DAG(s) 'example_external_task_marker_child', 'example_external_task_marker_parent' retrieved from /home/airflow/.local/lib/python3.12/site-packages/airflow/example_dags/example_external_task_marker_dag.py
[2024-09-20T11:45:07.266+0000] {logging_mixin.py:190} INFO - [2024-09-20T11:45:07.266+0000] {dag.py:3229} INFO - Sync 2 DAGs
[2024-09-20T11:45:07.288+0000] {logging_mixin.py:190} INFO - [2024-09-20T11:45:07.288+0000] {dag.py:4156} INFO - Setting next_dagrun for example_external_task_marker_child to None, run_after=None
[2024-09-20T11:45:07.295+0000] {logging_mixin.py:190} INFO - [2024-09-20T11:45:07.295+0000] {dag.py:4156} INFO - Setting next_dagrun for example_external_task_marker_parent to None, run_after=None
[2024-09-20T11:45:07.321+0000] {processor.py:208} INFO - Processing /home/airflow/.local/lib/python3.12/site-packages/airflow/example_dags/example_external_task_marker_dag.py took 0.117 seconds
[2024-09-20T11:45:37.877+0000] {processor.py:186} INFO - Started process (PID=720) to work on /home/airflow/.local/lib/python3.12/site-packages/airflow/example_dags/example_external_task_marker_dag.py
[2024-09-20T11:45:37.878+0000] {processor.py:914} INFO - Processing file /home/airflow/.local/lib/python3.12/site-packages/airflow/example_dags/example_external_task_marker_dag.py for tasks to queue
[2024-09-20T11:45:37.882+0000] {logging_mixin.py:190} INFO - [2024-09-20T11:45:37.881+0000] {dagbag.py:587} INFO - Filling up the DagBag from /home/airflow/.local/lib/python3.12/site-packages/airflow/example_dags/example_external_task_marker_dag.py
[2024-09-20T11:45:37.893+0000] {processor.py:925} INFO - DAG(s) 'example_external_task_marker_parent', 'example_external_task_marker_child' retrieved from /home/airflow/.local/lib/python3.12/site-packages/airflow/example_dags/example_external_task_marker_dag.py
[2024-09-20T11:45:37.926+0000] {logging_mixin.py:190} INFO - [2024-09-20T11:45:37.925+0000] {dag.py:3229} INFO - Sync 2 DAGs
[2024-09-20T11:45:37.947+0000] {logging_mixin.py:190} INFO - [2024-09-20T11:45:37.947+0000] {dag.py:4156} INFO - Setting next_dagrun for example_external_task_marker_child to None, run_after=None
[2024-09-20T11:45:37.953+0000] {logging_mixin.py:190} INFO - [2024-09-20T11:45:37.953+0000] {dag.py:4156} INFO - Setting next_dagrun for example_external_task_marker_parent to None, run_after=None
[2024-09-20T11:45:37.980+0000] {processor.py:208} INFO - Processing /home/airflow/.local/lib/python3.12/site-packages/airflow/example_dags/example_external_task_marker_dag.py took 0.111 seconds
[2024-09-20T11:46:08.089+0000] {processor.py:186} INFO - Started process (PID=783) to work on /home/airflow/.local/lib/python3.12/site-packages/airflow/example_dags/example_external_task_marker_dag.py
[2024-09-20T11:46:08.090+0000] {processor.py:914} INFO - Processing file /home/airflow/.local/lib/python3.12/site-packages/airflow/example_dags/example_external_task_marker_dag.py for tasks to queue
[2024-09-20T11:46:08.094+0000] {logging_mixin.py:190} INFO - [2024-09-20T11:46:08.093+0000] {dagbag.py:587} INFO - Filling up the DagBag from /home/airflow/.local/lib/python3.12/site-packages/airflow/example_dags/example_external_task_marker_dag.py
[2024-09-20T11:46:08.105+0000] {processor.py:925} INFO - DAG(s) 'example_external_task_marker_parent', 'example_external_task_marker_child' retrieved from /home/airflow/.local/lib/python3.12/site-packages/airflow/example_dags/example_external_task_marker_dag.py
[2024-09-20T11:46:08.138+0000] {logging_mixin.py:190} INFO - [2024-09-20T11:46:08.138+0000] {dag.py:3229} INFO - Sync 2 DAGs
[2024-09-20T11:46:08.160+0000] {logging_mixin.py:190} INFO - [2024-09-20T11:46:08.160+0000] {dag.py:4156} INFO - Setting next_dagrun for example_external_task_marker_child to None, run_after=None
[2024-09-20T11:46:08.167+0000] {logging_mixin.py:190} INFO - [2024-09-20T11:46:08.167+0000] {dag.py:4156} INFO - Setting next_dagrun for example_external_task_marker_parent to None, run_after=None
[2024-09-20T11:46:08.198+0000] {processor.py:208} INFO - Processing /home/airflow/.local/lib/python3.12/site-packages/airflow/example_dags/example_external_task_marker_dag.py took 0.116 seconds
[2024-09-20T11:46:38.979+0000] {processor.py:186} INFO - Started process (PID=846) to work on /home/airflow/.local/lib/python3.12/site-packages/airflow/example_dags/example_external_task_marker_dag.py
[2024-09-20T11:46:38.981+0000] {processor.py:914} INFO - Processing file /home/airflow/.local/lib/python3.12/site-packages/airflow/example_dags/example_external_task_marker_dag.py for tasks to queue
[2024-09-20T11:46:38.985+0000] {logging_mixin.py:190} INFO - [2024-09-20T11:46:38.985+0000] {dagbag.py:587} INFO - Filling up the DagBag from /home/airflow/.local/lib/python3.12/site-packages/airflow/example_dags/example_external_task_marker_dag.py
[2024-09-20T11:46:39.006+0000] {processor.py:925} INFO - DAG(s) 'example_external_task_marker_parent', 'example_external_task_marker_child' retrieved from /home/airflow/.local/lib/python3.12/site-packages/airflow/example_dags/example_external_task_marker_dag.py
[2024-09-20T11:46:39.052+0000] {logging_mixin.py:190} INFO - [2024-09-20T11:46:39.052+0000] {dag.py:3229} INFO - Sync 2 DAGs
[2024-09-20T11:46:39.084+0000] {logging_mixin.py:190} INFO - [2024-09-20T11:46:39.084+0000] {dag.py:4156} INFO - Setting next_dagrun for example_external_task_marker_child to None, run_after=None
[2024-09-20T11:46:39.098+0000] {logging_mixin.py:190} INFO - [2024-09-20T11:46:39.097+0000] {dag.py:4156} INFO - Setting next_dagrun for example_external_task_marker_parent to None, run_after=None
[2024-09-20T11:46:39.131+0000] {processor.py:208} INFO - Processing /home/airflow/.local/lib/python3.12/site-packages/airflow/example_dags/example_external_task_marker_dag.py took 0.164 seconds
[2024-09-20T11:47:10.456+0000] {processor.py:186} INFO - Started process (PID=910) to work on /home/airflow/.local/lib/python3.12/site-packages/airflow/example_dags/example_external_task_marker_dag.py
[2024-09-20T11:47:10.457+0000] {processor.py:914} INFO - Processing file /home/airflow/.local/lib/python3.12/site-packages/airflow/example_dags/example_external_task_marker_dag.py for tasks to queue
[2024-09-20T11:47:10.460+0000] {logging_mixin.py:190} INFO - [2024-09-20T11:47:10.460+0000] {dagbag.py:587} INFO - Filling up the DagBag from /home/airflow/.local/lib/python3.12/site-packages/airflow/example_dags/example_external_task_marker_dag.py
[2024-09-20T11:47:10.474+0000] {processor.py:925} INFO - DAG(s) 'example_external_task_marker_child', 'example_external_task_marker_parent' retrieved from /home/airflow/.local/lib/python3.12/site-packages/airflow/example_dags/example_external_task_marker_dag.py
[2024-09-20T11:47:10.534+0000] {logging_mixin.py:190} INFO - [2024-09-20T11:47:10.533+0000] {dag.py:3229} INFO - Sync 2 DAGs
[2024-09-20T11:47:10.566+0000] {logging_mixin.py:190} INFO - [2024-09-20T11:47:10.566+0000] {dag.py:4156} INFO - Setting next_dagrun for example_external_task_marker_child to None, run_after=None
[2024-09-20T11:47:10.577+0000] {logging_mixin.py:190} INFO - [2024-09-20T11:47:10.576+0000] {dag.py:4156} INFO - Setting next_dagrun for example_external_task_marker_parent to None, run_after=None
[2024-09-20T11:47:10.606+0000] {processor.py:208} INFO - Processing /home/airflow/.local/lib/python3.12/site-packages/airflow/example_dags/example_external_task_marker_dag.py took 0.157 seconds
[2024-09-20T11:47:41.075+0000] {processor.py:186} INFO - Started process (PID=974) to work on /home/airflow/.local/lib/python3.12/site-packages/airflow/example_dags/example_external_task_marker_dag.py
[2024-09-20T11:47:41.076+0000] {processor.py:914} INFO - Processing file /home/airflow/.local/lib/python3.12/site-packages/airflow/example_dags/example_external_task_marker_dag.py for tasks to queue
[2024-09-20T11:47:41.080+0000] {logging_mixin.py:190} INFO - [2024-09-20T11:47:41.079+0000] {dagbag.py:587} INFO - Filling up the DagBag from /home/airflow/.local/lib/python3.12/site-packages/airflow/example_dags/example_external_task_marker_dag.py
[2024-09-20T11:47:41.092+0000] {processor.py:925} INFO - DAG(s) 'example_external_task_marker_parent', 'example_external_task_marker_child' retrieved from /home/airflow/.local/lib/python3.12/site-packages/airflow/example_dags/example_external_task_marker_dag.py
[2024-09-20T11:47:41.128+0000] {logging_mixin.py:190} INFO - [2024-09-20T11:47:41.128+0000] {dag.py:3229} INFO - Sync 2 DAGs
[2024-09-20T11:47:41.153+0000] {logging_mixin.py:190} INFO - [2024-09-20T11:47:41.152+0000] {dag.py:4156} INFO - Setting next_dagrun for example_external_task_marker_child to None, run_after=None
[2024-09-20T11:47:41.166+0000] {logging_mixin.py:190} INFO - [2024-09-20T11:47:41.166+0000] {dag.py:4156} INFO - Setting next_dagrun for example_external_task_marker_parent to None, run_after=None
[2024-09-20T11:47:41.197+0000] {processor.py:208} INFO - Processing /home/airflow/.local/lib/python3.12/site-packages/airflow/example_dags/example_external_task_marker_dag.py took 0.130 seconds
[2024-09-20T11:48:11.955+0000] {processor.py:186} INFO - Started process (PID=1038) to work on /home/airflow/.local/lib/python3.12/site-packages/airflow/example_dags/example_external_task_marker_dag.py
[2024-09-20T11:48:11.956+0000] {processor.py:914} INFO - Processing file /home/airflow/.local/lib/python3.12/site-packages/airflow/example_dags/example_external_task_marker_dag.py for tasks to queue
[2024-09-20T11:48:11.961+0000] {logging_mixin.py:190} INFO - [2024-09-20T11:48:11.960+0000] {dagbag.py:587} INFO - Filling up the DagBag from /home/airflow/.local/lib/python3.12/site-packages/airflow/example_dags/example_external_task_marker_dag.py
[2024-09-20T11:48:11.974+0000] {processor.py:925} INFO - DAG(s) 'example_external_task_marker_child', 'example_external_task_marker_parent' retrieved from /home/airflow/.local/lib/python3.12/site-packages/airflow/example_dags/example_external_task_marker_dag.py
[2024-09-20T11:48:12.029+0000] {logging_mixin.py:190} INFO - [2024-09-20T11:48:12.028+0000] {dag.py:3229} INFO - Sync 2 DAGs
[2024-09-20T11:48:12.052+0000] {logging_mixin.py:190} INFO - [2024-09-20T11:48:12.052+0000] {dag.py:4156} INFO - Setting next_dagrun for example_external_task_marker_child to None, run_after=None
[2024-09-20T11:48:12.061+0000] {logging_mixin.py:190} INFO - [2024-09-20T11:48:12.060+0000] {dag.py:4156} INFO - Setting next_dagrun for example_external_task_marker_parent to None, run_after=None
[2024-09-20T11:48:12.087+0000] {processor.py:208} INFO - Processing /home/airflow/.local/lib/python3.12/site-packages/airflow/example_dags/example_external_task_marker_dag.py took 0.140 seconds
[2024-09-20T11:48:42.337+0000] {processor.py:186} INFO - Started process (PID=1102) to work on /home/airflow/.local/lib/python3.12/site-packages/airflow/example_dags/example_external_task_marker_dag.py
[2024-09-20T11:48:42.339+0000] {processor.py:914} INFO - Processing file /home/airflow/.local/lib/python3.12/site-packages/airflow/example_dags/example_external_task_marker_dag.py for tasks to queue
[2024-09-20T11:48:42.344+0000] {logging_mixin.py:190} INFO - [2024-09-20T11:48:42.344+0000] {dagbag.py:587} INFO - Filling up the DagBag from /home/airflow/.local/lib/python3.12/site-packages/airflow/example_dags/example_external_task_marker_dag.py
[2024-09-20T11:48:42.361+0000] {processor.py:925} INFO - DAG(s) 'example_external_task_marker_parent', 'example_external_task_marker_child' retrieved from /home/airflow/.local/lib/python3.12/site-packages/airflow/example_dags/example_external_task_marker_dag.py
[2024-09-20T11:48:42.396+0000] {logging_mixin.py:190} INFO - [2024-09-20T11:48:42.396+0000] {dag.py:3229} INFO - Sync 2 DAGs
[2024-09-20T11:48:42.423+0000] {logging_mixin.py:190} INFO - [2024-09-20T11:48:42.422+0000] {dag.py:4156} INFO - Setting next_dagrun for example_external_task_marker_child to None, run_after=None
[2024-09-20T11:48:42.434+0000] {logging_mixin.py:190} INFO - [2024-09-20T11:48:42.434+0000] {dag.py:4156} INFO - Setting next_dagrun for example_external_task_marker_parent to None, run_after=None
[2024-09-20T11:48:42.470+0000] {processor.py:208} INFO - Processing /home/airflow/.local/lib/python3.12/site-packages/airflow/example_dags/example_external_task_marker_dag.py took 0.143 seconds
[2024-09-20T11:49:12.911+0000] {processor.py:186} INFO - Started process (PID=1166) to work on /home/airflow/.local/lib/python3.12/site-packages/airflow/example_dags/example_external_task_marker_dag.py
[2024-09-20T11:49:12.913+0000] {processor.py:914} INFO - Processing file /home/airflow/.local/lib/python3.12/site-packages/airflow/example_dags/example_external_task_marker_dag.py for tasks to queue
[2024-09-20T11:49:12.916+0000] {logging_mixin.py:190} INFO - [2024-09-20T11:49:12.916+0000] {dagbag.py:587} INFO - Filling up the DagBag from /home/airflow/.local/lib/python3.12/site-packages/airflow/example_dags/example_external_task_marker_dag.py
[2024-09-20T11:49:12.928+0000] {processor.py:925} INFO - DAG(s) 'example_external_task_marker_parent', 'example_external_task_marker_child' retrieved from /home/airflow/.local/lib/python3.12/site-packages/airflow/example_dags/example_external_task_marker_dag.py
[2024-09-20T11:49:12.965+0000] {logging_mixin.py:190} INFO - [2024-09-20T11:49:12.964+0000] {dag.py:3229} INFO - Sync 2 DAGs
[2024-09-20T11:49:12.988+0000] {logging_mixin.py:190} INFO - [2024-09-20T11:49:12.988+0000] {dag.py:4156} INFO - Setting next_dagrun for example_external_task_marker_child to None, run_after=None
[2024-09-20T11:49:12.996+0000] {logging_mixin.py:190} INFO - [2024-09-20T11:49:12.995+0000] {dag.py:4156} INFO - Setting next_dagrun for example_external_task_marker_parent to None, run_after=None
[2024-09-20T11:49:13.022+0000] {processor.py:208} INFO - Processing /home/airflow/.local/lib/python3.12/site-packages/airflow/example_dags/example_external_task_marker_dag.py took 0.118 seconds
[2024-09-20T11:49:43.244+0000] {processor.py:186} INFO - Started process (PID=1230) to work on /home/airflow/.local/lib/python3.12/site-packages/airflow/example_dags/example_external_task_marker_dag.py
[2024-09-20T11:49:43.246+0000] {processor.py:914} INFO - Processing file /home/airflow/.local/lib/python3.12/site-packages/airflow/example_dags/example_external_task_marker_dag.py for tasks to queue
[2024-09-20T11:49:43.249+0000] {logging_mixin.py:190} INFO - [2024-09-20T11:49:43.249+0000] {dagbag.py:587} INFO - Filling up the DagBag from /home/airflow/.local/lib/python3.12/site-packages/airflow/example_dags/example_external_task_marker_dag.py
[2024-09-20T11:49:43.260+0000] {processor.py:925} INFO - DAG(s) 'example_external_task_marker_child', 'example_external_task_marker_parent' retrieved from /home/airflow/.local/lib/python3.12/site-packages/airflow/example_dags/example_external_task_marker_dag.py
[2024-09-20T11:49:43.294+0000] {logging_mixin.py:190} INFO - [2024-09-20T11:49:43.293+0000] {dag.py:3229} INFO - Sync 2 DAGs
[2024-09-20T11:49:43.315+0000] {logging_mixin.py:190} INFO - [2024-09-20T11:49:43.315+0000] {dag.py:4156} INFO - Setting next_dagrun for example_external_task_marker_child to None, run_after=None
[2024-09-20T11:49:43.322+0000] {logging_mixin.py:190} INFO - [2024-09-20T11:49:43.321+0000] {dag.py:4156} INFO - Setting next_dagrun for example_external_task_marker_parent to None, run_after=None
[2024-09-20T11:49:43.350+0000] {processor.py:208} INFO - Processing /home/airflow/.local/lib/python3.12/site-packages/airflow/example_dags/example_external_task_marker_dag.py took 0.113 seconds
[2024-09-20T11:50:13.419+0000] {processor.py:186} INFO - Started process (PID=1297) to work on /home/airflow/.local/lib/python3.12/site-packages/airflow/example_dags/example_external_task_marker_dag.py
[2024-09-20T11:50:13.421+0000] {processor.py:914} INFO - Processing file /home/airflow/.local/lib/python3.12/site-packages/airflow/example_dags/example_external_task_marker_dag.py for tasks to queue
[2024-09-20T11:50:13.424+0000] {logging_mixin.py:190} INFO - [2024-09-20T11:50:13.424+0000] {dagbag.py:587} INFO - Filling up the DagBag from /home/airflow/.local/lib/python3.12/site-packages/airflow/example_dags/example_external_task_marker_dag.py
[2024-09-20T11:50:13.435+0000] {processor.py:925} INFO - DAG(s) 'example_external_task_marker_parent', 'example_external_task_marker_child' retrieved from /home/airflow/.local/lib/python3.12/site-packages/airflow/example_dags/example_external_task_marker_dag.py
[2024-09-20T11:50:13.469+0000] {logging_mixin.py:190} INFO - [2024-09-20T11:50:13.469+0000] {dag.py:3229} INFO - Sync 2 DAGs
[2024-09-20T11:50:13.498+0000] {logging_mixin.py:190} INFO - [2024-09-20T11:50:13.498+0000] {dag.py:4156} INFO - Setting next_dagrun for example_external_task_marker_child to None, run_after=None
[2024-09-20T11:50:13.504+0000] {logging_mixin.py:190} INFO - [2024-09-20T11:50:13.504+0000] {dag.py:4156} INFO - Setting next_dagrun for example_external_task_marker_parent to None, run_after=None
[2024-09-20T11:50:13.533+0000] {processor.py:208} INFO - Processing /home/airflow/.local/lib/python3.12/site-packages/airflow/example_dags/example_external_task_marker_dag.py took 0.120 seconds
[2024-09-20T11:50:44.190+0000] {processor.py:186} INFO - Started process (PID=1367) to work on /home/airflow/.local/lib/python3.12/site-packages/airflow/example_dags/example_external_task_marker_dag.py
[2024-09-20T11:50:44.193+0000] {processor.py:914} INFO - Processing file /home/airflow/.local/lib/python3.12/site-packages/airflow/example_dags/example_external_task_marker_dag.py for tasks to queue
[2024-09-20T11:50:44.196+0000] {logging_mixin.py:190} INFO - [2024-09-20T11:50:44.196+0000] {dagbag.py:587} INFO - Filling up the DagBag from /home/airflow/.local/lib/python3.12/site-packages/airflow/example_dags/example_external_task_marker_dag.py
[2024-09-20T11:50:44.208+0000] {processor.py:925} INFO - DAG(s) 'example_external_task_marker_parent', 'example_external_task_marker_child' retrieved from /home/airflow/.local/lib/python3.12/site-packages/airflow/example_dags/example_external_task_marker_dag.py
[2024-09-20T11:50:44.247+0000] {logging_mixin.py:190} INFO - [2024-09-20T11:50:44.246+0000] {dag.py:3229} INFO - Sync 2 DAGs
[2024-09-20T11:50:44.273+0000] {logging_mixin.py:190} INFO - [2024-09-20T11:50:44.273+0000] {dag.py:4156} INFO - Setting next_dagrun for example_external_task_marker_child to None, run_after=None
[2024-09-20T11:50:44.280+0000] {logging_mixin.py:190} INFO - [2024-09-20T11:50:44.280+0000] {dag.py:4156} INFO - Setting next_dagrun for example_external_task_marker_parent to None, run_after=None
[2024-09-20T11:50:44.309+0000] {processor.py:208} INFO - Processing /home/airflow/.local/lib/python3.12/site-packages/airflow/example_dags/example_external_task_marker_dag.py took 0.127 seconds
[2024-09-20T11:51:14.959+0000] {processor.py:186} INFO - Started process (PID=1431) to work on /home/airflow/.local/lib/python3.12/site-packages/airflow/example_dags/example_external_task_marker_dag.py
[2024-09-20T11:51:14.961+0000] {processor.py:914} INFO - Processing file /home/airflow/.local/lib/python3.12/site-packages/airflow/example_dags/example_external_task_marker_dag.py for tasks to queue
[2024-09-20T11:51:14.964+0000] {logging_mixin.py:190} INFO - [2024-09-20T11:51:14.964+0000] {dagbag.py:587} INFO - Filling up the DagBag from /home/airflow/.local/lib/python3.12/site-packages/airflow/example_dags/example_external_task_marker_dag.py
[2024-09-20T11:51:14.976+0000] {processor.py:925} INFO - DAG(s) 'example_external_task_marker_parent', 'example_external_task_marker_child' retrieved from /home/airflow/.local/lib/python3.12/site-packages/airflow/example_dags/example_external_task_marker_dag.py
[2024-09-20T11:51:15.014+0000] {logging_mixin.py:190} INFO - [2024-09-20T11:51:15.013+0000] {dag.py:3229} INFO - Sync 2 DAGs
[2024-09-20T11:51:15.039+0000] {logging_mixin.py:190} INFO - [2024-09-20T11:51:15.039+0000] {dag.py:4156} INFO - Setting next_dagrun for example_external_task_marker_child to None, run_after=None
[2024-09-20T11:51:15.045+0000] {logging_mixin.py:190} INFO - [2024-09-20T11:51:15.045+0000] {dag.py:4156} INFO - Setting next_dagrun for example_external_task_marker_parent to None, run_after=None
[2024-09-20T11:51:15.072+0000] {processor.py:208} INFO - Processing /home/airflow/.local/lib/python3.12/site-packages/airflow/example_dags/example_external_task_marker_dag.py took 0.121 seconds
[2024-09-20T11:51:45.662+0000] {processor.py:186} INFO - Started process (PID=1495) to work on /home/airflow/.local/lib/python3.12/site-packages/airflow/example_dags/example_external_task_marker_dag.py
[2024-09-20T11:51:45.663+0000] {processor.py:914} INFO - Processing file /home/airflow/.local/lib/python3.12/site-packages/airflow/example_dags/example_external_task_marker_dag.py for tasks to queue
[2024-09-20T11:51:45.667+0000] {logging_mixin.py:190} INFO - [2024-09-20T11:51:45.666+0000] {dagbag.py:587} INFO - Filling up the DagBag from /home/airflow/.local/lib/python3.12/site-packages/airflow/example_dags/example_external_task_marker_dag.py
[2024-09-20T11:51:45.679+0000] {processor.py:925} INFO - DAG(s) 'example_external_task_marker_parent', 'example_external_task_marker_child' retrieved from /home/airflow/.local/lib/python3.12/site-packages/airflow/example_dags/example_external_task_marker_dag.py
[2024-09-20T11:51:45.716+0000] {logging_mixin.py:190} INFO - [2024-09-20T11:51:45.716+0000] {dag.py:3229} INFO - Sync 2 DAGs
[2024-09-20T11:51:45.739+0000] {logging_mixin.py:190} INFO - [2024-09-20T11:51:45.739+0000] {dag.py:4156} INFO - Setting next_dagrun for example_external_task_marker_child to None, run_after=None
[2024-09-20T11:51:45.745+0000] {logging_mixin.py:190} INFO - [2024-09-20T11:51:45.745+0000] {dag.py:4156} INFO - Setting next_dagrun for example_external_task_marker_parent to None, run_after=None
[2024-09-20T11:51:45.777+0000] {processor.py:208} INFO - Processing /home/airflow/.local/lib/python3.12/site-packages/airflow/example_dags/example_external_task_marker_dag.py took 0.123 seconds
[2024-09-20T11:52:16.075+0000] {processor.py:186} INFO - Started process (PID=1559) to work on /home/airflow/.local/lib/python3.12/site-packages/airflow/example_dags/example_external_task_marker_dag.py
[2024-09-20T11:52:16.077+0000] {processor.py:914} INFO - Processing file /home/airflow/.local/lib/python3.12/site-packages/airflow/example_dags/example_external_task_marker_dag.py for tasks to queue
[2024-09-20T11:52:16.081+0000] {logging_mixin.py:190} INFO - [2024-09-20T11:52:16.080+0000] {dagbag.py:587} INFO - Filling up the DagBag from /home/airflow/.local/lib/python3.12/site-packages/airflow/example_dags/example_external_task_marker_dag.py
[2024-09-20T11:52:16.096+0000] {processor.py:925} INFO - DAG(s) 'example_external_task_marker_child', 'example_external_task_marker_parent' retrieved from /home/airflow/.local/lib/python3.12/site-packages/airflow/example_dags/example_external_task_marker_dag.py
[2024-09-20T11:52:16.141+0000] {logging_mixin.py:190} INFO - [2024-09-20T11:52:16.140+0000] {dag.py:3229} INFO - Sync 2 DAGs
[2024-09-20T11:52:16.170+0000] {logging_mixin.py:190} INFO - [2024-09-20T11:52:16.170+0000] {dag.py:4156} INFO - Setting next_dagrun for example_external_task_marker_child to None, run_after=None
[2024-09-20T11:52:16.177+0000] {logging_mixin.py:190} INFO - [2024-09-20T11:52:16.177+0000] {dag.py:4156} INFO - Setting next_dagrun for example_external_task_marker_parent to None, run_after=None
[2024-09-20T11:52:16.206+0000] {processor.py:208} INFO - Processing /home/airflow/.local/lib/python3.12/site-packages/airflow/example_dags/example_external_task_marker_dag.py took 0.142 seconds
[2024-09-20T11:52:46.701+0000] {processor.py:186} INFO - Started process (PID=1622) to work on /home/airflow/.local/lib/python3.12/site-packages/airflow/example_dags/example_external_task_marker_dag.py
[2024-09-20T11:52:46.703+0000] {processor.py:914} INFO - Processing file /home/airflow/.local/lib/python3.12/site-packages/airflow/example_dags/example_external_task_marker_dag.py for tasks to queue
[2024-09-20T11:52:46.708+0000] {logging_mixin.py:190} INFO - [2024-09-20T11:52:46.707+0000] {dagbag.py:587} INFO - Filling up the DagBag from /home/airflow/.local/lib/python3.12/site-packages/airflow/example_dags/example_external_task_marker_dag.py
[2024-09-20T11:52:46.722+0000] {processor.py:925} INFO - DAG(s) 'example_external_task_marker_parent', 'example_external_task_marker_child' retrieved from /home/airflow/.local/lib/python3.12/site-packages/airflow/example_dags/example_external_task_marker_dag.py
[2024-09-20T11:52:46.778+0000] {logging_mixin.py:190} INFO - [2024-09-20T11:52:46.777+0000] {dag.py:3229} INFO - Sync 2 DAGs
[2024-09-20T11:52:46.812+0000] {logging_mixin.py:190} INFO - [2024-09-20T11:52:46.810+0000] {dag.py:4156} INFO - Setting next_dagrun for example_external_task_marker_child to None, run_after=None
[2024-09-20T11:52:46.823+0000] {logging_mixin.py:190} INFO - [2024-09-20T11:52:46.823+0000] {dag.py:4156} INFO - Setting next_dagrun for example_external_task_marker_parent to None, run_after=None
[2024-09-20T11:52:46.857+0000] {processor.py:208} INFO - Processing /home/airflow/.local/lib/python3.12/site-packages/airflow/example_dags/example_external_task_marker_dag.py took 0.165 seconds
[2024-09-20T11:53:17.604+0000] {processor.py:186} INFO - Started process (PID=1686) to work on /home/airflow/.local/lib/python3.12/site-packages/airflow/example_dags/example_external_task_marker_dag.py
[2024-09-20T11:53:17.605+0000] {processor.py:914} INFO - Processing file /home/airflow/.local/lib/python3.12/site-packages/airflow/example_dags/example_external_task_marker_dag.py for tasks to queue
[2024-09-20T11:53:17.609+0000] {logging_mixin.py:190} INFO - [2024-09-20T11:53:17.608+0000] {dagbag.py:587} INFO - Filling up the DagBag from /home/airflow/.local/lib/python3.12/site-packages/airflow/example_dags/example_external_task_marker_dag.py
[2024-09-20T11:53:17.622+0000] {processor.py:925} INFO - DAG(s) 'example_external_task_marker_child', 'example_external_task_marker_parent' retrieved from /home/airflow/.local/lib/python3.12/site-packages/airflow/example_dags/example_external_task_marker_dag.py
[2024-09-20T11:53:17.660+0000] {logging_mixin.py:190} INFO - [2024-09-20T11:53:17.660+0000] {dag.py:3229} INFO - Sync 2 DAGs
[2024-09-20T11:53:17.682+0000] {logging_mixin.py:190} INFO - [2024-09-20T11:53:17.682+0000] {dag.py:4156} INFO - Setting next_dagrun for example_external_task_marker_child to None, run_after=None
[2024-09-20T11:53:17.688+0000] {logging_mixin.py:190} INFO - [2024-09-20T11:53:17.688+0000] {dag.py:4156} INFO - Setting next_dagrun for example_external_task_marker_parent to None, run_after=None
[2024-09-20T11:53:17.716+0000] {processor.py:208} INFO - Processing /home/airflow/.local/lib/python3.12/site-packages/airflow/example_dags/example_external_task_marker_dag.py took 0.119 seconds
[2024-09-20T11:53:58.530+0000] {processor.py:186} INFO - Started process (PID=1740) to work on /home/airflow/.local/lib/python3.12/site-packages/airflow/example_dags/example_external_task_marker_dag.py
[2024-09-20T11:53:58.531+0000] {processor.py:914} INFO - Processing file /home/airflow/.local/lib/python3.12/site-packages/airflow/example_dags/example_external_task_marker_dag.py for tasks to queue
[2024-09-20T11:53:58.535+0000] {logging_mixin.py:190} INFO - [2024-09-20T11:53:58.534+0000] {dagbag.py:587} INFO - Filling up the DagBag from /home/airflow/.local/lib/python3.12/site-packages/airflow/example_dags/example_external_task_marker_dag.py
[2024-09-20T11:53:58.545+0000] {processor.py:925} INFO - DAG(s) 'example_external_task_marker_parent', 'example_external_task_marker_child' retrieved from /home/airflow/.local/lib/python3.12/site-packages/airflow/example_dags/example_external_task_marker_dag.py
[2024-09-20T11:53:58.575+0000] {logging_mixin.py:190} INFO - [2024-09-20T11:53:58.574+0000] {dag.py:3229} INFO - Sync 2 DAGs
[2024-09-20T11:53:58.592+0000] {logging_mixin.py:190} INFO - [2024-09-20T11:53:58.592+0000] {dag.py:4156} INFO - Setting next_dagrun for example_external_task_marker_child to None, run_after=None
[2024-09-20T11:53:58.599+0000] {logging_mixin.py:190} INFO - [2024-09-20T11:53:58.599+0000] {dag.py:4156} INFO - Setting next_dagrun for example_external_task_marker_parent to None, run_after=None
[2024-09-20T11:53:58.626+0000] {processor.py:208} INFO - Processing /home/airflow/.local/lib/python3.12/site-packages/airflow/example_dags/example_external_task_marker_dag.py took 0.104 seconds
[2024-09-20T11:54:29.533+0000] {processor.py:186} INFO - Started process (PID=1803) to work on /home/airflow/.local/lib/python3.12/site-packages/airflow/example_dags/example_external_task_marker_dag.py
[2024-09-20T11:54:29.535+0000] {processor.py:914} INFO - Processing file /home/airflow/.local/lib/python3.12/site-packages/airflow/example_dags/example_external_task_marker_dag.py for tasks to queue
[2024-09-20T11:54:29.538+0000] {logging_mixin.py:190} INFO - [2024-09-20T11:54:29.538+0000] {dagbag.py:587} INFO - Filling up the DagBag from /home/airflow/.local/lib/python3.12/site-packages/airflow/example_dags/example_external_task_marker_dag.py
[2024-09-20T11:54:29.552+0000] {processor.py:925} INFO - DAG(s) 'example_external_task_marker_parent', 'example_external_task_marker_child' retrieved from /home/airflow/.local/lib/python3.12/site-packages/airflow/example_dags/example_external_task_marker_dag.py
[2024-09-20T11:54:29.590+0000] {logging_mixin.py:190} INFO - [2024-09-20T11:54:29.589+0000] {dag.py:3229} INFO - Sync 2 DAGs
[2024-09-20T11:54:29.619+0000] {logging_mixin.py:190} INFO - [2024-09-20T11:54:29.618+0000] {dag.py:4156} INFO - Setting next_dagrun for example_external_task_marker_child to None, run_after=None
[2024-09-20T11:54:29.626+0000] {logging_mixin.py:190} INFO - [2024-09-20T11:54:29.626+0000] {dag.py:4156} INFO - Setting next_dagrun for example_external_task_marker_parent to None, run_after=None
[2024-09-20T11:54:29.658+0000] {processor.py:208} INFO - Processing /home/airflow/.local/lib/python3.12/site-packages/airflow/example_dags/example_external_task_marker_dag.py took 0.133 seconds
[2024-09-20T11:55:01.011+0000] {processor.py:186} INFO - Started process (PID=1867) to work on /home/airflow/.local/lib/python3.12/site-packages/airflow/example_dags/example_external_task_marker_dag.py
[2024-09-20T11:55:01.013+0000] {processor.py:914} INFO - Processing file /home/airflow/.local/lib/python3.12/site-packages/airflow/example_dags/example_external_task_marker_dag.py for tasks to queue
[2024-09-20T11:55:01.017+0000] {logging_mixin.py:190} INFO - [2024-09-20T11:55:01.016+0000] {dagbag.py:587} INFO - Filling up the DagBag from /home/airflow/.local/lib/python3.12/site-packages/airflow/example_dags/example_external_task_marker_dag.py
[2024-09-20T11:55:01.033+0000] {processor.py:925} INFO - DAG(s) 'example_external_task_marker_parent', 'example_external_task_marker_child' retrieved from /home/airflow/.local/lib/python3.12/site-packages/airflow/example_dags/example_external_task_marker_dag.py
[2024-09-20T11:55:01.088+0000] {logging_mixin.py:190} INFO - [2024-09-20T11:55:01.087+0000] {dag.py:3229} INFO - Sync 2 DAGs
[2024-09-20T11:55:01.122+0000] {logging_mixin.py:190} INFO - [2024-09-20T11:55:01.122+0000] {dag.py:4156} INFO - Setting next_dagrun for example_external_task_marker_child to None, run_after=None
[2024-09-20T11:55:01.129+0000] {logging_mixin.py:190} INFO - [2024-09-20T11:55:01.129+0000] {dag.py:4156} INFO - Setting next_dagrun for example_external_task_marker_parent to None, run_after=None
[2024-09-20T11:55:01.163+0000] {processor.py:208} INFO - Processing /home/airflow/.local/lib/python3.12/site-packages/airflow/example_dags/example_external_task_marker_dag.py took 0.163 seconds
[2024-09-20T11:55:32.389+0000] {processor.py:186} INFO - Started process (PID=1930) to work on /home/airflow/.local/lib/python3.12/site-packages/airflow/example_dags/example_external_task_marker_dag.py
[2024-09-20T11:55:32.391+0000] {processor.py:914} INFO - Processing file /home/airflow/.local/lib/python3.12/site-packages/airflow/example_dags/example_external_task_marker_dag.py for tasks to queue
[2024-09-20T11:55:32.398+0000] {logging_mixin.py:190} INFO - [2024-09-20T11:55:32.396+0000] {dagbag.py:587} INFO - Filling up the DagBag from /home/airflow/.local/lib/python3.12/site-packages/airflow/example_dags/example_external_task_marker_dag.py
[2024-09-20T11:55:32.412+0000] {processor.py:925} INFO - DAG(s) 'example_external_task_marker_parent', 'example_external_task_marker_child' retrieved from /home/airflow/.local/lib/python3.12/site-packages/airflow/example_dags/example_external_task_marker_dag.py
[2024-09-20T11:55:32.453+0000] {logging_mixin.py:190} INFO - [2024-09-20T11:55:32.453+0000] {dag.py:3229} INFO - Sync 2 DAGs
[2024-09-20T11:55:32.501+0000] {logging_mixin.py:190} INFO - [2024-09-20T11:55:32.501+0000] {dag.py:4156} INFO - Setting next_dagrun for example_external_task_marker_child to None, run_after=None
[2024-09-20T11:55:32.507+0000] {logging_mixin.py:190} INFO - [2024-09-20T11:55:32.507+0000] {dag.py:4156} INFO - Setting next_dagrun for example_external_task_marker_parent to None, run_after=None
[2024-09-20T11:55:32.538+0000] {processor.py:208} INFO - Processing /home/airflow/.local/lib/python3.12/site-packages/airflow/example_dags/example_external_task_marker_dag.py took 0.159 seconds
[2024-09-20T11:56:04.743+0000] {processor.py:186} INFO - Started process (PID=1995) to work on /home/airflow/.local/lib/python3.12/site-packages/airflow/example_dags/example_external_task_marker_dag.py
[2024-09-20T11:56:04.745+0000] {processor.py:914} INFO - Processing file /home/airflow/.local/lib/python3.12/site-packages/airflow/example_dags/example_external_task_marker_dag.py for tasks to queue
[2024-09-20T11:56:04.751+0000] {logging_mixin.py:190} INFO - [2024-09-20T11:56:04.751+0000] {dagbag.py:587} INFO - Filling up the DagBag from /home/airflow/.local/lib/python3.12/site-packages/airflow/example_dags/example_external_task_marker_dag.py
[2024-09-20T11:56:04.763+0000] {processor.py:925} INFO - DAG(s) 'example_external_task_marker_parent', 'example_external_task_marker_child' retrieved from /home/airflow/.local/lib/python3.12/site-packages/airflow/example_dags/example_external_task_marker_dag.py
[2024-09-20T11:56:04.799+0000] {logging_mixin.py:190} INFO - [2024-09-20T11:56:04.798+0000] {dag.py:3229} INFO - Sync 2 DAGs
[2024-09-20T11:56:04.822+0000] {logging_mixin.py:190} INFO - [2024-09-20T11:56:04.822+0000] {dag.py:4156} INFO - Setting next_dagrun for example_external_task_marker_child to None, run_after=None
[2024-09-20T11:56:04.830+0000] {logging_mixin.py:190} INFO - [2024-09-20T11:56:04.829+0000] {dag.py:4156} INFO - Setting next_dagrun for example_external_task_marker_parent to None, run_after=None
[2024-09-20T11:56:04.864+0000] {processor.py:208} INFO - Processing /home/airflow/.local/lib/python3.12/site-packages/airflow/example_dags/example_external_task_marker_dag.py took 0.130 seconds
