[2024-09-20T11:40:31.360+0000] {processor.py:186} INFO - Started process (PID=68) to work on /home/airflow/.local/lib/python3.12/site-packages/airflow/example_dags/example_complex.py
[2024-09-20T11:40:31.370+0000] {processor.py:914} INFO - Processing file /home/airflow/.local/lib/python3.12/site-packages/airflow/example_dags/example_complex.py for tasks to queue
[2024-09-20T11:40:31.382+0000] {logging_mixin.py:190} INFO - [2024-09-20T11:40:31.380+0000] {dagbag.py:587} INFO - Filling up the DagBag from /home/airflow/.local/lib/python3.12/site-packages/airflow/example_dags/example_complex.py
[2024-09-20T11:40:31.420+0000] {processor.py:925} INFO - DAG(s) 'example_complex' retrieved from /home/airflow/.local/lib/python3.12/site-packages/airflow/example_dags/example_complex.py
[2024-09-20T11:40:31.488+0000] {logging_mixin.py:190} INFO - [2024-09-20T11:40:31.488+0000] {dag.py:3229} INFO - Sync 1 DAGs
[2024-09-20T11:40:31.507+0000] {logging_mixin.py:190} INFO - [2024-09-20T11:40:31.507+0000] {dag.py:4156} INFO - Setting next_dagrun for example_complex to None, run_after=None
[2024-09-20T11:40:31.550+0000] {processor.py:208} INFO - Processing /home/airflow/.local/lib/python3.12/site-packages/airflow/example_dags/example_complex.py took 0.197 seconds
[2024-09-20T11:41:01.824+0000] {processor.py:186} INFO - Started process (PID=136) to work on /home/airflow/.local/lib/python3.12/site-packages/airflow/example_dags/example_complex.py
[2024-09-20T11:41:01.826+0000] {processor.py:914} INFO - Processing file /home/airflow/.local/lib/python3.12/site-packages/airflow/example_dags/example_complex.py for tasks to queue
[2024-09-20T11:41:01.829+0000] {logging_mixin.py:190} INFO - [2024-09-20T11:41:01.828+0000] {dagbag.py:587} INFO - Filling up the DagBag from /home/airflow/.local/lib/python3.12/site-packages/airflow/example_dags/example_complex.py
[2024-09-20T11:41:01.846+0000] {processor.py:925} INFO - DAG(s) 'example_complex' retrieved from /home/airflow/.local/lib/python3.12/site-packages/airflow/example_dags/example_complex.py
[2024-09-20T11:41:01.896+0000] {logging_mixin.py:190} INFO - [2024-09-20T11:41:01.896+0000] {dag.py:3229} INFO - Sync 1 DAGs
[2024-09-20T11:41:01.917+0000] {logging_mixin.py:190} INFO - [2024-09-20T11:41:01.917+0000] {dag.py:4156} INFO - Setting next_dagrun for example_complex to None, run_after=None
[2024-09-20T11:41:01.947+0000] {processor.py:208} INFO - Processing /home/airflow/.local/lib/python3.12/site-packages/airflow/example_dags/example_complex.py took 0.130 seconds
[2024-09-20T11:41:32.480+0000] {processor.py:186} INFO - Started process (PID=200) to work on /home/airflow/.local/lib/python3.12/site-packages/airflow/example_dags/example_complex.py
[2024-09-20T11:41:32.487+0000] {processor.py:914} INFO - Processing file /home/airflow/.local/lib/python3.12/site-packages/airflow/example_dags/example_complex.py for tasks to queue
[2024-09-20T11:41:32.491+0000] {logging_mixin.py:190} INFO - [2024-09-20T11:41:32.490+0000] {dagbag.py:587} INFO - Filling up the DagBag from /home/airflow/.local/lib/python3.12/site-packages/airflow/example_dags/example_complex.py
[2024-09-20T11:41:32.539+0000] {processor.py:925} INFO - DAG(s) 'example_complex' retrieved from /home/airflow/.local/lib/python3.12/site-packages/airflow/example_dags/example_complex.py
[2024-09-20T11:41:32.604+0000] {logging_mixin.py:190} INFO - [2024-09-20T11:41:32.604+0000] {dag.py:3229} INFO - Sync 1 DAGs
[2024-09-20T11:41:32.638+0000] {logging_mixin.py:190} INFO - [2024-09-20T11:41:32.637+0000] {dag.py:4156} INFO - Setting next_dagrun for example_complex to None, run_after=None
[2024-09-20T11:41:32.685+0000] {processor.py:208} INFO - Processing /home/airflow/.local/lib/python3.12/site-packages/airflow/example_dags/example_complex.py took 0.216 seconds
[2024-09-20T11:42:03.123+0000] {processor.py:186} INFO - Started process (PID=264) to work on /home/airflow/.local/lib/python3.12/site-packages/airflow/example_dags/example_complex.py
[2024-09-20T11:42:03.124+0000] {processor.py:914} INFO - Processing file /home/airflow/.local/lib/python3.12/site-packages/airflow/example_dags/example_complex.py for tasks to queue
[2024-09-20T11:42:03.128+0000] {logging_mixin.py:190} INFO - [2024-09-20T11:42:03.127+0000] {dagbag.py:587} INFO - Filling up the DagBag from /home/airflow/.local/lib/python3.12/site-packages/airflow/example_dags/example_complex.py
[2024-09-20T11:42:03.145+0000] {processor.py:925} INFO - DAG(s) 'example_complex' retrieved from /home/airflow/.local/lib/python3.12/site-packages/airflow/example_dags/example_complex.py
[2024-09-20T11:42:03.196+0000] {logging_mixin.py:190} INFO - [2024-09-20T11:42:03.195+0000] {dag.py:3229} INFO - Sync 1 DAGs
[2024-09-20T11:42:03.219+0000] {logging_mixin.py:190} INFO - [2024-09-20T11:42:03.219+0000] {dag.py:4156} INFO - Setting next_dagrun for example_complex to None, run_after=None
[2024-09-20T11:42:03.257+0000] {processor.py:208} INFO - Processing /home/airflow/.local/lib/python3.12/site-packages/airflow/example_dags/example_complex.py took 0.141 seconds
[2024-09-20T11:42:33.747+0000] {processor.py:186} INFO - Started process (PID=332) to work on /home/airflow/.local/lib/python3.12/site-packages/airflow/example_dags/example_complex.py
[2024-09-20T11:42:33.748+0000] {processor.py:914} INFO - Processing file /home/airflow/.local/lib/python3.12/site-packages/airflow/example_dags/example_complex.py for tasks to queue
[2024-09-20T11:42:33.752+0000] {logging_mixin.py:190} INFO - [2024-09-20T11:42:33.751+0000] {dagbag.py:587} INFO - Filling up the DagBag from /home/airflow/.local/lib/python3.12/site-packages/airflow/example_dags/example_complex.py
[2024-09-20T11:42:33.771+0000] {processor.py:925} INFO - DAG(s) 'example_complex' retrieved from /home/airflow/.local/lib/python3.12/site-packages/airflow/example_dags/example_complex.py
[2024-09-20T11:42:33.822+0000] {logging_mixin.py:190} INFO - [2024-09-20T11:42:33.821+0000] {dag.py:3229} INFO - Sync 1 DAGs
[2024-09-20T11:42:33.847+0000] {logging_mixin.py:190} INFO - [2024-09-20T11:42:33.846+0000] {dag.py:4156} INFO - Setting next_dagrun for example_complex to None, run_after=None
[2024-09-20T11:42:33.878+0000] {processor.py:208} INFO - Processing /home/airflow/.local/lib/python3.12/site-packages/airflow/example_dags/example_complex.py took 0.138 seconds
[2024-09-20T11:43:04.731+0000] {processor.py:186} INFO - Started process (PID=396) to work on /home/airflow/.local/lib/python3.12/site-packages/airflow/example_dags/example_complex.py
[2024-09-20T11:43:04.733+0000] {processor.py:914} INFO - Processing file /home/airflow/.local/lib/python3.12/site-packages/airflow/example_dags/example_complex.py for tasks to queue
[2024-09-20T11:43:04.738+0000] {logging_mixin.py:190} INFO - [2024-09-20T11:43:04.737+0000] {dagbag.py:587} INFO - Filling up the DagBag from /home/airflow/.local/lib/python3.12/site-packages/airflow/example_dags/example_complex.py
[2024-09-20T11:43:04.757+0000] {processor.py:925} INFO - DAG(s) 'example_complex' retrieved from /home/airflow/.local/lib/python3.12/site-packages/airflow/example_dags/example_complex.py
[2024-09-20T11:43:04.805+0000] {logging_mixin.py:190} INFO - [2024-09-20T11:43:04.804+0000] {dag.py:3229} INFO - Sync 1 DAGs
[2024-09-20T11:43:04.831+0000] {logging_mixin.py:190} INFO - [2024-09-20T11:43:04.831+0000] {dag.py:4156} INFO - Setting next_dagrun for example_complex to None, run_after=None
[2024-09-20T11:43:04.866+0000] {processor.py:208} INFO - Processing /home/airflow/.local/lib/python3.12/site-packages/airflow/example_dags/example_complex.py took 0.142 seconds
[2024-09-20T11:43:35.118+0000] {processor.py:186} INFO - Started process (PID=460) to work on /home/airflow/.local/lib/python3.12/site-packages/airflow/example_dags/example_complex.py
[2024-09-20T11:43:35.119+0000] {processor.py:914} INFO - Processing file /home/airflow/.local/lib/python3.12/site-packages/airflow/example_dags/example_complex.py for tasks to queue
[2024-09-20T11:43:35.123+0000] {logging_mixin.py:190} INFO - [2024-09-20T11:43:35.122+0000] {dagbag.py:587} INFO - Filling up the DagBag from /home/airflow/.local/lib/python3.12/site-packages/airflow/example_dags/example_complex.py
[2024-09-20T11:43:35.137+0000] {processor.py:925} INFO - DAG(s) 'example_complex' retrieved from /home/airflow/.local/lib/python3.12/site-packages/airflow/example_dags/example_complex.py
[2024-09-20T11:43:35.181+0000] {logging_mixin.py:190} INFO - [2024-09-20T11:43:35.177+0000] {dag.py:3229} INFO - Sync 1 DAGs
[2024-09-20T11:43:35.207+0000] {logging_mixin.py:190} INFO - [2024-09-20T11:43:35.206+0000] {dag.py:4156} INFO - Setting next_dagrun for example_complex to None, run_after=None
[2024-09-20T11:43:35.236+0000] {processor.py:208} INFO - Processing /home/airflow/.local/lib/python3.12/site-packages/airflow/example_dags/example_complex.py took 0.123 seconds
[2024-09-20T11:44:05.917+0000] {processor.py:186} INFO - Started process (PID=525) to work on /home/airflow/.local/lib/python3.12/site-packages/airflow/example_dags/example_complex.py
[2024-09-20T11:44:05.919+0000] {processor.py:914} INFO - Processing file /home/airflow/.local/lib/python3.12/site-packages/airflow/example_dags/example_complex.py for tasks to queue
[2024-09-20T11:44:05.923+0000] {logging_mixin.py:190} INFO - [2024-09-20T11:44:05.922+0000] {dagbag.py:587} INFO - Filling up the DagBag from /home/airflow/.local/lib/python3.12/site-packages/airflow/example_dags/example_complex.py
[2024-09-20T11:44:05.939+0000] {processor.py:925} INFO - DAG(s) 'example_complex' retrieved from /home/airflow/.local/lib/python3.12/site-packages/airflow/example_dags/example_complex.py
[2024-09-20T11:44:05.984+0000] {logging_mixin.py:190} INFO - [2024-09-20T11:44:05.984+0000] {dag.py:3229} INFO - Sync 1 DAGs
[2024-09-20T11:44:06.006+0000] {logging_mixin.py:190} INFO - [2024-09-20T11:44:06.006+0000] {dag.py:4156} INFO - Setting next_dagrun for example_complex to None, run_after=None
[2024-09-20T11:44:06.034+0000] {processor.py:208} INFO - Processing /home/airflow/.local/lib/python3.12/site-packages/airflow/example_dags/example_complex.py took 0.124 seconds
[2024-09-20T11:44:36.326+0000] {processor.py:186} INFO - Started process (PID=589) to work on /home/airflow/.local/lib/python3.12/site-packages/airflow/example_dags/example_complex.py
[2024-09-20T11:44:36.328+0000] {processor.py:914} INFO - Processing file /home/airflow/.local/lib/python3.12/site-packages/airflow/example_dags/example_complex.py for tasks to queue
[2024-09-20T11:44:36.332+0000] {logging_mixin.py:190} INFO - [2024-09-20T11:44:36.331+0000] {dagbag.py:587} INFO - Filling up the DagBag from /home/airflow/.local/lib/python3.12/site-packages/airflow/example_dags/example_complex.py
[2024-09-20T11:44:36.350+0000] {processor.py:925} INFO - DAG(s) 'example_complex' retrieved from /home/airflow/.local/lib/python3.12/site-packages/airflow/example_dags/example_complex.py
[2024-09-20T11:44:36.413+0000] {logging_mixin.py:190} INFO - [2024-09-20T11:44:36.412+0000] {dag.py:3229} INFO - Sync 1 DAGs
[2024-09-20T11:44:36.441+0000] {logging_mixin.py:190} INFO - [2024-09-20T11:44:36.441+0000] {dag.py:4156} INFO - Setting next_dagrun for example_complex to None, run_after=None
[2024-09-20T11:44:36.475+0000] {processor.py:208} INFO - Processing /home/airflow/.local/lib/python3.12/site-packages/airflow/example_dags/example_complex.py took 0.156 seconds
[2024-09-20T11:45:06.678+0000] {processor.py:186} INFO - Started process (PID=654) to work on /home/airflow/.local/lib/python3.12/site-packages/airflow/example_dags/example_complex.py
[2024-09-20T11:45:06.693+0000] {processor.py:914} INFO - Processing file /home/airflow/.local/lib/python3.12/site-packages/airflow/example_dags/example_complex.py for tasks to queue
[2024-09-20T11:45:06.702+0000] {logging_mixin.py:190} INFO - [2024-09-20T11:45:06.701+0000] {dagbag.py:587} INFO - Filling up the DagBag from /home/airflow/.local/lib/python3.12/site-packages/airflow/example_dags/example_complex.py
[2024-09-20T11:45:06.742+0000] {processor.py:925} INFO - DAG(s) 'example_complex' retrieved from /home/airflow/.local/lib/python3.12/site-packages/airflow/example_dags/example_complex.py
[2024-09-20T11:45:06.843+0000] {logging_mixin.py:190} INFO - [2024-09-20T11:45:06.843+0000] {dag.py:3229} INFO - Sync 1 DAGs
[2024-09-20T11:45:06.871+0000] {logging_mixin.py:190} INFO - [2024-09-20T11:45:06.870+0000] {dag.py:4156} INFO - Setting next_dagrun for example_complex to None, run_after=None
[2024-09-20T11:45:06.912+0000] {processor.py:208} INFO - Processing /home/airflow/.local/lib/python3.12/site-packages/airflow/example_dags/example_complex.py took 0.242 seconds
[2024-09-20T11:45:37.554+0000] {processor.py:186} INFO - Started process (PID=718) to work on /home/airflow/.local/lib/python3.12/site-packages/airflow/example_dags/example_complex.py
[2024-09-20T11:45:37.555+0000] {processor.py:914} INFO - Processing file /home/airflow/.local/lib/python3.12/site-packages/airflow/example_dags/example_complex.py for tasks to queue
[2024-09-20T11:45:37.559+0000] {logging_mixin.py:190} INFO - [2024-09-20T11:45:37.558+0000] {dagbag.py:587} INFO - Filling up the DagBag from /home/airflow/.local/lib/python3.12/site-packages/airflow/example_dags/example_complex.py
[2024-09-20T11:45:37.575+0000] {processor.py:925} INFO - DAG(s) 'example_complex' retrieved from /home/airflow/.local/lib/python3.12/site-packages/airflow/example_dags/example_complex.py
[2024-09-20T11:45:37.633+0000] {logging_mixin.py:190} INFO - [2024-09-20T11:45:37.632+0000] {dag.py:3229} INFO - Sync 1 DAGs
[2024-09-20T11:45:37.658+0000] {logging_mixin.py:190} INFO - [2024-09-20T11:45:37.657+0000] {dag.py:4156} INFO - Setting next_dagrun for example_complex to None, run_after=None
[2024-09-20T11:45:37.690+0000] {processor.py:208} INFO - Processing /home/airflow/.local/lib/python3.12/site-packages/airflow/example_dags/example_complex.py took 0.143 seconds
[2024-09-20T11:46:07.911+0000] {processor.py:186} INFO - Started process (PID=780) to work on /home/airflow/.local/lib/python3.12/site-packages/airflow/example_dags/example_complex.py
[2024-09-20T11:46:07.913+0000] {processor.py:914} INFO - Processing file /home/airflow/.local/lib/python3.12/site-packages/airflow/example_dags/example_complex.py for tasks to queue
[2024-09-20T11:46:07.917+0000] {logging_mixin.py:190} INFO - [2024-09-20T11:46:07.917+0000] {dagbag.py:587} INFO - Filling up the DagBag from /home/airflow/.local/lib/python3.12/site-packages/airflow/example_dags/example_complex.py
[2024-09-20T11:46:07.935+0000] {processor.py:925} INFO - DAG(s) 'example_complex' retrieved from /home/airflow/.local/lib/python3.12/site-packages/airflow/example_dags/example_complex.py
[2024-09-20T11:46:07.982+0000] {logging_mixin.py:190} INFO - [2024-09-20T11:46:07.981+0000] {dag.py:3229} INFO - Sync 1 DAGs
[2024-09-20T11:46:08.004+0000] {logging_mixin.py:190} INFO - [2024-09-20T11:46:08.003+0000] {dag.py:4156} INFO - Setting next_dagrun for example_complex to None, run_after=None
[2024-09-20T11:46:08.039+0000] {processor.py:208} INFO - Processing /home/airflow/.local/lib/python3.12/site-packages/airflow/example_dags/example_complex.py took 0.135 seconds
[2024-09-20T11:46:38.682+0000] {processor.py:186} INFO - Started process (PID=844) to work on /home/airflow/.local/lib/python3.12/site-packages/airflow/example_dags/example_complex.py
[2024-09-20T11:46:38.685+0000] {processor.py:914} INFO - Processing file /home/airflow/.local/lib/python3.12/site-packages/airflow/example_dags/example_complex.py for tasks to queue
[2024-09-20T11:46:38.689+0000] {logging_mixin.py:190} INFO - [2024-09-20T11:46:38.688+0000] {dagbag.py:587} INFO - Filling up the DagBag from /home/airflow/.local/lib/python3.12/site-packages/airflow/example_dags/example_complex.py
[2024-09-20T11:46:38.713+0000] {processor.py:925} INFO - DAG(s) 'example_complex' retrieved from /home/airflow/.local/lib/python3.12/site-packages/airflow/example_dags/example_complex.py
[2024-09-20T11:46:38.788+0000] {logging_mixin.py:190} INFO - [2024-09-20T11:46:38.787+0000] {dag.py:3229} INFO - Sync 1 DAGs
[2024-09-20T11:46:38.819+0000] {logging_mixin.py:190} INFO - [2024-09-20T11:46:38.818+0000] {dag.py:4156} INFO - Setting next_dagrun for example_complex to None, run_after=None
[2024-09-20T11:46:38.874+0000] {processor.py:208} INFO - Processing /home/airflow/.local/lib/python3.12/site-packages/airflow/example_dags/example_complex.py took 0.200 seconds
[2024-09-20T11:47:09.888+0000] {processor.py:186} INFO - Started process (PID=908) to work on /home/airflow/.local/lib/python3.12/site-packages/airflow/example_dags/example_complex.py
[2024-09-20T11:47:09.891+0000] {processor.py:914} INFO - Processing file /home/airflow/.local/lib/python3.12/site-packages/airflow/example_dags/example_complex.py for tasks to queue
[2024-09-20T11:47:09.902+0000] {logging_mixin.py:190} INFO - [2024-09-20T11:47:09.900+0000] {dagbag.py:587} INFO - Filling up the DagBag from /home/airflow/.local/lib/python3.12/site-packages/airflow/example_dags/example_complex.py
[2024-09-20T11:47:09.940+0000] {processor.py:925} INFO - DAG(s) 'example_complex' retrieved from /home/airflow/.local/lib/python3.12/site-packages/airflow/example_dags/example_complex.py
[2024-09-20T11:47:10.015+0000] {logging_mixin.py:190} INFO - [2024-09-20T11:47:10.014+0000] {dag.py:3229} INFO - Sync 1 DAGs
[2024-09-20T11:47:10.044+0000] {logging_mixin.py:190} INFO - [2024-09-20T11:47:10.043+0000] {dag.py:4156} INFO - Setting next_dagrun for example_complex to None, run_after=None
[2024-09-20T11:47:10.088+0000] {processor.py:208} INFO - Processing /home/airflow/.local/lib/python3.12/site-packages/airflow/example_dags/example_complex.py took 0.207 seconds
[2024-09-20T11:47:40.896+0000] {processor.py:186} INFO - Started process (PID=972) to work on /home/airflow/.local/lib/python3.12/site-packages/airflow/example_dags/example_complex.py
[2024-09-20T11:47:40.898+0000] {processor.py:914} INFO - Processing file /home/airflow/.local/lib/python3.12/site-packages/airflow/example_dags/example_complex.py for tasks to queue
[2024-09-20T11:47:40.901+0000] {logging_mixin.py:190} INFO - [2024-09-20T11:47:40.901+0000] {dagbag.py:587} INFO - Filling up the DagBag from /home/airflow/.local/lib/python3.12/site-packages/airflow/example_dags/example_complex.py
[2024-09-20T11:47:40.918+0000] {processor.py:925} INFO - DAG(s) 'example_complex' retrieved from /home/airflow/.local/lib/python3.12/site-packages/airflow/example_dags/example_complex.py
[2024-09-20T11:47:40.966+0000] {logging_mixin.py:190} INFO - [2024-09-20T11:47:40.965+0000] {dag.py:3229} INFO - Sync 1 DAGs
[2024-09-20T11:47:40.987+0000] {logging_mixin.py:190} INFO - [2024-09-20T11:47:40.987+0000] {dag.py:4156} INFO - Setting next_dagrun for example_complex to None, run_after=None
[2024-09-20T11:47:41.017+0000] {processor.py:208} INFO - Processing /home/airflow/.local/lib/python3.12/site-packages/airflow/example_dags/example_complex.py took 0.128 seconds
[2024-09-20T11:48:11.642+0000] {processor.py:186} INFO - Started process (PID=1036) to work on /home/airflow/.local/lib/python3.12/site-packages/airflow/example_dags/example_complex.py
[2024-09-20T11:48:11.644+0000] {processor.py:914} INFO - Processing file /home/airflow/.local/lib/python3.12/site-packages/airflow/example_dags/example_complex.py for tasks to queue
[2024-09-20T11:48:11.648+0000] {logging_mixin.py:190} INFO - [2024-09-20T11:48:11.648+0000] {dagbag.py:587} INFO - Filling up the DagBag from /home/airflow/.local/lib/python3.12/site-packages/airflow/example_dags/example_complex.py
[2024-09-20T11:48:11.669+0000] {processor.py:925} INFO - DAG(s) 'example_complex' retrieved from /home/airflow/.local/lib/python3.12/site-packages/airflow/example_dags/example_complex.py
[2024-09-20T11:48:11.720+0000] {logging_mixin.py:190} INFO - [2024-09-20T11:48:11.720+0000] {dag.py:3229} INFO - Sync 1 DAGs
[2024-09-20T11:48:11.749+0000] {logging_mixin.py:190} INFO - [2024-09-20T11:48:11.749+0000] {dag.py:4156} INFO - Setting next_dagrun for example_complex to None, run_after=None
[2024-09-20T11:48:11.787+0000] {processor.py:208} INFO - Processing /home/airflow/.local/lib/python3.12/site-packages/airflow/example_dags/example_complex.py took 0.159 seconds
[2024-09-20T11:48:42.125+0000] {processor.py:186} INFO - Started process (PID=1100) to work on /home/airflow/.local/lib/python3.12/site-packages/airflow/example_dags/example_complex.py
[2024-09-20T11:48:42.126+0000] {processor.py:914} INFO - Processing file /home/airflow/.local/lib/python3.12/site-packages/airflow/example_dags/example_complex.py for tasks to queue
[2024-09-20T11:48:42.130+0000] {logging_mixin.py:190} INFO - [2024-09-20T11:48:42.129+0000] {dagbag.py:587} INFO - Filling up the DagBag from /home/airflow/.local/lib/python3.12/site-packages/airflow/example_dags/example_complex.py
[2024-09-20T11:48:42.148+0000] {processor.py:925} INFO - DAG(s) 'example_complex' retrieved from /home/airflow/.local/lib/python3.12/site-packages/airflow/example_dags/example_complex.py
[2024-09-20T11:48:42.200+0000] {logging_mixin.py:190} INFO - [2024-09-20T11:48:42.200+0000] {dag.py:3229} INFO - Sync 1 DAGs
[2024-09-20T11:48:42.227+0000] {logging_mixin.py:190} INFO - [2024-09-20T11:48:42.227+0000] {dag.py:4156} INFO - Setting next_dagrun for example_complex to None, run_after=None
[2024-09-20T11:48:42.267+0000] {processor.py:208} INFO - Processing /home/airflow/.local/lib/python3.12/site-packages/airflow/example_dags/example_complex.py took 0.149 seconds
[2024-09-20T11:49:12.591+0000] {processor.py:186} INFO - Started process (PID=1164) to work on /home/airflow/.local/lib/python3.12/site-packages/airflow/example_dags/example_complex.py
[2024-09-20T11:49:12.593+0000] {processor.py:914} INFO - Processing file /home/airflow/.local/lib/python3.12/site-packages/airflow/example_dags/example_complex.py for tasks to queue
[2024-09-20T11:49:12.600+0000] {logging_mixin.py:190} INFO - [2024-09-20T11:49:12.599+0000] {dagbag.py:587} INFO - Filling up the DagBag from /home/airflow/.local/lib/python3.12/site-packages/airflow/example_dags/example_complex.py
[2024-09-20T11:49:12.622+0000] {processor.py:925} INFO - DAG(s) 'example_complex' retrieved from /home/airflow/.local/lib/python3.12/site-packages/airflow/example_dags/example_complex.py
[2024-09-20T11:49:12.670+0000] {logging_mixin.py:190} INFO - [2024-09-20T11:49:12.669+0000] {dag.py:3229} INFO - Sync 1 DAGs
[2024-09-20T11:49:12.692+0000] {logging_mixin.py:190} INFO - [2024-09-20T11:49:12.692+0000] {dag.py:4156} INFO - Setting next_dagrun for example_complex to None, run_after=None
[2024-09-20T11:49:12.724+0000] {processor.py:208} INFO - Processing /home/airflow/.local/lib/python3.12/site-packages/airflow/example_dags/example_complex.py took 0.146 seconds
[2024-09-20T11:49:42.891+0000] {processor.py:186} INFO - Started process (PID=1227) to work on /home/airflow/.local/lib/python3.12/site-packages/airflow/example_dags/example_complex.py
[2024-09-20T11:49:42.893+0000] {processor.py:914} INFO - Processing file /home/airflow/.local/lib/python3.12/site-packages/airflow/example_dags/example_complex.py for tasks to queue
[2024-09-20T11:49:42.897+0000] {logging_mixin.py:190} INFO - [2024-09-20T11:49:42.897+0000] {dagbag.py:587} INFO - Filling up the DagBag from /home/airflow/.local/lib/python3.12/site-packages/airflow/example_dags/example_complex.py
[2024-09-20T11:49:42.919+0000] {processor.py:925} INFO - DAG(s) 'example_complex' retrieved from /home/airflow/.local/lib/python3.12/site-packages/airflow/example_dags/example_complex.py
[2024-09-20T11:49:42.989+0000] {logging_mixin.py:190} INFO - [2024-09-20T11:49:42.989+0000] {dag.py:3229} INFO - Sync 1 DAGs
[2024-09-20T11:49:43.018+0000] {logging_mixin.py:190} INFO - [2024-09-20T11:49:43.018+0000] {dag.py:4156} INFO - Setting next_dagrun for example_complex to None, run_after=None
[2024-09-20T11:49:43.051+0000] {processor.py:208} INFO - Processing /home/airflow/.local/lib/python3.12/site-packages/airflow/example_dags/example_complex.py took 0.169 seconds
[2024-09-20T11:50:13.129+0000] {processor.py:186} INFO - Started process (PID=1295) to work on /home/airflow/.local/lib/python3.12/site-packages/airflow/example_dags/example_complex.py
[2024-09-20T11:50:13.130+0000] {processor.py:914} INFO - Processing file /home/airflow/.local/lib/python3.12/site-packages/airflow/example_dags/example_complex.py for tasks to queue
[2024-09-20T11:50:13.133+0000] {logging_mixin.py:190} INFO - [2024-09-20T11:50:13.133+0000] {dagbag.py:587} INFO - Filling up the DagBag from /home/airflow/.local/lib/python3.12/site-packages/airflow/example_dags/example_complex.py
[2024-09-20T11:50:13.149+0000] {processor.py:925} INFO - DAG(s) 'example_complex' retrieved from /home/airflow/.local/lib/python3.12/site-packages/airflow/example_dags/example_complex.py
[2024-09-20T11:50:13.190+0000] {logging_mixin.py:190} INFO - [2024-09-20T11:50:13.190+0000] {dag.py:3229} INFO - Sync 1 DAGs
[2024-09-20T11:50:13.211+0000] {logging_mixin.py:190} INFO - [2024-09-20T11:50:13.210+0000] {dag.py:4156} INFO - Setting next_dagrun for example_complex to None, run_after=None
[2024-09-20T11:50:13.241+0000] {processor.py:208} INFO - Processing /home/airflow/.local/lib/python3.12/site-packages/airflow/example_dags/example_complex.py took 0.119 seconds
[2024-09-20T11:50:43.843+0000] {processor.py:186} INFO - Started process (PID=1365) to work on /home/airflow/.local/lib/python3.12/site-packages/airflow/example_dags/example_complex.py
[2024-09-20T11:50:43.845+0000] {processor.py:914} INFO - Processing file /home/airflow/.local/lib/python3.12/site-packages/airflow/example_dags/example_complex.py for tasks to queue
[2024-09-20T11:50:43.849+0000] {logging_mixin.py:190} INFO - [2024-09-20T11:50:43.848+0000] {dagbag.py:587} INFO - Filling up the DagBag from /home/airflow/.local/lib/python3.12/site-packages/airflow/example_dags/example_complex.py
[2024-09-20T11:50:43.868+0000] {processor.py:925} INFO - DAG(s) 'example_complex' retrieved from /home/airflow/.local/lib/python3.12/site-packages/airflow/example_dags/example_complex.py
[2024-09-20T11:50:43.918+0000] {logging_mixin.py:190} INFO - [2024-09-20T11:50:43.918+0000] {dag.py:3229} INFO - Sync 1 DAGs
[2024-09-20T11:50:43.940+0000] {logging_mixin.py:190} INFO - [2024-09-20T11:50:43.940+0000] {dag.py:4156} INFO - Setting next_dagrun for example_complex to None, run_after=None
[2024-09-20T11:50:43.971+0000] {processor.py:208} INFO - Processing /home/airflow/.local/lib/python3.12/site-packages/airflow/example_dags/example_complex.py took 0.142 seconds
[2024-09-20T11:51:14.767+0000] {processor.py:186} INFO - Started process (PID=1429) to work on /home/airflow/.local/lib/python3.12/site-packages/airflow/example_dags/example_complex.py
[2024-09-20T11:51:14.769+0000] {processor.py:914} INFO - Processing file /home/airflow/.local/lib/python3.12/site-packages/airflow/example_dags/example_complex.py for tasks to queue
[2024-09-20T11:51:14.773+0000] {logging_mixin.py:190} INFO - [2024-09-20T11:51:14.772+0000] {dagbag.py:587} INFO - Filling up the DagBag from /home/airflow/.local/lib/python3.12/site-packages/airflow/example_dags/example_complex.py
[2024-09-20T11:51:14.789+0000] {processor.py:925} INFO - DAG(s) 'example_complex' retrieved from /home/airflow/.local/lib/python3.12/site-packages/airflow/example_dags/example_complex.py
[2024-09-20T11:51:14.836+0000] {logging_mixin.py:190} INFO - [2024-09-20T11:51:14.836+0000] {dag.py:3229} INFO - Sync 1 DAGs
[2024-09-20T11:51:14.858+0000] {logging_mixin.py:190} INFO - [2024-09-20T11:51:14.857+0000] {dag.py:4156} INFO - Setting next_dagrun for example_complex to None, run_after=None
[2024-09-20T11:51:14.901+0000] {processor.py:208} INFO - Processing /home/airflow/.local/lib/python3.12/site-packages/airflow/example_dags/example_complex.py took 0.141 seconds
[2024-09-20T11:51:45.476+0000] {processor.py:186} INFO - Started process (PID=1493) to work on /home/airflow/.local/lib/python3.12/site-packages/airflow/example_dags/example_complex.py
[2024-09-20T11:51:45.477+0000] {processor.py:914} INFO - Processing file /home/airflow/.local/lib/python3.12/site-packages/airflow/example_dags/example_complex.py for tasks to queue
[2024-09-20T11:51:45.480+0000] {logging_mixin.py:190} INFO - [2024-09-20T11:51:45.480+0000] {dagbag.py:587} INFO - Filling up the DagBag from /home/airflow/.local/lib/python3.12/site-packages/airflow/example_dags/example_complex.py
[2024-09-20T11:51:45.502+0000] {processor.py:925} INFO - DAG(s) 'example_complex' retrieved from /home/airflow/.local/lib/python3.12/site-packages/airflow/example_dags/example_complex.py
[2024-09-20T11:51:45.551+0000] {logging_mixin.py:190} INFO - [2024-09-20T11:51:45.551+0000] {dag.py:3229} INFO - Sync 1 DAGs
[2024-09-20T11:51:45.575+0000] {logging_mixin.py:190} INFO - [2024-09-20T11:51:45.575+0000] {dag.py:4156} INFO - Setting next_dagrun for example_complex to None, run_after=None
[2024-09-20T11:51:45.605+0000] {processor.py:208} INFO - Processing /home/airflow/.local/lib/python3.12/site-packages/airflow/example_dags/example_complex.py took 0.136 seconds
[2024-09-20T11:52:15.701+0000] {processor.py:186} INFO - Started process (PID=1557) to work on /home/airflow/.local/lib/python3.12/site-packages/airflow/example_dags/example_complex.py
[2024-09-20T11:52:15.702+0000] {processor.py:914} INFO - Processing file /home/airflow/.local/lib/python3.12/site-packages/airflow/example_dags/example_complex.py for tasks to queue
[2024-09-20T11:52:15.705+0000] {logging_mixin.py:190} INFO - [2024-09-20T11:52:15.705+0000] {dagbag.py:587} INFO - Filling up the DagBag from /home/airflow/.local/lib/python3.12/site-packages/airflow/example_dags/example_complex.py
[2024-09-20T11:52:15.723+0000] {processor.py:925} INFO - DAG(s) 'example_complex' retrieved from /home/airflow/.local/lib/python3.12/site-packages/airflow/example_dags/example_complex.py
[2024-09-20T11:52:15.774+0000] {logging_mixin.py:190} INFO - [2024-09-20T11:52:15.774+0000] {dag.py:3229} INFO - Sync 1 DAGs
[2024-09-20T11:52:15.797+0000] {logging_mixin.py:190} INFO - [2024-09-20T11:52:15.796+0000] {dag.py:4156} INFO - Setting next_dagrun for example_complex to None, run_after=None
[2024-09-20T11:52:15.831+0000] {processor.py:208} INFO - Processing /home/airflow/.local/lib/python3.12/site-packages/airflow/example_dags/example_complex.py took 0.138 seconds
[2024-09-20T11:52:46.220+0000] {processor.py:186} INFO - Started process (PID=1620) to work on /home/airflow/.local/lib/python3.12/site-packages/airflow/example_dags/example_complex.py
[2024-09-20T11:52:46.223+0000] {processor.py:914} INFO - Processing file /home/airflow/.local/lib/python3.12/site-packages/airflow/example_dags/example_complex.py for tasks to queue
[2024-09-20T11:52:46.229+0000] {logging_mixin.py:190} INFO - [2024-09-20T11:52:46.228+0000] {dagbag.py:587} INFO - Filling up the DagBag from /home/airflow/.local/lib/python3.12/site-packages/airflow/example_dags/example_complex.py
[2024-09-20T11:52:46.259+0000] {processor.py:925} INFO - DAG(s) 'example_complex' retrieved from /home/airflow/.local/lib/python3.12/site-packages/airflow/example_dags/example_complex.py
[2024-09-20T11:52:46.331+0000] {logging_mixin.py:190} INFO - [2024-09-20T11:52:46.330+0000] {dag.py:3229} INFO - Sync 1 DAGs
[2024-09-20T11:52:46.359+0000] {logging_mixin.py:190} INFO - [2024-09-20T11:52:46.359+0000] {dag.py:4156} INFO - Setting next_dagrun for example_complex to None, run_after=None
[2024-09-20T11:52:46.394+0000] {processor.py:208} INFO - Processing /home/airflow/.local/lib/python3.12/site-packages/airflow/example_dags/example_complex.py took 0.187 seconds
[2024-09-20T11:53:17.280+0000] {processor.py:186} INFO - Started process (PID=1684) to work on /home/airflow/.local/lib/python3.12/site-packages/airflow/example_dags/example_complex.py
[2024-09-20T11:53:17.282+0000] {processor.py:914} INFO - Processing file /home/airflow/.local/lib/python3.12/site-packages/airflow/example_dags/example_complex.py for tasks to queue
[2024-09-20T11:53:17.285+0000] {logging_mixin.py:190} INFO - [2024-09-20T11:53:17.285+0000] {dagbag.py:587} INFO - Filling up the DagBag from /home/airflow/.local/lib/python3.12/site-packages/airflow/example_dags/example_complex.py
[2024-09-20T11:53:17.303+0000] {processor.py:925} INFO - DAG(s) 'example_complex' retrieved from /home/airflow/.local/lib/python3.12/site-packages/airflow/example_dags/example_complex.py
[2024-09-20T11:53:17.351+0000] {logging_mixin.py:190} INFO - [2024-09-20T11:53:17.350+0000] {dag.py:3229} INFO - Sync 1 DAGs
[2024-09-20T11:53:17.374+0000] {logging_mixin.py:190} INFO - [2024-09-20T11:53:17.374+0000] {dag.py:4156} INFO - Setting next_dagrun for example_complex to None, run_after=None
[2024-09-20T11:53:17.405+0000] {processor.py:208} INFO - Processing /home/airflow/.local/lib/python3.12/site-packages/airflow/example_dags/example_complex.py took 0.132 seconds
[2024-09-20T11:53:57.810+0000] {processor.py:186} INFO - Started process (PID=1737) to work on /home/airflow/.local/lib/python3.12/site-packages/airflow/example_dags/example_complex.py
[2024-09-20T11:53:57.812+0000] {processor.py:914} INFO - Processing file /home/airflow/.local/lib/python3.12/site-packages/airflow/example_dags/example_complex.py for tasks to queue
[2024-09-20T11:53:57.817+0000] {logging_mixin.py:190} INFO - [2024-09-20T11:53:57.817+0000] {dagbag.py:587} INFO - Filling up the DagBag from /home/airflow/.local/lib/python3.12/site-packages/airflow/example_dags/example_complex.py
[2024-09-20T11:53:57.832+0000] {processor.py:925} INFO - DAG(s) 'example_complex' retrieved from /home/airflow/.local/lib/python3.12/site-packages/airflow/example_dags/example_complex.py
[2024-09-20T11:53:57.873+0000] {logging_mixin.py:190} INFO - [2024-09-20T11:53:57.872+0000] {dag.py:3229} INFO - Sync 1 DAGs
[2024-09-20T11:53:57.890+0000] {logging_mixin.py:190} INFO - [2024-09-20T11:53:57.889+0000] {dag.py:4156} INFO - Setting next_dagrun for example_complex to None, run_after=None
[2024-09-20T11:53:57.914+0000] {processor.py:208} INFO - Processing /home/airflow/.local/lib/python3.12/site-packages/airflow/example_dags/example_complex.py took 0.111 seconds
[2024-09-20T11:54:29.093+0000] {processor.py:186} INFO - Started process (PID=1800) to work on /home/airflow/.local/lib/python3.12/site-packages/airflow/example_dags/example_complex.py
[2024-09-20T11:54:29.095+0000] {processor.py:914} INFO - Processing file /home/airflow/.local/lib/python3.12/site-packages/airflow/example_dags/example_complex.py for tasks to queue
[2024-09-20T11:54:29.099+0000] {logging_mixin.py:190} INFO - [2024-09-20T11:54:29.098+0000] {dagbag.py:587} INFO - Filling up the DagBag from /home/airflow/.local/lib/python3.12/site-packages/airflow/example_dags/example_complex.py
[2024-09-20T11:54:29.117+0000] {processor.py:925} INFO - DAG(s) 'example_complex' retrieved from /home/airflow/.local/lib/python3.12/site-packages/airflow/example_dags/example_complex.py
[2024-09-20T11:54:29.170+0000] {logging_mixin.py:190} INFO - [2024-09-20T11:54:29.170+0000] {dag.py:3229} INFO - Sync 1 DAGs
[2024-09-20T11:54:29.202+0000] {logging_mixin.py:190} INFO - [2024-09-20T11:54:29.202+0000] {dag.py:4156} INFO - Setting next_dagrun for example_complex to None, run_after=None
[2024-09-20T11:54:29.244+0000] {processor.py:208} INFO - Processing /home/airflow/.local/lib/python3.12/site-packages/airflow/example_dags/example_complex.py took 0.158 seconds
[2024-09-20T11:55:00.644+0000] {processor.py:186} INFO - Started process (PID=1864) to work on /home/airflow/.local/lib/python3.12/site-packages/airflow/example_dags/example_complex.py
[2024-09-20T11:55:00.646+0000] {processor.py:914} INFO - Processing file /home/airflow/.local/lib/python3.12/site-packages/airflow/example_dags/example_complex.py for tasks to queue
[2024-09-20T11:55:00.649+0000] {logging_mixin.py:190} INFO - [2024-09-20T11:55:00.649+0000] {dagbag.py:587} INFO - Filling up the DagBag from /home/airflow/.local/lib/python3.12/site-packages/airflow/example_dags/example_complex.py
[2024-09-20T11:55:00.667+0000] {processor.py:925} INFO - DAG(s) 'example_complex' retrieved from /home/airflow/.local/lib/python3.12/site-packages/airflow/example_dags/example_complex.py
[2024-09-20T11:55:00.716+0000] {logging_mixin.py:190} INFO - [2024-09-20T11:55:00.715+0000] {dag.py:3229} INFO - Sync 1 DAGs
[2024-09-20T11:55:00.742+0000] {logging_mixin.py:190} INFO - [2024-09-20T11:55:00.742+0000] {dag.py:4156} INFO - Setting next_dagrun for example_complex to None, run_after=None
[2024-09-20T11:55:00.776+0000] {processor.py:208} INFO - Processing /home/airflow/.local/lib/python3.12/site-packages/airflow/example_dags/example_complex.py took 0.141 seconds
[2024-09-20T11:55:32.169+0000] {processor.py:186} INFO - Started process (PID=1928) to work on /home/airflow/.local/lib/python3.12/site-packages/airflow/example_dags/example_complex.py
[2024-09-20T11:55:32.171+0000] {processor.py:914} INFO - Processing file /home/airflow/.local/lib/python3.12/site-packages/airflow/example_dags/example_complex.py for tasks to queue
[2024-09-20T11:55:32.177+0000] {logging_mixin.py:190} INFO - [2024-09-20T11:55:32.176+0000] {dagbag.py:587} INFO - Filling up the DagBag from /home/airflow/.local/lib/python3.12/site-packages/airflow/example_dags/example_complex.py
[2024-09-20T11:55:32.197+0000] {processor.py:925} INFO - DAG(s) 'example_complex' retrieved from /home/airflow/.local/lib/python3.12/site-packages/airflow/example_dags/example_complex.py
[2024-09-20T11:55:32.251+0000] {logging_mixin.py:190} INFO - [2024-09-20T11:55:32.251+0000] {dag.py:3229} INFO - Sync 1 DAGs
[2024-09-20T11:55:32.275+0000] {logging_mixin.py:190} INFO - [2024-09-20T11:55:32.275+0000] {dag.py:4156} INFO - Setting next_dagrun for example_complex to None, run_after=None
[2024-09-20T11:55:32.318+0000] {processor.py:208} INFO - Processing /home/airflow/.local/lib/python3.12/site-packages/airflow/example_dags/example_complex.py took 0.156 seconds
[2024-09-20T11:56:04.517+0000] {processor.py:186} INFO - Started process (PID=1992) to work on /home/airflow/.local/lib/python3.12/site-packages/airflow/example_dags/example_complex.py
[2024-09-20T11:56:04.519+0000] {processor.py:914} INFO - Processing file /home/airflow/.local/lib/python3.12/site-packages/airflow/example_dags/example_complex.py for tasks to queue
[2024-09-20T11:56:04.522+0000] {logging_mixin.py:190} INFO - [2024-09-20T11:56:04.522+0000] {dagbag.py:587} INFO - Filling up the DagBag from /home/airflow/.local/lib/python3.12/site-packages/airflow/example_dags/example_complex.py
[2024-09-20T11:56:04.539+0000] {processor.py:925} INFO - DAG(s) 'example_complex' retrieved from /home/airflow/.local/lib/python3.12/site-packages/airflow/example_dags/example_complex.py
[2024-09-20T11:56:04.590+0000] {logging_mixin.py:190} INFO - [2024-09-20T11:56:04.590+0000] {dag.py:3229} INFO - Sync 1 DAGs
[2024-09-20T11:56:04.617+0000] {logging_mixin.py:190} INFO - [2024-09-20T11:56:04.616+0000] {dag.py:4156} INFO - Setting next_dagrun for example_complex to None, run_after=None
[2024-09-20T11:56:04.657+0000] {processor.py:208} INFO - Processing /home/airflow/.local/lib/python3.12/site-packages/airflow/example_dags/example_complex.py took 0.148 seconds
