[2024-09-20T11:40:31.064+0000] {processor.py:186} INFO - Started process (PID=66) to work on /home/airflow/.local/lib/python3.12/site-packages/airflow/example_dags/example_nested_branch_dag.py
[2024-09-20T11:40:31.065+0000] {processor.py:914} INFO - Processing file /home/airflow/.local/lib/python3.12/site-packages/airflow/example_dags/example_nested_branch_dag.py for tasks to queue
[2024-09-20T11:40:31.070+0000] {logging_mixin.py:190} INFO - [2024-09-20T11:40:31.068+0000] {dagbag.py:587} INFO - Filling up the DagBag from /home/airflow/.local/lib/python3.12/site-packages/airflow/example_dags/example_nested_branch_dag.py
[2024-09-20T11:40:31.086+0000] {processor.py:925} INFO - DAG(s) 'example_nested_branch_dag' retrieved from /home/airflow/.local/lib/python3.12/site-packages/airflow/example_dags/example_nested_branch_dag.py
[2024-09-20T11:40:31.200+0000] {logging_mixin.py:190} INFO - [2024-09-20T11:40:31.199+0000] {dag.py:3229} INFO - Sync 1 DAGs
[2024-09-20T11:40:31.243+0000] {logging_mixin.py:190} INFO - [2024-09-20T11:40:31.243+0000] {dag.py:4156} INFO - Setting next_dagrun for example_nested_branch_dag to 2024-09-19 00:00:00+00:00, run_after=2024-09-20 00:00:00+00:00
[2024-09-20T11:40:31.276+0000] {processor.py:208} INFO - Processing /home/airflow/.local/lib/python3.12/site-packages/airflow/example_dags/example_nested_branch_dag.py took 0.218 seconds
[2024-09-20T11:41:01.639+0000] {processor.py:186} INFO - Started process (PID=134) to work on /home/airflow/.local/lib/python3.12/site-packages/airflow/example_dags/example_nested_branch_dag.py
[2024-09-20T11:41:01.641+0000] {processor.py:914} INFO - Processing file /home/airflow/.local/lib/python3.12/site-packages/airflow/example_dags/example_nested_branch_dag.py for tasks to queue
[2024-09-20T11:41:01.645+0000] {logging_mixin.py:190} INFO - [2024-09-20T11:41:01.644+0000] {dagbag.py:587} INFO - Filling up the DagBag from /home/airflow/.local/lib/python3.12/site-packages/airflow/example_dags/example_nested_branch_dag.py
[2024-09-20T11:41:01.674+0000] {processor.py:925} INFO - DAG(s) 'example_nested_branch_dag' retrieved from /home/airflow/.local/lib/python3.12/site-packages/airflow/example_dags/example_nested_branch_dag.py
[2024-09-20T11:41:01.706+0000] {logging_mixin.py:190} INFO - [2024-09-20T11:41:01.706+0000] {dag.py:3229} INFO - Sync 1 DAGs
[2024-09-20T11:41:01.744+0000] {logging_mixin.py:190} INFO - [2024-09-20T11:41:01.743+0000] {dag.py:4156} INFO - Setting next_dagrun for example_nested_branch_dag to 2024-09-19 00:00:00+00:00, run_after=2024-09-20 00:00:00+00:00
[2024-09-20T11:41:01.773+0000] {processor.py:208} INFO - Processing /home/airflow/.local/lib/python3.12/site-packages/airflow/example_dags/example_nested_branch_dag.py took 0.155 seconds
[2024-09-20T11:41:32.254+0000] {processor.py:186} INFO - Started process (PID=198) to work on /home/airflow/.local/lib/python3.12/site-packages/airflow/example_dags/example_nested_branch_dag.py
[2024-09-20T11:41:32.255+0000] {processor.py:914} INFO - Processing file /home/airflow/.local/lib/python3.12/site-packages/airflow/example_dags/example_nested_branch_dag.py for tasks to queue
[2024-09-20T11:41:32.259+0000] {logging_mixin.py:190} INFO - [2024-09-20T11:41:32.258+0000] {dagbag.py:587} INFO - Filling up the DagBag from /home/airflow/.local/lib/python3.12/site-packages/airflow/example_dags/example_nested_branch_dag.py
[2024-09-20T11:41:32.279+0000] {processor.py:925} INFO - DAG(s) 'example_nested_branch_dag' retrieved from /home/airflow/.local/lib/python3.12/site-packages/airflow/example_dags/example_nested_branch_dag.py
[2024-09-20T11:41:32.312+0000] {logging_mixin.py:190} INFO - [2024-09-20T11:41:32.312+0000] {dag.py:3229} INFO - Sync 1 DAGs
[2024-09-20T11:41:32.363+0000] {logging_mixin.py:190} INFO - [2024-09-20T11:41:32.363+0000] {dag.py:4156} INFO - Setting next_dagrun for example_nested_branch_dag to 2024-09-19 00:00:00+00:00, run_after=2024-09-20 00:00:00+00:00
[2024-09-20T11:41:32.403+0000] {processor.py:208} INFO - Processing /home/airflow/.local/lib/python3.12/site-packages/airflow/example_dags/example_nested_branch_dag.py took 0.157 seconds
[2024-09-20T11:42:02.949+0000] {processor.py:186} INFO - Started process (PID=262) to work on /home/airflow/.local/lib/python3.12/site-packages/airflow/example_dags/example_nested_branch_dag.py
[2024-09-20T11:42:02.951+0000] {processor.py:914} INFO - Processing file /home/airflow/.local/lib/python3.12/site-packages/airflow/example_dags/example_nested_branch_dag.py for tasks to queue
[2024-09-20T11:42:02.955+0000] {logging_mixin.py:190} INFO - [2024-09-20T11:42:02.955+0000] {dagbag.py:587} INFO - Filling up the DagBag from /home/airflow/.local/lib/python3.12/site-packages/airflow/example_dags/example_nested_branch_dag.py
[2024-09-20T11:42:02.972+0000] {processor.py:925} INFO - DAG(s) 'example_nested_branch_dag' retrieved from /home/airflow/.local/lib/python3.12/site-packages/airflow/example_dags/example_nested_branch_dag.py
[2024-09-20T11:42:03.003+0000] {logging_mixin.py:190} INFO - [2024-09-20T11:42:03.002+0000] {dag.py:3229} INFO - Sync 1 DAGs
[2024-09-20T11:42:03.039+0000] {logging_mixin.py:190} INFO - [2024-09-20T11:42:03.038+0000] {dag.py:4156} INFO - Setting next_dagrun for example_nested_branch_dag to 2024-09-19 00:00:00+00:00, run_after=2024-09-20 00:00:00+00:00
[2024-09-20T11:42:03.075+0000] {processor.py:208} INFO - Processing /home/airflow/.local/lib/python3.12/site-packages/airflow/example_dags/example_nested_branch_dag.py took 0.133 seconds
[2024-09-20T11:42:33.575+0000] {processor.py:186} INFO - Started process (PID=330) to work on /home/airflow/.local/lib/python3.12/site-packages/airflow/example_dags/example_nested_branch_dag.py
[2024-09-20T11:42:33.577+0000] {processor.py:914} INFO - Processing file /home/airflow/.local/lib/python3.12/site-packages/airflow/example_dags/example_nested_branch_dag.py for tasks to queue
[2024-09-20T11:42:33.580+0000] {logging_mixin.py:190} INFO - [2024-09-20T11:42:33.580+0000] {dagbag.py:587} INFO - Filling up the DagBag from /home/airflow/.local/lib/python3.12/site-packages/airflow/example_dags/example_nested_branch_dag.py
[2024-09-20T11:42:33.599+0000] {processor.py:925} INFO - DAG(s) 'example_nested_branch_dag' retrieved from /home/airflow/.local/lib/python3.12/site-packages/airflow/example_dags/example_nested_branch_dag.py
[2024-09-20T11:42:33.632+0000] {logging_mixin.py:190} INFO - [2024-09-20T11:42:33.631+0000] {dag.py:3229} INFO - Sync 1 DAGs
[2024-09-20T11:42:33.669+0000] {logging_mixin.py:190} INFO - [2024-09-20T11:42:33.669+0000] {dag.py:4156} INFO - Setting next_dagrun for example_nested_branch_dag to 2024-09-19 00:00:00+00:00, run_after=2024-09-20 00:00:00+00:00
[2024-09-20T11:42:33.700+0000] {processor.py:208} INFO - Processing /home/airflow/.local/lib/python3.12/site-packages/airflow/example_dags/example_nested_branch_dag.py took 0.132 seconds
[2024-09-20T11:43:04.555+0000] {processor.py:186} INFO - Started process (PID=394) to work on /home/airflow/.local/lib/python3.12/site-packages/airflow/example_dags/example_nested_branch_dag.py
[2024-09-20T11:43:04.557+0000] {processor.py:914} INFO - Processing file /home/airflow/.local/lib/python3.12/site-packages/airflow/example_dags/example_nested_branch_dag.py for tasks to queue
[2024-09-20T11:43:04.560+0000] {logging_mixin.py:190} INFO - [2024-09-20T11:43:04.560+0000] {dagbag.py:587} INFO - Filling up the DagBag from /home/airflow/.local/lib/python3.12/site-packages/airflow/example_dags/example_nested_branch_dag.py
[2024-09-20T11:43:04.576+0000] {processor.py:925} INFO - DAG(s) 'example_nested_branch_dag' retrieved from /home/airflow/.local/lib/python3.12/site-packages/airflow/example_dags/example_nested_branch_dag.py
[2024-09-20T11:43:04.607+0000] {logging_mixin.py:190} INFO - [2024-09-20T11:43:04.606+0000] {dag.py:3229} INFO - Sync 1 DAGs
[2024-09-20T11:43:04.648+0000] {logging_mixin.py:190} INFO - [2024-09-20T11:43:04.647+0000] {dag.py:4156} INFO - Setting next_dagrun for example_nested_branch_dag to 2024-09-19 00:00:00+00:00, run_after=2024-09-20 00:00:00+00:00
[2024-09-20T11:43:04.685+0000] {processor.py:208} INFO - Processing /home/airflow/.local/lib/python3.12/site-packages/airflow/example_dags/example_nested_branch_dag.py took 0.138 seconds
[2024-09-20T11:43:34.874+0000] {processor.py:186} INFO - Started process (PID=458) to work on /home/airflow/.local/lib/python3.12/site-packages/airflow/example_dags/example_nested_branch_dag.py
[2024-09-20T11:43:34.875+0000] {processor.py:914} INFO - Processing file /home/airflow/.local/lib/python3.12/site-packages/airflow/example_dags/example_nested_branch_dag.py for tasks to queue
[2024-09-20T11:43:34.880+0000] {logging_mixin.py:190} INFO - [2024-09-20T11:43:34.880+0000] {dagbag.py:587} INFO - Filling up the DagBag from /home/airflow/.local/lib/python3.12/site-packages/airflow/example_dags/example_nested_branch_dag.py
[2024-09-20T11:43:34.902+0000] {processor.py:925} INFO - DAG(s) 'example_nested_branch_dag' retrieved from /home/airflow/.local/lib/python3.12/site-packages/airflow/example_dags/example_nested_branch_dag.py
[2024-09-20T11:43:34.931+0000] {logging_mixin.py:190} INFO - [2024-09-20T11:43:34.931+0000] {dag.py:3229} INFO - Sync 1 DAGs
[2024-09-20T11:43:34.971+0000] {logging_mixin.py:190} INFO - [2024-09-20T11:43:34.971+0000] {dag.py:4156} INFO - Setting next_dagrun for example_nested_branch_dag to 2024-09-19 00:00:00+00:00, run_after=2024-09-20 00:00:00+00:00
[2024-09-20T11:43:35.004+0000] {processor.py:208} INFO - Processing /home/airflow/.local/lib/python3.12/site-packages/airflow/example_dags/example_nested_branch_dag.py took 0.139 seconds
[2024-09-20T11:44:05.671+0000] {processor.py:186} INFO - Started process (PID=523) to work on /home/airflow/.local/lib/python3.12/site-packages/airflow/example_dags/example_nested_branch_dag.py
[2024-09-20T11:44:05.673+0000] {processor.py:914} INFO - Processing file /home/airflow/.local/lib/python3.12/site-packages/airflow/example_dags/example_nested_branch_dag.py for tasks to queue
[2024-09-20T11:44:05.676+0000] {logging_mixin.py:190} INFO - [2024-09-20T11:44:05.675+0000] {dagbag.py:587} INFO - Filling up the DagBag from /home/airflow/.local/lib/python3.12/site-packages/airflow/example_dags/example_nested_branch_dag.py
[2024-09-20T11:44:05.692+0000] {processor.py:925} INFO - DAG(s) 'example_nested_branch_dag' retrieved from /home/airflow/.local/lib/python3.12/site-packages/airflow/example_dags/example_nested_branch_dag.py
[2024-09-20T11:44:05.727+0000] {logging_mixin.py:190} INFO - [2024-09-20T11:44:05.727+0000] {dag.py:3229} INFO - Sync 1 DAGs
[2024-09-20T11:44:05.764+0000] {logging_mixin.py:190} INFO - [2024-09-20T11:44:05.764+0000] {dag.py:4156} INFO - Setting next_dagrun for example_nested_branch_dag to 2024-09-19 00:00:00+00:00, run_after=2024-09-20 00:00:00+00:00
[2024-09-20T11:44:05.793+0000] {processor.py:208} INFO - Processing /home/airflow/.local/lib/python3.12/site-packages/airflow/example_dags/example_nested_branch_dag.py took 0.130 seconds
[2024-09-20T11:44:35.926+0000] {processor.py:186} INFO - Started process (PID=586) to work on /home/airflow/.local/lib/python3.12/site-packages/airflow/example_dags/example_nested_branch_dag.py
[2024-09-20T11:44:35.927+0000] {processor.py:914} INFO - Processing file /home/airflow/.local/lib/python3.12/site-packages/airflow/example_dags/example_nested_branch_dag.py for tasks to queue
[2024-09-20T11:44:35.931+0000] {logging_mixin.py:190} INFO - [2024-09-20T11:44:35.930+0000] {dagbag.py:587} INFO - Filling up the DagBag from /home/airflow/.local/lib/python3.12/site-packages/airflow/example_dags/example_nested_branch_dag.py
[2024-09-20T11:44:35.948+0000] {processor.py:925} INFO - DAG(s) 'example_nested_branch_dag' retrieved from /home/airflow/.local/lib/python3.12/site-packages/airflow/example_dags/example_nested_branch_dag.py
[2024-09-20T11:44:35.983+0000] {logging_mixin.py:190} INFO - [2024-09-20T11:44:35.982+0000] {dag.py:3229} INFO - Sync 1 DAGs
[2024-09-20T11:44:36.022+0000] {logging_mixin.py:190} INFO - [2024-09-20T11:44:36.022+0000] {dag.py:4156} INFO - Setting next_dagrun for example_nested_branch_dag to 2024-09-19 00:00:00+00:00, run_after=2024-09-20 00:00:00+00:00
[2024-09-20T11:44:36.054+0000] {processor.py:208} INFO - Processing /home/airflow/.local/lib/python3.12/site-packages/airflow/example_dags/example_nested_branch_dag.py took 0.136 seconds
[2024-09-20T11:45:06.300+0000] {processor.py:186} INFO - Started process (PID=651) to work on /home/airflow/.local/lib/python3.12/site-packages/airflow/example_dags/example_nested_branch_dag.py
[2024-09-20T11:45:06.302+0000] {processor.py:914} INFO - Processing file /home/airflow/.local/lib/python3.12/site-packages/airflow/example_dags/example_nested_branch_dag.py for tasks to queue
[2024-09-20T11:45:06.305+0000] {logging_mixin.py:190} INFO - [2024-09-20T11:45:06.305+0000] {dagbag.py:587} INFO - Filling up the DagBag from /home/airflow/.local/lib/python3.12/site-packages/airflow/example_dags/example_nested_branch_dag.py
[2024-09-20T11:45:06.321+0000] {processor.py:925} INFO - DAG(s) 'example_nested_branch_dag' retrieved from /home/airflow/.local/lib/python3.12/site-packages/airflow/example_dags/example_nested_branch_dag.py
[2024-09-20T11:45:06.351+0000] {logging_mixin.py:190} INFO - [2024-09-20T11:45:06.350+0000] {dag.py:3229} INFO - Sync 1 DAGs
[2024-09-20T11:45:06.387+0000] {logging_mixin.py:190} INFO - [2024-09-20T11:45:06.387+0000] {dag.py:4156} INFO - Setting next_dagrun for example_nested_branch_dag to 2024-09-19 00:00:00+00:00, run_after=2024-09-20 00:00:00+00:00
[2024-09-20T11:45:06.417+0000] {processor.py:208} INFO - Processing /home/airflow/.local/lib/python3.12/site-packages/airflow/example_dags/example_nested_branch_dag.py took 0.123 seconds
[2024-09-20T11:45:37.163+0000] {processor.py:186} INFO - Started process (PID=715) to work on /home/airflow/.local/lib/python3.12/site-packages/airflow/example_dags/example_nested_branch_dag.py
[2024-09-20T11:45:37.165+0000] {processor.py:914} INFO - Processing file /home/airflow/.local/lib/python3.12/site-packages/airflow/example_dags/example_nested_branch_dag.py for tasks to queue
[2024-09-20T11:45:37.168+0000] {logging_mixin.py:190} INFO - [2024-09-20T11:45:37.168+0000] {dagbag.py:587} INFO - Filling up the DagBag from /home/airflow/.local/lib/python3.12/site-packages/airflow/example_dags/example_nested_branch_dag.py
[2024-09-20T11:45:37.186+0000] {processor.py:925} INFO - DAG(s) 'example_nested_branch_dag' retrieved from /home/airflow/.local/lib/python3.12/site-packages/airflow/example_dags/example_nested_branch_dag.py
[2024-09-20T11:45:37.223+0000] {logging_mixin.py:190} INFO - [2024-09-20T11:45:37.222+0000] {dag.py:3229} INFO - Sync 1 DAGs
[2024-09-20T11:45:37.260+0000] {logging_mixin.py:190} INFO - [2024-09-20T11:45:37.260+0000] {dag.py:4156} INFO - Setting next_dagrun for example_nested_branch_dag to 2024-09-19 00:00:00+00:00, run_after=2024-09-20 00:00:00+00:00
[2024-09-20T11:45:37.295+0000] {processor.py:208} INFO - Processing /home/airflow/.local/lib/python3.12/site-packages/airflow/example_dags/example_nested_branch_dag.py took 0.139 seconds
[2024-09-20T11:46:07.506+0000] {processor.py:186} INFO - Started process (PID=778) to work on /home/airflow/.local/lib/python3.12/site-packages/airflow/example_dags/example_nested_branch_dag.py
[2024-09-20T11:46:07.508+0000] {processor.py:914} INFO - Processing file /home/airflow/.local/lib/python3.12/site-packages/airflow/example_dags/example_nested_branch_dag.py for tasks to queue
[2024-09-20T11:46:07.512+0000] {logging_mixin.py:190} INFO - [2024-09-20T11:46:07.511+0000] {dagbag.py:587} INFO - Filling up the DagBag from /home/airflow/.local/lib/python3.12/site-packages/airflow/example_dags/example_nested_branch_dag.py
[2024-09-20T11:46:07.528+0000] {processor.py:925} INFO - DAG(s) 'example_nested_branch_dag' retrieved from /home/airflow/.local/lib/python3.12/site-packages/airflow/example_dags/example_nested_branch_dag.py
[2024-09-20T11:46:07.560+0000] {logging_mixin.py:190} INFO - [2024-09-20T11:46:07.560+0000] {dag.py:3229} INFO - Sync 1 DAGs
[2024-09-20T11:46:07.597+0000] {logging_mixin.py:190} INFO - [2024-09-20T11:46:07.597+0000] {dag.py:4156} INFO - Setting next_dagrun for example_nested_branch_dag to 2024-09-19 00:00:00+00:00, run_after=2024-09-20 00:00:00+00:00
[2024-09-20T11:46:07.627+0000] {processor.py:208} INFO - Processing /home/airflow/.local/lib/python3.12/site-packages/airflow/example_dags/example_nested_branch_dag.py took 0.129 seconds
[2024-09-20T11:46:38.489+0000] {processor.py:186} INFO - Started process (PID=842) to work on /home/airflow/.local/lib/python3.12/site-packages/airflow/example_dags/example_nested_branch_dag.py
[2024-09-20T11:46:38.491+0000] {processor.py:914} INFO - Processing file /home/airflow/.local/lib/python3.12/site-packages/airflow/example_dags/example_nested_branch_dag.py for tasks to queue
[2024-09-20T11:46:38.495+0000] {logging_mixin.py:190} INFO - [2024-09-20T11:46:38.494+0000] {dagbag.py:587} INFO - Filling up the DagBag from /home/airflow/.local/lib/python3.12/site-packages/airflow/example_dags/example_nested_branch_dag.py
[2024-09-20T11:46:38.511+0000] {processor.py:925} INFO - DAG(s) 'example_nested_branch_dag' retrieved from /home/airflow/.local/lib/python3.12/site-packages/airflow/example_dags/example_nested_branch_dag.py
[2024-09-20T11:46:38.541+0000] {logging_mixin.py:190} INFO - [2024-09-20T11:46:38.541+0000] {dag.py:3229} INFO - Sync 1 DAGs
[2024-09-20T11:46:38.580+0000] {logging_mixin.py:190} INFO - [2024-09-20T11:46:38.580+0000] {dag.py:4156} INFO - Setting next_dagrun for example_nested_branch_dag to 2024-09-19 00:00:00+00:00, run_after=2024-09-20 00:00:00+00:00
[2024-09-20T11:46:38.612+0000] {processor.py:208} INFO - Processing /home/airflow/.local/lib/python3.12/site-packages/airflow/example_dags/example_nested_branch_dag.py took 0.130 seconds
[2024-09-20T11:47:09.688+0000] {processor.py:186} INFO - Started process (PID=906) to work on /home/airflow/.local/lib/python3.12/site-packages/airflow/example_dags/example_nested_branch_dag.py
[2024-09-20T11:47:09.690+0000] {processor.py:914} INFO - Processing file /home/airflow/.local/lib/python3.12/site-packages/airflow/example_dags/example_nested_branch_dag.py for tasks to queue
[2024-09-20T11:47:09.693+0000] {logging_mixin.py:190} INFO - [2024-09-20T11:47:09.692+0000] {dagbag.py:587} INFO - Filling up the DagBag from /home/airflow/.local/lib/python3.12/site-packages/airflow/example_dags/example_nested_branch_dag.py
[2024-09-20T11:47:09.708+0000] {processor.py:925} INFO - DAG(s) 'example_nested_branch_dag' retrieved from /home/airflow/.local/lib/python3.12/site-packages/airflow/example_dags/example_nested_branch_dag.py
[2024-09-20T11:47:09.739+0000] {logging_mixin.py:190} INFO - [2024-09-20T11:47:09.739+0000] {dag.py:3229} INFO - Sync 1 DAGs
[2024-09-20T11:47:09.776+0000] {logging_mixin.py:190} INFO - [2024-09-20T11:47:09.775+0000] {dag.py:4156} INFO - Setting next_dagrun for example_nested_branch_dag to 2024-09-19 00:00:00+00:00, run_after=2024-09-20 00:00:00+00:00
[2024-09-20T11:47:09.813+0000] {processor.py:208} INFO - Processing /home/airflow/.local/lib/python3.12/site-packages/airflow/example_dags/example_nested_branch_dag.py took 0.131 seconds
[2024-09-20T11:47:40.719+0000] {processor.py:186} INFO - Started process (PID=970) to work on /home/airflow/.local/lib/python3.12/site-packages/airflow/example_dags/example_nested_branch_dag.py
[2024-09-20T11:47:40.721+0000] {processor.py:914} INFO - Processing file /home/airflow/.local/lib/python3.12/site-packages/airflow/example_dags/example_nested_branch_dag.py for tasks to queue
[2024-09-20T11:47:40.724+0000] {logging_mixin.py:190} INFO - [2024-09-20T11:47:40.724+0000] {dagbag.py:587} INFO - Filling up the DagBag from /home/airflow/.local/lib/python3.12/site-packages/airflow/example_dags/example_nested_branch_dag.py
[2024-09-20T11:47:40.740+0000] {processor.py:925} INFO - DAG(s) 'example_nested_branch_dag' retrieved from /home/airflow/.local/lib/python3.12/site-packages/airflow/example_dags/example_nested_branch_dag.py
[2024-09-20T11:47:40.773+0000] {logging_mixin.py:190} INFO - [2024-09-20T11:47:40.772+0000] {dag.py:3229} INFO - Sync 1 DAGs
[2024-09-20T11:47:40.813+0000] {logging_mixin.py:190} INFO - [2024-09-20T11:47:40.813+0000] {dag.py:4156} INFO - Setting next_dagrun for example_nested_branch_dag to 2024-09-19 00:00:00+00:00, run_after=2024-09-20 00:00:00+00:00
[2024-09-20T11:47:40.850+0000] {processor.py:208} INFO - Processing /home/airflow/.local/lib/python3.12/site-packages/airflow/example_dags/example_nested_branch_dag.py took 0.138 seconds
[2024-09-20T11:48:11.450+0000] {processor.py:186} INFO - Started process (PID=1034) to work on /home/airflow/.local/lib/python3.12/site-packages/airflow/example_dags/example_nested_branch_dag.py
[2024-09-20T11:48:11.452+0000] {processor.py:914} INFO - Processing file /home/airflow/.local/lib/python3.12/site-packages/airflow/example_dags/example_nested_branch_dag.py for tasks to queue
[2024-09-20T11:48:11.455+0000] {logging_mixin.py:190} INFO - [2024-09-20T11:48:11.455+0000] {dagbag.py:587} INFO - Filling up the DagBag from /home/airflow/.local/lib/python3.12/site-packages/airflow/example_dags/example_nested_branch_dag.py
[2024-09-20T11:48:11.473+0000] {processor.py:925} INFO - DAG(s) 'example_nested_branch_dag' retrieved from /home/airflow/.local/lib/python3.12/site-packages/airflow/example_dags/example_nested_branch_dag.py
[2024-09-20T11:48:11.514+0000] {logging_mixin.py:190} INFO - [2024-09-20T11:48:11.513+0000] {dag.py:3229} INFO - Sync 1 DAGs
[2024-09-20T11:48:11.553+0000] {logging_mixin.py:190} INFO - [2024-09-20T11:48:11.553+0000] {dag.py:4156} INFO - Setting next_dagrun for example_nested_branch_dag to 2024-09-19 00:00:00+00:00, run_after=2024-09-20 00:00:00+00:00
[2024-09-20T11:48:11.585+0000] {processor.py:208} INFO - Processing /home/airflow/.local/lib/python3.12/site-packages/airflow/example_dags/example_nested_branch_dag.py took 0.142 seconds
[2024-09-20T11:48:41.674+0000] {processor.py:186} INFO - Started process (PID=1098) to work on /home/airflow/.local/lib/python3.12/site-packages/airflow/example_dags/example_nested_branch_dag.py
[2024-09-20T11:48:41.675+0000] {processor.py:914} INFO - Processing file /home/airflow/.local/lib/python3.12/site-packages/airflow/example_dags/example_nested_branch_dag.py for tasks to queue
[2024-09-20T11:48:41.679+0000] {logging_mixin.py:190} INFO - [2024-09-20T11:48:41.679+0000] {dagbag.py:587} INFO - Filling up the DagBag from /home/airflow/.local/lib/python3.12/site-packages/airflow/example_dags/example_nested_branch_dag.py
[2024-09-20T11:48:41.696+0000] {processor.py:925} INFO - DAG(s) 'example_nested_branch_dag' retrieved from /home/airflow/.local/lib/python3.12/site-packages/airflow/example_dags/example_nested_branch_dag.py
[2024-09-20T11:48:41.747+0000] {logging_mixin.py:190} INFO - [2024-09-20T11:48:41.746+0000] {dag.py:3229} INFO - Sync 1 DAGs
[2024-09-20T11:48:41.788+0000] {logging_mixin.py:190} INFO - [2024-09-20T11:48:41.788+0000] {dag.py:4156} INFO - Setting next_dagrun for example_nested_branch_dag to 2024-09-19 00:00:00+00:00, run_after=2024-09-20 00:00:00+00:00
[2024-09-20T11:48:41.828+0000] {processor.py:208} INFO - Processing /home/airflow/.local/lib/python3.12/site-packages/airflow/example_dags/example_nested_branch_dag.py took 0.164 seconds
[2024-09-20T11:49:12.111+0000] {processor.py:186} INFO - Started process (PID=1161) to work on /home/airflow/.local/lib/python3.12/site-packages/airflow/example_dags/example_nested_branch_dag.py
[2024-09-20T11:49:12.112+0000] {processor.py:914} INFO - Processing file /home/airflow/.local/lib/python3.12/site-packages/airflow/example_dags/example_nested_branch_dag.py for tasks to queue
[2024-09-20T11:49:12.116+0000] {logging_mixin.py:190} INFO - [2024-09-20T11:49:12.115+0000] {dagbag.py:587} INFO - Filling up the DagBag from /home/airflow/.local/lib/python3.12/site-packages/airflow/example_dags/example_nested_branch_dag.py
[2024-09-20T11:49:12.133+0000] {processor.py:925} INFO - DAG(s) 'example_nested_branch_dag' retrieved from /home/airflow/.local/lib/python3.12/site-packages/airflow/example_dags/example_nested_branch_dag.py
[2024-09-20T11:49:12.171+0000] {logging_mixin.py:190} INFO - [2024-09-20T11:49:12.170+0000] {dag.py:3229} INFO - Sync 1 DAGs
[2024-09-20T11:49:12.222+0000] {logging_mixin.py:190} INFO - [2024-09-20T11:49:12.222+0000] {dag.py:4156} INFO - Setting next_dagrun for example_nested_branch_dag to 2024-09-19 00:00:00+00:00, run_after=2024-09-20 00:00:00+00:00
[2024-09-20T11:49:12.255+0000] {processor.py:208} INFO - Processing /home/airflow/.local/lib/python3.12/site-packages/airflow/example_dags/example_nested_branch_dag.py took 0.152 seconds
[2024-09-20T11:49:42.625+0000] {processor.py:186} INFO - Started process (PID=1225) to work on /home/airflow/.local/lib/python3.12/site-packages/airflow/example_dags/example_nested_branch_dag.py
[2024-09-20T11:49:42.627+0000] {processor.py:914} INFO - Processing file /home/airflow/.local/lib/python3.12/site-packages/airflow/example_dags/example_nested_branch_dag.py for tasks to queue
[2024-09-20T11:49:42.634+0000] {logging_mixin.py:190} INFO - [2024-09-20T11:49:42.633+0000] {dagbag.py:587} INFO - Filling up the DagBag from /home/airflow/.local/lib/python3.12/site-packages/airflow/example_dags/example_nested_branch_dag.py
[2024-09-20T11:49:42.658+0000] {processor.py:925} INFO - DAG(s) 'example_nested_branch_dag' retrieved from /home/airflow/.local/lib/python3.12/site-packages/airflow/example_dags/example_nested_branch_dag.py
[2024-09-20T11:49:42.700+0000] {logging_mixin.py:190} INFO - [2024-09-20T11:49:42.699+0000] {dag.py:3229} INFO - Sync 1 DAGs
[2024-09-20T11:49:42.764+0000] {logging_mixin.py:190} INFO - [2024-09-20T11:49:42.764+0000] {dag.py:4156} INFO - Setting next_dagrun for example_nested_branch_dag to 2024-09-19 00:00:00+00:00, run_after=2024-09-20 00:00:00+00:00
[2024-09-20T11:49:42.814+0000] {processor.py:208} INFO - Processing /home/airflow/.local/lib/python3.12/site-packages/airflow/example_dags/example_nested_branch_dag.py took 0.199 seconds
[2024-09-20T11:50:12.906+0000] {processor.py:186} INFO - Started process (PID=1293) to work on /home/airflow/.local/lib/python3.12/site-packages/airflow/example_dags/example_nested_branch_dag.py
[2024-09-20T11:50:12.908+0000] {processor.py:914} INFO - Processing file /home/airflow/.local/lib/python3.12/site-packages/airflow/example_dags/example_nested_branch_dag.py for tasks to queue
[2024-09-20T11:50:12.912+0000] {logging_mixin.py:190} INFO - [2024-09-20T11:50:12.912+0000] {dagbag.py:587} INFO - Filling up the DagBag from /home/airflow/.local/lib/python3.12/site-packages/airflow/example_dags/example_nested_branch_dag.py
[2024-09-20T11:50:12.930+0000] {processor.py:925} INFO - DAG(s) 'example_nested_branch_dag' retrieved from /home/airflow/.local/lib/python3.12/site-packages/airflow/example_dags/example_nested_branch_dag.py
[2024-09-20T11:50:12.965+0000] {logging_mixin.py:190} INFO - [2024-09-20T11:50:12.965+0000] {dag.py:3229} INFO - Sync 1 DAGs
[2024-09-20T11:50:13.007+0000] {logging_mixin.py:190} INFO - [2024-09-20T11:50:13.007+0000] {dag.py:4156} INFO - Setting next_dagrun for example_nested_branch_dag to 2024-09-19 00:00:00+00:00, run_after=2024-09-20 00:00:00+00:00
[2024-09-20T11:50:13.039+0000] {processor.py:208} INFO - Processing /home/airflow/.local/lib/python3.12/site-packages/airflow/example_dags/example_nested_branch_dag.py took 0.140 seconds
[2024-09-20T11:50:43.615+0000] {processor.py:186} INFO - Started process (PID=1357) to work on /home/airflow/.local/lib/python3.12/site-packages/airflow/example_dags/example_nested_branch_dag.py
[2024-09-20T11:50:43.617+0000] {processor.py:914} INFO - Processing file /home/airflow/.local/lib/python3.12/site-packages/airflow/example_dags/example_nested_branch_dag.py for tasks to queue
[2024-09-20T11:50:43.620+0000] {logging_mixin.py:190} INFO - [2024-09-20T11:50:43.619+0000] {dagbag.py:587} INFO - Filling up the DagBag from /home/airflow/.local/lib/python3.12/site-packages/airflow/example_dags/example_nested_branch_dag.py
[2024-09-20T11:50:43.640+0000] {processor.py:925} INFO - DAG(s) 'example_nested_branch_dag' retrieved from /home/airflow/.local/lib/python3.12/site-packages/airflow/example_dags/example_nested_branch_dag.py
[2024-09-20T11:50:43.675+0000] {logging_mixin.py:190} INFO - [2024-09-20T11:50:43.674+0000] {dag.py:3229} INFO - Sync 1 DAGs
[2024-09-20T11:50:43.723+0000] {logging_mixin.py:190} INFO - [2024-09-20T11:50:43.723+0000] {dag.py:4156} INFO - Setting next_dagrun for example_nested_branch_dag to 2024-09-19 00:00:00+00:00, run_after=2024-09-20 00:00:00+00:00
[2024-09-20T11:50:43.762+0000] {processor.py:208} INFO - Processing /home/airflow/.local/lib/python3.12/site-packages/airflow/example_dags/example_nested_branch_dag.py took 0.155 seconds
[2024-09-20T11:51:14.381+0000] {processor.py:186} INFO - Started process (PID=1427) to work on /home/airflow/.local/lib/python3.12/site-packages/airflow/example_dags/example_nested_branch_dag.py
[2024-09-20T11:51:14.383+0000] {processor.py:914} INFO - Processing file /home/airflow/.local/lib/python3.12/site-packages/airflow/example_dags/example_nested_branch_dag.py for tasks to queue
[2024-09-20T11:51:14.388+0000] {logging_mixin.py:190} INFO - [2024-09-20T11:51:14.388+0000] {dagbag.py:587} INFO - Filling up the DagBag from /home/airflow/.local/lib/python3.12/site-packages/airflow/example_dags/example_nested_branch_dag.py
[2024-09-20T11:51:14.426+0000] {processor.py:925} INFO - DAG(s) 'example_nested_branch_dag' retrieved from /home/airflow/.local/lib/python3.12/site-packages/airflow/example_dags/example_nested_branch_dag.py
[2024-09-20T11:51:14.462+0000] {logging_mixin.py:190} INFO - [2024-09-20T11:51:14.461+0000] {dag.py:3229} INFO - Sync 1 DAGs
[2024-09-20T11:51:14.505+0000] {logging_mixin.py:190} INFO - [2024-09-20T11:51:14.505+0000] {dag.py:4156} INFO - Setting next_dagrun for example_nested_branch_dag to 2024-09-19 00:00:00+00:00, run_after=2024-09-20 00:00:00+00:00
[2024-09-20T11:51:14.536+0000] {processor.py:208} INFO - Processing /home/airflow/.local/lib/python3.12/site-packages/airflow/example_dags/example_nested_branch_dag.py took 0.169 seconds
[2024-09-20T11:51:45.017+0000] {processor.py:186} INFO - Started process (PID=1491) to work on /home/airflow/.local/lib/python3.12/site-packages/airflow/example_dags/example_nested_branch_dag.py
[2024-09-20T11:51:45.019+0000] {processor.py:914} INFO - Processing file /home/airflow/.local/lib/python3.12/site-packages/airflow/example_dags/example_nested_branch_dag.py for tasks to queue
[2024-09-20T11:51:45.029+0000] {logging_mixin.py:190} INFO - [2024-09-20T11:51:45.027+0000] {dagbag.py:587} INFO - Filling up the DagBag from /home/airflow/.local/lib/python3.12/site-packages/airflow/example_dags/example_nested_branch_dag.py
[2024-09-20T11:51:45.053+0000] {processor.py:925} INFO - DAG(s) 'example_nested_branch_dag' retrieved from /home/airflow/.local/lib/python3.12/site-packages/airflow/example_dags/example_nested_branch_dag.py
[2024-09-20T11:51:45.108+0000] {logging_mixin.py:190} INFO - [2024-09-20T11:51:45.107+0000] {dag.py:3229} INFO - Sync 1 DAGs
[2024-09-20T11:51:45.177+0000] {logging_mixin.py:190} INFO - [2024-09-20T11:51:45.177+0000] {dag.py:4156} INFO - Setting next_dagrun for example_nested_branch_dag to 2024-09-19 00:00:00+00:00, run_after=2024-09-20 00:00:00+00:00
[2024-09-20T11:51:45.212+0000] {processor.py:208} INFO - Processing /home/airflow/.local/lib/python3.12/site-packages/airflow/example_dags/example_nested_branch_dag.py took 0.203 seconds
[2024-09-20T11:52:15.295+0000] {processor.py:186} INFO - Started process (PID=1554) to work on /home/airflow/.local/lib/python3.12/site-packages/airflow/example_dags/example_nested_branch_dag.py
[2024-09-20T11:52:15.297+0000] {processor.py:914} INFO - Processing file /home/airflow/.local/lib/python3.12/site-packages/airflow/example_dags/example_nested_branch_dag.py for tasks to queue
[2024-09-20T11:52:15.300+0000] {logging_mixin.py:190} INFO - [2024-09-20T11:52:15.300+0000] {dagbag.py:587} INFO - Filling up the DagBag from /home/airflow/.local/lib/python3.12/site-packages/airflow/example_dags/example_nested_branch_dag.py
[2024-09-20T11:52:15.317+0000] {processor.py:925} INFO - DAG(s) 'example_nested_branch_dag' retrieved from /home/airflow/.local/lib/python3.12/site-packages/airflow/example_dags/example_nested_branch_dag.py
[2024-09-20T11:52:15.351+0000] {logging_mixin.py:190} INFO - [2024-09-20T11:52:15.350+0000] {dag.py:3229} INFO - Sync 1 DAGs
[2024-09-20T11:52:15.388+0000] {logging_mixin.py:190} INFO - [2024-09-20T11:52:15.387+0000] {dag.py:4156} INFO - Setting next_dagrun for example_nested_branch_dag to 2024-09-19 00:00:00+00:00, run_after=2024-09-20 00:00:00+00:00
[2024-09-20T11:52:15.423+0000] {processor.py:208} INFO - Processing /home/airflow/.local/lib/python3.12/site-packages/airflow/example_dags/example_nested_branch_dag.py took 0.135 seconds
[2024-09-20T11:52:45.649+0000] {processor.py:186} INFO - Started process (PID=1617) to work on /home/airflow/.local/lib/python3.12/site-packages/airflow/example_dags/example_nested_branch_dag.py
[2024-09-20T11:52:45.651+0000] {processor.py:914} INFO - Processing file /home/airflow/.local/lib/python3.12/site-packages/airflow/example_dags/example_nested_branch_dag.py for tasks to queue
[2024-09-20T11:52:45.655+0000] {logging_mixin.py:190} INFO - [2024-09-20T11:52:45.655+0000] {dagbag.py:587} INFO - Filling up the DagBag from /home/airflow/.local/lib/python3.12/site-packages/airflow/example_dags/example_nested_branch_dag.py
[2024-09-20T11:52:45.677+0000] {processor.py:925} INFO - DAG(s) 'example_nested_branch_dag' retrieved from /home/airflow/.local/lib/python3.12/site-packages/airflow/example_dags/example_nested_branch_dag.py
[2024-09-20T11:52:45.717+0000] {logging_mixin.py:190} INFO - [2024-09-20T11:52:45.717+0000] {dag.py:3229} INFO - Sync 1 DAGs
[2024-09-20T11:52:45.762+0000] {logging_mixin.py:190} INFO - [2024-09-20T11:52:45.762+0000] {dag.py:4156} INFO - Setting next_dagrun for example_nested_branch_dag to 2024-09-19 00:00:00+00:00, run_after=2024-09-20 00:00:00+00:00
[2024-09-20T11:52:45.795+0000] {processor.py:208} INFO - Processing /home/airflow/.local/lib/python3.12/site-packages/airflow/example_dags/example_nested_branch_dag.py took 0.156 seconds
[2024-09-20T11:53:15.994+0000] {processor.py:186} INFO - Started process (PID=1681) to work on /home/airflow/.local/lib/python3.12/site-packages/airflow/example_dags/example_nested_branch_dag.py
[2024-09-20T11:53:15.995+0000] {processor.py:914} INFO - Processing file /home/airflow/.local/lib/python3.12/site-packages/airflow/example_dags/example_nested_branch_dag.py for tasks to queue
[2024-09-20T11:53:15.998+0000] {logging_mixin.py:190} INFO - [2024-09-20T11:53:15.998+0000] {dagbag.py:587} INFO - Filling up the DagBag from /home/airflow/.local/lib/python3.12/site-packages/airflow/example_dags/example_nested_branch_dag.py
[2024-09-20T11:53:16.014+0000] {processor.py:925} INFO - DAG(s) 'example_nested_branch_dag' retrieved from /home/airflow/.local/lib/python3.12/site-packages/airflow/example_dags/example_nested_branch_dag.py
[2024-09-20T11:53:16.047+0000] {logging_mixin.py:190} INFO - [2024-09-20T11:53:16.046+0000] {dag.py:3229} INFO - Sync 1 DAGs
[2024-09-20T11:53:16.085+0000] {logging_mixin.py:190} INFO - [2024-09-20T11:53:16.085+0000] {dag.py:4156} INFO - Setting next_dagrun for example_nested_branch_dag to 2024-09-19 00:00:00+00:00, run_after=2024-09-20 00:00:00+00:00
[2024-09-20T11:53:16.116+0000] {processor.py:208} INFO - Processing /home/airflow/.local/lib/python3.12/site-packages/airflow/example_dags/example_nested_branch_dag.py took 0.130 seconds
[2024-09-20T11:53:57.507+0000] {processor.py:186} INFO - Started process (PID=1735) to work on /home/airflow/.local/lib/python3.12/site-packages/airflow/example_dags/example_nested_branch_dag.py
[2024-09-20T11:53:57.508+0000] {processor.py:914} INFO - Processing file /home/airflow/.local/lib/python3.12/site-packages/airflow/example_dags/example_nested_branch_dag.py for tasks to queue
[2024-09-20T11:53:57.511+0000] {logging_mixin.py:190} INFO - [2024-09-20T11:53:57.511+0000] {dagbag.py:587} INFO - Filling up the DagBag from /home/airflow/.local/lib/python3.12/site-packages/airflow/example_dags/example_nested_branch_dag.py
[2024-09-20T11:53:57.523+0000] {processor.py:925} INFO - DAG(s) 'example_nested_branch_dag' retrieved from /home/airflow/.local/lib/python3.12/site-packages/airflow/example_dags/example_nested_branch_dag.py
[2024-09-20T11:53:57.546+0000] {logging_mixin.py:190} INFO - [2024-09-20T11:53:57.546+0000] {dag.py:3229} INFO - Sync 1 DAGs
[2024-09-20T11:53:57.574+0000] {logging_mixin.py:190} INFO - [2024-09-20T11:53:57.574+0000] {dag.py:4156} INFO - Setting next_dagrun for example_nested_branch_dag to 2024-09-19 00:00:00+00:00, run_after=2024-09-20 00:00:00+00:00
[2024-09-20T11:53:57.606+0000] {processor.py:208} INFO - Processing /home/airflow/.local/lib/python3.12/site-packages/airflow/example_dags/example_nested_branch_dag.py took 0.104 seconds
[2024-09-20T11:54:28.908+0000] {processor.py:186} INFO - Started process (PID=1798) to work on /home/airflow/.local/lib/python3.12/site-packages/airflow/example_dags/example_nested_branch_dag.py
[2024-09-20T11:54:28.910+0000] {processor.py:914} INFO - Processing file /home/airflow/.local/lib/python3.12/site-packages/airflow/example_dags/example_nested_branch_dag.py for tasks to queue
[2024-09-20T11:54:28.913+0000] {logging_mixin.py:190} INFO - [2024-09-20T11:54:28.913+0000] {dagbag.py:587} INFO - Filling up the DagBag from /home/airflow/.local/lib/python3.12/site-packages/airflow/example_dags/example_nested_branch_dag.py
[2024-09-20T11:54:28.932+0000] {processor.py:925} INFO - DAG(s) 'example_nested_branch_dag' retrieved from /home/airflow/.local/lib/python3.12/site-packages/airflow/example_dags/example_nested_branch_dag.py
[2024-09-20T11:54:28.967+0000] {logging_mixin.py:190} INFO - [2024-09-20T11:54:28.967+0000] {dag.py:3229} INFO - Sync 1 DAGs
[2024-09-20T11:54:29.007+0000] {logging_mixin.py:190} INFO - [2024-09-20T11:54:29.006+0000] {dag.py:4156} INFO - Setting next_dagrun for example_nested_branch_dag to 2024-09-19 00:00:00+00:00, run_after=2024-09-20 00:00:00+00:00
[2024-09-20T11:54:29.040+0000] {processor.py:208} INFO - Processing /home/airflow/.local/lib/python3.12/site-packages/airflow/example_dags/example_nested_branch_dag.py took 0.139 seconds
[2024-09-20T11:55:00.249+0000] {processor.py:186} INFO - Started process (PID=1862) to work on /home/airflow/.local/lib/python3.12/site-packages/airflow/example_dags/example_nested_branch_dag.py
[2024-09-20T11:55:00.251+0000] {processor.py:914} INFO - Processing file /home/airflow/.local/lib/python3.12/site-packages/airflow/example_dags/example_nested_branch_dag.py for tasks to queue
[2024-09-20T11:55:00.255+0000] {logging_mixin.py:190} INFO - [2024-09-20T11:55:00.254+0000] {dagbag.py:587} INFO - Filling up the DagBag from /home/airflow/.local/lib/python3.12/site-packages/airflow/example_dags/example_nested_branch_dag.py
[2024-09-20T11:55:00.277+0000] {processor.py:925} INFO - DAG(s) 'example_nested_branch_dag' retrieved from /home/airflow/.local/lib/python3.12/site-packages/airflow/example_dags/example_nested_branch_dag.py
[2024-09-20T11:55:00.307+0000] {logging_mixin.py:190} INFO - [2024-09-20T11:55:00.307+0000] {dag.py:3229} INFO - Sync 1 DAGs
[2024-09-20T11:55:00.345+0000] {logging_mixin.py:190} INFO - [2024-09-20T11:55:00.345+0000] {dag.py:4156} INFO - Setting next_dagrun for example_nested_branch_dag to 2024-09-19 00:00:00+00:00, run_after=2024-09-20 00:00:00+00:00
[2024-09-20T11:55:00.375+0000] {processor.py:208} INFO - Processing /home/airflow/.local/lib/python3.12/site-packages/airflow/example_dags/example_nested_branch_dag.py took 0.134 seconds
[2024-09-20T11:55:31.978+0000] {processor.py:186} INFO - Started process (PID=1926) to work on /home/airflow/.local/lib/python3.12/site-packages/airflow/example_dags/example_nested_branch_dag.py
[2024-09-20T11:55:31.980+0000] {processor.py:914} INFO - Processing file /home/airflow/.local/lib/python3.12/site-packages/airflow/example_dags/example_nested_branch_dag.py for tasks to queue
[2024-09-20T11:55:31.984+0000] {logging_mixin.py:190} INFO - [2024-09-20T11:55:31.983+0000] {dagbag.py:587} INFO - Filling up the DagBag from /home/airflow/.local/lib/python3.12/site-packages/airflow/example_dags/example_nested_branch_dag.py
[2024-09-20T11:55:32.002+0000] {processor.py:925} INFO - DAG(s) 'example_nested_branch_dag' retrieved from /home/airflow/.local/lib/python3.12/site-packages/airflow/example_dags/example_nested_branch_dag.py
[2024-09-20T11:55:32.033+0000] {logging_mixin.py:190} INFO - [2024-09-20T11:55:32.033+0000] {dag.py:3229} INFO - Sync 1 DAGs
[2024-09-20T11:55:32.080+0000] {logging_mixin.py:190} INFO - [2024-09-20T11:55:32.080+0000] {dag.py:4156} INFO - Setting next_dagrun for example_nested_branch_dag to 2024-09-19 00:00:00+00:00, run_after=2024-09-20 00:00:00+00:00
[2024-09-20T11:55:32.123+0000] {processor.py:208} INFO - Processing /home/airflow/.local/lib/python3.12/site-packages/airflow/example_dags/example_nested_branch_dag.py took 0.153 seconds
[2024-09-20T11:56:04.339+0000] {processor.py:186} INFO - Started process (PID=1990) to work on /home/airflow/.local/lib/python3.12/site-packages/airflow/example_dags/example_nested_branch_dag.py
[2024-09-20T11:56:04.341+0000] {processor.py:914} INFO - Processing file /home/airflow/.local/lib/python3.12/site-packages/airflow/example_dags/example_nested_branch_dag.py for tasks to queue
[2024-09-20T11:56:04.346+0000] {logging_mixin.py:190} INFO - [2024-09-20T11:56:04.346+0000] {dagbag.py:587} INFO - Filling up the DagBag from /home/airflow/.local/lib/python3.12/site-packages/airflow/example_dags/example_nested_branch_dag.py
[2024-09-20T11:56:04.365+0000] {processor.py:925} INFO - DAG(s) 'example_nested_branch_dag' retrieved from /home/airflow/.local/lib/python3.12/site-packages/airflow/example_dags/example_nested_branch_dag.py
[2024-09-20T11:56:04.397+0000] {logging_mixin.py:190} INFO - [2024-09-20T11:56:04.397+0000] {dag.py:3229} INFO - Sync 1 DAGs
[2024-09-20T11:56:04.438+0000] {logging_mixin.py:190} INFO - [2024-09-20T11:56:04.438+0000] {dag.py:4156} INFO - Setting next_dagrun for example_nested_branch_dag to 2024-09-19 00:00:00+00:00, run_after=2024-09-20 00:00:00+00:00
[2024-09-20T11:56:04.469+0000] {processor.py:208} INFO - Processing /home/airflow/.local/lib/python3.12/site-packages/airflow/example_dags/example_nested_branch_dag.py took 0.138 seconds
