[2024-09-20T11:40:30.014+0000] {processor.py:186} INFO - Started process (PID=61) to work on /home/airflow/.local/lib/python3.12/site-packages/airflow/example_dags/example_latest_only_with_trigger.py
[2024-09-20T11:40:30.015+0000] {processor.py:914} INFO - Processing file /home/airflow/.local/lib/python3.12/site-packages/airflow/example_dags/example_latest_only_with_trigger.py for tasks to queue
[2024-09-20T11:40:30.018+0000] {logging_mixin.py:190} INFO - [2024-09-20T11:40:30.018+0000] {dagbag.py:587} INFO - Filling up the DagBag from /home/airflow/.local/lib/python3.12/site-packages/airflow/example_dags/example_latest_only_with_trigger.py
[2024-09-20T11:40:30.030+0000] {processor.py:925} INFO - DAG(s) 'latest_only_with_trigger' retrieved from /home/airflow/.local/lib/python3.12/site-packages/airflow/example_dags/example_latest_only_with_trigger.py
[2024-09-20T11:40:30.058+0000] {logging_mixin.py:190} INFO - [2024-09-20T11:40:30.058+0000] {dag.py:3229} INFO - Sync 1 DAGs
[2024-09-20T11:40:30.094+0000] {logging_mixin.py:190} INFO - [2024-09-20T11:40:30.094+0000] {dag.py:4156} INFO - Setting next_dagrun for latest_only_with_trigger to 2024-09-20 04:00:00+00:00, run_after=2024-09-20 08:00:00+00:00
[2024-09-20T11:40:30.130+0000] {processor.py:208} INFO - Processing /home/airflow/.local/lib/python3.12/site-packages/airflow/example_dags/example_latest_only_with_trigger.py took 0.123 seconds
[2024-09-20T11:41:00.277+0000] {processor.py:186} INFO - Started process (PID=130) to work on /home/airflow/.local/lib/python3.12/site-packages/airflow/example_dags/example_latest_only_with_trigger.py
[2024-09-20T11:41:00.279+0000] {processor.py:914} INFO - Processing file /home/airflow/.local/lib/python3.12/site-packages/airflow/example_dags/example_latest_only_with_trigger.py for tasks to queue
[2024-09-20T11:41:00.281+0000] {logging_mixin.py:190} INFO - [2024-09-20T11:41:00.281+0000] {dagbag.py:587} INFO - Filling up the DagBag from /home/airflow/.local/lib/python3.12/site-packages/airflow/example_dags/example_latest_only_with_trigger.py
[2024-09-20T11:41:00.289+0000] {processor.py:925} INFO - DAG(s) 'latest_only_with_trigger' retrieved from /home/airflow/.local/lib/python3.12/site-packages/airflow/example_dags/example_latest_only_with_trigger.py
[2024-09-20T11:41:00.312+0000] {logging_mixin.py:190} INFO - [2024-09-20T11:41:00.311+0000] {dag.py:3229} INFO - Sync 1 DAGs
[2024-09-20T11:41:00.339+0000] {logging_mixin.py:190} INFO - [2024-09-20T11:41:00.338+0000] {dag.py:4156} INFO - Setting next_dagrun for latest_only_with_trigger to 2024-09-20 04:00:00+00:00, run_after=2024-09-20 08:00:00+00:00
[2024-09-20T11:41:00.364+0000] {processor.py:208} INFO - Processing /home/airflow/.local/lib/python3.12/site-packages/airflow/example_dags/example_latest_only_with_trigger.py took 0.093 seconds
[2024-09-20T11:41:30.618+0000] {processor.py:186} INFO - Started process (PID=194) to work on /home/airflow/.local/lib/python3.12/site-packages/airflow/example_dags/example_latest_only_with_trigger.py
[2024-09-20T11:41:30.619+0000] {processor.py:914} INFO - Processing file /home/airflow/.local/lib/python3.12/site-packages/airflow/example_dags/example_latest_only_with_trigger.py for tasks to queue
[2024-09-20T11:41:30.623+0000] {logging_mixin.py:190} INFO - [2024-09-20T11:41:30.622+0000] {dagbag.py:587} INFO - Filling up the DagBag from /home/airflow/.local/lib/python3.12/site-packages/airflow/example_dags/example_latest_only_with_trigger.py
[2024-09-20T11:41:30.633+0000] {processor.py:925} INFO - DAG(s) 'latest_only_with_trigger' retrieved from /home/airflow/.local/lib/python3.12/site-packages/airflow/example_dags/example_latest_only_with_trigger.py
[2024-09-20T11:41:30.661+0000] {logging_mixin.py:190} INFO - [2024-09-20T11:41:30.661+0000] {dag.py:3229} INFO - Sync 1 DAGs
[2024-09-20T11:41:30.700+0000] {logging_mixin.py:190} INFO - [2024-09-20T11:41:30.700+0000] {dag.py:4156} INFO - Setting next_dagrun for latest_only_with_trigger to 2024-09-20 04:00:00+00:00, run_after=2024-09-20 08:00:00+00:00
[2024-09-20T11:41:30.738+0000] {processor.py:208} INFO - Processing /home/airflow/.local/lib/python3.12/site-packages/airflow/example_dags/example_latest_only_with_trigger.py took 0.133 seconds
[2024-09-20T11:42:01.574+0000] {processor.py:186} INFO - Started process (PID=258) to work on /home/airflow/.local/lib/python3.12/site-packages/airflow/example_dags/example_latest_only_with_trigger.py
[2024-09-20T11:42:01.577+0000] {processor.py:914} INFO - Processing file /home/airflow/.local/lib/python3.12/site-packages/airflow/example_dags/example_latest_only_with_trigger.py for tasks to queue
[2024-09-20T11:42:01.582+0000] {logging_mixin.py:190} INFO - [2024-09-20T11:42:01.581+0000] {dagbag.py:587} INFO - Filling up the DagBag from /home/airflow/.local/lib/python3.12/site-packages/airflow/example_dags/example_latest_only_with_trigger.py
[2024-09-20T11:42:01.597+0000] {processor.py:925} INFO - DAG(s) 'latest_only_with_trigger' retrieved from /home/airflow/.local/lib/python3.12/site-packages/airflow/example_dags/example_latest_only_with_trigger.py
[2024-09-20T11:42:01.627+0000] {logging_mixin.py:190} INFO - [2024-09-20T11:42:01.627+0000] {dag.py:3229} INFO - Sync 1 DAGs
[2024-09-20T11:42:01.673+0000] {logging_mixin.py:190} INFO - [2024-09-20T11:42:01.672+0000] {dag.py:4156} INFO - Setting next_dagrun for latest_only_with_trigger to 2024-09-20 04:00:00+00:00, run_after=2024-09-20 08:00:00+00:00
[2024-09-20T11:42:01.724+0000] {processor.py:208} INFO - Processing /home/airflow/.local/lib/python3.12/site-packages/airflow/example_dags/example_latest_only_with_trigger.py took 0.164 seconds
[2024-09-20T11:42:32.046+0000] {processor.py:186} INFO - Started process (PID=325) to work on /home/airflow/.local/lib/python3.12/site-packages/airflow/example_dags/example_latest_only_with_trigger.py
[2024-09-20T11:42:32.048+0000] {processor.py:914} INFO - Processing file /home/airflow/.local/lib/python3.12/site-packages/airflow/example_dags/example_latest_only_with_trigger.py for tasks to queue
[2024-09-20T11:42:32.051+0000] {logging_mixin.py:190} INFO - [2024-09-20T11:42:32.050+0000] {dagbag.py:587} INFO - Filling up the DagBag from /home/airflow/.local/lib/python3.12/site-packages/airflow/example_dags/example_latest_only_with_trigger.py
[2024-09-20T11:42:32.063+0000] {processor.py:925} INFO - DAG(s) 'latest_only_with_trigger' retrieved from /home/airflow/.local/lib/python3.12/site-packages/airflow/example_dags/example_latest_only_with_trigger.py
[2024-09-20T11:42:32.093+0000] {logging_mixin.py:190} INFO - [2024-09-20T11:42:32.093+0000] {dag.py:3229} INFO - Sync 1 DAGs
[2024-09-20T11:42:32.132+0000] {logging_mixin.py:190} INFO - [2024-09-20T11:42:32.132+0000] {dag.py:4156} INFO - Setting next_dagrun for latest_only_with_trigger to 2024-09-20 04:00:00+00:00, run_after=2024-09-20 08:00:00+00:00
[2024-09-20T11:42:32.163+0000] {processor.py:208} INFO - Processing /home/airflow/.local/lib/python3.12/site-packages/airflow/example_dags/example_latest_only_with_trigger.py took 0.125 seconds
[2024-09-20T11:43:02.860+0000] {processor.py:186} INFO - Started process (PID=389) to work on /home/airflow/.local/lib/python3.12/site-packages/airflow/example_dags/example_latest_only_with_trigger.py
[2024-09-20T11:43:02.867+0000] {processor.py:914} INFO - Processing file /home/airflow/.local/lib/python3.12/site-packages/airflow/example_dags/example_latest_only_with_trigger.py for tasks to queue
[2024-09-20T11:43:02.875+0000] {logging_mixin.py:190} INFO - [2024-09-20T11:43:02.874+0000] {dagbag.py:587} INFO - Filling up the DagBag from /home/airflow/.local/lib/python3.12/site-packages/airflow/example_dags/example_latest_only_with_trigger.py
[2024-09-20T11:43:02.895+0000] {processor.py:925} INFO - DAG(s) 'latest_only_with_trigger' retrieved from /home/airflow/.local/lib/python3.12/site-packages/airflow/example_dags/example_latest_only_with_trigger.py
[2024-09-20T11:43:02.954+0000] {logging_mixin.py:190} INFO - [2024-09-20T11:43:02.954+0000] {dag.py:3229} INFO - Sync 1 DAGs
[2024-09-20T11:43:03.027+0000] {logging_mixin.py:190} INFO - [2024-09-20T11:43:03.026+0000] {dag.py:4156} INFO - Setting next_dagrun for latest_only_with_trigger to 2024-09-20 04:00:00+00:00, run_after=2024-09-20 08:00:00+00:00
[2024-09-20T11:43:03.087+0000] {processor.py:208} INFO - Processing /home/airflow/.local/lib/python3.12/site-packages/airflow/example_dags/example_latest_only_with_trigger.py took 0.244 seconds
[2024-09-20T11:43:33.290+0000] {processor.py:186} INFO - Started process (PID=453) to work on /home/airflow/.local/lib/python3.12/site-packages/airflow/example_dags/example_latest_only_with_trigger.py
[2024-09-20T11:43:33.292+0000] {processor.py:914} INFO - Processing file /home/airflow/.local/lib/python3.12/site-packages/airflow/example_dags/example_latest_only_with_trigger.py for tasks to queue
[2024-09-20T11:43:33.296+0000] {logging_mixin.py:190} INFO - [2024-09-20T11:43:33.296+0000] {dagbag.py:587} INFO - Filling up the DagBag from /home/airflow/.local/lib/python3.12/site-packages/airflow/example_dags/example_latest_only_with_trigger.py
[2024-09-20T11:43:33.307+0000] {processor.py:925} INFO - DAG(s) 'latest_only_with_trigger' retrieved from /home/airflow/.local/lib/python3.12/site-packages/airflow/example_dags/example_latest_only_with_trigger.py
[2024-09-20T11:43:33.343+0000] {logging_mixin.py:190} INFO - [2024-09-20T11:43:33.343+0000] {dag.py:3229} INFO - Sync 1 DAGs
[2024-09-20T11:43:33.389+0000] {logging_mixin.py:190} INFO - [2024-09-20T11:43:33.388+0000] {dag.py:4156} INFO - Setting next_dagrun for latest_only_with_trigger to 2024-09-20 04:00:00+00:00, run_after=2024-09-20 08:00:00+00:00
[2024-09-20T11:43:33.441+0000] {processor.py:208} INFO - Processing /home/airflow/.local/lib/python3.12/site-packages/airflow/example_dags/example_latest_only_with_trigger.py took 0.159 seconds
[2024-09-20T11:44:04.165+0000] {processor.py:186} INFO - Started process (PID=518) to work on /home/airflow/.local/lib/python3.12/site-packages/airflow/example_dags/example_latest_only_with_trigger.py
[2024-09-20T11:44:04.167+0000] {processor.py:914} INFO - Processing file /home/airflow/.local/lib/python3.12/site-packages/airflow/example_dags/example_latest_only_with_trigger.py for tasks to queue
[2024-09-20T11:44:04.171+0000] {logging_mixin.py:190} INFO - [2024-09-20T11:44:04.170+0000] {dagbag.py:587} INFO - Filling up the DagBag from /home/airflow/.local/lib/python3.12/site-packages/airflow/example_dags/example_latest_only_with_trigger.py
[2024-09-20T11:44:04.184+0000] {processor.py:925} INFO - DAG(s) 'latest_only_with_trigger' retrieved from /home/airflow/.local/lib/python3.12/site-packages/airflow/example_dags/example_latest_only_with_trigger.py
[2024-09-20T11:44:04.215+0000] {logging_mixin.py:190} INFO - [2024-09-20T11:44:04.214+0000] {dag.py:3229} INFO - Sync 1 DAGs
[2024-09-20T11:44:04.259+0000] {logging_mixin.py:190} INFO - [2024-09-20T11:44:04.259+0000] {dag.py:4156} INFO - Setting next_dagrun for latest_only_with_trigger to 2024-09-20 04:00:00+00:00, run_after=2024-09-20 08:00:00+00:00
[2024-09-20T11:44:04.296+0000] {processor.py:208} INFO - Processing /home/airflow/.local/lib/python3.12/site-packages/airflow/example_dags/example_latest_only_with_trigger.py took 0.141 seconds
[2024-09-20T11:44:34.463+0000] {processor.py:186} INFO - Started process (PID=582) to work on /home/airflow/.local/lib/python3.12/site-packages/airflow/example_dags/example_latest_only_with_trigger.py
[2024-09-20T11:44:34.465+0000] {processor.py:914} INFO - Processing file /home/airflow/.local/lib/python3.12/site-packages/airflow/example_dags/example_latest_only_with_trigger.py for tasks to queue
[2024-09-20T11:44:34.469+0000] {logging_mixin.py:190} INFO - [2024-09-20T11:44:34.468+0000] {dagbag.py:587} INFO - Filling up the DagBag from /home/airflow/.local/lib/python3.12/site-packages/airflow/example_dags/example_latest_only_with_trigger.py
[2024-09-20T11:44:34.482+0000] {processor.py:925} INFO - DAG(s) 'latest_only_with_trigger' retrieved from /home/airflow/.local/lib/python3.12/site-packages/airflow/example_dags/example_latest_only_with_trigger.py
[2024-09-20T11:44:34.519+0000] {logging_mixin.py:190} INFO - [2024-09-20T11:44:34.519+0000] {dag.py:3229} INFO - Sync 1 DAGs
[2024-09-20T11:44:34.556+0000] {logging_mixin.py:190} INFO - [2024-09-20T11:44:34.556+0000] {dag.py:4156} INFO - Setting next_dagrun for latest_only_with_trigger to 2024-09-20 04:00:00+00:00, run_after=2024-09-20 08:00:00+00:00
[2024-09-20T11:44:34.588+0000] {processor.py:208} INFO - Processing /home/airflow/.local/lib/python3.12/site-packages/airflow/example_dags/example_latest_only_with_trigger.py took 0.132 seconds
[2024-09-20T11:45:04.898+0000] {processor.py:186} INFO - Started process (PID=647) to work on /home/airflow/.local/lib/python3.12/site-packages/airflow/example_dags/example_latest_only_with_trigger.py
[2024-09-20T11:45:04.900+0000] {processor.py:914} INFO - Processing file /home/airflow/.local/lib/python3.12/site-packages/airflow/example_dags/example_latest_only_with_trigger.py for tasks to queue
[2024-09-20T11:45:04.903+0000] {logging_mixin.py:190} INFO - [2024-09-20T11:45:04.902+0000] {dagbag.py:587} INFO - Filling up the DagBag from /home/airflow/.local/lib/python3.12/site-packages/airflow/example_dags/example_latest_only_with_trigger.py
[2024-09-20T11:45:04.917+0000] {processor.py:925} INFO - DAG(s) 'latest_only_with_trigger' retrieved from /home/airflow/.local/lib/python3.12/site-packages/airflow/example_dags/example_latest_only_with_trigger.py
[2024-09-20T11:45:04.956+0000] {logging_mixin.py:190} INFO - [2024-09-20T11:45:04.956+0000] {dag.py:3229} INFO - Sync 1 DAGs
[2024-09-20T11:45:05.014+0000] {logging_mixin.py:190} INFO - [2024-09-20T11:45:05.013+0000] {dag.py:4156} INFO - Setting next_dagrun for latest_only_with_trigger to 2024-09-20 04:00:00+00:00, run_after=2024-09-20 08:00:00+00:00
[2024-09-20T11:45:05.047+0000] {processor.py:208} INFO - Processing /home/airflow/.local/lib/python3.12/site-packages/airflow/example_dags/example_latest_only_with_trigger.py took 0.161 seconds
[2024-09-20T11:45:35.744+0000] {processor.py:186} INFO - Started process (PID=711) to work on /home/airflow/.local/lib/python3.12/site-packages/airflow/example_dags/example_latest_only_with_trigger.py
[2024-09-20T11:45:35.746+0000] {processor.py:914} INFO - Processing file /home/airflow/.local/lib/python3.12/site-packages/airflow/example_dags/example_latest_only_with_trigger.py for tasks to queue
[2024-09-20T11:45:35.751+0000] {logging_mixin.py:190} INFO - [2024-09-20T11:45:35.750+0000] {dagbag.py:587} INFO - Filling up the DagBag from /home/airflow/.local/lib/python3.12/site-packages/airflow/example_dags/example_latest_only_with_trigger.py
[2024-09-20T11:45:35.762+0000] {processor.py:925} INFO - DAG(s) 'latest_only_with_trigger' retrieved from /home/airflow/.local/lib/python3.12/site-packages/airflow/example_dags/example_latest_only_with_trigger.py
[2024-09-20T11:45:35.793+0000] {logging_mixin.py:190} INFO - [2024-09-20T11:45:35.792+0000] {dag.py:3229} INFO - Sync 1 DAGs
[2024-09-20T11:45:35.832+0000] {logging_mixin.py:190} INFO - [2024-09-20T11:45:35.831+0000] {dag.py:4156} INFO - Setting next_dagrun for latest_only_with_trigger to 2024-09-20 04:00:00+00:00, run_after=2024-09-20 08:00:00+00:00
[2024-09-20T11:45:35.863+0000] {processor.py:208} INFO - Processing /home/airflow/.local/lib/python3.12/site-packages/airflow/example_dags/example_latest_only_with_trigger.py took 0.127 seconds
[2024-09-20T11:46:06.097+0000] {processor.py:186} INFO - Started process (PID=774) to work on /home/airflow/.local/lib/python3.12/site-packages/airflow/example_dags/example_latest_only_with_trigger.py
[2024-09-20T11:46:06.098+0000] {processor.py:914} INFO - Processing file /home/airflow/.local/lib/python3.12/site-packages/airflow/example_dags/example_latest_only_with_trigger.py for tasks to queue
[2024-09-20T11:46:06.102+0000] {logging_mixin.py:190} INFO - [2024-09-20T11:46:06.102+0000] {dagbag.py:587} INFO - Filling up the DagBag from /home/airflow/.local/lib/python3.12/site-packages/airflow/example_dags/example_latest_only_with_trigger.py
[2024-09-20T11:46:06.112+0000] {processor.py:925} INFO - DAG(s) 'latest_only_with_trigger' retrieved from /home/airflow/.local/lib/python3.12/site-packages/airflow/example_dags/example_latest_only_with_trigger.py
[2024-09-20T11:46:06.142+0000] {logging_mixin.py:190} INFO - [2024-09-20T11:46:06.142+0000] {dag.py:3229} INFO - Sync 1 DAGs
[2024-09-20T11:46:06.185+0000] {logging_mixin.py:190} INFO - [2024-09-20T11:46:06.184+0000] {dag.py:4156} INFO - Setting next_dagrun for latest_only_with_trigger to 2024-09-20 04:00:00+00:00, run_after=2024-09-20 08:00:00+00:00
[2024-09-20T11:46:06.218+0000] {processor.py:208} INFO - Processing /home/airflow/.local/lib/python3.12/site-packages/airflow/example_dags/example_latest_only_with_trigger.py took 0.129 seconds
[2024-09-20T11:46:37.017+0000] {processor.py:186} INFO - Started process (PID=838) to work on /home/airflow/.local/lib/python3.12/site-packages/airflow/example_dags/example_latest_only_with_trigger.py
[2024-09-20T11:46:37.018+0000] {processor.py:914} INFO - Processing file /home/airflow/.local/lib/python3.12/site-packages/airflow/example_dags/example_latest_only_with_trigger.py for tasks to queue
[2024-09-20T11:46:37.022+0000] {logging_mixin.py:190} INFO - [2024-09-20T11:46:37.022+0000] {dagbag.py:587} INFO - Filling up the DagBag from /home/airflow/.local/lib/python3.12/site-packages/airflow/example_dags/example_latest_only_with_trigger.py
[2024-09-20T11:46:37.032+0000] {processor.py:925} INFO - DAG(s) 'latest_only_with_trigger' retrieved from /home/airflow/.local/lib/python3.12/site-packages/airflow/example_dags/example_latest_only_with_trigger.py
[2024-09-20T11:46:37.063+0000] {logging_mixin.py:190} INFO - [2024-09-20T11:46:37.063+0000] {dag.py:3229} INFO - Sync 1 DAGs
[2024-09-20T11:46:37.100+0000] {logging_mixin.py:190} INFO - [2024-09-20T11:46:37.099+0000] {dag.py:4156} INFO - Setting next_dagrun for latest_only_with_trigger to 2024-09-20 04:00:00+00:00, run_after=2024-09-20 08:00:00+00:00
[2024-09-20T11:46:37.132+0000] {processor.py:208} INFO - Processing /home/airflow/.local/lib/python3.12/site-packages/airflow/example_dags/example_latest_only_with_trigger.py took 0.123 seconds
[2024-09-20T11:47:09.047+0000] {processor.py:186} INFO - Started process (PID=902) to work on /home/airflow/.local/lib/python3.12/site-packages/airflow/example_dags/example_latest_only_with_trigger.py
[2024-09-20T11:47:09.049+0000] {processor.py:914} INFO - Processing file /home/airflow/.local/lib/python3.12/site-packages/airflow/example_dags/example_latest_only_with_trigger.py for tasks to queue
[2024-09-20T11:47:09.054+0000] {logging_mixin.py:190} INFO - [2024-09-20T11:47:09.054+0000] {dagbag.py:587} INFO - Filling up the DagBag from /home/airflow/.local/lib/python3.12/site-packages/airflow/example_dags/example_latest_only_with_trigger.py
[2024-09-20T11:47:09.079+0000] {processor.py:925} INFO - DAG(s) 'latest_only_with_trigger' retrieved from /home/airflow/.local/lib/python3.12/site-packages/airflow/example_dags/example_latest_only_with_trigger.py
[2024-09-20T11:47:09.208+0000] {logging_mixin.py:190} INFO - [2024-09-20T11:47:09.207+0000] {dag.py:3229} INFO - Sync 1 DAGs
[2024-09-20T11:47:09.256+0000] {logging_mixin.py:190} INFO - [2024-09-20T11:47:09.255+0000] {dag.py:4156} INFO - Setting next_dagrun for latest_only_with_trigger to 2024-09-20 04:00:00+00:00, run_after=2024-09-20 08:00:00+00:00
[2024-09-20T11:47:09.292+0000] {processor.py:208} INFO - Processing /home/airflow/.local/lib/python3.12/site-packages/airflow/example_dags/example_latest_only_with_trigger.py took 0.255 seconds
[2024-09-20T11:47:40.237+0000] {processor.py:186} INFO - Started process (PID=966) to work on /home/airflow/.local/lib/python3.12/site-packages/airflow/example_dags/example_latest_only_with_trigger.py
[2024-09-20T11:47:40.238+0000] {processor.py:914} INFO - Processing file /home/airflow/.local/lib/python3.12/site-packages/airflow/example_dags/example_latest_only_with_trigger.py for tasks to queue
[2024-09-20T11:47:40.243+0000] {logging_mixin.py:190} INFO - [2024-09-20T11:47:40.242+0000] {dagbag.py:587} INFO - Filling up the DagBag from /home/airflow/.local/lib/python3.12/site-packages/airflow/example_dags/example_latest_only_with_trigger.py
[2024-09-20T11:47:40.254+0000] {processor.py:925} INFO - DAG(s) 'latest_only_with_trigger' retrieved from /home/airflow/.local/lib/python3.12/site-packages/airflow/example_dags/example_latest_only_with_trigger.py
[2024-09-20T11:47:40.290+0000] {logging_mixin.py:190} INFO - [2024-09-20T11:47:40.289+0000] {dag.py:3229} INFO - Sync 1 DAGs
[2024-09-20T11:47:40.327+0000] {logging_mixin.py:190} INFO - [2024-09-20T11:47:40.327+0000] {dag.py:4156} INFO - Setting next_dagrun for latest_only_with_trigger to 2024-09-20 04:00:00+00:00, run_after=2024-09-20 08:00:00+00:00
[2024-09-20T11:47:40.357+0000] {processor.py:208} INFO - Processing /home/airflow/.local/lib/python3.12/site-packages/airflow/example_dags/example_latest_only_with_trigger.py took 0.127 seconds
[2024-09-20T11:48:10.796+0000] {processor.py:186} INFO - Started process (PID=1029) to work on /home/airflow/.local/lib/python3.12/site-packages/airflow/example_dags/example_latest_only_with_trigger.py
[2024-09-20T11:48:10.797+0000] {processor.py:914} INFO - Processing file /home/airflow/.local/lib/python3.12/site-packages/airflow/example_dags/example_latest_only_with_trigger.py for tasks to queue
[2024-09-20T11:48:10.800+0000] {logging_mixin.py:190} INFO - [2024-09-20T11:48:10.800+0000] {dagbag.py:587} INFO - Filling up the DagBag from /home/airflow/.local/lib/python3.12/site-packages/airflow/example_dags/example_latest_only_with_trigger.py
[2024-09-20T11:48:10.812+0000] {processor.py:925} INFO - DAG(s) 'latest_only_with_trigger' retrieved from /home/airflow/.local/lib/python3.12/site-packages/airflow/example_dags/example_latest_only_with_trigger.py
[2024-09-20T11:48:10.846+0000] {logging_mixin.py:190} INFO - [2024-09-20T11:48:10.845+0000] {dag.py:3229} INFO - Sync 1 DAGs
[2024-09-20T11:48:10.886+0000] {logging_mixin.py:190} INFO - [2024-09-20T11:48:10.885+0000] {dag.py:4156} INFO - Setting next_dagrun for latest_only_with_trigger to 2024-09-20 04:00:00+00:00, run_after=2024-09-20 08:00:00+00:00
[2024-09-20T11:48:10.917+0000] {processor.py:208} INFO - Processing /home/airflow/.local/lib/python3.12/site-packages/airflow/example_dags/example_latest_only_with_trigger.py took 0.130 seconds
[2024-09-20T11:48:40.991+0000] {processor.py:186} INFO - Started process (PID=1092) to work on /home/airflow/.local/lib/python3.12/site-packages/airflow/example_dags/example_latest_only_with_trigger.py
[2024-09-20T11:48:40.993+0000] {processor.py:914} INFO - Processing file /home/airflow/.local/lib/python3.12/site-packages/airflow/example_dags/example_latest_only_with_trigger.py for tasks to queue
[2024-09-20T11:48:40.997+0000] {logging_mixin.py:190} INFO - [2024-09-20T11:48:40.996+0000] {dagbag.py:587} INFO - Filling up the DagBag from /home/airflow/.local/lib/python3.12/site-packages/airflow/example_dags/example_latest_only_with_trigger.py
[2024-09-20T11:48:41.007+0000] {processor.py:925} INFO - DAG(s) 'latest_only_with_trigger' retrieved from /home/airflow/.local/lib/python3.12/site-packages/airflow/example_dags/example_latest_only_with_trigger.py
[2024-09-20T11:48:41.039+0000] {logging_mixin.py:190} INFO - [2024-09-20T11:48:41.039+0000] {dag.py:3229} INFO - Sync 1 DAGs
[2024-09-20T11:48:41.079+0000] {logging_mixin.py:190} INFO - [2024-09-20T11:48:41.078+0000] {dag.py:4156} INFO - Setting next_dagrun for latest_only_with_trigger to 2024-09-20 04:00:00+00:00, run_after=2024-09-20 08:00:00+00:00
[2024-09-20T11:48:41.114+0000] {processor.py:208} INFO - Processing /home/airflow/.local/lib/python3.12/site-packages/airflow/example_dags/example_latest_only_with_trigger.py took 0.131 seconds
[2024-09-20T11:49:11.440+0000] {processor.py:186} INFO - Started process (PID=1156) to work on /home/airflow/.local/lib/python3.12/site-packages/airflow/example_dags/example_latest_only_with_trigger.py
[2024-09-20T11:49:11.441+0000] {processor.py:914} INFO - Processing file /home/airflow/.local/lib/python3.12/site-packages/airflow/example_dags/example_latest_only_with_trigger.py for tasks to queue
[2024-09-20T11:49:11.445+0000] {logging_mixin.py:190} INFO - [2024-09-20T11:49:11.444+0000] {dagbag.py:587} INFO - Filling up the DagBag from /home/airflow/.local/lib/python3.12/site-packages/airflow/example_dags/example_latest_only_with_trigger.py
[2024-09-20T11:49:11.455+0000] {processor.py:925} INFO - DAG(s) 'latest_only_with_trigger' retrieved from /home/airflow/.local/lib/python3.12/site-packages/airflow/example_dags/example_latest_only_with_trigger.py
[2024-09-20T11:49:11.503+0000] {logging_mixin.py:190} INFO - [2024-09-20T11:49:11.503+0000] {dag.py:3229} INFO - Sync 1 DAGs
[2024-09-20T11:49:11.541+0000] {logging_mixin.py:190} INFO - [2024-09-20T11:49:11.541+0000] {dag.py:4156} INFO - Setting next_dagrun for latest_only_with_trigger to 2024-09-20 04:00:00+00:00, run_after=2024-09-20 08:00:00+00:00
[2024-09-20T11:49:11.573+0000] {processor.py:208} INFO - Processing /home/airflow/.local/lib/python3.12/site-packages/airflow/example_dags/example_latest_only_with_trigger.py took 0.142 seconds
[2024-09-20T11:49:41.911+0000] {processor.py:186} INFO - Started process (PID=1220) to work on /home/airflow/.local/lib/python3.12/site-packages/airflow/example_dags/example_latest_only_with_trigger.py
[2024-09-20T11:49:41.913+0000] {processor.py:914} INFO - Processing file /home/airflow/.local/lib/python3.12/site-packages/airflow/example_dags/example_latest_only_with_trigger.py for tasks to queue
[2024-09-20T11:49:41.917+0000] {logging_mixin.py:190} INFO - [2024-09-20T11:49:41.916+0000] {dagbag.py:587} INFO - Filling up the DagBag from /home/airflow/.local/lib/python3.12/site-packages/airflow/example_dags/example_latest_only_with_trigger.py
[2024-09-20T11:49:41.932+0000] {processor.py:925} INFO - DAG(s) 'latest_only_with_trigger' retrieved from /home/airflow/.local/lib/python3.12/site-packages/airflow/example_dags/example_latest_only_with_trigger.py
[2024-09-20T11:49:41.964+0000] {logging_mixin.py:190} INFO - [2024-09-20T11:49:41.963+0000] {dag.py:3229} INFO - Sync 1 DAGs
[2024-09-20T11:49:42.004+0000] {logging_mixin.py:190} INFO - [2024-09-20T11:49:42.004+0000] {dag.py:4156} INFO - Setting next_dagrun for latest_only_with_trigger to 2024-09-20 04:00:00+00:00, run_after=2024-09-20 08:00:00+00:00
[2024-09-20T11:49:42.053+0000] {processor.py:208} INFO - Processing /home/airflow/.local/lib/python3.12/site-packages/airflow/example_dags/example_latest_only_with_trigger.py took 0.150 seconds
[2024-09-20T11:50:12.218+0000] {processor.py:186} INFO - Started process (PID=1288) to work on /home/airflow/.local/lib/python3.12/site-packages/airflow/example_dags/example_latest_only_with_trigger.py
[2024-09-20T11:50:12.220+0000] {processor.py:914} INFO - Processing file /home/airflow/.local/lib/python3.12/site-packages/airflow/example_dags/example_latest_only_with_trigger.py for tasks to queue
[2024-09-20T11:50:12.225+0000] {logging_mixin.py:190} INFO - [2024-09-20T11:50:12.224+0000] {dagbag.py:587} INFO - Filling up the DagBag from /home/airflow/.local/lib/python3.12/site-packages/airflow/example_dags/example_latest_only_with_trigger.py
[2024-09-20T11:50:12.239+0000] {processor.py:925} INFO - DAG(s) 'latest_only_with_trigger' retrieved from /home/airflow/.local/lib/python3.12/site-packages/airflow/example_dags/example_latest_only_with_trigger.py
[2024-09-20T11:50:12.272+0000] {logging_mixin.py:190} INFO - [2024-09-20T11:50:12.271+0000] {dag.py:3229} INFO - Sync 1 DAGs
[2024-09-20T11:50:12.313+0000] {logging_mixin.py:190} INFO - [2024-09-20T11:50:12.312+0000] {dag.py:4156} INFO - Setting next_dagrun for latest_only_with_trigger to 2024-09-20 04:00:00+00:00, run_after=2024-09-20 08:00:00+00:00
[2024-09-20T11:50:12.345+0000] {processor.py:208} INFO - Processing /home/airflow/.local/lib/python3.12/site-packages/airflow/example_dags/example_latest_only_with_trigger.py took 0.135 seconds
[2024-09-20T11:50:42.685+0000] {processor.py:186} INFO - Started process (PID=1352) to work on /home/airflow/.local/lib/python3.12/site-packages/airflow/example_dags/example_latest_only_with_trigger.py
[2024-09-20T11:50:42.686+0000] {processor.py:914} INFO - Processing file /home/airflow/.local/lib/python3.12/site-packages/airflow/example_dags/example_latest_only_with_trigger.py for tasks to queue
[2024-09-20T11:50:42.690+0000] {logging_mixin.py:190} INFO - [2024-09-20T11:50:42.689+0000] {dagbag.py:587} INFO - Filling up the DagBag from /home/airflow/.local/lib/python3.12/site-packages/airflow/example_dags/example_latest_only_with_trigger.py
[2024-09-20T11:50:42.701+0000] {processor.py:925} INFO - DAG(s) 'latest_only_with_trigger' retrieved from /home/airflow/.local/lib/python3.12/site-packages/airflow/example_dags/example_latest_only_with_trigger.py
[2024-09-20T11:50:42.730+0000] {logging_mixin.py:190} INFO - [2024-09-20T11:50:42.729+0000] {dag.py:3229} INFO - Sync 1 DAGs
[2024-09-20T11:50:42.765+0000] {logging_mixin.py:190} INFO - [2024-09-20T11:50:42.765+0000] {dag.py:4156} INFO - Setting next_dagrun for latest_only_with_trigger to 2024-09-20 04:00:00+00:00, run_after=2024-09-20 08:00:00+00:00
[2024-09-20T11:50:42.795+0000] {processor.py:208} INFO - Processing /home/airflow/.local/lib/python3.12/site-packages/airflow/example_dags/example_latest_only_with_trigger.py took 0.119 seconds
[2024-09-20T11:51:13.003+0000] {processor.py:186} INFO - Started process (PID=1416) to work on /home/airflow/.local/lib/python3.12/site-packages/airflow/example_dags/example_latest_only_with_trigger.py
[2024-09-20T11:51:13.005+0000] {processor.py:914} INFO - Processing file /home/airflow/.local/lib/python3.12/site-packages/airflow/example_dags/example_latest_only_with_trigger.py for tasks to queue
[2024-09-20T11:51:13.009+0000] {logging_mixin.py:190} INFO - [2024-09-20T11:51:13.008+0000] {dagbag.py:587} INFO - Filling up the DagBag from /home/airflow/.local/lib/python3.12/site-packages/airflow/example_dags/example_latest_only_with_trigger.py
[2024-09-20T11:51:13.020+0000] {processor.py:925} INFO - DAG(s) 'latest_only_with_trigger' retrieved from /home/airflow/.local/lib/python3.12/site-packages/airflow/example_dags/example_latest_only_with_trigger.py
[2024-09-20T11:51:13.052+0000] {logging_mixin.py:190} INFO - [2024-09-20T11:51:13.052+0000] {dag.py:3229} INFO - Sync 1 DAGs
[2024-09-20T11:51:13.091+0000] {logging_mixin.py:190} INFO - [2024-09-20T11:51:13.090+0000] {dag.py:4156} INFO - Setting next_dagrun for latest_only_with_trigger to 2024-09-20 04:00:00+00:00, run_after=2024-09-20 08:00:00+00:00
[2024-09-20T11:51:13.119+0000] {processor.py:208} INFO - Processing /home/airflow/.local/lib/python3.12/site-packages/airflow/example_dags/example_latest_only_with_trigger.py took 0.124 seconds
[2024-09-20T11:51:43.385+0000] {processor.py:186} INFO - Started process (PID=1480) to work on /home/airflow/.local/lib/python3.12/site-packages/airflow/example_dags/example_latest_only_with_trigger.py
[2024-09-20T11:51:43.387+0000] {processor.py:914} INFO - Processing file /home/airflow/.local/lib/python3.12/site-packages/airflow/example_dags/example_latest_only_with_trigger.py for tasks to queue
[2024-09-20T11:51:43.391+0000] {logging_mixin.py:190} INFO - [2024-09-20T11:51:43.391+0000] {dagbag.py:587} INFO - Filling up the DagBag from /home/airflow/.local/lib/python3.12/site-packages/airflow/example_dags/example_latest_only_with_trigger.py
[2024-09-20T11:51:43.423+0000] {processor.py:925} INFO - DAG(s) 'latest_only_with_trigger' retrieved from /home/airflow/.local/lib/python3.12/site-packages/airflow/example_dags/example_latest_only_with_trigger.py
[2024-09-20T11:51:43.510+0000] {logging_mixin.py:190} INFO - [2024-09-20T11:51:43.510+0000] {dag.py:3229} INFO - Sync 1 DAGs
[2024-09-20T11:51:43.614+0000] {logging_mixin.py:190} INFO - [2024-09-20T11:51:43.613+0000] {dag.py:4156} INFO - Setting next_dagrun for latest_only_with_trigger to 2024-09-20 04:00:00+00:00, run_after=2024-09-20 08:00:00+00:00
[2024-09-20T11:51:43.689+0000] {processor.py:208} INFO - Processing /home/airflow/.local/lib/python3.12/site-packages/airflow/example_dags/example_latest_only_with_trigger.py took 0.314 seconds
[2024-09-20T11:52:13.945+0000] {processor.py:186} INFO - Started process (PID=1544) to work on /home/airflow/.local/lib/python3.12/site-packages/airflow/example_dags/example_latest_only_with_trigger.py
[2024-09-20T11:52:13.946+0000] {processor.py:914} INFO - Processing file /home/airflow/.local/lib/python3.12/site-packages/airflow/example_dags/example_latest_only_with_trigger.py for tasks to queue
[2024-09-20T11:52:13.950+0000] {logging_mixin.py:190} INFO - [2024-09-20T11:52:13.950+0000] {dagbag.py:587} INFO - Filling up the DagBag from /home/airflow/.local/lib/python3.12/site-packages/airflow/example_dags/example_latest_only_with_trigger.py
[2024-09-20T11:52:13.960+0000] {processor.py:925} INFO - DAG(s) 'latest_only_with_trigger' retrieved from /home/airflow/.local/lib/python3.12/site-packages/airflow/example_dags/example_latest_only_with_trigger.py
[2024-09-20T11:52:13.990+0000] {logging_mixin.py:190} INFO - [2024-09-20T11:52:13.989+0000] {dag.py:3229} INFO - Sync 1 DAGs
[2024-09-20T11:52:14.030+0000] {logging_mixin.py:190} INFO - [2024-09-20T11:52:14.029+0000] {dag.py:4156} INFO - Setting next_dagrun for latest_only_with_trigger to 2024-09-20 04:00:00+00:00, run_after=2024-09-20 08:00:00+00:00
[2024-09-20T11:52:14.060+0000] {processor.py:208} INFO - Processing /home/airflow/.local/lib/python3.12/site-packages/airflow/example_dags/example_latest_only_with_trigger.py took 0.123 seconds
[2024-09-20T11:52:44.181+0000] {processor.py:186} INFO - Started process (PID=1608) to work on /home/airflow/.local/lib/python3.12/site-packages/airflow/example_dags/example_latest_only_with_trigger.py
[2024-09-20T11:52:44.183+0000] {processor.py:914} INFO - Processing file /home/airflow/.local/lib/python3.12/site-packages/airflow/example_dags/example_latest_only_with_trigger.py for tasks to queue
[2024-09-20T11:52:44.190+0000] {logging_mixin.py:190} INFO - [2024-09-20T11:52:44.189+0000] {dagbag.py:587} INFO - Filling up the DagBag from /home/airflow/.local/lib/python3.12/site-packages/airflow/example_dags/example_latest_only_with_trigger.py
[2024-09-20T11:52:44.204+0000] {processor.py:925} INFO - DAG(s) 'latest_only_with_trigger' retrieved from /home/airflow/.local/lib/python3.12/site-packages/airflow/example_dags/example_latest_only_with_trigger.py
[2024-09-20T11:52:44.247+0000] {logging_mixin.py:190} INFO - [2024-09-20T11:52:44.246+0000] {dag.py:3229} INFO - Sync 1 DAGs
[2024-09-20T11:52:44.294+0000] {logging_mixin.py:190} INFO - [2024-09-20T11:52:44.294+0000] {dag.py:4156} INFO - Setting next_dagrun for latest_only_with_trigger to 2024-09-20 04:00:00+00:00, run_after=2024-09-20 08:00:00+00:00
[2024-09-20T11:52:44.339+0000] {processor.py:208} INFO - Processing /home/airflow/.local/lib/python3.12/site-packages/airflow/example_dags/example_latest_only_with_trigger.py took 0.170 seconds
[2024-09-20T11:53:14.590+0000] {processor.py:186} INFO - Started process (PID=1678) to work on /home/airflow/.local/lib/python3.12/site-packages/airflow/example_dags/example_latest_only_with_trigger.py
[2024-09-20T11:53:14.593+0000] {processor.py:914} INFO - Processing file /home/airflow/.local/lib/python3.12/site-packages/airflow/example_dags/example_latest_only_with_trigger.py for tasks to queue
[2024-09-20T11:53:14.598+0000] {logging_mixin.py:190} INFO - [2024-09-20T11:53:14.597+0000] {dagbag.py:587} INFO - Filling up the DagBag from /home/airflow/.local/lib/python3.12/site-packages/airflow/example_dags/example_latest_only_with_trigger.py
[2024-09-20T11:53:14.608+0000] {processor.py:925} INFO - DAG(s) 'latest_only_with_trigger' retrieved from /home/airflow/.local/lib/python3.12/site-packages/airflow/example_dags/example_latest_only_with_trigger.py
[2024-09-20T11:53:14.643+0000] {logging_mixin.py:190} INFO - [2024-09-20T11:53:14.642+0000] {dag.py:3229} INFO - Sync 1 DAGs
[2024-09-20T11:53:14.685+0000] {logging_mixin.py:190} INFO - [2024-09-20T11:53:14.684+0000] {dag.py:4156} INFO - Setting next_dagrun for latest_only_with_trigger to 2024-09-20 04:00:00+00:00, run_after=2024-09-20 08:00:00+00:00
[2024-09-20T11:53:14.717+0000] {processor.py:208} INFO - Processing /home/airflow/.local/lib/python3.12/site-packages/airflow/example_dags/example_latest_only_with_trigger.py took 0.138 seconds
[2024-09-20T11:53:57.274+0000] {processor.py:186} INFO - Started process (PID=1731) to work on /home/airflow/.local/lib/python3.12/site-packages/airflow/example_dags/example_latest_only_with_trigger.py
[2024-09-20T11:53:57.275+0000] {processor.py:914} INFO - Processing file /home/airflow/.local/lib/python3.12/site-packages/airflow/example_dags/example_latest_only_with_trigger.py for tasks to queue
[2024-09-20T11:53:57.278+0000] {logging_mixin.py:190} INFO - [2024-09-20T11:53:57.278+0000] {dagbag.py:587} INFO - Filling up the DagBag from /home/airflow/.local/lib/python3.12/site-packages/airflow/example_dags/example_latest_only_with_trigger.py
[2024-09-20T11:53:57.285+0000] {processor.py:925} INFO - DAG(s) 'latest_only_with_trigger' retrieved from /home/airflow/.local/lib/python3.12/site-packages/airflow/example_dags/example_latest_only_with_trigger.py
[2024-09-20T11:53:57.306+0000] {logging_mixin.py:190} INFO - [2024-09-20T11:53:57.306+0000] {dag.py:3229} INFO - Sync 1 DAGs
[2024-09-20T11:53:57.331+0000] {logging_mixin.py:190} INFO - [2024-09-20T11:53:57.330+0000] {dag.py:4156} INFO - Setting next_dagrun for latest_only_with_trigger to 2024-09-20 04:00:00+00:00, run_after=2024-09-20 08:00:00+00:00
[2024-09-20T11:53:57.358+0000] {processor.py:208} INFO - Processing /home/airflow/.local/lib/python3.12/site-packages/airflow/example_dags/example_latest_only_with_trigger.py took 0.089 seconds
[2024-09-20T11:54:28.556+0000] {processor.py:186} INFO - Started process (PID=1794) to work on /home/airflow/.local/lib/python3.12/site-packages/airflow/example_dags/example_latest_only_with_trigger.py
[2024-09-20T11:54:28.558+0000] {processor.py:914} INFO - Processing file /home/airflow/.local/lib/python3.12/site-packages/airflow/example_dags/example_latest_only_with_trigger.py for tasks to queue
[2024-09-20T11:54:28.561+0000] {logging_mixin.py:190} INFO - [2024-09-20T11:54:28.561+0000] {dagbag.py:587} INFO - Filling up the DagBag from /home/airflow/.local/lib/python3.12/site-packages/airflow/example_dags/example_latest_only_with_trigger.py
[2024-09-20T11:54:28.573+0000] {processor.py:925} INFO - DAG(s) 'latest_only_with_trigger' retrieved from /home/airflow/.local/lib/python3.12/site-packages/airflow/example_dags/example_latest_only_with_trigger.py
[2024-09-20T11:54:28.605+0000] {logging_mixin.py:190} INFO - [2024-09-20T11:54:28.605+0000] {dag.py:3229} INFO - Sync 1 DAGs
[2024-09-20T11:54:28.643+0000] {logging_mixin.py:190} INFO - [2024-09-20T11:54:28.642+0000] {dag.py:4156} INFO - Setting next_dagrun for latest_only_with_trigger to 2024-09-20 04:00:00+00:00, run_after=2024-09-20 08:00:00+00:00
[2024-09-20T11:54:28.673+0000] {processor.py:208} INFO - Processing /home/airflow/.local/lib/python3.12/site-packages/airflow/example_dags/example_latest_only_with_trigger.py took 0.124 seconds
[2024-09-20T11:54:59.831+0000] {processor.py:186} INFO - Started process (PID=1858) to work on /home/airflow/.local/lib/python3.12/site-packages/airflow/example_dags/example_latest_only_with_trigger.py
[2024-09-20T11:54:59.834+0000] {processor.py:914} INFO - Processing file /home/airflow/.local/lib/python3.12/site-packages/airflow/example_dags/example_latest_only_with_trigger.py for tasks to queue
[2024-09-20T11:54:59.839+0000] {logging_mixin.py:190} INFO - [2024-09-20T11:54:59.837+0000] {dagbag.py:587} INFO - Filling up the DagBag from /home/airflow/.local/lib/python3.12/site-packages/airflow/example_dags/example_latest_only_with_trigger.py
[2024-09-20T11:54:59.854+0000] {processor.py:925} INFO - DAG(s) 'latest_only_with_trigger' retrieved from /home/airflow/.local/lib/python3.12/site-packages/airflow/example_dags/example_latest_only_with_trigger.py
[2024-09-20T11:54:59.902+0000] {logging_mixin.py:190} INFO - [2024-09-20T11:54:59.901+0000] {dag.py:3229} INFO - Sync 1 DAGs
[2024-09-20T11:54:59.955+0000] {logging_mixin.py:190} INFO - [2024-09-20T11:54:59.954+0000] {dag.py:4156} INFO - Setting next_dagrun for latest_only_with_trigger to 2024-09-20 04:00:00+00:00, run_after=2024-09-20 08:00:00+00:00
[2024-09-20T11:54:59.987+0000] {processor.py:208} INFO - Processing /home/airflow/.local/lib/python3.12/site-packages/airflow/example_dags/example_latest_only_with_trigger.py took 0.167 seconds
[2024-09-20T11:55:31.604+0000] {processor.py:186} INFO - Started process (PID=1922) to work on /home/airflow/.local/lib/python3.12/site-packages/airflow/example_dags/example_latest_only_with_trigger.py
[2024-09-20T11:55:31.606+0000] {processor.py:914} INFO - Processing file /home/airflow/.local/lib/python3.12/site-packages/airflow/example_dags/example_latest_only_with_trigger.py for tasks to queue
[2024-09-20T11:55:31.610+0000] {logging_mixin.py:190} INFO - [2024-09-20T11:55:31.609+0000] {dagbag.py:587} INFO - Filling up the DagBag from /home/airflow/.local/lib/python3.12/site-packages/airflow/example_dags/example_latest_only_with_trigger.py
[2024-09-20T11:55:31.621+0000] {processor.py:925} INFO - DAG(s) 'latest_only_with_trigger' retrieved from /home/airflow/.local/lib/python3.12/site-packages/airflow/example_dags/example_latest_only_with_trigger.py
[2024-09-20T11:55:31.673+0000] {logging_mixin.py:190} INFO - [2024-09-20T11:55:31.672+0000] {dag.py:3229} INFO - Sync 1 DAGs
[2024-09-20T11:55:31.724+0000] {logging_mixin.py:190} INFO - [2024-09-20T11:55:31.724+0000] {dag.py:4156} INFO - Setting next_dagrun for latest_only_with_trigger to 2024-09-20 04:00:00+00:00, run_after=2024-09-20 08:00:00+00:00
[2024-09-20T11:55:31.767+0000] {processor.py:208} INFO - Processing /home/airflow/.local/lib/python3.12/site-packages/airflow/example_dags/example_latest_only_with_trigger.py took 0.170 seconds
[2024-09-20T11:56:03.863+0000] {processor.py:186} INFO - Started process (PID=1986) to work on /home/airflow/.local/lib/python3.12/site-packages/airflow/example_dags/example_latest_only_with_trigger.py
[2024-09-20T11:56:03.866+0000] {processor.py:914} INFO - Processing file /home/airflow/.local/lib/python3.12/site-packages/airflow/example_dags/example_latest_only_with_trigger.py for tasks to queue
[2024-09-20T11:56:03.876+0000] {logging_mixin.py:190} INFO - [2024-09-20T11:56:03.875+0000] {dagbag.py:587} INFO - Filling up the DagBag from /home/airflow/.local/lib/python3.12/site-packages/airflow/example_dags/example_latest_only_with_trigger.py
[2024-09-20T11:56:03.894+0000] {processor.py:925} INFO - DAG(s) 'latest_only_with_trigger' retrieved from /home/airflow/.local/lib/python3.12/site-packages/airflow/example_dags/example_latest_only_with_trigger.py
[2024-09-20T11:56:03.973+0000] {logging_mixin.py:190} INFO - [2024-09-20T11:56:03.972+0000] {dag.py:3229} INFO - Sync 1 DAGs
[2024-09-20T11:56:04.038+0000] {logging_mixin.py:190} INFO - [2024-09-20T11:56:04.038+0000] {dag.py:4156} INFO - Setting next_dagrun for latest_only_with_trigger to 2024-09-20 04:00:00+00:00, run_after=2024-09-20 08:00:00+00:00
[2024-09-20T11:56:04.090+0000] {processor.py:208} INFO - Processing /home/airflow/.local/lib/python3.12/site-packages/airflow/example_dags/example_latest_only_with_trigger.py took 0.241 seconds
