[2024-09-20T11:40:31.797+0000] {processor.py:186} INFO - Started process (PID=70) to work on /home/airflow/.local/lib/python3.12/site-packages/airflow/example_dags/example_dataset_alias_with_no_taskflow.py
[2024-09-20T11:40:31.799+0000] {processor.py:914} INFO - Processing file /home/airflow/.local/lib/python3.12/site-packages/airflow/example_dags/example_dataset_alias_with_no_taskflow.py for tasks to queue
[2024-09-20T11:40:31.803+0000] {logging_mixin.py:190} INFO - [2024-09-20T11:40:31.803+0000] {dagbag.py:587} INFO - Filling up the DagBag from /home/airflow/.local/lib/python3.12/site-packages/airflow/example_dags/example_dataset_alias_with_no_taskflow.py
[2024-09-20T11:40:32.158+0000] {processor.py:925} INFO - DAG(s) 'dataset_s3_bucket_consumer_with_no_taskflow', 'dataset_s3_bucket_producer_with_no_taskflow', 'dataset_alias_example_alias_consumer_with_no_taskflow', 'dataset_alias_example_alias_producer_with_no_taskflow' retrieved from /home/airflow/.local/lib/python3.12/site-packages/airflow/example_dags/example_dataset_alias_with_no_taskflow.py
[2024-09-20T11:40:32.213+0000] {logging_mixin.py:190} INFO - [2024-09-20T11:40:32.212+0000] {dag.py:3229} INFO - Sync 4 DAGs
[2024-09-20T11:40:32.267+0000] {logging_mixin.py:190} INFO - [2024-09-20T11:40:32.267+0000] {dag.py:4156} INFO - Setting next_dagrun for dataset_alias_example_alias_consumer_with_no_taskflow to None, run_after=None
[2024-09-20T11:40:32.272+0000] {logging_mixin.py:190} INFO - [2024-09-20T11:40:32.271+0000] {dag.py:4156} INFO - Setting next_dagrun for dataset_alias_example_alias_producer_with_no_taskflow to None, run_after=None
[2024-09-20T11:40:32.274+0000] {logging_mixin.py:190} INFO - [2024-09-20T11:40:32.274+0000] {dag.py:4156} INFO - Setting next_dagrun for dataset_s3_bucket_consumer_with_no_taskflow to None, run_after=None
[2024-09-20T11:40:32.277+0000] {logging_mixin.py:190} INFO - [2024-09-20T11:40:32.277+0000] {dag.py:4156} INFO - Setting next_dagrun for dataset_s3_bucket_producer_with_no_taskflow to None, run_after=None
[2024-09-20T11:40:32.319+0000] {processor.py:208} INFO - Processing /home/airflow/.local/lib/python3.12/site-packages/airflow/example_dags/example_dataset_alias_with_no_taskflow.py took 0.527 seconds
[2024-09-20T11:41:03.212+0000] {processor.py:186} INFO - Started process (PID=139) to work on /home/airflow/.local/lib/python3.12/site-packages/airflow/example_dags/example_dataset_alias_with_no_taskflow.py
[2024-09-20T11:41:03.214+0000] {processor.py:914} INFO - Processing file /home/airflow/.local/lib/python3.12/site-packages/airflow/example_dags/example_dataset_alias_with_no_taskflow.py for tasks to queue
[2024-09-20T11:41:03.218+0000] {logging_mixin.py:190} INFO - [2024-09-20T11:41:03.218+0000] {dagbag.py:587} INFO - Filling up the DagBag from /home/airflow/.local/lib/python3.12/site-packages/airflow/example_dags/example_dataset_alias_with_no_taskflow.py
[2024-09-20T11:41:03.464+0000] {processor.py:925} INFO - DAG(s) 'dataset_alias_example_alias_producer_with_no_taskflow', 'dataset_s3_bucket_consumer_with_no_taskflow', 'dataset_s3_bucket_producer_with_no_taskflow', 'dataset_alias_example_alias_consumer_with_no_taskflow' retrieved from /home/airflow/.local/lib/python3.12/site-packages/airflow/example_dags/example_dataset_alias_with_no_taskflow.py
[2024-09-20T11:41:03.507+0000] {logging_mixin.py:190} INFO - [2024-09-20T11:41:03.507+0000] {dag.py:3229} INFO - Sync 4 DAGs
[2024-09-20T11:41:03.545+0000] {logging_mixin.py:190} INFO - [2024-09-20T11:41:03.544+0000] {dag.py:4156} INFO - Setting next_dagrun for dataset_alias_example_alias_consumer_with_no_taskflow to None, run_after=None
[2024-09-20T11:41:03.550+0000] {logging_mixin.py:190} INFO - [2024-09-20T11:41:03.549+0000] {dag.py:4156} INFO - Setting next_dagrun for dataset_alias_example_alias_producer_with_no_taskflow to None, run_after=None
[2024-09-20T11:41:03.552+0000] {logging_mixin.py:190} INFO - [2024-09-20T11:41:03.552+0000] {dag.py:4156} INFO - Setting next_dagrun for dataset_s3_bucket_consumer_with_no_taskflow to None, run_after=None
[2024-09-20T11:41:03.555+0000] {logging_mixin.py:190} INFO - [2024-09-20T11:41:03.555+0000] {dag.py:4156} INFO - Setting next_dagrun for dataset_s3_bucket_producer_with_no_taskflow to None, run_after=None
[2024-09-20T11:41:03.594+0000] {processor.py:208} INFO - Processing /home/airflow/.local/lib/python3.12/site-packages/airflow/example_dags/example_dataset_alias_with_no_taskflow.py took 0.389 seconds
[2024-09-20T11:41:33.893+0000] {processor.py:186} INFO - Started process (PID=203) to work on /home/airflow/.local/lib/python3.12/site-packages/airflow/example_dags/example_dataset_alias_with_no_taskflow.py
[2024-09-20T11:41:33.900+0000] {processor.py:914} INFO - Processing file /home/airflow/.local/lib/python3.12/site-packages/airflow/example_dags/example_dataset_alias_with_no_taskflow.py for tasks to queue
[2024-09-20T11:41:33.913+0000] {logging_mixin.py:190} INFO - [2024-09-20T11:41:33.913+0000] {dagbag.py:587} INFO - Filling up the DagBag from /home/airflow/.local/lib/python3.12/site-packages/airflow/example_dags/example_dataset_alias_with_no_taskflow.py
[2024-09-20T11:41:34.369+0000] {processor.py:925} INFO - DAG(s) 'dataset_s3_bucket_consumer_with_no_taskflow', 'dataset_s3_bucket_producer_with_no_taskflow', 'dataset_alias_example_alias_producer_with_no_taskflow', 'dataset_alias_example_alias_consumer_with_no_taskflow' retrieved from /home/airflow/.local/lib/python3.12/site-packages/airflow/example_dags/example_dataset_alias_with_no_taskflow.py
[2024-09-20T11:41:34.446+0000] {logging_mixin.py:190} INFO - [2024-09-20T11:41:34.445+0000] {dag.py:3229} INFO - Sync 4 DAGs
[2024-09-20T11:41:34.512+0000] {logging_mixin.py:190} INFO - [2024-09-20T11:41:34.512+0000] {dag.py:4156} INFO - Setting next_dagrun for dataset_alias_example_alias_consumer_with_no_taskflow to None, run_after=None
[2024-09-20T11:41:34.524+0000] {logging_mixin.py:190} INFO - [2024-09-20T11:41:34.523+0000] {dag.py:4156} INFO - Setting next_dagrun for dataset_alias_example_alias_producer_with_no_taskflow to None, run_after=None
[2024-09-20T11:41:34.528+0000] {logging_mixin.py:190} INFO - [2024-09-20T11:41:34.528+0000] {dag.py:4156} INFO - Setting next_dagrun for dataset_s3_bucket_consumer_with_no_taskflow to None, run_after=None
[2024-09-20T11:41:34.534+0000] {logging_mixin.py:190} INFO - [2024-09-20T11:41:34.532+0000] {dag.py:4156} INFO - Setting next_dagrun for dataset_s3_bucket_producer_with_no_taskflow to None, run_after=None
[2024-09-20T11:41:34.590+0000] {processor.py:208} INFO - Processing /home/airflow/.local/lib/python3.12/site-packages/airflow/example_dags/example_dataset_alias_with_no_taskflow.py took 0.732 seconds
[2024-09-20T11:42:04.822+0000] {processor.py:186} INFO - Started process (PID=269) to work on /home/airflow/.local/lib/python3.12/site-packages/airflow/example_dags/example_dataset_alias_with_no_taskflow.py
[2024-09-20T11:42:04.823+0000] {processor.py:914} INFO - Processing file /home/airflow/.local/lib/python3.12/site-packages/airflow/example_dags/example_dataset_alias_with_no_taskflow.py for tasks to queue
[2024-09-20T11:42:04.827+0000] {logging_mixin.py:190} INFO - [2024-09-20T11:42:04.826+0000] {dagbag.py:587} INFO - Filling up the DagBag from /home/airflow/.local/lib/python3.12/site-packages/airflow/example_dags/example_dataset_alias_with_no_taskflow.py
[2024-09-20T11:42:05.058+0000] {processor.py:925} INFO - DAG(s) 'dataset_alias_example_alias_producer_with_no_taskflow', 'dataset_s3_bucket_consumer_with_no_taskflow', 'dataset_alias_example_alias_consumer_with_no_taskflow', 'dataset_s3_bucket_producer_with_no_taskflow' retrieved from /home/airflow/.local/lib/python3.12/site-packages/airflow/example_dags/example_dataset_alias_with_no_taskflow.py
[2024-09-20T11:42:05.100+0000] {logging_mixin.py:190} INFO - [2024-09-20T11:42:05.099+0000] {dag.py:3229} INFO - Sync 4 DAGs
[2024-09-20T11:42:05.135+0000] {logging_mixin.py:190} INFO - [2024-09-20T11:42:05.134+0000] {dag.py:4156} INFO - Setting next_dagrun for dataset_alias_example_alias_consumer_with_no_taskflow to None, run_after=None
[2024-09-20T11:42:05.142+0000] {logging_mixin.py:190} INFO - [2024-09-20T11:42:05.141+0000] {dag.py:4156} INFO - Setting next_dagrun for dataset_alias_example_alias_producer_with_no_taskflow to None, run_after=None
[2024-09-20T11:42:05.145+0000] {logging_mixin.py:190} INFO - [2024-09-20T11:42:05.144+0000] {dag.py:4156} INFO - Setting next_dagrun for dataset_s3_bucket_consumer_with_no_taskflow to None, run_after=None
[2024-09-20T11:42:05.148+0000] {logging_mixin.py:190} INFO - [2024-09-20T11:42:05.147+0000] {dag.py:4156} INFO - Setting next_dagrun for dataset_s3_bucket_producer_with_no_taskflow to None, run_after=None
[2024-09-20T11:42:05.186+0000] {processor.py:208} INFO - Processing /home/airflow/.local/lib/python3.12/site-packages/airflow/example_dags/example_dataset_alias_with_no_taskflow.py took 0.372 seconds
[2024-09-20T11:42:35.464+0000] {processor.py:186} INFO - Started process (PID=338) to work on /home/airflow/.local/lib/python3.12/site-packages/airflow/example_dags/example_dataset_alias_with_no_taskflow.py
[2024-09-20T11:42:35.467+0000] {processor.py:914} INFO - Processing file /home/airflow/.local/lib/python3.12/site-packages/airflow/example_dags/example_dataset_alias_with_no_taskflow.py for tasks to queue
[2024-09-20T11:42:35.473+0000] {logging_mixin.py:190} INFO - [2024-09-20T11:42:35.473+0000] {dagbag.py:587} INFO - Filling up the DagBag from /home/airflow/.local/lib/python3.12/site-packages/airflow/example_dags/example_dataset_alias_with_no_taskflow.py
[2024-09-20T11:42:35.740+0000] {processor.py:925} INFO - DAG(s) 'dataset_s3_bucket_producer_with_no_taskflow', 'dataset_alias_example_alias_consumer_with_no_taskflow', 'dataset_alias_example_alias_producer_with_no_taskflow', 'dataset_s3_bucket_consumer_with_no_taskflow' retrieved from /home/airflow/.local/lib/python3.12/site-packages/airflow/example_dags/example_dataset_alias_with_no_taskflow.py
[2024-09-20T11:42:35.776+0000] {logging_mixin.py:190} INFO - [2024-09-20T11:42:35.776+0000] {dag.py:3229} INFO - Sync 4 DAGs
[2024-09-20T11:42:35.812+0000] {logging_mixin.py:190} INFO - [2024-09-20T11:42:35.811+0000] {dag.py:4156} INFO - Setting next_dagrun for dataset_alias_example_alias_consumer_with_no_taskflow to None, run_after=None
[2024-09-20T11:42:35.822+0000] {logging_mixin.py:190} INFO - [2024-09-20T11:42:35.821+0000] {dag.py:4156} INFO - Setting next_dagrun for dataset_alias_example_alias_producer_with_no_taskflow to None, run_after=None
[2024-09-20T11:42:35.824+0000] {logging_mixin.py:190} INFO - [2024-09-20T11:42:35.824+0000] {dag.py:4156} INFO - Setting next_dagrun for dataset_s3_bucket_consumer_with_no_taskflow to None, run_after=None
[2024-09-20T11:42:35.827+0000] {logging_mixin.py:190} INFO - [2024-09-20T11:42:35.826+0000] {dag.py:4156} INFO - Setting next_dagrun for dataset_s3_bucket_producer_with_no_taskflow to None, run_after=None
[2024-09-20T11:42:35.876+0000] {processor.py:208} INFO - Processing /home/airflow/.local/lib/python3.12/site-packages/airflow/example_dags/example_dataset_alias_with_no_taskflow.py took 0.423 seconds
[2024-09-20T11:43:06.013+0000] {processor.py:186} INFO - Started process (PID=399) to work on /home/airflow/.local/lib/python3.12/site-packages/airflow/example_dags/example_dataset_alias_with_no_taskflow.py
[2024-09-20T11:43:06.014+0000] {processor.py:914} INFO - Processing file /home/airflow/.local/lib/python3.12/site-packages/airflow/example_dags/example_dataset_alias_with_no_taskflow.py for tasks to queue
[2024-09-20T11:43:06.018+0000] {logging_mixin.py:190} INFO - [2024-09-20T11:43:06.017+0000] {dagbag.py:587} INFO - Filling up the DagBag from /home/airflow/.local/lib/python3.12/site-packages/airflow/example_dags/example_dataset_alias_with_no_taskflow.py
[2024-09-20T11:43:06.263+0000] {processor.py:925} INFO - DAG(s) 'dataset_s3_bucket_producer_with_no_taskflow', 'dataset_alias_example_alias_producer_with_no_taskflow', 'dataset_s3_bucket_consumer_with_no_taskflow', 'dataset_alias_example_alias_consumer_with_no_taskflow' retrieved from /home/airflow/.local/lib/python3.12/site-packages/airflow/example_dags/example_dataset_alias_with_no_taskflow.py
[2024-09-20T11:43:06.299+0000] {logging_mixin.py:190} INFO - [2024-09-20T11:43:06.299+0000] {dag.py:3229} INFO - Sync 4 DAGs
[2024-09-20T11:43:06.334+0000] {logging_mixin.py:190} INFO - [2024-09-20T11:43:06.334+0000] {dag.py:4156} INFO - Setting next_dagrun for dataset_alias_example_alias_consumer_with_no_taskflow to None, run_after=None
[2024-09-20T11:43:06.340+0000] {logging_mixin.py:190} INFO - [2024-09-20T11:43:06.339+0000] {dag.py:4156} INFO - Setting next_dagrun for dataset_alias_example_alias_producer_with_no_taskflow to None, run_after=None
[2024-09-20T11:43:06.343+0000] {logging_mixin.py:190} INFO - [2024-09-20T11:43:06.343+0000] {dag.py:4156} INFO - Setting next_dagrun for dataset_s3_bucket_consumer_with_no_taskflow to None, run_after=None
[2024-09-20T11:43:06.345+0000] {logging_mixin.py:190} INFO - [2024-09-20T11:43:06.345+0000] {dag.py:4156} INFO - Setting next_dagrun for dataset_s3_bucket_producer_with_no_taskflow to None, run_after=None
[2024-09-20T11:43:06.381+0000] {processor.py:208} INFO - Processing /home/airflow/.local/lib/python3.12/site-packages/airflow/example_dags/example_dataset_alias_with_no_taskflow.py took 0.375 seconds
[2024-09-20T11:43:36.681+0000] {processor.py:186} INFO - Started process (PID=465) to work on /home/airflow/.local/lib/python3.12/site-packages/airflow/example_dags/example_dataset_alias_with_no_taskflow.py
[2024-09-20T11:43:36.683+0000] {processor.py:914} INFO - Processing file /home/airflow/.local/lib/python3.12/site-packages/airflow/example_dags/example_dataset_alias_with_no_taskflow.py for tasks to queue
[2024-09-20T11:43:36.694+0000] {logging_mixin.py:190} INFO - [2024-09-20T11:43:36.693+0000] {dagbag.py:587} INFO - Filling up the DagBag from /home/airflow/.local/lib/python3.12/site-packages/airflow/example_dags/example_dataset_alias_with_no_taskflow.py
[2024-09-20T11:43:37.214+0000] {processor.py:925} INFO - DAG(s) 'dataset_s3_bucket_consumer_with_no_taskflow', 'dataset_alias_example_alias_producer_with_no_taskflow', 'dataset_s3_bucket_producer_with_no_taskflow', 'dataset_alias_example_alias_consumer_with_no_taskflow' retrieved from /home/airflow/.local/lib/python3.12/site-packages/airflow/example_dags/example_dataset_alias_with_no_taskflow.py
[2024-09-20T11:43:37.269+0000] {logging_mixin.py:190} INFO - [2024-09-20T11:43:37.268+0000] {dag.py:3229} INFO - Sync 4 DAGs
[2024-09-20T11:43:37.317+0000] {logging_mixin.py:190} INFO - [2024-09-20T11:43:37.317+0000] {dag.py:4156} INFO - Setting next_dagrun for dataset_alias_example_alias_consumer_with_no_taskflow to None, run_after=None
[2024-09-20T11:43:37.325+0000] {logging_mixin.py:190} INFO - [2024-09-20T11:43:37.324+0000] {dag.py:4156} INFO - Setting next_dagrun for dataset_alias_example_alias_producer_with_no_taskflow to None, run_after=None
[2024-09-20T11:43:37.328+0000] {logging_mixin.py:190} INFO - [2024-09-20T11:43:37.327+0000] {dag.py:4156} INFO - Setting next_dagrun for dataset_s3_bucket_consumer_with_no_taskflow to None, run_after=None
[2024-09-20T11:43:37.331+0000] {logging_mixin.py:190} INFO - [2024-09-20T11:43:37.330+0000] {dag.py:4156} INFO - Setting next_dagrun for dataset_s3_bucket_producer_with_no_taskflow to None, run_after=None
[2024-09-20T11:43:37.376+0000] {processor.py:208} INFO - Processing /home/airflow/.local/lib/python3.12/site-packages/airflow/example_dags/example_dataset_alias_with_no_taskflow.py took 0.713 seconds
[2024-09-20T11:44:07.517+0000] {processor.py:186} INFO - Started process (PID=531) to work on /home/airflow/.local/lib/python3.12/site-packages/airflow/example_dags/example_dataset_alias_with_no_taskflow.py
[2024-09-20T11:44:07.519+0000] {processor.py:914} INFO - Processing file /home/airflow/.local/lib/python3.12/site-packages/airflow/example_dags/example_dataset_alias_with_no_taskflow.py for tasks to queue
[2024-09-20T11:44:07.524+0000] {logging_mixin.py:190} INFO - [2024-09-20T11:44:07.523+0000] {dagbag.py:587} INFO - Filling up the DagBag from /home/airflow/.local/lib/python3.12/site-packages/airflow/example_dags/example_dataset_alias_with_no_taskflow.py
[2024-09-20T11:44:07.731+0000] {processor.py:925} INFO - DAG(s) 'dataset_s3_bucket_producer_with_no_taskflow', 'dataset_s3_bucket_consumer_with_no_taskflow', 'dataset_alias_example_alias_consumer_with_no_taskflow', 'dataset_alias_example_alias_producer_with_no_taskflow' retrieved from /home/airflow/.local/lib/python3.12/site-packages/airflow/example_dags/example_dataset_alias_with_no_taskflow.py
[2024-09-20T11:44:07.765+0000] {logging_mixin.py:190} INFO - [2024-09-20T11:44:07.764+0000] {dag.py:3229} INFO - Sync 4 DAGs
[2024-09-20T11:44:07.790+0000] {logging_mixin.py:190} INFO - [2024-09-20T11:44:07.790+0000] {dag.py:4156} INFO - Setting next_dagrun for dataset_alias_example_alias_consumer_with_no_taskflow to None, run_after=None
[2024-09-20T11:44:07.794+0000] {logging_mixin.py:190} INFO - [2024-09-20T11:44:07.793+0000] {dag.py:4156} INFO - Setting next_dagrun for dataset_alias_example_alias_producer_with_no_taskflow to None, run_after=None
[2024-09-20T11:44:07.796+0000] {logging_mixin.py:190} INFO - [2024-09-20T11:44:07.796+0000] {dag.py:4156} INFO - Setting next_dagrun for dataset_s3_bucket_consumer_with_no_taskflow to None, run_after=None
[2024-09-20T11:44:07.799+0000] {logging_mixin.py:190} INFO - [2024-09-20T11:44:07.798+0000] {dag.py:4156} INFO - Setting next_dagrun for dataset_s3_bucket_producer_with_no_taskflow to None, run_after=None
[2024-09-20T11:44:07.830+0000] {processor.py:208} INFO - Processing /home/airflow/.local/lib/python3.12/site-packages/airflow/example_dags/example_dataset_alias_with_no_taskflow.py took 0.320 seconds
[2024-09-20T11:44:38.120+0000] {processor.py:186} INFO - Started process (PID=596) to work on /home/airflow/.local/lib/python3.12/site-packages/airflow/example_dags/example_dataset_alias_with_no_taskflow.py
[2024-09-20T11:44:38.122+0000] {processor.py:914} INFO - Processing file /home/airflow/.local/lib/python3.12/site-packages/airflow/example_dags/example_dataset_alias_with_no_taskflow.py for tasks to queue
[2024-09-20T11:44:38.125+0000] {logging_mixin.py:190} INFO - [2024-09-20T11:44:38.125+0000] {dagbag.py:587} INFO - Filling up the DagBag from /home/airflow/.local/lib/python3.12/site-packages/airflow/example_dags/example_dataset_alias_with_no_taskflow.py
[2024-09-20T11:44:38.419+0000] {processor.py:925} INFO - DAG(s) 'dataset_s3_bucket_consumer_with_no_taskflow', 'dataset_alias_example_alias_consumer_with_no_taskflow', 'dataset_s3_bucket_producer_with_no_taskflow', 'dataset_alias_example_alias_producer_with_no_taskflow' retrieved from /home/airflow/.local/lib/python3.12/site-packages/airflow/example_dags/example_dataset_alias_with_no_taskflow.py
[2024-09-20T11:44:38.466+0000] {logging_mixin.py:190} INFO - [2024-09-20T11:44:38.465+0000] {dag.py:3229} INFO - Sync 4 DAGs
[2024-09-20T11:44:38.519+0000] {logging_mixin.py:190} INFO - [2024-09-20T11:44:38.519+0000] {dag.py:4156} INFO - Setting next_dagrun for dataset_alias_example_alias_consumer_with_no_taskflow to None, run_after=None
[2024-09-20T11:44:38.560+0000] {logging_mixin.py:190} INFO - [2024-09-20T11:44:38.559+0000] {dag.py:4156} INFO - Setting next_dagrun for dataset_alias_example_alias_producer_with_no_taskflow to None, run_after=None
[2024-09-20T11:44:38.563+0000] {logging_mixin.py:190} INFO - [2024-09-20T11:44:38.563+0000] {dag.py:4156} INFO - Setting next_dagrun for dataset_s3_bucket_consumer_with_no_taskflow to None, run_after=None
[2024-09-20T11:44:38.574+0000] {logging_mixin.py:190} INFO - [2024-09-20T11:44:38.574+0000] {dag.py:4156} INFO - Setting next_dagrun for dataset_s3_bucket_producer_with_no_taskflow to None, run_after=None
[2024-09-20T11:44:38.614+0000] {processor.py:208} INFO - Processing /home/airflow/.local/lib/python3.12/site-packages/airflow/example_dags/example_dataset_alias_with_no_taskflow.py took 0.501 seconds
[2024-09-20T11:45:09.014+0000] {processor.py:186} INFO - Started process (PID=661) to work on /home/airflow/.local/lib/python3.12/site-packages/airflow/example_dags/example_dataset_alias_with_no_taskflow.py
[2024-09-20T11:45:09.015+0000] {processor.py:914} INFO - Processing file /home/airflow/.local/lib/python3.12/site-packages/airflow/example_dags/example_dataset_alias_with_no_taskflow.py for tasks to queue
[2024-09-20T11:45:09.018+0000] {logging_mixin.py:190} INFO - [2024-09-20T11:45:09.018+0000] {dagbag.py:587} INFO - Filling up the DagBag from /home/airflow/.local/lib/python3.12/site-packages/airflow/example_dags/example_dataset_alias_with_no_taskflow.py
[2024-09-20T11:45:09.316+0000] {processor.py:925} INFO - DAG(s) 'dataset_alias_example_alias_producer_with_no_taskflow', 'dataset_s3_bucket_consumer_with_no_taskflow', 'dataset_s3_bucket_producer_with_no_taskflow', 'dataset_alias_example_alias_consumer_with_no_taskflow' retrieved from /home/airflow/.local/lib/python3.12/site-packages/airflow/example_dags/example_dataset_alias_with_no_taskflow.py
[2024-09-20T11:45:09.356+0000] {logging_mixin.py:190} INFO - [2024-09-20T11:45:09.355+0000] {dag.py:3229} INFO - Sync 4 DAGs
[2024-09-20T11:45:09.399+0000] {logging_mixin.py:190} INFO - [2024-09-20T11:45:09.399+0000] {dag.py:4156} INFO - Setting next_dagrun for dataset_alias_example_alias_consumer_with_no_taskflow to None, run_after=None
[2024-09-20T11:45:09.406+0000] {logging_mixin.py:190} INFO - [2024-09-20T11:45:09.405+0000] {dag.py:4156} INFO - Setting next_dagrun for dataset_alias_example_alias_producer_with_no_taskflow to None, run_after=None
[2024-09-20T11:45:09.409+0000] {logging_mixin.py:190} INFO - [2024-09-20T11:45:09.409+0000] {dag.py:4156} INFO - Setting next_dagrun for dataset_s3_bucket_consumer_with_no_taskflow to None, run_after=None
[2024-09-20T11:45:09.412+0000] {logging_mixin.py:190} INFO - [2024-09-20T11:45:09.412+0000] {dag.py:4156} INFO - Setting next_dagrun for dataset_s3_bucket_producer_with_no_taskflow to None, run_after=None
[2024-09-20T11:45:09.448+0000] {processor.py:208} INFO - Processing /home/airflow/.local/lib/python3.12/site-packages/airflow/example_dags/example_dataset_alias_with_no_taskflow.py took 0.445 seconds
[2024-09-20T11:45:39.592+0000] {processor.py:186} INFO - Started process (PID=726) to work on /home/airflow/.local/lib/python3.12/site-packages/airflow/example_dags/example_dataset_alias_with_no_taskflow.py
[2024-09-20T11:45:39.594+0000] {processor.py:914} INFO - Processing file /home/airflow/.local/lib/python3.12/site-packages/airflow/example_dags/example_dataset_alias_with_no_taskflow.py for tasks to queue
[2024-09-20T11:45:39.597+0000] {logging_mixin.py:190} INFO - [2024-09-20T11:45:39.597+0000] {dagbag.py:587} INFO - Filling up the DagBag from /home/airflow/.local/lib/python3.12/site-packages/airflow/example_dags/example_dataset_alias_with_no_taskflow.py
[2024-09-20T11:45:39.828+0000] {processor.py:925} INFO - DAG(s) 'dataset_alias_example_alias_consumer_with_no_taskflow', 'dataset_alias_example_alias_producer_with_no_taskflow', 'dataset_s3_bucket_producer_with_no_taskflow', 'dataset_s3_bucket_consumer_with_no_taskflow' retrieved from /home/airflow/.local/lib/python3.12/site-packages/airflow/example_dags/example_dataset_alias_with_no_taskflow.py
[2024-09-20T11:45:39.869+0000] {logging_mixin.py:190} INFO - [2024-09-20T11:45:39.869+0000] {dag.py:3229} INFO - Sync 4 DAGs
[2024-09-20T11:45:39.906+0000] {logging_mixin.py:190} INFO - [2024-09-20T11:45:39.905+0000] {dag.py:4156} INFO - Setting next_dagrun for dataset_alias_example_alias_consumer_with_no_taskflow to None, run_after=None
[2024-09-20T11:45:39.911+0000] {logging_mixin.py:190} INFO - [2024-09-20T11:45:39.911+0000] {dag.py:4156} INFO - Setting next_dagrun for dataset_alias_example_alias_producer_with_no_taskflow to None, run_after=None
[2024-09-20T11:45:39.914+0000] {logging_mixin.py:190} INFO - [2024-09-20T11:45:39.914+0000] {dag.py:4156} INFO - Setting next_dagrun for dataset_s3_bucket_consumer_with_no_taskflow to None, run_after=None
[2024-09-20T11:45:39.917+0000] {logging_mixin.py:190} INFO - [2024-09-20T11:45:39.917+0000] {dag.py:4156} INFO - Setting next_dagrun for dataset_s3_bucket_producer_with_no_taskflow to None, run_after=None
[2024-09-20T11:45:39.952+0000] {processor.py:208} INFO - Processing /home/airflow/.local/lib/python3.12/site-packages/airflow/example_dags/example_dataset_alias_with_no_taskflow.py took 0.367 seconds
[2024-09-20T11:46:10.096+0000] {processor.py:186} INFO - Started process (PID=790) to work on /home/airflow/.local/lib/python3.12/site-packages/airflow/example_dags/example_dataset_alias_with_no_taskflow.py
[2024-09-20T11:46:10.098+0000] {processor.py:914} INFO - Processing file /home/airflow/.local/lib/python3.12/site-packages/airflow/example_dags/example_dataset_alias_with_no_taskflow.py for tasks to queue
[2024-09-20T11:46:10.101+0000] {logging_mixin.py:190} INFO - [2024-09-20T11:46:10.101+0000] {dagbag.py:587} INFO - Filling up the DagBag from /home/airflow/.local/lib/python3.12/site-packages/airflow/example_dags/example_dataset_alias_with_no_taskflow.py
[2024-09-20T11:46:10.332+0000] {processor.py:925} INFO - DAG(s) 'dataset_alias_example_alias_consumer_with_no_taskflow', 'dataset_alias_example_alias_producer_with_no_taskflow', 'dataset_s3_bucket_consumer_with_no_taskflow', 'dataset_s3_bucket_producer_with_no_taskflow' retrieved from /home/airflow/.local/lib/python3.12/site-packages/airflow/example_dags/example_dataset_alias_with_no_taskflow.py
[2024-09-20T11:46:10.368+0000] {logging_mixin.py:190} INFO - [2024-09-20T11:46:10.367+0000] {dag.py:3229} INFO - Sync 4 DAGs
[2024-09-20T11:46:10.400+0000] {logging_mixin.py:190} INFO - [2024-09-20T11:46:10.400+0000] {dag.py:4156} INFO - Setting next_dagrun for dataset_alias_example_alias_consumer_with_no_taskflow to None, run_after=None
[2024-09-20T11:46:10.405+0000] {logging_mixin.py:190} INFO - [2024-09-20T11:46:10.405+0000] {dag.py:4156} INFO - Setting next_dagrun for dataset_alias_example_alias_producer_with_no_taskflow to None, run_after=None
[2024-09-20T11:46:10.408+0000] {logging_mixin.py:190} INFO - [2024-09-20T11:46:10.408+0000] {dag.py:4156} INFO - Setting next_dagrun for dataset_s3_bucket_consumer_with_no_taskflow to None, run_after=None
[2024-09-20T11:46:10.411+0000] {logging_mixin.py:190} INFO - [2024-09-20T11:46:10.410+0000] {dag.py:4156} INFO - Setting next_dagrun for dataset_s3_bucket_producer_with_no_taskflow to None, run_after=None
[2024-09-20T11:46:10.447+0000] {processor.py:208} INFO - Processing /home/airflow/.local/lib/python3.12/site-packages/airflow/example_dags/example_dataset_alias_with_no_taskflow.py took 0.358 seconds
[2024-09-20T11:46:40.749+0000] {processor.py:186} INFO - Started process (PID=853) to work on /home/airflow/.local/lib/python3.12/site-packages/airflow/example_dags/example_dataset_alias_with_no_taskflow.py
[2024-09-20T11:46:40.751+0000] {processor.py:914} INFO - Processing file /home/airflow/.local/lib/python3.12/site-packages/airflow/example_dags/example_dataset_alias_with_no_taskflow.py for tasks to queue
[2024-09-20T11:46:40.754+0000] {logging_mixin.py:190} INFO - [2024-09-20T11:46:40.753+0000] {dagbag.py:587} INFO - Filling up the DagBag from /home/airflow/.local/lib/python3.12/site-packages/airflow/example_dags/example_dataset_alias_with_no_taskflow.py
[2024-09-20T11:46:40.985+0000] {processor.py:925} INFO - DAG(s) 'dataset_s3_bucket_producer_with_no_taskflow', 'dataset_alias_example_alias_producer_with_no_taskflow', 'dataset_s3_bucket_consumer_with_no_taskflow', 'dataset_alias_example_alias_consumer_with_no_taskflow' retrieved from /home/airflow/.local/lib/python3.12/site-packages/airflow/example_dags/example_dataset_alias_with_no_taskflow.py
[2024-09-20T11:46:41.021+0000] {logging_mixin.py:190} INFO - [2024-09-20T11:46:41.020+0000] {dag.py:3229} INFO - Sync 4 DAGs
[2024-09-20T11:46:41.057+0000] {logging_mixin.py:190} INFO - [2024-09-20T11:46:41.057+0000] {dag.py:4156} INFO - Setting next_dagrun for dataset_alias_example_alias_consumer_with_no_taskflow to None, run_after=None
[2024-09-20T11:46:41.062+0000] {logging_mixin.py:190} INFO - [2024-09-20T11:46:41.062+0000] {dag.py:4156} INFO - Setting next_dagrun for dataset_alias_example_alias_producer_with_no_taskflow to None, run_after=None
[2024-09-20T11:46:41.065+0000] {logging_mixin.py:190} INFO - [2024-09-20T11:46:41.064+0000] {dag.py:4156} INFO - Setting next_dagrun for dataset_s3_bucket_consumer_with_no_taskflow to None, run_after=None
[2024-09-20T11:46:41.067+0000] {logging_mixin.py:190} INFO - [2024-09-20T11:46:41.067+0000] {dag.py:4156} INFO - Setting next_dagrun for dataset_s3_bucket_producer_with_no_taskflow to None, run_after=None
[2024-09-20T11:46:41.105+0000] {processor.py:208} INFO - Processing /home/airflow/.local/lib/python3.12/site-packages/airflow/example_dags/example_dataset_alias_with_no_taskflow.py took 0.364 seconds
[2024-09-20T11:47:11.169+0000] {processor.py:186} INFO - Started process (PID=915) to work on /home/airflow/.local/lib/python3.12/site-packages/airflow/example_dags/example_dataset_alias_with_no_taskflow.py
[2024-09-20T11:47:11.170+0000] {processor.py:914} INFO - Processing file /home/airflow/.local/lib/python3.12/site-packages/airflow/example_dags/example_dataset_alias_with_no_taskflow.py for tasks to queue
[2024-09-20T11:47:11.173+0000] {logging_mixin.py:190} INFO - [2024-09-20T11:47:11.172+0000] {dagbag.py:587} INFO - Filling up the DagBag from /home/airflow/.local/lib/python3.12/site-packages/airflow/example_dags/example_dataset_alias_with_no_taskflow.py
[2024-09-20T11:47:11.409+0000] {processor.py:925} INFO - DAG(s) 'dataset_s3_bucket_producer_with_no_taskflow', 'dataset_alias_example_alias_producer_with_no_taskflow', 'dataset_s3_bucket_consumer_with_no_taskflow', 'dataset_alias_example_alias_consumer_with_no_taskflow' retrieved from /home/airflow/.local/lib/python3.12/site-packages/airflow/example_dags/example_dataset_alias_with_no_taskflow.py
[2024-09-20T11:47:11.440+0000] {logging_mixin.py:190} INFO - [2024-09-20T11:47:11.440+0000] {dag.py:3229} INFO - Sync 4 DAGs
[2024-09-20T11:47:11.471+0000] {logging_mixin.py:190} INFO - [2024-09-20T11:47:11.471+0000] {dag.py:4156} INFO - Setting next_dagrun for dataset_alias_example_alias_consumer_with_no_taskflow to None, run_after=None
[2024-09-20T11:47:11.476+0000] {logging_mixin.py:190} INFO - [2024-09-20T11:47:11.476+0000] {dag.py:4156} INFO - Setting next_dagrun for dataset_alias_example_alias_producer_with_no_taskflow to None, run_after=None
[2024-09-20T11:47:11.479+0000] {logging_mixin.py:190} INFO - [2024-09-20T11:47:11.478+0000] {dag.py:4156} INFO - Setting next_dagrun for dataset_s3_bucket_consumer_with_no_taskflow to None, run_after=None
[2024-09-20T11:47:11.481+0000] {logging_mixin.py:190} INFO - [2024-09-20T11:47:11.481+0000] {dag.py:4156} INFO - Setting next_dagrun for dataset_s3_bucket_producer_with_no_taskflow to None, run_after=None
[2024-09-20T11:47:11.516+0000] {processor.py:208} INFO - Processing /home/airflow/.local/lib/python3.12/site-packages/airflow/example_dags/example_dataset_alias_with_no_taskflow.py took 0.354 seconds
[2024-09-20T11:47:42.367+0000] {processor.py:186} INFO - Started process (PID=979) to work on /home/airflow/.local/lib/python3.12/site-packages/airflow/example_dags/example_dataset_alias_with_no_taskflow.py
[2024-09-20T11:47:42.369+0000] {processor.py:914} INFO - Processing file /home/airflow/.local/lib/python3.12/site-packages/airflow/example_dags/example_dataset_alias_with_no_taskflow.py for tasks to queue
[2024-09-20T11:47:42.373+0000] {logging_mixin.py:190} INFO - [2024-09-20T11:47:42.372+0000] {dagbag.py:587} INFO - Filling up the DagBag from /home/airflow/.local/lib/python3.12/site-packages/airflow/example_dags/example_dataset_alias_with_no_taskflow.py
[2024-09-20T11:47:42.683+0000] {processor.py:925} INFO - DAG(s) 'dataset_s3_bucket_consumer_with_no_taskflow', 'dataset_alias_example_alias_producer_with_no_taskflow', 'dataset_s3_bucket_producer_with_no_taskflow', 'dataset_alias_example_alias_consumer_with_no_taskflow' retrieved from /home/airflow/.local/lib/python3.12/site-packages/airflow/example_dags/example_dataset_alias_with_no_taskflow.py
[2024-09-20T11:47:42.736+0000] {logging_mixin.py:190} INFO - [2024-09-20T11:47:42.735+0000] {dag.py:3229} INFO - Sync 4 DAGs
[2024-09-20T11:47:42.781+0000] {logging_mixin.py:190} INFO - [2024-09-20T11:47:42.780+0000] {dag.py:4156} INFO - Setting next_dagrun for dataset_alias_example_alias_consumer_with_no_taskflow to None, run_after=None
[2024-09-20T11:47:43.194+0000] {logging_mixin.py:190} INFO - [2024-09-20T11:47:43.193+0000] {dag.py:4156} INFO - Setting next_dagrun for dataset_alias_example_alias_producer_with_no_taskflow to None, run_after=None
[2024-09-20T11:47:43.197+0000] {logging_mixin.py:190} INFO - [2024-09-20T11:47:43.197+0000] {dag.py:4156} INFO - Setting next_dagrun for dataset_s3_bucket_consumer_with_no_taskflow to None, run_after=None
[2024-09-20T11:47:43.200+0000] {logging_mixin.py:190} INFO - [2024-09-20T11:47:43.199+0000] {dag.py:4156} INFO - Setting next_dagrun for dataset_s3_bucket_producer_with_no_taskflow to None, run_after=None
[2024-09-20T11:47:43.250+0000] {processor.py:208} INFO - Processing /home/airflow/.local/lib/python3.12/site-packages/airflow/example_dags/example_dataset_alias_with_no_taskflow.py took 0.891 seconds
[2024-09-20T11:48:13.450+0000] {processor.py:186} INFO - Started process (PID=1052) to work on /home/airflow/.local/lib/python3.12/site-packages/airflow/example_dags/example_dataset_alias_with_no_taskflow.py
[2024-09-20T11:48:13.451+0000] {processor.py:914} INFO - Processing file /home/airflow/.local/lib/python3.12/site-packages/airflow/example_dags/example_dataset_alias_with_no_taskflow.py for tasks to queue
[2024-09-20T11:48:13.455+0000] {logging_mixin.py:190} INFO - [2024-09-20T11:48:13.454+0000] {dagbag.py:587} INFO - Filling up the DagBag from /home/airflow/.local/lib/python3.12/site-packages/airflow/example_dags/example_dataset_alias_with_no_taskflow.py
[2024-09-20T11:48:13.704+0000] {processor.py:925} INFO - DAG(s) 'dataset_s3_bucket_consumer_with_no_taskflow', 'dataset_alias_example_alias_producer_with_no_taskflow', 'dataset_alias_example_alias_consumer_with_no_taskflow', 'dataset_s3_bucket_producer_with_no_taskflow' retrieved from /home/airflow/.local/lib/python3.12/site-packages/airflow/example_dags/example_dataset_alias_with_no_taskflow.py
[2024-09-20T11:48:13.741+0000] {logging_mixin.py:190} INFO - [2024-09-20T11:48:13.740+0000] {dag.py:3229} INFO - Sync 4 DAGs
[2024-09-20T11:48:13.778+0000] {logging_mixin.py:190} INFO - [2024-09-20T11:48:13.778+0000] {dag.py:4156} INFO - Setting next_dagrun for dataset_alias_example_alias_consumer_with_no_taskflow to None, run_after=None
[2024-09-20T11:48:13.785+0000] {logging_mixin.py:190} INFO - [2024-09-20T11:48:13.784+0000] {dag.py:4156} INFO - Setting next_dagrun for dataset_alias_example_alias_producer_with_no_taskflow to None, run_after=None
[2024-09-20T11:48:13.787+0000] {logging_mixin.py:190} INFO - [2024-09-20T11:48:13.787+0000] {dag.py:4156} INFO - Setting next_dagrun for dataset_s3_bucket_consumer_with_no_taskflow to None, run_after=None
[2024-09-20T11:48:13.790+0000] {logging_mixin.py:190} INFO - [2024-09-20T11:48:13.790+0000] {dag.py:4156} INFO - Setting next_dagrun for dataset_s3_bucket_producer_with_no_taskflow to None, run_after=None
[2024-09-20T11:48:14.062+0000] {processor.py:208} INFO - Processing /home/airflow/.local/lib/python3.12/site-packages/airflow/example_dags/example_dataset_alias_with_no_taskflow.py took 0.619 seconds
[2024-09-20T11:48:44.876+0000] {processor.py:186} INFO - Started process (PID=1117) to work on /home/airflow/.local/lib/python3.12/site-packages/airflow/example_dags/example_dataset_alias_with_no_taskflow.py
[2024-09-20T11:48:44.878+0000] {processor.py:914} INFO - Processing file /home/airflow/.local/lib/python3.12/site-packages/airflow/example_dags/example_dataset_alias_with_no_taskflow.py for tasks to queue
[2024-09-20T11:48:44.883+0000] {logging_mixin.py:190} INFO - [2024-09-20T11:48:44.882+0000] {dagbag.py:587} INFO - Filling up the DagBag from /home/airflow/.local/lib/python3.12/site-packages/airflow/example_dags/example_dataset_alias_with_no_taskflow.py
[2024-09-20T11:48:45.199+0000] {processor.py:925} INFO - DAG(s) 'dataset_alias_example_alias_consumer_with_no_taskflow', 'dataset_alias_example_alias_producer_with_no_taskflow', 'dataset_s3_bucket_consumer_with_no_taskflow', 'dataset_s3_bucket_producer_with_no_taskflow' retrieved from /home/airflow/.local/lib/python3.12/site-packages/airflow/example_dags/example_dataset_alias_with_no_taskflow.py
[2024-09-20T11:48:45.238+0000] {logging_mixin.py:190} INFO - [2024-09-20T11:48:45.238+0000] {dag.py:3229} INFO - Sync 4 DAGs
[2024-09-20T11:48:45.272+0000] {logging_mixin.py:190} INFO - [2024-09-20T11:48:45.272+0000] {dag.py:4156} INFO - Setting next_dagrun for dataset_alias_example_alias_consumer_with_no_taskflow to None, run_after=None
[2024-09-20T11:48:45.277+0000] {logging_mixin.py:190} INFO - [2024-09-20T11:48:45.277+0000] {dag.py:4156} INFO - Setting next_dagrun for dataset_alias_example_alias_producer_with_no_taskflow to None, run_after=None
[2024-09-20T11:48:45.280+0000] {logging_mixin.py:190} INFO - [2024-09-20T11:48:45.280+0000] {dag.py:4156} INFO - Setting next_dagrun for dataset_s3_bucket_consumer_with_no_taskflow to None, run_after=None
[2024-09-20T11:48:45.283+0000] {logging_mixin.py:190} INFO - [2024-09-20T11:48:45.283+0000] {dag.py:4156} INFO - Setting next_dagrun for dataset_s3_bucket_producer_with_no_taskflow to None, run_after=None
[2024-09-20T11:48:45.320+0000] {processor.py:208} INFO - Processing /home/airflow/.local/lib/python3.12/site-packages/airflow/example_dags/example_dataset_alias_with_no_taskflow.py took 0.455 seconds
[2024-09-20T11:49:15.917+0000] {processor.py:186} INFO - Started process (PID=1181) to work on /home/airflow/.local/lib/python3.12/site-packages/airflow/example_dags/example_dataset_alias_with_no_taskflow.py
[2024-09-20T11:49:15.918+0000] {processor.py:914} INFO - Processing file /home/airflow/.local/lib/python3.12/site-packages/airflow/example_dags/example_dataset_alias_with_no_taskflow.py for tasks to queue
[2024-09-20T11:49:15.944+0000] {logging_mixin.py:190} INFO - [2024-09-20T11:49:15.943+0000] {dagbag.py:587} INFO - Filling up the DagBag from /home/airflow/.local/lib/python3.12/site-packages/airflow/example_dags/example_dataset_alias_with_no_taskflow.py
[2024-09-20T11:49:16.195+0000] {processor.py:925} INFO - DAG(s) 'dataset_s3_bucket_consumer_with_no_taskflow', 'dataset_alias_example_alias_producer_with_no_taskflow', 'dataset_s3_bucket_producer_with_no_taskflow', 'dataset_alias_example_alias_consumer_with_no_taskflow' retrieved from /home/airflow/.local/lib/python3.12/site-packages/airflow/example_dags/example_dataset_alias_with_no_taskflow.py
[2024-09-20T11:49:16.227+0000] {logging_mixin.py:190} INFO - [2024-09-20T11:49:16.227+0000] {dag.py:3229} INFO - Sync 4 DAGs
[2024-09-20T11:49:16.259+0000] {logging_mixin.py:190} INFO - [2024-09-20T11:49:16.259+0000] {dag.py:4156} INFO - Setting next_dagrun for dataset_alias_example_alias_consumer_with_no_taskflow to None, run_after=None
[2024-09-20T11:49:16.264+0000] {logging_mixin.py:190} INFO - [2024-09-20T11:49:16.264+0000] {dag.py:4156} INFO - Setting next_dagrun for dataset_alias_example_alias_producer_with_no_taskflow to None, run_after=None
[2024-09-20T11:49:16.267+0000] {logging_mixin.py:190} INFO - [2024-09-20T11:49:16.266+0000] {dag.py:4156} INFO - Setting next_dagrun for dataset_s3_bucket_consumer_with_no_taskflow to None, run_after=None
[2024-09-20T11:49:16.270+0000] {logging_mixin.py:190} INFO - [2024-09-20T11:49:16.269+0000] {dag.py:4156} INFO - Setting next_dagrun for dataset_s3_bucket_producer_with_no_taskflow to None, run_after=None
[2024-09-20T11:49:16.305+0000] {processor.py:208} INFO - Processing /home/airflow/.local/lib/python3.12/site-packages/airflow/example_dags/example_dataset_alias_with_no_taskflow.py took 0.397 seconds
[2024-09-20T11:49:46.523+0000] {processor.py:186} INFO - Started process (PID=1247) to work on /home/airflow/.local/lib/python3.12/site-packages/airflow/example_dags/example_dataset_alias_with_no_taskflow.py
[2024-09-20T11:49:46.525+0000] {processor.py:914} INFO - Processing file /home/airflow/.local/lib/python3.12/site-packages/airflow/example_dags/example_dataset_alias_with_no_taskflow.py for tasks to queue
[2024-09-20T11:49:46.528+0000] {logging_mixin.py:190} INFO - [2024-09-20T11:49:46.528+0000] {dagbag.py:587} INFO - Filling up the DagBag from /home/airflow/.local/lib/python3.12/site-packages/airflow/example_dags/example_dataset_alias_with_no_taskflow.py
[2024-09-20T11:49:46.774+0000] {processor.py:925} INFO - DAG(s) 'dataset_alias_example_alias_consumer_with_no_taskflow', 'dataset_s3_bucket_producer_with_no_taskflow', 'dataset_alias_example_alias_producer_with_no_taskflow', 'dataset_s3_bucket_consumer_with_no_taskflow' retrieved from /home/airflow/.local/lib/python3.12/site-packages/airflow/example_dags/example_dataset_alias_with_no_taskflow.py
[2024-09-20T11:49:46.809+0000] {logging_mixin.py:190} INFO - [2024-09-20T11:49:46.808+0000] {dag.py:3229} INFO - Sync 4 DAGs
[2024-09-20T11:49:46.845+0000] {logging_mixin.py:190} INFO - [2024-09-20T11:49:46.845+0000] {dag.py:4156} INFO - Setting next_dagrun for dataset_alias_example_alias_consumer_with_no_taskflow to None, run_after=None
[2024-09-20T11:49:46.851+0000] {logging_mixin.py:190} INFO - [2024-09-20T11:49:46.851+0000] {dag.py:4156} INFO - Setting next_dagrun for dataset_alias_example_alias_producer_with_no_taskflow to None, run_after=None
[2024-09-20T11:49:46.854+0000] {logging_mixin.py:190} INFO - [2024-09-20T11:49:46.854+0000] {dag.py:4156} INFO - Setting next_dagrun for dataset_s3_bucket_consumer_with_no_taskflow to None, run_after=None
[2024-09-20T11:49:46.857+0000] {logging_mixin.py:190} INFO - [2024-09-20T11:49:46.856+0000] {dag.py:4156} INFO - Setting next_dagrun for dataset_s3_bucket_producer_with_no_taskflow to None, run_after=None
[2024-09-20T11:49:46.893+0000] {processor.py:208} INFO - Processing /home/airflow/.local/lib/python3.12/site-packages/airflow/example_dags/example_dataset_alias_with_no_taskflow.py took 0.378 seconds
[2024-09-20T11:50:17.024+0000] {processor.py:186} INFO - Started process (PID=1316) to work on /home/airflow/.local/lib/python3.12/site-packages/airflow/example_dags/example_dataset_alias_with_no_taskflow.py
[2024-09-20T11:50:17.026+0000] {processor.py:914} INFO - Processing file /home/airflow/.local/lib/python3.12/site-packages/airflow/example_dags/example_dataset_alias_with_no_taskflow.py for tasks to queue
[2024-09-20T11:50:17.029+0000] {logging_mixin.py:190} INFO - [2024-09-20T11:50:17.028+0000] {dagbag.py:587} INFO - Filling up the DagBag from /home/airflow/.local/lib/python3.12/site-packages/airflow/example_dags/example_dataset_alias_with_no_taskflow.py
[2024-09-20T11:50:17.348+0000] {processor.py:925} INFO - DAG(s) 'dataset_alias_example_alias_consumer_with_no_taskflow', 'dataset_s3_bucket_consumer_with_no_taskflow', 'dataset_alias_example_alias_producer_with_no_taskflow', 'dataset_s3_bucket_producer_with_no_taskflow' retrieved from /home/airflow/.local/lib/python3.12/site-packages/airflow/example_dags/example_dataset_alias_with_no_taskflow.py
[2024-09-20T11:50:17.787+0000] {logging_mixin.py:190} INFO - [2024-09-20T11:50:17.780+0000] {dag.py:3229} INFO - Sync 4 DAGs
[2024-09-20T11:50:17.824+0000] {logging_mixin.py:190} INFO - [2024-09-20T11:50:17.823+0000] {dag.py:4156} INFO - Setting next_dagrun for dataset_alias_example_alias_consumer_with_no_taskflow to None, run_after=None
[2024-09-20T11:50:17.830+0000] {logging_mixin.py:190} INFO - [2024-09-20T11:50:17.830+0000] {dag.py:4156} INFO - Setting next_dagrun for dataset_alias_example_alias_producer_with_no_taskflow to None, run_after=None
[2024-09-20T11:50:17.833+0000] {logging_mixin.py:190} INFO - [2024-09-20T11:50:17.833+0000] {dag.py:4156} INFO - Setting next_dagrun for dataset_s3_bucket_consumer_with_no_taskflow to None, run_after=None
[2024-09-20T11:50:17.836+0000] {logging_mixin.py:190} INFO - [2024-09-20T11:50:17.836+0000] {dag.py:4156} INFO - Setting next_dagrun for dataset_s3_bucket_producer_with_no_taskflow to None, run_after=None
[2024-09-20T11:50:17.873+0000] {processor.py:208} INFO - Processing /home/airflow/.local/lib/python3.12/site-packages/airflow/example_dags/example_dataset_alias_with_no_taskflow.py took 0.856 seconds
[2024-09-20T11:50:48.514+0000] {processor.py:186} INFO - Started process (PID=1380) to work on /home/airflow/.local/lib/python3.12/site-packages/airflow/example_dags/example_dataset_alias_with_no_taskflow.py
[2024-09-20T11:50:48.516+0000] {processor.py:914} INFO - Processing file /home/airflow/.local/lib/python3.12/site-packages/airflow/example_dags/example_dataset_alias_with_no_taskflow.py for tasks to queue
[2024-09-20T11:50:48.520+0000] {logging_mixin.py:190} INFO - [2024-09-20T11:50:48.519+0000] {dagbag.py:587} INFO - Filling up the DagBag from /home/airflow/.local/lib/python3.12/site-packages/airflow/example_dags/example_dataset_alias_with_no_taskflow.py
[2024-09-20T11:50:48.782+0000] {processor.py:925} INFO - DAG(s) 'dataset_alias_example_alias_producer_with_no_taskflow', 'dataset_alias_example_alias_consumer_with_no_taskflow', 'dataset_s3_bucket_producer_with_no_taskflow', 'dataset_s3_bucket_consumer_with_no_taskflow' retrieved from /home/airflow/.local/lib/python3.12/site-packages/airflow/example_dags/example_dataset_alias_with_no_taskflow.py
[2024-09-20T11:50:49.183+0000] {logging_mixin.py:190} INFO - [2024-09-20T11:50:49.183+0000] {dag.py:3229} INFO - Sync 4 DAGs
[2024-09-20T11:50:49.248+0000] {logging_mixin.py:190} INFO - [2024-09-20T11:50:49.247+0000] {dag.py:4156} INFO - Setting next_dagrun for dataset_alias_example_alias_consumer_with_no_taskflow to None, run_after=None
[2024-09-20T11:50:49.253+0000] {logging_mixin.py:190} INFO - [2024-09-20T11:50:49.253+0000] {dag.py:4156} INFO - Setting next_dagrun for dataset_alias_example_alias_producer_with_no_taskflow to None, run_after=None
[2024-09-20T11:50:49.256+0000] {logging_mixin.py:190} INFO - [2024-09-20T11:50:49.256+0000] {dag.py:4156} INFO - Setting next_dagrun for dataset_s3_bucket_consumer_with_no_taskflow to None, run_after=None
[2024-09-20T11:50:49.260+0000] {logging_mixin.py:190} INFO - [2024-09-20T11:50:49.259+0000] {dag.py:4156} INFO - Setting next_dagrun for dataset_s3_bucket_producer_with_no_taskflow to None, run_after=None
[2024-09-20T11:50:49.316+0000] {processor.py:208} INFO - Processing /home/airflow/.local/lib/python3.12/site-packages/airflow/example_dags/example_dataset_alias_with_no_taskflow.py took 0.810 seconds
[2024-09-20T11:51:20.387+0000] {processor.py:186} INFO - Started process (PID=1446) to work on /home/airflow/.local/lib/python3.12/site-packages/airflow/example_dags/example_dataset_alias_with_no_taskflow.py
[2024-09-20T11:51:20.389+0000] {processor.py:914} INFO - Processing file /home/airflow/.local/lib/python3.12/site-packages/airflow/example_dags/example_dataset_alias_with_no_taskflow.py for tasks to queue
[2024-09-20T11:51:20.392+0000] {logging_mixin.py:190} INFO - [2024-09-20T11:51:20.392+0000] {dagbag.py:587} INFO - Filling up the DagBag from /home/airflow/.local/lib/python3.12/site-packages/airflow/example_dags/example_dataset_alias_with_no_taskflow.py
[2024-09-20T11:51:20.619+0000] {processor.py:925} INFO - DAG(s) 'dataset_alias_example_alias_consumer_with_no_taskflow', 'dataset_alias_example_alias_producer_with_no_taskflow', 'dataset_s3_bucket_producer_with_no_taskflow', 'dataset_s3_bucket_consumer_with_no_taskflow' retrieved from /home/airflow/.local/lib/python3.12/site-packages/airflow/example_dags/example_dataset_alias_with_no_taskflow.py
[2024-09-20T11:51:20.659+0000] {logging_mixin.py:190} INFO - [2024-09-20T11:51:20.658+0000] {dag.py:3229} INFO - Sync 4 DAGs
[2024-09-20T11:51:20.933+0000] {logging_mixin.py:190} INFO - [2024-09-20T11:51:20.933+0000] {dag.py:4156} INFO - Setting next_dagrun for dataset_alias_example_alias_consumer_with_no_taskflow to None, run_after=None
[2024-09-20T11:51:20.938+0000] {logging_mixin.py:190} INFO - [2024-09-20T11:51:20.938+0000] {dag.py:4156} INFO - Setting next_dagrun for dataset_alias_example_alias_producer_with_no_taskflow to None, run_after=None
[2024-09-20T11:51:20.941+0000] {logging_mixin.py:190} INFO - [2024-09-20T11:51:20.941+0000] {dag.py:4156} INFO - Setting next_dagrun for dataset_s3_bucket_consumer_with_no_taskflow to None, run_after=None
[2024-09-20T11:51:20.944+0000] {logging_mixin.py:190} INFO - [2024-09-20T11:51:20.943+0000] {dag.py:4156} INFO - Setting next_dagrun for dataset_s3_bucket_producer_with_no_taskflow to None, run_after=None
[2024-09-20T11:51:20.977+0000] {processor.py:208} INFO - Processing /home/airflow/.local/lib/python3.12/site-packages/airflow/example_dags/example_dataset_alias_with_no_taskflow.py took 0.596 seconds
[2024-09-20T11:51:51.822+0000] {processor.py:186} INFO - Started process (PID=1510) to work on /home/airflow/.local/lib/python3.12/site-packages/airflow/example_dags/example_dataset_alias_with_no_taskflow.py
[2024-09-20T11:51:51.824+0000] {processor.py:914} INFO - Processing file /home/airflow/.local/lib/python3.12/site-packages/airflow/example_dags/example_dataset_alias_with_no_taskflow.py for tasks to queue
[2024-09-20T11:51:51.827+0000] {logging_mixin.py:190} INFO - [2024-09-20T11:51:51.827+0000] {dagbag.py:587} INFO - Filling up the DagBag from /home/airflow/.local/lib/python3.12/site-packages/airflow/example_dags/example_dataset_alias_with_no_taskflow.py
[2024-09-20T11:51:52.108+0000] {processor.py:925} INFO - DAG(s) 'dataset_s3_bucket_consumer_with_no_taskflow', 'dataset_alias_example_alias_producer_with_no_taskflow', 'dataset_alias_example_alias_consumer_with_no_taskflow', 'dataset_s3_bucket_producer_with_no_taskflow' retrieved from /home/airflow/.local/lib/python3.12/site-packages/airflow/example_dags/example_dataset_alias_with_no_taskflow.py
[2024-09-20T11:51:52.148+0000] {logging_mixin.py:190} INFO - [2024-09-20T11:51:52.148+0000] {dag.py:3229} INFO - Sync 4 DAGs
[2024-09-20T11:51:52.440+0000] {logging_mixin.py:190} INFO - [2024-09-20T11:51:52.440+0000] {dag.py:4156} INFO - Setting next_dagrun for dataset_alias_example_alias_consumer_with_no_taskflow to None, run_after=None
[2024-09-20T11:51:52.446+0000] {logging_mixin.py:190} INFO - [2024-09-20T11:51:52.445+0000] {dag.py:4156} INFO - Setting next_dagrun for dataset_alias_example_alias_producer_with_no_taskflow to None, run_after=None
[2024-09-20T11:51:52.448+0000] {logging_mixin.py:190} INFO - [2024-09-20T11:51:52.448+0000] {dag.py:4156} INFO - Setting next_dagrun for dataset_s3_bucket_consumer_with_no_taskflow to None, run_after=None
[2024-09-20T11:51:52.451+0000] {logging_mixin.py:190} INFO - [2024-09-20T11:51:52.450+0000] {dag.py:4156} INFO - Setting next_dagrun for dataset_s3_bucket_producer_with_no_taskflow to None, run_after=None
[2024-09-20T11:51:52.489+0000] {processor.py:208} INFO - Processing /home/airflow/.local/lib/python3.12/site-packages/airflow/example_dags/example_dataset_alias_with_no_taskflow.py took 0.675 seconds
[2024-09-20T11:52:23.141+0000] {processor.py:186} INFO - Started process (PID=1574) to work on /home/airflow/.local/lib/python3.12/site-packages/airflow/example_dags/example_dataset_alias_with_no_taskflow.py
[2024-09-20T11:52:23.143+0000] {processor.py:914} INFO - Processing file /home/airflow/.local/lib/python3.12/site-packages/airflow/example_dags/example_dataset_alias_with_no_taskflow.py for tasks to queue
[2024-09-20T11:52:23.147+0000] {logging_mixin.py:190} INFO - [2024-09-20T11:52:23.146+0000] {dagbag.py:587} INFO - Filling up the DagBag from /home/airflow/.local/lib/python3.12/site-packages/airflow/example_dags/example_dataset_alias_with_no_taskflow.py
[2024-09-20T11:52:23.395+0000] {processor.py:925} INFO - DAG(s) 'dataset_s3_bucket_consumer_with_no_taskflow', 'dataset_alias_example_alias_consumer_with_no_taskflow', 'dataset_alias_example_alias_producer_with_no_taskflow', 'dataset_s3_bucket_producer_with_no_taskflow' retrieved from /home/airflow/.local/lib/python3.12/site-packages/airflow/example_dags/example_dataset_alias_with_no_taskflow.py
[2024-09-20T11:52:23.435+0000] {logging_mixin.py:190} INFO - [2024-09-20T11:52:23.435+0000] {dag.py:3229} INFO - Sync 4 DAGs
[2024-09-20T11:52:23.696+0000] {logging_mixin.py:190} INFO - [2024-09-20T11:52:23.695+0000] {dag.py:4156} INFO - Setting next_dagrun for dataset_alias_example_alias_consumer_with_no_taskflow to None, run_after=None
[2024-09-20T11:52:23.702+0000] {logging_mixin.py:190} INFO - [2024-09-20T11:52:23.701+0000] {dag.py:4156} INFO - Setting next_dagrun for dataset_alias_example_alias_producer_with_no_taskflow to None, run_after=None
[2024-09-20T11:52:23.705+0000] {logging_mixin.py:190} INFO - [2024-09-20T11:52:23.705+0000] {dag.py:4156} INFO - Setting next_dagrun for dataset_s3_bucket_consumer_with_no_taskflow to None, run_after=None
[2024-09-20T11:52:23.708+0000] {logging_mixin.py:190} INFO - [2024-09-20T11:52:23.707+0000] {dag.py:4156} INFO - Setting next_dagrun for dataset_s3_bucket_producer_with_no_taskflow to None, run_after=None
[2024-09-20T11:52:23.745+0000] {processor.py:208} INFO - Processing /home/airflow/.local/lib/python3.12/site-packages/airflow/example_dags/example_dataset_alias_with_no_taskflow.py took 0.611 seconds
[2024-09-20T11:52:54.012+0000] {processor.py:186} INFO - Started process (PID=1637) to work on /home/airflow/.local/lib/python3.12/site-packages/airflow/example_dags/example_dataset_alias_with_no_taskflow.py
[2024-09-20T11:52:54.014+0000] {processor.py:914} INFO - Processing file /home/airflow/.local/lib/python3.12/site-packages/airflow/example_dags/example_dataset_alias_with_no_taskflow.py for tasks to queue
[2024-09-20T11:52:54.020+0000] {logging_mixin.py:190} INFO - [2024-09-20T11:52:54.019+0000] {dagbag.py:587} INFO - Filling up the DagBag from /home/airflow/.local/lib/python3.12/site-packages/airflow/example_dags/example_dataset_alias_with_no_taskflow.py
[2024-09-20T11:52:54.678+0000] {processor.py:925} INFO - DAG(s) 'dataset_s3_bucket_producer_with_no_taskflow', 'dataset_alias_example_alias_consumer_with_no_taskflow', 'dataset_alias_example_alias_producer_with_no_taskflow', 'dataset_s3_bucket_consumer_with_no_taskflow' retrieved from /home/airflow/.local/lib/python3.12/site-packages/airflow/example_dags/example_dataset_alias_with_no_taskflow.py
[2024-09-20T11:52:54.715+0000] {logging_mixin.py:190} INFO - [2024-09-20T11:52:54.714+0000] {dag.py:3229} INFO - Sync 4 DAGs
[2024-09-20T11:52:54.749+0000] {logging_mixin.py:190} INFO - [2024-09-20T11:52:54.749+0000] {dag.py:4156} INFO - Setting next_dagrun for dataset_alias_example_alias_consumer_with_no_taskflow to None, run_after=None
[2024-09-20T11:52:54.755+0000] {logging_mixin.py:190} INFO - [2024-09-20T11:52:54.754+0000] {dag.py:4156} INFO - Setting next_dagrun for dataset_alias_example_alias_producer_with_no_taskflow to None, run_after=None
[2024-09-20T11:52:54.757+0000] {logging_mixin.py:190} INFO - [2024-09-20T11:52:54.757+0000] {dag.py:4156} INFO - Setting next_dagrun for dataset_s3_bucket_consumer_with_no_taskflow to None, run_after=None
[2024-09-20T11:52:54.760+0000] {logging_mixin.py:190} INFO - [2024-09-20T11:52:54.760+0000] {dag.py:4156} INFO - Setting next_dagrun for dataset_s3_bucket_producer_with_no_taskflow to None, run_after=None
[2024-09-20T11:52:54.795+0000] {processor.py:208} INFO - Processing /home/airflow/.local/lib/python3.12/site-packages/airflow/example_dags/example_dataset_alias_with_no_taskflow.py took 0.796 seconds
[2024-09-20T11:53:57.946+0000] {processor.py:186} INFO - Started process (PID=1739) to work on /home/airflow/.local/lib/python3.12/site-packages/airflow/example_dags/example_dataset_alias_with_no_taskflow.py
[2024-09-20T11:53:57.948+0000] {processor.py:914} INFO - Processing file /home/airflow/.local/lib/python3.12/site-packages/airflow/example_dags/example_dataset_alias_with_no_taskflow.py for tasks to queue
[2024-09-20T11:53:57.950+0000] {logging_mixin.py:190} INFO - [2024-09-20T11:53:57.950+0000] {dagbag.py:587} INFO - Filling up the DagBag from /home/airflow/.local/lib/python3.12/site-packages/airflow/example_dags/example_dataset_alias_with_no_taskflow.py
[2024-09-20T11:53:58.376+0000] {processor.py:925} INFO - DAG(s) 'dataset_s3_bucket_producer_with_no_taskflow', 'dataset_s3_bucket_consumer_with_no_taskflow', 'dataset_alias_example_alias_producer_with_no_taskflow', 'dataset_alias_example_alias_consumer_with_no_taskflow' retrieved from /home/airflow/.local/lib/python3.12/site-packages/airflow/example_dags/example_dataset_alias_with_no_taskflow.py
[2024-09-20T11:53:58.408+0000] {logging_mixin.py:190} INFO - [2024-09-20T11:53:58.408+0000] {dag.py:3229} INFO - Sync 4 DAGs
[2024-09-20T11:53:58.432+0000] {logging_mixin.py:190} INFO - [2024-09-20T11:53:58.432+0000] {dag.py:4156} INFO - Setting next_dagrun for dataset_alias_example_alias_consumer_with_no_taskflow to None, run_after=None
[2024-09-20T11:53:58.436+0000] {logging_mixin.py:190} INFO - [2024-09-20T11:53:58.435+0000] {dag.py:4156} INFO - Setting next_dagrun for dataset_alias_example_alias_producer_with_no_taskflow to None, run_after=None
[2024-09-20T11:53:58.438+0000] {logging_mixin.py:190} INFO - [2024-09-20T11:53:58.438+0000] {dag.py:4156} INFO - Setting next_dagrun for dataset_s3_bucket_consumer_with_no_taskflow to None, run_after=None
[2024-09-20T11:53:58.442+0000] {logging_mixin.py:190} INFO - [2024-09-20T11:53:58.441+0000] {dag.py:4156} INFO - Setting next_dagrun for dataset_s3_bucket_producer_with_no_taskflow to None, run_after=None
[2024-09-20T11:53:58.474+0000] {processor.py:208} INFO - Processing /home/airflow/.local/lib/python3.12/site-packages/airflow/example_dags/example_dataset_alias_with_no_taskflow.py took 0.532 seconds
[2024-09-20T11:54:29.533+0000] {processor.py:186} INFO - Started process (PID=1802) to work on /home/airflow/.local/lib/python3.12/site-packages/airflow/example_dags/example_dataset_alias_with_no_taskflow.py
[2024-09-20T11:54:29.535+0000] {processor.py:914} INFO - Processing file /home/airflow/.local/lib/python3.12/site-packages/airflow/example_dags/example_dataset_alias_with_no_taskflow.py for tasks to queue
[2024-09-20T11:54:29.538+0000] {logging_mixin.py:190} INFO - [2024-09-20T11:54:29.537+0000] {dagbag.py:587} INFO - Filling up the DagBag from /home/airflow/.local/lib/python3.12/site-packages/airflow/example_dags/example_dataset_alias_with_no_taskflow.py
[2024-09-20T11:54:30.125+0000] {processor.py:925} INFO - DAG(s) 'dataset_s3_bucket_producer_with_no_taskflow', 'dataset_s3_bucket_consumer_with_no_taskflow', 'dataset_alias_example_alias_producer_with_no_taskflow', 'dataset_alias_example_alias_consumer_with_no_taskflow' retrieved from /home/airflow/.local/lib/python3.12/site-packages/airflow/example_dags/example_dataset_alias_with_no_taskflow.py
[2024-09-20T11:54:30.171+0000] {logging_mixin.py:190} INFO - [2024-09-20T11:54:30.171+0000] {dag.py:3229} INFO - Sync 4 DAGs
[2024-09-20T11:54:30.214+0000] {logging_mixin.py:190} INFO - [2024-09-20T11:54:30.214+0000] {dag.py:4156} INFO - Setting next_dagrun for dataset_alias_example_alias_consumer_with_no_taskflow to None, run_after=None
[2024-09-20T11:54:30.225+0000] {logging_mixin.py:190} INFO - [2024-09-20T11:54:30.224+0000] {dag.py:4156} INFO - Setting next_dagrun for dataset_alias_example_alias_producer_with_no_taskflow to None, run_after=None
[2024-09-20T11:54:30.228+0000] {logging_mixin.py:190} INFO - [2024-09-20T11:54:30.228+0000] {dag.py:4156} INFO - Setting next_dagrun for dataset_s3_bucket_consumer_with_no_taskflow to None, run_after=None
[2024-09-20T11:54:30.235+0000] {logging_mixin.py:190} INFO - [2024-09-20T11:54:30.232+0000] {dag.py:4156} INFO - Setting next_dagrun for dataset_s3_bucket_producer_with_no_taskflow to None, run_after=None
[2024-09-20T11:54:30.296+0000] {processor.py:208} INFO - Processing /home/airflow/.local/lib/python3.12/site-packages/airflow/example_dags/example_dataset_alias_with_no_taskflow.py took 0.771 seconds
[2024-09-20T11:55:00.852+0000] {processor.py:186} INFO - Started process (PID=1866) to work on /home/airflow/.local/lib/python3.12/site-packages/airflow/example_dags/example_dataset_alias_with_no_taskflow.py
[2024-09-20T11:55:00.854+0000] {processor.py:914} INFO - Processing file /home/airflow/.local/lib/python3.12/site-packages/airflow/example_dags/example_dataset_alias_with_no_taskflow.py for tasks to queue
[2024-09-20T11:55:00.858+0000] {logging_mixin.py:190} INFO - [2024-09-20T11:55:00.857+0000] {dagbag.py:587} INFO - Filling up the DagBag from /home/airflow/.local/lib/python3.12/site-packages/airflow/example_dags/example_dataset_alias_with_no_taskflow.py
[2024-09-20T11:55:01.423+0000] {processor.py:925} INFO - DAG(s) 'dataset_s3_bucket_producer_with_no_taskflow', 'dataset_alias_example_alias_consumer_with_no_taskflow', 'dataset_alias_example_alias_producer_with_no_taskflow', 'dataset_s3_bucket_consumer_with_no_taskflow' retrieved from /home/airflow/.local/lib/python3.12/site-packages/airflow/example_dags/example_dataset_alias_with_no_taskflow.py
[2024-09-20T11:55:01.510+0000] {logging_mixin.py:190} INFO - [2024-09-20T11:55:01.510+0000] {dag.py:3229} INFO - Sync 4 DAGs
[2024-09-20T11:55:01.550+0000] {logging_mixin.py:190} INFO - [2024-09-20T11:55:01.549+0000] {dag.py:4156} INFO - Setting next_dagrun for dataset_alias_example_alias_consumer_with_no_taskflow to None, run_after=None
[2024-09-20T11:55:01.555+0000] {logging_mixin.py:190} INFO - [2024-09-20T11:55:01.555+0000] {dag.py:4156} INFO - Setting next_dagrun for dataset_alias_example_alias_producer_with_no_taskflow to None, run_after=None
[2024-09-20T11:55:01.560+0000] {logging_mixin.py:190} INFO - [2024-09-20T11:55:01.559+0000] {dag.py:4156} INFO - Setting next_dagrun for dataset_s3_bucket_consumer_with_no_taskflow to None, run_after=None
[2024-09-20T11:55:01.563+0000] {logging_mixin.py:190} INFO - [2024-09-20T11:55:01.563+0000] {dag.py:4156} INFO - Setting next_dagrun for dataset_s3_bucket_producer_with_no_taskflow to None, run_after=None
[2024-09-20T11:55:01.609+0000] {processor.py:208} INFO - Processing /home/airflow/.local/lib/python3.12/site-packages/airflow/example_dags/example_dataset_alias_with_no_taskflow.py took 0.765 seconds
[2024-09-20T11:55:32.593+0000] {processor.py:186} INFO - Started process (PID=1931) to work on /home/airflow/.local/lib/python3.12/site-packages/airflow/example_dags/example_dataset_alias_with_no_taskflow.py
[2024-09-20T11:55:32.595+0000] {processor.py:914} INFO - Processing file /home/airflow/.local/lib/python3.12/site-packages/airflow/example_dags/example_dataset_alias_with_no_taskflow.py for tasks to queue
[2024-09-20T11:55:32.598+0000] {logging_mixin.py:190} INFO - [2024-09-20T11:55:32.598+0000] {dagbag.py:587} INFO - Filling up the DagBag from /home/airflow/.local/lib/python3.12/site-packages/airflow/example_dags/example_dataset_alias_with_no_taskflow.py
[2024-09-20T11:55:33.109+0000] {processor.py:925} INFO - DAG(s) 'dataset_alias_example_alias_consumer_with_no_taskflow', 'dataset_alias_example_alias_producer_with_no_taskflow', 'dataset_s3_bucket_consumer_with_no_taskflow', 'dataset_s3_bucket_producer_with_no_taskflow' retrieved from /home/airflow/.local/lib/python3.12/site-packages/airflow/example_dags/example_dataset_alias_with_no_taskflow.py
[2024-09-20T11:55:33.149+0000] {logging_mixin.py:190} INFO - [2024-09-20T11:55:33.148+0000] {dag.py:3229} INFO - Sync 4 DAGs
[2024-09-20T11:55:33.183+0000] {logging_mixin.py:190} INFO - [2024-09-20T11:55:33.182+0000] {dag.py:4156} INFO - Setting next_dagrun for dataset_alias_example_alias_consumer_with_no_taskflow to None, run_after=None
[2024-09-20T11:55:33.188+0000] {logging_mixin.py:190} INFO - [2024-09-20T11:55:33.188+0000] {dag.py:4156} INFO - Setting next_dagrun for dataset_alias_example_alias_producer_with_no_taskflow to None, run_after=None
[2024-09-20T11:55:33.192+0000] {logging_mixin.py:190} INFO - [2024-09-20T11:55:33.191+0000] {dag.py:4156} INFO - Setting next_dagrun for dataset_s3_bucket_consumer_with_no_taskflow to None, run_after=None
[2024-09-20T11:55:33.195+0000] {logging_mixin.py:190} INFO - [2024-09-20T11:55:33.194+0000] {dag.py:4156} INFO - Setting next_dagrun for dataset_s3_bucket_producer_with_no_taskflow to None, run_after=None
[2024-09-20T11:55:33.232+0000] {processor.py:208} INFO - Processing /home/airflow/.local/lib/python3.12/site-packages/airflow/example_dags/example_dataset_alias_with_no_taskflow.py took 0.647 seconds
[2024-09-20T11:56:04.707+0000] {processor.py:186} INFO - Started process (PID=1994) to work on /home/airflow/.local/lib/python3.12/site-packages/airflow/example_dags/example_dataset_alias_with_no_taskflow.py
[2024-09-20T11:56:04.709+0000] {processor.py:914} INFO - Processing file /home/airflow/.local/lib/python3.12/site-packages/airflow/example_dags/example_dataset_alias_with_no_taskflow.py for tasks to queue
[2024-09-20T11:56:04.715+0000] {logging_mixin.py:190} INFO - [2024-09-20T11:56:04.714+0000] {dagbag.py:587} INFO - Filling up the DagBag from /home/airflow/.local/lib/python3.12/site-packages/airflow/example_dags/example_dataset_alias_with_no_taskflow.py
[2024-09-20T11:56:05.231+0000] {processor.py:925} INFO - DAG(s) 'dataset_s3_bucket_consumer_with_no_taskflow', 'dataset_s3_bucket_producer_with_no_taskflow', 'dataset_alias_example_alias_consumer_with_no_taskflow', 'dataset_alias_example_alias_producer_with_no_taskflow' retrieved from /home/airflow/.local/lib/python3.12/site-packages/airflow/example_dags/example_dataset_alias_with_no_taskflow.py
[2024-09-20T11:56:05.265+0000] {logging_mixin.py:190} INFO - [2024-09-20T11:56:05.265+0000] {dag.py:3229} INFO - Sync 4 DAGs
[2024-09-20T11:56:05.295+0000] {logging_mixin.py:190} INFO - [2024-09-20T11:56:05.295+0000] {dag.py:4156} INFO - Setting next_dagrun for dataset_alias_example_alias_consumer_with_no_taskflow to None, run_after=None
[2024-09-20T11:56:05.301+0000] {logging_mixin.py:190} INFO - [2024-09-20T11:56:05.301+0000] {dag.py:4156} INFO - Setting next_dagrun for dataset_alias_example_alias_producer_with_no_taskflow to None, run_after=None
[2024-09-20T11:56:05.305+0000] {logging_mixin.py:190} INFO - [2024-09-20T11:56:05.304+0000] {dag.py:4156} INFO - Setting next_dagrun for dataset_s3_bucket_consumer_with_no_taskflow to None, run_after=None
[2024-09-20T11:56:05.308+0000] {logging_mixin.py:190} INFO - [2024-09-20T11:56:05.307+0000] {dag.py:4156} INFO - Setting next_dagrun for dataset_s3_bucket_producer_with_no_taskflow to None, run_after=None
[2024-09-20T11:56:05.341+0000] {processor.py:208} INFO - Processing /home/airflow/.local/lib/python3.12/site-packages/airflow/example_dags/example_dataset_alias_with_no_taskflow.py took 0.642 seconds
