[2024-09-20T11:40:33.494+0000] {processor.py:186} INFO - Started process (PID=83) to work on /home/airflow/.local/lib/python3.12/site-packages/airflow/example_dags/tutorial.py
[2024-09-20T11:40:33.495+0000] {processor.py:914} INFO - Processing file /home/airflow/.local/lib/python3.12/site-packages/airflow/example_dags/tutorial.py for tasks to queue
[2024-09-20T11:40:33.498+0000] {logging_mixin.py:190} INFO - [2024-09-20T11:40:33.498+0000] {dagbag.py:587} INFO - Filling up the DagBag from /home/airflow/.local/lib/python3.12/site-packages/airflow/example_dags/tutorial.py
[2024-09-20T11:40:33.509+0000] {processor.py:925} INFO - DAG(s) 'tutorial' retrieved from /home/airflow/.local/lib/python3.12/site-packages/airflow/example_dags/tutorial.py
[2024-09-20T11:40:33.539+0000] {logging_mixin.py:190} INFO - [2024-09-20T11:40:33.539+0000] {dag.py:3229} INFO - Sync 1 DAGs
[2024-09-20T11:40:33.572+0000] {logging_mixin.py:190} INFO - [2024-09-20T11:40:33.571+0000] {dag.py:4156} INFO - Setting next_dagrun for tutorial to 2024-09-19 00:00:00+00:00, run_after=2024-09-20 00:00:00+00:00
[2024-09-20T11:40:33.605+0000] {processor.py:208} INFO - Processing /home/airflow/.local/lib/python3.12/site-packages/airflow/example_dags/tutorial.py took 0.118 seconds
[2024-09-20T11:41:04.556+0000] {processor.py:186} INFO - Started process (PID=151) to work on /home/airflow/.local/lib/python3.12/site-packages/airflow/example_dags/tutorial.py
[2024-09-20T11:41:04.558+0000] {processor.py:914} INFO - Processing file /home/airflow/.local/lib/python3.12/site-packages/airflow/example_dags/tutorial.py for tasks to queue
[2024-09-20T11:41:04.562+0000] {logging_mixin.py:190} INFO - [2024-09-20T11:41:04.562+0000] {dagbag.py:587} INFO - Filling up the DagBag from /home/airflow/.local/lib/python3.12/site-packages/airflow/example_dags/tutorial.py
[2024-09-20T11:41:04.573+0000] {processor.py:925} INFO - DAG(s) 'tutorial' retrieved from /home/airflow/.local/lib/python3.12/site-packages/airflow/example_dags/tutorial.py
[2024-09-20T11:41:04.602+0000] {logging_mixin.py:190} INFO - [2024-09-20T11:41:04.602+0000] {dag.py:3229} INFO - Sync 1 DAGs
[2024-09-20T11:41:04.638+0000] {logging_mixin.py:190} INFO - [2024-09-20T11:41:04.638+0000] {dag.py:4156} INFO - Setting next_dagrun for tutorial to 2024-09-19 00:00:00+00:00, run_after=2024-09-20 00:00:00+00:00
[2024-09-20T11:41:04.668+0000] {processor.py:208} INFO - Processing /home/airflow/.local/lib/python3.12/site-packages/airflow/example_dags/tutorial.py took 0.120 seconds
[2024-09-20T11:41:36.330+0000] {processor.py:186} INFO - Started process (PID=215) to work on /home/airflow/.local/lib/python3.12/site-packages/airflow/example_dags/tutorial.py
[2024-09-20T11:41:36.336+0000] {processor.py:914} INFO - Processing file /home/airflow/.local/lib/python3.12/site-packages/airflow/example_dags/tutorial.py for tasks to queue
[2024-09-20T11:41:36.341+0000] {logging_mixin.py:190} INFO - [2024-09-20T11:41:36.340+0000] {dagbag.py:587} INFO - Filling up the DagBag from /home/airflow/.local/lib/python3.12/site-packages/airflow/example_dags/tutorial.py
[2024-09-20T11:41:36.354+0000] {processor.py:925} INFO - DAG(s) 'tutorial' retrieved from /home/airflow/.local/lib/python3.12/site-packages/airflow/example_dags/tutorial.py
[2024-09-20T11:41:36.393+0000] {logging_mixin.py:190} INFO - [2024-09-20T11:41:36.392+0000] {dag.py:3229} INFO - Sync 1 DAGs
[2024-09-20T11:41:36.439+0000] {logging_mixin.py:190} INFO - [2024-09-20T11:41:36.438+0000] {dag.py:4156} INFO - Setting next_dagrun for tutorial to 2024-09-19 00:00:00+00:00, run_after=2024-09-20 00:00:00+00:00
[2024-09-20T11:41:36.473+0000] {processor.py:208} INFO - Processing /home/airflow/.local/lib/python3.12/site-packages/airflow/example_dags/tutorial.py took 0.152 seconds
[2024-09-20T11:42:07.089+0000] {processor.py:186} INFO - Started process (PID=279) to work on /home/airflow/.local/lib/python3.12/site-packages/airflow/example_dags/tutorial.py
[2024-09-20T11:42:07.091+0000] {processor.py:914} INFO - Processing file /home/airflow/.local/lib/python3.12/site-packages/airflow/example_dags/tutorial.py for tasks to queue
[2024-09-20T11:42:07.095+0000] {logging_mixin.py:190} INFO - [2024-09-20T11:42:07.094+0000] {dagbag.py:587} INFO - Filling up the DagBag from /home/airflow/.local/lib/python3.12/site-packages/airflow/example_dags/tutorial.py
[2024-09-20T11:42:07.106+0000] {processor.py:925} INFO - DAG(s) 'tutorial' retrieved from /home/airflow/.local/lib/python3.12/site-packages/airflow/example_dags/tutorial.py
[2024-09-20T11:42:07.135+0000] {logging_mixin.py:190} INFO - [2024-09-20T11:42:07.134+0000] {dag.py:3229} INFO - Sync 1 DAGs
[2024-09-20T11:42:07.173+0000] {logging_mixin.py:190} INFO - [2024-09-20T11:42:07.173+0000] {dag.py:4156} INFO - Setting next_dagrun for tutorial to 2024-09-19 00:00:00+00:00, run_after=2024-09-20 00:00:00+00:00
[2024-09-20T11:42:07.212+0000] {processor.py:208} INFO - Processing /home/airflow/.local/lib/python3.12/site-packages/airflow/example_dags/tutorial.py took 0.130 seconds
[2024-09-20T11:42:37.756+0000] {processor.py:186} INFO - Started process (PID=347) to work on /home/airflow/.local/lib/python3.12/site-packages/airflow/example_dags/tutorial.py
[2024-09-20T11:42:37.758+0000] {processor.py:914} INFO - Processing file /home/airflow/.local/lib/python3.12/site-packages/airflow/example_dags/tutorial.py for tasks to queue
[2024-09-20T11:42:37.762+0000] {logging_mixin.py:190} INFO - [2024-09-20T11:42:37.761+0000] {dagbag.py:587} INFO - Filling up the DagBag from /home/airflow/.local/lib/python3.12/site-packages/airflow/example_dags/tutorial.py
[2024-09-20T11:42:37.775+0000] {processor.py:925} INFO - DAG(s) 'tutorial' retrieved from /home/airflow/.local/lib/python3.12/site-packages/airflow/example_dags/tutorial.py
[2024-09-20T11:42:37.822+0000] {logging_mixin.py:190} INFO - [2024-09-20T11:42:37.819+0000] {dag.py:3229} INFO - Sync 1 DAGs
[2024-09-20T11:42:37.868+0000] {logging_mixin.py:190} INFO - [2024-09-20T11:42:37.867+0000] {dag.py:4156} INFO - Setting next_dagrun for tutorial to 2024-09-19 00:00:00+00:00, run_after=2024-09-20 00:00:00+00:00
[2024-09-20T11:42:37.903+0000] {processor.py:208} INFO - Processing /home/airflow/.local/lib/python3.12/site-packages/airflow/example_dags/tutorial.py took 0.155 seconds
[2024-09-20T11:43:08.377+0000] {processor.py:186} INFO - Started process (PID=411) to work on /home/airflow/.local/lib/python3.12/site-packages/airflow/example_dags/tutorial.py
[2024-09-20T11:43:08.379+0000] {processor.py:914} INFO - Processing file /home/airflow/.local/lib/python3.12/site-packages/airflow/example_dags/tutorial.py for tasks to queue
[2024-09-20T11:43:08.383+0000] {logging_mixin.py:190} INFO - [2024-09-20T11:43:08.382+0000] {dagbag.py:587} INFO - Filling up the DagBag from /home/airflow/.local/lib/python3.12/site-packages/airflow/example_dags/tutorial.py
[2024-09-20T11:43:08.398+0000] {processor.py:925} INFO - DAG(s) 'tutorial' retrieved from /home/airflow/.local/lib/python3.12/site-packages/airflow/example_dags/tutorial.py
[2024-09-20T11:43:08.435+0000] {logging_mixin.py:190} INFO - [2024-09-20T11:43:08.434+0000] {dag.py:3229} INFO - Sync 1 DAGs
[2024-09-20T11:43:08.480+0000] {logging_mixin.py:190} INFO - [2024-09-20T11:43:08.480+0000] {dag.py:4156} INFO - Setting next_dagrun for tutorial to 2024-09-19 00:00:00+00:00, run_after=2024-09-20 00:00:00+00:00
[2024-09-20T11:43:08.519+0000] {processor.py:208} INFO - Processing /home/airflow/.local/lib/python3.12/site-packages/airflow/example_dags/tutorial.py took 0.151 seconds
[2024-09-20T11:43:39.192+0000] {processor.py:186} INFO - Started process (PID=475) to work on /home/airflow/.local/lib/python3.12/site-packages/airflow/example_dags/tutorial.py
[2024-09-20T11:43:39.193+0000] {processor.py:914} INFO - Processing file /home/airflow/.local/lib/python3.12/site-packages/airflow/example_dags/tutorial.py for tasks to queue
[2024-09-20T11:43:39.196+0000] {logging_mixin.py:190} INFO - [2024-09-20T11:43:39.195+0000] {dagbag.py:587} INFO - Filling up the DagBag from /home/airflow/.local/lib/python3.12/site-packages/airflow/example_dags/tutorial.py
[2024-09-20T11:43:39.205+0000] {processor.py:925} INFO - DAG(s) 'tutorial' retrieved from /home/airflow/.local/lib/python3.12/site-packages/airflow/example_dags/tutorial.py
[2024-09-20T11:43:39.231+0000] {logging_mixin.py:190} INFO - [2024-09-20T11:43:39.231+0000] {dag.py:3229} INFO - Sync 1 DAGs
[2024-09-20T11:43:39.264+0000] {logging_mixin.py:190} INFO - [2024-09-20T11:43:39.264+0000] {dag.py:4156} INFO - Setting next_dagrun for tutorial to 2024-09-19 00:00:00+00:00, run_after=2024-09-20 00:00:00+00:00
[2024-09-20T11:43:39.293+0000] {processor.py:208} INFO - Processing /home/airflow/.local/lib/python3.12/site-packages/airflow/example_dags/tutorial.py took 0.107 seconds
[2024-09-20T11:44:10.500+0000] {processor.py:186} INFO - Started process (PID=540) to work on /home/airflow/.local/lib/python3.12/site-packages/airflow/example_dags/tutorial.py
[2024-09-20T11:44:10.501+0000] {processor.py:914} INFO - Processing file /home/airflow/.local/lib/python3.12/site-packages/airflow/example_dags/tutorial.py for tasks to queue
[2024-09-20T11:44:10.505+0000] {logging_mixin.py:190} INFO - [2024-09-20T11:44:10.505+0000] {dagbag.py:587} INFO - Filling up the DagBag from /home/airflow/.local/lib/python3.12/site-packages/airflow/example_dags/tutorial.py
[2024-09-20T11:44:10.517+0000] {processor.py:925} INFO - DAG(s) 'tutorial' retrieved from /home/airflow/.local/lib/python3.12/site-packages/airflow/example_dags/tutorial.py
[2024-09-20T11:44:10.548+0000] {logging_mixin.py:190} INFO - [2024-09-20T11:44:10.547+0000] {dag.py:3229} INFO - Sync 1 DAGs
[2024-09-20T11:44:10.584+0000] {logging_mixin.py:190} INFO - [2024-09-20T11:44:10.584+0000] {dag.py:4156} INFO - Setting next_dagrun for tutorial to 2024-09-19 00:00:00+00:00, run_after=2024-09-20 00:00:00+00:00
[2024-09-20T11:44:10.618+0000] {processor.py:208} INFO - Processing /home/airflow/.local/lib/python3.12/site-packages/airflow/example_dags/tutorial.py took 0.125 seconds
[2024-09-20T11:44:41.359+0000] {processor.py:186} INFO - Started process (PID=604) to work on /home/airflow/.local/lib/python3.12/site-packages/airflow/example_dags/tutorial.py
[2024-09-20T11:44:41.360+0000] {processor.py:914} INFO - Processing file /home/airflow/.local/lib/python3.12/site-packages/airflow/example_dags/tutorial.py for tasks to queue
[2024-09-20T11:44:41.364+0000] {logging_mixin.py:190} INFO - [2024-09-20T11:44:41.363+0000] {dagbag.py:587} INFO - Filling up the DagBag from /home/airflow/.local/lib/python3.12/site-packages/airflow/example_dags/tutorial.py
[2024-09-20T11:44:41.375+0000] {processor.py:925} INFO - DAG(s) 'tutorial' retrieved from /home/airflow/.local/lib/python3.12/site-packages/airflow/example_dags/tutorial.py
[2024-09-20T11:44:41.410+0000] {logging_mixin.py:190} INFO - [2024-09-20T11:44:41.410+0000] {dag.py:3229} INFO - Sync 1 DAGs
[2024-09-20T11:44:41.448+0000] {logging_mixin.py:190} INFO - [2024-09-20T11:44:41.448+0000] {dag.py:4156} INFO - Setting next_dagrun for tutorial to 2024-09-19 00:00:00+00:00, run_after=2024-09-20 00:00:00+00:00
[2024-09-20T11:44:41.482+0000] {processor.py:208} INFO - Processing /home/airflow/.local/lib/python3.12/site-packages/airflow/example_dags/tutorial.py took 0.132 seconds
[2024-09-20T11:45:11.758+0000] {processor.py:186} INFO - Started process (PID=669) to work on /home/airflow/.local/lib/python3.12/site-packages/airflow/example_dags/tutorial.py
[2024-09-20T11:45:11.759+0000] {processor.py:914} INFO - Processing file /home/airflow/.local/lib/python3.12/site-packages/airflow/example_dags/tutorial.py for tasks to queue
[2024-09-20T11:45:11.763+0000] {logging_mixin.py:190} INFO - [2024-09-20T11:45:11.763+0000] {dagbag.py:587} INFO - Filling up the DagBag from /home/airflow/.local/lib/python3.12/site-packages/airflow/example_dags/tutorial.py
[2024-09-20T11:45:11.776+0000] {processor.py:925} INFO - DAG(s) 'tutorial' retrieved from /home/airflow/.local/lib/python3.12/site-packages/airflow/example_dags/tutorial.py
[2024-09-20T11:45:11.807+0000] {logging_mixin.py:190} INFO - [2024-09-20T11:45:11.807+0000] {dag.py:3229} INFO - Sync 1 DAGs
[2024-09-20T11:45:11.870+0000] {logging_mixin.py:190} INFO - [2024-09-20T11:45:11.870+0000] {dag.py:4156} INFO - Setting next_dagrun for tutorial to 2024-09-19 00:00:00+00:00, run_after=2024-09-20 00:00:00+00:00
[2024-09-20T11:45:11.911+0000] {processor.py:208} INFO - Processing /home/airflow/.local/lib/python3.12/site-packages/airflow/example_dags/tutorial.py took 0.161 seconds
[2024-09-20T11:45:42.522+0000] {processor.py:186} INFO - Started process (PID=738) to work on /home/airflow/.local/lib/python3.12/site-packages/airflow/example_dags/tutorial.py
[2024-09-20T11:45:42.524+0000] {processor.py:914} INFO - Processing file /home/airflow/.local/lib/python3.12/site-packages/airflow/example_dags/tutorial.py for tasks to queue
[2024-09-20T11:45:42.530+0000] {logging_mixin.py:190} INFO - [2024-09-20T11:45:42.527+0000] {dagbag.py:587} INFO - Filling up the DagBag from /home/airflow/.local/lib/python3.12/site-packages/airflow/example_dags/tutorial.py
[2024-09-20T11:45:42.542+0000] {processor.py:925} INFO - DAG(s) 'tutorial' retrieved from /home/airflow/.local/lib/python3.12/site-packages/airflow/example_dags/tutorial.py
[2024-09-20T11:45:42.571+0000] {logging_mixin.py:190} INFO - [2024-09-20T11:45:42.571+0000] {dag.py:3229} INFO - Sync 1 DAGs
[2024-09-20T11:45:42.606+0000] {logging_mixin.py:190} INFO - [2024-09-20T11:45:42.606+0000] {dag.py:4156} INFO - Setting next_dagrun for tutorial to 2024-09-19 00:00:00+00:00, run_after=2024-09-20 00:00:00+00:00
[2024-09-20T11:45:42.635+0000] {processor.py:208} INFO - Processing /home/airflow/.local/lib/python3.12/site-packages/airflow/example_dags/tutorial.py took 0.122 seconds
[2024-09-20T11:46:12.821+0000] {processor.py:186} INFO - Started process (PID=802) to work on /home/airflow/.local/lib/python3.12/site-packages/airflow/example_dags/tutorial.py
[2024-09-20T11:46:12.823+0000] {processor.py:914} INFO - Processing file /home/airflow/.local/lib/python3.12/site-packages/airflow/example_dags/tutorial.py for tasks to queue
[2024-09-20T11:46:12.827+0000] {logging_mixin.py:190} INFO - [2024-09-20T11:46:12.826+0000] {dagbag.py:587} INFO - Filling up the DagBag from /home/airflow/.local/lib/python3.12/site-packages/airflow/example_dags/tutorial.py
[2024-09-20T11:46:12.840+0000] {processor.py:925} INFO - DAG(s) 'tutorial' retrieved from /home/airflow/.local/lib/python3.12/site-packages/airflow/example_dags/tutorial.py
[2024-09-20T11:46:12.870+0000] {logging_mixin.py:190} INFO - [2024-09-20T11:46:12.870+0000] {dag.py:3229} INFO - Sync 1 DAGs
[2024-09-20T11:46:12.904+0000] {logging_mixin.py:190} INFO - [2024-09-20T11:46:12.904+0000] {dag.py:4156} INFO - Setting next_dagrun for tutorial to 2024-09-19 00:00:00+00:00, run_after=2024-09-20 00:00:00+00:00
[2024-09-20T11:46:12.934+0000] {processor.py:208} INFO - Processing /home/airflow/.local/lib/python3.12/site-packages/airflow/example_dags/tutorial.py took 0.121 seconds
[2024-09-20T11:46:43.707+0000] {processor.py:186} INFO - Started process (PID=866) to work on /home/airflow/.local/lib/python3.12/site-packages/airflow/example_dags/tutorial.py
[2024-09-20T11:46:43.709+0000] {processor.py:914} INFO - Processing file /home/airflow/.local/lib/python3.12/site-packages/airflow/example_dags/tutorial.py for tasks to queue
[2024-09-20T11:46:43.712+0000] {logging_mixin.py:190} INFO - [2024-09-20T11:46:43.712+0000] {dagbag.py:587} INFO - Filling up the DagBag from /home/airflow/.local/lib/python3.12/site-packages/airflow/example_dags/tutorial.py
[2024-09-20T11:46:43.724+0000] {processor.py:925} INFO - DAG(s) 'tutorial' retrieved from /home/airflow/.local/lib/python3.12/site-packages/airflow/example_dags/tutorial.py
[2024-09-20T11:46:43.758+0000] {logging_mixin.py:190} INFO - [2024-09-20T11:46:43.757+0000] {dag.py:3229} INFO - Sync 1 DAGs
[2024-09-20T11:46:43.797+0000] {logging_mixin.py:190} INFO - [2024-09-20T11:46:43.797+0000] {dag.py:4156} INFO - Setting next_dagrun for tutorial to 2024-09-19 00:00:00+00:00, run_after=2024-09-20 00:00:00+00:00
[2024-09-20T11:46:43.831+0000] {processor.py:208} INFO - Processing /home/airflow/.local/lib/python3.12/site-packages/airflow/example_dags/tutorial.py took 0.132 seconds
[2024-09-20T11:47:14.282+0000] {processor.py:186} INFO - Started process (PID=930) to work on /home/airflow/.local/lib/python3.12/site-packages/airflow/example_dags/tutorial.py
[2024-09-20T11:47:14.284+0000] {processor.py:914} INFO - Processing file /home/airflow/.local/lib/python3.12/site-packages/airflow/example_dags/tutorial.py for tasks to queue
[2024-09-20T11:47:14.288+0000] {logging_mixin.py:190} INFO - [2024-09-20T11:47:14.287+0000] {dagbag.py:587} INFO - Filling up the DagBag from /home/airflow/.local/lib/python3.12/site-packages/airflow/example_dags/tutorial.py
[2024-09-20T11:47:14.299+0000] {processor.py:925} INFO - DAG(s) 'tutorial' retrieved from /home/airflow/.local/lib/python3.12/site-packages/airflow/example_dags/tutorial.py
[2024-09-20T11:47:14.330+0000] {logging_mixin.py:190} INFO - [2024-09-20T11:47:14.329+0000] {dag.py:3229} INFO - Sync 1 DAGs
[2024-09-20T11:47:14.366+0000] {logging_mixin.py:190} INFO - [2024-09-20T11:47:14.365+0000] {dag.py:4156} INFO - Setting next_dagrun for tutorial to 2024-09-19 00:00:00+00:00, run_after=2024-09-20 00:00:00+00:00
[2024-09-20T11:47:14.401+0000] {processor.py:208} INFO - Processing /home/airflow/.local/lib/python3.12/site-packages/airflow/example_dags/tutorial.py took 0.126 seconds
[2024-09-20T11:47:44.891+0000] {processor.py:186} INFO - Started process (PID=994) to work on /home/airflow/.local/lib/python3.12/site-packages/airflow/example_dags/tutorial.py
[2024-09-20T11:47:44.893+0000] {processor.py:914} INFO - Processing file /home/airflow/.local/lib/python3.12/site-packages/airflow/example_dags/tutorial.py for tasks to queue
[2024-09-20T11:47:44.896+0000] {logging_mixin.py:190} INFO - [2024-09-20T11:47:44.896+0000] {dagbag.py:587} INFO - Filling up the DagBag from /home/airflow/.local/lib/python3.12/site-packages/airflow/example_dags/tutorial.py
[2024-09-20T11:47:44.912+0000] {processor.py:925} INFO - DAG(s) 'tutorial' retrieved from /home/airflow/.local/lib/python3.12/site-packages/airflow/example_dags/tutorial.py
[2024-09-20T11:47:44.958+0000] {logging_mixin.py:190} INFO - [2024-09-20T11:47:44.957+0000] {dag.py:3229} INFO - Sync 1 DAGs
[2024-09-20T11:47:45.002+0000] {logging_mixin.py:190} INFO - [2024-09-20T11:47:45.001+0000] {dag.py:4156} INFO - Setting next_dagrun for tutorial to 2024-09-19 00:00:00+00:00, run_after=2024-09-20 00:00:00+00:00
[2024-09-20T11:47:45.039+0000] {processor.py:208} INFO - Processing /home/airflow/.local/lib/python3.12/site-packages/airflow/example_dags/tutorial.py took 0.159 seconds
[2024-09-20T11:48:15.608+0000] {processor.py:186} INFO - Started process (PID=1058) to work on /home/airflow/.local/lib/python3.12/site-packages/airflow/example_dags/tutorial.py
[2024-09-20T11:48:15.609+0000] {processor.py:914} INFO - Processing file /home/airflow/.local/lib/python3.12/site-packages/airflow/example_dags/tutorial.py for tasks to queue
[2024-09-20T11:48:15.613+0000] {logging_mixin.py:190} INFO - [2024-09-20T11:48:15.612+0000] {dagbag.py:587} INFO - Filling up the DagBag from /home/airflow/.local/lib/python3.12/site-packages/airflow/example_dags/tutorial.py
[2024-09-20T11:48:15.624+0000] {processor.py:925} INFO - DAG(s) 'tutorial' retrieved from /home/airflow/.local/lib/python3.12/site-packages/airflow/example_dags/tutorial.py
[2024-09-20T11:48:15.658+0000] {logging_mixin.py:190} INFO - [2024-09-20T11:48:15.658+0000] {dag.py:3229} INFO - Sync 1 DAGs
[2024-09-20T11:48:15.694+0000] {logging_mixin.py:190} INFO - [2024-09-20T11:48:15.693+0000] {dag.py:4156} INFO - Setting next_dagrun for tutorial to 2024-09-19 00:00:00+00:00, run_after=2024-09-20 00:00:00+00:00
[2024-09-20T11:48:15.729+0000] {processor.py:208} INFO - Processing /home/airflow/.local/lib/python3.12/site-packages/airflow/example_dags/tutorial.py took 0.129 seconds
[2024-09-20T11:48:46.101+0000] {processor.py:186} INFO - Started process (PID=1122) to work on /home/airflow/.local/lib/python3.12/site-packages/airflow/example_dags/tutorial.py
[2024-09-20T11:48:46.102+0000] {processor.py:914} INFO - Processing file /home/airflow/.local/lib/python3.12/site-packages/airflow/example_dags/tutorial.py for tasks to queue
[2024-09-20T11:48:46.105+0000] {logging_mixin.py:190} INFO - [2024-09-20T11:48:46.105+0000] {dagbag.py:587} INFO - Filling up the DagBag from /home/airflow/.local/lib/python3.12/site-packages/airflow/example_dags/tutorial.py
[2024-09-20T11:48:46.117+0000] {processor.py:925} INFO - DAG(s) 'tutorial' retrieved from /home/airflow/.local/lib/python3.12/site-packages/airflow/example_dags/tutorial.py
[2024-09-20T11:48:46.146+0000] {logging_mixin.py:190} INFO - [2024-09-20T11:48:46.145+0000] {dag.py:3229} INFO - Sync 1 DAGs
[2024-09-20T11:48:46.182+0000] {logging_mixin.py:190} INFO - [2024-09-20T11:48:46.181+0000] {dag.py:4156} INFO - Setting next_dagrun for tutorial to 2024-09-19 00:00:00+00:00, run_after=2024-09-20 00:00:00+00:00
[2024-09-20T11:48:46.211+0000] {processor.py:208} INFO - Processing /home/airflow/.local/lib/python3.12/site-packages/airflow/example_dags/tutorial.py took 0.118 seconds
[2024-09-20T11:49:16.413+0000] {processor.py:186} INFO - Started process (PID=1186) to work on /home/airflow/.local/lib/python3.12/site-packages/airflow/example_dags/tutorial.py
[2024-09-20T11:49:16.414+0000] {processor.py:914} INFO - Processing file /home/airflow/.local/lib/python3.12/site-packages/airflow/example_dags/tutorial.py for tasks to queue
[2024-09-20T11:49:16.418+0000] {logging_mixin.py:190} INFO - [2024-09-20T11:49:16.418+0000] {dagbag.py:587} INFO - Filling up the DagBag from /home/airflow/.local/lib/python3.12/site-packages/airflow/example_dags/tutorial.py
[2024-09-20T11:49:16.431+0000] {processor.py:925} INFO - DAG(s) 'tutorial' retrieved from /home/airflow/.local/lib/python3.12/site-packages/airflow/example_dags/tutorial.py
[2024-09-20T11:49:16.464+0000] {logging_mixin.py:190} INFO - [2024-09-20T11:49:16.464+0000] {dag.py:3229} INFO - Sync 1 DAGs
[2024-09-20T11:49:16.503+0000] {logging_mixin.py:190} INFO - [2024-09-20T11:49:16.503+0000] {dag.py:4156} INFO - Setting next_dagrun for tutorial to 2024-09-19 00:00:00+00:00, run_after=2024-09-20 00:00:00+00:00
[2024-09-20T11:49:16.535+0000] {processor.py:208} INFO - Processing /home/airflow/.local/lib/python3.12/site-packages/airflow/example_dags/tutorial.py took 0.130 seconds
[2024-09-20T11:49:46.945+0000] {processor.py:186} INFO - Started process (PID=1250) to work on /home/airflow/.local/lib/python3.12/site-packages/airflow/example_dags/tutorial.py
[2024-09-20T11:49:46.946+0000] {processor.py:914} INFO - Processing file /home/airflow/.local/lib/python3.12/site-packages/airflow/example_dags/tutorial.py for tasks to queue
[2024-09-20T11:49:46.950+0000] {logging_mixin.py:190} INFO - [2024-09-20T11:49:46.949+0000] {dagbag.py:587} INFO - Filling up the DagBag from /home/airflow/.local/lib/python3.12/site-packages/airflow/example_dags/tutorial.py
[2024-09-20T11:49:46.962+0000] {processor.py:925} INFO - DAG(s) 'tutorial' retrieved from /home/airflow/.local/lib/python3.12/site-packages/airflow/example_dags/tutorial.py
[2024-09-20T11:49:46.990+0000] {logging_mixin.py:190} INFO - [2024-09-20T11:49:46.990+0000] {dag.py:3229} INFO - Sync 1 DAGs
[2024-09-20T11:49:47.027+0000] {logging_mixin.py:190} INFO - [2024-09-20T11:49:47.026+0000] {dag.py:4156} INFO - Setting next_dagrun for tutorial to 2024-09-19 00:00:00+00:00, run_after=2024-09-20 00:00:00+00:00
[2024-09-20T11:49:47.058+0000] {processor.py:208} INFO - Processing /home/airflow/.local/lib/python3.12/site-packages/airflow/example_dags/tutorial.py took 0.121 seconds
[2024-09-20T11:50:18.040+0000] {processor.py:186} INFO - Started process (PID=1318) to work on /home/airflow/.local/lib/python3.12/site-packages/airflow/example_dags/tutorial.py
[2024-09-20T11:50:18.042+0000] {processor.py:914} INFO - Processing file /home/airflow/.local/lib/python3.12/site-packages/airflow/example_dags/tutorial.py for tasks to queue
[2024-09-20T11:50:18.046+0000] {logging_mixin.py:190} INFO - [2024-09-20T11:50:18.045+0000] {dagbag.py:587} INFO - Filling up the DagBag from /home/airflow/.local/lib/python3.12/site-packages/airflow/example_dags/tutorial.py
[2024-09-20T11:50:18.065+0000] {processor.py:925} INFO - DAG(s) 'tutorial' retrieved from /home/airflow/.local/lib/python3.12/site-packages/airflow/example_dags/tutorial.py
[2024-09-20T11:50:18.147+0000] {logging_mixin.py:190} INFO - [2024-09-20T11:50:18.147+0000] {dag.py:3229} INFO - Sync 1 DAGs
[2024-09-20T11:50:18.177+0000] {logging_mixin.py:190} INFO - [2024-09-20T11:50:18.177+0000] {dag.py:4156} INFO - Setting next_dagrun for tutorial to 2024-09-19 00:00:00+00:00, run_after=2024-09-20 00:00:00+00:00
[2024-09-20T11:50:18.200+0000] {processor.py:208} INFO - Processing /home/airflow/.local/lib/python3.12/site-packages/airflow/example_dags/tutorial.py took 0.167 seconds
[2024-09-20T11:50:48.516+0000] {processor.py:186} INFO - Started process (PID=1381) to work on /home/airflow/.local/lib/python3.12/site-packages/airflow/example_dags/tutorial.py
[2024-09-20T11:50:48.518+0000] {processor.py:914} INFO - Processing file /home/airflow/.local/lib/python3.12/site-packages/airflow/example_dags/tutorial.py for tasks to queue
[2024-09-20T11:50:48.521+0000] {logging_mixin.py:190} INFO - [2024-09-20T11:50:48.521+0000] {dagbag.py:587} INFO - Filling up the DagBag from /home/airflow/.local/lib/python3.12/site-packages/airflow/example_dags/tutorial.py
[2024-09-20T11:50:48.534+0000] {processor.py:925} INFO - DAG(s) 'tutorial' retrieved from /home/airflow/.local/lib/python3.12/site-packages/airflow/example_dags/tutorial.py
[2024-09-20T11:50:48.567+0000] {logging_mixin.py:190} INFO - [2024-09-20T11:50:48.567+0000] {dag.py:3229} INFO - Sync 1 DAGs
[2024-09-20T11:50:48.612+0000] {logging_mixin.py:190} INFO - [2024-09-20T11:50:48.612+0000] {dag.py:4156} INFO - Setting next_dagrun for tutorial to 2024-09-19 00:00:00+00:00, run_after=2024-09-20 00:00:00+00:00
[2024-09-20T11:50:48.648+0000] {processor.py:208} INFO - Processing /home/airflow/.local/lib/python3.12/site-packages/airflow/example_dags/tutorial.py took 0.141 seconds
[2024-09-20T11:51:19.189+0000] {processor.py:186} INFO - Started process (PID=1444) to work on /home/airflow/.local/lib/python3.12/site-packages/airflow/example_dags/tutorial.py
[2024-09-20T11:51:19.190+0000] {processor.py:914} INFO - Processing file /home/airflow/.local/lib/python3.12/site-packages/airflow/example_dags/tutorial.py for tasks to queue
[2024-09-20T11:51:19.195+0000] {logging_mixin.py:190} INFO - [2024-09-20T11:51:19.194+0000] {dagbag.py:587} INFO - Filling up the DagBag from /home/airflow/.local/lib/python3.12/site-packages/airflow/example_dags/tutorial.py
[2024-09-20T11:51:19.207+0000] {processor.py:925} INFO - DAG(s) 'tutorial' retrieved from /home/airflow/.local/lib/python3.12/site-packages/airflow/example_dags/tutorial.py
[2024-09-20T11:51:19.244+0000] {logging_mixin.py:190} INFO - [2024-09-20T11:51:19.244+0000] {dag.py:3229} INFO - Sync 1 DAGs
[2024-09-20T11:51:19.286+0000] {logging_mixin.py:190} INFO - [2024-09-20T11:51:19.286+0000] {dag.py:4156} INFO - Setting next_dagrun for tutorial to 2024-09-19 00:00:00+00:00, run_after=2024-09-20 00:00:00+00:00
[2024-09-20T11:51:19.319+0000] {processor.py:208} INFO - Processing /home/airflow/.local/lib/python3.12/site-packages/airflow/example_dags/tutorial.py took 0.137 seconds
[2024-09-20T11:51:49.609+0000] {processor.py:186} INFO - Started process (PID=1508) to work on /home/airflow/.local/lib/python3.12/site-packages/airflow/example_dags/tutorial.py
[2024-09-20T11:51:49.611+0000] {processor.py:914} INFO - Processing file /home/airflow/.local/lib/python3.12/site-packages/airflow/example_dags/tutorial.py for tasks to queue
[2024-09-20T11:51:49.615+0000] {logging_mixin.py:190} INFO - [2024-09-20T11:51:49.614+0000] {dagbag.py:587} INFO - Filling up the DagBag from /home/airflow/.local/lib/python3.12/site-packages/airflow/example_dags/tutorial.py
[2024-09-20T11:51:49.626+0000] {processor.py:925} INFO - DAG(s) 'tutorial' retrieved from /home/airflow/.local/lib/python3.12/site-packages/airflow/example_dags/tutorial.py
[2024-09-20T11:51:49.657+0000] {logging_mixin.py:190} INFO - [2024-09-20T11:51:49.657+0000] {dag.py:3229} INFO - Sync 1 DAGs
[2024-09-20T11:51:49.692+0000] {logging_mixin.py:190} INFO - [2024-09-20T11:51:49.692+0000] {dag.py:4156} INFO - Setting next_dagrun for tutorial to 2024-09-19 00:00:00+00:00, run_after=2024-09-20 00:00:00+00:00
[2024-09-20T11:51:49.725+0000] {processor.py:208} INFO - Processing /home/airflow/.local/lib/python3.12/site-packages/airflow/example_dags/tutorial.py took 0.124 seconds
[2024-09-20T11:52:20.915+0000] {processor.py:186} INFO - Started process (PID=1572) to work on /home/airflow/.local/lib/python3.12/site-packages/airflow/example_dags/tutorial.py
[2024-09-20T11:52:20.917+0000] {processor.py:914} INFO - Processing file /home/airflow/.local/lib/python3.12/site-packages/airflow/example_dags/tutorial.py for tasks to queue
[2024-09-20T11:52:20.922+0000] {logging_mixin.py:190} INFO - [2024-09-20T11:52:20.922+0000] {dagbag.py:587} INFO - Filling up the DagBag from /home/airflow/.local/lib/python3.12/site-packages/airflow/example_dags/tutorial.py
[2024-09-20T11:52:20.935+0000] {processor.py:925} INFO - DAG(s) 'tutorial' retrieved from /home/airflow/.local/lib/python3.12/site-packages/airflow/example_dags/tutorial.py
[2024-09-20T11:52:20.974+0000] {logging_mixin.py:190} INFO - [2024-09-20T11:52:20.974+0000] {dag.py:3229} INFO - Sync 1 DAGs
[2024-09-20T11:52:21.018+0000] {logging_mixin.py:190} INFO - [2024-09-20T11:52:21.017+0000] {dag.py:4156} INFO - Setting next_dagrun for tutorial to 2024-09-19 00:00:00+00:00, run_after=2024-09-20 00:00:00+00:00
[2024-09-20T11:52:21.052+0000] {processor.py:208} INFO - Processing /home/airflow/.local/lib/python3.12/site-packages/airflow/example_dags/tutorial.py took 0.145 seconds
[2024-09-20T11:52:51.935+0000] {processor.py:186} INFO - Started process (PID=1635) to work on /home/airflow/.local/lib/python3.12/site-packages/airflow/example_dags/tutorial.py
[2024-09-20T11:52:51.936+0000] {processor.py:914} INFO - Processing file /home/airflow/.local/lib/python3.12/site-packages/airflow/example_dags/tutorial.py for tasks to queue
[2024-09-20T11:52:51.940+0000] {logging_mixin.py:190} INFO - [2024-09-20T11:52:51.939+0000] {dagbag.py:587} INFO - Filling up the DagBag from /home/airflow/.local/lib/python3.12/site-packages/airflow/example_dags/tutorial.py
[2024-09-20T11:52:51.949+0000] {processor.py:925} INFO - DAG(s) 'tutorial' retrieved from /home/airflow/.local/lib/python3.12/site-packages/airflow/example_dags/tutorial.py
[2024-09-20T11:52:51.974+0000] {logging_mixin.py:190} INFO - [2024-09-20T11:52:51.974+0000] {dag.py:3229} INFO - Sync 1 DAGs
[2024-09-20T11:52:52.009+0000] {logging_mixin.py:190} INFO - [2024-09-20T11:52:52.009+0000] {dag.py:4156} INFO - Setting next_dagrun for tutorial to 2024-09-19 00:00:00+00:00, run_after=2024-09-20 00:00:00+00:00
[2024-09-20T11:52:52.035+0000] {processor.py:208} INFO - Processing /home/airflow/.local/lib/python3.12/site-packages/airflow/example_dags/tutorial.py took 0.108 seconds
[2024-09-20T11:53:59.117+0000] {processor.py:186} INFO - Started process (PID=1747) to work on /home/airflow/.local/lib/python3.12/site-packages/airflow/example_dags/tutorial.py
[2024-09-20T11:53:59.118+0000] {processor.py:914} INFO - Processing file /home/airflow/.local/lib/python3.12/site-packages/airflow/example_dags/tutorial.py for tasks to queue
[2024-09-20T11:53:59.121+0000] {logging_mixin.py:190} INFO - [2024-09-20T11:53:59.120+0000] {dagbag.py:587} INFO - Filling up the DagBag from /home/airflow/.local/lib/python3.12/site-packages/airflow/example_dags/tutorial.py
[2024-09-20T11:53:59.130+0000] {processor.py:925} INFO - DAG(s) 'tutorial' retrieved from /home/airflow/.local/lib/python3.12/site-packages/airflow/example_dags/tutorial.py
[2024-09-20T11:53:59.154+0000] {logging_mixin.py:190} INFO - [2024-09-20T11:53:59.153+0000] {dag.py:3229} INFO - Sync 1 DAGs
[2024-09-20T11:53:59.197+0000] {logging_mixin.py:190} INFO - [2024-09-20T11:53:59.196+0000] {dag.py:4156} INFO - Setting next_dagrun for tutorial to 2024-09-19 00:00:00+00:00, run_after=2024-09-20 00:00:00+00:00
[2024-09-20T11:53:59.243+0000] {processor.py:208} INFO - Processing /home/airflow/.local/lib/python3.12/site-packages/airflow/example_dags/tutorial.py took 0.132 seconds
[2024-09-20T11:54:30.619+0000] {processor.py:186} INFO - Started process (PID=1810) to work on /home/airflow/.local/lib/python3.12/site-packages/airflow/example_dags/tutorial.py
[2024-09-20T11:54:30.621+0000] {processor.py:914} INFO - Processing file /home/airflow/.local/lib/python3.12/site-packages/airflow/example_dags/tutorial.py for tasks to queue
[2024-09-20T11:54:30.625+0000] {logging_mixin.py:190} INFO - [2024-09-20T11:54:30.625+0000] {dagbag.py:587} INFO - Filling up the DagBag from /home/airflow/.local/lib/python3.12/site-packages/airflow/example_dags/tutorial.py
[2024-09-20T11:54:30.638+0000] {processor.py:925} INFO - DAG(s) 'tutorial' retrieved from /home/airflow/.local/lib/python3.12/site-packages/airflow/example_dags/tutorial.py
[2024-09-20T11:54:30.680+0000] {logging_mixin.py:190} INFO - [2024-09-20T11:54:30.678+0000] {dag.py:3229} INFO - Sync 1 DAGs
[2024-09-20T11:54:30.725+0000] {logging_mixin.py:190} INFO - [2024-09-20T11:54:30.724+0000] {dag.py:4156} INFO - Setting next_dagrun for tutorial to 2024-09-19 00:00:00+00:00, run_after=2024-09-20 00:00:00+00:00
[2024-09-20T11:54:30.762+0000] {processor.py:208} INFO - Processing /home/airflow/.local/lib/python3.12/site-packages/airflow/example_dags/tutorial.py took 0.152 seconds
[2024-09-20T11:55:01.942+0000] {processor.py:186} INFO - Started process (PID=1873) to work on /home/airflow/.local/lib/python3.12/site-packages/airflow/example_dags/tutorial.py
[2024-09-20T11:55:01.944+0000] {processor.py:914} INFO - Processing file /home/airflow/.local/lib/python3.12/site-packages/airflow/example_dags/tutorial.py for tasks to queue
[2024-09-20T11:55:01.948+0000] {logging_mixin.py:190} INFO - [2024-09-20T11:55:01.947+0000] {dagbag.py:587} INFO - Filling up the DagBag from /home/airflow/.local/lib/python3.12/site-packages/airflow/example_dags/tutorial.py
[2024-09-20T11:55:01.960+0000] {processor.py:925} INFO - DAG(s) 'tutorial' retrieved from /home/airflow/.local/lib/python3.12/site-packages/airflow/example_dags/tutorial.py
[2024-09-20T11:55:01.993+0000] {logging_mixin.py:190} INFO - [2024-09-20T11:55:01.993+0000] {dag.py:3229} INFO - Sync 1 DAGs
[2024-09-20T11:55:02.043+0000] {logging_mixin.py:190} INFO - [2024-09-20T11:55:02.043+0000] {dag.py:4156} INFO - Setting next_dagrun for tutorial to 2024-09-19 00:00:00+00:00, run_after=2024-09-20 00:00:00+00:00
[2024-09-20T11:55:02.089+0000] {processor.py:208} INFO - Processing /home/airflow/.local/lib/python3.12/site-packages/airflow/example_dags/tutorial.py took 0.155 seconds
[2024-09-20T11:55:33.367+0000] {processor.py:186} INFO - Started process (PID=1937) to work on /home/airflow/.local/lib/python3.12/site-packages/airflow/example_dags/tutorial.py
[2024-09-20T11:55:33.368+0000] {processor.py:914} INFO - Processing file /home/airflow/.local/lib/python3.12/site-packages/airflow/example_dags/tutorial.py for tasks to queue
[2024-09-20T11:55:33.373+0000] {logging_mixin.py:190} INFO - [2024-09-20T11:55:33.372+0000] {dagbag.py:587} INFO - Filling up the DagBag from /home/airflow/.local/lib/python3.12/site-packages/airflow/example_dags/tutorial.py
[2024-09-20T11:55:33.384+0000] {processor.py:925} INFO - DAG(s) 'tutorial' retrieved from /home/airflow/.local/lib/python3.12/site-packages/airflow/example_dags/tutorial.py
[2024-09-20T11:55:33.413+0000] {logging_mixin.py:190} INFO - [2024-09-20T11:55:33.413+0000] {dag.py:3229} INFO - Sync 1 DAGs
[2024-09-20T11:55:33.445+0000] {logging_mixin.py:190} INFO - [2024-09-20T11:55:33.445+0000] {dag.py:4156} INFO - Setting next_dagrun for tutorial to 2024-09-19 00:00:00+00:00, run_after=2024-09-20 00:00:00+00:00
[2024-09-20T11:55:33.474+0000] {processor.py:208} INFO - Processing /home/airflow/.local/lib/python3.12/site-packages/airflow/example_dags/tutorial.py took 0.115 seconds
[2024-09-20T11:56:05.624+0000] {processor.py:186} INFO - Started process (PID=2002) to work on /home/airflow/.local/lib/python3.12/site-packages/airflow/example_dags/tutorial.py
[2024-09-20T11:56:05.626+0000] {processor.py:914} INFO - Processing file /home/airflow/.local/lib/python3.12/site-packages/airflow/example_dags/tutorial.py for tasks to queue
[2024-09-20T11:56:05.629+0000] {logging_mixin.py:190} INFO - [2024-09-20T11:56:05.628+0000] {dagbag.py:587} INFO - Filling up the DagBag from /home/airflow/.local/lib/python3.12/site-packages/airflow/example_dags/tutorial.py
[2024-09-20T11:56:05.640+0000] {processor.py:925} INFO - DAG(s) 'tutorial' retrieved from /home/airflow/.local/lib/python3.12/site-packages/airflow/example_dags/tutorial.py
[2024-09-20T11:56:05.666+0000] {logging_mixin.py:190} INFO - [2024-09-20T11:56:05.665+0000] {dag.py:3229} INFO - Sync 1 DAGs
[2024-09-20T11:56:05.697+0000] {logging_mixin.py:190} INFO - [2024-09-20T11:56:05.697+0000] {dag.py:4156} INFO - Setting next_dagrun for tutorial to 2024-09-19 00:00:00+00:00, run_after=2024-09-20 00:00:00+00:00
[2024-09-20T11:56:05.730+0000] {processor.py:208} INFO - Processing /home/airflow/.local/lib/python3.12/site-packages/airflow/example_dags/tutorial.py took 0.113 seconds
